FACE = 0

Surf:             0             1             2             3             4             5

Minimal energy (kcal/mol):
         0.00107303    0.00102283   0.000909878   0.000746728   0.000363951  -0.000514552

Temperature (K) - Flux(10^11 cm^3/sec)
   10      314(< 1)      228(< 1)      190(< 1)      161(< 1)      137(< 1)      121(< 1)
   20      457(< 1)      331(< 1)      276(< 1)      232(< 1)      196(< 1)      172(< 1)
 30.5      571(< 1)      413(< 1)      344(< 1)      289(< 1)      244(< 1)      213(< 1)
41.53      669(< 1)      484(< 1)      403(< 1)      339(< 1)      285(< 1)      248(< 1)
 53.1      759(< 1)      549(< 1)      457(< 1)      384(< 1)      323(< 1)      281(< 1)
65.26      843(< 1)      610(< 1)      507(< 1)      426(< 1)      358(< 1)      311(< 1)
78.02      924(< 1)      668(< 1)      555(< 1)      467(< 1)      392(< 1)      340(< 1)
91.42    1e+03(< 1)      724(< 1)      602(< 1)      505(< 1)      424(< 1)      369(< 1)
105.5 1.08e+03(< 1)      778(< 1)      647(< 1)      543(< 1)      456(< 1)      396(< 1)
120.3 1.15e+03(< 1)      831(< 1)      691(< 1)      580(< 1)      487(< 1)      423(< 1)
135.8 1.22e+03(< 1)      883(< 1)      735(< 1)      617(< 1)      518(< 1)      449(< 1)
152.1 1.29e+03(< 1)      935(< 1)      778(< 1)      653(< 1)      548(< 1)      475(< 1)
169.2 1.37e+03(< 1)      987(< 1)      821(< 1)      689(< 1)      578(< 1)      501(< 1)
187.1 1.44e+03(< 1) 1.04e+03(< 1)      863(< 1)      725(< 1)      608(< 1)      527(< 1)
  206 1.51e+03(< 1) 1.09e+03(< 1)      906(< 1)      761(< 1)      638(< 1)      553(< 1)
225.8 1.58e+03(< 1) 1.14e+03(< 1)      949(< 1)      797(< 1)      668(< 1)      579(< 1)
246.6 1.65e+03(< 1) 1.19e+03(< 1)      992(< 1)      833(< 1)      698(< 1)      605(< 1)
268.4 1.72e+03(< 1) 1.24e+03(< 1) 1.03e+03(< 1)      869(< 1)      729(< 1)      632(< 1)
291.3 1.79e+03(< 1)  1.3e+03(< 1) 1.08e+03(< 1)      905(< 1)      759(< 1)      658(< 1)
315.4 1.87e+03(< 1) 1.35e+03(< 1) 1.12e+03(< 1)      942(< 1)      790(< 1)      685(< 1)
340.7 1.94e+03(< 1)  1.4e+03(< 1) 1.17e+03(< 1)      979(< 1)      821(< 1)      712(< 1)
367.2 2.02e+03(< 1) 1.46e+03(< 1) 1.21e+03(< 1) 1.02e+03(< 1)      852(< 1)      739(< 1)
395.1 2.09e+03(< 1) 1.51e+03(< 1) 1.26e+03(< 1) 1.05e+03(< 1)      884(< 1)      766(< 1)
424.3 2.17e+03(< 1) 1.57e+03(< 1)  1.3e+03(< 1) 1.09e+03(< 1)      916(< 1)      794(< 1)
  455 2.24e+03(< 1) 1.62e+03(< 1) 1.35e+03(< 1) 1.13e+03(< 1)      949(< 1)      823(< 1)
487.3 2.32e+03(< 1) 1.68e+03(< 1)  1.4e+03(< 1) 1.17e+03(< 1)      982(< 1)      851(< 1)
521.1  2.4e+03(< 1) 1.74e+03(< 1) 1.44e+03(< 1) 1.21e+03(< 1) 1.02e+03(< 1)      880(< 1)
556.7 2.48e+03(< 1) 1.79e+03(< 1) 1.49e+03(< 1) 1.25e+03(< 1) 1.05e+03(< 1)      910(< 1)
  594 2.57e+03(< 1) 1.85e+03(< 1) 1.54e+03(< 1) 1.29e+03(< 1) 1.08e+03(< 1)      940(< 1)
633.2 2.65e+03(< 1) 1.91e+03(< 1) 1.59e+03(< 1) 1.34e+03(< 1) 1.12e+03(< 1)      970(< 1)
674.4 2.73e+03(< 1) 1.98e+03(< 1) 1.64e+03(< 1) 1.38e+03(< 1) 1.16e+03(< 1)    1e+03(< 1)
717.6 2.82e+03(< 1) 2.04e+03(< 1) 1.69e+03(< 1) 1.42e+03(< 1) 1.19e+03(< 1) 1.03e+03(< 1)
  763 2.91e+03(< 1)  2.1e+03(< 1) 1.75e+03(< 1) 1.47e+03(< 1) 1.23e+03(< 1) 1.07e+03(< 1)
810.6    3e+03(< 1) 2.17e+03(< 1)  1.8e+03(< 1) 1.51e+03(< 1) 1.27e+03(< 1)  1.1e+03(< 1)
860.7 3.09e+03(< 1) 2.23e+03(< 1) 1.86e+03(< 1) 1.56e+03(< 1) 1.31e+03(< 1) 1.13e+03(< 1)
913.2 3.18e+03(< 1)  2.3e+03(< 1) 1.91e+03(< 1)  1.6e+03(< 1) 1.34e+03(< 1) 1.17e+03(< 1)
968.4 3.28e+03(< 1) 2.37e+03(< 1) 1.97e+03(< 1) 1.65e+03(< 1) 1.38e+03(< 1)  1.2e+03(< 1)
 1026 3.37e+03(< 1) 2.44e+03(< 1) 2.03e+03(< 1)  1.7e+03(< 1) 1.43e+03(< 1) 1.24e+03(< 1)
 1087 3.47e+03(< 1) 2.51e+03(< 1) 2.09e+03(< 1) 1.75e+03(< 1) 1.47e+03(< 1) 1.27e+03(< 1)
 1151 3.57e+03(< 1) 2.58e+03(< 1) 2.15e+03(< 1)  1.8e+03(< 1) 1.51e+03(< 1) 1.31e+03(< 1)
 1218 3.68e+03(< 1) 2.66e+03(< 1) 2.21e+03(< 1) 1.85e+03(< 1) 1.55e+03(< 1) 1.35e+03(< 1)
 1288 3.78e+03(< 1) 2.73e+03(< 1) 2.27e+03(< 1) 1.91e+03(< 1)  1.6e+03(< 1) 1.38e+03(< 1)
 1362 3.89e+03(< 1) 2.81e+03(< 1) 2.34e+03(< 1) 1.96e+03(< 1) 1.64e+03(< 1) 1.42e+03(< 1)
 1440    4e+03(< 1) 2.89e+03(< 1)  2.4e+03(< 1) 2.02e+03(< 1) 1.69e+03(< 1) 1.46e+03(< 1)
 1521 4.11e+03(< 1) 2.97e+03(< 1) 2.47e+03(< 1) 2.07e+03(< 1) 1.74e+03(< 1)  1.5e+03(< 1)
 1607 4.22e+03(< 1) 3.05e+03(< 1) 2.54e+03(< 1) 2.13e+03(< 1) 1.78e+03(< 1) 1.55e+03(< 1)
 1697 4.34e+03(< 1) 3.14e+03(< 1) 2.61e+03(< 1) 2.19e+03(< 1) 1.83e+03(< 1) 1.59e+03(< 1)
 1791 4.46e+03(< 1) 3.22e+03(< 1) 2.68e+03(< 1) 2.25e+03(< 1) 1.88e+03(< 1) 1.63e+03(< 1)
 1890 4.58e+03(< 1) 3.31e+03(< 1) 2.75e+03(< 1) 2.31e+03(< 1) 1.94e+03(< 1) 1.68e+03(< 1)
 1994  4.7e+03(< 1)  3.4e+03(< 1) 2.83e+03(< 1) 2.37e+03(< 1) 1.99e+03(< 1) 1.72e+03(< 1)
 2103 4.83e+03(< 1) 3.49e+03(< 1)  2.9e+03(< 1) 2.44e+03(< 1) 2.04e+03(< 1) 1.77e+03(< 1)
 2218 4.96e+03(< 1) 3.58e+03(< 1) 2.98e+03(< 1)  2.5e+03(< 1)  2.1e+03(< 1) 1.82e+03(< 1)
 2339 5.09e+03(< 1) 3.68e+03(< 1) 3.06e+03(< 1) 2.57e+03(< 1) 2.15e+03(< 1) 1.87e+03(< 1)
 2465 5.23e+03(< 1) 3.78e+03(< 1) 3.14e+03(< 1) 2.64e+03(< 1) 2.21e+03(< 1) 1.91e+03(< 1)
 2598 5.37e+03(< 1) 3.88e+03(< 1) 3.23e+03(< 1) 2.71e+03(< 1) 2.27e+03(< 1) 1.97e+03(< 1)
 2737 5.51e+03(< 1) 3.98e+03(< 1) 3.31e+03(< 1) 2.78e+03(< 1) 2.33e+03(< 1) 2.02e+03(< 1)
 2883 5.66e+03(< 1) 4.09e+03(< 1)  3.4e+03(< 1) 2.85e+03(< 1) 2.39e+03(< 1) 2.07e+03(< 1)
 3037 5.81e+03(< 1) 4.19e+03(< 1) 3.49e+03(< 1) 2.93e+03(< 1) 2.45e+03(< 1) 2.13e+03(< 1)
 3199 5.96e+03(< 1)  4.3e+03(< 1) 3.58e+03(< 1)    3e+03(< 1) 2.52e+03(< 1) 2.18e+03(< 1)
 3368 6.11e+03(< 1) 4.42e+03(< 1) 3.67e+03(< 1) 3.08e+03(< 1) 2.58e+03(< 1) 2.24e+03(< 1)
 3546 6.27e+03(< 1) 4.53e+03(< 1) 3.77e+03(< 1) 3.16e+03(< 1) 2.65e+03(< 1)  2.3e+03(< 1)

Surf:             0             1             2             3             4             5

Successful samplings:
                200           200           200           195           200           200
Failed samplings:
                  0             0             0             0             0             0
Dummy samplings:
                  0             0             0             0             0             0
Out-of-face samplings:
                  0             0             0             0             0             0
Close-atoms samplings:
                  0             0             0             0             0             0

Minimal thermal flux (10^11 cm^3/sec):
T, K:            10            10            10            10            10            10
Flux:         313.9         227.7         190.1         160.7         136.7         121.3


*******************************************************

Surf:             6             7             8             9            10            11

Minimal energy (kcal/mol):
          -0.002221     -0.004888     -0.007725      -0.01342      -0.06179       -0.1263

Temperature (K) - Flux(10^11 cm^3/sec)
   10      111(< 1)      106(< 1)      109(< 1)      121(< 1)      350(6.7) 2.84e+03( 15)
   20      154(< 1)      141(< 1)      135(< 1)      135(< 1)      186(3.3)      364(  8)
 30.5      188(< 1)      170(< 1)      159(< 1)      153(< 1)      172(2.1)      233(5.1)
41.53      219(< 1)      196(< 1)      181(< 1)      172(< 1)      175(1.5)      204(3.7)
 53.1      247(< 1)      221(< 1)      202(< 1)      189(< 1)      182(1.2)      197(2.8)
65.26      274(< 1)      244(< 1)      222(< 1)      206(< 1)      192(< 1)      198(2.2)
78.02      299(< 1)      266(< 1)      241(< 1)      223(< 1)      202(< 1)      202(1.9)
91.42      323(< 1)      287(< 1)      259(< 1)      239(< 1)      213(< 1)      209(1.6)
105.5      347(< 1)      308(< 1)      278(< 1)      255(< 1)      224(< 1)      216(1.3)
120.3      370(< 1)      328(< 1)      295(< 1)      271(< 1)      235(< 1)      224(1.2)
135.8      393(< 1)      348(< 1)      313(< 1)      287(< 1)      246(< 1)      233(  1)
152.1      416(< 1)      368(< 1)      331(< 1)      302(< 1)      257(< 1)      241(< 1)
169.2      439(< 1)      388(< 1)      348(< 1)      318(< 1)      269(< 1)      251(< 1)
187.1      461(< 1)      408(< 1)      366(< 1)      334(< 1)      281(< 1)      260(< 1)
  206      484(< 1)      427(< 1)      383(< 1)      349(< 1)      292(< 1)      270(< 1)
225.8      506(< 1)      447(< 1)      401(< 1)      365(< 1)      304(< 1)      280(< 1)
246.6      529(< 1)      467(< 1)      418(< 1)      381(< 1)      316(< 1)      290(< 1)
268.4      552(< 1)      487(< 1)      436(< 1)      396(< 1)      328(< 1)      300(< 1)
291.3      575(< 1)      507(< 1)      454(< 1)      412(< 1)      341(< 1)      310(< 1)
315.4      598(< 1)      528(< 1)      472(< 1)      429(< 1)      353(< 1)      321(< 1)
340.7      622(< 1)      548(< 1)      490(< 1)      445(< 1)      366(< 1)      332(< 1)
367.2      645(< 1)      569(< 1)      509(< 1)      461(< 1)      379(< 1)      343(< 1)
395.1      669(< 1)      590(< 1)      527(< 1)      478(< 1)      392(< 1)      354(< 1)
424.3      694(< 1)      611(< 1)      546(< 1)      495(< 1)      405(< 1)      366(< 1)
  455      718(< 1)      633(< 1)      565(< 1)      512(< 1)      419(< 1)      377(< 1)
487.3      743(< 1)      655(< 1)      585(< 1)      530(< 1)      432(< 1)      389(< 1)
521.1      769(< 1)      677(< 1)      604(< 1)      548(< 1)      446(< 1)      401(< 1)
556.7      794(< 1)      700(< 1)      625(< 1)      566(< 1)      460(< 1)      414(< 1)
  594      820(< 1)      723(< 1)      645(< 1)      584(< 1)      475(< 1)      426(< 1)
633.2      847(< 1)      746(< 1)      666(< 1)      603(< 1)      490(< 1)      439(< 1)
674.4      874(< 1)      770(< 1)      687(< 1)      622(< 1)      505(< 1)      452(< 1)
717.6      902(< 1)      794(< 1)      708(< 1)      641(< 1)      520(< 1)      466(< 1)
  763      930(< 1)      819(< 1)      730(< 1)      661(< 1)      535(< 1)      479(< 1)
810.6      958(< 1)      844(< 1)      753(< 1)      681(< 1)      551(< 1)      493(< 1)
860.7      987(< 1)      870(< 1)      775(< 1)      701(< 1)      567(< 1)      507(< 1)
913.2 1.02e+03(< 1)      896(< 1)      798(< 1)      722(< 1)      584(< 1)      522(< 1)
968.4 1.05e+03(< 1)      922(< 1)      822(< 1)      743(< 1)      601(< 1)      537(< 1)
 1026 1.08e+03(< 1)      949(< 1)      846(< 1)      765(< 1)      618(< 1)      552(< 1)
 1087 1.11e+03(< 1)      977(< 1)      871(< 1)      787(< 1)      636(< 1)      567(< 1)
 1151 1.14e+03(< 1) 1.01e+03(< 1)      896(< 1)      810(< 1)      654(< 1)      583(< 1)
 1218 1.17e+03(< 1) 1.03e+03(< 1)      921(< 1)      833(< 1)      672(< 1)      599(< 1)
 1288 1.21e+03(< 1) 1.06e+03(< 1)      948(< 1)      857(< 1)      691(< 1)      615(< 1)
 1362 1.24e+03(< 1) 1.09e+03(< 1)      974(< 1)      881(< 1)      710(< 1)      632(< 1)
 1440 1.28e+03(< 1) 1.12e+03(< 1)    1e+03(< 1)      905(< 1)      729(< 1)      649(< 1)
 1521 1.31e+03(< 1) 1.16e+03(< 1) 1.03e+03(< 1)      930(< 1)      749(< 1)      667(< 1)
 1607 1.35e+03(< 1) 1.19e+03(< 1) 1.06e+03(< 1)      956(< 1)      770(< 1)      685(< 1)
 1697 1.39e+03(< 1) 1.22e+03(< 1) 1.09e+03(< 1)      982(< 1)      790(< 1)      703(< 1)
 1791 1.42e+03(< 1) 1.25e+03(< 1) 1.12e+03(< 1) 1.01e+03(< 1)      812(< 1)      722(< 1)
 1890 1.46e+03(< 1) 1.29e+03(< 1) 1.15e+03(< 1) 1.04e+03(< 1)      834(< 1)      741(< 1)
 1994  1.5e+03(< 1) 1.32e+03(< 1) 1.18e+03(< 1) 1.06e+03(< 1)      856(< 1)      761(< 1)
 2103 1.54e+03(< 1) 1.36e+03(< 1) 1.21e+03(< 1) 1.09e+03(< 1)      879(< 1)      781(< 1)
 2218 1.58e+03(< 1) 1.39e+03(< 1) 1.24e+03(< 1) 1.12e+03(< 1)      902(< 1)      802(< 1)
 2339 1.63e+03(< 1) 1.43e+03(< 1) 1.28e+03(< 1) 1.15e+03(< 1)      926(< 1)      823(< 1)
 2465 1.67e+03(< 1) 1.47e+03(< 1) 1.31e+03(< 1) 1.18e+03(< 1)      950(< 1)      844(< 1)
 2598 1.71e+03(< 1) 1.51e+03(< 1) 1.34e+03(< 1) 1.21e+03(< 1)      975(< 1)      866(< 1)
 2737 1.76e+03(< 1) 1.55e+03(< 1) 1.38e+03(< 1) 1.25e+03(< 1)    1e+03(< 1)      889(< 1)
 2883 1.81e+03(< 1) 1.59e+03(< 1) 1.42e+03(< 1) 1.28e+03(< 1) 1.03e+03(< 1)      912(< 1)
 3037 1.85e+03(< 1) 1.63e+03(< 1) 1.45e+03(< 1) 1.31e+03(< 1) 1.05e+03(< 1)      936(< 1)
 3199  1.9e+03(< 1) 1.67e+03(< 1) 1.49e+03(< 1) 1.35e+03(< 1) 1.08e+03(< 1)      960(< 1)
 3368 1.95e+03(< 1) 1.72e+03(< 1) 1.53e+03(< 1) 1.38e+03(< 1) 1.11e+03(< 1)      985(< 1)
 3546    2e+03(< 1) 1.76e+03(< 1) 1.57e+03(< 1) 1.42e+03(< 1) 1.14e+03(< 1) 1.01e+03(< 1)

Surf:             6             7             8             9            10            11

Successful samplings:
                200           200           200           200           200           200
Failed samplings:
                  0             0             0             0             0             0
Dummy samplings:
                  0             0             0             0             0             0
Out-of-face samplings:
                  0             0             0             0             0             0
Close-atoms samplings:
                  0             0             0             0             0             0

Minimal thermal flux (10^11 cm^3/sec):
T, K:            10            10            10            10          30.5          53.1
Flux:         111.2         105.8         109.3         121.2         171.9         197.4


*******************************************************

Surf:            12

Minimal energy (kcal/mol):
             -0.252

Temperature (K) - Flux(10^11 cm^3/sec)
   10 8.79e+05( 22)
   20 3.84e+03( 15)
 30.5      802( 11)
41.53      425(8.4)
 53.1      315(6.6)
65.26      270(5.3)
78.02      250(4.4)
91.42      241(3.7)
105.5      238(3.2)
120.3      238(2.8)
135.8      240(2.5)
152.1      244(2.2)
169.2      249(  2)
187.1      255(1.8)
  206      261(1.6)
225.8      268(1.5)
246.6      275(1.3)
268.4      283(1.2)
291.3      291(1.1)
315.4      299(  1)
340.7      308(< 1)
367.2      317(< 1)
395.1      326(< 1)
424.3      335(< 1)
  455      345(< 1)
487.3      355(< 1)
521.1      365(< 1)
556.7      375(< 1)
  594      386(< 1)
633.2      396(< 1)
674.4      407(< 1)
717.6      419(< 1)
  763      430(< 1)
810.6      442(< 1)
860.7      455(< 1)
913.2      467(< 1)
968.4      480(< 1)
 1026      493(< 1)
 1087      506(< 1)
 1151      520(< 1)
 1218      534(< 1)
 1288      548(< 1)
 1362      562(< 1)
 1440      577(< 1)
 1521      593(< 1)
 1607      608(< 1)
 1697      624(< 1)
 1791      640(< 1)
 1890      657(< 1)
 1994      674(< 1)
 2103      692(< 1)
 2218      710(< 1)
 2339      728(< 1)
 2465      747(< 1)
 2598      766(< 1)
 2737      786(< 1)
 2883      806(< 1)
 3037      827(< 1)
 3199      848(< 1)
 3368      870(< 1)
 3546      892(< 1)

Surf:            12

Successful samplings:
                200
Failed samplings:
                  0
Dummy samplings:
                  0
Out-of-face samplings:
                  0
Close-atoms samplings:
                  0

Minimal thermal flux (10^11 cm^3/sec):
T, K:         105.5
Flux:         237.6


*******************************************************

Surface = 0

Minimal energy configuration (Angstrom):

 C   0.57951  -0.05388  -0.32242
 H   0.93552   0.25463  -1.29023
 H   0.14645   0.66896   0.34731
 H   0.65650  -1.08527  -0.02430
 H  -8.63863   0.80323   4.80620

interatomic distance matrix (Angstrom):

 F1\F2     H1
 C1     10.58
 H2     11.36
 H3     9.853
 H4     10.64

Surface = 1

Minimal energy configuration (Angstrom):

 C   0.01527   0.21988   0.52083
 H  -1.00940   0.31005   0.20381
 H   0.24620   0.08453   1.56339
 H   0.80908   0.26501  -0.20470
 H  -0.22770  -3.27769  -7.76387

interatomic distance matrix (Angstrom):

 F1\F2     H1
 C1     8.996
 H2     8.773
 H3     9.926
 H4     8.412

Surface = 2

Minimal energy configuration (Angstrom):

 C   0.48446  -0.15108  -0.09142
 H   1.12765  -0.35481   0.74726
 H   0.78542  -0.44091  -1.08340
 H  -0.45974   0.34243   0.06182
 H  -7.22176   2.25222   1.36290

interatomic distance matrix (Angstrom):

 F1\F2     H1
 C1     8.202
 H2     8.769
 H3     8.795
 H4     7.146

Surface = 3

Minimal energy configuration (Angstrom):

 C   0.20221   0.01870   0.42652
 H  -0.36184   0.56158   1.16524
 H   1.26811  -0.08634   0.53334
 H  -0.29961  -0.41921  -0.41904
 H  -3.01435  -0.27873  -6.35804

interatomic distance matrix (Angstrom):

 F1\F2     H1
 C1     7.514
 H2     8.021
 H3     8.116
 H4     6.532

Surface = 4

Minimal energy configuration (Angstrom):

 C  -0.23777   0.07940   0.35241
 H  -1.10630   0.66407   0.10260
 H   0.59488   0.03462  -0.32822
 H  -0.20182  -0.46047   1.28290
 H   3.54433  -1.18365  -5.25341

interatomic distance matrix (Angstrom):

 F1\F2     H1
 C1     6.879
 H2      7.33
 H3     5.869
 H4     7.568

Surface = 5

Minimal energy configuration (Angstrom):

 C  -0.07537  -0.19261   0.34534
 H  -1.03282  -0.65359   0.51669
 H   0.10230   0.35764  -0.56254
 H   0.70445  -0.28180   1.08187
 H   1.12348   2.87113  -5.14787

interatomic distance matrix (Angstrom):

 F1\F2     H1
 C1     6.403
 H2     7.011
 H3     5.328
 H4     6.995

Surface = 6

Minimal energy configuration (Angstrom):

 C  -0.09694  -0.32713  -0.15782
 H   0.40048  -1.23515   0.13655
 H   0.09522   0.58863   0.37419
 H  -0.78650  -0.33480  -0.98426
 H   1.44503   4.87640   2.35266

interatomic distance matrix (Angstrom):

 F1\F2     H1
 C1      5.98
 H2     6.584
 H3     4.911
 H4     6.578

Surface = 7

Minimal energy configuration (Angstrom):

 C   0.34048   0.03555   0.08463
 H   0.73932   1.01909   0.26394
 H  -0.70833  -0.09051  -0.12198
 H   0.99043  -0.82199   0.11186
 H  -5.07546  -0.52991  -1.26143

interatomic distance matrix (Angstrom):

 F1\F2     H1
 C1     5.609
 H2     6.208
 H3     4.535
 H4     6.226

Surface = 8

Minimal energy configuration (Angstrom):

 C   0.19833  -0.24346   0.10984
 H  -0.11626  -1.26989   0.18769
 H  -0.49784   0.50953  -0.21715
 H   1.20910   0.03004   0.35901
 H  -2.95646   3.62920  -1.63735

interatomic distance matrix (Angstrom):

 F1\F2     H1
 C1     5.292
 H2      5.95
 H3     4.218
 H4     5.856

Surface = 9

Minimal energy configuration (Angstrom):

 C  -0.28815   0.10895  -0.07057
 H  -0.76228  -0.36755   0.77009
 H  -0.26939  -0.38280  -1.02787
 H   0.16722   1.07725   0.04599
 H   4.29535  -1.62416   1.05211

interatomic distance matrix (Angstrom):

 F1\F2     H1
 C1     5.027
 H2     5.219
 H3     5.168
 H4     5.035

Surface = 10

Minimal energy configuration (Angstrom):

 C  -0.05305  -0.27701  -0.02033
 H  -0.75866  -0.33004   0.79077
 H  -0.39738  -0.08253  -1.02142
 H   0.99694  -0.41841   0.16962
 H   0.79076   4.12929   0.30310

interatomic distance matrix (Angstrom):

 F1\F2     H1
 C1     4.498
 H2     4.746
 H3     4.572
 H4     4.554

Surface = 11

Minimal energy configuration (Angstrom):

 C   0.18263  -0.01540   0.19297
 H   0.73069  -0.67076  -0.46178
 H  -0.58275  -0.41414   0.83624
 H   0.39993   1.03873   0.20454
 H  -2.72237   0.22956  -2.87668

interatomic distance matrix (Angstrom):

 F1\F2     H1
 C1     4.233
 H2     4.309
 H3     4.333
 H4     4.461

Surface = 12

Minimal energy configuration (Angstrom):

 C   0.20329   0.08692  -0.11564
 H  -0.31107   0.33520  -1.02799
 H   0.26580   0.80860   0.68050
 H   0.65512  -0.88307   0.00064
 H  -3.03037  -1.29570   1.72378

interatomic distance matrix (Angstrom):

 F1\F2     H1
 C1     3.969
 H2     4.198
 H3     4.047
 H4     4.089

+++++++++++++++++++++++++++++++++++++++++++++++++++++++++++

