Wells (G - ground energy, D - dissociation limit, kcal/mol):
      Name        G        D
     REACS      0.0    100.5

Bimolecular Products (G - ground energy, kcal/mol):
      Name        G
     PRODS    102.6

Well-to-Bimolecular Barriers (H/G - barrier height/well depth, kcal/mol)
      Name        H     Well        G  Product
        TS    100.5    REACS      0.0    PRODS

________________________________________________________________________________________

Unimolecular Rate Units: 1/sec;  Bimolecular Rate Units: cm^3/sec

______________________________________________________________________________________

Species-Species Rate Tables:

Temperature = 300 K

High Pressure Rate Coefficients:

From\To         REACS        PRODS
REACS             ***  1.36794e-59
PRODS     1.52464e-09          ***

Temperature = 300 K    Pressure = 1 atm

From\To         REACS        PRODS
REACS     1.23086e-59  1.23086e-59
PRODS     1.37186e-09  1.37186e-09

Temperature = 300 K    Pressure = 10 atm

From\To         REACS        PRODS
REACS     1.34694e-59  1.34694e-59
PRODS     1.50124e-09  1.50124e-09

Temperature = 300 K    Pressure = 100 atm

From\To         REACS        PRODS
REACS     1.36537e-59  1.36537e-59
PRODS     1.52178e-09  1.52178e-09

Temperature = 300 K    Pressure = 1000 atm

From\To         REACS        PRODS
REACS     1.36742e-59  1.36742e-59
PRODS     1.52406e-09  1.52406e-09

Temperature = 300 K    Pressure = 10000 atm

From\To         REACS        PRODS
REACS     1.36762e-59  1.36762e-59
PRODS     1.52429e-09  1.52429e-09

Temperature = 400 K

High Pressure Rate Coefficients:

From\To         REACS        PRODS
REACS             ***  5.43505e-41
PRODS       7.536e-10          ***

Temperature = 400 K    Pressure = 1 atm

From\To         REACS        PRODS
REACS     4.12166e-41  4.12166e-41
PRODS     5.71491e-10  5.71491e-10

Temperature = 400 K    Pressure = 10 atm

From\To         REACS        PRODS
REACS     5.14237e-41  5.14237e-41
PRODS     7.13018e-10  7.13018e-10

Temperature = 400 K    Pressure = 100 atm

From\To         REACS        PRODS
REACS     5.39528e-41  5.39528e-41
PRODS     7.48086e-10  7.48086e-10

Temperature = 400 K    Pressure = 1000 atm

From\To         REACS        PRODS
REACS     5.42983e-41  5.42983e-41
PRODS     7.52876e-10  7.52876e-10

Temperature = 400 K    Pressure = 10000 atm

From\To         REACS        PRODS
REACS     5.43349e-41  5.43349e-41
PRODS     7.53384e-10  7.53384e-10

Temperature = 500 K

High Pressure Rate Coefficients:

From\To         REACS        PRODS
REACS             ***  9.20577e-30
PRODS     5.27883e-10          ***

Temperature = 500 K    Pressure = 1 atm

From\To         REACS        PRODS
REACS     5.48347e-30  5.48347e-30
PRODS     3.14437e-10  3.14437e-10

Temperature = 500 K    Pressure = 10 atm

From\To         REACS        PRODS
REACS     8.03923e-30  8.03923e-30
PRODS     4.60991e-10  4.60991e-10

Temperature = 500 K    Pressure = 100 atm

From\To         REACS        PRODS
REACS     9.00375e-30  9.00375e-30
PRODS     5.16299e-10  5.16299e-10

Temperature = 500 K    Pressure = 1000 atm

From\To         REACS        PRODS
REACS     9.17969e-30  9.17969e-30
PRODS     5.26388e-10  5.26388e-10

Temperature = 500 K    Pressure = 10000 atm

From\To         REACS        PRODS
REACS      9.2004e-30   9.2004e-30
PRODS     5.27576e-10  5.27576e-10

Temperature = 600 K

High Pressure Rate Coefficients:

From\To         REACS        PRODS
REACS             ***  3.10517e-22
PRODS     4.36037e-10          ***

Temperature = 600 K    Pressure = 1 atm

From\To         REACS        PRODS
REACS     1.38752e-22  1.38752e-22
PRODS     1.94839e-10  1.94839e-10

Temperature = 600 K    Pressure = 10 atm

From\To         REACS        PRODS
REACS     2.39832e-22  2.39832e-22
PRODS     3.36779e-10  3.36779e-10

Temperature = 600 K    Pressure = 100 atm

From\To         REACS        PRODS
REACS     2.94606e-22  2.94606e-22
PRODS     4.13694e-10  4.13694e-10

Temperature = 600 K    Pressure = 1000 atm

From\To         REACS        PRODS
REACS     3.08264e-22  3.08264e-22
PRODS     4.32873e-10  4.32873e-10

Temperature = 600 K    Pressure = 10000 atm

From\To         REACS        PRODS
REACS     3.10156e-22  3.10156e-22
PRODS      4.3553e-10   4.3553e-10

Temperature = 700 K

High Pressure Rate Coefficients:

From\To         REACS        PRODS
REACS             ***  7.86891e-17
PRODS     3.93385e-10          ***

Temperature = 700 K    Pressure = 1 atm

From\To         REACS        PRODS
REACS     2.56759e-17  2.56759e-17
PRODS      1.2836e-10   1.2836e-10

Temperature = 700 K    Pressure = 10 atm

From\To         REACS        PRODS
REACS     5.17806e-17  5.17806e-17
PRODS     2.58863e-10  2.58863e-10

Temperature = 700 K    Pressure = 100 atm

From\To         REACS        PRODS
REACS     7.09534e-17  7.09534e-17
PRODS     3.54713e-10  3.54713e-10

Temperature = 700 K    Pressure = 1000 atm

From\To         REACS        PRODS
REACS     7.74124e-17  7.74124e-17
PRODS     3.87003e-10  3.87003e-10

Temperature = 700 K    Pressure = 10000 atm

From\To         REACS        PRODS
REACS       7.851e-17    7.851e-17
PRODS      3.9249e-10   3.9249e-10

Temperature = 800 K

High Pressure Rate Coefficients:

From\To         REACS        PRODS
REACS             ***  9.25376e-13
PRODS     3.73545e-10          ***

Temperature = 800 K    Pressure = 1 atm

From\To         REACS        PRODS
REACS     2.17277e-13  2.17277e-13
PRODS     8.77078e-11  8.77078e-11

Temperature = 800 K    Pressure = 10 atm

From\To         REACS        PRODS
REACS     5.03573e-13  5.03573e-13
PRODS     2.03277e-10  2.03277e-10

Temperature = 800 K    Pressure = 100 atm

From\To         REACS        PRODS
REACS     7.75114e-13  7.75114e-13
PRODS     3.12889e-10  3.12889e-10

Temperature = 800 K    Pressure = 1000 atm

From\To         REACS        PRODS
REACS     8.95592e-13  8.95592e-13
PRODS     3.61522e-10  3.61522e-10

Temperature = 800 K    Pressure = 10000 atm

From\To         REACS        PRODS
REACS     9.21197e-13  9.21197e-13
PRODS     3.71858e-10  3.71858e-10

Temperature = 900 K

High Pressure Rate Coefficients:

From\To         REACS        PRODS
REACS             ***  1.39345e-09
PRODS     3.66021e-10          ***

Temperature = 900 K    Pressure = 1 atm

From\To         REACS        PRODS
REACS     2.33919e-10  2.33919e-10
PRODS     6.14442e-11  6.14442e-11

Temperature = 900 K    Pressure = 10 atm

From\To         REACS        PRODS
REACS     6.13294e-10  6.13294e-10
PRODS     1.61096e-10  1.61096e-10

Temperature = 900 K    Pressure = 100 atm

From\To         REACS        PRODS
REACS      1.0602e-09   1.0602e-09
PRODS     2.78485e-10  2.78485e-10

Temperature = 900 K    Pressure = 1000 atm

From\To         REACS        PRODS
REACS       1.314e-09    1.314e-09
PRODS     3.45152e-10  3.45152e-10

Temperature = 900 K    Pressure = 10000 atm

From\To         REACS        PRODS
REACS     1.38162e-09  1.38162e-09
PRODS     3.62914e-10  3.62914e-10

Temperature = 1000 K

High Pressure Rate Coefficients:

From\To         REACS        PRODS
REACS             ***  4.95018e-07
PRODS     3.65911e-10          ***

Temperature = 1000 K    Pressure = 1 atm

From\To         REACS        PRODS
REACS     5.92853e-08  5.92853e-08
PRODS     4.38229e-11  4.38229e-11

Temperature = 1000 K    Pressure = 10 atm

From\To         REACS        PRODS
REACS     1.73342e-07  1.73342e-07
PRODS     1.28132e-10  1.28132e-10

Temperature = 1000 K    Pressure = 100 atm

From\To         REACS        PRODS
REACS     3.35094e-07  3.35094e-07
PRODS     2.47697e-10  2.47697e-10

Temperature = 1000 K    Pressure = 1000 atm

From\To         REACS        PRODS
REACS     4.49536e-07  4.49536e-07
PRODS     3.32291e-10  3.32291e-10

Temperature = 1000 K    Pressure = 10000 atm

From\To         REACS        PRODS
REACS     4.87479e-07  4.87479e-07
PRODS     3.60337e-10  3.60337e-10

Temperature = 1100 K

High Pressure Rate Coefficients:

From\To         REACS        PRODS
REACS             ***  6.12866e-05
PRODS     3.70645e-10          ***

Temperature = 1100 K    Pressure = 1 atm

From\To         REACS        PRODS
REACS     5.24277e-06  5.24277e-06
PRODS     3.17069e-11  3.17069e-11

Temperature = 1100 K    Pressure = 10 atm

From\To         REACS        PRODS
REACS     1.68794e-05  1.68794e-05
PRODS     1.02082e-10  1.02082e-10

Temperature = 1100 K    Pressure = 100 atm

From\To         REACS        PRODS
REACS     3.62532e-05  3.62532e-05
PRODS      2.1925e-10   2.1925e-10

Temperature = 1100 K    Pressure = 1000 atm

From\To         REACS        PRODS
REACS     5.29213e-05  5.29213e-05
PRODS     3.20054e-10  3.20054e-10

Temperature = 1100 K    Pressure = 10000 atm

From\To         REACS        PRODS
REACS     5.97138e-05  5.97138e-05
PRODS     3.61134e-10  3.61134e-10

Temperature = 1200 K

High Pressure Rate Coefficients:

From\To         REACS        PRODS
REACS             ***   0.00343294
PRODS     3.78758e-10          ***

Temperature = 1200 K    Pressure = 1 atm

From\To         REACS        PRODS
REACS     0.000210361  0.000210361
PRODS     2.32092e-11  2.32092e-11

Temperature = 1200 K    Pressure = 10 atm

From\To         REACS        PRODS
REACS     0.000737756  0.000737756
PRODS      8.1397e-11   8.1397e-11

Temperature = 1200 K    Pressure = 100 atm

From\To         REACS        PRODS
REACS      0.00174771   0.00174771
PRODS     1.92826e-10  1.92826e-10

Temperature = 1200 K    Pressure = 1000 atm

From\To         REACS        PRODS
REACS      0.00278223   0.00278223
PRODS     3.06965e-10  3.06965e-10

Temperature = 1200 K    Pressure = 10000 atm

From\To         REACS        PRODS
REACS      0.00329312   0.00329312
PRODS     3.63332e-10  3.63332e-10

Temperature = 1300 K

High Pressure Rate Coefficients:

From\To         REACS        PRODS
REACS             ***     0.104289
PRODS     3.89355e-10          ***

Temperature = 1300 K    Pressure = 1 atm

From\To         REACS        PRODS
REACS      0.00459697   0.00459697
PRODS     1.71625e-11  1.71625e-11

Temperature = 1300 K    Pressure = 10 atm

From\To         REACS        PRODS
REACS       0.0173984    0.0173984
PRODS     6.49558e-11  6.49558e-11

Temperature = 1300 K    Pressure = 100 atm

From\To         REACS        PRODS
REACS       0.0451265    0.0451265
PRODS     1.68477e-10  1.68477e-10

Temperature = 1300 K    Pressure = 1000 atm

From\To         REACS        PRODS
REACS       0.0783306    0.0783306
PRODS     2.92442e-10  2.92442e-10

Temperature = 1300 K    Pressure = 10000 atm

From\To         REACS        PRODS
REACS       0.0979191    0.0979191
PRODS     3.65575e-10  3.65575e-10

Temperature = 1400 K

High Pressure Rate Coefficients:

From\To         REACS        PRODS
REACS             ***      1.95646
PRODS     4.01862e-10          ***

Temperature = 1400 K    Pressure = 1 atm

From\To         REACS        PRODS
REACS       0.0623415    0.0623415
PRODS     1.28051e-11  1.28051e-11

Temperature = 1400 K    Pressure = 10 atm

From\To         REACS        PRODS
REACS        0.252614     0.252614
PRODS     5.18877e-11  5.18877e-11

Temperature = 1400 K    Pressure = 100 atm

From\To         REACS        PRODS
REACS        0.712314     0.712314
PRODS     1.46311e-10  1.46311e-10

Temperature = 1400 K    Pressure = 1000 atm

From\To         REACS        PRODS
REACS         1.34581      1.34581
PRODS     2.76433e-10  2.76433e-10

Temperature = 1400 K    Pressure = 10000 atm

From\To         REACS        PRODS
REACS         1.78616      1.78616
PRODS     3.66883e-10  3.66883e-10

Temperature = 1500 K

High Pressure Rate Coefficients:

From\To         REACS        PRODS
REACS             ***      24.9363
PRODS     4.15891e-10          ***

Temperature = 1500 K    Pressure = 1 atm

From\To         REACS        PRODS
REACS        0.577481     0.577481
PRODS     9.63131e-12  9.63131e-12

Temperature = 1500 K    Pressure = 10 atm

From\To         REACS        PRODS
REACS         2.48837      2.48837
PRODS     4.15014e-11  4.15014e-11

Temperature = 1500 K    Pressure = 100 atm

From\To         REACS        PRODS
REACS          7.5781       7.5781
PRODS     1.26389e-10  1.26389e-10

Temperature = 1500 K    Pressure = 1000 atm

From\To         REACS        PRODS
REACS         15.5408      15.5408
PRODS     2.59193e-10  2.59193e-10

Temperature = 1500 K    Pressure = 10000 atm

From\To         REACS        PRODS
REACS         21.9799      21.9799
PRODS     3.66585e-10  3.66585e-10

Temperature = 1600 K

High Pressure Rate Coefficients:

From\To         REACS        PRODS
REACS             ***      232.007
PRODS     4.31173e-10          ***

Temperature = 1600 K    Pressure = 1 atm

From\To         REACS        PRODS
REACS         3.92533      3.92533
PRODS     7.29501e-12  7.29501e-12

Temperature = 1600 K    Pressure = 10 atm

From\To         REACS        PRODS
REACS         17.8894      17.8894
PRODS     3.32464e-11  3.32464e-11

Temperature = 1600 K    Pressure = 100 atm

From\To         REACS        PRODS
REACS          58.489       58.489
PRODS     1.08699e-10  1.08699e-10

Temperature = 1600 K    Pressure = 1000 atm

From\To         REACS        PRODS
REACS          129.75       129.75
PRODS     2.41134e-10  2.41134e-10

Temperature = 1600 K    Pressure = 10000 atm

From\To         REACS        PRODS
REACS         196.008      196.008
PRODS      3.6427e-10   3.6427e-10

Temperature = 1700 K

High Pressure Rate Coefficients:

From\To         REACS        PRODS
REACS             ***      1664.87
PRODS     4.47513e-10          ***

Temperature = 1700 K    Pressure = 1 atm

From\To         REACS        PRODS
REACS         20.7042      20.7042
PRODS     5.56524e-12  5.56524e-12

Temperature = 1700 K    Pressure = 10 atm

From\To         REACS        PRODS
REACS         99.2234      99.2234
PRODS      2.6671e-11   2.6671e-11

Temperature = 1700 K    Pressure = 100 atm

From\To         REACS        PRODS
REACS         346.411      346.411
PRODS     9.31144e-11  9.31144e-11

Temperature = 1700 K    Pressure = 1000 atm

From\To         REACS        PRODS
REACS         828.321      828.321
PRODS      2.2265e-10   2.2265e-10

Temperature = 1700 K    Pressure = 10000 atm

From\To         REACS        PRODS
REACS         1338.14      1338.14
PRODS     3.59687e-10  3.59687e-10

Temperature = 1800 K

High Pressure Rate Coefficients:

From\To         REACS        PRODS
REACS             ***      9618.34
PRODS     4.64769e-10          ***

Temperature = 1800 K    Pressure = 1 atm

From\To         REACS        PRODS
REACS         88.5331      88.5331
PRODS     4.27801e-12  4.27801e-12

Temperature = 1800 K    Pressure = 10 atm

From\To         REACS        PRODS
REACS         444.229      444.229
PRODS     2.14656e-11  2.14656e-11

Temperature = 1800 K    Pressure = 100 atm

From\To         REACS        PRODS
REACS         1647.18      1647.18
PRODS     7.95935e-11  7.95935e-11

Temperature = 1800 K    Pressure = 1000 atm

From\To         REACS        PRODS
REACS         4228.03      4228.03
PRODS     2.04303e-10  2.04303e-10

Temperature = 1800 K    Pressure = 10000 atm

From\To         REACS        PRODS
REACS         7304.64      7304.64
PRODS     3.52968e-10  3.52968e-10

Temperature = 1900 K

High Pressure Rate Coefficients:

From\To         REACS        PRODS
REACS             ***      46280.5
PRODS     4.82831e-10          ***

Temperature = 1900 K    Pressure = 1 atm

From\To         REACS        PRODS
REACS         316.957      316.957
PRODS     3.30671e-12  3.30671e-12

Temperature = 1900 K    Pressure = 10 atm

From\To         REACS        PRODS
REACS         1658.41      1658.41
PRODS     1.73017e-11  1.73017e-11

Temperature = 1900 K    Pressure = 100 atm

From\To         REACS        PRODS
REACS         6504.12      6504.12
PRODS     6.78556e-11  6.78556e-11

Temperature = 1900 K    Pressure = 1000 atm

From\To         REACS        PRODS
REACS         17858.3      17858.3
PRODS      1.8631e-10   1.8631e-10

Temperature = 1900 K    Pressure = 10000 atm

From\To         REACS        PRODS
REACS         32980.3      32980.3
PRODS     3.44074e-10  3.44074e-10

Temperature = 2000 K

High Pressure Rate Coefficients:

From\To         REACS        PRODS
REACS             ***       190584
PRODS     5.01616e-10          ***

Temperature = 2000 K    Pressure = 1 atm

From\To         REACS        PRODS
REACS         976.404      976.404
PRODS     2.56987e-12  2.56987e-12

Temperature = 2000 K    Pressure = 10 atm

From\To         REACS        PRODS
REACS         5311.43      5311.43
PRODS     1.39796e-11  1.39796e-11

Temperature = 2000 K    Pressure = 100 atm

From\To         REACS        PRODS
REACS         21944.9      21944.9
PRODS     5.77588e-11  5.77588e-11

Temperature = 2000 K    Pressure = 1000 atm

From\To         REACS        PRODS
REACS         64216.1      64216.1
PRODS     1.69016e-10  1.69016e-10

Temperature = 2000 K    Pressure = 10000 atm

From\To         REACS        PRODS
REACS          126629       126629
PRODS     3.33286e-10  3.33286e-10

Temperature = 2100 K

High Pressure Rate Coefficients:

From\To         REACS        PRODS
REACS             ***       686665
PRODS     5.21056e-10          ***

Temperature = 2100 K    Pressure = 1 atm

From\To         REACS        PRODS
REACS         2646.66      2646.66
PRODS     2.00832e-12  2.00832e-12

Temperature = 2100 K    Pressure = 10 atm

From\To         REACS        PRODS
REACS         14922.9      14922.9
PRODS     1.13237e-11  1.13237e-11

Temperature = 2100 K    Pressure = 100 atm

From\To         REACS        PRODS
REACS           64717        64717
PRODS     4.91085e-11  4.91085e-11

Temperature = 2100 K    Pressure = 1000 atm

From\To         REACS        PRODS
REACS          201130       201130
PRODS     1.52621e-10  1.52621e-10

Temperature = 2100 K    Pressure = 10000 atm

From\To         REACS        PRODS
REACS          422863       422863
PRODS     3.20877e-10  3.20877e-10

Temperature = 2200 K

High Pressure Rate Coefficients:

From\To         REACS        PRODS
REACS             ***  2.20407e+06
PRODS       5.411e-10          ***

Temperature = 2200 K    Pressure = 1 atm

From\To         REACS        PRODS
REACS         6426.49      6426.49
PRODS     1.57766e-12  1.57766e-12

Temperature = 2200 K    Pressure = 10 atm

From\To         REACS        PRODS
REACS         37457.9      37457.9
PRODS     9.19578e-12  9.19578e-12

Temperature = 2200 K    Pressure = 100 atm

From\To         REACS        PRODS
REACS          169959       169959
PRODS     4.17247e-11  4.17247e-11

Temperature = 2200 K    Pressure = 1000 atm

From\To         REACS        PRODS
REACS          559149       559149
PRODS     1.37271e-10  1.37271e-10

Temperature = 2200 K    Pressure = 10000 atm

From\To         REACS        PRODS
REACS      1.2512e+06   1.2512e+06
PRODS      3.0717e-10   3.0717e-10

Temperature = 2300 K

High Pressure Rate Coefficients:

From\To         REACS        PRODS
REACS             ***  6.39763e+06
PRODS     5.61703e-10          ***

Temperature = 2300 K    Pressure = 1 atm

From\To         REACS        PRODS
REACS         14186.5      14186.5
PRODS     1.24547e-12  1.24547e-12

Temperature = 2300 K    Pressure = 10 atm

From\To         REACS        PRODS
REACS         85277.2      85277.2
PRODS     7.48694e-12  7.48694e-12

Temperature = 2300 K    Pressure = 100 atm

From\To         REACS        PRODS
REACS          403637       403637
PRODS     3.54382e-11  3.54382e-11

Temperature = 2300 K    Pressure = 1000 atm

From\To         REACS        PRODS
REACS     1.40141e+06  1.40141e+06
PRODS     1.23041e-10  1.23041e-10

Temperature = 2300 K    Pressure = 10000 atm

From\To         REACS        PRODS
REACS     3.33128e+06  3.33128e+06
PRODS     2.92481e-10  2.92481e-10

Temperature = 2400 K

High Pressure Rate Coefficients:

From\To         REACS        PRODS
REACS             ***  1.70039e+07
PRODS     5.82829e-10          ***

Temperature = 2400 K    Pressure = 1 atm

From\To         REACS        PRODS
REACS           28825        28825
PRODS     9.87878e-13  9.87878e-13

Temperature = 2400 K    Pressure = 10 atm

From\To         REACS        PRODS
REACS          178320       178320
PRODS     6.11164e-12  6.11164e-12

Temperature = 2400 K    Pressure = 100 atm

From\To         REACS        PRODS
REACS          878113       878113
PRODS     3.00973e-11  3.00973e-11

Temperature = 2400 K    Pressure = 1000 atm

From\To         REACS        PRODS
REACS     3.20817e+06  3.20817e+06
PRODS     1.09963e-10  1.09963e-10

Temperature = 2400 K    Pressure = 10000 atm

From\To         REACS        PRODS
REACS     8.08501e+06  8.08501e+06
PRODS     2.77122e-10  2.77122e-10

Temperature = 2500 K

High Pressure Rate Coefficients:

From\To         REACS        PRODS
REACS             ***   4.1819e+07
PRODS      6.0445e-10          ***

Temperature = 2500 K    Pressure = 1 atm

From\To         REACS        PRODS
REACS         54476.5      54476.5
PRODS     7.87191e-13  7.87191e-13

Temperature = 2500 K    Pressure = 10 atm

From\To         REACS        PRODS
REACS          346133       346133
PRODS      5.0022e-12   5.0022e-12

Temperature = 2500 K    Pressure = 100 atm

From\To         REACS        PRODS
REACS     1.76891e+06  1.76891e+06
PRODS      2.5566e-11   2.5566e-11

Temperature = 2500 K    Pressure = 1000 atm

From\To         REACS        PRODS
REACS     6.78214e+06  6.78214e+06
PRODS     9.80265e-11  9.80265e-11

Temperature = 2500 K    Pressure = 10000 atm

From\To         REACS        PRODS
REACS     1.80833e+07  1.80833e+07
PRODS     2.61373e-10  2.61373e-10

______________________________________________________________________________________

High Pressure Rate Coefficients (Temperature-Species Rate Tables):

   T(K) REACS->REACS REACS->PRODS
    300          ***  1.36794e-59
    400          ***  5.43505e-41
    500          ***  9.20577e-30
    600          ***  3.10517e-22
    700          ***  7.86891e-17
    800          ***  9.25376e-13
    900          ***  1.39345e-09
   1000          ***  4.95018e-07
   1100          ***  6.12866e-05
   1200          ***   0.00343294
   1300          ***     0.104289
   1400          ***      1.95646
   1500          ***      24.9363
   1600          ***      232.007
   1700          ***      1664.87
   1800          ***      9618.34
   1900          ***      46280.5
   2000          ***       190584
   2100          ***       686665
   2200          ***  2.20407e+06
   2300          ***  6.39763e+06
   2400          ***  1.70039e+07
   2500          ***   4.1819e+07

   T(K) PRODS->REACS PRODS->PRODS
    300  1.52464e-09          ***
    400    7.536e-10          ***
    500  5.27883e-10          ***
    600  4.36037e-10          ***
    700  3.93385e-10          ***
    800  3.73545e-10          ***
    900  3.66021e-10          ***
   1000  3.65911e-10          ***
   1100  3.70645e-10          ***
   1200  3.78758e-10          ***
   1300  3.89355e-10          ***
   1400  4.01862e-10          ***
   1500  4.15891e-10          ***
   1600  4.31173e-10          ***
   1700  4.47513e-10          ***
   1800  4.64769e-10          ***
   1900  4.82831e-10          ***
   2000  5.01616e-10          ***
   2100  5.21056e-10          ***
   2200    5.411e-10          ***
   2300  5.61703e-10          ***
   2400  5.82829e-10          ***
   2500   6.0445e-10          ***

Capture/Escape Rate Coefficients:

   T(K)        REACS        PRODS
    300  1.36794e-59  1.52464e-09
    400  5.43505e-41    7.536e-10
    500  9.20577e-30  5.27883e-10
    600  3.10517e-22  4.36037e-10
    700  7.86891e-17  3.93385e-10
    800  9.25376e-13  3.73545e-10
    900  1.39345e-09  3.66021e-10
   1000  4.95018e-07  3.65911e-10
   1100  6.12866e-05  3.70645e-10
   1200   0.00343294  3.78758e-10
   1300     0.104289  3.89355e-10
   1400      1.95646  4.01862e-10
   1500      24.9363  4.15891e-10
   1600      232.007  4.31173e-10
   1700      1664.87  4.47513e-10
   1800      9618.34  4.64769e-10
   1900      46280.5  4.82831e-10
   2000       190584  5.01616e-10
   2100       686665  5.21056e-10
   2200  2.20407e+06    5.411e-10
   2300  6.39763e+06  5.61703e-10
   2400  1.70039e+07  5.82829e-10
   2500   4.1819e+07   6.0445e-10

______________________________________________________________________________________

Pressure-Species Rate Tables:

   Temperature = 300 K

   P(atm) REACS->PRODS      REACS->
        1  1.23086e-59  1.23086e-59
       10  1.34694e-59  1.34694e-59
      100  1.36537e-59  1.36537e-59
     1000  1.36742e-59  1.36742e-59
    10000  1.36762e-59  1.36762e-59
    O-O  1.36794e-59  1.36794e-59

   Temperature = 400 K

   P(atm) REACS->PRODS      REACS->
        1  4.12166e-41  4.12166e-41
       10  5.14237e-41  5.14237e-41
      100  5.39528e-41  5.39528e-41
     1000  5.42983e-41  5.42983e-41
    10000  5.43349e-41  5.43349e-41
    O-O  5.43505e-41  5.43505e-41

   Temperature = 500 K

   P(atm) REACS->PRODS      REACS->
        1  5.48347e-30  5.48347e-30
       10  8.03923e-30  8.03923e-30
      100  9.00375e-30  9.00375e-30
     1000  9.17969e-30  9.17969e-30
    10000   9.2004e-30   9.2004e-30
    O-O  9.20577e-30  9.20577e-30

   Temperature = 600 K

   P(atm) REACS->PRODS      REACS->
        1  1.38752e-22  1.38752e-22
       10  2.39832e-22  2.39832e-22
      100  2.94606e-22  2.94606e-22
     1000  3.08264e-22  3.08264e-22
    10000  3.10156e-22  3.10156e-22
    O-O  3.10517e-22  3.10517e-22

   Temperature = 700 K

   P(atm) REACS->PRODS      REACS->
        1  2.56759e-17  2.56759e-17
       10  5.17806e-17  5.17806e-17
      100  7.09534e-17  7.09534e-17
     1000  7.74124e-17  7.74124e-17
    10000    7.851e-17    7.851e-17
    O-O  7.86891e-17  7.86891e-17

   Temperature = 800 K

   P(atm) REACS->PRODS      REACS->
        1  2.17277e-13  2.17277e-13
       10  5.03573e-13  5.03573e-13
      100  7.75114e-13  7.75114e-13
     1000  8.95592e-13  8.95592e-13
    10000  9.21197e-13  9.21197e-13
    O-O  9.25376e-13  9.25376e-13

   Temperature = 900 K

   P(atm) REACS->PRODS      REACS->
        1  2.33919e-10  2.33919e-10
       10  6.13294e-10  6.13294e-10
      100   1.0602e-09   1.0602e-09
     1000    1.314e-09    1.314e-09
    10000  1.38162e-09  1.38162e-09
    O-O  1.39345e-09  1.39345e-09

   Temperature = 1000 K

   P(atm) REACS->PRODS      REACS->
        1  5.92853e-08  5.92853e-08
       10  1.73342e-07  1.73342e-07
      100  3.35094e-07  3.35094e-07
     1000  4.49536e-07  4.49536e-07
    10000  4.87479e-07  4.87479e-07
    O-O  4.95018e-07  4.95018e-07

   Temperature = 1100 K

   P(atm) REACS->PRODS      REACS->
        1  5.24277e-06  5.24277e-06
       10  1.68794e-05  1.68794e-05
      100  3.62532e-05  3.62532e-05
     1000  5.29213e-05  5.29213e-05
    10000  5.97138e-05  5.97138e-05
    O-O  6.12866e-05  6.12866e-05

   Temperature = 1200 K

   P(atm) REACS->PRODS      REACS->
        1  0.000210361  0.000210361
       10  0.000737756  0.000737756
      100   0.00174771   0.00174771
     1000   0.00278223   0.00278223
    10000   0.00329312   0.00329312
    O-O   0.00343294   0.00343294

   Temperature = 1300 K

   P(atm) REACS->PRODS      REACS->
        1   0.00459697   0.00459697
       10    0.0173984    0.0173984
      100    0.0451265    0.0451265
     1000    0.0783306    0.0783306
    10000    0.0979191    0.0979191
    O-O     0.104289     0.104289

   Temperature = 1400 K

   P(atm) REACS->PRODS      REACS->
        1    0.0623415    0.0623415
       10     0.252614     0.252614
      100     0.712314     0.712314
     1000      1.34581      1.34581
    10000      1.78616      1.78616
    O-O      1.95646      1.95646

   Temperature = 1500 K

   P(atm) REACS->PRODS      REACS->
        1     0.577481     0.577481
       10      2.48837      2.48837
      100       7.5781       7.5781
     1000      15.5408      15.5408
    10000      21.9799      21.9799
    O-O      24.9363      24.9363

   Temperature = 1600 K

   P(atm) REACS->PRODS      REACS->
        1      3.92533      3.92533
       10      17.8894      17.8894
      100       58.489       58.489
     1000       129.75       129.75
    10000      196.008      196.008
    O-O      232.007      232.007

   Temperature = 1700 K

   P(atm) REACS->PRODS      REACS->
        1      20.7042      20.7042
       10      99.2234      99.2234
      100      346.411      346.411
     1000      828.321      828.321
    10000      1338.14      1338.14
    O-O      1664.87      1664.87

   Temperature = 1800 K

   P(atm) REACS->PRODS      REACS->
        1      88.5331      88.5331
       10      444.229      444.229
      100      1647.18      1647.18
     1000      4228.03      4228.03
    10000      7304.64      7304.64
    O-O      9618.34      9618.34

   Temperature = 1900 K

   P(atm) REACS->PRODS      REACS->
        1      316.957      316.957
       10      1658.41      1658.41
      100      6504.12      6504.12
     1000      17858.3      17858.3
    10000      32980.3      32980.3
    O-O      46280.5      46280.5

   Temperature = 2000 K

   P(atm) REACS->PRODS      REACS->
        1      976.404      976.404
       10      5311.43      5311.43
      100      21944.9      21944.9
     1000      64216.1      64216.1
    10000       126629       126629
    O-O       190584       190584

   Temperature = 2100 K

   P(atm) REACS->PRODS      REACS->
        1      2646.66      2646.66
       10      14922.9      14922.9
      100        64717        64717
     1000       201130       201130
    10000       422863       422863
    O-O       686665       686665

   Temperature = 2200 K

   P(atm) REACS->PRODS      REACS->
        1      6426.49      6426.49
       10      37457.9      37457.9
      100       169959       169959
     1000       559149       559149
    10000   1.2512e+06   1.2512e+06
    O-O  2.20407e+06  2.20407e+06

   Temperature = 2300 K

   P(atm) REACS->PRODS      REACS->
        1      14186.5      14186.5
       10      85277.2      85277.2
      100       403637       403637
     1000  1.40141e+06  1.40141e+06
    10000  3.33128e+06  3.33128e+06
    O-O  6.39763e+06  6.39763e+06

   Temperature = 2400 K

   P(atm) REACS->PRODS      REACS->
        1        28825        28825
       10       178320       178320
      100       878113       878113
     1000  3.20817e+06  3.20817e+06
    10000  8.08501e+06  8.08501e+06
    O-O  1.70039e+07  1.70039e+07

   Temperature = 2500 K

   P(atm) REACS->PRODS      REACS->
        1      54476.5      54476.5
       10       346133       346133
      100  1.76891e+06  1.76891e+06
     1000  6.78214e+06  6.78214e+06
    10000  1.80833e+07  1.80833e+07
    O-O   4.1819e+07   4.1819e+07

   Temperature = 300 K

   P(atm) PRODS->REACS      PRODS->
        1  1.37186e-09  1.37186e-09
       10  1.50124e-09  1.50124e-09
      100  1.52178e-09  1.52178e-09
     1000  1.52406e-09  1.52406e-09
    10000  1.52429e-09  1.52429e-09
    O-O  1.52464e-09  1.52464e-09

   Temperature = 400 K

   P(atm) PRODS->REACS      PRODS->
        1  5.71491e-10  5.71491e-10
       10  7.13018e-10  7.13018e-10
      100  7.48086e-10  7.48086e-10
     1000  7.52876e-10  7.52876e-10
    10000  7.53384e-10  7.53384e-10
    O-O    7.536e-10    7.536e-10

   Temperature = 500 K

   P(atm) PRODS->REACS      PRODS->
        1  3.14437e-10  3.14437e-10
       10  4.60991e-10  4.60991e-10
      100  5.16299e-10  5.16299e-10
     1000  5.26388e-10  5.26388e-10
    10000  5.27576e-10  5.27576e-10
    O-O  5.27883e-10  5.27883e-10

   Temperature = 600 K

   P(atm) PRODS->REACS      PRODS->
        1  1.94839e-10  1.94839e-10
       10  3.36779e-10  3.36779e-10
      100  4.13694e-10  4.13694e-10
     1000  4.32873e-10  4.32873e-10
    10000   4.3553e-10   4.3553e-10
    O-O  4.36037e-10  4.36037e-10

   Temperature = 700 K

   P(atm) PRODS->REACS      PRODS->
        1   1.2836e-10   1.2836e-10
       10  2.58863e-10  2.58863e-10
      100  3.54713e-10  3.54713e-10
     1000  3.87003e-10  3.87003e-10
    10000   3.9249e-10   3.9249e-10
    O-O  3.93385e-10  3.93385e-10

   Temperature = 800 K

   P(atm) PRODS->REACS      PRODS->
        1  8.77078e-11  8.77078e-11
       10  2.03277e-10  2.03277e-10
      100  3.12889e-10  3.12889e-10
     1000  3.61522e-10  3.61522e-10
    10000  3.71858e-10  3.71858e-10
    O-O  3.73545e-10  3.73545e-10

   Temperature = 900 K

   P(atm) PRODS->REACS      PRODS->
        1  6.14442e-11  6.14442e-11
       10  1.61096e-10  1.61096e-10
      100  2.78485e-10  2.78485e-10
     1000  3.45152e-10  3.45152e-10
    10000  3.62914e-10  3.62914e-10
    O-O  3.66021e-10  3.66021e-10

   Temperature = 1000 K

   P(atm) PRODS->REACS      PRODS->
        1  4.38229e-11  4.38229e-11
       10  1.28132e-10  1.28132e-10
      100  2.47697e-10  2.47697e-10
     1000  3.32291e-10  3.32291e-10
    10000  3.60337e-10  3.60337e-10
    O-O  3.65911e-10  3.65911e-10

   Temperature = 1100 K

   P(atm) PRODS->REACS      PRODS->
        1  3.17069e-11  3.17069e-11
       10  1.02082e-10  1.02082e-10
      100   2.1925e-10   2.1925e-10
     1000  3.20054e-10  3.20054e-10
    10000  3.61134e-10  3.61134e-10
    O-O  3.70645e-10  3.70645e-10

   Temperature = 1200 K

   P(atm) PRODS->REACS      PRODS->
        1  2.32092e-11  2.32092e-11
       10   8.1397e-11   8.1397e-11
      100  1.92826e-10  1.92826e-10
     1000  3.06965e-10  3.06965e-10
    10000  3.63332e-10  3.63332e-10
    O-O  3.78758e-10  3.78758e-10

   Temperature = 1300 K

   P(atm) PRODS->REACS      PRODS->
        1  1.71625e-11  1.71625e-11
       10  6.49558e-11  6.49558e-11
      100  1.68477e-10  1.68477e-10
     1000  2.92442e-10  2.92442e-10
    10000  3.65575e-10  3.65575e-10
    O-O  3.89355e-10  3.89355e-10

   Temperature = 1400 K

   P(atm) PRODS->REACS      PRODS->
        1  1.28051e-11  1.28051e-11
       10  5.18877e-11  5.18877e-11
      100  1.46311e-10  1.46311e-10
     1000  2.76433e-10  2.76433e-10
    10000  3.66883e-10  3.66883e-10
    O-O  4.01862e-10  4.01862e-10

   Temperature = 1500 K

   P(atm) PRODS->REACS      PRODS->
        1  9.63131e-12  9.63131e-12
       10  4.15014e-11  4.15014e-11
      100  1.26389e-10  1.26389e-10
     1000  2.59193e-10  2.59193e-10
    10000  3.66585e-10  3.66585e-10
    O-O  4.15891e-10  4.15891e-10

   Temperature = 1600 K

   P(atm) PRODS->REACS      PRODS->
        1  7.29501e-12  7.29501e-12
       10  3.32464e-11  3.32464e-11
      100  1.08699e-10  1.08699e-10
     1000  2.41134e-10  2.41134e-10
    10000   3.6427e-10   3.6427e-10
    O-O  4.31173e-10  4.31173e-10

   Temperature = 1700 K

   P(atm) PRODS->REACS      PRODS->
        1  5.56524e-12  5.56524e-12
       10   2.6671e-11   2.6671e-11
      100  9.31144e-11  9.31144e-11
     1000   2.2265e-10   2.2265e-10
    10000  3.59687e-10  3.59687e-10
    O-O  4.47513e-10  4.47513e-10

   Temperature = 1800 K

   P(atm) PRODS->REACS      PRODS->
        1  4.27801e-12  4.27801e-12
       10  2.14656e-11  2.14656e-11
      100  7.95935e-11  7.95935e-11
     1000  2.04303e-10  2.04303e-10
    10000  3.52968e-10  3.52968e-10
    O-O  4.64769e-10  4.64769e-10

   Temperature = 1900 K

   P(atm) PRODS->REACS      PRODS->
        1  3.30671e-12  3.30671e-12
       10  1.73017e-11  1.73017e-11
      100  6.78556e-11  6.78556e-11
     1000   1.8631e-10   1.8631e-10
    10000  3.44074e-10  3.44074e-10
    O-O  4.82831e-10  4.82831e-10

   Temperature = 2000 K

   P(atm) PRODS->REACS      PRODS->
        1  2.56987e-12  2.56987e-12
       10  1.39796e-11  1.39796e-11
      100  5.77588e-11  5.77588e-11
     1000  1.69016e-10  1.69016e-10
    10000  3.33286e-10  3.33286e-10
    O-O  5.01616e-10  5.01616e-10

   Temperature = 2100 K

   P(atm) PRODS->REACS      PRODS->
        1  2.00832e-12  2.00832e-12
       10  1.13237e-11  1.13237e-11
      100  4.91085e-11  4.91085e-11
     1000  1.52621e-10  1.52621e-10
    10000  3.20877e-10  3.20877e-10
    O-O  5.21056e-10  5.21056e-10

   Temperature = 2200 K

   P(atm) PRODS->REACS      PRODS->
        1  1.57766e-12  1.57766e-12
       10  9.19578e-12  9.19578e-12
      100  4.17247e-11  4.17247e-11
     1000  1.37271e-10  1.37271e-10
    10000   3.0717e-10   3.0717e-10
    O-O    5.411e-10    5.411e-10

   Temperature = 2300 K

   P(atm) PRODS->REACS      PRODS->
        1  1.24547e-12  1.24547e-12
       10  7.48694e-12  7.48694e-12
      100  3.54382e-11  3.54382e-11
     1000  1.23041e-10  1.23041e-10
    10000  2.92481e-10  2.92481e-10
    O-O  5.61703e-10  5.61703e-10

   Temperature = 2400 K

   P(atm) PRODS->REACS      PRODS->
        1  9.87878e-13  9.87878e-13
       10  6.11164e-12  6.11164e-12
      100  3.00973e-11  3.00973e-11
     1000  1.09963e-10  1.09963e-10
    10000  2.77122e-10  2.77122e-10
    O-O  5.82829e-10  5.82829e-10

   Temperature = 2500 K

   P(atm) PRODS->REACS      PRODS->
        1  7.87191e-13  7.87191e-13
       10   5.0022e-12   5.0022e-12
      100   2.5566e-11   2.5566e-11
     1000  9.80265e-11  9.80265e-11
    10000  2.61373e-10  2.61373e-10
    O-O   6.0445e-10   6.0445e-10

______________________________________________________________________________________

Temperature-Species Rate Tables:

   Pressure = 1 atm

   T(K) REACS->PRODS      REACS->      Capture
    300  1.23086e-59  1.23086e-59  1.36794e-59
    400  4.12166e-41  4.12166e-41  5.43505e-41
    500  5.48347e-30  5.48347e-30  9.20577e-30
    600  1.38752e-22  1.38752e-22  3.10517e-22
    700  2.56759e-17  2.56759e-17  7.86891e-17
    800  2.17277e-13  2.17277e-13  9.25376e-13
    900  2.33919e-10  2.33919e-10  1.39345e-09
   1000  5.92853e-08  5.92853e-08  4.95018e-07
   1100  5.24277e-06  5.24277e-06  6.12866e-05
   1200  0.000210361  0.000210361   0.00343294
   1300   0.00459697   0.00459697     0.104289
   1400    0.0623415    0.0623415      1.95646
   1500     0.577481     0.577481      24.9363
   1600      3.92533      3.92533      232.007
   1700      20.7042      20.7042      1664.87
   1800      88.5331      88.5331      9618.34
   1900      316.957      316.957      46280.5
   2000      976.404      976.404       190584
   2100      2646.66      2646.66       686665
   2200      6426.49      6426.49  2.20407e+06
   2300      14186.5      14186.5  6.39763e+06
   2400        28825        28825  1.70039e+07
   2500      54476.5      54476.5   4.1819e+07

   Pressure = 10 atm

   T(K) REACS->PRODS      REACS->      Capture
    300  1.34694e-59  1.34694e-59  1.36794e-59
    400  5.14237e-41  5.14237e-41  5.43505e-41
    500  8.03923e-30  8.03923e-30  9.20577e-30
    600  2.39832e-22  2.39832e-22  3.10517e-22
    700  5.17806e-17  5.17806e-17  7.86891e-17
    800  5.03573e-13  5.03573e-13  9.25376e-13
    900  6.13294e-10  6.13294e-10  1.39345e-09
   1000  1.73342e-07  1.73342e-07  4.95018e-07
   1100  1.68794e-05  1.68794e-05  6.12866e-05
   1200  0.000737756  0.000737756   0.00343294
   1300    0.0173984    0.0173984     0.104289
   1400     0.252614     0.252614      1.95646
   1500      2.48837      2.48837      24.9363
   1600      17.8894      17.8894      232.007
   1700      99.2234      99.2234      1664.87
   1800      444.229      444.229      9618.34
   1900      1658.41      1658.41      46280.5
   2000      5311.43      5311.43       190584
   2100      14922.9      14922.9       686665
   2200      37457.9      37457.9  2.20407e+06
   2300      85277.2      85277.2  6.39763e+06
   2400       178320       178320  1.70039e+07
   2500       346133       346133   4.1819e+07

   Pressure = 100 atm

   T(K) REACS->PRODS      REACS->      Capture
    300  1.36537e-59  1.36537e-59  1.36794e-59
    400  5.39528e-41  5.39528e-41  5.43505e-41
    500  9.00375e-30  9.00375e-30  9.20577e-30
    600  2.94606e-22  2.94606e-22  3.10517e-22
    700  7.09534e-17  7.09534e-17  7.86891e-17
    800  7.75114e-13  7.75114e-13  9.25376e-13
    900   1.0602e-09   1.0602e-09  1.39345e-09
   1000  3.35094e-07  3.35094e-07  4.95018e-07
   1100  3.62532e-05  3.62532e-05  6.12866e-05
   1200   0.00174771   0.00174771   0.00343294
   1300    0.0451265    0.0451265     0.104289
   1400     0.712314     0.712314      1.95646
   1500       7.5781       7.5781      24.9363
   1600       58.489       58.489      232.007
   1700      346.411      346.411      1664.87
   1800      1647.18      1647.18      9618.34
   1900      6504.12      6504.12      46280.5
   2000      21944.9      21944.9       190584
   2100        64717        64717       686665
   2200       169959       169959  2.20407e+06
   2300       403637       403637  6.39763e+06
   2400       878113       878113  1.70039e+07
   2500  1.76891e+06  1.76891e+06   4.1819e+07

   Pressure = 1000 atm

   T(K) REACS->PRODS      REACS->      Capture
    300  1.36742e-59  1.36742e-59  1.36794e-59
    400  5.42983e-41  5.42983e-41  5.43505e-41
    500  9.17969e-30  9.17969e-30  9.20577e-30
    600  3.08264e-22  3.08264e-22  3.10517e-22
    700  7.74124e-17  7.74124e-17  7.86891e-17
    800  8.95592e-13  8.95592e-13  9.25376e-13
    900    1.314e-09    1.314e-09  1.39345e-09
   1000  4.49536e-07  4.49536e-07  4.95018e-07
   1100  5.29213e-05  5.29213e-05  6.12866e-05
   1200   0.00278223   0.00278223   0.00343294
   1300    0.0783306    0.0783306     0.104289
   1400      1.34581      1.34581      1.95646
   1500      15.5408      15.5408      24.9363
   1600       129.75       129.75      232.007
   1700      828.321      828.321      1664.87
   1800      4228.03      4228.03      9618.34
   1900      17858.3      17858.3      46280.5
   2000      64216.1      64216.1       190584
   2100       201130       201130       686665
   2200       559149       559149  2.20407e+06
   2300  1.40141e+06  1.40141e+06  6.39763e+06
   2400  3.20817e+06  3.20817e+06  1.70039e+07
   2500  6.78214e+06  6.78214e+06   4.1819e+07

   Pressure = 10000 atm

   T(K) REACS->PRODS      REACS->      Capture
    300  1.36762e-59  1.36762e-59  1.36794e-59
    400  5.43349e-41  5.43349e-41  5.43505e-41
    500   9.2004e-30   9.2004e-30  9.20577e-30
    600  3.10156e-22  3.10156e-22  3.10517e-22
    700    7.851e-17    7.851e-17  7.86891e-17
    800  9.21197e-13  9.21197e-13  9.25376e-13
    900  1.38162e-09  1.38162e-09  1.39345e-09
   1000  4.87479e-07  4.87479e-07  4.95018e-07
   1100  5.97138e-05  5.97138e-05  6.12866e-05
   1200   0.00329312   0.00329312   0.00343294
   1300    0.0979191    0.0979191     0.104289
   1400      1.78616      1.78616      1.95646
   1500      21.9799      21.9799      24.9363
   1600      196.008      196.008      232.007
   1700      1338.14      1338.14      1664.87
   1800      7304.64      7304.64      9618.34
   1900      32980.3      32980.3      46280.5
   2000       126629       126629       190584
   2100       422863       422863       686665
   2200   1.2512e+06   1.2512e+06  2.20407e+06
   2300  3.33128e+06  3.33128e+06  6.39763e+06
   2400  8.08501e+06  8.08501e+06  1.70039e+07
   2500  1.80833e+07  1.80833e+07   4.1819e+07

   Pressure = 1 atm

   T(K) PRODS->REACS      PRODS->      Capture
    300  1.37186e-09  1.37186e-09  1.52464e-09
    400  5.71491e-10  5.71491e-10    7.536e-10
    500  3.14437e-10  3.14437e-10  5.27883e-10
    600  1.94839e-10  1.94839e-10  4.36037e-10
    700   1.2836e-10   1.2836e-10  3.93385e-10
    800  8.77078e-11  8.77078e-11  3.73545e-10
    900  6.14442e-11  6.14442e-11  3.66021e-10
   1000  4.38229e-11  4.38229e-11  3.65911e-10
   1100  3.17069e-11  3.17069e-11  3.70645e-10
   1200  2.32092e-11  2.32092e-11  3.78758e-10
   1300  1.71625e-11  1.71625e-11  3.89355e-10
   1400  1.28051e-11  1.28051e-11  4.01862e-10
   1500  9.63131e-12  9.63131e-12  4.15891e-10
   1600  7.29501e-12  7.29501e-12  4.31173e-10
   1700  5.56524e-12  5.56524e-12  4.47513e-10
   1800  4.27801e-12  4.27801e-12  4.64769e-10
   1900  3.30671e-12  3.30671e-12  4.82831e-10
   2000  2.56987e-12  2.56987e-12  5.01616e-10
   2100  2.00832e-12  2.00832e-12  5.21056e-10
   2200  1.57766e-12  1.57766e-12    5.411e-10
   2300  1.24547e-12  1.24547e-12  5.61703e-10
   2400  9.87878e-13  9.87878e-13  5.82829e-10
   2500  7.87191e-13  7.87191e-13   6.0445e-10

   Pressure = 10 atm

   T(K) PRODS->REACS      PRODS->      Capture
    300  1.50124e-09  1.50124e-09  1.52464e-09
    400  7.13018e-10  7.13018e-10    7.536e-10
    500  4.60991e-10  4.60991e-10  5.27883e-10
    600  3.36779e-10  3.36779e-10  4.36037e-10
    700  2.58863e-10  2.58863e-10  3.93385e-10
    800  2.03277e-10  2.03277e-10  3.73545e-10
    900  1.61096e-10  1.61096e-10  3.66021e-10
   1000  1.28132e-10  1.28132e-10  3.65911e-10
   1100  1.02082e-10  1.02082e-10  3.70645e-10
   1200   8.1397e-11   8.1397e-11  3.78758e-10
   1300  6.49558e-11  6.49558e-11  3.89355e-10
   1400  5.18877e-11  5.18877e-11  4.01862e-10
   1500  4.15014e-11  4.15014e-11  4.15891e-10
   1600  3.32464e-11  3.32464e-11  4.31173e-10
   1700   2.6671e-11   2.6671e-11  4.47513e-10
   1800  2.14656e-11  2.14656e-11  4.64769e-10
   1900  1.73017e-11  1.73017e-11  4.82831e-10
   2000  1.39796e-11  1.39796e-11  5.01616e-10
   2100  1.13237e-11  1.13237e-11  5.21056e-10
   2200  9.19578e-12  9.19578e-12    5.411e-10
   2300  7.48694e-12  7.48694e-12  5.61703e-10
   2400  6.11164e-12  6.11164e-12  5.82829e-10
   2500   5.0022e-12   5.0022e-12   6.0445e-10

   Pressure = 100 atm

   T(K) PRODS->REACS      PRODS->      Capture
    300  1.52178e-09  1.52178e-09  1.52464e-09
    400  7.48086e-10  7.48086e-10    7.536e-10
    500  5.16299e-10  5.16299e-10  5.27883e-10
    600  4.13694e-10  4.13694e-10  4.36037e-10
    700  3.54713e-10  3.54713e-10  3.93385e-10
    800  3.12889e-10  3.12889e-10  3.73545e-10
    900  2.78485e-10  2.78485e-10  3.66021e-10
   1000  2.47697e-10  2.47697e-10  3.65911e-10
   1100   2.1925e-10   2.1925e-10  3.70645e-10
   1200  1.92826e-10  1.92826e-10  3.78758e-10
   1300  1.68477e-10  1.68477e-10  3.89355e-10
   1400  1.46311e-10  1.46311e-10  4.01862e-10
   1500  1.26389e-10  1.26389e-10  4.15891e-10
   1600  1.08699e-10  1.08699e-10  4.31173e-10
   1700  9.31144e-11  9.31144e-11  4.47513e-10
   1800  7.95935e-11  7.95935e-11  4.64769e-10
   1900  6.78556e-11  6.78556e-11  4.82831e-10
   2000  5.77588e-11  5.77588e-11  5.01616e-10
   2100  4.91085e-11  4.91085e-11  5.21056e-10
   2200  4.17247e-11  4.17247e-11    5.411e-10
   2300  3.54382e-11  3.54382e-11  5.61703e-10
   2400  3.00973e-11  3.00973e-11  5.82829e-10
   2500   2.5566e-11   2.5566e-11   6.0445e-10

   Pressure = 1000 atm

   T(K) PRODS->REACS      PRODS->      Capture
    300  1.52406e-09  1.52406e-09  1.52464e-09
    400  7.52876e-10  7.52876e-10    7.536e-10
    500  5.26388e-10  5.26388e-10  5.27883e-10
    600  4.32873e-10  4.32873e-10  4.36037e-10
    700  3.87003e-10  3.87003e-10  3.93385e-10
    800  3.61522e-10  3.61522e-10  3.73545e-10
    900  3.45152e-10  3.45152e-10  3.66021e-10
   1000  3.32291e-10  3.32291e-10  3.65911e-10
   1100  3.20054e-10  3.20054e-10  3.70645e-10
   1200  3.06965e-10  3.06965e-10  3.78758e-10
   1300  2.92442e-10  2.92442e-10  3.89355e-10
   1400  2.76433e-10  2.76433e-10  4.01862e-10
   1500  2.59193e-10  2.59193e-10  4.15891e-10
   1600  2.41134e-10  2.41134e-10  4.31173e-10
   1700   2.2265e-10   2.2265e-10  4.47513e-10
   1800  2.04303e-10  2.04303e-10  4.64769e-10
   1900   1.8631e-10   1.8631e-10  4.82831e-10
   2000  1.69016e-10  1.69016e-10  5.01616e-10
   2100  1.52621e-10  1.52621e-10  5.21056e-10
   2200  1.37271e-10  1.37271e-10    5.411e-10
   2300  1.23041e-10  1.23041e-10  5.61703e-10
   2400  1.09963e-10  1.09963e-10  5.82829e-10
   2500  9.80265e-11  9.80265e-11   6.0445e-10

   Pressure = 10000 atm

   T(K) PRODS->REACS      PRODS->      Capture
    300  1.52429e-09  1.52429e-09  1.52464e-09
    400  7.53384e-10  7.53384e-10    7.536e-10
    500  5.27576e-10  5.27576e-10  5.27883e-10
    600   4.3553e-10   4.3553e-10  4.36037e-10
    700   3.9249e-10   3.9249e-10  3.93385e-10
    800  3.71858e-10  3.71858e-10  3.73545e-10
    900  3.62914e-10  3.62914e-10  3.66021e-10
   1000  3.60337e-10  3.60337e-10  3.65911e-10
   1100  3.61134e-10  3.61134e-10  3.70645e-10
   1200  3.63332e-10  3.63332e-10  3.78758e-10
   1300  3.65575e-10  3.65575e-10  3.89355e-10
   1400  3.66883e-10  3.66883e-10  4.01862e-10
   1500  3.66585e-10  3.66585e-10  4.15891e-10
   1600   3.6427e-10   3.6427e-10  4.31173e-10
   1700  3.59687e-10  3.59687e-10  4.47513e-10
   1800  3.52968e-10  3.52968e-10  4.64769e-10
   1900  3.44074e-10  3.44074e-10  4.82831e-10
   2000  3.33286e-10  3.33286e-10  5.01616e-10
   2100  3.20877e-10  3.20877e-10  5.21056e-10
   2200   3.0717e-10   3.0717e-10    5.411e-10
   2300  2.92481e-10  2.92481e-10  5.61703e-10
   2400  2.77122e-10  2.77122e-10  5.82829e-10
   2500  2.61373e-10  2.61373e-10   6.0445e-10

______________________________________________________________________________________

Temperature-Pressure Rate Tables:

REACS->PRODS

P\T              300          400          500          600          700          800          900         1000         1100         1200         1300         1400         1500         1600         1700         1800         1900         2000         2100         2200         2300         2400         2500
1        1.23086e-59  4.12166e-41  5.48347e-30  1.38752e-22  2.56759e-17  2.17277e-13  2.33919e-10  5.92853e-08  5.24277e-06  0.000210361   0.00459697    0.0623415     0.577481      3.92533      20.7042      88.5331      316.957      976.404      2646.66      6426.49      14186.5        28825      54476.5
10       1.34694e-59  5.14237e-41  8.03923e-30  2.39832e-22  5.17806e-17  5.03573e-13  6.13294e-10  1.73342e-07  1.68794e-05  0.000737756    0.0173984     0.252614      2.48837      17.8894      99.2234      444.229      1658.41      5311.43      14922.9      37457.9      85277.2       178320       346133
100      1.36537e-59  5.39528e-41  9.00375e-30  2.94606e-22  7.09534e-17  7.75114e-13   1.0602e-09  3.35094e-07  3.62532e-05   0.00174771    0.0451265     0.712314       7.5781       58.489      346.411      1647.18      6504.12      21944.9        64717       169959       403637       878113  1.76891e+06
1000     1.36742e-59  5.42983e-41  9.17969e-30  3.08264e-22  7.74124e-17  8.95592e-13    1.314e-09  4.49536e-07  5.29213e-05   0.00278223    0.0783306      1.34581      15.5408       129.75      828.321      4228.03      17858.3      64216.1       201130       559149  1.40141e+06  3.20817e+06  6.78214e+06
10000    1.36762e-59  5.43349e-41   9.2004e-30  3.10156e-22    7.851e-17  9.21197e-13  1.38162e-09  4.87479e-07  5.97138e-05   0.00329312    0.0979191      1.78616      21.9799      196.008      1338.14      7304.64      32980.3       126629       422863   1.2512e+06  3.33128e+06  8.08501e+06  1.80833e+07
O-O      1.36794e-59  5.43505e-41  9.20577e-30  3.10517e-22  7.86891e-17  9.25376e-13  1.39345e-09  4.95018e-07  6.12866e-05   0.00343294     0.104289      1.95646      24.9363      232.007      1664.87      9618.34      46280.5       190584       686665  2.20407e+06  6.39763e+06  1.70039e+07   4.1819e+07

PRODS->REACS

P\T              300          400          500          600          700          800          900         1000         1100         1200         1300         1400         1500         1600         1700         1800         1900         2000         2100         2200         2300         2400         2500
1        1.37186e-09  5.71491e-10  3.14437e-10  1.94839e-10   1.2836e-10  8.77078e-11  6.14442e-11  4.38229e-11  3.17069e-11  2.32092e-11  1.71625e-11  1.28051e-11  9.63131e-12  7.29501e-12  5.56524e-12  4.27801e-12  3.30671e-12  2.56987e-12  2.00832e-12  1.57766e-12  1.24547e-12  9.87878e-13  7.87191e-13
10       1.50124e-09  7.13018e-10  4.60991e-10  3.36779e-10  2.58863e-10  2.03277e-10  1.61096e-10  1.28132e-10  1.02082e-10   8.1397e-11  6.49558e-11  5.18877e-11  4.15014e-11  3.32464e-11   2.6671e-11  2.14656e-11  1.73017e-11  1.39796e-11  1.13237e-11  9.19578e-12  7.48694e-12  6.11164e-12   5.0022e-12
100      1.52178e-09  7.48086e-10  5.16299e-10  4.13694e-10  3.54713e-10  3.12889e-10  2.78485e-10  2.47697e-10   2.1925e-10  1.92826e-10  1.68477e-10  1.46311e-10  1.26389e-10  1.08699e-10  9.31144e-11  7.95935e-11  6.78556e-11  5.77588e-11  4.91085e-11  4.17247e-11  3.54382e-11  3.00973e-11   2.5566e-11
1000     1.52406e-09  7.52876e-10  5.26388e-10  4.32873e-10  3.87003e-10  3.61522e-10  3.45152e-10  3.32291e-10  3.20054e-10  3.06965e-10  2.92442e-10  2.76433e-10  2.59193e-10  2.41134e-10   2.2265e-10  2.04303e-10   1.8631e-10  1.69016e-10  1.52621e-10  1.37271e-10  1.23041e-10  1.09963e-10  9.80265e-11
10000    1.52429e-09  7.53384e-10  5.27576e-10   4.3553e-10   3.9249e-10  3.71858e-10  3.62914e-10  3.60337e-10  3.61134e-10  3.63332e-10  3.65575e-10  3.66883e-10  3.66585e-10   3.6427e-10  3.59687e-10  3.52968e-10  3.44074e-10  3.33286e-10  3.20877e-10   3.0717e-10  2.92481e-10  2.77122e-10  2.61373e-10
O-O      1.52464e-09    7.536e-10  5.27883e-10  4.36037e-10  3.93385e-10  3.73545e-10  3.66021e-10  3.65911e-10  3.70645e-10  3.78758e-10  3.89355e-10  4.01862e-10  4.15891e-10  4.31173e-10  4.47513e-10  4.64769e-10  4.82831e-10  5.01616e-10  5.21056e-10    5.411e-10  5.61703e-10  5.82829e-10   6.0445e-10

REACS-> 

P\T              300          400          500          600          700          800          900         1000         1100         1200         1300         1400         1500         1600         1700         1800         1900         2000         2100         2200         2300         2400         2500
1        1.23086e-59  4.12166e-41  5.48347e-30  1.38752e-22  2.56759e-17  2.17277e-13  2.33919e-10  5.92853e-08  5.24277e-06  0.000210361   0.00459697    0.0623415     0.577481      3.92533      20.7042      88.5331      316.957      976.404      2646.66      6426.49      14186.5        28825      54476.5
10       1.34694e-59  5.14237e-41  8.03923e-30  2.39832e-22  5.17806e-17  5.03573e-13  6.13294e-10  1.73342e-07  1.68794e-05  0.000737756    0.0173984     0.252614      2.48837      17.8894      99.2234      444.229      1658.41      5311.43      14922.9      37457.9      85277.2       178320       346133
100      1.36537e-59  5.39528e-41  9.00375e-30  2.94606e-22  7.09534e-17  7.75114e-13   1.0602e-09  3.35094e-07  3.62532e-05   0.00174771    0.0451265     0.712314       7.5781       58.489      346.411      1647.18      6504.12      21944.9        64717       169959       403637       878113  1.76891e+06
1000     1.36742e-59  5.42983e-41  9.17969e-30  3.08264e-22  7.74124e-17  8.95592e-13    1.314e-09  4.49536e-07  5.29213e-05   0.00278223    0.0783306      1.34581      15.5408       129.75      828.321      4228.03      17858.3      64216.1       201130       559149  1.40141e+06  3.20817e+06  6.78214e+06
10000    1.36762e-59  5.43349e-41   9.2004e-30  3.10156e-22    7.851e-17  9.21197e-13  1.38162e-09  4.87479e-07  5.97138e-05   0.00329312    0.0979191      1.78616      21.9799      196.008      1338.14      7304.64      32980.3       126629       422863   1.2512e+06  3.33128e+06  8.08501e+06  1.80833e+07
O-O      1.36794e-59  5.43505e-41  9.20577e-30  3.10517e-22  7.86891e-17  9.25376e-13  1.39345e-09  4.95018e-07  6.12866e-05   0.00343294     0.104289      1.95646      24.9363      232.007      1664.87      9618.34      46280.5       190584       686665  2.20407e+06  6.39763e+06  1.70039e+07   4.1819e+07

PRODS-> 

P\T              300          400          500          600          700          800          900         1000         1100         1200         1300         1400         1500         1600         1700         1800         1900         2000         2100         2200         2300         2400         2500
1        1.37186e-09  5.71491e-10  3.14437e-10  1.94839e-10   1.2836e-10  8.77078e-11  6.14442e-11  4.38229e-11  3.17069e-11  2.32092e-11  1.71625e-11  1.28051e-11  9.63131e-12  7.29501e-12  5.56524e-12  4.27801e-12  3.30671e-12  2.56987e-12  2.00832e-12  1.57766e-12  1.24547e-12  9.87878e-13  7.87191e-13
10       1.50124e-09  7.13018e-10  4.60991e-10  3.36779e-10  2.58863e-10  2.03277e-10  1.61096e-10  1.28132e-10  1.02082e-10   8.1397e-11  6.49558e-11  5.18877e-11  4.15014e-11  3.32464e-11   2.6671e-11  2.14656e-11  1.73017e-11  1.39796e-11  1.13237e-11  9.19578e-12  7.48694e-12  6.11164e-12   5.0022e-12
100      1.52178e-09  7.48086e-10  5.16299e-10  4.13694e-10  3.54713e-10  3.12889e-10  2.78485e-10  2.47697e-10   2.1925e-10  1.92826e-10  1.68477e-10  1.46311e-10  1.26389e-10  1.08699e-10  9.31144e-11  7.95935e-11  6.78556e-11  5.77588e-11  4.91085e-11  4.17247e-11  3.54382e-11  3.00973e-11   2.5566e-11
1000     1.52406e-09  7.52876e-10  5.26388e-10  4.32873e-10  3.87003e-10  3.61522e-10  3.45152e-10  3.32291e-10  3.20054e-10  3.06965e-10  2.92442e-10  2.76433e-10  2.59193e-10  2.41134e-10   2.2265e-10  2.04303e-10   1.8631e-10  1.69016e-10  1.52621e-10  1.37271e-10  1.23041e-10  1.09963e-10  9.80265e-11
10000    1.52429e-09  7.53384e-10  5.27576e-10   4.3553e-10   3.9249e-10  3.71858e-10  3.62914e-10  3.60337e-10  3.61134e-10  3.63332e-10  3.65575e-10  3.66883e-10  3.66585e-10   3.6427e-10  3.59687e-10  3.52968e-10  3.44074e-10  3.33286e-10  3.20877e-10   3.0717e-10  2.92481e-10  2.77122e-10  2.61373e-10
O-O      1.52464e-09    7.536e-10  5.27883e-10  4.36037e-10  3.93385e-10  3.73545e-10  3.66021e-10  3.65911e-10  3.70645e-10  3.78758e-10  3.89355e-10  4.01862e-10  4.15891e-10  4.31173e-10  4.47513e-10  4.64769e-10  4.82831e-10  5.01616e-10  5.21056e-10    5.411e-10  5.61703e-10  5.82829e-10   6.0445e-10

