Wells (G - ground energy, D - dissociation limit, kcal/mol):
      Name        G        D
     REACS      0.0    102.1

Bimolecular Products (G - ground energy, kcal/mol):
      Name        G
     PRODS    102.6

Well-to-Bimolecular Barriers (H/G - barrier height/well depth, kcal/mol)
      Name        H     Well        G  Product
        TS    102.1    REACS      0.0    PRODS

________________________________________________________________________________________

Unimolecular Rate Units: 1/sec;  Bimolecular Rate Units: cm^3/sec

______________________________________________________________________________________

Species-Species Rate Tables:

Temperature = 300 K

High Pressure Rate Coefficients:

From\To         REACS        PRODS
REACS             ***    2.349e-60
PRODS     2.61809e-10          ***

Temperature = 300 K    Pressure = 1 atm

From\To         REACS        PRODS
REACS     1.83318e-60  1.83318e-60
PRODS     2.04318e-10  2.04318e-10

Temperature = 300 K    Pressure = 10 atm

From\To         REACS        PRODS
REACS     2.24406e-60  2.24406e-60
PRODS     2.50113e-10  2.50113e-10

Temperature = 300 K    Pressure = 100 atm

From\To         REACS        PRODS
REACS     2.33872e-60  2.33872e-60
PRODS     2.60663e-10  2.60663e-10

Temperature = 300 K    Pressure = 1000 atm

From\To         REACS        PRODS
REACS     2.35106e-60  2.35106e-60
PRODS     2.62039e-10  2.62039e-10

Temperature = 300 K    Pressure = 10000 atm

From\To         REACS        PRODS
REACS     2.35236e-60  2.35236e-60
PRODS     2.62183e-10  2.62183e-10

Temperature = 400 K

High Pressure Rate Coefficients:

From\To         REACS        PRODS
REACS             ***  2.06283e-41
PRODS     2.86023e-10          ***

Temperature = 400 K    Pressure = 1 atm

From\To         REACS        PRODS
REACS     1.18879e-41  1.18879e-41
PRODS     1.64832e-10  1.64832e-10

Temperature = 400 K    Pressure = 10 atm

From\To         REACS        PRODS
REACS     1.78475e-41  1.78475e-41
PRODS     2.47466e-10  2.47466e-10

Temperature = 400 K    Pressure = 100 atm

From\To         REACS        PRODS
REACS     2.01711e-41  2.01711e-41
PRODS     2.79684e-10  2.79684e-10

Temperature = 400 K    Pressure = 1000 atm

From\To         REACS        PRODS
REACS     2.06024e-41  2.06024e-41
PRODS     2.85664e-10  2.85664e-10

Temperature = 400 K    Pressure = 10000 atm

From\To         REACS        PRODS
REACS     2.06535e-41  2.06535e-41
PRODS     2.86372e-10  2.86372e-10

Temperature = 500 K

High Pressure Rate Coefficients:

From\To         REACS        PRODS
REACS             ***  5.65698e-30
PRODS     3.24386e-10          ***

Temperature = 500 K    Pressure = 1 atm

From\To         REACS        PRODS
REACS     2.26067e-30  2.26067e-30
PRODS     1.29633e-10  1.29633e-10

Temperature = 500 K    Pressure = 10 atm

From\To         REACS        PRODS
REACS     4.16098e-30  4.16098e-30
PRODS     2.38602e-10  2.38602e-10

Temperature = 500 K    Pressure = 100 atm

From\To         REACS        PRODS
REACS     5.30333e-30  5.30333e-30
PRODS     3.04107e-10  3.04107e-10

Temperature = 500 K    Pressure = 1000 atm

From\To         REACS        PRODS
REACS     5.61463e-30  5.61463e-30
PRODS     3.21958e-10  3.21958e-10

Temperature = 500 K    Pressure = 10000 atm

From\To         REACS        PRODS
REACS     5.65997e-30  5.65997e-30
PRODS     3.24558e-10  3.24558e-10

Temperature = 600 K

High Pressure Rate Coefficients:

From\To         REACS        PRODS
REACS             ***   2.6379e-22
PRODS     3.70421e-10          ***

Temperature = 600 K    Pressure = 1 atm

From\To         REACS        PRODS
REACS     7.10384e-23  7.10384e-23
PRODS     9.97541e-11  9.97541e-11

Temperature = 600 K    Pressure = 10 atm

From\To         REACS        PRODS
REACS     1.56823e-22  1.56823e-22
PRODS     2.20215e-10  2.20215e-10

Temperature = 600 K    Pressure = 100 atm

From\To         REACS        PRODS
REACS     2.29754e-22  2.29754e-22
PRODS     3.22627e-10  3.22627e-10

Temperature = 600 K    Pressure = 1000 atm

From\To         REACS        PRODS
REACS     2.58123e-22  2.58123e-22
PRODS     3.62463e-10  3.62463e-10

Temperature = 600 K    Pressure = 10000 atm

From\To         REACS        PRODS
REACS     2.63475e-22  2.63475e-22
PRODS     3.69979e-10  3.69979e-10

Temperature = 700 K

High Pressure Rate Coefficients:

From\To         REACS        PRODS
REACS             ***  8.43573e-17
PRODS     4.21722e-10          ***

Temperature = 700 K    Pressure = 1 atm

From\To         REACS        PRODS
REACS     1.51567e-17  1.51567e-17
PRODS     7.57718e-11  7.57718e-11

Temperature = 700 K    Pressure = 10 atm

From\To         REACS        PRODS
REACS       3.912e-17    3.912e-17
PRODS      1.9557e-10   1.9557e-10

Temperature = 700 K    Pressure = 100 atm

From\To         REACS        PRODS
REACS     6.60618e-17  6.60618e-17
PRODS     3.30259e-10  3.30259e-10

Temperature = 700 K    Pressure = 1000 atm

From\To         REACS        PRODS
REACS     8.03833e-17  8.03833e-17
PRODS     4.01855e-10  4.01855e-10

Temperature = 700 K    Pressure = 10000 atm

From\To         REACS        PRODS
REACS      8.3934e-17   8.3934e-17
PRODS     4.19606e-10  4.19606e-10

Temperature = 800 K

High Pressure Rate Coefficients:

From\To         REACS        PRODS
REACS             ***  1.18201e-12
PRODS      4.7714e-10          ***

Temperature = 800 K    Pressure = 1 atm

From\To         REACS        PRODS
REACS     1.41669e-13  1.41669e-13
PRODS     5.71872e-11  5.71872e-11

Temperature = 800 K    Pressure = 10 atm

From\To         REACS        PRODS
REACS     4.17746e-13  4.17746e-13
PRODS     1.68631e-10  1.68631e-10

Temperature = 800 K    Pressure = 100 atm

From\To         REACS        PRODS
REACS     8.07926e-13  8.07926e-13
PRODS     3.26134e-10  3.26134e-10

Temperature = 800 K    Pressure = 1000 atm

From\To         REACS        PRODS
REACS     1.07955e-12  1.07955e-12
PRODS     4.35782e-10  4.35782e-10

Temperature = 800 K    Pressure = 10000 atm

From\To         REACS        PRODS
REACS     1.16735e-12  1.16735e-12
PRODS     4.71223e-10  4.71223e-10

Temperature = 900 K

High Pressure Rate Coefficients:

From\To         REACS        PRODS
REACS             ***  2.04065e-09
PRODS     5.36023e-10          ***

Temperature = 900 K    Pressure = 1 atm

From\To         REACS        PRODS
REACS     1.63904e-10  1.63904e-10
PRODS      4.3053e-11   4.3053e-11

Temperature = 900 K    Pressure = 10 atm

From\To         REACS        PRODS
REACS     5.41664e-10  5.41664e-10
PRODS      1.4228e-10   1.4228e-10

Temperature = 900 K    Pressure = 100 atm

From\To         REACS        PRODS
REACS     1.18747e-09  1.18747e-09
PRODS     3.11915e-10  3.11915e-10

Temperature = 900 K    Pressure = 1000 atm

From\To         REACS        PRODS
REACS     1.75489e-09  1.75489e-09
PRODS     4.60961e-10  4.60961e-10

Temperature = 900 K    Pressure = 10000 atm

From\To         REACS        PRODS
REACS      1.9897e-09   1.9897e-09
PRODS     5.22639e-10  5.22639e-10

Temperature = 1000 K

High Pressure Rate Coefficients:

From\To         REACS        PRODS
REACS             ***  8.08943e-07
PRODS     5.97959e-10          ***

Temperature = 1000 K    Pressure = 1 atm

From\To         REACS        PRODS
REACS     4.38975e-08  4.38975e-08
PRODS     3.24484e-11  3.24484e-11

Temperature = 1000 K    Pressure = 10 atm

From\To         REACS        PRODS
REACS     1.59929e-07  1.59929e-07
PRODS     1.18217e-10  1.18217e-10

Temperature = 1000 K    Pressure = 100 atm

From\To         REACS        PRODS
REACS     3.92854e-07  3.92854e-07
PRODS     2.90392e-10  2.90392e-10

Temperature = 1000 K    Pressure = 1000 atm

From\To         REACS        PRODS
REACS     6.43292e-07  6.43292e-07
PRODS     4.75513e-10  4.75513e-10

Temperature = 1000 K    Pressure = 10000 atm

From\To         REACS        PRODS
REACS     7.73175e-07  7.73175e-07
PRODS      5.7152e-10   5.7152e-10

Temperature = 1100 K

High Pressure Rate Coefficients:

From\To         REACS        PRODS
REACS             ***  0.000109573
PRODS     6.62667e-10          ***

Temperature = 1100 K    Pressure = 1 atm

From\To         REACS        PRODS
REACS     4.05127e-06  4.05127e-06
PRODS      2.4501e-11   2.4501e-11

Temperature = 1100 K    Pressure = 10 atm

From\To         REACS        PRODS
REACS     1.60624e-05  1.60624e-05
PRODS     9.71411e-11  9.71411e-11

Temperature = 1100 K    Pressure = 100 atm

From\To         REACS        PRODS
REACS     4.37252e-05  4.37252e-05
PRODS     2.64438e-10  2.64438e-10

Temperature = 1100 K    Pressure = 1000 atm

From\To         REACS        PRODS
REACS      7.9198e-05   7.9198e-05
PRODS     4.78969e-10  4.78969e-10

Temperature = 1100 K    Pressure = 10000 atm

From\To         REACS        PRODS
REACS     0.000101772  0.000101772
PRODS     6.15492e-10  6.15492e-10

Temperature = 1200 K

High Pressure Rate Coefficients:

From\To         REACS        PRODS
REACS             ***   0.00661594
PRODS      7.2994e-10          ***

Temperature = 1200 K    Pressure = 1 atm

From\To         REACS        PRODS
REACS     0.000168189  0.000168189
PRODS     1.85564e-11  1.85564e-11

Temperature = 1200 K    Pressure = 10 atm

From\To         REACS        PRODS
REACS      0.00071798   0.00071798
PRODS     7.92151e-11  7.92151e-11

Temperature = 1200 K    Pressure = 100 atm

From\To         REACS        PRODS
REACS      0.00214402   0.00214402
PRODS      2.3655e-10   2.3655e-10

Temperature = 1200 K    Pressure = 1000 atm

From\To         REACS        PRODS
REACS      0.00427894   0.00427894
PRODS     4.72097e-10  4.72097e-10

Temperature = 1200 K    Pressure = 10000 atm

From\To         REACS        PRODS
REACS      0.00591366   0.00591366
PRODS     6.52457e-10  6.52457e-10

Temperature = 1300 K

High Pressure Rate Coefficients:

From\To         REACS        PRODS
REACS             ***     0.214178
PRODS     7.99622e-10          ***

Temperature = 1300 K    Pressure = 1 atm

From\To         REACS        PRODS
REACS      0.00377794   0.00377794
PRODS     1.41047e-11  1.41047e-11

Temperature = 1300 K    Pressure = 10 atm

From\To         REACS        PRODS
REACS       0.0172124    0.0172124
PRODS     6.42613e-11  6.42613e-11

Temperature = 1300 K    Pressure = 100 atm

From\To         REACS        PRODS
REACS       0.0558741    0.0558741
PRODS     2.08602e-10  2.08602e-10

Temperature = 1300 K    Pressure = 1000 atm

From\To         REACS        PRODS
REACS        0.122259     0.122259
PRODS     4.56447e-10  4.56447e-10

Temperature = 1300 K    Pressure = 10000 atm

From\To         REACS        PRODS
REACS        0.182353     0.182353
PRODS     6.80804e-10  6.80804e-10

Temperature = 1400 K

High Pressure Rate Coefficients:

From\To         REACS        PRODS
REACS             ***      4.24331
PRODS     8.71589e-10          ***

Temperature = 1400 K    Pressure = 1 atm

From\To         REACS        PRODS
REACS       0.0524078    0.0524078
PRODS     1.07647e-11  1.07647e-11

Temperature = 1400 K    Pressure = 10 atm

From\To         REACS        PRODS
REACS        0.252972     0.252972
PRODS     5.19613e-11  5.19613e-11

Temperature = 1400 K    Pressure = 100 atm

From\To         REACS        PRODS
REACS        0.885558     0.885558
PRODS     1.81896e-10  1.81896e-10

Temperature = 1400 K    Pressure = 1000 atm

From\To         REACS        PRODS
REACS         2.11286      2.11286
PRODS     4.33988e-10  4.33988e-10

Temperature = 1400 K    Pressure = 10000 atm

From\To         REACS        PRODS
REACS         3.40591      3.40591
PRODS     6.99584e-10  6.99584e-10

Temperature = 1500 K

High Pressure Rate Coefficients:

From\To         REACS        PRODS
REACS             ***      56.7053
PRODS      9.4574e-10          ***

Temperature = 1500 K    Pressure = 1 atm

From\To         REACS        PRODS
REACS        0.494823     0.494823
PRODS     8.25273e-12  8.25273e-12

Temperature = 1500 K    Pressure = 10 atm

From\To         REACS        PRODS
REACS         2.51479      2.51479
PRODS      4.1942e-11   4.1942e-11

Temperature = 1500 K    Pressure = 100 atm

From\To         REACS        PRODS
REACS         9.42638      9.42638
PRODS     1.57215e-10  1.57215e-10

Temperature = 1500 K    Pressure = 1000 atm

From\To         REACS        PRODS
REACS         24.3872      24.3872
PRODS     4.06733e-10  4.06733e-10

Temperature = 1500 K    Pressure = 10000 atm

From\To         REACS        PRODS
REACS         42.4815      42.4815
PRODS     7.08514e-10  7.08514e-10

Temperature = 1600 K

High Pressure Rate Coefficients:

From\To         REACS        PRODS
REACS             ***      549.917
PRODS     1.02199e-09          ***

Temperature = 1600 K    Pressure = 1 atm

From\To         REACS        PRODS
REACS         3.41968      3.41968
PRODS     6.35529e-12  6.35529e-12

Temperature = 1600 K    Pressure = 10 atm

From\To         REACS        PRODS
REACS         18.2037      18.2037
PRODS     3.38306e-11  3.38306e-11

Temperature = 1600 K    Pressure = 100 atm

From\To         REACS        PRODS
REACS         72.6159      72.6159
PRODS     1.34953e-10  1.34953e-10

Temperature = 1600 K    Pressure = 1000 atm

From\To         REACS        PRODS
REACS         202.614      202.614
PRODS     3.76547e-10  3.76547e-10

Temperature = 1600 K    Pressure = 10000 atm

From\To         REACS        PRODS
REACS         380.925      380.925
PRODS     7.07929e-10  7.07929e-10

Temperature = 1700 K

High Pressure Rate Coefficients:

From\To         REACS        PRODS
REACS             ***      4093.31
PRODS     1.10027e-09          ***

Temperature = 1700 K    Pressure = 1 atm

From\To         REACS        PRODS
REACS          18.291       18.291
PRODS     4.91657e-12  4.91657e-12

Temperature = 1700 K    Pressure = 10 atm

From\To         REACS        PRODS
REACS         101.533      101.533
PRODS     2.72917e-11  2.72917e-11

Temperature = 1700 K    Pressure = 100 atm

From\To         REACS        PRODS
REACS         428.702      428.702
PRODS     1.15234e-10  1.15234e-10

Temperature = 1700 K    Pressure = 1000 atm

From\To         REACS        PRODS
REACS         1283.49      1283.49
PRODS     3.44998e-10  3.44998e-10

Temperature = 1700 K    Pressure = 10000 atm

From\To         REACS        PRODS
REACS         2599.07      2599.07
PRODS     6.98622e-10  6.98622e-10

Temperature = 1800 K

High Pressure Rate Coefficients:

From\To         REACS        PRODS
REACS             ***      24430.7
PRODS     1.18052e-09          ***

Temperature = 1800 K    Pressure = 1 atm

From\To         REACS        PRODS
REACS         79.0699      79.0699
PRODS     3.82074e-12  3.82074e-12

Temperature = 1800 K    Pressure = 10 atm

From\To         REACS        PRODS
REACS         455.956      455.956
PRODS     2.20323e-11  2.20323e-11

Temperature = 1800 K    Pressure = 100 atm

From\To         REACS        PRODS
REACS         2028.14      2028.14
PRODS     9.80018e-11  9.80018e-11

Temperature = 1800 K    Pressure = 1000 atm

From\To         REACS        PRODS
REACS         6484.32      6484.32
PRODS     3.13329e-10  3.13329e-10

Temperature = 1800 K    Pressure = 10000 atm

From\To         REACS        PRODS
REACS           14108        14108
PRODS     6.81713e-10  6.81713e-10

Temperature = 1900 K

High Pressure Rate Coefficients:

From\To         REACS        PRODS
REACS             ***       121030
PRODS     1.26267e-09          ***

Temperature = 1900 K    Pressure = 1 atm

From\To         REACS        PRODS
REACS         285.964      285.965
PRODS     2.98338e-12  2.98338e-12

Temperature = 1900 K    Pressure = 10 atm

From\To         REACS        PRODS
REACS         1707.13      1707.13
PRODS       1.781e-11    1.781e-11

Temperature = 1900 K    Pressure = 100 atm

From\To         REACS        PRODS
REACS         7965.76      7965.76
PRODS     8.31045e-11  8.31045e-11

Temperature = 1900 K    Pressure = 1000 atm

From\To         REACS        PRODS
REACS         27077.5      27077.5
PRODS     2.82492e-10  2.82492e-10

Temperature = 1900 K    Pressure = 10000 atm

From\To         REACS        PRODS
REACS         63120.6      63120.6
PRODS      6.5852e-10   6.5852e-10

Temperature = 2000 K

High Pressure Rate Coefficients:

From\To         REACS        PRODS
REACS             ***       511660
PRODS     1.34669e-09          ***

Temperature = 2000 K    Pressure = 1 atm

From\To         REACS        PRODS
REACS         889.025      889.025
PRODS     2.33989e-12  2.33989e-12

Temperature = 2000 K    Pressure = 10 atm

From\To         REACS        PRODS
REACS         5478.46      5478.46
PRODS     1.44192e-11  1.44192e-11

Temperature = 2000 K    Pressure = 100 atm

From\To         REACS        PRODS
REACS           26718        26718
PRODS     7.03216e-11  7.03216e-11

Temperature = 2000 K    Pressure = 1000 atm

From\To         REACS        PRODS
REACS         96172.6      96172.6
PRODS     2.53125e-10  2.53125e-10

Temperature = 2000 K    Pressure = 10000 atm

From\To         REACS        PRODS
REACS          239505       239505
PRODS     6.30376e-10  6.30376e-10

Temperature = 2100 K

High Pressure Rate Coefficients:

From\To         REACS        PRODS
REACS             ***  1.88781e+06
PRODS     1.43251e-09          ***

Temperature = 2100 K    Pressure = 1 atm

From\To         REACS        PRODS
REACS         2429.06      2429.06
PRODS      1.8432e-12   1.8432e-12

Temperature = 2100 K    Pressure = 10 atm

From\To         REACS        PRODS
REACS         15412.9      15412.9
PRODS     1.16955e-11  1.16955e-11

Temperature = 2100 K    Pressure = 100 atm

From\To         REACS        PRODS
REACS         78305.9      78305.9
PRODS     5.94199e-11  5.94199e-11

Temperature = 2100 K    Pressure = 1000 atm

From\To         REACS        PRODS
REACS          297371       297371
PRODS     2.25651e-10  2.25651e-10

Temperature = 2100 K    Pressure = 10000 atm

From\To         REACS        PRODS
REACS          788830       788830
PRODS     5.98581e-10  5.98581e-10

Temperature = 2200 K

High Pressure Rate Coefficients:

From\To         REACS        PRODS
REACS             ***   6.1919e+06
PRODS     1.52012e-09          ***

Temperature = 2200 K    Pressure = 1 atm

From\To         REACS        PRODS
REACS         5939.82      5939.83
PRODS     1.45819e-12  1.45819e-12

Temperature = 2200 K    Pressure = 10 atm

From\To         REACS        PRODS
REACS         38721.4      38721.4
PRODS     9.50595e-12  9.50595e-12

Temperature = 2200 K    Pressure = 100 atm

From\To         REACS        PRODS
REACS          204340       204340
PRODS     5.01652e-11  5.01652e-11

Temperature = 2200 K    Pressure = 1000 atm

From\To         REACS        PRODS
REACS          815924       815924
PRODS     2.00309e-10  2.00309e-10

Temperature = 2200 K    Pressure = 10000 atm

From\To         REACS        PRODS
REACS     2.29877e+06  2.29877e+06
PRODS     5.64348e-10  5.64348e-10

Temperature = 2300 K

High Pressure Rate Coefficients:

From\To         REACS        PRODS
REACS             ***  1.83312e+07
PRODS     1.60945e-09          ***

Temperature = 2300 K    Pressure = 1 atm

From\To         REACS        PRODS
REACS         13194.5      13194.5
PRODS     1.15838e-12  1.15838e-12

Temperature = 2300 K    Pressure = 10 atm

From\To         REACS        PRODS
REACS         88194.1      88194.1
PRODS     7.74301e-12  7.74301e-12

Temperature = 2300 K    Pressure = 100 atm

From\To         REACS        PRODS
REACS          482173       482173
PRODS     4.23332e-11  4.23332e-11

Temperature = 2300 K    Pressure = 1000 atm

From\To         REACS        PRODS
REACS     2.01815e+06  2.01815e+06
PRODS     1.77189e-10  1.77189e-10

Temperature = 2300 K    Pressure = 10000 atm

From\To         REACS        PRODS
REACS     6.02193e+06  6.02193e+06
PRODS     5.28715e-10  5.28715e-10

Temperature = 2400 K

High Pressure Rate Coefficients:

From\To         REACS        PRODS
REACS             ***  4.96116e+07
PRODS     1.70049e-09          ***

Temperature = 2400 K    Pressure = 1 atm

From\To         REACS        PRODS
REACS         26962.4      26962.4
PRODS     9.24048e-13  9.24048e-13

Temperature = 2400 K    Pressure = 10 atm

From\To         REACS        PRODS
REACS          184452       184452
PRODS     6.32179e-12  6.32179e-12

Temperature = 2400 K    Pressure = 100 atm

From\To         REACS        PRODS
REACS     1.04223e+06  1.04223e+06
PRODS     3.57222e-11  3.57222e-11

Temperature = 2400 K    Pressure = 1000 atm

From\To         REACS        PRODS
REACS     4.55966e+06  4.55966e+06
PRODS     1.56285e-10  1.56285e-10

Temperature = 2400 K    Pressure = 10000 atm

From\To         REACS        PRODS
REACS     1.43707e+07  1.43707e+07
PRODS     4.92569e-10  4.92569e-10

Temperature = 2500 K

High Pressure Rate Coefficients:

From\To         REACS        PRODS
REACS             ***  1.24063e+08
PRODS      1.7932e-09          ***

Temperature = 2500 K    Pressure = 1 atm

From\To         REACS        PRODS
REACS         51214.5      51214.4
PRODS     7.40063e-13  7.40063e-13

Temperature = 2500 K    Pressure = 10 atm

From\To         REACS        PRODS
REACS          358015       358015
PRODS     5.17386e-12  5.17386e-12

Temperature = 2500 K    Pressure = 100 atm

From\To         REACS        PRODS
REACS     2.08623e+06  2.08623e+06
PRODS     3.01515e-11  3.01515e-11

Temperature = 2500 K    Pressure = 1000 atm

From\To         REACS        PRODS
REACS     9.51499e+06  9.51499e+06
PRODS     1.37524e-10  1.37524e-10

Temperature = 2500 K    Pressure = 10000 atm

From\To         REACS        PRODS
REACS     3.15925e+07  3.15925e+07
PRODS     4.56632e-10  4.56632e-10

______________________________________________________________________________________

High Pressure Rate Coefficients (Temperature-Species Rate Tables):

   T(K) REACS->REACS REACS->PRODS
    300          ***    2.349e-60
    400          ***  2.06283e-41
    500          ***  5.65698e-30
    600          ***   2.6379e-22
    700          ***  8.43573e-17
    800          ***  1.18201e-12
    900          ***  2.04065e-09
   1000          ***  8.08943e-07
   1100          ***  0.000109573
   1200          ***   0.00661594
   1300          ***     0.214178
   1400          ***      4.24331
   1500          ***      56.7053
   1600          ***      549.917
   1700          ***      4093.31
   1800          ***      24430.7
   1900          ***       121030
   2000          ***       511660
   2100          ***  1.88781e+06
   2200          ***   6.1919e+06
   2300          ***  1.83312e+07
   2400          ***  4.96116e+07
   2500          ***  1.24063e+08

   T(K) PRODS->REACS PRODS->PRODS
    300  2.61809e-10          ***
    400  2.86023e-10          ***
    500  3.24386e-10          ***
    600  3.70421e-10          ***
    700  4.21722e-10          ***
    800   4.7714e-10          ***
    900  5.36023e-10          ***
   1000  5.97959e-10          ***
   1100  6.62667e-10          ***
   1200   7.2994e-10          ***
   1300  7.99622e-10          ***
   1400  8.71589e-10          ***
   1500   9.4574e-10          ***
   1600  1.02199e-09          ***
   1700  1.10027e-09          ***
   1800  1.18052e-09          ***
   1900  1.26267e-09          ***
   2000  1.34669e-09          ***
   2100  1.43251e-09          ***
   2200  1.52012e-09          ***
   2300  1.60945e-09          ***
   2400  1.70049e-09          ***
   2500   1.7932e-09          ***

Capture/Escape Rate Coefficients:

   T(K)        REACS        PRODS
    300    2.349e-60  2.61809e-10
    400  2.06283e-41  2.86023e-10
    500  5.65698e-30  3.24386e-10
    600   2.6379e-22  3.70421e-10
    700  8.43573e-17  4.21722e-10
    800  1.18201e-12   4.7714e-10
    900  2.04065e-09  5.36023e-10
   1000  8.08943e-07  5.97959e-10
   1100  0.000109573  6.62667e-10
   1200   0.00661594   7.2994e-10
   1300     0.214178  7.99622e-10
   1400      4.24331  8.71589e-10
   1500      56.7053   9.4574e-10
   1600      549.917  1.02199e-09
   1700      4093.31  1.10027e-09
   1800      24430.7  1.18052e-09
   1900       121030  1.26267e-09
   2000       511660  1.34669e-09
   2100  1.88781e+06  1.43251e-09
   2200   6.1919e+06  1.52012e-09
   2300  1.83312e+07  1.60945e-09
   2400  4.96116e+07  1.70049e-09
   2500  1.24063e+08   1.7932e-09

______________________________________________________________________________________

Pressure-Species Rate Tables:

   Temperature = 300 K

   P(atm) REACS->PRODS      REACS->
        1  1.83318e-60  1.83318e-60
       10  2.24406e-60  2.24406e-60
      100  2.33872e-60  2.33872e-60
     1000  2.35106e-60  2.35106e-60
    10000  2.35236e-60  2.35236e-60
    O-O    2.349e-60    2.349e-60

   Temperature = 400 K

   P(atm) REACS->PRODS      REACS->
        1  1.18879e-41  1.18879e-41
       10  1.78475e-41  1.78475e-41
      100  2.01711e-41  2.01711e-41
     1000  2.06024e-41  2.06024e-41
    10000  2.06535e-41  2.06535e-41
    O-O  2.06283e-41  2.06283e-41

   Temperature = 500 K

   P(atm) REACS->PRODS      REACS->
        1  2.26067e-30  2.26067e-30
       10  4.16098e-30  4.16098e-30
      100  5.30333e-30  5.30333e-30
     1000  5.61463e-30  5.61463e-30
    10000  5.65997e-30  5.65997e-30
    O-O  5.65698e-30  5.65698e-30

   Temperature = 600 K

   P(atm) REACS->PRODS      REACS->
        1  7.10384e-23  7.10384e-23
       10  1.56823e-22  1.56823e-22
      100  2.29754e-22  2.29754e-22
     1000  2.58123e-22  2.58123e-22
    10000  2.63475e-22  2.63475e-22
    O-O   2.6379e-22   2.6379e-22

   Temperature = 700 K

   P(atm) REACS->PRODS      REACS->
        1  1.51567e-17  1.51567e-17
       10    3.912e-17    3.912e-17
      100  6.60618e-17  6.60618e-17
     1000  8.03833e-17  8.03833e-17
    10000   8.3934e-17   8.3934e-17
    O-O  8.43573e-17  8.43573e-17

   Temperature = 800 K

   P(atm) REACS->PRODS      REACS->
        1  1.41669e-13  1.41669e-13
       10  4.17746e-13  4.17746e-13
      100  8.07926e-13  8.07926e-13
     1000  1.07955e-12  1.07955e-12
    10000  1.16735e-12  1.16735e-12
    O-O  1.18201e-12  1.18201e-12

   Temperature = 900 K

   P(atm) REACS->PRODS      REACS->
        1  1.63904e-10  1.63904e-10
       10  5.41664e-10  5.41664e-10
      100  1.18747e-09  1.18747e-09
     1000  1.75489e-09  1.75489e-09
    10000   1.9897e-09   1.9897e-09
    O-O  2.04065e-09  2.04065e-09

   Temperature = 1000 K

   P(atm) REACS->PRODS      REACS->
        1  4.38975e-08  4.38975e-08
       10  1.59929e-07  1.59929e-07
      100  3.92854e-07  3.92854e-07
     1000  6.43292e-07  6.43292e-07
    10000  7.73175e-07  7.73175e-07
    O-O  8.08943e-07  8.08943e-07

   Temperature = 1100 K

   P(atm) REACS->PRODS      REACS->
        1  4.05127e-06  4.05127e-06
       10  1.60624e-05  1.60624e-05
      100  4.37252e-05  4.37252e-05
     1000   7.9198e-05   7.9198e-05
    10000  0.000101772  0.000101772
    O-O  0.000109573  0.000109573

   Temperature = 1200 K

   P(atm) REACS->PRODS      REACS->
        1  0.000168189  0.000168189
       10   0.00071798   0.00071798
      100   0.00214402   0.00214402
     1000   0.00427894   0.00427894
    10000   0.00591366   0.00591366
    O-O   0.00661594   0.00661594

   Temperature = 1300 K

   P(atm) REACS->PRODS      REACS->
        1   0.00377794   0.00377794
       10    0.0172124    0.0172124
      100    0.0558741    0.0558741
     1000     0.122259     0.122259
    10000     0.182353     0.182353
    O-O     0.214178     0.214178

   Temperature = 1400 K

   P(atm) REACS->PRODS      REACS->
        1    0.0524078    0.0524078
       10     0.252972     0.252972
      100     0.885558     0.885558
     1000      2.11286      2.11286
    10000      3.40591      3.40591
    O-O      4.24331      4.24331

   Temperature = 1500 K

   P(atm) REACS->PRODS      REACS->
        1     0.494823     0.494823
       10      2.51479      2.51479
      100      9.42638      9.42638
     1000      24.3872      24.3872
    10000      42.4815      42.4815
    O-O      56.7053      56.7053

   Temperature = 1600 K

   P(atm) REACS->PRODS      REACS->
        1      3.41968      3.41968
       10      18.2037      18.2037
      100      72.6159      72.6159
     1000      202.614      202.614
    10000      380.925      380.925
    O-O      549.917      549.917

   Temperature = 1700 K

   P(atm) REACS->PRODS      REACS->
        1       18.291       18.291
       10      101.533      101.533
      100      428.702      428.702
     1000      1283.49      1283.49
    10000      2599.07      2599.07
    O-O      4093.31      4093.31

   Temperature = 1800 K

   P(atm) REACS->PRODS      REACS->
        1      79.0699      79.0699
       10      455.956      455.956
      100      2028.14      2028.14
     1000      6484.32      6484.32
    10000        14108        14108
    O-O      24430.7      24430.7

   Temperature = 1900 K

   P(atm) REACS->PRODS      REACS->
        1      285.965      285.964
       10      1707.13      1707.13
      100      7965.76      7965.76
     1000      27077.5      27077.5
    10000      63120.6      63120.6
    O-O       121030       121030

   Temperature = 2000 K

   P(atm) REACS->PRODS      REACS->
        1      889.025      889.025
       10      5478.46      5478.46
      100        26718        26718
     1000      96172.6      96172.6
    10000       239505       239505
    O-O       511660       511660

   Temperature = 2100 K

   P(atm) REACS->PRODS      REACS->
        1      2429.06      2429.06
       10      15412.9      15412.9
      100      78305.9      78305.9
     1000       297371       297371
    10000       788830       788830
    O-O  1.88781e+06  1.88781e+06

   Temperature = 2200 K

   P(atm) REACS->PRODS      REACS->
        1      5939.83      5939.82
       10      38721.4      38721.4
      100       204340       204340
     1000       815924       815924
    10000  2.29877e+06  2.29877e+06
    O-O   6.1919e+06   6.1919e+06

   Temperature = 2300 K

   P(atm) REACS->PRODS      REACS->
        1      13194.5      13194.5
       10      88194.1      88194.1
      100       482173       482173
     1000  2.01815e+06  2.01815e+06
    10000  6.02193e+06  6.02193e+06
    O-O  1.83312e+07  1.83312e+07

   Temperature = 2400 K

   P(atm) REACS->PRODS      REACS->
        1      26962.4      26962.4
       10       184452       184452
      100  1.04223e+06  1.04223e+06
     1000  4.55966e+06  4.55966e+06
    10000  1.43707e+07  1.43707e+07
    O-O  4.96116e+07  4.96116e+07

   Temperature = 2500 K

   P(atm) REACS->PRODS      REACS->
        1      51214.4      51214.5
       10       358015       358015
      100  2.08623e+06  2.08623e+06
     1000  9.51499e+06  9.51499e+06
    10000  3.15925e+07  3.15925e+07
    O-O  1.24063e+08  1.24063e+08

   Temperature = 300 K

   P(atm) PRODS->REACS      PRODS->
        1  2.04318e-10  2.04318e-10
       10  2.50113e-10  2.50113e-10
      100  2.60663e-10  2.60663e-10
     1000  2.62039e-10  2.62039e-10
    10000  2.62183e-10  2.62183e-10
    O-O  2.61809e-10  2.61809e-10

   Temperature = 400 K

   P(atm) PRODS->REACS      PRODS->
        1  1.64832e-10  1.64832e-10
       10  2.47466e-10  2.47466e-10
      100  2.79684e-10  2.79684e-10
     1000  2.85664e-10  2.85664e-10
    10000  2.86372e-10  2.86372e-10
    O-O  2.86023e-10  2.86023e-10

   Temperature = 500 K

   P(atm) PRODS->REACS      PRODS->
        1  1.29633e-10  1.29633e-10
       10  2.38602e-10  2.38602e-10
      100  3.04107e-10  3.04107e-10
     1000  3.21958e-10  3.21958e-10
    10000  3.24558e-10  3.24558e-10
    O-O  3.24386e-10  3.24386e-10

   Temperature = 600 K

   P(atm) PRODS->REACS      PRODS->
        1  9.97541e-11  9.97541e-11
       10  2.20215e-10  2.20215e-10
      100  3.22627e-10  3.22627e-10
     1000  3.62463e-10  3.62463e-10
    10000  3.69979e-10  3.69979e-10
    O-O  3.70421e-10  3.70421e-10

   Temperature = 700 K

   P(atm) PRODS->REACS      PRODS->
        1  7.57718e-11  7.57718e-11
       10   1.9557e-10   1.9557e-10
      100  3.30259e-10  3.30259e-10
     1000  4.01855e-10  4.01855e-10
    10000  4.19606e-10  4.19606e-10
    O-O  4.21722e-10  4.21722e-10

   Temperature = 800 K

   P(atm) PRODS->REACS      PRODS->
        1  5.71872e-11  5.71872e-11
       10  1.68631e-10  1.68631e-10
      100  3.26134e-10  3.26134e-10
     1000  4.35782e-10  4.35782e-10
    10000  4.71223e-10  4.71223e-10
    O-O   4.7714e-10   4.7714e-10

   Temperature = 900 K

   P(atm) PRODS->REACS      PRODS->
        1   4.3053e-11   4.3053e-11
       10   1.4228e-10   1.4228e-10
      100  3.11915e-10  3.11915e-10
     1000  4.60961e-10  4.60961e-10
    10000  5.22639e-10  5.22639e-10
    O-O  5.36023e-10  5.36023e-10

   Temperature = 1000 K

   P(atm) PRODS->REACS      PRODS->
        1  3.24484e-11  3.24484e-11
       10  1.18217e-10  1.18217e-10
      100  2.90392e-10  2.90392e-10
     1000  4.75513e-10  4.75513e-10
    10000   5.7152e-10   5.7152e-10
    O-O  5.97959e-10  5.97959e-10

   Temperature = 1100 K

   P(atm) PRODS->REACS      PRODS->
        1   2.4501e-11   2.4501e-11
       10  9.71411e-11  9.71411e-11
      100  2.64438e-10  2.64438e-10
     1000  4.78969e-10  4.78969e-10
    10000  6.15492e-10  6.15492e-10
    O-O  6.62667e-10  6.62667e-10

   Temperature = 1200 K

   P(atm) PRODS->REACS      PRODS->
        1  1.85564e-11  1.85564e-11
       10  7.92151e-11  7.92151e-11
      100   2.3655e-10   2.3655e-10
     1000  4.72097e-10  4.72097e-10
    10000  6.52457e-10  6.52457e-10
    O-O   7.2994e-10   7.2994e-10

   Temperature = 1300 K

   P(atm) PRODS->REACS      PRODS->
        1  1.41047e-11  1.41047e-11
       10  6.42613e-11  6.42613e-11
      100  2.08602e-10  2.08602e-10
     1000  4.56447e-10  4.56447e-10
    10000  6.80804e-10  6.80804e-10
    O-O  7.99622e-10  7.99622e-10

   Temperature = 1400 K

   P(atm) PRODS->REACS      PRODS->
        1  1.07647e-11  1.07647e-11
       10  5.19613e-11  5.19613e-11
      100  1.81896e-10  1.81896e-10
     1000  4.33988e-10  4.33988e-10
    10000  6.99584e-10  6.99584e-10
    O-O  8.71589e-10  8.71589e-10

   Temperature = 1500 K

   P(atm) PRODS->REACS      PRODS->
        1  8.25273e-12  8.25273e-12
       10   4.1942e-11   4.1942e-11
      100  1.57215e-10  1.57215e-10
     1000  4.06733e-10  4.06733e-10
    10000  7.08514e-10  7.08514e-10
    O-O   9.4574e-10   9.4574e-10

   Temperature = 1600 K

   P(atm) PRODS->REACS      PRODS->
        1  6.35529e-12  6.35529e-12
       10  3.38306e-11  3.38306e-11
      100  1.34953e-10  1.34953e-10
     1000  3.76547e-10  3.76547e-10
    10000  7.07929e-10  7.07929e-10
    O-O  1.02199e-09  1.02199e-09

   Temperature = 1700 K

   P(atm) PRODS->REACS      PRODS->
        1  4.91657e-12  4.91657e-12
       10  2.72917e-11  2.72917e-11
      100  1.15234e-10  1.15234e-10
     1000  3.44998e-10  3.44998e-10
    10000  6.98622e-10  6.98622e-10
    O-O  1.10027e-09  1.10027e-09

   Temperature = 1800 K

   P(atm) PRODS->REACS      PRODS->
        1  3.82074e-12  3.82074e-12
       10  2.20323e-11  2.20323e-11
      100  9.80018e-11  9.80018e-11
     1000  3.13329e-10  3.13329e-10
    10000  6.81713e-10  6.81713e-10
    O-O  1.18052e-09  1.18052e-09

   Temperature = 1900 K

   P(atm) PRODS->REACS      PRODS->
        1  2.98338e-12  2.98338e-12
       10    1.781e-11    1.781e-11
      100  8.31045e-11  8.31045e-11
     1000  2.82492e-10  2.82492e-10
    10000   6.5852e-10   6.5852e-10
    O-O  1.26267e-09  1.26267e-09

   Temperature = 2000 K

   P(atm) PRODS->REACS      PRODS->
        1  2.33989e-12  2.33989e-12
       10  1.44192e-11  1.44192e-11
      100  7.03216e-11  7.03216e-11
     1000  2.53125e-10  2.53125e-10
    10000  6.30376e-10  6.30376e-10
    O-O  1.34669e-09  1.34669e-09

   Temperature = 2100 K

   P(atm) PRODS->REACS      PRODS->
        1   1.8432e-12   1.8432e-12
       10  1.16955e-11  1.16955e-11
      100  5.94199e-11  5.94199e-11
     1000  2.25651e-10  2.25651e-10
    10000  5.98581e-10  5.98581e-10
    O-O  1.43251e-09  1.43251e-09

   Temperature = 2200 K

   P(atm) PRODS->REACS      PRODS->
        1  1.45819e-12  1.45819e-12
       10  9.50595e-12  9.50595e-12
      100  5.01652e-11  5.01652e-11
     1000  2.00309e-10  2.00309e-10
    10000  5.64348e-10  5.64348e-10
    O-O  1.52012e-09  1.52012e-09

   Temperature = 2300 K

   P(atm) PRODS->REACS      PRODS->
        1  1.15838e-12  1.15838e-12
       10  7.74301e-12  7.74301e-12
      100  4.23332e-11  4.23332e-11
     1000  1.77189e-10  1.77189e-10
    10000  5.28715e-10  5.28715e-10
    O-O  1.60945e-09  1.60945e-09

   Temperature = 2400 K

   P(atm) PRODS->REACS      PRODS->
        1  9.24048e-13  9.24048e-13
       10  6.32179e-12  6.32179e-12
      100  3.57222e-11  3.57222e-11
     1000  1.56285e-10  1.56285e-10
    10000  4.92569e-10  4.92569e-10
    O-O  1.70049e-09  1.70049e-09

   Temperature = 2500 K

   P(atm) PRODS->REACS      PRODS->
        1  7.40063e-13  7.40063e-13
       10  5.17386e-12  5.17386e-12
      100  3.01515e-11  3.01515e-11
     1000  1.37524e-10  1.37524e-10
    10000  4.56632e-10  4.56632e-10
    O-O   1.7932e-09   1.7932e-09

______________________________________________________________________________________

Temperature-Species Rate Tables:

   Pressure = 1 atm

   T(K) REACS->PRODS      REACS->      Capture
    300  1.83318e-60  1.83318e-60    2.349e-60
    400  1.18879e-41  1.18879e-41  2.06283e-41
    500  2.26067e-30  2.26067e-30  5.65698e-30
    600  7.10384e-23  7.10384e-23   2.6379e-22
    700  1.51567e-17  1.51567e-17  8.43573e-17
    800  1.41669e-13  1.41669e-13  1.18201e-12
    900  1.63904e-10  1.63904e-10  2.04065e-09
   1000  4.38975e-08  4.38975e-08  8.08943e-07
   1100  4.05127e-06  4.05127e-06  0.000109573
   1200  0.000168189  0.000168189   0.00661594
   1300   0.00377794   0.00377794     0.214178
   1400    0.0524078    0.0524078      4.24331
   1500     0.494823     0.494823      56.7053
   1600      3.41968      3.41968      549.917
   1700       18.291       18.291      4093.31
   1800      79.0699      79.0699      24430.7
   1900      285.965      285.964       121030
   2000      889.025      889.025       511660
   2100      2429.06      2429.06  1.88781e+06
   2200      5939.83      5939.82   6.1919e+06
   2300      13194.5      13194.5  1.83312e+07
   2400      26962.4      26962.4  4.96116e+07
   2500      51214.4      51214.5  1.24063e+08

   Pressure = 10 atm

   T(K) REACS->PRODS      REACS->      Capture
    300  2.24406e-60  2.24406e-60    2.349e-60
    400  1.78475e-41  1.78475e-41  2.06283e-41
    500  4.16098e-30  4.16098e-30  5.65698e-30
    600  1.56823e-22  1.56823e-22   2.6379e-22
    700    3.912e-17    3.912e-17  8.43573e-17
    800  4.17746e-13  4.17746e-13  1.18201e-12
    900  5.41664e-10  5.41664e-10  2.04065e-09
   1000  1.59929e-07  1.59929e-07  8.08943e-07
   1100  1.60624e-05  1.60624e-05  0.000109573
   1200   0.00071798   0.00071798   0.00661594
   1300    0.0172124    0.0172124     0.214178
   1400     0.252972     0.252972      4.24331
   1500      2.51479      2.51479      56.7053
   1600      18.2037      18.2037      549.917
   1700      101.533      101.533      4093.31
   1800      455.956      455.956      24430.7
   1900      1707.13      1707.13       121030
   2000      5478.46      5478.46       511660
   2100      15412.9      15412.9  1.88781e+06
   2200      38721.4      38721.4   6.1919e+06
   2300      88194.1      88194.1  1.83312e+07
   2400       184452       184452  4.96116e+07
   2500       358015       358015  1.24063e+08

   Pressure = 100 atm

   T(K) REACS->PRODS      REACS->      Capture
    300  2.33872e-60  2.33872e-60    2.349e-60
    400  2.01711e-41  2.01711e-41  2.06283e-41
    500  5.30333e-30  5.30333e-30  5.65698e-30
    600  2.29754e-22  2.29754e-22   2.6379e-22
    700  6.60618e-17  6.60618e-17  8.43573e-17
    800  8.07926e-13  8.07926e-13  1.18201e-12
    900  1.18747e-09  1.18747e-09  2.04065e-09
   1000  3.92854e-07  3.92854e-07  8.08943e-07
   1100  4.37252e-05  4.37252e-05  0.000109573
   1200   0.00214402   0.00214402   0.00661594
   1300    0.0558741    0.0558741     0.214178
   1400     0.885558     0.885558      4.24331
   1500      9.42638      9.42638      56.7053
   1600      72.6159      72.6159      549.917
   1700      428.702      428.702      4093.31
   1800      2028.14      2028.14      24430.7
   1900      7965.76      7965.76       121030
   2000        26718        26718       511660
   2100      78305.9      78305.9  1.88781e+06
   2200       204340       204340   6.1919e+06
   2300       482173       482173  1.83312e+07
   2400  1.04223e+06  1.04223e+06  4.96116e+07
   2500  2.08623e+06  2.08623e+06  1.24063e+08

   Pressure = 1000 atm

   T(K) REACS->PRODS      REACS->      Capture
    300  2.35106e-60  2.35106e-60    2.349e-60
    400  2.06024e-41  2.06024e-41  2.06283e-41
    500  5.61463e-30  5.61463e-30  5.65698e-30
    600  2.58123e-22  2.58123e-22   2.6379e-22
    700  8.03833e-17  8.03833e-17  8.43573e-17
    800  1.07955e-12  1.07955e-12  1.18201e-12
    900  1.75489e-09  1.75489e-09  2.04065e-09
   1000  6.43292e-07  6.43292e-07  8.08943e-07
   1100   7.9198e-05   7.9198e-05  0.000109573
   1200   0.00427894   0.00427894   0.00661594
   1300     0.122259     0.122259     0.214178
   1400      2.11286      2.11286      4.24331
   1500      24.3872      24.3872      56.7053
   1600      202.614      202.614      549.917
   1700      1283.49      1283.49      4093.31
   1800      6484.32      6484.32      24430.7
   1900      27077.5      27077.5       121030
   2000      96172.6      96172.6       511660
   2100       297371       297371  1.88781e+06
   2200       815924       815924   6.1919e+06
   2300  2.01815e+06  2.01815e+06  1.83312e+07
   2400  4.55966e+06  4.55966e+06  4.96116e+07
   2500  9.51499e+06  9.51499e+06  1.24063e+08

   Pressure = 10000 atm

   T(K) REACS->PRODS      REACS->      Capture
    300  2.35236e-60  2.35236e-60    2.349e-60
    400  2.06535e-41  2.06535e-41  2.06283e-41
    500  5.65997e-30  5.65997e-30  5.65698e-30
    600  2.63475e-22  2.63475e-22   2.6379e-22
    700   8.3934e-17   8.3934e-17  8.43573e-17
    800  1.16735e-12  1.16735e-12  1.18201e-12
    900   1.9897e-09   1.9897e-09  2.04065e-09
   1000  7.73175e-07  7.73175e-07  8.08943e-07
   1100  0.000101772  0.000101772  0.000109573
   1200   0.00591366   0.00591366   0.00661594
   1300     0.182353     0.182353     0.214178
   1400      3.40591      3.40591      4.24331
   1500      42.4815      42.4815      56.7053
   1600      380.925      380.925      549.917
   1700      2599.07      2599.07      4093.31
   1800        14108        14108      24430.7
   1900      63120.6      63120.6       121030
   2000       239505       239505       511660
   2100       788830       788830  1.88781e+06
   2200  2.29877e+06  2.29877e+06   6.1919e+06
   2300  6.02193e+06  6.02193e+06  1.83312e+07
   2400  1.43707e+07  1.43707e+07  4.96116e+07
   2500  3.15925e+07  3.15925e+07  1.24063e+08

   Pressure = 1 atm

   T(K) PRODS->REACS      PRODS->      Capture
    300  2.04318e-10  2.04318e-10  2.61809e-10
    400  1.64832e-10  1.64832e-10  2.86023e-10
    500  1.29633e-10  1.29633e-10  3.24386e-10
    600  9.97541e-11  9.97541e-11  3.70421e-10
    700  7.57718e-11  7.57718e-11  4.21722e-10
    800  5.71872e-11  5.71872e-11   4.7714e-10
    900   4.3053e-11   4.3053e-11  5.36023e-10
   1000  3.24484e-11  3.24484e-11  5.97959e-10
   1100   2.4501e-11   2.4501e-11  6.62667e-10
   1200  1.85564e-11  1.85564e-11   7.2994e-10
   1300  1.41047e-11  1.41047e-11  7.99622e-10
   1400  1.07647e-11  1.07647e-11  8.71589e-10
   1500  8.25273e-12  8.25273e-12   9.4574e-10
   1600  6.35529e-12  6.35529e-12  1.02199e-09
   1700  4.91657e-12  4.91657e-12  1.10027e-09
   1800  3.82074e-12  3.82074e-12  1.18052e-09
   1900  2.98338e-12  2.98338e-12  1.26267e-09
   2000  2.33989e-12  2.33989e-12  1.34669e-09
   2100   1.8432e-12   1.8432e-12  1.43251e-09
   2200  1.45819e-12  1.45819e-12  1.52012e-09
   2300  1.15838e-12  1.15838e-12  1.60945e-09
   2400  9.24048e-13  9.24048e-13  1.70049e-09
   2500  7.40063e-13  7.40063e-13   1.7932e-09

   Pressure = 10 atm

   T(K) PRODS->REACS      PRODS->      Capture
    300  2.50113e-10  2.50113e-10  2.61809e-10
    400  2.47466e-10  2.47466e-10  2.86023e-10
    500  2.38602e-10  2.38602e-10  3.24386e-10
    600  2.20215e-10  2.20215e-10  3.70421e-10
    700   1.9557e-10   1.9557e-10  4.21722e-10
    800  1.68631e-10  1.68631e-10   4.7714e-10
    900   1.4228e-10   1.4228e-10  5.36023e-10
   1000  1.18217e-10  1.18217e-10  5.97959e-10
   1100  9.71411e-11  9.71411e-11  6.62667e-10
   1200  7.92151e-11  7.92151e-11   7.2994e-10
   1300  6.42613e-11  6.42613e-11  7.99622e-10
   1400  5.19613e-11  5.19613e-11  8.71589e-10
   1500   4.1942e-11   4.1942e-11   9.4574e-10
   1600  3.38306e-11  3.38306e-11  1.02199e-09
   1700  2.72917e-11  2.72917e-11  1.10027e-09
   1800  2.20323e-11  2.20323e-11  1.18052e-09
   1900    1.781e-11    1.781e-11  1.26267e-09
   2000  1.44192e-11  1.44192e-11  1.34669e-09
   2100  1.16955e-11  1.16955e-11  1.43251e-09
   2200  9.50595e-12  9.50595e-12  1.52012e-09
   2300  7.74301e-12  7.74301e-12  1.60945e-09
   2400  6.32179e-12  6.32179e-12  1.70049e-09
   2500  5.17386e-12  5.17386e-12   1.7932e-09

   Pressure = 100 atm

   T(K) PRODS->REACS      PRODS->      Capture
    300  2.60663e-10  2.60663e-10  2.61809e-10
    400  2.79684e-10  2.79684e-10  2.86023e-10
    500  3.04107e-10  3.04107e-10  3.24386e-10
    600  3.22627e-10  3.22627e-10  3.70421e-10
    700  3.30259e-10  3.30259e-10  4.21722e-10
    800  3.26134e-10  3.26134e-10   4.7714e-10
    900  3.11915e-10  3.11915e-10  5.36023e-10
   1000  2.90392e-10  2.90392e-10  5.97959e-10
   1100  2.64438e-10  2.64438e-10  6.62667e-10
   1200   2.3655e-10   2.3655e-10   7.2994e-10
   1300  2.08602e-10  2.08602e-10  7.99622e-10
   1400  1.81896e-10  1.81896e-10  8.71589e-10
   1500  1.57215e-10  1.57215e-10   9.4574e-10
   1600  1.34953e-10  1.34953e-10  1.02199e-09
   1700  1.15234e-10  1.15234e-10  1.10027e-09
   1800  9.80018e-11  9.80018e-11  1.18052e-09
   1900  8.31045e-11  8.31045e-11  1.26267e-09
   2000  7.03216e-11  7.03216e-11  1.34669e-09
   2100  5.94199e-11  5.94199e-11  1.43251e-09
   2200  5.01652e-11  5.01652e-11  1.52012e-09
   2300  4.23332e-11  4.23332e-11  1.60945e-09
   2400  3.57222e-11  3.57222e-11  1.70049e-09
   2500  3.01515e-11  3.01515e-11   1.7932e-09

   Pressure = 1000 atm

   T(K) PRODS->REACS      PRODS->      Capture
    300  2.62039e-10  2.62039e-10  2.61809e-10
    400  2.85664e-10  2.85664e-10  2.86023e-10
    500  3.21958e-10  3.21958e-10  3.24386e-10
    600  3.62463e-10  3.62463e-10  3.70421e-10
    700  4.01855e-10  4.01855e-10  4.21722e-10
    800  4.35782e-10  4.35782e-10   4.7714e-10
    900  4.60961e-10  4.60961e-10  5.36023e-10
   1000  4.75513e-10  4.75513e-10  5.97959e-10
   1100  4.78969e-10  4.78969e-10  6.62667e-10
   1200  4.72097e-10  4.72097e-10   7.2994e-10
   1300  4.56447e-10  4.56447e-10  7.99622e-10
   1400  4.33988e-10  4.33988e-10  8.71589e-10
   1500  4.06733e-10  4.06733e-10   9.4574e-10
   1600  3.76547e-10  3.76547e-10  1.02199e-09
   1700  3.44998e-10  3.44998e-10  1.10027e-09
   1800  3.13329e-10  3.13329e-10  1.18052e-09
   1900  2.82492e-10  2.82492e-10  1.26267e-09
   2000  2.53125e-10  2.53125e-10  1.34669e-09
   2100  2.25651e-10  2.25651e-10  1.43251e-09
   2200  2.00309e-10  2.00309e-10  1.52012e-09
   2300  1.77189e-10  1.77189e-10  1.60945e-09
   2400  1.56285e-10  1.56285e-10  1.70049e-09
   2500  1.37524e-10  1.37524e-10   1.7932e-09

   Pressure = 10000 atm

   T(K) PRODS->REACS      PRODS->      Capture
    300  2.62183e-10  2.62183e-10  2.61809e-10
    400  2.86372e-10  2.86372e-10  2.86023e-10
    500  3.24558e-10  3.24558e-10  3.24386e-10
    600  3.69979e-10  3.69979e-10  3.70421e-10
    700  4.19606e-10  4.19606e-10  4.21722e-10
    800  4.71223e-10  4.71223e-10   4.7714e-10
    900  5.22639e-10  5.22639e-10  5.36023e-10
   1000   5.7152e-10   5.7152e-10  5.97959e-10
   1100  6.15492e-10  6.15492e-10  6.62667e-10
   1200  6.52457e-10  6.52457e-10   7.2994e-10
   1300  6.80804e-10  6.80804e-10  7.99622e-10
   1400  6.99584e-10  6.99584e-10  8.71589e-10
   1500  7.08514e-10  7.08514e-10   9.4574e-10
   1600  7.07929e-10  7.07929e-10  1.02199e-09
   1700  6.98622e-10  6.98622e-10  1.10027e-09
   1800  6.81713e-10  6.81713e-10  1.18052e-09
   1900   6.5852e-10   6.5852e-10  1.26267e-09
   2000  6.30376e-10  6.30376e-10  1.34669e-09
   2100  5.98581e-10  5.98581e-10  1.43251e-09
   2200  5.64348e-10  5.64348e-10  1.52012e-09
   2300  5.28715e-10  5.28715e-10  1.60945e-09
   2400  4.92569e-10  4.92569e-10  1.70049e-09
   2500  4.56632e-10  4.56632e-10   1.7932e-09

______________________________________________________________________________________

Temperature-Pressure Rate Tables:

REACS->PRODS

P\T              300          400          500          600          700          800          900         1000         1100         1200         1300         1400         1500         1600         1700         1800         1900         2000         2100         2200         2300         2400         2500
1        1.83318e-60  1.18879e-41  2.26067e-30  7.10384e-23  1.51567e-17  1.41669e-13  1.63904e-10  4.38975e-08  4.05127e-06  0.000168189   0.00377794    0.0524078     0.494823      3.41968       18.291      79.0699      285.965      889.025      2429.06      5939.83      13194.5      26962.4      51214.4
10       2.24406e-60  1.78475e-41  4.16098e-30  1.56823e-22    3.912e-17  4.17746e-13  5.41664e-10  1.59929e-07  1.60624e-05   0.00071798    0.0172124     0.252972      2.51479      18.2037      101.533      455.956      1707.13      5478.46      15412.9      38721.4      88194.1       184452       358015
100      2.33872e-60  2.01711e-41  5.30333e-30  2.29754e-22  6.60618e-17  8.07926e-13  1.18747e-09  3.92854e-07  4.37252e-05   0.00214402    0.0558741     0.885558      9.42638      72.6159      428.702      2028.14      7965.76        26718      78305.9       204340       482173  1.04223e+06  2.08623e+06
1000     2.35106e-60  2.06024e-41  5.61463e-30  2.58123e-22  8.03833e-17  1.07955e-12  1.75489e-09  6.43292e-07   7.9198e-05   0.00427894     0.122259      2.11286      24.3872      202.614      1283.49      6484.32      27077.5      96172.6       297371       815924  2.01815e+06  4.55966e+06  9.51499e+06
10000    2.35236e-60  2.06535e-41  5.65997e-30  2.63475e-22   8.3934e-17  1.16735e-12   1.9897e-09  7.73175e-07  0.000101772   0.00591366     0.182353      3.40591      42.4815      380.925      2599.07        14108      63120.6       239505       788830  2.29877e+06  6.02193e+06  1.43707e+07  3.15925e+07
O-O        2.349e-60  2.06283e-41  5.65698e-30   2.6379e-22  8.43573e-17  1.18201e-12  2.04065e-09  8.08943e-07  0.000109573   0.00661594     0.214178      4.24331      56.7053      549.917      4093.31      24430.7       121030       511660  1.88781e+06   6.1919e+06  1.83312e+07  4.96116e+07  1.24063e+08

PRODS->REACS

P\T              300          400          500          600          700          800          900         1000         1100         1200         1300         1400         1500         1600         1700         1800         1900         2000         2100         2200         2300         2400         2500
1        2.04318e-10  1.64832e-10  1.29633e-10  9.97541e-11  7.57718e-11  5.71872e-11   4.3053e-11  3.24484e-11   2.4501e-11  1.85564e-11  1.41047e-11  1.07647e-11  8.25273e-12  6.35529e-12  4.91657e-12  3.82074e-12  2.98338e-12  2.33989e-12   1.8432e-12  1.45819e-12  1.15838e-12  9.24048e-13  7.40063e-13
10       2.50113e-10  2.47466e-10  2.38602e-10  2.20215e-10   1.9557e-10  1.68631e-10   1.4228e-10  1.18217e-10  9.71411e-11  7.92151e-11  6.42613e-11  5.19613e-11   4.1942e-11  3.38306e-11  2.72917e-11  2.20323e-11    1.781e-11  1.44192e-11  1.16955e-11  9.50595e-12  7.74301e-12  6.32179e-12  5.17386e-12
100      2.60663e-10  2.79684e-10  3.04107e-10  3.22627e-10  3.30259e-10  3.26134e-10  3.11915e-10  2.90392e-10  2.64438e-10   2.3655e-10  2.08602e-10  1.81896e-10  1.57215e-10  1.34953e-10  1.15234e-10  9.80018e-11  8.31045e-11  7.03216e-11  5.94199e-11  5.01652e-11  4.23332e-11  3.57222e-11  3.01515e-11
1000     2.62039e-10  2.85664e-10  3.21958e-10  3.62463e-10  4.01855e-10  4.35782e-10  4.60961e-10  4.75513e-10  4.78969e-10  4.72097e-10  4.56447e-10  4.33988e-10  4.06733e-10  3.76547e-10  3.44998e-10  3.13329e-10  2.82492e-10  2.53125e-10  2.25651e-10  2.00309e-10  1.77189e-10  1.56285e-10  1.37524e-10
10000    2.62183e-10  2.86372e-10  3.24558e-10  3.69979e-10  4.19606e-10  4.71223e-10  5.22639e-10   5.7152e-10  6.15492e-10  6.52457e-10  6.80804e-10  6.99584e-10  7.08514e-10  7.07929e-10  6.98622e-10  6.81713e-10   6.5852e-10  6.30376e-10  5.98581e-10  5.64348e-10  5.28715e-10  4.92569e-10  4.56632e-10
O-O      2.61809e-10  2.86023e-10  3.24386e-10  3.70421e-10  4.21722e-10   4.7714e-10  5.36023e-10  5.97959e-10  6.62667e-10   7.2994e-10  7.99622e-10  8.71589e-10   9.4574e-10  1.02199e-09  1.10027e-09  1.18052e-09  1.26267e-09  1.34669e-09  1.43251e-09  1.52012e-09  1.60945e-09  1.70049e-09   1.7932e-09

REACS-> 

P\T              300          400          500          600          700          800          900         1000         1100         1200         1300         1400         1500         1600         1700         1800         1900         2000         2100         2200         2300         2400         2500
1        1.83318e-60  1.18879e-41  2.26067e-30  7.10384e-23  1.51567e-17  1.41669e-13  1.63904e-10  4.38975e-08  4.05127e-06  0.000168189   0.00377794    0.0524078     0.494823      3.41968       18.291      79.0699      285.964      889.025      2429.06      5939.82      13194.5      26962.4      51214.5
10       2.24406e-60  1.78475e-41  4.16098e-30  1.56823e-22    3.912e-17  4.17746e-13  5.41664e-10  1.59929e-07  1.60624e-05   0.00071798    0.0172124     0.252972      2.51479      18.2037      101.533      455.956      1707.13      5478.46      15412.9      38721.4      88194.1       184452       358015
100      2.33872e-60  2.01711e-41  5.30333e-30  2.29754e-22  6.60618e-17  8.07926e-13  1.18747e-09  3.92854e-07  4.37252e-05   0.00214402    0.0558741     0.885558      9.42638      72.6159      428.702      2028.14      7965.76        26718      78305.9       204340       482173  1.04223e+06  2.08623e+06
1000     2.35106e-60  2.06024e-41  5.61463e-30  2.58123e-22  8.03833e-17  1.07955e-12  1.75489e-09  6.43292e-07   7.9198e-05   0.00427894     0.122259      2.11286      24.3872      202.614      1283.49      6484.32      27077.5      96172.6       297371       815924  2.01815e+06  4.55966e+06  9.51499e+06
10000    2.35236e-60  2.06535e-41  5.65997e-30  2.63475e-22   8.3934e-17  1.16735e-12   1.9897e-09  7.73175e-07  0.000101772   0.00591366     0.182353      3.40591      42.4815      380.925      2599.07        14108      63120.6       239505       788830  2.29877e+06  6.02193e+06  1.43707e+07  3.15925e+07
O-O        2.349e-60  2.06283e-41  5.65698e-30   2.6379e-22  8.43573e-17  1.18201e-12  2.04065e-09  8.08943e-07  0.000109573   0.00661594     0.214178      4.24331      56.7053      549.917      4093.31      24430.7       121030       511660  1.88781e+06   6.1919e+06  1.83312e+07  4.96116e+07  1.24063e+08

PRODS-> 

P\T              300          400          500          600          700          800          900         1000         1100         1200         1300         1400         1500         1600         1700         1800         1900         2000         2100         2200         2300         2400         2500
1        2.04318e-10  1.64832e-10  1.29633e-10  9.97541e-11  7.57718e-11  5.71872e-11   4.3053e-11  3.24484e-11   2.4501e-11  1.85564e-11  1.41047e-11  1.07647e-11  8.25273e-12  6.35529e-12  4.91657e-12  3.82074e-12  2.98338e-12  2.33989e-12   1.8432e-12  1.45819e-12  1.15838e-12  9.24048e-13  7.40063e-13
10       2.50113e-10  2.47466e-10  2.38602e-10  2.20215e-10   1.9557e-10  1.68631e-10   1.4228e-10  1.18217e-10  9.71411e-11  7.92151e-11  6.42613e-11  5.19613e-11   4.1942e-11  3.38306e-11  2.72917e-11  2.20323e-11    1.781e-11  1.44192e-11  1.16955e-11  9.50595e-12  7.74301e-12  6.32179e-12  5.17386e-12
100      2.60663e-10  2.79684e-10  3.04107e-10  3.22627e-10  3.30259e-10  3.26134e-10  3.11915e-10  2.90392e-10  2.64438e-10   2.3655e-10  2.08602e-10  1.81896e-10  1.57215e-10  1.34953e-10  1.15234e-10  9.80018e-11  8.31045e-11  7.03216e-11  5.94199e-11  5.01652e-11  4.23332e-11  3.57222e-11  3.01515e-11
1000     2.62039e-10  2.85664e-10  3.21958e-10  3.62463e-10  4.01855e-10  4.35782e-10  4.60961e-10  4.75513e-10  4.78969e-10  4.72097e-10  4.56447e-10  4.33988e-10  4.06733e-10  3.76547e-10  3.44998e-10  3.13329e-10  2.82492e-10  2.53125e-10  2.25651e-10  2.00309e-10  1.77189e-10  1.56285e-10  1.37524e-10
10000    2.62183e-10  2.86372e-10  3.24558e-10  3.69979e-10  4.19606e-10  4.71223e-10  5.22639e-10   5.7152e-10  6.15492e-10  6.52457e-10  6.80804e-10  6.99584e-10  7.08514e-10  7.07929e-10  6.98622e-10  6.81713e-10   6.5852e-10  6.30376e-10  5.98581e-10  5.64348e-10  5.28715e-10  4.92569e-10  4.56632e-10
O-O      2.61809e-10  2.86023e-10  3.24386e-10  3.70421e-10  4.21722e-10   4.7714e-10  5.36023e-10  5.97959e-10  6.62667e-10   7.2994e-10  7.99622e-10  8.71589e-10   9.4574e-10  1.02199e-09  1.10027e-09  1.18052e-09  1.26267e-09  1.34669e-09  1.43251e-09  1.52012e-09  1.60945e-09  1.70049e-09   1.7932e-09

