Wells (G - ground energy, D - dissociation limit, kcal/mol):
      Name        G        D
     REACS      0.0     98.7

Bimolecular Products (G - ground energy, kcal/mol):
      Name        G
     PRODS    102.6

Well-to-Bimolecular Barriers (H/G - barrier height/well depth, kcal/mol)
      Name        H     Well        G  Product
        TS     98.7    REACS      0.0    PRODS

________________________________________________________________________________________

Unimolecular Rate Units: 1/sec;  Bimolecular Rate Units: cm^3/sec

______________________________________________________________________________________

Species-Species Rate Tables:

Temperature = 300 K

High Pressure Rate Coefficients:

From\To         REACS        PRODS
REACS             ***  1.76634e-58
PRODS     1.96868e-08          ***

Temperature = 300 K    Pressure = 1 atm

From\To         REACS        PRODS
REACS     1.64773e-58  1.64773e-58
PRODS     1.83648e-08  1.83648e-08

Temperature = 300 K    Pressure = 10 atm

From\To         REACS        PRODS
REACS     1.74942e-58  1.74942e-58
PRODS     1.94982e-08  1.94982e-08

Temperature = 300 K    Pressure = 100 atm

From\To         REACS        PRODS
REACS     1.76359e-58  1.76359e-58
PRODS     1.96561e-08  1.96561e-08

Temperature = 300 K    Pressure = 1000 atm

From\To         REACS        PRODS
REACS      1.7651e-58   1.7651e-58
PRODS      1.9673e-08   1.9673e-08

Temperature = 300 K    Pressure = 10000 atm

From\To         REACS        PRODS
REACS     1.76525e-58  1.76525e-58
PRODS     1.96746e-08  1.96746e-08

Temperature = 400 K

High Pressure Rate Coefficients:

From\To         REACS        PRODS
REACS             ***  3.11553e-40
PRODS     4.31985e-09          ***

Temperature = 400 K    Pressure = 1 atm

From\To         REACS        PRODS
REACS     2.56618e-40  2.56618e-40
PRODS     3.55815e-09  3.55815e-09

Temperature = 400 K    Pressure = 10 atm

From\To         REACS        PRODS
REACS      3.0096e-40   3.0096e-40
PRODS     4.17298e-09  4.17298e-09

Temperature = 400 K    Pressure = 100 atm

From\To         REACS        PRODS
REACS     3.10057e-40  3.10057e-40
PRODS     4.29912e-09  4.29912e-09

Temperature = 400 K    Pressure = 1000 atm

From\To         REACS        PRODS
REACS     3.11182e-40  3.11182e-40
PRODS     4.31471e-09  4.31471e-09

Temperature = 400 K    Pressure = 10000 atm

From\To         REACS        PRODS
REACS     3.11298e-40  3.11298e-40
PRODS     4.31632e-09  4.31632e-09

Temperature = 500 K

High Pressure Rate Coefficients:

From\To         REACS        PRODS
REACS             ***  3.22105e-29
PRODS     1.84704e-09          ***

Temperature = 500 K    Pressure = 1 atm

From\To         REACS        PRODS
REACS     2.19389e-29  2.19389e-29
PRODS     1.25804e-09  1.25804e-09

Temperature = 500 K    Pressure = 10 atm

From\To         REACS        PRODS
REACS     2.94746e-29  2.94746e-29
PRODS     1.69015e-09  1.69015e-09

Temperature = 500 K    Pressure = 100 atm

From\To         REACS        PRODS
REACS     3.17774e-29  3.17774e-29
PRODS      1.8222e-09   1.8222e-09

Temperature = 500 K    Pressure = 1000 atm

From\To         REACS        PRODS
REACS     3.21374e-29  3.21374e-29
PRODS     1.84285e-09  1.84285e-09

Temperature = 500 K    Pressure = 10000 atm

From\To         REACS        PRODS
REACS     3.21773e-29  3.21773e-29
PRODS     1.84513e-09  1.84513e-09

Temperature = 600 K

High Pressure Rate Coefficients:

From\To         REACS        PRODS
REACS             ***  7.79554e-22
PRODS     1.09467e-09          ***

Temperature = 600 K    Pressure = 1 atm

From\To         REACS        PRODS
REACS     4.18154e-22  4.18154e-22
PRODS     5.87184e-10  5.87184e-10

Temperature = 600 K    Pressure = 10 atm

From\To         REACS        PRODS
REACS     6.52285e-22  6.52285e-22
PRODS     9.15957e-10  9.15957e-10

Temperature = 600 K    Pressure = 100 atm

From\To         REACS        PRODS
REACS      7.5473e-22   7.5473e-22
PRODS     1.05981e-09  1.05981e-09

Temperature = 600 K    Pressure = 1000 atm

From\To         REACS        PRODS
REACS     7.75878e-22  7.75878e-22
PRODS     1.08951e-09  1.08951e-09

Temperature = 600 K    Pressure = 10000 atm

From\To         REACS        PRODS
REACS      7.7852e-22   7.7852e-22
PRODS     1.09322e-09  1.09322e-09

Temperature = 700 K

High Pressure Rate Coefficients:

From\To         REACS        PRODS
REACS             ***  1.55616e-16
PRODS     7.77961e-10          ***

Temperature = 700 K    Pressure = 1 atm

From\To         REACS        PRODS
REACS     6.36404e-17  6.36404e-17
PRODS     3.18153e-10  3.18153e-10

Temperature = 700 K    Pressure = 10 atm

From\To         REACS        PRODS
REACS     1.15019e-16  1.15019e-16
PRODS     5.75006e-10  5.75006e-10

Temperature = 700 K    Pressure = 100 atm

From\To         REACS        PRODS
REACS     1.45671e-16  1.45671e-16
PRODS     7.28246e-10  7.28246e-10

Temperature = 700 K    Pressure = 1000 atm

From\To         REACS        PRODS
REACS     1.54076e-16  1.54076e-16
PRODS     7.70262e-10  7.70262e-10

Temperature = 700 K    Pressure = 10000 atm

From\To         REACS        PRODS
REACS     1.55314e-16  1.55314e-16
PRODS      7.7645e-10   7.7645e-10

Temperature = 800 K

High Pressure Rate Coefficients:

From\To         REACS        PRODS
REACS             ***  1.52892e-12
PRODS     6.17176e-10          ***

Temperature = 800 K    Pressure = 1 atm

From\To         REACS        PRODS
REACS     4.67283e-13  4.67283e-13
PRODS     1.88627e-10  1.88627e-10

Temperature = 800 K    Pressure = 10 atm

From\To         REACS        PRODS
REACS     9.68874e-13  9.68874e-13
PRODS     3.91104e-10  3.91104e-10

Temperature = 800 K    Pressure = 100 atm

From\To         REACS        PRODS
REACS     1.35904e-12  1.35904e-12
PRODS     5.48601e-10  5.48601e-10

Temperature = 800 K    Pressure = 1000 atm

From\To         REACS        PRODS
REACS     1.49914e-12  1.49914e-12
PRODS     6.05156e-10  6.05156e-10

Temperature = 800 K    Pressure = 10000 atm

From\To         REACS        PRODS
REACS     1.52418e-12  1.52418e-12
PRODS     6.15263e-10  6.15263e-10

Temperature = 900 K

High Pressure Rate Coefficients:

From\To         REACS        PRODS
REACS             ***  2.00087e-09
PRODS     5.25575e-10          ***

Temperature = 900 K    Pressure = 1 atm

From\To         REACS        PRODS
REACS      4.5154e-10   4.5154e-10
PRODS     1.18607e-10  1.18607e-10

Temperature = 900 K    Pressure = 10 atm

From\To         REACS        PRODS
REACS     1.06095e-09  1.06095e-09
PRODS     2.78684e-10  2.78684e-10

Temperature = 900 K    Pressure = 100 atm

From\To         REACS        PRODS
REACS     1.65612e-09  1.65612e-09
PRODS     4.35019e-10  4.35019e-10

Temperature = 900 K    Pressure = 1000 atm

From\To         REACS        PRODS
REACS     1.92998e-09  1.92998e-09
PRODS     5.06952e-10  5.06952e-10

Temperature = 900 K    Pressure = 10000 atm

From\To         REACS        PRODS
REACS     1.99011e-09  1.99011e-09
PRODS     5.22748e-10  5.22748e-10

Temperature = 1000 K

High Pressure Rate Coefficients:

From\To         REACS        PRODS
REACS             ***  6.35131e-07
PRODS      4.6948e-10          ***

Temperature = 1000 K    Pressure = 1 atm

From\To         REACS        PRODS
REACS     1.05194e-07  1.05194e-07
PRODS     7.77578e-11  7.77578e-11

Temperature = 1000 K    Pressure = 10 atm

From\To         REACS        PRODS
REACS     2.76562e-07  2.76562e-07
PRODS      2.0443e-10   2.0443e-10

Temperature = 1000 K    Pressure = 100 atm

From\To         REACS        PRODS
REACS     4.80263e-07  4.80263e-07
PRODS     3.55004e-10  3.55004e-10

Temperature = 1000 K    Pressure = 1000 atm

From\To         REACS        PRODS
REACS     5.97589e-07  5.97589e-07
PRODS      4.4173e-10   4.4173e-10

Temperature = 1000 K    Pressure = 10000 atm

From\To         REACS        PRODS
REACS     6.29269e-07  6.29269e-07
PRODS     4.65147e-10  4.65147e-10

Temperature = 1100 K

High Pressure Rate Coefficients:

From\To         REACS        PRODS
REACS             ***  7.17001e-05
PRODS     4.33623e-10          ***

Temperature = 1100 K    Pressure = 1 atm

From\To         REACS        PRODS
REACS     8.69461e-06  8.69461e-06
PRODS     5.25827e-11  5.25827e-11

Temperature = 1100 K    Pressure = 10 atm

From\To         REACS        PRODS
REACS     2.52786e-05  2.52786e-05
PRODS     1.52878e-10  1.52878e-10

Temperature = 1100 K    Pressure = 100 atm

From\To         REACS        PRODS
REACS     4.86669e-05  4.86669e-05
PRODS     2.94325e-10  2.94325e-10

Temperature = 1100 K    Pressure = 1000 atm

From\To         REACS        PRODS
REACS     6.51578e-05  6.51578e-05
PRODS     3.94057e-10  3.94057e-10

Temperature = 1100 K    Pressure = 10000 atm

From\To         REACS        PRODS
REACS     7.05987e-05  7.05987e-05
PRODS     4.26962e-10  4.26962e-10

Temperature = 1200 K

High Pressure Rate Coefficients:

From\To         REACS        PRODS
REACS             ***   0.00371836
PRODS     4.10249e-10          ***

Temperature = 1200 K    Pressure = 1 atm

From\To         REACS        PRODS
REACS     0.000330006  0.000330006
PRODS     3.64098e-11  3.64098e-11

Temperature = 1200 K    Pressure = 10 atm

From\To         REACS        PRODS
REACS      0.00105012   0.00105012
PRODS      1.1586e-10   1.1586e-10

Temperature = 1200 K    Pressure = 100 atm

From\To         REACS        PRODS
REACS      0.00223005   0.00223005
PRODS     2.46042e-10  2.46042e-10

Temperature = 1200 K    Pressure = 1000 atm

From\To         REACS        PRODS
REACS      0.00322821   0.00322821
PRODS      3.5617e-10   3.5617e-10

Temperature = 1200 K    Pressure = 10000 atm

From\To         REACS        PRODS
REACS      0.00362661   0.00362661
PRODS     4.00126e-10  4.00126e-10

Temperature = 1300 K

High Pressure Rate Coefficients:

From\To         REACS        PRODS
REACS             ***     0.105818
PRODS     3.95065e-10          ***

Temperature = 1300 K    Pressure = 1 atm

From\To         REACS        PRODS
REACS       0.0068865    0.0068865
PRODS     2.57103e-11  2.57103e-11

Temperature = 1300 K    Pressure = 10 atm

From\To         REACS        PRODS
REACS       0.0237612    0.0237612
PRODS     8.87111e-11  8.87111e-11

Temperature = 1300 K    Pressure = 100 atm

From\To         REACS        PRODS
REACS         0.05533      0.05533
PRODS     2.06571e-10  2.06571e-10

Temperature = 1300 K    Pressure = 1000 atm

From\To         REACS        PRODS
REACS       0.0868022    0.0868022
PRODS     3.24071e-10  3.24071e-10

Temperature = 1300 K    Pressure = 10000 atm

From\To         REACS        PRODS
REACS        0.101825     0.101825
PRODS     3.80155e-10  3.80155e-10

Temperature = 1400 K

High Pressure Rate Coefficients:

From\To         REACS        PRODS
REACS             ***      1.87694
PRODS     3.85528e-10          ***

Temperature = 1400 K    Pressure = 1 atm

From\To         REACS        PRODS
REACS       0.0898259    0.0898258
PRODS     1.84505e-11  1.84505e-11

Temperature = 1400 K    Pressure = 10 atm

From\To         REACS        PRODS
REACS        0.333385     0.333385
PRODS     6.84782e-11  6.84782e-11

Temperature = 1400 K    Pressure = 100 atm

From\To         REACS        PRODS
REACS        0.846046     0.846046
PRODS      1.7378e-10   1.7378e-10

Temperature = 1400 K    Pressure = 1000 atm

From\To         REACS        PRODS
REACS         1.43897      1.43897
PRODS     2.95569e-10  2.95569e-10

Temperature = 1400 K    Pressure = 10000 atm

From\To         REACS        PRODS
REACS         1.77342      1.77342
PRODS     3.64266e-10  3.64266e-10

Temperature = 1500 K

High Pressure Rate Coefficients:

From\To         REACS        PRODS
REACS             ***      22.7871
PRODS     3.80048e-10          ***

Temperature = 1500 K    Pressure = 1 atm

From\To         REACS        PRODS
REACS        0.804791     0.804791
PRODS     1.34224e-11  1.34224e-11

Temperature = 1500 K    Pressure = 10 atm

From\To         REACS        PRODS
REACS         3.19074      3.19074
PRODS     5.32157e-11  5.32157e-11

Temperature = 1500 K    Pressure = 100 atm

From\To         REACS        PRODS
REACS         8.77229      8.77229
PRODS     1.46306e-10  1.46306e-10

Temperature = 1500 K    Pressure = 1000 atm

From\To         REACS        PRODS
REACS         16.1592      16.1592
PRODS     2.69505e-10  2.69505e-10

Temperature = 1500 K    Pressure = 10000 atm

From\To         REACS        PRODS
REACS         21.0267      21.0267
PRODS     3.50687e-10  3.50687e-10

Temperature = 1600 K

High Pressure Rate Coefficients:

From\To         REACS        PRODS
REACS             ***      203.171
PRODS     3.77582e-10          ***

Temperature = 1600 K    Pressure = 1 atm

From\To         REACS        PRODS
REACS         5.31777      5.31777
PRODS     9.88278e-12  9.88278e-12

Temperature = 1600 K    Pressure = 10 atm

From\To         REACS        PRODS
REACS         22.3851      22.3851
PRODS     4.16014e-11  4.16014e-11

Temperature = 1600 K    Pressure = 100 atm

From\To         REACS        PRODS
REACS         66.2956      66.2956
PRODS     1.23207e-10  1.23207e-10

Temperature = 1600 K    Pressure = 1000 atm

From\To         REACS        PRODS
REACS         131.998      131.998
PRODS      2.4531e-10   2.4531e-10

Temperature = 1600 K    Pressure = 10000 atm

From\To         REACS        PRODS
REACS         182.023      182.023
PRODS     3.38281e-10  3.38281e-10

Temperature = 1700 K

High Pressure Rate Coefficients:

From\To         REACS        PRODS
REACS             ***      1404.12
PRODS     3.77424e-10          ***

Temperature = 1700 K    Pressure = 1 atm

From\To         REACS        PRODS
REACS         27.3594      27.3594
PRODS     7.35413e-12  7.35413e-12

Temperature = 1700 K    Pressure = 10 atm

From\To         REACS        PRODS
REACS         121.634      121.634
PRODS     3.26948e-11  3.26948e-11

Temperature = 1700 K    Pressure = 100 atm

From\To         REACS        PRODS
REACS         386.004      386.004
PRODS     1.03757e-10  1.03757e-10

Temperature = 1700 K    Pressure = 1000 atm

From\To         REACS        PRODS
REACS         828.545      828.545
PRODS     2.22711e-10  2.22711e-10

Temperature = 1700 K    Pressure = 10000 atm

From\To         REACS        PRODS
REACS         1213.98      1213.98
PRODS     3.26316e-10  3.26316e-10

Temperature = 1800 K

High Pressure Rate Coefficients:

From\To         REACS        PRODS
REACS             ***      7844.98
PRODS     3.79078e-10          ***

Temperature = 1800 K    Pressure = 1 atm

From\To         REACS        PRODS
REACS         114.327      114.327
PRODS      5.5244e-12   5.5244e-12

Temperature = 1800 K    Pressure = 10 atm

From\To         REACS        PRODS
REACS         534.321      534.321
PRODS      2.5819e-11   2.5819e-11

Temperature = 1800 K    Pressure = 100 atm

From\To         REACS        PRODS
REACS         1808.22      1808.22
PRODS     8.73749e-11  8.73749e-11

Temperature = 1800 K    Pressure = 1000 atm

From\To         REACS        PRODS
REACS         4171.89      4171.89
PRODS     2.01591e-10  2.01591e-10

Temperature = 1800 K    Pressure = 10000 atm

From\To         REACS        PRODS
REACS         6505.09      6505.09
PRODS     3.14333e-10  3.14333e-10

Temperature = 1900 K

High Pressure Rate Coefficients:

From\To         REACS        PRODS
REACS             ***      36633.5
PRODS     3.82187e-10          ***

Temperature = 1900 K    Pressure = 1 atm

From\To         REACS        PRODS
REACS         401.282      401.282
PRODS     4.18645e-12  4.18645e-12

Temperature = 1900 K    Pressure = 10 atm

From\To         REACS        PRODS
REACS          1963.4       1963.4
PRODS     2.04836e-11  2.04836e-11

Temperature = 1900 K    Pressure = 100 atm

From\To         REACS        PRODS
REACS         7053.79      7053.79
PRODS     7.35902e-11  7.35902e-11

Temperature = 1900 K    Pressure = 1000 atm

From\To         REACS        PRODS
REACS         17437.8      17437.8
PRODS     1.81924e-10  1.81924e-10

Temperature = 1900 K    Pressure = 10000 atm

From\To         REACS        PRODS
REACS         28956.3      28956.3
PRODS     3.02093e-10  3.02093e-10

Temperature = 2000 K

High Pressure Rate Coefficients:

From\To         REACS        PRODS
REACS             ***       146842
PRODS     3.86487e-10          ***

Temperature = 2000 K    Pressure = 1 atm

From\To         REACS        PRODS
REACS         1214.78      1214.78
PRODS     3.19727e-12  3.19727e-12

Temperature = 2000 K    Pressure = 10 atm

From\To         REACS        PRODS
REACS         6201.29      6201.29
PRODS     1.63217e-11  1.63217e-11

Temperature = 2000 K    Pressure = 100 atm

From\To         REACS        PRODS
REACS         23555.7      23555.7
PRODS     6.19985e-11  6.19985e-11

Temperature = 2000 K    Pressure = 1000 atm

From\To         REACS        PRODS
REACS         62194.7      62194.7
PRODS     1.63696e-10  1.63696e-10

Temperature = 2000 K    Pressure = 10000 atm

From\To         REACS        PRODS
REACS          109987       109987
PRODS     2.89486e-10  2.89486e-10

Temperature = 2100 K

High Pressure Rate Coefficients:

From\To         REACS        PRODS
REACS             ***       516301
PRODS      3.9178e-10          ***

Temperature = 2100 K    Pressure = 1 atm

From\To         REACS        PRODS
REACS         3240.02      3240.02
PRODS     2.45855e-12  2.45855e-12

Temperature = 2100 K    Pressure = 10 atm

From\To         REACS        PRODS
REACS         17203.3      17203.3
PRODS     1.30541e-11  1.30541e-11

Temperature = 2100 K    Pressure = 100 atm

From\To         REACS        PRODS
REACS         68847.1      68847.1
PRODS     5.22425e-11  5.22425e-11

Temperature = 2100 K    Pressure = 1000 atm

From\To         REACS        PRODS
REACS          193554       193554
PRODS     1.46873e-10  1.46873e-10

Temperature = 2100 K    Pressure = 10000 atm

From\To         REACS        PRODS
REACS          364362       364362
PRODS     2.76485e-10  2.76485e-10

Temperature = 2200 K

High Pressure Rate Coefficients:

From\To         REACS        PRODS
REACS             ***  1.62082e+06
PRODS     3.97913e-10          ***

Temperature = 2200 K    Pressure = 1 atm

From\To         REACS        PRODS
REACS         7753.52      7753.52
PRODS     1.90343e-12  1.90343e-12

Temperature = 2200 K    Pressure = 10 atm

From\To         REACS        PRODS
REACS         42697.7      42697.7
PRODS     1.04821e-11  1.04821e-11

Temperature = 2200 K    Pressure = 100 atm

From\To         REACS        PRODS
REACS          179427       179427
PRODS     4.40493e-11  4.40493e-11

Temperature = 2200 K    Pressure = 1000 atm

From\To         REACS        PRODS
REACS          535459       535459
PRODS     1.31455e-10  1.31455e-10

Temperature = 2200 K    Pressure = 10000 atm

From\To         REACS        PRODS
REACS     1.07198e+06  1.07198e+06
PRODS     2.63172e-10  2.63172e-10

Temperature = 2300 K

High Pressure Rate Coefficients:

From\To         REACS        PRODS
REACS             ***  4.61019e+06
PRODS     4.04768e-10          ***

Temperature = 2300 K    Pressure = 1 atm

From\To         REACS        PRODS
REACS         16893.3      16893.3
PRODS     1.48309e-12  1.48309e-12

Temperature = 2300 K    Pressure = 10 atm

From\To         REACS        PRODS
REACS         96236.5      96236.5
PRODS     8.44909e-12  8.44909e-12

Temperature = 2300 K    Pressure = 100 atm

From\To         REACS        PRODS
REACS          423325       423325
PRODS     3.71668e-11  3.71668e-11

Temperature = 2300 K    Pressure = 1000 atm

From\To         REACS        PRODS
REACS     1.33706e+06  1.33706e+06
PRODS     1.17392e-10  1.17392e-10

Temperature = 2300 K    Pressure = 10000 atm

From\To         REACS        PRODS
REACS     2.84325e+06  2.84325e+06
PRODS     2.49633e-10  2.49633e-10

Temperature = 2400 K

High Pressure Rate Coefficients:

From\To         REACS        PRODS
REACS             ***  1.20273e+07
PRODS     4.12249e-10          ***

Temperature = 2400 K    Pressure = 1 atm

From\To         REACS        PRODS
REACS         33926.2      33926.2
PRODS     1.16268e-12  1.16268e-12

Temperature = 2400 K    Pressure = 10 atm

From\To         REACS        PRODS
REACS          199453       199453
PRODS     6.83593e-12  6.83593e-12

Temperature = 2400 K    Pressure = 100 atm

From\To         REACS        PRODS
REACS          915739       915739
PRODS      3.1387e-11   3.1387e-11

Temperature = 2400 K    Pressure = 1000 atm

From\To         REACS        PRODS
REACS      3.0525e+06   3.0525e+06
PRODS     1.04627e-10  1.04627e-10

Temperature = 2400 K    Pressure = 10000 atm

From\To         REACS        PRODS
REACS     6.88484e+06  6.88484e+06
PRODS     2.35985e-10  2.35985e-10

Temperature = 2500 K

High Pressure Rate Coefficients:

From\To         REACS        PRODS
REACS             ***  2.90774e+07
PRODS     4.20283e-10          ***

Temperature = 2500 K    Pressure = 1 atm

From\To         REACS        PRODS
REACS         63440.7      63440.7
PRODS     9.16685e-13  9.16685e-13

Temperature = 2500 K    Pressure = 10 atm

From\To         REACS        PRODS
REACS          384035       384035
PRODS     5.54987e-12  5.54987e-12

Temperature = 2500 K    Pressure = 100 atm

From\To         REACS        PRODS
REACS     1.83556e+06  1.83556e+06
PRODS     2.65292e-11  2.65292e-11

Temperature = 2500 K    Pressure = 1000 atm

From\To         REACS        PRODS
REACS     6.44029e+06  6.44029e+06
PRODS     9.30857e-11  9.30857e-11

Temperature = 2500 K    Pressure = 10000 atm

From\To         REACS        PRODS
REACS     1.53829e+07  1.53829e+07
PRODS     2.22344e-10  2.22344e-10

______________________________________________________________________________________

High Pressure Rate Coefficients (Temperature-Species Rate Tables):

   T(K) REACS->REACS REACS->PRODS
    300          ***  1.76634e-58
    400          ***  3.11553e-40
    500          ***  3.22105e-29
    600          ***  7.79554e-22
    700          ***  1.55616e-16
    800          ***  1.52892e-12
    900          ***  2.00087e-09
   1000          ***  6.35131e-07
   1100          ***  7.17001e-05
   1200          ***   0.00371836
   1300          ***     0.105818
   1400          ***      1.87694
   1500          ***      22.7871
   1600          ***      203.171
   1700          ***      1404.12
   1800          ***      7844.98
   1900          ***      36633.5
   2000          ***       146842
   2100          ***       516301
   2200          ***  1.62082e+06
   2300          ***  4.61019e+06
   2400          ***  1.20273e+07
   2500          ***  2.90774e+07

   T(K) PRODS->REACS PRODS->PRODS
    300  1.96868e-08          ***
    400  4.31985e-09          ***
    500  1.84704e-09          ***
    600  1.09467e-09          ***
    700  7.77961e-10          ***
    800  6.17176e-10          ***
    900  5.25575e-10          ***
   1000   4.6948e-10          ***
   1100  4.33623e-10          ***
   1200  4.10249e-10          ***
   1300  3.95065e-10          ***
   1400  3.85528e-10          ***
   1500  3.80048e-10          ***
   1600  3.77582e-10          ***
   1700  3.77424e-10          ***
   1800  3.79078e-10          ***
   1900  3.82187e-10          ***
   2000  3.86487e-10          ***
   2100   3.9178e-10          ***
   2200  3.97913e-10          ***
   2300  4.04768e-10          ***
   2400  4.12249e-10          ***
   2500  4.20283e-10          ***

Capture/Escape Rate Coefficients:

   T(K)        REACS        PRODS
    300  1.76634e-58  1.96868e-08
    400  3.11553e-40  4.31985e-09
    500  3.22105e-29  1.84704e-09
    600  7.79554e-22  1.09467e-09
    700  1.55616e-16  7.77961e-10
    800  1.52892e-12  6.17176e-10
    900  2.00087e-09  5.25575e-10
   1000  6.35131e-07   4.6948e-10
   1100  7.17001e-05  4.33623e-10
   1200   0.00371836  4.10249e-10
   1300     0.105818  3.95065e-10
   1400      1.87694  3.85528e-10
   1500      22.7871  3.80048e-10
   1600      203.171  3.77582e-10
   1700      1404.12  3.77424e-10
   1800      7844.98  3.79078e-10
   1900      36633.5  3.82187e-10
   2000       146842  3.86487e-10
   2100       516301   3.9178e-10
   2200  1.62082e+06  3.97913e-10
   2300  4.61019e+06  4.04768e-10
   2400  1.20273e+07  4.12249e-10
   2500  2.90774e+07  4.20283e-10

______________________________________________________________________________________

Pressure-Species Rate Tables:

   Temperature = 300 K

   P(atm) REACS->PRODS      REACS->
        1  1.64773e-58  1.64773e-58
       10  1.74942e-58  1.74942e-58
      100  1.76359e-58  1.76359e-58
     1000   1.7651e-58   1.7651e-58
    10000  1.76525e-58  1.76525e-58
    O-O  1.76634e-58  1.76634e-58

   Temperature = 400 K

   P(atm) REACS->PRODS      REACS->
        1  2.56618e-40  2.56618e-40
       10   3.0096e-40   3.0096e-40
      100  3.10057e-40  3.10057e-40
     1000  3.11182e-40  3.11182e-40
    10000  3.11298e-40  3.11298e-40
    O-O  3.11553e-40  3.11553e-40

   Temperature = 500 K

   P(atm) REACS->PRODS      REACS->
        1  2.19389e-29  2.19389e-29
       10  2.94746e-29  2.94746e-29
      100  3.17774e-29  3.17774e-29
     1000  3.21374e-29  3.21374e-29
    10000  3.21773e-29  3.21773e-29
    O-O  3.22105e-29  3.22105e-29

   Temperature = 600 K

   P(atm) REACS->PRODS      REACS->
        1  4.18154e-22  4.18154e-22
       10  6.52285e-22  6.52285e-22
      100   7.5473e-22   7.5473e-22
     1000  7.75878e-22  7.75878e-22
    10000   7.7852e-22   7.7852e-22
    O-O  7.79554e-22  7.79554e-22

   Temperature = 700 K

   P(atm) REACS->PRODS      REACS->
        1  6.36404e-17  6.36404e-17
       10  1.15019e-16  1.15019e-16
      100  1.45671e-16  1.45671e-16
     1000  1.54076e-16  1.54076e-16
    10000  1.55314e-16  1.55314e-16
    O-O  1.55616e-16  1.55616e-16

   Temperature = 800 K

   P(atm) REACS->PRODS      REACS->
        1  4.67283e-13  4.67283e-13
       10  9.68874e-13  9.68874e-13
      100  1.35904e-12  1.35904e-12
     1000  1.49914e-12  1.49914e-12
    10000  1.52418e-12  1.52418e-12
    O-O  1.52892e-12  1.52892e-12

   Temperature = 900 K

   P(atm) REACS->PRODS      REACS->
        1   4.5154e-10   4.5154e-10
       10  1.06095e-09  1.06095e-09
      100  1.65612e-09  1.65612e-09
     1000  1.92998e-09  1.92998e-09
    10000  1.99011e-09  1.99011e-09
    O-O  2.00087e-09  2.00087e-09

   Temperature = 1000 K

   P(atm) REACS->PRODS      REACS->
        1  1.05194e-07  1.05194e-07
       10  2.76562e-07  2.76562e-07
      100  4.80263e-07  4.80263e-07
     1000  5.97589e-07  5.97589e-07
    10000  6.29269e-07  6.29269e-07
    O-O  6.35131e-07  6.35131e-07

   Temperature = 1100 K

   P(atm) REACS->PRODS      REACS->
        1  8.69461e-06  8.69461e-06
       10  2.52786e-05  2.52786e-05
      100  4.86669e-05  4.86669e-05
     1000  6.51578e-05  6.51578e-05
    10000  7.05987e-05  7.05987e-05
    O-O  7.17001e-05  7.17001e-05

   Temperature = 1200 K

   P(atm) REACS->PRODS      REACS->
        1  0.000330006  0.000330006
       10   0.00105012   0.00105012
      100   0.00223005   0.00223005
     1000   0.00322821   0.00322821
    10000   0.00362661   0.00362661
    O-O   0.00371836   0.00371836

   Temperature = 1300 K

   P(atm) REACS->PRODS      REACS->
        1    0.0068865    0.0068865
       10    0.0237612    0.0237612
      100      0.05533      0.05533
     1000    0.0868022    0.0868022
    10000     0.101825     0.101825
    O-O     0.105818     0.105818

   Temperature = 1400 K

   P(atm) REACS->PRODS      REACS->
        1    0.0898258    0.0898259
       10     0.333385     0.333385
      100     0.846046     0.846046
     1000      1.43897      1.43897
    10000      1.77342      1.77342
    O-O      1.87694      1.87694

   Temperature = 1500 K

   P(atm) REACS->PRODS      REACS->
        1     0.804791     0.804791
       10      3.19074      3.19074
      100      8.77229      8.77229
     1000      16.1592      16.1592
    10000      21.0267      21.0267
    O-O      22.7871      22.7871

   Temperature = 1600 K

   P(atm) REACS->PRODS      REACS->
        1      5.31777      5.31777
       10      22.3851      22.3851
      100      66.2956      66.2956
     1000      131.998      131.998
    10000      182.023      182.023
    O-O      203.171      203.171

   Temperature = 1700 K

   P(atm) REACS->PRODS      REACS->
        1      27.3594      27.3594
       10      121.634      121.634
      100      386.004      386.004
     1000      828.545      828.545
    10000      1213.98      1213.98
    O-O      1404.12      1404.12

   Temperature = 1800 K

   P(atm) REACS->PRODS      REACS->
        1      114.327      114.327
       10      534.321      534.321
      100      1808.22      1808.22
     1000      4171.89      4171.89
    10000      6505.09      6505.09
    O-O      7844.98      7844.98

   Temperature = 1900 K

   P(atm) REACS->PRODS      REACS->
        1      401.282      401.282
       10       1963.4       1963.4
      100      7053.79      7053.79
     1000      17437.8      17437.8
    10000      28956.3      28956.3
    O-O      36633.5      36633.5

   Temperature = 2000 K

   P(atm) REACS->PRODS      REACS->
        1      1214.78      1214.78
       10      6201.29      6201.29
      100      23555.7      23555.7
     1000      62194.7      62194.7
    10000       109987       109987
    O-O       146842       146842

   Temperature = 2100 K

   P(atm) REACS->PRODS      REACS->
        1      3240.02      3240.02
       10      17203.3      17203.3
      100      68847.1      68847.1
     1000       193554       193554
    10000       364362       364362
    O-O       516301       516301

   Temperature = 2200 K

   P(atm) REACS->PRODS      REACS->
        1      7753.52      7753.52
       10      42697.7      42697.7
      100       179427       179427
     1000       535459       535459
    10000  1.07198e+06  1.07198e+06
    O-O  1.62082e+06  1.62082e+06

   Temperature = 2300 K

   P(atm) REACS->PRODS      REACS->
        1      16893.3      16893.3
       10      96236.5      96236.5
      100       423325       423325
     1000  1.33706e+06  1.33706e+06
    10000  2.84325e+06  2.84325e+06
    O-O  4.61019e+06  4.61019e+06

   Temperature = 2400 K

   P(atm) REACS->PRODS      REACS->
        1      33926.2      33926.2
       10       199453       199453
      100       915739       915739
     1000   3.0525e+06   3.0525e+06
    10000  6.88484e+06  6.88484e+06
    O-O  1.20273e+07  1.20273e+07

   Temperature = 2500 K

   P(atm) REACS->PRODS      REACS->
        1      63440.7      63440.7
       10       384035       384035
      100  1.83556e+06  1.83556e+06
     1000  6.44029e+06  6.44029e+06
    10000  1.53829e+07  1.53829e+07
    O-O  2.90774e+07  2.90774e+07

   Temperature = 300 K

   P(atm) PRODS->REACS      PRODS->
        1  1.83648e-08  1.83648e-08
       10  1.94982e-08  1.94982e-08
      100  1.96561e-08  1.96561e-08
     1000   1.9673e-08   1.9673e-08
    10000  1.96746e-08  1.96746e-08
    O-O  1.96868e-08  1.96868e-08

   Temperature = 400 K

   P(atm) PRODS->REACS      PRODS->
        1  3.55815e-09  3.55815e-09
       10  4.17298e-09  4.17298e-09
      100  4.29912e-09  4.29912e-09
     1000  4.31471e-09  4.31471e-09
    10000  4.31632e-09  4.31632e-09
    O-O  4.31985e-09  4.31985e-09

   Temperature = 500 K

   P(atm) PRODS->REACS      PRODS->
        1  1.25804e-09  1.25804e-09
       10  1.69015e-09  1.69015e-09
      100   1.8222e-09   1.8222e-09
     1000  1.84285e-09  1.84285e-09
    10000  1.84513e-09  1.84513e-09
    O-O  1.84704e-09  1.84704e-09

   Temperature = 600 K

   P(atm) PRODS->REACS      PRODS->
        1  5.87184e-10  5.87184e-10
       10  9.15957e-10  9.15957e-10
      100  1.05981e-09  1.05981e-09
     1000  1.08951e-09  1.08951e-09
    10000  1.09322e-09  1.09322e-09
    O-O  1.09467e-09  1.09467e-09

   Temperature = 700 K

   P(atm) PRODS->REACS      PRODS->
        1  3.18153e-10  3.18153e-10
       10  5.75006e-10  5.75006e-10
      100  7.28246e-10  7.28246e-10
     1000  7.70262e-10  7.70262e-10
    10000   7.7645e-10   7.7645e-10
    O-O  7.77961e-10  7.77961e-10

   Temperature = 800 K

   P(atm) PRODS->REACS      PRODS->
        1  1.88627e-10  1.88627e-10
       10  3.91104e-10  3.91104e-10
      100  5.48601e-10  5.48601e-10
     1000  6.05156e-10  6.05156e-10
    10000  6.15263e-10  6.15263e-10
    O-O  6.17176e-10  6.17176e-10

   Temperature = 900 K

   P(atm) PRODS->REACS      PRODS->
        1  1.18607e-10  1.18607e-10
       10  2.78684e-10  2.78684e-10
      100  4.35019e-10  4.35019e-10
     1000  5.06952e-10  5.06952e-10
    10000  5.22748e-10  5.22748e-10
    O-O  5.25575e-10  5.25575e-10

   Temperature = 1000 K

   P(atm) PRODS->REACS      PRODS->
        1  7.77578e-11  7.77578e-11
       10   2.0443e-10   2.0443e-10
      100  3.55004e-10  3.55004e-10
     1000   4.4173e-10   4.4173e-10
    10000  4.65147e-10  4.65147e-10
    O-O   4.6948e-10   4.6948e-10

   Temperature = 1100 K

   P(atm) PRODS->REACS      PRODS->
        1  5.25827e-11  5.25827e-11
       10  1.52878e-10  1.52878e-10
      100  2.94325e-10  2.94325e-10
     1000  3.94057e-10  3.94057e-10
    10000  4.26962e-10  4.26962e-10
    O-O  4.33623e-10  4.33623e-10

   Temperature = 1200 K

   P(atm) PRODS->REACS      PRODS->
        1  3.64098e-11  3.64098e-11
       10   1.1586e-10   1.1586e-10
      100  2.46042e-10  2.46042e-10
     1000   3.5617e-10   3.5617e-10
    10000  4.00126e-10  4.00126e-10
    O-O  4.10249e-10  4.10249e-10

   Temperature = 1300 K

   P(atm) PRODS->REACS      PRODS->
        1  2.57103e-11  2.57103e-11
       10  8.87111e-11  8.87111e-11
      100  2.06571e-10  2.06571e-10
     1000  3.24071e-10  3.24071e-10
    10000  3.80155e-10  3.80155e-10
    O-O  3.95065e-10  3.95065e-10

   Temperature = 1400 K

   P(atm) PRODS->REACS      PRODS->
        1  1.84505e-11  1.84505e-11
       10  6.84782e-11  6.84782e-11
      100   1.7378e-10   1.7378e-10
     1000  2.95569e-10  2.95569e-10
    10000  3.64266e-10  3.64266e-10
    O-O  3.85528e-10  3.85528e-10

   Temperature = 1500 K

   P(atm) PRODS->REACS      PRODS->
        1  1.34224e-11  1.34224e-11
       10  5.32157e-11  5.32157e-11
      100  1.46306e-10  1.46306e-10
     1000  2.69505e-10  2.69505e-10
    10000  3.50687e-10  3.50687e-10
    O-O  3.80048e-10  3.80048e-10

   Temperature = 1600 K

   P(atm) PRODS->REACS      PRODS->
        1  9.88278e-12  9.88278e-12
       10  4.16014e-11  4.16014e-11
      100  1.23207e-10  1.23207e-10
     1000   2.4531e-10   2.4531e-10
    10000  3.38281e-10  3.38281e-10
    O-O  3.77582e-10  3.77582e-10

   Temperature = 1700 K

   P(atm) PRODS->REACS      PRODS->
        1  7.35413e-12  7.35413e-12
       10  3.26948e-11  3.26948e-11
      100  1.03757e-10  1.03757e-10
     1000  2.22711e-10  2.22711e-10
    10000  3.26316e-10  3.26316e-10
    O-O  3.77424e-10  3.77424e-10

   Temperature = 1800 K

   P(atm) PRODS->REACS      PRODS->
        1   5.5244e-12   5.5244e-12
       10   2.5819e-11   2.5819e-11
      100  8.73749e-11  8.73749e-11
     1000  2.01591e-10  2.01591e-10
    10000  3.14333e-10  3.14333e-10
    O-O  3.79078e-10  3.79078e-10

   Temperature = 1900 K

   P(atm) PRODS->REACS      PRODS->
        1  4.18645e-12  4.18645e-12
       10  2.04836e-11  2.04836e-11
      100  7.35902e-11  7.35902e-11
     1000  1.81924e-10  1.81924e-10
    10000  3.02093e-10  3.02093e-10
    O-O  3.82187e-10  3.82187e-10

   Temperature = 2000 K

   P(atm) PRODS->REACS      PRODS->
        1  3.19727e-12  3.19727e-12
       10  1.63217e-11  1.63217e-11
      100  6.19985e-11  6.19985e-11
     1000  1.63696e-10  1.63696e-10
    10000  2.89486e-10  2.89486e-10
    O-O  3.86487e-10  3.86487e-10

   Temperature = 2100 K

   P(atm) PRODS->REACS      PRODS->
        1  2.45855e-12  2.45855e-12
       10  1.30541e-11  1.30541e-11
      100  5.22425e-11  5.22425e-11
     1000  1.46873e-10  1.46873e-10
    10000  2.76485e-10  2.76485e-10
    O-O   3.9178e-10   3.9178e-10

   Temperature = 2200 K

   P(atm) PRODS->REACS      PRODS->
        1  1.90343e-12  1.90343e-12
       10  1.04821e-11  1.04821e-11
      100  4.40493e-11  4.40493e-11
     1000  1.31455e-10  1.31455e-10
    10000  2.63172e-10  2.63172e-10
    O-O  3.97913e-10  3.97913e-10

   Temperature = 2300 K

   P(atm) PRODS->REACS      PRODS->
        1  1.48309e-12  1.48309e-12
       10  8.44909e-12  8.44909e-12
      100  3.71668e-11  3.71668e-11
     1000  1.17392e-10  1.17392e-10
    10000  2.49633e-10  2.49633e-10
    O-O  4.04768e-10  4.04768e-10

   Temperature = 2400 K

   P(atm) PRODS->REACS      PRODS->
        1  1.16268e-12  1.16268e-12
       10  6.83593e-12  6.83593e-12
      100   3.1387e-11   3.1387e-11
     1000  1.04627e-10  1.04627e-10
    10000  2.35985e-10  2.35985e-10
    O-O  4.12249e-10  4.12249e-10

   Temperature = 2500 K

   P(atm) PRODS->REACS      PRODS->
        1  9.16685e-13  9.16685e-13
       10  5.54987e-12  5.54987e-12
      100  2.65292e-11  2.65292e-11
     1000  9.30857e-11  9.30857e-11
    10000  2.22344e-10  2.22344e-10
    O-O  4.20283e-10  4.20283e-10

______________________________________________________________________________________

Temperature-Species Rate Tables:

   Pressure = 1 atm

   T(K) REACS->PRODS      REACS->      Capture
    300  1.64773e-58  1.64773e-58  1.76634e-58
    400  2.56618e-40  2.56618e-40  3.11553e-40
    500  2.19389e-29  2.19389e-29  3.22105e-29
    600  4.18154e-22  4.18154e-22  7.79554e-22
    700  6.36404e-17  6.36404e-17  1.55616e-16
    800  4.67283e-13  4.67283e-13  1.52892e-12
    900   4.5154e-10   4.5154e-10  2.00087e-09
   1000  1.05194e-07  1.05194e-07  6.35131e-07
   1100  8.69461e-06  8.69461e-06  7.17001e-05
   1200  0.000330006  0.000330006   0.00371836
   1300    0.0068865    0.0068865     0.105818
   1400    0.0898258    0.0898259      1.87694
   1500     0.804791     0.804791      22.7871
   1600      5.31777      5.31777      203.171
   1700      27.3594      27.3594      1404.12
   1800      114.327      114.327      7844.98
   1900      401.282      401.282      36633.5
   2000      1214.78      1214.78       146842
   2100      3240.02      3240.02       516301
   2200      7753.52      7753.52  1.62082e+06
   2300      16893.3      16893.3  4.61019e+06
   2400      33926.2      33926.2  1.20273e+07
   2500      63440.7      63440.7  2.90774e+07

   Pressure = 10 atm

   T(K) REACS->PRODS      REACS->      Capture
    300  1.74942e-58  1.74942e-58  1.76634e-58
    400   3.0096e-40   3.0096e-40  3.11553e-40
    500  2.94746e-29  2.94746e-29  3.22105e-29
    600  6.52285e-22  6.52285e-22  7.79554e-22
    700  1.15019e-16  1.15019e-16  1.55616e-16
    800  9.68874e-13  9.68874e-13  1.52892e-12
    900  1.06095e-09  1.06095e-09  2.00087e-09
   1000  2.76562e-07  2.76562e-07  6.35131e-07
   1100  2.52786e-05  2.52786e-05  7.17001e-05
   1200   0.00105012   0.00105012   0.00371836
   1300    0.0237612    0.0237612     0.105818
   1400     0.333385     0.333385      1.87694
   1500      3.19074      3.19074      22.7871
   1600      22.3851      22.3851      203.171
   1700      121.634      121.634      1404.12
   1800      534.321      534.321      7844.98
   1900       1963.4       1963.4      36633.5
   2000      6201.29      6201.29       146842
   2100      17203.3      17203.3       516301
   2200      42697.7      42697.7  1.62082e+06
   2300      96236.5      96236.5  4.61019e+06
   2400       199453       199453  1.20273e+07
   2500       384035       384035  2.90774e+07

   Pressure = 100 atm

   T(K) REACS->PRODS      REACS->      Capture
    300  1.76359e-58  1.76359e-58  1.76634e-58
    400  3.10057e-40  3.10057e-40  3.11553e-40
    500  3.17774e-29  3.17774e-29  3.22105e-29
    600   7.5473e-22   7.5473e-22  7.79554e-22
    700  1.45671e-16  1.45671e-16  1.55616e-16
    800  1.35904e-12  1.35904e-12  1.52892e-12
    900  1.65612e-09  1.65612e-09  2.00087e-09
   1000  4.80263e-07  4.80263e-07  6.35131e-07
   1100  4.86669e-05  4.86669e-05  7.17001e-05
   1200   0.00223005   0.00223005   0.00371836
   1300      0.05533      0.05533     0.105818
   1400     0.846046     0.846046      1.87694
   1500      8.77229      8.77229      22.7871
   1600      66.2956      66.2956      203.171
   1700      386.004      386.004      1404.12
   1800      1808.22      1808.22      7844.98
   1900      7053.79      7053.79      36633.5
   2000      23555.7      23555.7       146842
   2100      68847.1      68847.1       516301
   2200       179427       179427  1.62082e+06
   2300       423325       423325  4.61019e+06
   2400       915739       915739  1.20273e+07
   2500  1.83556e+06  1.83556e+06  2.90774e+07

   Pressure = 1000 atm

   T(K) REACS->PRODS      REACS->      Capture
    300   1.7651e-58   1.7651e-58  1.76634e-58
    400  3.11182e-40  3.11182e-40  3.11553e-40
    500  3.21374e-29  3.21374e-29  3.22105e-29
    600  7.75878e-22  7.75878e-22  7.79554e-22
    700  1.54076e-16  1.54076e-16  1.55616e-16
    800  1.49914e-12  1.49914e-12  1.52892e-12
    900  1.92998e-09  1.92998e-09  2.00087e-09
   1000  5.97589e-07  5.97589e-07  6.35131e-07
   1100  6.51578e-05  6.51578e-05  7.17001e-05
   1200   0.00322821   0.00322821   0.00371836
   1300    0.0868022    0.0868022     0.105818
   1400      1.43897      1.43897      1.87694
   1500      16.1592      16.1592      22.7871
   1600      131.998      131.998      203.171
   1700      828.545      828.545      1404.12
   1800      4171.89      4171.89      7844.98
   1900      17437.8      17437.8      36633.5
   2000      62194.7      62194.7       146842
   2100       193554       193554       516301
   2200       535459       535459  1.62082e+06
   2300  1.33706e+06  1.33706e+06  4.61019e+06
   2400   3.0525e+06   3.0525e+06  1.20273e+07
   2500  6.44029e+06  6.44029e+06  2.90774e+07

   Pressure = 10000 atm

   T(K) REACS->PRODS      REACS->      Capture
    300  1.76525e-58  1.76525e-58  1.76634e-58
    400  3.11298e-40  3.11298e-40  3.11553e-40
    500  3.21773e-29  3.21773e-29  3.22105e-29
    600   7.7852e-22   7.7852e-22  7.79554e-22
    700  1.55314e-16  1.55314e-16  1.55616e-16
    800  1.52418e-12  1.52418e-12  1.52892e-12
    900  1.99011e-09  1.99011e-09  2.00087e-09
   1000  6.29269e-07  6.29269e-07  6.35131e-07
   1100  7.05987e-05  7.05987e-05  7.17001e-05
   1200   0.00362661   0.00362661   0.00371836
   1300     0.101825     0.101825     0.105818
   1400      1.77342      1.77342      1.87694
   1500      21.0267      21.0267      22.7871
   1600      182.023      182.023      203.171
   1700      1213.98      1213.98      1404.12
   1800      6505.09      6505.09      7844.98
   1900      28956.3      28956.3      36633.5
   2000       109987       109987       146842
   2100       364362       364362       516301
   2200  1.07198e+06  1.07198e+06  1.62082e+06
   2300  2.84325e+06  2.84325e+06  4.61019e+06
   2400  6.88484e+06  6.88484e+06  1.20273e+07
   2500  1.53829e+07  1.53829e+07  2.90774e+07

   Pressure = 1 atm

   T(K) PRODS->REACS      PRODS->      Capture
    300  1.83648e-08  1.83648e-08  1.96868e-08
    400  3.55815e-09  3.55815e-09  4.31985e-09
    500  1.25804e-09  1.25804e-09  1.84704e-09
    600  5.87184e-10  5.87184e-10  1.09467e-09
    700  3.18153e-10  3.18153e-10  7.77961e-10
    800  1.88627e-10  1.88627e-10  6.17176e-10
    900  1.18607e-10  1.18607e-10  5.25575e-10
   1000  7.77578e-11  7.77578e-11   4.6948e-10
   1100  5.25827e-11  5.25827e-11  4.33623e-10
   1200  3.64098e-11  3.64098e-11  4.10249e-10
   1300  2.57103e-11  2.57103e-11  3.95065e-10
   1400  1.84505e-11  1.84505e-11  3.85528e-10
   1500  1.34224e-11  1.34224e-11  3.80048e-10
   1600  9.88278e-12  9.88278e-12  3.77582e-10
   1700  7.35413e-12  7.35413e-12  3.77424e-10
   1800   5.5244e-12   5.5244e-12  3.79078e-10
   1900  4.18645e-12  4.18645e-12  3.82187e-10
   2000  3.19727e-12  3.19727e-12  3.86487e-10
   2100  2.45855e-12  2.45855e-12   3.9178e-10
   2200  1.90343e-12  1.90343e-12  3.97913e-10
   2300  1.48309e-12  1.48309e-12  4.04768e-10
   2400  1.16268e-12  1.16268e-12  4.12249e-10
   2500  9.16685e-13  9.16685e-13  4.20283e-10

   Pressure = 10 atm

   T(K) PRODS->REACS      PRODS->      Capture
    300  1.94982e-08  1.94982e-08  1.96868e-08
    400  4.17298e-09  4.17298e-09  4.31985e-09
    500  1.69015e-09  1.69015e-09  1.84704e-09
    600  9.15957e-10  9.15957e-10  1.09467e-09
    700  5.75006e-10  5.75006e-10  7.77961e-10
    800  3.91104e-10  3.91104e-10  6.17176e-10
    900  2.78684e-10  2.78684e-10  5.25575e-10
   1000   2.0443e-10   2.0443e-10   4.6948e-10
   1100  1.52878e-10  1.52878e-10  4.33623e-10
   1200   1.1586e-10   1.1586e-10  4.10249e-10
   1300  8.87111e-11  8.87111e-11  3.95065e-10
   1400  6.84782e-11  6.84782e-11  3.85528e-10
   1500  5.32157e-11  5.32157e-11  3.80048e-10
   1600  4.16014e-11  4.16014e-11  3.77582e-10
   1700  3.26948e-11  3.26948e-11  3.77424e-10
   1800   2.5819e-11   2.5819e-11  3.79078e-10
   1900  2.04836e-11  2.04836e-11  3.82187e-10
   2000  1.63217e-11  1.63217e-11  3.86487e-10
   2100  1.30541e-11  1.30541e-11   3.9178e-10
   2200  1.04821e-11  1.04821e-11  3.97913e-10
   2300  8.44909e-12  8.44909e-12  4.04768e-10
   2400  6.83593e-12  6.83593e-12  4.12249e-10
   2500  5.54987e-12  5.54987e-12  4.20283e-10

   Pressure = 100 atm

   T(K) PRODS->REACS      PRODS->      Capture
    300  1.96561e-08  1.96561e-08  1.96868e-08
    400  4.29912e-09  4.29912e-09  4.31985e-09
    500   1.8222e-09   1.8222e-09  1.84704e-09
    600  1.05981e-09  1.05981e-09  1.09467e-09
    700  7.28246e-10  7.28246e-10  7.77961e-10
    800  5.48601e-10  5.48601e-10  6.17176e-10
    900  4.35019e-10  4.35019e-10  5.25575e-10
   1000  3.55004e-10  3.55004e-10   4.6948e-10
   1100  2.94325e-10  2.94325e-10  4.33623e-10
   1200  2.46042e-10  2.46042e-10  4.10249e-10
   1300  2.06571e-10  2.06571e-10  3.95065e-10
   1400   1.7378e-10   1.7378e-10  3.85528e-10
   1500  1.46306e-10  1.46306e-10  3.80048e-10
   1600  1.23207e-10  1.23207e-10  3.77582e-10
   1700  1.03757e-10  1.03757e-10  3.77424e-10
   1800  8.73749e-11  8.73749e-11  3.79078e-10
   1900  7.35902e-11  7.35902e-11  3.82187e-10
   2000  6.19985e-11  6.19985e-11  3.86487e-10
   2100  5.22425e-11  5.22425e-11   3.9178e-10
   2200  4.40493e-11  4.40493e-11  3.97913e-10
   2300  3.71668e-11  3.71668e-11  4.04768e-10
   2400   3.1387e-11   3.1387e-11  4.12249e-10
   2500  2.65292e-11  2.65292e-11  4.20283e-10

   Pressure = 1000 atm

   T(K) PRODS->REACS      PRODS->      Capture
    300   1.9673e-08   1.9673e-08  1.96868e-08
    400  4.31471e-09  4.31471e-09  4.31985e-09
    500  1.84285e-09  1.84285e-09  1.84704e-09
    600  1.08951e-09  1.08951e-09  1.09467e-09
    700  7.70262e-10  7.70262e-10  7.77961e-10
    800  6.05156e-10  6.05156e-10  6.17176e-10
    900  5.06952e-10  5.06952e-10  5.25575e-10
   1000   4.4173e-10   4.4173e-10   4.6948e-10
   1100  3.94057e-10  3.94057e-10  4.33623e-10
   1200   3.5617e-10   3.5617e-10  4.10249e-10
   1300  3.24071e-10  3.24071e-10  3.95065e-10
   1400  2.95569e-10  2.95569e-10  3.85528e-10
   1500  2.69505e-10  2.69505e-10  3.80048e-10
   1600   2.4531e-10   2.4531e-10  3.77582e-10
   1700  2.22711e-10  2.22711e-10  3.77424e-10
   1800  2.01591e-10  2.01591e-10  3.79078e-10
   1900  1.81924e-10  1.81924e-10  3.82187e-10
   2000  1.63696e-10  1.63696e-10  3.86487e-10
   2100  1.46873e-10  1.46873e-10   3.9178e-10
   2200  1.31455e-10  1.31455e-10  3.97913e-10
   2300  1.17392e-10  1.17392e-10  4.04768e-10
   2400  1.04627e-10  1.04627e-10  4.12249e-10
   2500  9.30857e-11  9.30857e-11  4.20283e-10

   Pressure = 10000 atm

   T(K) PRODS->REACS      PRODS->      Capture
    300  1.96746e-08  1.96746e-08  1.96868e-08
    400  4.31632e-09  4.31632e-09  4.31985e-09
    500  1.84513e-09  1.84513e-09  1.84704e-09
    600  1.09322e-09  1.09322e-09  1.09467e-09
    700   7.7645e-10   7.7645e-10  7.77961e-10
    800  6.15263e-10  6.15263e-10  6.17176e-10
    900  5.22748e-10  5.22748e-10  5.25575e-10
   1000  4.65147e-10  4.65147e-10   4.6948e-10
   1100  4.26962e-10  4.26962e-10  4.33623e-10
   1200  4.00126e-10  4.00126e-10  4.10249e-10
   1300  3.80155e-10  3.80155e-10  3.95065e-10
   1400  3.64266e-10  3.64266e-10  3.85528e-10
   1500  3.50687e-10  3.50687e-10  3.80048e-10
   1600  3.38281e-10  3.38281e-10  3.77582e-10
   1700  3.26316e-10  3.26316e-10  3.77424e-10
   1800  3.14333e-10  3.14333e-10  3.79078e-10
   1900  3.02093e-10  3.02093e-10  3.82187e-10
   2000  2.89486e-10  2.89486e-10  3.86487e-10
   2100  2.76485e-10  2.76485e-10   3.9178e-10
   2200  2.63172e-10  2.63172e-10  3.97913e-10
   2300  2.49633e-10  2.49633e-10  4.04768e-10
   2400  2.35985e-10  2.35985e-10  4.12249e-10
   2500  2.22344e-10  2.22344e-10  4.20283e-10

______________________________________________________________________________________

Temperature-Pressure Rate Tables:

REACS->PRODS

P\T              300          400          500          600          700          800          900         1000         1100         1200         1300         1400         1500         1600         1700         1800         1900         2000         2100         2200         2300         2400         2500
1        1.64773e-58  2.56618e-40  2.19389e-29  4.18154e-22  6.36404e-17  4.67283e-13   4.5154e-10  1.05194e-07  8.69461e-06  0.000330006    0.0068865    0.0898258     0.804791      5.31777      27.3594      114.327      401.282      1214.78      3240.02      7753.52      16893.3      33926.2      63440.7
10       1.74942e-58   3.0096e-40  2.94746e-29  6.52285e-22  1.15019e-16  9.68874e-13  1.06095e-09  2.76562e-07  2.52786e-05   0.00105012    0.0237612     0.333385      3.19074      22.3851      121.634      534.321       1963.4      6201.29      17203.3      42697.7      96236.5       199453       384035
100      1.76359e-58  3.10057e-40  3.17774e-29   7.5473e-22  1.45671e-16  1.35904e-12  1.65612e-09  4.80263e-07  4.86669e-05   0.00223005      0.05533     0.846046      8.77229      66.2956      386.004      1808.22      7053.79      23555.7      68847.1       179427       423325       915739  1.83556e+06
1000      1.7651e-58  3.11182e-40  3.21374e-29  7.75878e-22  1.54076e-16  1.49914e-12  1.92998e-09  5.97589e-07  6.51578e-05   0.00322821    0.0868022      1.43897      16.1592      131.998      828.545      4171.89      17437.8      62194.7       193554       535459  1.33706e+06   3.0525e+06  6.44029e+06
10000    1.76525e-58  3.11298e-40  3.21773e-29   7.7852e-22  1.55314e-16  1.52418e-12  1.99011e-09  6.29269e-07  7.05987e-05   0.00362661     0.101825      1.77342      21.0267      182.023      1213.98      6505.09      28956.3       109987       364362  1.07198e+06  2.84325e+06  6.88484e+06  1.53829e+07
O-O      1.76634e-58  3.11553e-40  3.22105e-29  7.79554e-22  1.55616e-16  1.52892e-12  2.00087e-09  6.35131e-07  7.17001e-05   0.00371836     0.105818      1.87694      22.7871      203.171      1404.12      7844.98      36633.5       146842       516301  1.62082e+06  4.61019e+06  1.20273e+07  2.90774e+07

PRODS->REACS

P\T              300          400          500          600          700          800          900         1000         1100         1200         1300         1400         1500         1600         1700         1800         1900         2000         2100         2200         2300         2400         2500
1        1.83648e-08  3.55815e-09  1.25804e-09  5.87184e-10  3.18153e-10  1.88627e-10  1.18607e-10  7.77578e-11  5.25827e-11  3.64098e-11  2.57103e-11  1.84505e-11  1.34224e-11  9.88278e-12  7.35413e-12   5.5244e-12  4.18645e-12  3.19727e-12  2.45855e-12  1.90343e-12  1.48309e-12  1.16268e-12  9.16685e-13
10       1.94982e-08  4.17298e-09  1.69015e-09  9.15957e-10  5.75006e-10  3.91104e-10  2.78684e-10   2.0443e-10  1.52878e-10   1.1586e-10  8.87111e-11  6.84782e-11  5.32157e-11  4.16014e-11  3.26948e-11   2.5819e-11  2.04836e-11  1.63217e-11  1.30541e-11  1.04821e-11  8.44909e-12  6.83593e-12  5.54987e-12
100      1.96561e-08  4.29912e-09   1.8222e-09  1.05981e-09  7.28246e-10  5.48601e-10  4.35019e-10  3.55004e-10  2.94325e-10  2.46042e-10  2.06571e-10   1.7378e-10  1.46306e-10  1.23207e-10  1.03757e-10  8.73749e-11  7.35902e-11  6.19985e-11  5.22425e-11  4.40493e-11  3.71668e-11   3.1387e-11  2.65292e-11
1000      1.9673e-08  4.31471e-09  1.84285e-09  1.08951e-09  7.70262e-10  6.05156e-10  5.06952e-10   4.4173e-10  3.94057e-10   3.5617e-10  3.24071e-10  2.95569e-10  2.69505e-10   2.4531e-10  2.22711e-10  2.01591e-10  1.81924e-10  1.63696e-10  1.46873e-10  1.31455e-10  1.17392e-10  1.04627e-10  9.30857e-11
10000    1.96746e-08  4.31632e-09  1.84513e-09  1.09322e-09   7.7645e-10  6.15263e-10  5.22748e-10  4.65147e-10  4.26962e-10  4.00126e-10  3.80155e-10  3.64266e-10  3.50687e-10  3.38281e-10  3.26316e-10  3.14333e-10  3.02093e-10  2.89486e-10  2.76485e-10  2.63172e-10  2.49633e-10  2.35985e-10  2.22344e-10
O-O      1.96868e-08  4.31985e-09  1.84704e-09  1.09467e-09  7.77961e-10  6.17176e-10  5.25575e-10   4.6948e-10  4.33623e-10  4.10249e-10  3.95065e-10  3.85528e-10  3.80048e-10  3.77582e-10  3.77424e-10  3.79078e-10  3.82187e-10  3.86487e-10   3.9178e-10  3.97913e-10  4.04768e-10  4.12249e-10  4.20283e-10

REACS-> 

P\T              300          400          500          600          700          800          900         1000         1100         1200         1300         1400         1500         1600         1700         1800         1900         2000         2100         2200         2300         2400         2500
1        1.64773e-58  2.56618e-40  2.19389e-29  4.18154e-22  6.36404e-17  4.67283e-13   4.5154e-10  1.05194e-07  8.69461e-06  0.000330006    0.0068865    0.0898259     0.804791      5.31777      27.3594      114.327      401.282      1214.78      3240.02      7753.52      16893.3      33926.2      63440.7
10       1.74942e-58   3.0096e-40  2.94746e-29  6.52285e-22  1.15019e-16  9.68874e-13  1.06095e-09  2.76562e-07  2.52786e-05   0.00105012    0.0237612     0.333385      3.19074      22.3851      121.634      534.321       1963.4      6201.29      17203.3      42697.7      96236.5       199453       384035
100      1.76359e-58  3.10057e-40  3.17774e-29   7.5473e-22  1.45671e-16  1.35904e-12  1.65612e-09  4.80263e-07  4.86669e-05   0.00223005      0.05533     0.846046      8.77229      66.2956      386.004      1808.22      7053.79      23555.7      68847.1       179427       423325       915739  1.83556e+06
1000      1.7651e-58  3.11182e-40  3.21374e-29  7.75878e-22  1.54076e-16  1.49914e-12  1.92998e-09  5.97589e-07  6.51578e-05   0.00322821    0.0868022      1.43897      16.1592      131.998      828.545      4171.89      17437.8      62194.7       193554       535459  1.33706e+06   3.0525e+06  6.44029e+06
10000    1.76525e-58  3.11298e-40  3.21773e-29   7.7852e-22  1.55314e-16  1.52418e-12  1.99011e-09  6.29269e-07  7.05987e-05   0.00362661     0.101825      1.77342      21.0267      182.023      1213.98      6505.09      28956.3       109987       364362  1.07198e+06  2.84325e+06  6.88484e+06  1.53829e+07
O-O      1.76634e-58  3.11553e-40  3.22105e-29  7.79554e-22  1.55616e-16  1.52892e-12  2.00087e-09  6.35131e-07  7.17001e-05   0.00371836     0.105818      1.87694      22.7871      203.171      1404.12      7844.98      36633.5       146842       516301  1.62082e+06  4.61019e+06  1.20273e+07  2.90774e+07

PRODS-> 

P\T              300          400          500          600          700          800          900         1000         1100         1200         1300         1400         1500         1600         1700         1800         1900         2000         2100         2200         2300         2400         2500
1        1.83648e-08  3.55815e-09  1.25804e-09  5.87184e-10  3.18153e-10  1.88627e-10  1.18607e-10  7.77578e-11  5.25827e-11  3.64098e-11  2.57103e-11  1.84505e-11  1.34224e-11  9.88278e-12  7.35413e-12   5.5244e-12  4.18645e-12  3.19727e-12  2.45855e-12  1.90343e-12  1.48309e-12  1.16268e-12  9.16685e-13
10       1.94982e-08  4.17298e-09  1.69015e-09  9.15957e-10  5.75006e-10  3.91104e-10  2.78684e-10   2.0443e-10  1.52878e-10   1.1586e-10  8.87111e-11  6.84782e-11  5.32157e-11  4.16014e-11  3.26948e-11   2.5819e-11  2.04836e-11  1.63217e-11  1.30541e-11  1.04821e-11  8.44909e-12  6.83593e-12  5.54987e-12
100      1.96561e-08  4.29912e-09   1.8222e-09  1.05981e-09  7.28246e-10  5.48601e-10  4.35019e-10  3.55004e-10  2.94325e-10  2.46042e-10  2.06571e-10   1.7378e-10  1.46306e-10  1.23207e-10  1.03757e-10  8.73749e-11  7.35902e-11  6.19985e-11  5.22425e-11  4.40493e-11  3.71668e-11   3.1387e-11  2.65292e-11
1000      1.9673e-08  4.31471e-09  1.84285e-09  1.08951e-09  7.70262e-10  6.05156e-10  5.06952e-10   4.4173e-10  3.94057e-10   3.5617e-10  3.24071e-10  2.95569e-10  2.69505e-10   2.4531e-10  2.22711e-10  2.01591e-10  1.81924e-10  1.63696e-10  1.46873e-10  1.31455e-10  1.17392e-10  1.04627e-10  9.30857e-11
10000    1.96746e-08  4.31632e-09  1.84513e-09  1.09322e-09   7.7645e-10  6.15263e-10  5.22748e-10  4.65147e-10  4.26962e-10  4.00126e-10  3.80155e-10  3.64266e-10  3.50687e-10  3.38281e-10  3.26316e-10  3.14333e-10  3.02093e-10  2.89486e-10  2.76485e-10  2.63172e-10  2.49633e-10  2.35985e-10  2.22344e-10
O-O      1.96868e-08  4.31985e-09  1.84704e-09  1.09467e-09  7.77961e-10  6.17176e-10  5.25575e-10   4.6948e-10  4.33623e-10  4.10249e-10  3.95065e-10  3.85528e-10  3.80048e-10  3.77582e-10  3.77424e-10  3.79078e-10  3.82187e-10  3.86487e-10   3.9178e-10  3.97913e-10  4.04768e-10  4.12249e-10  4.20283e-10

