
 Primary working directories    : /data/scratch
 Secondary working directories  : /data/scratch
 Wavefunction directory         : /home/carlo/wfu/
 Main file repository           : /data/scratch/

 ARCHNAME  : Linux/x86_64
 FC        : /opt/intel/composer_xe_2013_sp1.1.106/bin/intel64/ifort
 FCVERSION : 14.0.1
 BLASLIB   : -Wl,-_start-group /opt/intel/mkl/lib/intel64/libmkl_intel_ilp64.a /opt/intel/mkl/lib/intel64/libmkl_sequential.a /opt/intel/mkl/lib/intel64/libmkl_core.a -Wl,-_end-group
 id        : polimi

 Nodes     nprocs
 tt106        4
 ga_uses_ma=false, calling ma_init with nominal heap.
 GA-space will be limited to   8.0 MW (determined by -G option)

 Using customized tuning parameters: mindgm=16; mindgv=24; mindgc=8; mindgr=1; noblas=0; mincuda=1000; minvec=7
 default implementation of scratch files=sf  

  memory,         204 ,m
    nosym
 
    geometry={angstrom
     c1
     c2 c1 rcc1
     h3 c2 rcc2 c1 accc1
     h4 c2 rcc3 c1 ahcc1 h3 b1
     h5 c1 rch1 c2 ahcc2 h3 b2
     h6 c1 rch2 c2 ahcc3 h5 b3
    }
    RCC1                           =    1.3109999999999999
    RCC2                           =    1.0884000000000000
    RCC3                           =    1.0823000000000000
    RCH2                           =    1.0791999999999999
    ACCC1                          =    119.62930000000000
    AHCC1                          =    122.83260000000000
    AHCC2                          =    118.47550000000000
    AHCC3                          =    131.85030000000000
    B1                             =    180.00020000000001
    B2                             =    179.99990000000000
    B3                             =    179.99990000000000
    RCH1                           =    1.8000000000000000
 
    SET,SPIN=           0
 
                                                                                 !closed shell input
 
    nosym
 
    basis=6-31+g(d,p)
 
    hf
 
                                                                                 !{multi;closed,14;occ,17;wf,32,1,0}
                                                                                 !{multi;closed,8;occ,10;wf,18,1,0}
    {multi;closed, 7;occ, 9;wf, 16,1,0;state,1  ;maxiter,40}
    {multi;closed, 6;occ,10;wf, 16,1,0;state,1  ;maxiter,40}
  geometry={angstrom
    c91
    c92 c91 rcc91
    h93 c92 rcc92 c91 accc91
    h94 c92 rcc93 c91 ahcc91 h93 b91
    h95 c91 rch91 c92 ahcc92 h93 b92
    H91         1 rts    2 aabs1    3 babs1
  }
  RCC91                          =    1.3000000000000000
  RCC92                          =    1.0851999999999999
  RCC93                          =    1.0900000000000001
  RCH91                          =    1.0786000000000000
  ACCC91                         =    122.01770000000000
  AHCC91                         =    121.63379999999999
  AHCC92                         =    137.87270000000001
  B91                            =    179.97499999999999
  B92                            =    179.98470000000000
  AABS1                          =    89.894322006681051
  BABS1                          =    90.048742243215742
  RTS                            =    10.000000000000000
 
  SET,SPIN=           0
   basis=cc-pvdz
   {multi;closed, 7;occ, 9;wf, 16,1,0;state,1  ;maxiter,40}
   RS2,SHIFT=0.2
   CBSen = energy
  put,molden,molpro.molden

 Variables initialized (661), CPU time= 0.01 sec
 Commands  initialized (458), CPU time= 0.01 sec, 486 directives.
 Default parameters read. Elapsed time= 0.08 sec

 Checking input...
 Passed
1


                                         ***  PROGRAM SYSTEM MOLPRO  ***
                         Copyright, University College Cardiff Consultants Limited, 2008

                                    Version 2010.1 linked Nov 28 2013 00:29:07


 **********************************************************************************************************************************
 LABEL *                                                                                 
 Linux-2.6.34-12-desktop/tt106(x86_64) 64 bit mpp version                                DATE: 08-Sep-19          TIME: 12:51:39  
 **********************************************************************************************************************************

 SHA1:             3e0dedb5ca8b4ac28d83a6c404202848d09e924a
 **********************************************************************************************************************************

 Variable memory set to  204000000 words,  buffer space   230000 words

 ZSYMEL=NOSYM
 
 SETTING RCC1           =         1.31100000                                  
 SETTING RCC2           =         1.08840000                                  
 SETTING RCC3           =         1.08230000                                  
 SETTING RCH2           =         1.07920000                                  
 SETTING ACCC1          =       119.62930000                                  
 SETTING AHCC1          =       122.83260000                                  
 SETTING AHCC2          =       118.47550000                                  
 SETTING AHCC3          =       131.85030000                                  
 SETTING B1             =       180.00020000                                  
 SETTING B2             =       179.99990000                                  
 SETTING B3             =       179.99990000                                  
 SETTING RCH1           =         1.80000000                                  
 SETTING SPIN           =         0.00000000                                  
 SETTING BASIS          =    6-31+G(D,P)


 Recomputing integrals since basis changed


 Using spherical harmonics

 Library entry C      S 6-31G                selected for orbital group  1
 Library entry C      S 6-31++G              selected for orbital group  1
 Library entry C      P 6-31G                selected for orbital group  1
 Library entry C      P 6-31++G              selected for orbital group  1
 Library entry C      D 6-31G*               selected for orbital group  1
 Library entry H      S 6-31G                selected for orbital group  2
 Library entry H      P 6-31G**              selected for orbital group  2

1PROGRAM * SEWARD (Integral evaluation for generally contracted gaussian basis sets)     Author: Roland Lindh, 1990

 Geometry written to block  1 of record 700

 Orientation using atomic masses  
 Molecule type: Asymmetric top
 Rotational constants:      22.5484038     28.6297190    106.1537578 GHz  (calculated with average atomic masses)

 Point group  C1  



 ATOMIC COORDINATES

 NR  ATOM    CHARGE       X              Y              Z

   1  C1      6.00    0.000000326    0.171288606   -1.196789349
   2  C2      6.00   -0.000000568   -0.077258817    1.268142360
   3  H3      1.00    0.000002709    1.599544869    2.459219526
   4  H4      1.00    0.000001528   -1.898377768    2.199042866
   5  H5      1.00    0.000000036   -2.640917895   -3.110357930
   6  H6      1.00   -0.000001389    1.819255732   -2.398174333

 Bond lengths in Bohr (Angstrom)

 1-2  2.477430958  1-6  2.039392441  2-3  2.056777921  2-4  2.045250592
     ( 1.311000000)     ( 1.079200000)     ( 1.088400000)     ( 1.082300000)

 Bond angles

  1-2-3  119.62930000   1-2-4  122.83260000   2-1-6  131.85030000   3-2-4  117.53810000

 NUCLEAR CHARGE:                   16
 NUMBER OF PRIMITIVE AOS:          92
 NUMBER OF SYMMETRY AOS:           90
 NUMBER OF CONTRACTIONS:           56   (  56A   )
 NUMBER OF CORE ORBITALS:           2   (   2A   )
 NUMBER OF VALENCE ORBITALS:       12   (  12A   )


 NUCLEAR REPULSION ENERGY   31.97212283


 Eigenvalues of metric

         1 0.201E-03 0.651E-02 0.122E-01 0.359E-01 0.417E-01 0.583E-01 0.739E-01 0.978E-01


 Contracted 2-electron integrals neglected if value below      1.0D-11
 AO integral compression algorithm  1   Integral accuracy      1.0D-11

     5.243 MB (compressed) written to integral file ( 47.1%)

     Node minimum: 1.311 MB, node maximum: 1.311 MB


 NUMBER OF SORTED TWO-ELECTRON INTEGRALS:     319200.     BUFFER LENGTH:  32768
 NUMBER OF SEGMENTS:   1  SEGMENT LENGTH:     319200      RECORD LENGTH: 524288

 Memory used in sort:       0.88 MW

 SORT1 READ     1558824. AND WROTE      279346. INTEGRALS IN      1 RECORDS. CPU TIME:     0.02 SEC, REAL TIME:     0.10 SEC
 SORT2 READ     1118724. AND WROTE     1274406. INTEGRALS IN     20 RECORDS. CPU TIME:     0.01 SEC, REAL TIME:     0.02 SEC

 Node minimum:      318003.  Node maximum:      319200. integrals

 OPERATOR DM      FOR CENTER  0  COORDINATES:    0.000000    0.000000    0.000000


 **********************************************************************************************************************************
 DATASETS  * FILE   NREC   LENGTH (MB)   RECORD NAMES
              1      18        2.74       500      610      700      900      950      970     1000      129      960     1100   
                                          VAR    BASINP    GEOM    SYMINP    ZMAT    AOBASIS   BASIS     P2S    ABASIS      S 
                                         1400     1410     1200     1210     1080     1600     1650     1700   
                                           T        V       H0       H01     AOSYM     SMH    MOLCAS    OPER   

 PROGRAMS   *        TOTAL       INT
 CPU TIMES  *         0.25      0.12
 REAL TIME  *         1.71 SEC
 DISK USED  *        20.75 MB      
 GA USED    *         0.00 MB       (max)       0.00 MB       (current)
 **********************************************************************************************************************************

1PROGRAM * RHF-SCF (CLOSED SHELL)       Authors: W. Meyer, H.-J. Werner


 NUMBER OF ELECTRONS:       8+    8-    SPACE SYMMETRY=1    SPIN SYMMETRY: Singlet 
 CONVERGENCE THRESHOLDS:    1.00E-05 (Density)    1.00E-07 (Energy)
 MAX. NUMBER OF ITERATIONS:       60
 INTERPOLATION TYPE:            DIIS
 INTERPOLATION STEPS:              2 (START)      1 (STEP)
 LEVEL SHIFTS:                  0.00 (CLOSED)  0.00 (OPEN) 



 Orbital guess generated from atomic densities. Full valence occupancy:    8

 Molecular orbital dump at record        2100.2

 ITERATION    DDIFF          GRAD             ENERGY        2-EL.EN.            DIPOLE MOMENTS         DIIS
    1      0.000D+00      0.000D+00       -77.89196490    115.646844    0.00000   -0.08487   -0.17278    0
    2      0.000D+00      0.628D-02       -77.91677687    113.419757    0.00000    0.28262    0.24561    1
    3      0.812D-02      0.277D-02       -77.92050801    114.273747    0.00000    0.26935    0.22917    2
    4      0.269D-02      0.741D-03       -77.92116396    114.083491    0.00000    0.33552    0.29942    3
    5      0.167D-02      0.172D-03       -77.92120245    114.098517    0.00000    0.34360    0.32333    4
    6      0.396D-03      0.864D-04       -77.92120821    114.091323    0.00000    0.34843    0.32727    5
    7      0.124D-03      0.235D-04       -77.92120934    114.090481    0.00000    0.34996    0.33199    6
    8      0.661D-04      0.820D-05       -77.92120942    114.090239    0.00000    0.35023    0.33297    7
    9      0.219D-04      0.128D-05       -77.92120942    114.090203    0.00000    0.35019    0.33299    7
   10      0.339D-05      0.274D-06       -77.92120942    114.090207    0.00000    0.35018    0.33298    0

 Final occupancy:   8

 !RHF STATE 1.1 Energy                -77.921209424998
 Nuclear energy                        31.97212283
 One-electron energy                 -166.93843560
 Two-electron energy                   57.04510335
 Virial quotient                       -1.00562117
 !RHF STATE 1.1 Dipole moment           0.00000055     0.35018327     0.33298023
 Dipole moment /Debye                   0.00000141     0.89001879     0.84629589

 Orbital energies:

         1.1          2.1          3.1          4.1          5.1          6.1          7.1          8.1          9.1         10.1
    -11.303084   -11.253260    -1.048801    -0.783639    -0.638612    -0.598322    -0.400283    -0.398112     0.084307     0.091944


 **********************************************************************************************************************************
 DATASETS  * FILE   NREC   LENGTH (MB)   RECORD NAMES
              1      18        2.74       500      610      700      900      950      970     1000      129      960     1100   
                                          VAR    BASINP    GEOM    SYMINP    ZMAT    AOBASIS   BASIS     P2S    ABASIS      S 
                                         1400     1410     1200     1210     1080     1600     1650     1700   
                                           T        V       H0       H01     AOSYM     SMH    MOLCAS    OPER   

              2       3        0.39       700     1000     2100   
                                         GEOM     BASIS     RHF  

 PROGRAMS   *        TOTAL        HF       INT
 CPU TIMES  *         0.35      0.10      0.12
 REAL TIME  *         2.50 SEC
 DISK USED  *        35.81 MB      
 SF USED    *         0.01 MB      
 GA USED    *         0.00 MB       (max)       0.00 MB       (current)
 **********************************************************************************************************************************

1PROGRAM * MULTI (Direct Multiconfiguration SCF)       Authors: P.J. Knowles, H.-J. Werner (1984)     S.T. Elbert (1988)


 Number of closed-shell orbitals:  7 (  7 )
 Number of active  orbitals:       2 (  2 )
 Number of external orbitals:     47 ( 47 )

 State symmetry 1

 Number of electrons:     2    Spin symmetry=Singlet   Space symmetry=1
 Number of states:        1
 Number of CSFs:          3   (4 determinants, 4 intermediate states)

 Iteration controls:
             1  2  3  4  5  6  7  8  9 10 11 12 13 14 15 16 17 18 19 20 21 22 23 24 25 26 27 28 29 30 31 32 33 34 35 36 37 38 39
 DIAGCI      T  T  T  T  T  T  T  T  T  T  T  T  T  T  T  T  T  T  T  T  T  T  T  T  T  T  T  T  T  T  T  T  T  T  T  T  T  T  T
 WERNER      T  T  T  T  T  T  T  T  T  T  T  T  T  T  T  T  T  T  T  T  T  T  T  T  T  T  T  T  T  T  T  T  T  T  T  T  T  T  T
 INTERNAL    F  T  T  T  T  T  T  T  T  T  T  T  T  T  T  T  T  T  T  T  T  T  T  T  T  T  T  T  T  T  T  T  T  T  T  T  T  T  T

 Molecular orbitals read from record     2100.2  Type=RHF/CANONICAL (state 1.1)

 Wavefunction dump at record             2140.2

 Convergence thresholds  0.10E-01 (gradient)  0.10E-05 (energy)  0.10E-02 (step length)

 Number of orbital rotations:     437     (  14 Core/Active  329 Core/Virtual   0 Active/Active   94 Active/Virtual)
 Total number of variables:       441


 ITER. MIC  NCI  NEG     ENERGY(VAR)     ENERGY(PROJ)   ENERGY CHANGE     GRAD(0)  GRAD(ORB)   GRAD(CI)     STEP       TIME

   1   40    7    0     -77.92181529     -77.96136049   -0.03954520    0.00316474 0.00079392 0.00000000  0.81D+00      0.15
   2   24    8    0     -77.96082687     -77.96344476   -0.00261789    0.03293128 0.00000616 0.00000000  0.15D+00      0.30
   3   24    8    0     -77.96345577     -77.96345599   -0.00000022    0.00033368 0.00000005 0.00000000  0.13D-02      0.43
   4   24    4    0     -77.96345599     -77.96345599   -0.00000000    0.00000010 0.00000000 0.00000000  0.24D-06      0.52

 ** WVFN ****  CONVERGENCE REACHED, FINAL GRADIENT:  0.21D-07


 First order charge density matrix for state 1.1 saved on record  2140.2 (density set 1)

 Results for state 1.1
 =====================

 !MCSCF STATE 1.1 Energy              -77.963455991693
 Nuclear energy                        31.97212283
 Kinetic energy                        77.63750889
 One electron energy                 -167.03101176
 Two electron energy                   57.09543294
 Virial ratio                           2.00419832

 !MCSCF STATE 1.1 Dipole moment         0.00000058     0.25670905     0.20782845
 Dipole moment /Debye                   0.00000146     0.65244658     0.52821262


 Natural orbital dump at molpro section                    2140.2    (Orbital set 2)



 **********************************************************************************************************************************
 DATASETS  * FILE   NREC   LENGTH (MB)   RECORD NAMES
              1      19        4.50       500      610      700      900      950      970     1000      129      960     1100   
                                          VAR    BASINP    GEOM    SYMINP    ZMAT    AOBASIS   BASIS     P2S    ABASIS      S 
                                         1400     1410     1200     1210     1080     1600     1650     1700     1380   
                                           T        V       H0       H01     AOSYM     SMH    MOLCAS    OPER     JKOP   

              2       4        0.55       700     1000     2100     2140   
                                         GEOM     BASIS     RHF     MCSCF   

 PROGRAMS   *        TOTAL     MULTI        HF       INT
 CPU TIMES  *         0.98      0.63      0.10      0.12
 REAL TIME  *         3.98 SEC
 DISK USED  *        35.81 MB      
 SF USED    *        10.86 MB      
 GA USED    *         0.00 MB       (max)       0.00 MB       (current)
 **********************************************************************************************************************************

1PROGRAM * MULTI (Direct Multiconfiguration SCF)       Authors: P.J. Knowles, H.-J. Werner (1984)     S.T. Elbert (1988)


 Number of closed-shell orbitals:  6 (  6 )
 Number of active  orbitals:       4 (  4 )
 Number of external orbitals:     46 ( 46 )

 State symmetry 1

 Number of electrons:     4    Spin symmetry=Singlet   Space symmetry=1
 Number of states:        1
 Number of CSFs:         20   (36 determinants, 36 intermediate states)

 Iteration controls:
             1  2  3  4  5  6  7  8  9 10 11 12 13 14 15 16 17 18 19 20 21 22 23 24 25 26 27 28 29 30 31 32 33 34 35 36 37 38 39
 DIAGCI      T  T  T  T  T  T  T  T  T  T  T  T  T  T  T  T  T  T  T  T  T  T  T  T  T  T  T  T  T  T  T  T  T  T  T  T  T  T  T
 WERNER      T  T  T  T  T  T  T  T  T  T  T  T  T  T  T  T  T  T  T  T  T  T  T  T  T  T  T  T  T  T  T  T  T  T  T  T  T  T  T
 INTERNAL    F  T  T  T  T  T  T  T  T  T  T  T  T  T  T  T  T  T  T  T  T  T  T  T  T  T  T  T  T  T  T  T  T  T  T  T  T  T  T

 Molecular orbitals read from record     2140.2  Type=MCSCF/NATURAL (state 1.1)

 Wavefunction dump at record             2141.2

 Convergence thresholds  0.10E-01 (gradient)  0.10E-05 (energy)  0.10E-02 (step length)

 Number of orbital rotations:     484     (  24 Core/Active  276 Core/Virtual   0 Active/Active  184 Active/Virtual)
 Total number of variables:       520


 ITER. MIC  NCI  NEG     ENERGY(VAR)     ENERGY(PROJ)   ENERGY CHANGE     GRAD(0)  GRAD(ORB)   GRAD(CI)     STEP       TIME

   1   40   19    0     -77.96352335     -77.98683470   -0.02331135    0.00045017 0.00118319 0.00002178  0.83D+00      0.12
   2   35   20    0     -77.98914282     -77.99391192   -0.00476911    0.04183729 0.00000890 0.00005947  0.27D+00      0.26
   3   32   15    0     -77.99399577     -77.99400655   -0.00001079    0.00134899 0.00000177 0.00000443  0.16D-01      0.38
   4   35   12    0     -77.99400657     -77.99400657   -0.00000000    0.00000735 0.00000000 0.00000002  0.36D-04      0.49

 ** WVFN ****  CONVERGENCE REACHED, FINAL GRADIENT:  0.43D-08


 First order charge density matrix for state 1.1 saved on record  2141.2 (density set 1)

 Results for state 1.1
 =====================

 !MCSCF STATE 1.1 Energy              -77.994006567419
 Nuclear energy                        31.97212283
 Kinetic energy                        77.74280602
 One electron energy                 -167.10341223
 Two electron energy                   57.13728283
 Virial ratio                           2.00323117

 !MCSCF STATE 1.1 Dipole moment         0.00000056     0.25792007     0.22488294
 Dipole moment /Debye                   0.00000142     0.65552449     0.57155799


 Natural orbital dump at molpro section                    2141.2    (Orbital set 2)



 **********************************************************************************************************************************
 DATASETS  * FILE   NREC   LENGTH (MB)   RECORD NAMES
              1      19        4.88       500      610      700      900      950      970     1000      129      960     1100   
                                          VAR    BASINP    GEOM    SYMINP    ZMAT    AOBASIS   BASIS     P2S    ABASIS      S 
                                         1400     1410     1200     1210     1080     1600     1650     1700     1380   
                                           T        V       H0       H01     AOSYM     SMH    MOLCAS    OPER     JKOP   

              2       5        0.68       700     1000     2100     2140     2141   
                                         GEOM     BASIS     RHF     MCSCF    MCSCF   

 PROGRAMS   *        TOTAL     MULTI     MULTI        HF       INT
 CPU TIMES  *         1.55      0.57      0.63      0.10      0.12
 REAL TIME  *         5.37 SEC
 DISK USED  *        35.81 MB      
 SF USED    *        12.56 MB      
 GA USED    *         0.00 MB       (max)       0.00 MB       (current)
 **********************************************************************************************************************************
 ZSYMEL=NOSYM
 
 SETTING RCC91          =         1.30000000                                  
 SETTING RCC92          =         1.08520000                                  
 SETTING RCC93          =         1.09000000                                  
 SETTING RCH91          =         1.07860000                                  
 SETTING ACCC91         =       122.01770000                                  
 SETTING AHCC91         =       121.63380000                                  
 SETTING AHCC92         =       137.87270000                                  
 SETTING B91            =       179.97500000                                  
 SETTING B92            =       179.98470000                                  
 SETTING AABS1          =        89.89432201                                  
 SETTING BABS1          =        90.04874224                                  
 SETTING RTS            =        10.00000000                                  
 SETTING SPIN           =         0.00000000                                  
 SETTING BASIS          =    CC-PVDZ


 Recomputing integrals since basis changed


 Using spherical harmonics

 Library entry C      S cc-pVDZ              selected for orbital group  1
 Library entry C      P cc-pVDZ              selected for orbital group  1
 Library entry C      D cc-pVDZ              selected for orbital group  1
 Library entry H      S cc-pVDZ              selected for orbital group  2
 Library entry H      P cc-pVDZ              selected for orbital group  2

1PROGRAM * SEWARD (Integral evaluation for generally contracted gaussian basis sets)     Author: Roland Lindh, 1990

 Geometry written to block  1 of record 701

 Orientation using atomic masses  
 Molecule type: Asymmetric top
 Rotational constants:       4.4745643      5.0625174     29.0489280 GHz  (calculated with average atomic masses)

 Point group  C1  



 ATOMIC COORDINATES

 NR  ATOM    CHARGE       X              Y              Z

   1  C91     6.00    0.158023612   -1.294233752   -0.577783811
   2  C92     6.00   -0.043596124    1.146420728   -0.771832227
   3  H93     1.00    1.600038527    2.369894730   -0.855935180
   4  H94     1.00   -1.880040369    2.075145462   -0.859724521
   5  H95     1.00   -1.080485121   -2.908725084   -0.459411519
   6  H91     1.00   -0.003074915    0.225081631   18.257614066

 Bond lengths in Bohr (Angstrom)

 1-2  2.456643971  1-5  2.038258605  2-3  2.050730798  2-4  2.059801483
     ( 1.300000000)     ( 1.078600000)     ( 1.085200000)     ( 1.090000000)

 Bond angles

  1-2-3  122.01770000   1-2-4  121.63380000   2-1-5  137.87270000   3-2-4  116.34849561

 NUCLEAR CHARGE:                   16
 NUMBER OF PRIMITIVE AOS:          82
 NUMBER OF SYMMETRY AOS:           80
 NUMBER OF CONTRACTIONS:           48   (  48A   )
 NUMBER OF CORE ORBITALS:           2   (   2A   )
 NUMBER OF VALENCE ORBITALS:       12   (  12A   )

 SYMMETRY CHANGED: INITIALIZING OCCUPATION


 NUCLEAR REPULSION ENERGY   29.34680443


 Eigenvalues of metric

         1 0.371E-02 0.159E-01 0.222E-01 0.266E-01 0.345E-01 0.456E-01 0.492E-01 0.584E-01


 Contracted 2-electron integrals neglected if value below      1.0D-11
 AO integral compression algorithm  1   Integral accuracy      1.0D-11

     3.146 MB (compressed) written to integral file ( 67.4%)

     Node minimum: 0.786 MB, node maximum: 0.786 MB


 NUMBER OF SORTED TWO-ELECTRON INTEGRALS:     173460.     BUFFER LENGTH:  32768
 NUMBER OF SEGMENTS:   1  SEGMENT LENGTH:     173460      RECORD LENGTH: 524288

 Memory used in sort:       0.73 MW

 SORT1 READ      584315. AND WROTE      113286. INTEGRALS IN      1 RECORDS. CPU TIME:     0.01 SEC, REAL TIME:     0.08 SEC
 SORT2 READ      452853. AND WROTE      692076. INTEGRALS IN     12 RECORDS. CPU TIME:     0.01 SEC, REAL TIME:     0.01 SEC

 Node minimum:      172578.  Node maximum:      173460. integrals

 OPERATOR DM      FOR CENTER  0  COORDINATES:    0.000000    0.000000    0.000000


 **********************************************************************************************************************************
 DATASETS  * FILE   NREC   LENGTH (MB)   RECORD NAMES
              1      18        2.71       500      610      701      900      950      970     1001      129      960     1100   
                                          VAR    BASINP    GEOM    SYMINP    ZMAT    AOBASIS   BASIS     P2S    ABASIS      S 
                                         1400     1410     1200     1210     1080     1600     1650     1700   
                                           T        V       H0       H01     AOSYM     SMH    MOLCAS    OPER   

              2       7        0.97       700     1000     2100     2140     2141      701     1001   
                                         GEOM     BASIS     RHF     MCSCF    MCSCF    GEOM     BASIS   

 PROGRAMS   *        TOTAL       INT     MULTI     MULTI        HF       INT
 CPU TIMES  *         1.64      0.09      0.57      0.63      0.10      0.12
 REAL TIME  *         6.39 SEC
 DISK USED  *        44.16 MB      
 SF USED    *        12.56 MB      
 GA USED    *         0.00 MB       (max)       0.00 MB       (current)
 **********************************************************************************************************************************

1PROGRAM * MULTI (Direct Multiconfiguration SCF)       Authors: P.J. Knowles, H.-J. Werner (1984)     S.T. Elbert (1988)


 Number of closed-shell orbitals:  7 (  7 )
 Number of active  orbitals:       2 (  2 )
 Number of external orbitals:     39 ( 39 )

 State symmetry 1

 Number of electrons:     2    Spin symmetry=Singlet   Space symmetry=1
 Number of states:        1
 Number of CSFs:          3   (4 determinants, 4 intermediate states)

 Iteration controls:
             1  2  3  4  5  6  7  8  9 10 11 12 13 14 15 16 17 18 19 20 21 22 23 24 25 26 27 28 29 30 31 32 33 34 35 36 37 38 39
 DIAGCI      T  T  T  T  T  T  T  T  T  T  T  T  T  T  T  T  T  T  T  T  T  T  T  T  T  T  T  T  T  T  T  T  T  T  T  T  T  T  T
 WERNER      T  T  T  T  T  T  T  T  T  T  T  T  T  T  T  T  T  T  T  T  T  T  T  T  T  T  T  T  T  T  T  T  T  T  T  T  T  T  T
 INTERNAL    F  T  T  T  T  T  T  T  T  T  T  T  T  T  T  T  T  T  T  T  T  T  T  T  T  T  T  T  T  T  T  T  T  T  T  T  T  T  T

 Orbital guess generated from atomic densities. Full valence occupancy:   14

 Wavefunction dump at record             2142.2

 Convergence thresholds  0.10E-01 (gradient)  0.10E-05 (energy)  0.10E-02 (step length)

 Number of orbital rotations:     365     (  14 Core/Active  273 Core/Virtual   0 Active/Active   78 Active/Virtual)
 Total number of variables:       369


 ITER. MIC  NCI  NEG     ENERGY(VAR)     ENERGY(PROJ)   ENERGY CHANGE     GRAD(0)  GRAD(ORB)   GRAD(CI)     STEP       TIME

   1   47    7    0     -77.84959809     -77.88897956   -0.03938147    0.22146054 0.00000108 0.00000000  0.16D+00      0.06
   2   21    8    0     -77.88912826     -77.88914732   -0.00001906    0.00698284 0.00000000 0.00000000  0.31D-02      0.11
   3   20    5    0     -77.88914734     -77.88914734   -0.00000000    0.00001309 0.00000000 0.00000000  0.75D-05      0.15

 ** WVFN ****  CONVERGENCE REACHED, FINAL GRADIENT:  0.93D-10


 First order charge density matrix for state 1.1 saved on record  2142.2 (density set 1)

 Results for state 1.1
 =====================

 !MCSCF STATE 1.1 Energy              -77.889147342508
 Nuclear energy                        29.34680443
 Kinetic energy                        77.82427322
 One electron energy                 -161.81660562
 Two electron energy                   54.58065384
 Virial ratio                           2.00083360

 !MCSCF STATE 1.1 Dipole moment        -0.22592994     0.05371119    -0.00600219
 Dipole moment /Debye                  -0.57421901     0.13651130    -0.01525506


 Natural orbital dump at molpro section                    2142.2    (Orbital set 2)



 **********************************************************************************************************************************
 DATASETS  * FILE   NREC   LENGTH (MB)   RECORD NAMES
              1      19        4.00       500      610      701      900      950      970     1001      129      960     1100   
                                          VAR    BASINP    GEOM    SYMINP    ZMAT    AOBASIS   BASIS     P2S    ABASIS      S 
                                         1400     1410     1200     1210     1080     1600     1650     1700     1380   
                                           T        V       H0       H01     AOSYM     SMH    MOLCAS    OPER     JKOP   

              2       8        1.05       700     1000     2100     2140     2141      701     1001     2142   
                                         GEOM     BASIS     RHF     MCSCF    MCSCF    GEOM     BASIS    MCSCF   

 PROGRAMS   *        TOTAL     MULTI       INT     MULTI     MULTI        HF       INT
 CPU TIMES  *         1.83      0.19      0.09      0.57      0.63      0.10      0.12
 REAL TIME  *         7.30 SEC
 DISK USED  *        44.16 MB      
 SF USED    *        12.56 MB      
 GA USED    *         0.00 MB       (max)       0.00 MB       (current)
 **********************************************************************************************************************************

1PROGRAM * RS2 (Multireference RS Perturbation Theory)     Authors: H.-J. Werner (1993), P. Celani (1998)


 Level shift= 0.20

 Convergence thresholds:  THRVAR = 1.00D-08  THRDEN = 1.00D-06

 Number of optimized states:  1  Roots:   1
 Number of reference states:  1  Roots:   1

 Reference symmetry:                   1   Singlet 
 Number of electrons:                 16
 Maximum number of shells:             4
 Maximum number of spin couplings:     5

 Reference space:        3 conf        3 CSFs
 N elec internal:       28 conf       28 CSFs
 N-1 el internal:       47 conf       72 CSFs
 N-2 el internal:       56 conf      131 CSFs

 Number of electrons in valence space:                     12
 Maximum number of open shell orbitals in reference space:  2
 Maximum number of open shell orbitals in internal spaces:  6


 Number of core orbitals:           2 (   2 )
 Number of closed-shell orbitals:   5 (   5 )
 Number of active  orbitals:        2 (   2 )
 Number of external orbitals:      39 (  39 )

 Molecular orbitals read from record     2142.2  Type=MCSCF/NATURAL (state 1.1)

 Coulomb and exchange operators available. No transformation done.

 Number of p-space configurations:   3

 Reference wavefunction optimized for reference space (refopt=1)

 State     Reference Energy 
   1         -77.88914734

 Number of blocks in overlap matrix:     2   Smallest eigenvalue:  0.10D+01
 Number of N-2 electron functions:      46
 Number of N-1 electron functions:      72

 Number of internal configurations:                   28
 Number of singly external configurations:          2808
 Number of doubly external configurations:         35100
 Total number of contracted configurations:        37936
 Total number of uncontracted configurations:     102481

 Weight factors for SA-density in H0:    1.000000

 FIMAX=  0.29D-01  FXMAX=  0.93D-11  DIAG=  F  T  NOREF=1  NOINT=0  IHPPD=2

 Nuclear energy:                      29.34680443
 Core energy:                        -77.48644991
 Zeroth-order valence energy:         -7.07572402
 Zeroth-order total energy:          -55.21536950
 First-order energy:                 -22.67377784

 Using uncontracted singles

 Diagonal Coupling coefficients finished.               Storage:    2068 words, CPU-Time:      0.00 seconds.
 Energy denominators for pairs finished in 0 passes.    Storage:    4793 words, CPU-time:      0.00 seconds.

 A level shift of 0.20 is applied.

  ITER. STATE  ROOT     SQ.NORM     CORR.ENERGY   TOTAL ENERGY   ENERGY CHANGE       DEN1      VAR(S)    VAR(P)      TIME
    1     1     1     1.00796381    -0.00159276   -77.89074011    -0.00159276    -0.23212476  0.80D-02  0.74D-01     0.01
    2     1     1     1.08204454    -0.24835293   -78.13750027    -0.24676017     0.00013974  0.20D-04  0.11D-04     0.02
    3     1     1     1.08207801    -0.24841105   -78.13755839    -0.00005812    -0.00003144  0.22D-06  0.59D-07     0.02
    4     1     1     1.08209715    -0.24841524   -78.13756258    -0.00000418     0.00000038  0.22D-08  0.99D-09     0.02
    5     1     1     1.08209775    -0.24841535   -78.13756270    -0.00000012    -0.00000022  0.41D-10  0.88D-11     0.03
    6     1     1     1.08209790    -0.24841538   -78.13756272    -0.00000003     0.00000000  0.63D-12  0.20D-12     0.03

 Energies without level shift correction:

    6     1     1     1.08209790    -0.23199580   -78.12114315

 Energy contributions for state 1.1:
 ===================================

            Energy contr.      SQ.Norm of FOWF
 Space I     -0.00000000          0.00001980
 Space S     -0.01499964          0.00782448
 Space P     -0.21699616          0.07425362


 =====================================
 Analysis of CPU times by interactions
 =====================================

       I      S      P

 I   0.0%
 S   0.0%   0.0%
 P   0.0%  66.7%   0.0%

 Initialization:  33.3%
 Other:            0.0%

 Total CPU:        0.0 seconds
 =====================================



 Reference coefficients greater than 0.0500000
 =============================================
 2222220           0.7071068
 2222202          -0.7071068

 Coefficients of doubly external configurations greater than 0.0500000
 =====================================================================

 PAIR    I     J   ->   K     L     NP  SYM  REF     COEFFICIENTS

  25    7.1   7.1     10.1  10.1     1   1    1   -0.07477595



 RESULTS FOR STATE 1.1
 =====================

 Coefficient of reference function:   C(0) = 1.00000000 (fixed)   1.00000000 (relaxed)

 Energy contributions of configuration classes

 CLASS          SQ.NORM        ECORR1        ECORR2
 +++++++++++++++++++++++++++++++++++++++++++++++++++
 Internals    0.00001980   -0.00000000    0.24841537
 Singles      0.00782448   -0.01499964   -0.03212250
 Pairs        0.07425362   -0.21699615   -0.46470826
 Total        1.08209790   -0.23199580   -0.24841538
 +++++++++++++++++++++++++++++++++++++++++++++++++++


 Reference energy                     -77.88914734
 Nuclear energy                        29.34680443
 Kinetic energy                        77.98333070
 One electron energy                 -161.70046346
 Two electron energy                   54.21609631
 Virial quotient                       -1.00197776
 Correlation energy                    -0.24841538
 !RSPT2 STATE 1.1 Energy              -78.137562724531

 !RSPT2 STATE 1.1 Dipole moment        -0.23284240     0.06698776    -0.00710269
 Dipole moment /Debye                  -0.59178760     0.17025476    -0.01805205


 **********************************************************************************************************************************
 DATASETS  * FILE   NREC   LENGTH (MB)   RECORD NAMES
              1      19        4.00       500      610      701      900      950      970     1001      129      960     1100   
                                          VAR    BASINP    GEOM    SYMINP    ZMAT    AOBASIS   BASIS     P2S    ABASIS      S 
                                         1400     1410     1200     1210     1080     1600     1650     1700     1380   
                                           T        V       H0       H01     AOSYM     SMH    MOLCAS    OPER     JKOP   

              2       8        1.05       700     1000     2100     2140     2141      701     1001     2142   
                                         GEOM     BASIS     RHF     MCSCF    MCSCF    GEOM     BASIS    MCSCF   

 PROGRAMS   *        TOTAL       RS2     MULTI       INT     MULTI     MULTI        HF       INT
 CPU TIMES  *         1.89      0.05      0.19      0.09      0.57      0.63      0.10      0.12
 REAL TIME  *         8.05 SEC
 DISK USED  *        44.16 MB      
 SF USED    *        12.56 MB      
 GA USED    *         0.00 MB       (max)       0.00 MB       (current)
 **********************************************************************************************************************************
 SETTING CBSEN          =       -78.13756272  AU                              

 Dump information in style MOLDEN to molpro.molden                                                                   

 Molecular orbitals read from record     2142.2  Type=MCSCF/NATURAL (state 1.1)
 Occupation numbers read from record     2142.2  Type=MCSCF/NATURAL (state 1.1)
 Orbital energies read from record       2142.2  Type=MCSCF/NATURAL (state 1.1)
 Redundancy group numbers read from rec  2142.2  Type=MCSCF/NATURAL (state 1.1)
 
 DUMP ORBITAL  1.1 AS ORBITAL    1  occ=    2.0000  eig=  -11.2505  GROUP=   2
 DUMP ORBITAL  2.1 AS ORBITAL    2  occ=    2.0000  eig=  -11.2398  GROUP=   2
 DUMP ORBITAL  3.1 AS ORBITAL    3  occ=    2.0000  eig=   -1.0294  GROUP=   2
 DUMP ORBITAL  4.1 AS ORBITAL    4  occ=    2.0000  eig=   -0.7641  GROUP=   2
 DUMP ORBITAL  5.1 AS ORBITAL    5  occ=    2.0000  eig=   -0.6215  GROUP=   2
 DUMP ORBITAL  6.1 AS ORBITAL    6  occ=    2.0000  eig=   -0.5784  GROUP=   2
 DUMP ORBITAL  7.1 AS ORBITAL    7  occ=    2.0000  eig=   -0.3875  GROUP=   2
 DUMP ORBITAL  8.1 AS ORBITAL    8  occ=    1.0000  eig=   -0.1570  GROUP=   3
 DUMP ORBITAL  9.1 AS ORBITAL    9  occ=    1.0000  eig=   -0.1570  GROUP=   3

 Total charge:      16.000000

 **********************************************************************************************************************************

        RS2             MULTI           MULTI           MULTI           HF-SCF  
    -78.13756272    -77.88914734    -77.99400657    -77.96345599    -77.92120942
 **********************************************************************************************************************************
 Variable memory released
