FACE = 0

Surf:             0             1             2             3             4             5

Minimal energy (kcal/mol):
           -0.48408     -0.945589      -2.78656      -3.93092      -10.7218       -14.524

Temperature (K) - Flux(10^11 cm^3/sec)
   10 6.09e+09( 39) 5.59e+19( 50) 5.04e+59( 60) 2.06e+84(***)     ****(  9)     ****(6.5)
   20 9.56e+04( 25) 6.16e+09( 35) 3.69e+29( 48) 3.44e+41( 94)     ****( 15)     ****(  9)
 30.5 2.94e+03( 19) 3.13e+06( 27) 1.95e+19( 41) 8.47e+26( 77) 5.83e+75( 50)     ****( 16)
41.53      596( 15) 7.96e+04( 22)  1.4e+14( 37) 4.35e+19( 60) 3.15e+55( 47) 1.18e+75( 70)
 53.1      251( 13)  9.6e+03( 19) 1.19e+11( 33) 2.02e+15( 47) 1.99e+43( 45) 2.94e+58( 69)
65.26      150( 11)  2.5e+03( 16) 1.11e+09( 31) 2.82e+12( 39) 1.46e+35( 43) 2.47e+47( 67)
78.02      109( 10) 1.01e+03( 15)  4.1e+07( 29) 2.72e+10( 33) 2.31e+29( 41) 3.12e+39( 65)
91.42     88.5(9.1)      528( 13) 3.57e+06( 27) 8.74e+08( 30) 1.06e+25( 40)  3.9e+33( 61)
105.5       77(8.4)      330( 12) 5.51e+05( 25) 6.24e+07( 27) 4.67e+21( 38) 1.05e+29( 57)
120.3     70.2(7.9)      233( 11) 1.27e+05( 24) 7.78e+06( 25) 9.94e+18( 37) 2.47e+25( 53)
135.8     65.9(7.5)      179(9.8) 3.91e+04( 23) 1.45e+06( 23) 6.69e+16( 36) 2.78e+22( 48)
152.1     63.4(7.1)      146(  9)  1.5e+04( 21) 3.66e+05( 22) 1.07e+15( 34) 1.02e+20( 44)
169.2     61.8(6.8)      125(8.3)  6.8e+03( 20) 1.16e+05( 21) 3.32e+13( 33) 9.24e+17( 41)
187.1     61.1(6.6)      111(7.7) 3.52e+03( 19) 4.43e+04( 20) 1.74e+12( 32) 1.71e+16( 37)
  206     60.8(6.4)      101(7.2) 2.02e+03( 18) 1.95e+04( 19) 1.39e+11( 30) 5.59e+14( 34)
225.8     60.9(6.3)       94(6.7) 1.27e+03( 17) 9.68e+03( 18) 1.56e+10( 29)  2.9e+13( 32)
246.6     61.4(6.1)     88.9(6.2)      849( 16) 5.28e+03( 18) 2.32e+09( 28) 2.19e+12( 30)
268.4     62.1(  6)     85.2(5.9)      604( 15) 3.12e+03( 17) 4.35e+08( 27) 2.27e+11( 27)
291.3       63(5.9)     82.6(5.5)      452( 15) 1.98e+03( 16) 9.92e+07( 25) 3.07e+10( 26)
315.4       64(5.8)     80.8(5.2)      352( 14) 1.33e+03( 16) 2.68e+07( 24) 5.19e+09( 24)
340.7     65.2(5.8)     79.6(4.9)      284( 13)      933( 15) 8.33e+06( 23) 1.06e+09( 23)
367.2     66.6(5.7)     78.8(4.7)      236( 12)      686( 14) 2.93e+06( 22) 2.56e+08( 22)
395.1       68(5.7)     78.5(4.4)      202( 12)      523( 14) 1.15e+06( 22) 7.14e+07( 21)
424.3     69.5(5.6)     78.5(4.2)      176( 11)      413( 13) 4.94e+05( 21) 2.25e+07( 20)
  455     71.2(5.6)     78.8(  4)      156( 10)      335( 13) 2.31e+05( 20) 7.93e+06( 19)
487.3     72.9(5.5)     79.3(3.8)      142(9.9)      278( 12) 1.16e+05( 19) 3.07e+06( 18)
521.1     74.7(5.5)     80.1(3.7)      130(9.4)      237( 12) 6.19e+04( 18)  1.3e+06( 17)
556.7     76.5(5.5)       81(3.5)      121(8.9)      205( 11) 3.51e+04( 18) 5.92e+05( 16)
  594     78.5(5.4)       82(3.4)      114(8.5)      181( 11) 2.09e+04( 17) 2.89e+05( 16)
633.2     80.5(5.4)     83.3(3.3)      108(  8)      162( 10) 1.31e+04( 16)  1.5e+05( 15)
674.4     82.5(5.4)     84.6(3.1)      103(7.6)      148(9.6) 8.49e+03( 16) 8.19e+04( 15)
717.6     84.7(5.4)     86.1(  3)     99.8(7.3)      136(9.2) 5.73e+03( 15) 4.72e+04( 14)
  763     86.9(5.4)     87.7(2.9)       97(6.9)      126(8.8)    4e+03( 15) 2.84e+04( 14)
810.6     89.2(5.3)     89.4(2.8)     94.8(6.6)      119(8.4) 2.88e+03( 14) 1.78e+04( 13)
860.7     91.5(5.3)     91.2(2.7)     93.1(6.3)      113(  8) 2.13e+03( 14) 1.16e+04( 13)
913.2     93.9(5.3)     93.1(2.7)     91.9(  6)      108(7.7) 1.62e+03( 13) 7.81e+03( 12)
968.4     96.4(5.3)     95.1(2.6)     91.1(5.8)      104(7.3) 1.26e+03( 13) 5.43e+03( 12)
 1026     98.9(5.3)     97.2(2.5)     90.6(5.5)      101(  7)    1e+03( 12) 3.88e+03( 12)
 1087      102(5.3)     99.3(2.4)     90.4(5.3)     98.1(6.7)      810( 12) 2.85e+03( 11)
 1151      104(5.3)      102(2.4)     90.5(5.1)     96.1(6.4)      668( 11) 2.14e+03( 11)
 1218      107(5.3)      104(2.3)     90.8(4.9)     94.6(6.1)      560( 11) 1.65e+03( 11)
 1288      110(5.3)      106(2.3)     91.4(4.7)     93.5(5.9)      477( 11) 1.29e+03( 10)
 1362      113(5.2)      109(2.2)     92.1(4.5)     92.8(5.6)      412( 10) 1.04e+03(9.9)
 1440      116(5.2)      111(2.2)       93(4.4)     92.4(5.4)      361(9.8)      845(9.6)
 1521      119(5.2)      114(2.1)     94.1(4.2)     92.3(5.2)      320(9.5)      700(9.3)
 1607      122(5.2)      117(2.1)     95.3(4.1)     92.4(  5)      286(9.1)      589(  9)
 1697      125(5.2)      120(2.1)     96.6(3.9)     92.8(4.8)      259(8.8)      503(8.7)
 1791      128(5.2)      123(  2)     98.2(3.8)     93.3(4.6)      237(8.5)      435(8.4)
 1890      131(5.2)      126(  2)     99.8(3.7)     94.1(4.4)      218(8.2)      381(8.1)
 1994      135(5.2)      129(  2)      102(3.6)       95(4.3)      203(7.8)      338(7.8)
 2103      138(5.2)      132(1.9)      103(3.5)     96.1(4.1)      190(7.6)      302(7.6)
 2218      142(5.2)      135(1.9)      105(3.3)     97.4(  4)      180(7.3)      274(7.3)
 2339      146(5.2)      139(1.9)      108(3.3)     98.8(3.8)      170(  7)      250(  7)
 2465      149(5.2)      142(1.9)      110(3.2)      100(3.7)      163(6.7)      230(6.8)
 2598      153(5.2)      146(1.9)      112(3.1)      102(3.6)      157(6.5)      214(6.5)
 2737      157(5.2)      149(1.8)      115(  3)      104(3.5)      151(6.2)      200(6.3)
 2883      161(5.2)      153(1.8)      117(2.9)      106(3.3)      147(  6)      188(6.1)
 3037      165(5.2)      157(1.8)      120(2.8)      108(3.2)      143(5.8)      178(5.9)
 3199      169(5.2)      161(1.8)      123(2.8)      110(3.1)      140(5.6)      170(5.6)
 3368      174(5.2)      165(1.8)      125(2.7)      112(  3)      137(5.4)      163(5.4)
 3546      178(5.2)      169(1.8)      128(2.6)      115(  3)      135(5.2)      157(5.2)

Surf:             0             1             2             3             4             5

Successful samplings:
                195           200           210           240           250           375
Failed samplings:
                  0             0             0             0             0             0
Dummy samplings:
                  0          1523          1257          1678          1473          1523
Out-of-face samplings:
                216          1596          1390          1898          1632          1853
Close-atoms samplings:
                  0             0             0             0            37            56

Minimal thermal flux (10^11 cm^3/sec):
T, K:           206         395.1          1087          1521          3546          3546
Flux:          60.8         78.51         90.43         92.26         135.4         157.3


*******************************************************

Surf:             6             7             8             9            10            11

Minimal energy (kcal/mol):
             -19.77        -26.44        -0.489       -0.9814        -2.767         -3.93

Temperature (K) - Flux(10^11 cm^3/sec)
   10     ****(4.7)     ****(3.8) 9.58e+09( 36) 6.59e+20( 33) 1.17e+59( 78) 4.16e+84( 61)
   20     ****(5.8)     ****(4.3) 1.25e+05( 23) 2.83e+10( 25) 1.56e+29( 54) 1.01e+42( 48)
 30.5     ****(7.4)     ****(  5) 3.49e+03( 18) 9.83e+06( 20) 1.13e+19( 41) 2.69e+27( 41)
41.53     ****( 12)     ****(6.3)      662( 15) 1.98e+05( 17)    1e+14( 33) 1.29e+20( 37)
 53.1 1.05e+80( 40)     ****(9.2)      266( 12) 2.03e+04( 16) 9.95e+10( 28)  5.4e+15( 33)
65.26 9.73e+64( 36)     ****( 31)      154( 11) 4.65e+03( 14) 1.04e+09( 25) 6.78e+12( 30)
78.02 1.84e+54( 33) 4.57e+72( 36)      109(9.5) 1.69e+03( 13) 4.19e+07( 22) 5.97e+10( 28)
91.42 1.75e+46( 31)  7.9e+61( 34)     86.7(8.4)      814( 12) 3.89e+06( 21) 1.78e+09( 26)
105.5 1.06e+40( 29) 3.57e+53( 32)     74.4(7.6)      475( 11)  6.3e+05( 19)  1.2e+08( 24)
120.3 1.18e+35( 27)    8e+46( 30)     67.1(  7)      315( 11)  1.5e+05( 18) 1.43e+07( 23)
135.8 1.09e+31( 26) 3.07e+41( 29)     62.6(6.4)      230(9.8) 4.74e+04( 17) 2.56e+06( 21)
152.1 4.96e+27( 25) 9.94e+36( 27)     59.8(5.9)      180(9.2) 1.85e+04( 17) 6.28e+05( 20)
169.2 7.66e+24( 24) 1.66e+33( 26)     58.1(5.5)      148(8.6) 8.46e+03( 16) 1.95e+05( 19)
187.1  3.1e+22( 23) 1.01e+30( 25)     57.2(5.2)      127(8.1)  4.4e+03( 15) 7.29e+04( 18)
  206  2.7e+20( 22) 1.73e+27( 23)     56.8(4.8)      113(7.6) 2.53e+03( 15) 3.16e+04( 17)
225.8 4.41e+18( 21) 6.81e+24( 22)     56.9(4.6)      102(7.1) 1.58e+03( 14) 1.54e+04( 16)
246.6  1.2e+17( 21) 5.37e+22( 22)     57.3(4.3)     94.6(6.7) 1.05e+03( 14) 8.33e+03( 16)
268.4 5.05e+15( 20) 7.52e+20( 21)       58(4.1)     89.1(6.4)      743( 13) 4.87e+03( 15)
291.3 3.04e+14( 19) 1.71e+19( 20)     58.9(3.9)     84.9(  6)      549( 13) 3.05e+03( 14)
315.4 2.49e+13( 19) 5.86e+17( 19)     59.9(3.7)     81.8(5.7)      423( 12) 2.03e+03( 14)
340.7 2.65e+12( 18) 2.86e+16( 18)     61.1(3.6)     79.6(5.4)      337( 12) 1.42e+03( 13)
367.2 3.54e+11( 18) 1.89e+15( 18)     62.4(3.4)     77.9(5.2)      277( 11) 1.03e+03( 13)
395.1 5.77e+10( 17) 1.63e+14( 17)     63.9(3.3)     76.9(4.9)      233( 11)      779( 12)
424.3 1.12e+10( 17) 1.77e+13( 17)     65.4(3.2)     76.2(4.7)      201( 10)      607( 12)
  455 2.52e+09( 16) 2.35e+12( 16)       67(3.1)     75.8(4.5)      176(9.8)      487( 11)
487.3 6.48e+08( 16) 3.75e+11( 16)     68.8(2.9)     75.8(4.3)      158(9.4)      401( 11)
521.1 1.88e+08( 15) 6.99e+10( 15)     70.6(2.8)       76(4.2)      143(9.1)      337( 10)
556.7 6.07e+07( 15) 1.51e+10( 15)     72.5(2.8)     76.5(  4)      131(8.7)      289(9.9)
  594 2.15e+07( 14) 3.68e+09( 14)     74.5(2.7)     77.1(3.8)      122(8.3)      252(9.5)
633.2 8.32e+06( 14) 1.01e+09( 14)     76.5(2.6)     77.9(3.7)      115(  8)      223(9.1)
674.4 3.47e+06( 13) 3.06e+08( 13)     78.6(2.5)     78.9(3.6)      109(7.7)      200(8.8)
717.6 1.55e+06( 13) 1.02e+08( 13)     80.8(2.4)       80(3.4)      104(7.4)      182(8.5)
  763 7.41e+05( 13) 3.71e+07( 12)     83.1(2.4)     81.2(3.3)     99.8(7.1)      167(8.1)
810.6 3.74e+05( 12) 1.45e+07( 12)     85.4(2.3)     82.5(3.2)     96.6(6.8)      156(7.8)
860.7 1.99e+05( 12)  6.1e+06( 12)     87.8(2.3)       84(3.1)     94.1(6.5)      146(7.5)
913.2 1.11e+05( 11) 2.74e+06( 11)     90.3(2.2)     85.6(  3)     92.2(6.3)      138(7.2)
968.4 6.47e+04( 11)  1.3e+06( 11)     92.8(2.2)     87.2(2.9)     90.7(  6)      131(  7)
 1026 3.93e+04( 11) 6.52e+05( 11)     95.4(2.1)       89(2.8)     89.6(5.8)      126(6.7)
 1087 2.47e+04( 10) 3.44e+05( 10)     98.1(2.1)     90.9(2.8)     88.8(5.6)      121(6.5)
 1151 1.61e+04( 10)  1.9e+05(9.9)      101(  2)     92.8(2.7)     88.4(5.4)      118(6.2)
 1218 1.08e+04(9.8) 1.09e+05(9.6)      104(  2)     94.8(2.6)     88.2(5.2)      115(  6)
 1288 7.51e+03(9.6) 6.53e+04(9.3)      106(  2)       97(2.5)     88.2(  5)      112(5.8)
 1362 5.34e+03(9.3) 4.05e+04(  9)      109(1.9)     99.2(2.5)     88.5(4.8)      110(5.5)
 1440 3.89e+03(  9)  2.6e+04(8.8)      112(1.9)      101(2.4)       89(4.6)      109(5.3)
 1521 2.91e+03(8.7) 1.72e+04(8.5)      116(1.9)      104(2.4)     89.6(4.5)      108(5.1)
 1607 2.22e+03(8.5) 1.17e+04(8.2)      119(1.9)      106(2.3)     90.5(4.3)      107(4.9)
 1697 1.72e+03(8.2) 8.17e+03(  8)      122(1.8)      109(2.3)     91.4(4.2)      106(4.8)
 1791 1.37e+03(7.9) 5.86e+03(7.7)      125(1.8)      112(2.2)     92.6(4.1)      106(4.6)
 1890  1.1e+03(7.7)  4.3e+03(7.5)      129(1.8)      114(2.2)     93.8(3.9)      106(4.4)
 1994      904(7.5) 3.22e+03(7.3)      132(1.8)      117(2.1)     95.2(3.8)      107(4.3)
 2103      752(7.2) 2.47e+03(7.1)      136(1.8)      120(2.1)     96.8(3.7)      107(4.1)
 2218      635(  7) 1.92e+03(6.9)      139(1.7)      123(  2)     98.4(3.6)      108(  4)
 2339      544(6.8) 1.53e+03(6.6)      143(1.7)      126(  2)      100(3.5)      109(3.8)
 2465      471(6.6) 1.23e+03(6.4)      147(1.7)      129(  2)      102(3.4)      110(3.7)
 2598      413(6.4) 1.01e+03(6.2)      151(1.7)      132(  2)      104(3.3)      111(3.6)
 2737      366(6.1)      840(6.1)      155(1.7)      136(1.9)      106(3.2)      113(3.4)
 2883      328(5.9)      709(5.9)      159(1.7)      139(1.9)      108(3.1)      114(3.3)
 3037      296(5.8)      605(5.7)      163(1.7)      143(1.9)      111(  3)      116(3.2)
 3199      270(5.6)      523(5.5)      167(1.7)      146(1.8)      113(2.9)      117(3.1)
 3368      248(5.4)      458(5.4)      172(1.7)      150(1.8)      116(2.8)      119(  3)
 3546      230(5.2)      405(5.2)      176(1.7)      154(1.8)      118(2.7)      121(2.9)

Surf:             6             7             8             9            10            11

Successful samplings:
                625           880           200           200           200           200
Failed samplings:
                  0             1             0             0             0             0
Dummy samplings:
               1331          1053          1659          1654          1527          1622
Out-of-face samplings:
               1957          1932          1640          1606          1470          1429
Close-atoms samplings:
                 55            74             0             0             3             9

Minimal thermal flux (10^11 cm^3/sec):
T, K:          3546          3546           206         487.3          1218          1791
Flux:         230.1         404.6         56.85         75.82         88.19         106.3


*******************************************************

Surf:            12            13            14            15            16            17

Minimal energy (kcal/mol):
             -10.71        -14.69        -19.88        -26.46       -0.4919       -0.9905

Temperature (K) - Flux(10^11 cm^3/sec)
   10     ****(7.4)     ****(5.6)     ****(4.4)     ****(3.6) 4.47e+10( 18) 1.37e+21( 26)
   20     ****( 13)     ****(7.7)     ****(5.6)     ****(4.1) 4.43e+05( 14) 5.09e+10( 19)
 30.5 2.69e+75( 70)     ****( 13)     ****(6.9)     ****(4.9) 1.02e+04( 12) 1.64e+07( 15)
41.53 1.57e+55( 63) 1.04e+76( 51)     ****( 11)     ****(  6) 1.67e+03( 11) 3.15e+05( 14)
 53.1 1.06e+43( 57) 2.05e+59( 44)    3e+80( 49)     ****(8.6)      597(9.8)  3.1e+04( 12)
65.26 8.31e+34( 53)  1.5e+48( 39) 2.15e+65( 46)     ****( 26)      312(9.1)  6.9e+03( 11)
78.02 1.41e+29( 48) 1.74e+40( 35) 3.37e+54( 43) 9.08e+72( 34)      203(8.6) 2.44e+03( 11)
91.42  6.9e+24( 45) 2.04e+34( 33) 2.78e+46( 40) 1.49e+62( 32)      150(8.2) 1.15e+03(9.8)
105.5 3.21e+21( 41) 5.18e+29( 30) 1.51e+40( 38) 6.47e+53( 30)      121(7.8)      651(9.3)
120.3 7.23e+18( 38) 1.14e+26( 28) 1.55e+35( 35)  1.4e+47( 29)      103(7.5)      421(8.8)
135.8 5.12e+16( 36) 1.21e+23( 27) 1.35e+31( 33) 5.22e+41( 27)     92.1(7.2)      300(8.4)
152.1 8.58e+14( 33) 4.19e+20( 25) 5.87e+27( 31) 1.65e+37( 26)     84.5(6.9)      229(  8)
169.2 2.78e+13( 31) 3.58e+18( 24) 8.78e+24( 30)  2.7e+33( 25)     79.3(6.7)      184(7.6)
187.1 1.52e+12( 30) 6.23e+16( 23) 3.47e+22( 28) 1.61e+30( 24)     75.8(6.5)      154(7.3)
  206 1.25e+11( 28) 1.92e+15( 22) 2.99e+20( 26) 2.71e+27( 23)     73.3(6.4)      134(  7)
225.8 1.45e+10( 26) 9.39e+13( 21) 4.84e+18( 25) 1.06e+25( 22)     71.7(6.2)      119(6.7)
246.6 2.22e+09( 25) 6.72e+12( 20) 1.32e+17( 23) 8.23e+22( 21)     70.6(6.1)      108(6.5)
268.4 4.27e+08( 24) 6.61e+11( 19) 5.53e+15( 22) 1.14e+21( 20)     70.1(  6)     99.8(6.2)
291.3 9.98e+07( 23) 8.48e+10( 19) 3.35e+14( 21) 2.57e+19( 19)     69.9(5.9)     93.5(  6)
315.4 2.75e+07( 21) 1.37e+10( 18) 2.76e+13( 20) 8.75e+17( 18)     70.1(5.8)     88.8(5.8)
340.7 8.72e+06( 20) 2.67e+09( 17) 2.96e+12( 19) 4.24e+16( 18)     70.5(5.7)     85.1(5.6)
367.2 3.12e+06( 20) 6.17e+08( 17)    4e+11( 18) 2.79e+15( 17)     71.2(5.6)     82.3(5.4)
395.1 1.24e+06( 19) 1.65e+08( 16) 6.57e+10( 17) 2.39e+14( 16)       72(5.5)     80.2(5.2)
424.3 5.42e+05( 18)    5e+07( 16) 1.28e+10( 16) 2.58e+13( 16)       73(5.4)     78.6(  5)
  455 2.56e+05( 17)  1.7e+07( 15) 2.92e+09( 16) 3.42e+12( 15)     74.1(5.4)     77.5(4.9)
487.3  1.3e+05( 16) 6.35e+06( 15)  7.6e+08( 15) 5.42e+11( 15)     75.4(5.3)     76.8(4.7)
521.1 7.02e+04( 16) 2.59e+06( 14) 2.23e+08( 14) 1.01e+11( 14)     76.8(5.2)     76.4(4.5)
556.7 4.01e+04( 15) 1.15e+06( 14) 7.25e+07( 14) 2.16e+10( 14)     78.3(5.2)     76.2(4.4)
  594 2.41e+04( 15) 5.42e+05( 14) 2.59e+07( 13) 5.27e+09( 13)     79.9(5.1)     76.3(4.3)
633.2 1.51e+04( 14) 2.73e+05( 13) 1.01e+07( 13) 1.44e+09( 13)     81.6(5.1)     76.6(4.1)
674.4 9.88e+03( 14) 1.46e+05( 13) 4.24e+06( 12) 4.36e+08( 13)     83.4(5.1)     77.1(  4)
717.6  6.7e+03( 13) 8.19e+04( 12) 1.91e+06( 12) 1.45e+08( 12)     85.3(  5)     77.8(3.9)
  763 4.69e+03( 13) 4.82e+04( 12) 9.16e+05( 12) 5.24e+07( 12)     87.3(  5)     78.6(3.8)
810.6 3.39e+03( 12) 2.96e+04( 12) 4.64e+05( 11) 2.04e+07( 11)     89.4(4.9)     79.6(3.7)
860.7 2.51e+03( 12) 1.88e+04( 11) 2.48e+05( 11) 8.56e+06( 11)     91.6(4.9)     80.7(3.6)
913.2 1.91e+03( 11) 1.24e+04( 11) 1.39e+05( 11) 3.82e+06( 11)     93.8(4.9)     81.9(3.5)
968.4 1.48e+03( 11) 8.48e+03( 11) 8.12e+04( 10) 1.81e+06( 10)     96.1(4.9)     83.2(3.4)
 1026 1.18e+03( 11) 5.95e+03( 10) 4.94e+04(9.9) 9.04e+05( 10)     98.5(4.8)     84.6(3.3)
 1087      951( 10)  4.3e+03( 10) 3.11e+04(9.6) 4.75e+05(9.8)      101(4.8)     86.2(3.2)
 1151      783( 10) 3.18e+03(9.9) 2.03e+04(9.4) 2.61e+05(9.5)      104(4.8)     87.8(3.1)
 1218      655(9.7) 2.41e+03(9.6) 1.36e+04(9.1) 1.49e+05(9.2)      106(4.8)     89.5(3.1)
 1288      555(9.4) 1.86e+03(9.3) 9.44e+03(8.8) 8.89e+04(  9)      109(4.7)     91.4(  3)
 1362      478(9.1) 1.47e+03(  9) 6.71e+03(8.6) 5.49e+04(8.7)      112(4.7)     93.3(2.9)
 1440      416(8.8) 1.18e+03(8.8) 4.88e+03(8.4)  3.5e+04(8.5)      115(4.7)     95.3(2.9)
 1521      367(8.6)      963(8.5) 3.64e+03(8.2) 2.31e+04(8.2)      118(4.7)     97.4(2.8)
 1607      327(8.3)      800(8.2) 2.76e+03(7.9) 1.56e+04(  8)      121(4.7)     99.6(2.7)
 1697      294(  8)      673(  8) 2.14e+03(7.7) 1.09e+04(7.8)      124(4.7)      102(2.7)
 1791      267(7.8)      575(7.8) 1.69e+03(7.5) 7.75e+03(7.5)      127(4.6)      104(2.6)
 1890      245(7.6)      497(7.5) 1.36e+03(7.3) 5.66e+03(7.3)      130(4.6)      107(2.6)
 1994      226(7.3)      435(7.3) 1.11e+03(7.1) 4.22e+03(7.1)      134(4.6)      109(2.5)
 2103      210(7.1)      384(7.1)      920(6.9) 3.21e+03(6.9)      137(4.6)      112(2.5)
 2218      197(6.9)      343(6.8)      773(6.7) 2.49e+03(6.7)      141(4.6)      115(2.4)
 2339      186(6.7)      310(6.6)      658(6.6) 1.97e+03(6.5)      145(4.6)      117(2.4)
 2465      176(6.5)      282(6.4)      567(6.4) 1.58e+03(6.3)      148(4.6)      120(2.3)
 2598      168(6.3)      258(6.2)      494(6.2) 1.29e+03(6.2)      152(4.6)      123(2.3)
 2737      161(6.1)      239(  6)      435(  6) 1.06e+03(  6)      156(4.6)      126(2.3)
 2883      155(5.9)      222(5.8)      387(5.9)      892(5.8)      160(4.6)      129(2.2)
 3037      150(5.7)      208(5.7)      347(5.7)      757(5.7)      164(4.5)      133(2.2)
 3199      146(5.5)      197(5.5)      315(5.6)      651(5.5)      169(4.5)      136(2.2)
 3368      142(5.3)      186(5.3)      287(5.4)      565(5.3)      173(4.5)      139(2.1)
 3546      139(5.2)      178(5.1)      264(5.2)      496(5.2)      178(4.5)      143(2.1)

Surf:            12            13            14            15            16            17

Successful samplings:
                215           340           485           645           195           200
Failed samplings:
                  0             0             0             0             0             0
Dummy samplings:
               1461          1547          1225          1141             0          1283
Out-of-face samplings:
               1408          1522          1311          1314           124          1037
Close-atoms samplings:
                 22            49            38            56             0             0

Minimal thermal flux (10^11 cm^3/sec):
T, K:          3546          3546          3546          3546         291.3         556.7
Flux:         139.4         177.8         264.5         496.4         69.95         76.24


*******************************************************

Surf:            18            19            20            21            22            23

Minimal energy (kcal/mol):
              -2.81        -3.983        -10.93        -15.04        -20.39        -27.54

Temperature (K) - Flux(10^11 cm^3/sec)
   10 2.67e+60( 36)     ****( 70)     ****(6.4)     ****(5.3)     ****(4.1)     ****(3.6)
   20 1.39e+30( 27) 6.21e+42( 33)     ****(8.8)     ****(6.2)     ****(4.7)     ****(  4)
 30.5  6.5e+19( 23) 1.14e+28( 26) 1.11e+77( 55)     ****(8.8)     ****(5.7)     ****(4.4)
41.53 4.35e+14( 20) 4.52e+20( 23) 2.78e+56( 43) 8.94e+77( 42)     ****(7.8)     ****(  5)
 53.1 3.53e+11( 18) 1.66e+16( 21) 1.21e+44( 34) 7.49e+60( 34) 5.15e+82( 41)     ****(6.6)
65.26 3.19e+09( 17)  1.9e+13( 20) 7.24e+35( 28) 3.18e+49( 29)  1.7e+67( 35)     ****( 13)
78.02 1.14e+08( 16) 1.55e+11( 18) 1.02e+30( 24) 2.51e+41( 25) 1.57e+56( 30) 1.12e+76( 37)
91.42  9.7e+06( 15) 4.36e+09( 17) 4.37e+25( 22)  2.2e+35( 22) 8.83e+47( 27) 6.67e+64( 35)
105.5 1.46e+06( 14) 2.78e+08( 17) 1.82e+22( 20)  4.5e+30( 20) 3.61e+41( 24) 1.32e+56( 33)
120.3 3.28e+05( 14) 3.15e+07( 16) 3.73e+19( 18) 8.32e+26( 19) 2.96e+36( 21) 1.53e+49( 31)
135.8 9.86e+04( 13) 5.42e+06( 15) 2.43e+17( 17) 7.63e+23( 18) 2.15e+32( 20) 3.44e+43( 29)
152.1 3.68e+04( 12) 1.28e+06( 14) 3.78e+15( 16) 2.33e+21( 17) 7.99e+28( 18)  7.2e+38( 28)
169.2 1.62e+04( 12) 3.82e+05( 14) 1.15e+14( 16) 1.79e+19( 16) 1.05e+26( 17) 8.38e+34( 26)
187.1 8.16e+03( 11) 1.38e+05( 13) 5.86e+12( 15) 2.85e+17( 15) 3.68e+23( 16) 3.76e+31( 24)
  206 4.55e+03( 11)  5.8e+04( 13) 4.56e+11( 14) 8.09e+15( 15) 2.85e+21( 15) 4.96e+28( 23)
225.8 2.76e+03( 11) 2.75e+04( 12) 4.99e+10( 14) 3.68e+14( 14) 4.18e+19( 14) 1.57e+26( 21)
246.6 1.79e+03( 10) 1.44e+04( 12) 7.21e+09( 14) 2.47e+13( 14) 1.04e+18( 14) 1.03e+24( 20)
268.4 1.23e+03( 10) 8.24e+03( 11) 1.32e+09( 13) 2.29e+12( 13) 4.02e+16( 13) 1.22e+22( 18)
291.3      890(9.7) 5.03e+03( 11) 2.92e+08( 13) 2.79e+11( 13) 2.25e+15( 13)  2.4e+20( 17)
315.4      669(9.4) 3.26e+03( 10) 7.66e+07( 12) 4.28e+10( 12) 1.72e+14( 12) 7.27e+18( 16)
340.7      521(9.1) 2.23e+03( 10) 2.32e+07( 12) 7.99e+09( 12) 1.72e+13( 12) 3.17e+17( 15)
367.2      418(8.9) 1.59e+03(9.8) 7.93e+06( 12) 1.77e+09( 12) 2.17e+12( 12)  1.9e+16( 15)
395.1      344(8.6) 1.17e+03(9.5) 3.02e+06( 12) 4.54e+08( 11) 3.35e+11( 11) 1.49e+15( 14)
424.3      289(8.4)      895(9.2) 1.26e+06( 11) 1.33e+08( 11) 6.16e+10( 11) 1.49e+14( 13)
  455      248(8.2)      704(8.9) 5.71e+05( 11) 4.35e+07( 11) 1.32e+10( 11) 1.84e+13( 13)
487.3      217(  8)      567(8.7) 2.78e+05( 11) 1.58e+07( 11) 3.25e+09( 10) 2.74e+12( 12)
521.1      193(7.8)      468(8.4) 1.45e+05( 11) 6.23e+06( 10) 9.04e+08( 10) 4.79e+11( 12)
556.7      173(7.5)      393(8.2) 7.95e+04( 10) 2.67e+06( 10)  2.8e+08( 10)  9.7e+10( 11)
  594      158(7.3)      336(  8)  4.6e+04( 10) 1.23e+06(9.9) 9.54e+07(9.8) 2.24e+10( 11)
633.2      145(7.2)      292(7.8) 2.79e+04(9.9) 6.02e+05(9.7) 3.55e+07(9.6) 5.82e+09( 10)
674.4      135(  7)      258(7.5) 1.76e+04(9.7) 3.13e+05(9.4) 1.43e+07(9.4) 1.68e+09( 10)
717.6      126(6.8)      230(7.3) 1.16e+04(9.5) 1.71e+05(9.2) 6.15e+06(9.2) 5.34e+08(9.8)
  763      120(6.6)      208(7.1) 7.85e+03(9.4)  9.8e+04(9.1) 2.83e+06(  9) 1.85e+08(9.5)
810.6      114(6.4)      190(  7) 5.49e+03(9.2) 5.87e+04(8.9) 1.38e+06(8.8) 6.94e+07(9.3)
860.7      109(6.2)      175(6.8) 3.95e+03(  9) 3.65e+04(8.7)  7.1e+05(8.6) 2.79e+07(  9)
913.2      105(6.1)      163(6.6) 2.92e+03(8.8) 2.35e+04(8.5) 3.83e+05(8.4)  1.2e+07(8.8)
968.4      102(5.9)      152(6.4) 2.21e+03(8.6) 1.57e+04(8.3) 2.16e+05(8.3) 5.49e+06(8.6)
 1026     99.3(5.7)      144(6.3) 1.71e+03(8.5) 1.07e+04(8.2) 1.27e+05(8.1) 2.65e+06(8.4)
 1087     97.1(5.6)      137(6.1) 1.34e+03(8.3) 7.58e+03(  8) 7.77e+04(7.9) 1.34e+06(8.2)
 1151     95.4(5.4)      130(5.9) 1.08e+03(8.1) 5.48e+03(7.9) 4.91e+04(7.8) 7.14e+05(  8)
 1218       94(5.3)      125(5.8)      881(  8) 4.06e+03(7.7)  3.2e+04(7.6) 3.96e+05(7.8)
 1288       93(5.1)      121(5.6)      730(7.8) 3.07e+03(7.6) 2.15e+04(7.5) 2.29e+05(7.6)
 1362     92.3(  5)      117(5.5)      614(7.7) 2.37e+03(7.4) 1.48e+04(7.3) 1.37e+05(7.4)
 1440     91.9(4.9)      114(5.4)      524(7.5) 1.86e+03(7.3) 1.05e+04(7.2)  8.5e+04(7.3)
 1521     91.7(4.7)      112(5.2)      452(7.4) 1.49e+03(7.1) 7.62e+03(  7) 5.43e+04(7.1)
 1607     91.7(4.6)      110(5.1)      395(7.2) 1.21e+03(  7) 5.65e+03(6.9) 3.58e+04(  7)
 1697     91.9(4.5)      108(  5)      349(  7)    1e+03(6.9) 4.27e+03(6.7) 2.42e+04(6.8)
 1791     92.3(4.3)      107(4.8)      311(6.9)      836(6.7) 3.29e+03(6.6) 1.68e+04(6.7)
 1890     92.9(4.2)      106(4.7)      280(6.8)      709(6.6) 2.58e+03(6.5)  1.2e+04(6.5)
 1994     93.6(4.1)      105(4.6)      254(6.6)      608(6.4) 2.06e+03(6.4) 8.69e+03(6.4)
 2103     94.5(  4)      105(4.5)      233(6.5)      528(6.3) 1.66e+03(6.2) 6.45e+03(6.2)
 2218     95.5(3.9)      105(4.4)      215(6.3)      463(6.2) 1.37e+03(6.1) 4.88e+03(6.1)
 2339     96.7(3.8)      105(4.2)      199(6.2)      410(6.1) 1.14e+03(  6) 3.76e+03(  6)
 2465     97.9(3.7)      105(4.1)      186(  6)      366(5.9)      959(5.9) 2.94e+03(5.9)
 2598     99.4(3.6)      105(  4)      175(5.9)      330(5.8)      818(5.7) 2.34e+03(5.8)
 2737      101(3.5)      106(3.9)      166(5.8)      300(5.7)      705(5.6) 1.89e+03(5.6)
 2883      103(3.4)      107(3.8)      158(5.6)      275(5.5)      614(5.5) 1.55e+03(5.5)
 3037      104(3.3)      108(3.7)      151(5.5)      254(5.4)      541(5.4) 1.29e+03(5.4)
 3199      106(3.2)      109(3.6)      145(5.4)      236(5.3)      480(5.3) 1.08e+03(5.3)
 3368      108(3.1)      110(3.5)      140(5.2)      220(5.2)      430(5.2)      917(5.2)
 3546      110(3.1)      111(3.5)      136(5.1)      207(5.1)      388(5.1)      788(5.1)

Surf:            18            19            20            21            22            23

Successful samplings:
                200           200           290           325           330           375
Failed samplings:
                  0             0             0             0             0             0
Dummy samplings:
               1628          1516          1259          1408          1332          1297
Out-of-face samplings:
               1270          1133           948           979           871           879
Close-atoms samplings:
                 22            30            40            44            48            83

Minimal thermal flux (10^11 cm^3/sec):
T, K:          1521          2218          3546          3546          3546          3546
Flux:         91.68         104.6         135.8         207.2         388.2         788.2


*******************************************************

Surface = 0

Minimal energy configuration (Angstrom):

 C  -0.12380   0.07254  -0.59448
 C   0.29999   0.03203   0.63382
 H  -0.29638  -0.39334   1.43450
 H   1.27717   0.42478   0.91466
 H   0.23176   0.41803  -1.55243
 H  -3.31040  -1.69454  -1.26517

interatomic distance matrix (Angstrom):

 F1\F2     H1
 C1     3.705
 C2      4.43
 H3      4.25
 H4     5.504
 H5     4.134

Surface = 1

Minimal energy configuration (Angstrom):

 C  -0.02225   0.25966   0.56746
 C  -0.15934  -0.24739  -0.62169
 H   0.69492  -0.51961  -1.23309
 H  -1.14241  -0.42252  -1.05864
 H  -0.65733   0.60945   1.36607
 H   3.26703   0.18661   1.57144

interatomic distance matrix (Angstrom):

 F1\F2     H1
 C1      3.44
 C2     4.091
 H3      3.87
 H4      5.17
 H5     3.952

Surface = 2

Minimal energy configuration (Angstrom):

 C   0.08096  -0.23492   0.55613
 C  -0.00422   0.16342  -0.67840
 H  -0.59257   1.02932  -0.96428
 H   0.51402  -0.35668  -1.48396
 H   0.56622  -1.02242   1.11095
 H  -1.40140   1.20119   2.79315

interatomic distance matrix (Angstrom):

 F1\F2     H1
 C1     3.044
 C2     3.883
 H3     3.847
 H4     4.939
 H5     3.413

Surface = 3

Minimal energy configuration (Angstrom):

 C   0.45352   0.12919  -0.40411
 C  -0.45308  -0.02599   0.51457
 H  -1.18866  -0.82252   0.46828
 H  -0.51432   0.63961   1.37552
 H   1.27419   0.79713  -0.61342
 H   0.42359  -1.84296  -2.54557

interatomic distance matrix (Angstrom):

 F1\F2     H1
 C1     2.911
 C2     3.665
 H3     3.567
 H4     4.735
 H5      3.38

Surface = 4

Minimal energy configuration (Angstrom):

 C  -0.18331  -0.58856  -0.07491
 C   0.09921   0.67428   0.04923
 H   1.08777   1.01710   0.33718
 H  -0.64735   1.44756  -0.13157
 H  -1.03622  -1.19576  -0.33435
 H   1.59711  -2.28955   0.43460

interatomic distance matrix (Angstrom):

 F1\F2     H1
 C1     2.515
 C2     3.343
 H3     3.347
 H4     4.396
 H5     2.953

Surface = 5

Minimal energy configuration (Angstrom):

 C  -0.19345   0.56485  -0.15810
 C   0.29170  -0.60857   0.12066
 H  -0.20643  -1.28988   0.80283
 H   1.22379  -0.96136  -0.32063
 H   0.06864   1.41438  -0.76890
 H  -2.25584   1.35741   0.73247

interatomic distance matrix (Angstrom):

 F1\F2     H1
 C1     2.382
 C2     3.276
 H3     3.349
 H4     4.312
 H5     2.768

Surface = 6

Minimal energy configuration (Angstrom):

 C  -0.51473   0.34484  -0.11997
 C   0.56071  -0.36986   0.03041
 H   0.87203  -0.74383   1.00042
 H   1.19947  -0.62634  -0.81469
 H  -1.04695   0.83014  -0.92289
 H  -1.57205   0.83797   1.80351

interatomic distance matrix (Angstrom):

 F1\F2     H1
 C1      2.25
 C2     3.025
 H3      3.02
 H4     4.084
 H5     2.777

Surface = 7

Minimal energy configuration (Angstrom):

 C  -0.59252  -0.08916   0.19465
 C   0.62410   0.17632  -0.17864
 H   1.25022  -0.56304  -0.66752
 H   1.07056   1.15737  -0.01671
 H  -1.41006   0.42119   0.67905
 H  -1.28678  -2.05329  -0.18554

interatomic distance matrix (Angstrom):

 F1\F2     H1
 C1     2.118
 C2     2.936
 H3     2.982
 H4     3.987
 H5     2.624

Surface = 8

Minimal energy configuration (Angstrom):

 C   0.58701   0.07633   0.08069
 C  -0.69783   0.09699  -0.11613
 H  -1.30276  -0.80234  -0.06183
 H  -1.22632   1.02240  -0.34490
 H   1.40621   0.77795   0.09043
 H   2.44247  -3.06176   0.73823

interatomic distance matrix (Angstrom):

 F1\F2     H1
 C1     3.704
 C2     4.535
 H3     4.447
 H4     5.596
 H5      4.03

Surface = 9

Minimal energy configuration (Angstrom):

 C  -0.34672  -0.20630   0.46373
 C   0.52796   0.19247  -0.41141
 H   0.23482   0.59557  -1.37539
 H   1.59869   0.13966  -0.21451
 H  -0.35006  -0.63006   1.45564
 H  -3.64145   0.05950  -0.48874

interatomic distance matrix (Angstrom):

 F1\F2     H1
 C1      3.44
 C2     4.172
 H3     4.012
 H4     5.248
 H5     3.885

Surface = 10

Minimal energy configuration (Angstrom):

 C  -0.52559   0.01317   0.32553
 C   0.61888   0.11127  -0.28320
 H   1.01343  -0.69025  -0.89930
 H   1.23491   1.00673  -0.20155
 H  -1.14172   0.61714   0.97288
 H  -2.21742  -2.41527  -0.37600

interatomic distance matrix (Angstrom):

 F1\F2     H1
 C1     3.042
 C2       3.8
 H3       3.7
 H4     4.864
 H5     3.489

Surface = 11

Minimal energy configuration (Angstrom):

 C  -0.15569  -0.44657  -0.40274
 C   0.06043   0.44302   0.52025
 H   0.78422   1.24132   0.39172
 H  -0.47833   0.42640   1.46760
 H  -0.78247  -1.31225  -0.54836
 H   1.61080  -0.31314  -2.71011

interatomic distance matrix (Angstrom):

 F1\F2     H1
 C1     2.909
 C2     3.662
 H3     3.567
 H4     4.729
 H5     3.376

Surface = 12

Minimal energy configuration (Angstrom):

 C  -0.37096  -0.24079   0.43954
 C   0.32393   0.23097  -0.55271
 H   1.35291   0.55404  -0.43229
 H  -0.09797   0.32279  -1.55349
 H  -1.36593  -0.62078   0.61017
 H   0.67099  -0.13913   2.72309

interatomic distance matrix (Angstrom):

 F1\F2     H1
 C1     2.512
 C2     3.315
 H3     3.302
 H4      4.37
 H5     2.974

Surface = 13

Minimal energy configuration (Angstrom):

 C  -0.56421  -0.20853   0.16347
 C   0.58566   0.31707  -0.13903
 H   1.33578  -0.22634  -0.70445
 H   0.84789   1.33104   0.16284
 H  -1.46140   0.07818   0.68912
 H  -0.97765  -2.47524  -0.43852

interatomic distance matrix (Angstrom):

 F1\F2     H1
 C1     2.381
 C2     3.214
 H3     3.237
 H4     4.264
 H5     2.833

Surface = 14

Minimal energy configuration (Angstrom):

 C   0.59653   0.14736  -0.12338
 C  -0.66443  -0.11595   0.05166
 H  -1.02932  -0.61696   0.94246
 H  -1.41382   0.15637  -0.69148
 H   1.22060   0.61154  -0.87073
 H   2.03101  -0.52491   1.47373

interatomic distance matrix (Angstrom):

 F1\F2     H1
 C1      2.25
 C2     3.075
 H3     3.107
 H4     4.125
 H5     2.729

Surface = 15

Minimal energy configuration (Angstrom):

 C  -0.00753  -0.60614  -0.16870
 C   0.09084   0.64848   0.15722
 H  -0.72624   1.18678   0.62657
 H   1.00222   1.21721  -0.02698
 H   0.60860  -1.36481  -0.62507
 H  -1.87650  -1.54326   0.16210

interatomic distance matrix (Angstrom):

 F1\F2     H1
 C1     2.117
 C2     2.945
 H3     2.999
 H4     3.993
 H5     2.613

Surface = 16

Minimal energy configuration (Angstrom):

 C   0.23044  -0.21241  -0.53466
 C  -0.05783   0.22184   0.65626
 H  -0.96191  -0.07955   1.17538
 H   0.59875   0.91031   1.18817
 H   1.01833  -0.09137  -1.26133
 H  -2.71049  -0.85165  -2.55016

interatomic distance matrix (Angstrom):

 F1\F2     H1
 C1     3.622
 C2     4.298
 H3     4.187
 H4     5.294
 H5     4.018

Surface = 17

Minimal energy configuration (Angstrom):

 C  -0.19878   0.26430   0.51259
 C   0.18363  -0.14453  -0.66070
 H   0.11877  -1.18672  -0.95618
 H   0.58753   0.54437  -1.40251
 H  -0.24984   1.19308   1.05868
 H  -0.27604  -1.97678   3.06359

interatomic distance matrix (Angstrom):

 F1\F2     H1
 C1     3.396
 C2     4.176
 H3     4.116
 H4     5.201
 H5     3.751

Surface = 18

Minimal energy configuration (Angstrom):

 C  -0.53676   0.03963  -0.30834
 C   0.64002   0.06511   0.24349
 H   0.96538  -0.70046   0.94043
 H   1.35480   0.85960   0.02928
 H  -1.10728   0.63491  -1.00376
 H  -2.44243  -2.04111   0.80623

interatomic distance matrix (Angstrom):

 F1\F2     H1
 C1     3.034
 C2     3.775
 H3     3.664
 H4     4.841
 H5     3.496

Surface = 19

Minimal energy configuration (Angstrom):

 C   0.13258  -0.08365   0.60448
 C  -0.20019  -0.04425  -0.65158
 H   0.31207   0.59573  -1.36270
 H  -1.01145  -0.65510  -1.04748
 H  -0.18139  -0.59729   1.49951
 H   1.68579   2.17957   1.47145

interatomic distance matrix (Angstrom):

 F1\F2     H1
 C1     2.879
 C2     3.607
 H3     3.525
 H4     4.654
 H5     3.346

Surface = 20

Minimal energy configuration (Angstrom):

 C  -0.18058   0.58027   0.18508
 C   0.30678  -0.56664  -0.18513
 H  -0.08572  -1.11012  -1.03852
 H   1.13475  -1.03464   0.34727
 H  -0.00236   1.31416   0.95521
 H  -2.54930   0.66834  -0.26327

interatomic distance matrix (Angstrom):

 F1\F2     H1
 C1     2.412
 C2     3.113
 H3     3.136
 H4     4.104
 H5     2.896

Surface = 21

Minimal energy configuration (Angstrom):

 C   0.13519  -0.40385   0.47034
 C  -0.06686   0.36761  -0.55630
 H  -0.24595   1.43258  -0.44934
 H  -0.06488  -0.02279  -1.57394
 H   0.32985  -1.44756   0.66072
 H  -0.83269   0.46931   2.38612

interatomic distance matrix (Angstrom):

 F1\F2     H1
 C1     2.317
 C2     3.042
 H3     3.052
 H4     4.064
 H5     2.829

Surface = 22

Minimal energy configuration (Angstrom):

 C  -0.22826  -0.34320   0.47675
 C   0.15101   0.35686  -0.55090
 H   1.08129   0.15588  -1.07231
 H  -0.45134   1.17963  -0.93589
 H  -1.06108  -0.37220   1.16161
 H   1.35096  -1.12596   1.72942

interatomic distance matrix (Angstrom):

 F1\F2     H1
 C1     2.162
 C2     2.973
 H3     3.093
 H4     3.958
 H5      2.59

Surface = 23

Minimal energy configuration (Angstrom):

 C  -0.21910  -0.59086   0.10139
 C   0.13765   0.64558  -0.08281
 H   0.59570   0.98055  -1.00783
 H  -0.00858   1.40347   0.68676
 H  -0.67449  -1.18486   0.87808
 H   1.05724  -1.85071  -0.77819

interatomic distance matrix (Angstrom):

 F1\F2     H1
 C1     1.997
 C2      2.75
 H3     2.878
 H4     3.724
 H5     2.487

+++++++++++++++++++++++++++++++++++++++++++++++++++++++++++

