Wells (G - ground energy, D - dissociation limit, kcal/mol):
      Name        G        D
     REACS      0.0    108.0

Bimolecular Products (G - ground energy, kcal/mol):
      Name        G
     PRODS    108.7

Well-to-Bimolecular Barriers (H/G - barrier height/well depth, kcal/mol)
      Name        H     Well        G  Product
        TS    108.0    REACS      0.0    PRODS

________________________________________________________________________________________

Unimolecular Rate Units: 1/sec;  Bimolecular Rate Units: cm^3/sec

______________________________________________________________________________________

Species-Species Rate Tables:

Temperature = 300 K

High Pressure Rate Coefficients:

From\To         REACS        PRODS
REACS             ***  6.42062e-65
PRODS      8.9072e-11          ***

Temperature = 300 K    Pressure = 1 atm

From\To         REACS        PRODS
REACS     6.40815e-65  6.40815e-65
PRODS      8.8899e-11   8.8899e-11

Temperature = 300 K    Pressure = 10 atm

From\To         REACS        PRODS
REACS     6.41926e-65  6.41926e-65
PRODS     8.90531e-11  8.90531e-11

Temperature = 300 K    Pressure = 100 atm

From\To         REACS        PRODS
REACS     6.42039e-65  6.42039e-65
PRODS     8.90689e-11  8.90689e-11

Temperature = 300 K    Pressure = 1000 atm

From\To         REACS        PRODS
REACS     6.42051e-65  6.42051e-65
PRODS     8.90704e-11  8.90704e-11

Temperature = 300 K    Pressure = 10000 atm

From\To         REACS        PRODS
REACS     6.42052e-65  6.42052e-65
PRODS     8.90706e-11  8.90706e-11

Temperature = 400 K

High Pressure Rate Coefficients:

From\To         REACS        PRODS
REACS             ***  6.42274e-45
PRODS     9.11049e-11          ***

Temperature = 400 K    Pressure = 1 atm

From\To         REACS        PRODS
REACS     6.35852e-45  6.35852e-45
PRODS      9.0194e-11   9.0194e-11

Temperature = 400 K    Pressure = 10 atm

From\To         REACS        PRODS
REACS     6.41587e-45  6.41587e-45
PRODS     9.10075e-11  9.10075e-11

Temperature = 400 K    Pressure = 100 atm

From\To         REACS        PRODS
REACS      6.4222e-45   6.4222e-45
PRODS     9.10972e-11  9.10972e-11

Temperature = 400 K    Pressure = 1000 atm

From\To         REACS        PRODS
REACS     6.42284e-45  6.42284e-45
PRODS     9.11063e-11  9.11063e-11

Temperature = 400 K    Pressure = 10000 atm

From\To         REACS        PRODS
REACS      6.4229e-45   6.4229e-45
PRODS     9.11072e-11  9.11072e-11

Temperature = 500 K

High Pressure Rate Coefficients:

From\To         REACS        PRODS
REACS             ***  7.37256e-33
PRODS     9.87258e-11          ***

Temperature = 500 K    Pressure = 1 atm

From\To         REACS        PRODS
REACS     7.12825e-33  7.12825e-33
PRODS     9.54542e-11  9.54542e-11

Temperature = 500 K    Pressure = 10 atm

From\To         REACS        PRODS
REACS      7.3417e-33   7.3417e-33
PRODS     9.83125e-11  9.83125e-11

Temperature = 500 K    Pressure = 100 atm

From\To         REACS        PRODS
REACS     7.36926e-33  7.36926e-33
PRODS     9.86816e-11  9.86816e-11

Temperature = 500 K    Pressure = 1000 atm

From\To         REACS        PRODS
REACS     7.37215e-33  7.37215e-33
PRODS     9.87204e-11  9.87204e-11

Temperature = 500 K    Pressure = 10000 atm

From\To         REACS        PRODS
REACS     7.37245e-33  7.37245e-33
PRODS     9.87243e-11  9.87243e-11

Temperature = 600 K

High Pressure Rate Coefficients:

From\To         REACS        PRODS
REACS             ***  8.66176e-25
PRODS     1.07551e-10          ***

Temperature = 600 K    Pressure = 1 atm

From\To         REACS        PRODS
REACS     7.97867e-25  7.97867e-25
PRODS     9.90693e-11  9.90693e-11

Temperature = 600 K    Pressure = 10 atm

From\To         REACS        PRODS
REACS       8.556e-25    8.556e-25
PRODS     1.06238e-10  1.06238e-10

Temperature = 600 K    Pressure = 100 atm

From\To         REACS        PRODS
REACS     8.64987e-25  8.64987e-25
PRODS     1.07403e-10  1.07403e-10

Temperature = 600 K    Pressure = 1000 atm

From\To         REACS        PRODS
REACS     8.66053e-25  8.66053e-25
PRODS     1.07536e-10  1.07536e-10

Temperature = 600 K    Pressure = 10000 atm

From\To         REACS        PRODS
REACS     8.66162e-25  8.66162e-25
PRODS     1.07549e-10  1.07549e-10

Temperature = 700 K

High Pressure Rate Coefficients:

From\To         REACS        PRODS
REACS             ***  5.20363e-19
PRODS     1.15922e-10          ***

Temperature = 700 K    Pressure = 1 atm

From\To         REACS        PRODS
REACS     4.42804e-19  4.42804e-19
PRODS     9.86441e-11  9.86441e-11

Temperature = 700 K    Pressure = 10 atm

From\To         REACS        PRODS
REACS     5.05191e-19  5.05191e-19
PRODS     1.12542e-10  1.12542e-10

Temperature = 700 K    Pressure = 100 atm

From\To         REACS        PRODS
REACS     5.18447e-19  5.18447e-19
PRODS     1.15495e-10  1.15495e-10

Temperature = 700 K    Pressure = 1000 atm

From\To         REACS        PRODS
REACS     5.20157e-19  5.20157e-19
PRODS     1.15876e-10  1.15876e-10

Temperature = 700 K    Pressure = 10000 atm

From\To         REACS        PRODS
REACS     5.20336e-19  5.20336e-19
PRODS     1.15916e-10  1.15916e-10

Temperature = 800 K

High Pressure Rate Coefficients:

From\To         REACS        PRODS
REACS             ***   1.1405e-14
PRODS     1.23334e-10          ***

Temperature = 800 K    Pressure = 1 atm

From\To         REACS        PRODS
REACS      8.6811e-15   8.6811e-15
PRODS     9.38778e-11  9.38778e-11

Temperature = 800 K    Pressure = 10 atm

From\To         REACS        PRODS
REACS     1.07339e-14  1.07339e-14
PRODS     1.16077e-10  1.16077e-10

Temperature = 800 K    Pressure = 100 atm

From\To         REACS        PRODS
REACS     1.13068e-14  1.13068e-14
PRODS     1.22273e-10  1.22273e-10

Temperature = 800 K    Pressure = 1000 atm

From\To         REACS        PRODS
REACS     1.13943e-14  1.13943e-14
PRODS     1.23218e-10  1.23218e-10

Temperature = 800 K    Pressure = 10000 atm

From\To         REACS        PRODS
REACS     1.14039e-14  1.14039e-14
PRODS     1.23322e-10  1.23322e-10

Temperature = 900 K

High Pressure Rate Coefficients:

From\To         REACS        PRODS
REACS             ***  2.73108e-11
PRODS      1.2977e-10          ***

Temperature = 900 K    Pressure = 1 atm

From\To         REACS        PRODS
REACS     1.80368e-11  1.80368e-11
PRODS     8.57035e-11  8.57035e-11

Temperature = 900 K    Pressure = 10 atm

From\To         REACS        PRODS
REACS     2.44844e-11  2.44844e-11
PRODS      1.1634e-10   1.1634e-10

Temperature = 900 K    Pressure = 100 atm

From\To         REACS        PRODS
REACS     2.68194e-11  2.68194e-11
PRODS     1.27435e-10  1.27435e-10

Temperature = 900 K    Pressure = 1000 atm

From\To         REACS        PRODS
REACS      2.7251e-11   2.7251e-11
PRODS     1.29485e-10  1.29485e-10

Temperature = 900 K    Pressure = 10000 atm

From\To         REACS        PRODS
REACS     2.73026e-11  2.73026e-11
PRODS     1.29731e-10  1.29731e-10

Temperature = 1000 K

High Pressure Rate Coefficients:

From\To         REACS        PRODS
REACS             ***  1.38338e-08
PRODS     1.35363e-10          ***

Temperature = 1000 K    Pressure = 1 atm

From\To         REACS        PRODS
REACS      7.7211e-09   7.7211e-09
PRODS     7.55502e-11  7.55502e-11

Temperature = 1000 K    Pressure = 10 atm

From\To         REACS        PRODS
REACS     1.15884e-08  1.15884e-08
PRODS     1.13391e-10  1.13391e-10

Temperature = 1000 K    Pressure = 100 atm

From\To         REACS        PRODS
REACS     1.33705e-08  1.33705e-08
PRODS     1.30829e-10  1.30829e-10

Temperature = 1000 K    Pressure = 1000 atm

From\To         REACS        PRODS
REACS     1.37738e-08  1.37738e-08
PRODS     1.34775e-10  1.34775e-10

Temperature = 1000 K    Pressure = 10000 atm

From\To         REACS        PRODS
REACS     1.38274e-08  1.38274e-08
PRODS       1.353e-10    1.353e-10

Temperature = 1100 K

High Pressure Rate Coefficients:

From\To         REACS        PRODS
REACS             ***  2.25952e-06
PRODS     1.40259e-10          ***

Temperature = 1100 K    Pressure = 1 atm

From\To         REACS        PRODS
REACS     1.04235e-06  1.04235e-06
PRODS     6.47036e-11  6.47036e-11

Temperature = 1100 K    Pressure = 10 atm

From\To         REACS        PRODS
REACS     1.73375e-06  1.73375e-06
PRODS     1.07622e-10  1.07622e-10

Temperature = 1100 K    Pressure = 100 atm

From\To         REACS        PRODS
REACS     2.13075e-06  2.13075e-06
PRODS     1.32266e-10  1.32266e-10

Temperature = 1100 K    Pressure = 1000 atm

From\To         REACS        PRODS
REACS     2.24086e-06  2.24086e-06
PRODS     1.39101e-10  1.39101e-10

Temperature = 1100 K    Pressure = 10000 atm

From\To         REACS        PRODS
REACS     2.25746e-06  2.25746e-06
PRODS     1.40132e-10  1.40132e-10

Temperature = 1200 K

High Pressure Rate Coefficients:

From\To         REACS        PRODS
REACS             ***   0.00015772
PRODS     1.44586e-10          ***

Temperature = 1200 K    Pressure = 1 atm

From\To         REACS        PRODS
REACS     5.90766e-05  5.90766e-05
PRODS      5.4157e-11   5.4157e-11

Temperature = 1200 K    Pressure = 10 atm

From\To         REACS        PRODS
REACS     0.000108781  0.000108781
PRODS      9.9722e-11   9.9722e-11

Temperature = 1200 K    Pressure = 100 atm

From\To         REACS        PRODS
REACS     0.000143629  0.000143629
PRODS     1.31668e-10  1.31668e-10

Temperature = 1200 K    Pressure = 1000 atm

From\To         REACS        PRODS
REACS      0.00015541   0.00015541
PRODS     1.42468e-10  1.42468e-10

Temperature = 1200 K    Pressure = 10000 atm

From\To         REACS        PRODS
REACS     0.000157454  0.000157454
PRODS     1.44342e-10  1.44342e-10

Temperature = 1300 K

High Pressure Rate Coefficients:

From\To         REACS        PRODS
REACS             ***   0.00572012
PRODS     1.48444e-10          ***

Temperature = 1300 K    Pressure = 1 atm

From\To         REACS        PRODS
REACS      0.00171547   0.00171547
PRODS     4.45185e-11  4.45185e-11

Temperature = 1300 K    Pressure = 10 atm

From\To         REACS        PRODS
REACS      0.00348559   0.00348559
PRODS     9.04553e-11  9.04553e-11

Temperature = 1300 K    Pressure = 100 atm

From\To         REACS        PRODS
REACS      0.00497322   0.00497322
PRODS     1.29061e-10  1.29061e-10

Temperature = 1300 K    Pressure = 1000 atm

From\To         REACS        PRODS
REACS      0.00558099   0.00558099
PRODS     1.44833e-10  1.44833e-10

Temperature = 1300 K    Pressure = 10000 atm

From\To         REACS        PRODS
REACS      0.00570323   0.00570323
PRODS     1.48005e-10  1.48005e-10

Temperature = 1400 K

High Pressure Rate Coefficients:

From\To         REACS        PRODS
REACS             ***     0.123957
PRODS     1.51913e-10          ***

Temperature = 1400 K    Pressure = 1 atm

From\To         REACS        PRODS
REACS        0.029446     0.029446
PRODS     3.60869e-11  3.60869e-11

Temperature = 1400 K    Pressure = 10 atm

From\To         REACS        PRODS
REACS       0.0657249    0.0657249
PRODS     8.05476e-11  8.05476e-11

Temperature = 1400 K    Pressure = 100 atm

From\To         REACS        PRODS
REACS        0.101672     0.101672
PRODS     1.24602e-10  1.24602e-10

Temperature = 1400 K    Pressure = 1000 atm

From\To         REACS        PRODS
REACS        0.119235     0.119235
PRODS     1.46126e-10  1.46126e-10

Temperature = 1400 K    Pressure = 10000 atm

From\To         REACS        PRODS
REACS        0.123346     0.123346
PRODS     1.51163e-10  1.51163e-10

Temperature = 1500 K

High Pressure Rate Coefficients:

From\To         REACS        PRODS
REACS             ***      1.77854
PRODS     1.55056e-10          ***

Temperature = 1500 K    Pressure = 1 atm

From\To         REACS        PRODS
REACS        0.331933     0.331933
PRODS     2.89383e-11  2.89383e-11

Temperature = 1500 K    Pressure = 10 atm

From\To         REACS        PRODS
REACS        0.809782     0.809782
PRODS     7.05978e-11  7.05978e-11

Temperature = 1500 K    Pressure = 100 atm

From\To         REACS        PRODS
REACS         1.35991      1.35991
PRODS     1.18559e-10  1.18559e-10

Temperature = 1500 K    Pressure = 1000 atm

From\To         REACS        PRODS
REACS         1.67786      1.67786
PRODS     1.46278e-10  1.46278e-10

Temperature = 1500 K    Pressure = 10000 atm

From\To         REACS        PRODS
REACS         1.76445      1.76445
PRODS     1.53826e-10  1.53826e-10

Temperature = 1600 K

High Pressure Rate Coefficients:

From\To         REACS        PRODS
REACS             ***      18.2496
PRODS      1.5792e-10          ***

Temperature = 1600 K    Pressure = 1 atm

From\To         REACS        PRODS
REACS         2.66066      2.66066
PRODS     2.30235e-11  2.30235e-11

Temperature = 1600 K    Pressure = 10 atm

From\To         REACS        PRODS
REACS          7.0568       7.0568
PRODS     6.10649e-11  6.10649e-11

Temperature = 1600 K    Pressure = 100 atm

From\To         REACS        PRODS
REACS         12.8614      12.8614
PRODS     1.11294e-10  1.11294e-10

Temperature = 1600 K    Pressure = 1000 atm

From\To         REACS        PRODS
REACS         16.7871      16.7871
PRODS     1.45264e-10  1.45264e-10

Temperature = 1600 K    Pressure = 10000 atm

From\To         REACS        PRODS
REACS         18.0279      18.0279
PRODS     1.56001e-10  1.56001e-10

Temperature = 1700 K

High Pressure Rate Coefficients:

From\To         REACS        PRODS
REACS             ***      142.055
PRODS     1.60542e-10          ***

Temperature = 1700 K    Pressure = 1 atm

From\To         REACS        PRODS
REACS          16.108       16.108
PRODS     1.82043e-11  1.82043e-11

Temperature = 1700 K    Pressure = 10 atm

From\To         REACS        PRODS
REACS         46.2121      46.2121
PRODS      5.2226e-11   5.2226e-11

Temperature = 1700 K    Pressure = 100 atm

From\To         REACS        PRODS
REACS         91.2846      91.2846
PRODS     1.03164e-10  1.03164e-10

Temperature = 1700 K    Pressure = 1000 atm

From\To         REACS        PRODS
REACS         126.591      126.591
PRODS     1.43065e-10  1.43065e-10

Temperature = 1700 K    Pressure = 10000 atm

From\To         REACS        PRODS
REACS         139.492      139.492
PRODS     1.57645e-10  1.57645e-10

Temperature = 1800 K

High Pressure Rate Coefficients:

From\To         REACS        PRODS
REACS             ***      878.267
PRODS     1.62953e-10          ***

Temperature = 1800 K    Pressure = 1 atm

From\To         REACS        PRODS
REACS         77.2468      77.2468
PRODS     1.43323e-11  1.43323e-11

Temperature = 1800 K    Pressure = 10 atm

From\To         REACS        PRODS
REACS         238.513      238.513
PRODS     4.42534e-11  4.42534e-11

Temperature = 1800 K    Pressure = 100 atm

From\To         REACS        PRODS
REACS         509.547      509.547
PRODS     9.45408e-11  9.45408e-11

Temperature = 1800 K    Pressure = 1000 atm

From\To         REACS        PRODS
REACS         753.096      753.096
PRODS     1.39729e-10  1.39729e-10

Temperature = 1800 K    Pressure = 10000 atm

From\To         REACS        PRODS
REACS          855.49       855.49
PRODS     1.58727e-10  1.58727e-10

Temperature = 1900 K

High Pressure Rate Coefficients:

From\To         REACS        PRODS
REACS             ***      4472.22
PRODS     1.65176e-10          ***

Temperature = 1900 K    Pressure = 1 atm

From\To         REACS        PRODS
REACS          304.68       304.68
PRODS      1.1253e-11   1.1253e-11

Temperature = 1900 K    Pressure = 10 atm

From\To         REACS        PRODS
REACS         1007.73      1007.73
PRODS     3.72192e-11  3.72192e-11

Temperature = 1900 K    Pressure = 100 atm

From\To         REACS        PRODS
REACS         2322.24      2322.24
PRODS     8.57695e-11  8.57695e-11

Temperature = 1900 K    Pressure = 1000 atm

From\To         REACS        PRODS
REACS         3665.13      3665.13
PRODS     1.35368e-10  1.35368e-10

Temperature = 1900 K    Pressure = 10000 atm

From\To         REACS        PRODS
REACS         4311.32      4311.32
PRODS     1.59234e-10  1.59234e-10

Temperature = 2000 K

High Pressure Rate Coefficients:

From\To         REACS        PRODS
REACS             ***      19309.4
PRODS     1.67234e-10          ***

Temperature = 2000 K    Pressure = 1 atm

From\To         REACS        PRODS
REACS         1017.94      1017.94
PRODS      8.8161e-12   8.8161e-12

Temperature = 2000 K    Pressure = 10 atm

From\To         REACS        PRODS
REACS          3591.3       3591.3
PRODS     3.11032e-11  3.11032e-11

Temperature = 2000 K    Pressure = 100 atm

From\To         REACS        PRODS
REACS         8902.09      8902.09
PRODS     7.70986e-11  7.70986e-11

Temperature = 2000 K    Pressure = 1000 atm

From\To         REACS        PRODS
REACS         15019.7      15019.7
PRODS     1.30082e-10  1.30082e-10

Temperature = 2000 K    Pressure = 10000 atm

From\To         REACS        PRODS
REACS         18370.7      18370.7
PRODS     1.59103e-10  1.59103e-10

Temperature = 2100 K

High Pressure Rate Coefficients:

From\To         REACS        PRODS
REACS             ***      72376.4
PRODS     1.69145e-10          ***

Temperature = 2100 K    Pressure = 1 atm

From\To         REACS        PRODS
REACS          2952.9       2952.9
PRODS     6.90086e-12  6.90086e-12

Temperature = 2100 K    Pressure = 10 atm

From\To         REACS        PRODS
REACS         11066.5      11066.5
PRODS     2.58625e-11  2.58625e-11

Temperature = 2100 K    Pressure = 100 atm

From\To         REACS        PRODS
REACS         29418.1      29418.1
PRODS     6.87504e-11  6.87504e-11

Temperature = 2100 K    Pressure = 1000 atm

From\To         REACS        PRODS
REACS         53077.6      53077.6
PRODS     1.24043e-10  1.24043e-10

Temperature = 2100 K    Pressure = 10000 atm

From\To         REACS        PRODS
REACS         67750.1      67750.1
PRODS     1.58333e-10  1.58333e-10

Temperature = 2200 K

High Pressure Rate Coefficients:

From\To         REACS        PRODS
REACS             ***       240094
PRODS     1.70926e-10          ***

Temperature = 2200 K    Pressure = 1 atm

From\To         REACS        PRODS
REACS         7584.31      7584.31
PRODS     5.39916e-12  5.39916e-12

Temperature = 2200 K    Pressure = 10 atm

From\To         REACS        PRODS
REACS         30084.2      30084.2
PRODS      2.1417e-11   2.1417e-11

Temperature = 2200 K    Pressure = 100 atm

From\To         REACS        PRODS
REACS         85508.9      85508.9
PRODS     6.08745e-11  6.08745e-11

Temperature = 2200 K    Pressure = 1000 atm

From\To         REACS        PRODS
REACS          164932       164932
PRODS     1.17417e-10  1.17417e-10

Temperature = 2200 K    Pressure = 10000 atm

From\To         REACS        PRODS
REACS          220399       220399
PRODS     1.56904e-10  1.56904e-10

Temperature = 2300 K

High Pressure Rate Coefficients:

From\To         REACS        PRODS
REACS             ***       716229
PRODS     1.72592e-10          ***

Temperature = 2300 K    Pressure = 1 atm

From\To         REACS        PRODS
REACS         17533.6      17533.6
PRODS      4.2248e-12   4.2248e-12

Temperature = 2300 K    Pressure = 10 atm

From\To         REACS        PRODS
REACS         73363.4      73363.4
PRODS     1.76781e-11  1.76781e-11

Temperature = 2300 K    Pressure = 100 atm

From\To         REACS        PRODS
REACS          222299       222299
PRODS     5.35677e-11  5.35677e-11

Temperature = 2300 K    Pressure = 1000 atm

From\To         REACS        PRODS
REACS          458032       458032
PRODS     1.10374e-10  1.10374e-10

Temperature = 2300 K    Pressure = 10000 atm

From\To         REACS        PRODS
REACS          642474       642474
PRODS     1.54819e-10  1.54819e-10

Temperature = 2400 K

High Pressure Rate Coefficients:

From\To         REACS        PRODS
REACS             ***  1.94707e+06
PRODS     1.74158e-10          ***

Temperature = 2400 K    Pressure = 1 atm

From\To         REACS        PRODS
REACS         36997.5      36997.5
PRODS     3.30869e-12  3.30869e-12

Temperature = 2400 K    Pressure = 10 atm

From\To         REACS        PRODS
REACS          162754       162754
PRODS     1.45568e-11  1.45568e-11

Temperature = 2400 K    Pressure = 100 atm

From\To         REACS        PRODS
REACS          524190       524190
PRODS      4.6886e-11   4.6886e-11

Temperature = 2400 K    Pressure = 1000 atm

From\To         REACS        PRODS
REACS     1.15245e+06  1.15245e+06
PRODS     1.03082e-10  1.03082e-10

Temperature = 2400 K    Pressure = 10000 atm

From\To         REACS        PRODS
REACS     1.70046e+06  1.70046e+06
PRODS       1.521e-10    1.521e-10

Temperature = 2500 K

High Pressure Rate Coefficients:

From\To         REACS        PRODS
REACS             ***   4.8778e+06
PRODS     1.75633e-10          ***

Temperature = 2500 K    Pressure = 1 atm

From\To         REACS        PRODS
REACS         72063.1      72063.1
PRODS     2.59379e-12  2.59379e-12

Temperature = 2500 K    Pressure = 10 atm

From\To         REACS        PRODS
REACS          332307       332307
PRODS     1.19635e-11  1.19635e-11

Temperature = 2500 K    Pressure = 100 atm

From\To         REACS        PRODS
REACS      1.1344e+06   1.1344e+06
PRODS     4.08444e-11  4.08444e-11

Temperature = 2500 K    Pressure = 1000 atm

From\To         REACS        PRODS
REACS      2.6576e+06   2.6576e+06
PRODS     9.56908e-11  9.56908e-11

Temperature = 2500 K    Pressure = 10000 atm

From\To         REACS        PRODS
REACS     4.13196e+06  4.13196e+06
PRODS     1.48778e-10  1.48778e-10

______________________________________________________________________________________

High Pressure Rate Coefficients (Temperature-Species Rate Tables):

   T(K) REACS->REACS REACS->PRODS
    300          ***  6.42062e-65
    400          ***  6.42274e-45
    500          ***  7.37256e-33
    600          ***  8.66176e-25
    700          ***  5.20363e-19
    800          ***   1.1405e-14
    900          ***  2.73108e-11
   1000          ***  1.38338e-08
   1100          ***  2.25952e-06
   1200          ***   0.00015772
   1300          ***   0.00572012
   1400          ***     0.123957
   1500          ***      1.77854
   1600          ***      18.2496
   1700          ***      142.055
   1800          ***      878.267
   1900          ***      4472.22
   2000          ***      19309.4
   2100          ***      72376.4
   2200          ***       240094
   2300          ***       716229
   2400          ***  1.94707e+06
   2500          ***   4.8778e+06

   T(K) PRODS->REACS PRODS->PRODS
    300   8.9072e-11          ***
    400  9.11049e-11          ***
    500  9.87258e-11          ***
    600  1.07551e-10          ***
    700  1.15922e-10          ***
    800  1.23334e-10          ***
    900   1.2977e-10          ***
   1000  1.35363e-10          ***
   1100  1.40259e-10          ***
   1200  1.44586e-10          ***
   1300  1.48444e-10          ***
   1400  1.51913e-10          ***
   1500  1.55056e-10          ***
   1600   1.5792e-10          ***
   1700  1.60542e-10          ***
   1800  1.62953e-10          ***
   1900  1.65176e-10          ***
   2000  1.67234e-10          ***
   2100  1.69145e-10          ***
   2200  1.70926e-10          ***
   2300  1.72592e-10          ***
   2400  1.74158e-10          ***
   2500  1.75633e-10          ***

Capture/Escape Rate Coefficients:

   T(K)        REACS        PRODS
    300  6.42062e-65   8.9072e-11
    400  6.42274e-45  9.11049e-11
    500  7.37256e-33  9.87258e-11
    600  8.66176e-25  1.07551e-10
    700  5.20363e-19  1.15922e-10
    800   1.1405e-14  1.23334e-10
    900  2.73108e-11   1.2977e-10
   1000  1.38338e-08  1.35363e-10
   1100  2.25952e-06  1.40259e-10
   1200   0.00015772  1.44586e-10
   1300   0.00572012  1.48444e-10
   1400     0.123957  1.51913e-10
   1500      1.77854  1.55056e-10
   1600      18.2496   1.5792e-10
   1700      142.055  1.60542e-10
   1800      878.267  1.62953e-10
   1900      4472.22  1.65176e-10
   2000      19309.4  1.67234e-10
   2100      72376.4  1.69145e-10
   2200       240094  1.70926e-10
   2300       716229  1.72592e-10
   2400  1.94707e+06  1.74158e-10
   2500   4.8778e+06  1.75633e-10

______________________________________________________________________________________

Pressure-Species Rate Tables:

   Temperature = 300 K

   P(atm) REACS->PRODS      REACS->
        1  6.40815e-65  6.40815e-65
       10  6.41926e-65  6.41926e-65
      100  6.42039e-65  6.42039e-65
     1000  6.42051e-65  6.42051e-65
    10000  6.42052e-65  6.42052e-65
    O-O  6.42062e-65  6.42062e-65

   Temperature = 400 K

   P(atm) REACS->PRODS      REACS->
        1  6.35852e-45  6.35852e-45
       10  6.41587e-45  6.41587e-45
      100   6.4222e-45   6.4222e-45
     1000  6.42284e-45  6.42284e-45
    10000   6.4229e-45   6.4229e-45
    O-O  6.42274e-45  6.42274e-45

   Temperature = 500 K

   P(atm) REACS->PRODS      REACS->
        1  7.12825e-33  7.12825e-33
       10   7.3417e-33   7.3417e-33
      100  7.36926e-33  7.36926e-33
     1000  7.37215e-33  7.37215e-33
    10000  7.37245e-33  7.37245e-33
    O-O  7.37256e-33  7.37256e-33

   Temperature = 600 K

   P(atm) REACS->PRODS      REACS->
        1  7.97867e-25  7.97867e-25
       10    8.556e-25    8.556e-25
      100  8.64987e-25  8.64987e-25
     1000  8.66053e-25  8.66053e-25
    10000  8.66162e-25  8.66162e-25
    O-O  8.66176e-25  8.66176e-25

   Temperature = 700 K

   P(atm) REACS->PRODS      REACS->
        1  4.42804e-19  4.42804e-19
       10  5.05191e-19  5.05191e-19
      100  5.18447e-19  5.18447e-19
     1000  5.20157e-19  5.20157e-19
    10000  5.20336e-19  5.20336e-19
    O-O  5.20363e-19  5.20363e-19

   Temperature = 800 K

   P(atm) REACS->PRODS      REACS->
        1   8.6811e-15   8.6811e-15
       10  1.07339e-14  1.07339e-14
      100  1.13068e-14  1.13068e-14
     1000  1.13943e-14  1.13943e-14
    10000  1.14039e-14  1.14039e-14
    O-O   1.1405e-14   1.1405e-14

   Temperature = 900 K

   P(atm) REACS->PRODS      REACS->
        1  1.80368e-11  1.80368e-11
       10  2.44844e-11  2.44844e-11
      100  2.68194e-11  2.68194e-11
     1000   2.7251e-11   2.7251e-11
    10000  2.73026e-11  2.73026e-11
    O-O  2.73108e-11  2.73108e-11

   Temperature = 1000 K

   P(atm) REACS->PRODS      REACS->
        1   7.7211e-09   7.7211e-09
       10  1.15884e-08  1.15884e-08
      100  1.33705e-08  1.33705e-08
     1000  1.37738e-08  1.37738e-08
    10000  1.38274e-08  1.38274e-08
    O-O  1.38338e-08  1.38338e-08

   Temperature = 1100 K

   P(atm) REACS->PRODS      REACS->
        1  1.04235e-06  1.04235e-06
       10  1.73375e-06  1.73375e-06
      100  2.13075e-06  2.13075e-06
     1000  2.24086e-06  2.24086e-06
    10000  2.25746e-06  2.25746e-06
    O-O  2.25952e-06  2.25952e-06

   Temperature = 1200 K

   P(atm) REACS->PRODS      REACS->
        1  5.90766e-05  5.90766e-05
       10  0.000108781  0.000108781
      100  0.000143629  0.000143629
     1000   0.00015541   0.00015541
    10000  0.000157454  0.000157454
    O-O   0.00015772   0.00015772

   Temperature = 1300 K

   P(atm) REACS->PRODS      REACS->
        1   0.00171547   0.00171547
       10   0.00348559   0.00348559
      100   0.00497322   0.00497322
     1000   0.00558099   0.00558099
    10000   0.00570323   0.00570323
    O-O   0.00572012   0.00572012

   Temperature = 1400 K

   P(atm) REACS->PRODS      REACS->
        1     0.029446     0.029446
       10    0.0657249    0.0657249
      100     0.101672     0.101672
     1000     0.119235     0.119235
    10000     0.123346     0.123346
    O-O     0.123957     0.123957

   Temperature = 1500 K

   P(atm) REACS->PRODS      REACS->
        1     0.331933     0.331933
       10     0.809782     0.809782
      100      1.35991      1.35991
     1000      1.67786      1.67786
    10000      1.76445      1.76445
    O-O      1.77854      1.77854

   Temperature = 1600 K

   P(atm) REACS->PRODS      REACS->
        1      2.66066      2.66066
       10       7.0568       7.0568
      100      12.8614      12.8614
     1000      16.7871      16.7871
    10000      18.0279      18.0279
    O-O      18.2496      18.2496

   Temperature = 1700 K

   P(atm) REACS->PRODS      REACS->
        1       16.108       16.108
       10      46.2121      46.2121
      100      91.2846      91.2846
     1000      126.591      126.591
    10000      139.492      139.492
    O-O      142.055      142.055

   Temperature = 1800 K

   P(atm) REACS->PRODS      REACS->
        1      77.2468      77.2468
       10      238.513      238.513
      100      509.547      509.547
     1000      753.096      753.096
    10000       855.49       855.49
    O-O      878.267      878.267

   Temperature = 1900 K

   P(atm) REACS->PRODS      REACS->
        1       304.68       304.68
       10      1007.73      1007.73
      100      2322.24      2322.24
     1000      3665.13      3665.13
    10000      4311.32      4311.32
    O-O      4472.22      4472.22

   Temperature = 2000 K

   P(atm) REACS->PRODS      REACS->
        1      1017.94      1017.94
       10       3591.3       3591.3
      100      8902.09      8902.09
     1000      15019.7      15019.7
    10000      18370.7      18370.7
    O-O      19309.4      19309.4

   Temperature = 2100 K

   P(atm) REACS->PRODS      REACS->
        1       2952.9       2952.9
       10      11066.5      11066.5
      100      29418.1      29418.1
     1000      53077.6      53077.6
    10000      67750.1      67750.1
    O-O      72376.4      72376.4

   Temperature = 2200 K

   P(atm) REACS->PRODS      REACS->
        1      7584.31      7584.31
       10      30084.2      30084.2
      100      85508.9      85508.9
     1000       164932       164932
    10000       220399       220399
    O-O       240094       240094

   Temperature = 2300 K

   P(atm) REACS->PRODS      REACS->
        1      17533.6      17533.6
       10      73363.4      73363.4
      100       222299       222299
     1000       458032       458032
    10000       642474       642474
    O-O       716229       716229

   Temperature = 2400 K

   P(atm) REACS->PRODS      REACS->
        1      36997.5      36997.5
       10       162754       162754
      100       524190       524190
     1000  1.15245e+06  1.15245e+06
    10000  1.70046e+06  1.70046e+06
    O-O  1.94707e+06  1.94707e+06

   Temperature = 2500 K

   P(atm) REACS->PRODS      REACS->
        1      72063.1      72063.1
       10       332307       332307
      100   1.1344e+06   1.1344e+06
     1000   2.6576e+06   2.6576e+06
    10000  4.13196e+06  4.13196e+06
    O-O   4.8778e+06   4.8778e+06

   Temperature = 300 K

   P(atm) PRODS->REACS      PRODS->
        1   8.8899e-11   8.8899e-11
       10  8.90531e-11  8.90531e-11
      100  8.90689e-11  8.90689e-11
     1000  8.90704e-11  8.90704e-11
    10000  8.90706e-11  8.90706e-11
    O-O   8.9072e-11   8.9072e-11

   Temperature = 400 K

   P(atm) PRODS->REACS      PRODS->
        1   9.0194e-11   9.0194e-11
       10  9.10075e-11  9.10075e-11
      100  9.10972e-11  9.10972e-11
     1000  9.11063e-11  9.11063e-11
    10000  9.11072e-11  9.11072e-11
    O-O  9.11049e-11  9.11049e-11

   Temperature = 500 K

   P(atm) PRODS->REACS      PRODS->
        1  9.54542e-11  9.54542e-11
       10  9.83125e-11  9.83125e-11
      100  9.86816e-11  9.86816e-11
     1000  9.87204e-11  9.87204e-11
    10000  9.87243e-11  9.87243e-11
    O-O  9.87258e-11  9.87258e-11

   Temperature = 600 K

   P(atm) PRODS->REACS      PRODS->
        1  9.90693e-11  9.90693e-11
       10  1.06238e-10  1.06238e-10
      100  1.07403e-10  1.07403e-10
     1000  1.07536e-10  1.07536e-10
    10000  1.07549e-10  1.07549e-10
    O-O  1.07551e-10  1.07551e-10

   Temperature = 700 K

   P(atm) PRODS->REACS      PRODS->
        1  9.86441e-11  9.86441e-11
       10  1.12542e-10  1.12542e-10
      100  1.15495e-10  1.15495e-10
     1000  1.15876e-10  1.15876e-10
    10000  1.15916e-10  1.15916e-10
    O-O  1.15922e-10  1.15922e-10

   Temperature = 800 K

   P(atm) PRODS->REACS      PRODS->
        1  9.38778e-11  9.38778e-11
       10  1.16077e-10  1.16077e-10
      100  1.22273e-10  1.22273e-10
     1000  1.23218e-10  1.23218e-10
    10000  1.23322e-10  1.23322e-10
    O-O  1.23334e-10  1.23334e-10

   Temperature = 900 K

   P(atm) PRODS->REACS      PRODS->
        1  8.57035e-11  8.57035e-11
       10   1.1634e-10   1.1634e-10
      100  1.27435e-10  1.27435e-10
     1000  1.29485e-10  1.29485e-10
    10000  1.29731e-10  1.29731e-10
    O-O   1.2977e-10   1.2977e-10

   Temperature = 1000 K

   P(atm) PRODS->REACS      PRODS->
        1  7.55502e-11  7.55502e-11
       10  1.13391e-10  1.13391e-10
      100  1.30829e-10  1.30829e-10
     1000  1.34775e-10  1.34775e-10
    10000    1.353e-10    1.353e-10
    O-O  1.35363e-10  1.35363e-10

   Temperature = 1100 K

   P(atm) PRODS->REACS      PRODS->
        1  6.47036e-11  6.47036e-11
       10  1.07622e-10  1.07622e-10
      100  1.32266e-10  1.32266e-10
     1000  1.39101e-10  1.39101e-10
    10000  1.40132e-10  1.40132e-10
    O-O  1.40259e-10  1.40259e-10

   Temperature = 1200 K

   P(atm) PRODS->REACS      PRODS->
        1   5.4157e-11   5.4157e-11
       10   9.9722e-11   9.9722e-11
      100  1.31668e-10  1.31668e-10
     1000  1.42468e-10  1.42468e-10
    10000  1.44342e-10  1.44342e-10
    O-O  1.44586e-10  1.44586e-10

   Temperature = 1300 K

   P(atm) PRODS->REACS      PRODS->
        1  4.45185e-11  4.45185e-11
       10  9.04553e-11  9.04553e-11
      100  1.29061e-10  1.29061e-10
     1000  1.44833e-10  1.44833e-10
    10000  1.48005e-10  1.48005e-10
    O-O  1.48444e-10  1.48444e-10

   Temperature = 1400 K

   P(atm) PRODS->REACS      PRODS->
        1  3.60869e-11  3.60869e-11
       10  8.05476e-11  8.05476e-11
      100  1.24602e-10  1.24602e-10
     1000  1.46126e-10  1.46126e-10
    10000  1.51163e-10  1.51163e-10
    O-O  1.51913e-10  1.51913e-10

   Temperature = 1500 K

   P(atm) PRODS->REACS      PRODS->
        1  2.89383e-11  2.89383e-11
       10  7.05978e-11  7.05978e-11
      100  1.18559e-10  1.18559e-10
     1000  1.46278e-10  1.46278e-10
    10000  1.53826e-10  1.53826e-10
    O-O  1.55056e-10  1.55056e-10

   Temperature = 1600 K

   P(atm) PRODS->REACS      PRODS->
        1  2.30235e-11  2.30235e-11
       10  6.10649e-11  6.10649e-11
      100  1.11294e-10  1.11294e-10
     1000  1.45264e-10  1.45264e-10
    10000  1.56001e-10  1.56001e-10
    O-O   1.5792e-10   1.5792e-10

   Temperature = 1700 K

   P(atm) PRODS->REACS      PRODS->
        1  1.82043e-11  1.82043e-11
       10   5.2226e-11   5.2226e-11
      100  1.03164e-10  1.03164e-10
     1000  1.43065e-10  1.43065e-10
    10000  1.57645e-10  1.57645e-10
    O-O  1.60542e-10  1.60542e-10

   Temperature = 1800 K

   P(atm) PRODS->REACS      PRODS->
        1  1.43323e-11  1.43323e-11
       10  4.42534e-11  4.42534e-11
      100  9.45408e-11  9.45408e-11
     1000  1.39729e-10  1.39729e-10
    10000  1.58727e-10  1.58727e-10
    O-O  1.62953e-10  1.62953e-10

   Temperature = 1900 K

   P(atm) PRODS->REACS      PRODS->
        1   1.1253e-11   1.1253e-11
       10  3.72192e-11  3.72192e-11
      100  8.57695e-11  8.57695e-11
     1000  1.35368e-10  1.35368e-10
    10000  1.59234e-10  1.59234e-10
    O-O  1.65176e-10  1.65176e-10

   Temperature = 2000 K

   P(atm) PRODS->REACS      PRODS->
        1   8.8161e-12   8.8161e-12
       10  3.11032e-11  3.11032e-11
      100  7.70986e-11  7.70986e-11
     1000  1.30082e-10  1.30082e-10
    10000  1.59103e-10  1.59103e-10
    O-O  1.67234e-10  1.67234e-10

   Temperature = 2100 K

   P(atm) PRODS->REACS      PRODS->
        1  6.90086e-12  6.90086e-12
       10  2.58625e-11  2.58625e-11
      100  6.87504e-11  6.87504e-11
     1000  1.24043e-10  1.24043e-10
    10000  1.58333e-10  1.58333e-10
    O-O  1.69145e-10  1.69145e-10

   Temperature = 2200 K

   P(atm) PRODS->REACS      PRODS->
        1  5.39916e-12  5.39916e-12
       10   2.1417e-11   2.1417e-11
      100  6.08745e-11  6.08745e-11
     1000  1.17417e-10  1.17417e-10
    10000  1.56904e-10  1.56904e-10
    O-O  1.70926e-10  1.70926e-10

   Temperature = 2300 K

   P(atm) PRODS->REACS      PRODS->
        1   4.2248e-12   4.2248e-12
       10  1.76781e-11  1.76781e-11
      100  5.35677e-11  5.35677e-11
     1000  1.10374e-10  1.10374e-10
    10000  1.54819e-10  1.54819e-10
    O-O  1.72592e-10  1.72592e-10

   Temperature = 2400 K

   P(atm) PRODS->REACS      PRODS->
        1  3.30869e-12  3.30869e-12
       10  1.45568e-11  1.45568e-11
      100   4.6886e-11   4.6886e-11
     1000  1.03082e-10  1.03082e-10
    10000    1.521e-10    1.521e-10
    O-O  1.74158e-10  1.74158e-10

   Temperature = 2500 K

   P(atm) PRODS->REACS      PRODS->
        1  2.59379e-12  2.59379e-12
       10  1.19635e-11  1.19635e-11
      100  4.08444e-11  4.08444e-11
     1000  9.56908e-11  9.56908e-11
    10000  1.48778e-10  1.48778e-10
    O-O  1.75633e-10  1.75633e-10

______________________________________________________________________________________

Temperature-Species Rate Tables:

   Pressure = 1 atm

   T(K) REACS->PRODS      REACS->      Capture
    300  6.40815e-65  6.40815e-65  6.42062e-65
    400  6.35852e-45  6.35852e-45  6.42274e-45
    500  7.12825e-33  7.12825e-33  7.37256e-33
    600  7.97867e-25  7.97867e-25  8.66176e-25
    700  4.42804e-19  4.42804e-19  5.20363e-19
    800   8.6811e-15   8.6811e-15   1.1405e-14
    900  1.80368e-11  1.80368e-11  2.73108e-11
   1000   7.7211e-09   7.7211e-09  1.38338e-08
   1100  1.04235e-06  1.04235e-06  2.25952e-06
   1200  5.90766e-05  5.90766e-05   0.00015772
   1300   0.00171547   0.00171547   0.00572012
   1400     0.029446     0.029446     0.123957
   1500     0.331933     0.331933      1.77854
   1600      2.66066      2.66066      18.2496
   1700       16.108       16.108      142.055
   1800      77.2468      77.2468      878.267
   1900       304.68       304.68      4472.22
   2000      1017.94      1017.94      19309.4
   2100       2952.9       2952.9      72376.4
   2200      7584.31      7584.31       240094
   2300      17533.6      17533.6       716229
   2400      36997.5      36997.5  1.94707e+06
   2500      72063.1      72063.1   4.8778e+06

   Pressure = 10 atm

   T(K) REACS->PRODS      REACS->      Capture
    300  6.41926e-65  6.41926e-65  6.42062e-65
    400  6.41587e-45  6.41587e-45  6.42274e-45
    500   7.3417e-33   7.3417e-33  7.37256e-33
    600    8.556e-25    8.556e-25  8.66176e-25
    700  5.05191e-19  5.05191e-19  5.20363e-19
    800  1.07339e-14  1.07339e-14   1.1405e-14
    900  2.44844e-11  2.44844e-11  2.73108e-11
   1000  1.15884e-08  1.15884e-08  1.38338e-08
   1100  1.73375e-06  1.73375e-06  2.25952e-06
   1200  0.000108781  0.000108781   0.00015772
   1300   0.00348559   0.00348559   0.00572012
   1400    0.0657249    0.0657249     0.123957
   1500     0.809782     0.809782      1.77854
   1600       7.0568       7.0568      18.2496
   1700      46.2121      46.2121      142.055
   1800      238.513      238.513      878.267
   1900      1007.73      1007.73      4472.22
   2000       3591.3       3591.3      19309.4
   2100      11066.5      11066.5      72376.4
   2200      30084.2      30084.2       240094
   2300      73363.4      73363.4       716229
   2400       162754       162754  1.94707e+06
   2500       332307       332307   4.8778e+06

   Pressure = 100 atm

   T(K) REACS->PRODS      REACS->      Capture
    300  6.42039e-65  6.42039e-65  6.42062e-65
    400   6.4222e-45   6.4222e-45  6.42274e-45
    500  7.36926e-33  7.36926e-33  7.37256e-33
    600  8.64987e-25  8.64987e-25  8.66176e-25
    700  5.18447e-19  5.18447e-19  5.20363e-19
    800  1.13068e-14  1.13068e-14   1.1405e-14
    900  2.68194e-11  2.68194e-11  2.73108e-11
   1000  1.33705e-08  1.33705e-08  1.38338e-08
   1100  2.13075e-06  2.13075e-06  2.25952e-06
   1200  0.000143629  0.000143629   0.00015772
   1300   0.00497322   0.00497322   0.00572012
   1400     0.101672     0.101672     0.123957
   1500      1.35991      1.35991      1.77854
   1600      12.8614      12.8614      18.2496
   1700      91.2846      91.2846      142.055
   1800      509.547      509.547      878.267
   1900      2322.24      2322.24      4472.22
   2000      8902.09      8902.09      19309.4
   2100      29418.1      29418.1      72376.4
   2200      85508.9      85508.9       240094
   2300       222299       222299       716229
   2400       524190       524190  1.94707e+06
   2500   1.1344e+06   1.1344e+06   4.8778e+06

   Pressure = 1000 atm

   T(K) REACS->PRODS      REACS->      Capture
    300  6.42051e-65  6.42051e-65  6.42062e-65
    400  6.42284e-45  6.42284e-45  6.42274e-45
    500  7.37215e-33  7.37215e-33  7.37256e-33
    600  8.66053e-25  8.66053e-25  8.66176e-25
    700  5.20157e-19  5.20157e-19  5.20363e-19
    800  1.13943e-14  1.13943e-14   1.1405e-14
    900   2.7251e-11   2.7251e-11  2.73108e-11
   1000  1.37738e-08  1.37738e-08  1.38338e-08
   1100  2.24086e-06  2.24086e-06  2.25952e-06
   1200   0.00015541   0.00015541   0.00015772
   1300   0.00558099   0.00558099   0.00572012
   1400     0.119235     0.119235     0.123957
   1500      1.67786      1.67786      1.77854
   1600      16.7871      16.7871      18.2496
   1700      126.591      126.591      142.055
   1800      753.096      753.096      878.267
   1900      3665.13      3665.13      4472.22
   2000      15019.7      15019.7      19309.4
   2100      53077.6      53077.6      72376.4
   2200       164932       164932       240094
   2300       458032       458032       716229
   2400  1.15245e+06  1.15245e+06  1.94707e+06
   2500   2.6576e+06   2.6576e+06   4.8778e+06

   Pressure = 10000 atm

   T(K) REACS->PRODS      REACS->      Capture
    300  6.42052e-65  6.42052e-65  6.42062e-65
    400   6.4229e-45   6.4229e-45  6.42274e-45
    500  7.37245e-33  7.37245e-33  7.37256e-33
    600  8.66162e-25  8.66162e-25  8.66176e-25
    700  5.20336e-19  5.20336e-19  5.20363e-19
    800  1.14039e-14  1.14039e-14   1.1405e-14
    900  2.73026e-11  2.73026e-11  2.73108e-11
   1000  1.38274e-08  1.38274e-08  1.38338e-08
   1100  2.25746e-06  2.25746e-06  2.25952e-06
   1200  0.000157454  0.000157454   0.00015772
   1300   0.00570323   0.00570323   0.00572012
   1400     0.123346     0.123346     0.123957
   1500      1.76445      1.76445      1.77854
   1600      18.0279      18.0279      18.2496
   1700      139.492      139.492      142.055
   1800       855.49       855.49      878.267
   1900      4311.32      4311.32      4472.22
   2000      18370.7      18370.7      19309.4
   2100      67750.1      67750.1      72376.4
   2200       220399       220399       240094
   2300       642474       642474       716229
   2400  1.70046e+06  1.70046e+06  1.94707e+06
   2500  4.13196e+06  4.13196e+06   4.8778e+06

   Pressure = 1 atm

   T(K) PRODS->REACS      PRODS->      Capture
    300   8.8899e-11   8.8899e-11   8.9072e-11
    400   9.0194e-11   9.0194e-11  9.11049e-11
    500  9.54542e-11  9.54542e-11  9.87258e-11
    600  9.90693e-11  9.90693e-11  1.07551e-10
    700  9.86441e-11  9.86441e-11  1.15922e-10
    800  9.38778e-11  9.38778e-11  1.23334e-10
    900  8.57035e-11  8.57035e-11   1.2977e-10
   1000  7.55502e-11  7.55502e-11  1.35363e-10
   1100  6.47036e-11  6.47036e-11  1.40259e-10
   1200   5.4157e-11   5.4157e-11  1.44586e-10
   1300  4.45185e-11  4.45185e-11  1.48444e-10
   1400  3.60869e-11  3.60869e-11  1.51913e-10
   1500  2.89383e-11  2.89383e-11  1.55056e-10
   1600  2.30235e-11  2.30235e-11   1.5792e-10
   1700  1.82043e-11  1.82043e-11  1.60542e-10
   1800  1.43323e-11  1.43323e-11  1.62953e-10
   1900   1.1253e-11   1.1253e-11  1.65176e-10
   2000   8.8161e-12   8.8161e-12  1.67234e-10
   2100  6.90086e-12  6.90086e-12  1.69145e-10
   2200  5.39916e-12  5.39916e-12  1.70926e-10
   2300   4.2248e-12   4.2248e-12  1.72592e-10
   2400  3.30869e-12  3.30869e-12  1.74158e-10
   2500  2.59379e-12  2.59379e-12  1.75633e-10

   Pressure = 10 atm

   T(K) PRODS->REACS      PRODS->      Capture
    300  8.90531e-11  8.90531e-11   8.9072e-11
    400  9.10075e-11  9.10075e-11  9.11049e-11
    500  9.83125e-11  9.83125e-11  9.87258e-11
    600  1.06238e-10  1.06238e-10  1.07551e-10
    700  1.12542e-10  1.12542e-10  1.15922e-10
    800  1.16077e-10  1.16077e-10  1.23334e-10
    900   1.1634e-10   1.1634e-10   1.2977e-10
   1000  1.13391e-10  1.13391e-10  1.35363e-10
   1100  1.07622e-10  1.07622e-10  1.40259e-10
   1200   9.9722e-11   9.9722e-11  1.44586e-10
   1300  9.04553e-11  9.04553e-11  1.48444e-10
   1400  8.05476e-11  8.05476e-11  1.51913e-10
   1500  7.05978e-11  7.05978e-11  1.55056e-10
   1600  6.10649e-11  6.10649e-11   1.5792e-10
   1700   5.2226e-11   5.2226e-11  1.60542e-10
   1800  4.42534e-11  4.42534e-11  1.62953e-10
   1900  3.72192e-11  3.72192e-11  1.65176e-10
   2000  3.11032e-11  3.11032e-11  1.67234e-10
   2100  2.58625e-11  2.58625e-11  1.69145e-10
   2200   2.1417e-11   2.1417e-11  1.70926e-10
   2300  1.76781e-11  1.76781e-11  1.72592e-10
   2400  1.45568e-11  1.45568e-11  1.74158e-10
   2500  1.19635e-11  1.19635e-11  1.75633e-10

   Pressure = 100 atm

   T(K) PRODS->REACS      PRODS->      Capture
    300  8.90689e-11  8.90689e-11   8.9072e-11
    400  9.10972e-11  9.10972e-11  9.11049e-11
    500  9.86816e-11  9.86816e-11  9.87258e-11
    600  1.07403e-10  1.07403e-10  1.07551e-10
    700  1.15495e-10  1.15495e-10  1.15922e-10
    800  1.22273e-10  1.22273e-10  1.23334e-10
    900  1.27435e-10  1.27435e-10   1.2977e-10
   1000  1.30829e-10  1.30829e-10  1.35363e-10
   1100  1.32266e-10  1.32266e-10  1.40259e-10
   1200  1.31668e-10  1.31668e-10  1.44586e-10
   1300  1.29061e-10  1.29061e-10  1.48444e-10
   1400  1.24602e-10  1.24602e-10  1.51913e-10
   1500  1.18559e-10  1.18559e-10  1.55056e-10
   1600  1.11294e-10  1.11294e-10   1.5792e-10
   1700  1.03164e-10  1.03164e-10  1.60542e-10
   1800  9.45408e-11  9.45408e-11  1.62953e-10
   1900  8.57695e-11  8.57695e-11  1.65176e-10
   2000  7.70986e-11  7.70986e-11  1.67234e-10
   2100  6.87504e-11  6.87504e-11  1.69145e-10
   2200  6.08745e-11  6.08745e-11  1.70926e-10
   2300  5.35677e-11  5.35677e-11  1.72592e-10
   2400   4.6886e-11   4.6886e-11  1.74158e-10
   2500  4.08444e-11  4.08444e-11  1.75633e-10

   Pressure = 1000 atm

   T(K) PRODS->REACS      PRODS->      Capture
    300  8.90704e-11  8.90704e-11   8.9072e-11
    400  9.11063e-11  9.11063e-11  9.11049e-11
    500  9.87204e-11  9.87204e-11  9.87258e-11
    600  1.07536e-10  1.07536e-10  1.07551e-10
    700  1.15876e-10  1.15876e-10  1.15922e-10
    800  1.23218e-10  1.23218e-10  1.23334e-10
    900  1.29485e-10  1.29485e-10   1.2977e-10
   1000  1.34775e-10  1.34775e-10  1.35363e-10
   1100  1.39101e-10  1.39101e-10  1.40259e-10
   1200  1.42468e-10  1.42468e-10  1.44586e-10
   1300  1.44833e-10  1.44833e-10  1.48444e-10
   1400  1.46126e-10  1.46126e-10  1.51913e-10
   1500  1.46278e-10  1.46278e-10  1.55056e-10
   1600  1.45264e-10  1.45264e-10   1.5792e-10
   1700  1.43065e-10  1.43065e-10  1.60542e-10
   1800  1.39729e-10  1.39729e-10  1.62953e-10
   1900  1.35368e-10  1.35368e-10  1.65176e-10
   2000  1.30082e-10  1.30082e-10  1.67234e-10
   2100  1.24043e-10  1.24043e-10  1.69145e-10
   2200  1.17417e-10  1.17417e-10  1.70926e-10
   2300  1.10374e-10  1.10374e-10  1.72592e-10
   2400  1.03082e-10  1.03082e-10  1.74158e-10
   2500  9.56908e-11  9.56908e-11  1.75633e-10

   Pressure = 10000 atm

   T(K) PRODS->REACS      PRODS->      Capture
    300  8.90706e-11  8.90706e-11   8.9072e-11
    400  9.11072e-11  9.11072e-11  9.11049e-11
    500  9.87243e-11  9.87243e-11  9.87258e-11
    600  1.07549e-10  1.07549e-10  1.07551e-10
    700  1.15916e-10  1.15916e-10  1.15922e-10
    800  1.23322e-10  1.23322e-10  1.23334e-10
    900  1.29731e-10  1.29731e-10   1.2977e-10
   1000    1.353e-10    1.353e-10  1.35363e-10
   1100  1.40132e-10  1.40132e-10  1.40259e-10
   1200  1.44342e-10  1.44342e-10  1.44586e-10
   1300  1.48005e-10  1.48005e-10  1.48444e-10
   1400  1.51163e-10  1.51163e-10  1.51913e-10
   1500  1.53826e-10  1.53826e-10  1.55056e-10
   1600  1.56001e-10  1.56001e-10   1.5792e-10
   1700  1.57645e-10  1.57645e-10  1.60542e-10
   1800  1.58727e-10  1.58727e-10  1.62953e-10
   1900  1.59234e-10  1.59234e-10  1.65176e-10
   2000  1.59103e-10  1.59103e-10  1.67234e-10
   2100  1.58333e-10  1.58333e-10  1.69145e-10
   2200  1.56904e-10  1.56904e-10  1.70926e-10
   2300  1.54819e-10  1.54819e-10  1.72592e-10
   2400    1.521e-10    1.521e-10  1.74158e-10
   2500  1.48778e-10  1.48778e-10  1.75633e-10

______________________________________________________________________________________

Temperature-Pressure Rate Tables:

REACS->PRODS

P\T              300          400          500          600          700          800          900         1000         1100         1200         1300         1400         1500         1600         1700         1800         1900         2000         2100         2200         2300         2400         2500
1        6.40815e-65  6.35852e-45  7.12825e-33  7.97867e-25  4.42804e-19   8.6811e-15  1.80368e-11   7.7211e-09  1.04235e-06  5.90766e-05   0.00171547     0.029446     0.331933      2.66066       16.108      77.2468       304.68      1017.94       2952.9      7584.31      17533.6      36997.5      72063.1
10       6.41926e-65  6.41587e-45   7.3417e-33    8.556e-25  5.05191e-19  1.07339e-14  2.44844e-11  1.15884e-08  1.73375e-06  0.000108781   0.00348559    0.0657249     0.809782       7.0568      46.2121      238.513      1007.73       3591.3      11066.5      30084.2      73363.4       162754       332307
100      6.42039e-65   6.4222e-45  7.36926e-33  8.64987e-25  5.18447e-19  1.13068e-14  2.68194e-11  1.33705e-08  2.13075e-06  0.000143629   0.00497322     0.101672      1.35991      12.8614      91.2846      509.547      2322.24      8902.09      29418.1      85508.9       222299       524190   1.1344e+06
1000     6.42051e-65  6.42284e-45  7.37215e-33  8.66053e-25  5.20157e-19  1.13943e-14   2.7251e-11  1.37738e-08  2.24086e-06   0.00015541   0.00558099     0.119235      1.67786      16.7871      126.591      753.096      3665.13      15019.7      53077.6       164932       458032  1.15245e+06   2.6576e+06
10000    6.42052e-65   6.4229e-45  7.37245e-33  8.66162e-25  5.20336e-19  1.14039e-14  2.73026e-11  1.38274e-08  2.25746e-06  0.000157454   0.00570323     0.123346      1.76445      18.0279      139.492       855.49      4311.32      18370.7      67750.1       220399       642474  1.70046e+06  4.13196e+06
O-O      6.42062e-65  6.42274e-45  7.37256e-33  8.66176e-25  5.20363e-19   1.1405e-14  2.73108e-11  1.38338e-08  2.25952e-06   0.00015772   0.00572012     0.123957      1.77854      18.2496      142.055      878.267      4472.22      19309.4      72376.4       240094       716229  1.94707e+06   4.8778e+06

PRODS->REACS

P\T              300          400          500          600          700          800          900         1000         1100         1200         1300         1400         1500         1600         1700         1800         1900         2000         2100         2200         2300         2400         2500
1         8.8899e-11   9.0194e-11  9.54542e-11  9.90693e-11  9.86441e-11  9.38778e-11  8.57035e-11  7.55502e-11  6.47036e-11   5.4157e-11  4.45185e-11  3.60869e-11  2.89383e-11  2.30235e-11  1.82043e-11  1.43323e-11   1.1253e-11   8.8161e-12  6.90086e-12  5.39916e-12   4.2248e-12  3.30869e-12  2.59379e-12
10       8.90531e-11  9.10075e-11  9.83125e-11  1.06238e-10  1.12542e-10  1.16077e-10   1.1634e-10  1.13391e-10  1.07622e-10   9.9722e-11  9.04553e-11  8.05476e-11  7.05978e-11  6.10649e-11   5.2226e-11  4.42534e-11  3.72192e-11  3.11032e-11  2.58625e-11   2.1417e-11  1.76781e-11  1.45568e-11  1.19635e-11
100      8.90689e-11  9.10972e-11  9.86816e-11  1.07403e-10  1.15495e-10  1.22273e-10  1.27435e-10  1.30829e-10  1.32266e-10  1.31668e-10  1.29061e-10  1.24602e-10  1.18559e-10  1.11294e-10  1.03164e-10  9.45408e-11  8.57695e-11  7.70986e-11  6.87504e-11  6.08745e-11  5.35677e-11   4.6886e-11  4.08444e-11
1000     8.90704e-11  9.11063e-11  9.87204e-11  1.07536e-10  1.15876e-10  1.23218e-10  1.29485e-10  1.34775e-10  1.39101e-10  1.42468e-10  1.44833e-10  1.46126e-10  1.46278e-10  1.45264e-10  1.43065e-10  1.39729e-10  1.35368e-10  1.30082e-10  1.24043e-10  1.17417e-10  1.10374e-10  1.03082e-10  9.56908e-11
10000    8.90706e-11  9.11072e-11  9.87243e-11  1.07549e-10  1.15916e-10  1.23322e-10  1.29731e-10    1.353e-10  1.40132e-10  1.44342e-10  1.48005e-10  1.51163e-10  1.53826e-10  1.56001e-10  1.57645e-10  1.58727e-10  1.59234e-10  1.59103e-10  1.58333e-10  1.56904e-10  1.54819e-10    1.521e-10  1.48778e-10
O-O       8.9072e-11  9.11049e-11  9.87258e-11  1.07551e-10  1.15922e-10  1.23334e-10   1.2977e-10  1.35363e-10  1.40259e-10  1.44586e-10  1.48444e-10  1.51913e-10  1.55056e-10   1.5792e-10  1.60542e-10  1.62953e-10  1.65176e-10  1.67234e-10  1.69145e-10  1.70926e-10  1.72592e-10  1.74158e-10  1.75633e-10

REACS-> 

P\T              300          400          500          600          700          800          900         1000         1100         1200         1300         1400         1500         1600         1700         1800         1900         2000         2100         2200         2300         2400         2500
1        6.40815e-65  6.35852e-45  7.12825e-33  7.97867e-25  4.42804e-19   8.6811e-15  1.80368e-11   7.7211e-09  1.04235e-06  5.90766e-05   0.00171547     0.029446     0.331933      2.66066       16.108      77.2468       304.68      1017.94       2952.9      7584.31      17533.6      36997.5      72063.1
10       6.41926e-65  6.41587e-45   7.3417e-33    8.556e-25  5.05191e-19  1.07339e-14  2.44844e-11  1.15884e-08  1.73375e-06  0.000108781   0.00348559    0.0657249     0.809782       7.0568      46.2121      238.513      1007.73       3591.3      11066.5      30084.2      73363.4       162754       332307
100      6.42039e-65   6.4222e-45  7.36926e-33  8.64987e-25  5.18447e-19  1.13068e-14  2.68194e-11  1.33705e-08  2.13075e-06  0.000143629   0.00497322     0.101672      1.35991      12.8614      91.2846      509.547      2322.24      8902.09      29418.1      85508.9       222299       524190   1.1344e+06
1000     6.42051e-65  6.42284e-45  7.37215e-33  8.66053e-25  5.20157e-19  1.13943e-14   2.7251e-11  1.37738e-08  2.24086e-06   0.00015541   0.00558099     0.119235      1.67786      16.7871      126.591      753.096      3665.13      15019.7      53077.6       164932       458032  1.15245e+06   2.6576e+06
10000    6.42052e-65   6.4229e-45  7.37245e-33  8.66162e-25  5.20336e-19  1.14039e-14  2.73026e-11  1.38274e-08  2.25746e-06  0.000157454   0.00570323     0.123346      1.76445      18.0279      139.492       855.49      4311.32      18370.7      67750.1       220399       642474  1.70046e+06  4.13196e+06
O-O      6.42062e-65  6.42274e-45  7.37256e-33  8.66176e-25  5.20363e-19   1.1405e-14  2.73108e-11  1.38338e-08  2.25952e-06   0.00015772   0.00572012     0.123957      1.77854      18.2496      142.055      878.267      4472.22      19309.4      72376.4       240094       716229  1.94707e+06   4.8778e+06

PRODS-> 

P\T              300          400          500          600          700          800          900         1000         1100         1200         1300         1400         1500         1600         1700         1800         1900         2000         2100         2200         2300         2400         2500
1         8.8899e-11   9.0194e-11  9.54542e-11  9.90693e-11  9.86441e-11  9.38778e-11  8.57035e-11  7.55502e-11  6.47036e-11   5.4157e-11  4.45185e-11  3.60869e-11  2.89383e-11  2.30235e-11  1.82043e-11  1.43323e-11   1.1253e-11   8.8161e-12  6.90086e-12  5.39916e-12   4.2248e-12  3.30869e-12  2.59379e-12
10       8.90531e-11  9.10075e-11  9.83125e-11  1.06238e-10  1.12542e-10  1.16077e-10   1.1634e-10  1.13391e-10  1.07622e-10   9.9722e-11  9.04553e-11  8.05476e-11  7.05978e-11  6.10649e-11   5.2226e-11  4.42534e-11  3.72192e-11  3.11032e-11  2.58625e-11   2.1417e-11  1.76781e-11  1.45568e-11  1.19635e-11
100      8.90689e-11  9.10972e-11  9.86816e-11  1.07403e-10  1.15495e-10  1.22273e-10  1.27435e-10  1.30829e-10  1.32266e-10  1.31668e-10  1.29061e-10  1.24602e-10  1.18559e-10  1.11294e-10  1.03164e-10  9.45408e-11  8.57695e-11  7.70986e-11  6.87504e-11  6.08745e-11  5.35677e-11   4.6886e-11  4.08444e-11
1000     8.90704e-11  9.11063e-11  9.87204e-11  1.07536e-10  1.15876e-10  1.23218e-10  1.29485e-10  1.34775e-10  1.39101e-10  1.42468e-10  1.44833e-10  1.46126e-10  1.46278e-10  1.45264e-10  1.43065e-10  1.39729e-10  1.35368e-10  1.30082e-10  1.24043e-10  1.17417e-10  1.10374e-10  1.03082e-10  9.56908e-11
10000    8.90706e-11  9.11072e-11  9.87243e-11  1.07549e-10  1.15916e-10  1.23322e-10  1.29731e-10    1.353e-10  1.40132e-10  1.44342e-10  1.48005e-10  1.51163e-10  1.53826e-10  1.56001e-10  1.57645e-10  1.58727e-10  1.59234e-10  1.59103e-10  1.58333e-10  1.56904e-10  1.54819e-10    1.521e-10  1.48778e-10
O-O       8.9072e-11  9.11049e-11  9.87258e-11  1.07551e-10  1.15922e-10  1.23334e-10   1.2977e-10  1.35363e-10  1.40259e-10  1.44586e-10  1.48444e-10  1.51913e-10  1.55056e-10   1.5792e-10  1.60542e-10  1.62953e-10  1.65176e-10  1.67234e-10  1.69145e-10  1.70926e-10  1.72592e-10  1.74158e-10  1.75633e-10

