Wells (G - ground energy, D - dissociation limit, kcal/mol):
      Name        G        D
     REACS      0.0     62.8

Bimolecular Products (G - ground energy, kcal/mol):
      Name        G
     PRODS    108.7

Well-to-Bimolecular Barriers (H/G - barrier height/well depth, kcal/mol)
      Name        H     Well        G  Product
        TS     62.8    REACS      0.0    PRODS

________________________________________________________________________________________

Unimolecular Rate Units: 1/sec;  Bimolecular Rate Units: cm^3/sec

______________________________________________________________________________________

Species-Species Rate Tables:

Temperature = 300 K

High Pressure Rate Coefficients:

From\To         REACS        PRODS
REACS             ***  6.72734e-33
PRODS     9.33271e+21          ***

Temperature = 300 K    Pressure = 1 atm

From\To         REACS        PRODS
REACS     6.69256e-33  6.69256e-33
PRODS     9.28445e+21  9.28445e+21

Temperature = 300 K    Pressure = 10 atm

From\To         REACS        PRODS
REACS     6.72267e-33  6.72267e-33
PRODS     9.32622e+21  9.32622e+21

Temperature = 300 K    Pressure = 100 atm

From\To         REACS        PRODS
REACS     6.72578e-33  6.72578e-33
PRODS     9.33054e+21  9.33054e+21

Temperature = 300 K    Pressure = 1000 atm

From\To         REACS        PRODS
REACS     6.72609e-33  6.72609e-33
PRODS     9.33097e+21  9.33097e+21

Temperature = 300 K    Pressure = 10000 atm

From\To         REACS        PRODS
REACS     6.72612e-33  6.72612e-33
PRODS     9.33101e+21  9.33101e+21

Temperature = 400 K

High Pressure Rate Coefficients:

From\To         REACS        PRODS
REACS             ***  2.53529e-21
PRODS     3.59625e+13          ***

Temperature = 400 K    Pressure = 1 atm

From\To         REACS        PRODS
REACS     2.48698e-21  2.48698e-21
PRODS     3.52772e+13  3.52772e+13

Temperature = 400 K    Pressure = 10 atm

From\To         REACS        PRODS
REACS     2.52941e-21  2.52941e-21
PRODS      3.5879e+13   3.5879e+13

Temperature = 400 K    Pressure = 100 atm

From\To         REACS        PRODS
REACS     2.53428e-21  2.53428e-21
PRODS     3.59481e+13  3.59481e+13

Temperature = 400 K    Pressure = 1000 atm

From\To         REACS        PRODS
REACS     2.53478e-21  2.53478e-21
PRODS     3.59551e+13  3.59551e+13

Temperature = 400 K    Pressure = 10000 atm

From\To         REACS        PRODS
REACS     2.53483e-21  2.53483e-21
PRODS     3.59558e+13  3.59558e+13

Temperature = 500 K

High Pressure Rate Coefficients:

From\To         REACS        PRODS
REACS             ***  2.42508e-14
PRODS     3.24741e+08          ***

Temperature = 500 K    Pressure = 1 atm

From\To         REACS        PRODS
REACS     2.29251e-14  2.29251e-14
PRODS      3.0699e+08   3.0699e+08

Temperature = 500 K    Pressure = 10 atm

From\To         REACS        PRODS
REACS     2.40655e-14  2.40655e-14
PRODS     3.22261e+08  3.22261e+08

Temperature = 500 K    Pressure = 100 atm

From\To         REACS        PRODS
REACS     2.42262e-14  2.42262e-14
PRODS     3.24413e+08  3.24413e+08

Temperature = 500 K    Pressure = 1000 atm

From\To         REACS        PRODS
REACS     2.42435e-14  2.42435e-14
PRODS     3.24644e+08  3.24644e+08

Temperature = 500 K    Pressure = 10000 atm

From\To         REACS        PRODS
REACS     2.42452e-14  2.42452e-14
PRODS     3.24667e+08  3.24667e+08

Temperature = 600 K

High Pressure Rate Coefficients:

From\To         REACS        PRODS
REACS             ***  1.15289e-09
PRODS          143152          ***

Temperature = 600 K    Pressure = 1 atm

From\To         REACS        PRODS
REACS     1.01393e-09  1.01393e-09
PRODS          125897       125897

Temperature = 600 K    Pressure = 10 atm

From\To         REACS        PRODS
REACS     1.12864e-09  1.12864e-09
PRODS          140141       140141

Temperature = 600 K    Pressure = 100 atm

From\To         REACS        PRODS
REACS     1.14994e-09  1.14994e-09
PRODS          142785       142785

Temperature = 600 K    Pressure = 1000 atm

From\To         REACS        PRODS
REACS     1.15248e-09  1.15248e-09
PRODS          143101       143101

Temperature = 600 K    Pressure = 10000 atm

From\To         REACS        PRODS
REACS     1.15274e-09  1.15274e-09
PRODS          143133       143133

Temperature = 700 K

High Pressure Rate Coefficients:

From\To         REACS        PRODS
REACS             ***  2.62029e-06
PRODS         583.725          ***

Temperature = 700 K    Pressure = 1 atm

From\To         REACS        PRODS
REACS     2.05578e-06  2.05578e-06
PRODS          457.97       457.97

Temperature = 700 K    Pressure = 10 atm

From\To         REACS        PRODS
REACS     2.49296e-06  2.49296e-06
PRODS          555.36       555.36

Temperature = 700 K    Pressure = 100 atm

From\To         REACS        PRODS
REACS      2.6026e-06   2.6026e-06
PRODS         579.784      579.784

Temperature = 700 K    Pressure = 1000 atm

From\To         REACS        PRODS
REACS     2.61793e-06  2.61793e-06
PRODS         583.199      583.199

Temperature = 700 K    Pressure = 10000 atm

From\To         REACS        PRODS
REACS     2.61957e-06  2.61957e-06
PRODS         583.565      583.565

Temperature = 800 K

High Pressure Rate Coefficients:

From\To         REACS        PRODS
REACS             ***  0.000884629
PRODS         9.56642          ***

Temperature = 800 K    Pressure = 1 atm

From\To         REACS        PRODS
REACS     0.000594138  0.000594138
PRODS         6.42503      6.42503

Temperature = 800 K    Pressure = 10 atm

From\To         REACS        PRODS
REACS     0.000801123  0.000801123
PRODS         8.66337      8.66337

Temperature = 800 K    Pressure = 100 atm

From\To         REACS        PRODS
REACS     0.000870913  0.000870913
PRODS         9.41809      9.41809

Temperature = 800 K    Pressure = 1000 atm

From\To         REACS        PRODS
REACS     0.000882821  0.000882821
PRODS         9.54686      9.54686

Temperature = 800 K    Pressure = 10000 atm

From\To         REACS        PRODS
REACS     0.000884186  0.000884186
PRODS         9.56163      9.56163

Temperature = 900 K

High Pressure Rate Coefficients:

From\To         REACS        PRODS
REACS             ***    0.0833914
PRODS        0.396242          ***

Temperature = 900 K    Pressure = 1 atm

From\To         REACS        PRODS
REACS       0.0462273    0.0462273
PRODS        0.219653     0.219653

Temperature = 900 K    Pressure = 10 atm

From\To         REACS        PRODS
REACS       0.0701371    0.0701371
PRODS        0.333263     0.333263

Temperature = 900 K    Pressure = 100 atm

From\To         REACS        PRODS
REACS       0.0807788    0.0807788
PRODS        0.383828     0.383828

Temperature = 900 K    Pressure = 1000 atm

From\To         REACS        PRODS
REACS       0.0830415    0.0830415
PRODS        0.394579     0.394579

Temperature = 900 K    Pressure = 10000 atm

From\To         REACS        PRODS
REACS       0.0833277    0.0833277
PRODS        0.395939     0.395939

Temperature = 1000 K

High Pressure Rate Coefficients:

From\To         REACS        PRODS
REACS             ***      3.20835
PRODS       0.0313934          ***

Temperature = 1000 K    Pressure = 1 atm

From\To         REACS        PRODS
REACS         1.42381      1.42381
PRODS       0.0139318    0.0139318

Temperature = 1000 K    Pressure = 10 atm

From\To         REACS        PRODS
REACS         2.44174      2.44174
PRODS       0.0238921    0.0238921

Temperature = 1000 K    Pressure = 100 atm

From\To         REACS        PRODS
REACS         3.02618      3.02618
PRODS       0.0296108    0.0296108

Temperature = 1000 K    Pressure = 1000 atm

From\To         REACS        PRODS
REACS         3.18202      3.18202
PRODS       0.0311358    0.0311358

Temperature = 1000 K    Pressure = 10000 atm

From\To         REACS        PRODS
REACS         3.20436      3.20436
PRODS       0.0313543    0.0313543

Temperature = 1100 K

High Pressure Rate Coefficients:

From\To         REACS        PRODS
REACS             ***      64.1835
PRODS      0.00398418          ***

Temperature = 1100 K    Pressure = 1 atm

From\To         REACS        PRODS
REACS         22.2536      22.2536
PRODS      0.00138139   0.00138139

Temperature = 1100 K    Pressure = 10 atm

From\To         REACS        PRODS
REACS         43.1034      43.1034
PRODS      0.00267564   0.00267564

Temperature = 1100 K    Pressure = 100 atm

From\To         REACS        PRODS
REACS         58.1909      58.1909
PRODS       0.0036122    0.0036122

Temperature = 1100 K    Pressure = 1000 atm

From\To         REACS        PRODS
REACS         63.2202      63.2202
PRODS      0.00392439   0.00392439

Temperature = 1100 K    Pressure = 10000 atm

From\To         REACS        PRODS
REACS         64.0536      64.0536
PRODS      0.00397612   0.00397612

Temperature = 1200 K

High Pressure Rate Coefficients:

From\To         REACS        PRODS
REACS             ***      784.977
PRODS     0.000719608          ***

Temperature = 1200 K    Pressure = 1 atm

From\To         REACS        PRODS
REACS          208.58       208.58
PRODS     0.000191211  0.000191211

Temperature = 1200 K    Pressure = 10 atm

From\To         REACS        PRODS
REACS         454.524      454.524
PRODS     0.000416673  0.000416673

Temperature = 1200 K    Pressure = 100 atm

From\To         REACS        PRODS
REACS         674.023      674.023
PRODS     0.000617894  0.000617894

Temperature = 1200 K    Pressure = 1000 atm

From\To         REACS        PRODS
REACS           764.7        764.7
PRODS      0.00070102   0.00070102

Temperature = 1200 K    Pressure = 10000 atm

From\To         REACS        PRODS
REACS         782.303      782.303
PRODS     0.000717156  0.000717156

Temperature = 1300 K

High Pressure Rate Coefficients:

From\To         REACS        PRODS
REACS             ***      6567.42
PRODS     0.000170432          ***

Temperature = 1300 K    Pressure = 1 atm

From\To         REACS        PRODS
REACS         1317.67      1317.67
PRODS     3.41949e-05  3.41949e-05

Temperature = 1300 K    Pressure = 10 atm

From\To         REACS        PRODS
REACS         3212.33      3212.33
PRODS     8.33637e-05  8.33637e-05

Temperature = 1300 K    Pressure = 100 atm

From\To         REACS        PRODS
REACS         5257.65      5257.65
PRODS     0.000136442  0.000136442

Temperature = 1300 K    Pressure = 1000 atm

From\To         REACS        PRODS
REACS         6293.21      6293.21
PRODS     0.000163316  0.000163316

Temperature = 1300 K    Pressure = 10000 atm

From\To         REACS        PRODS
REACS         6530.38      6530.38
PRODS     0.000169471  0.000169471

Temperature = 1400 K

High Pressure Rate Coefficients:

From\To         REACS        PRODS
REACS             ***        40738
PRODS     4.99255e-05          ***

Temperature = 1400 K    Pressure = 1 atm

From\To         REACS        PRODS
REACS          6103.3       6103.3
PRODS     7.47965e-06  7.47965e-06

Temperature = 1400 K    Pressure = 10 atm

From\To         REACS        PRODS
REACS         16539.1      16539.1
PRODS     2.02691e-05  2.02691e-05

Temperature = 1400 K    Pressure = 100 atm

From\To         REACS        PRODS
REACS         29932.8      29932.8
PRODS     3.66835e-05  3.66835e-05

Temperature = 1400 K    Pressure = 1000 atm

From\To         REACS        PRODS
REACS         38144.5      38144.5
PRODS     4.67471e-05  4.67471e-05

Temperature = 1400 K    Pressure = 10000 atm

From\To         REACS        PRODS
REACS           40369        40369
PRODS     4.94733e-05  4.94733e-05

Temperature = 1500 K

High Pressure Rate Coefficients:

From\To         REACS        PRODS
REACS             ***       198783
PRODS     1.73302e-05          ***

Temperature = 1500 K    Pressure = 1 atm

From\To         REACS        PRODS
REACS         22052.3      22052.3
PRODS     1.92244e-06  1.92244e-06

Temperature = 1500 K    Pressure = 10 atm

From\To         REACS        PRODS
REACS         65989.9      65989.9
PRODS     5.75301e-06  5.75301e-06

Temperature = 1500 K    Pressure = 100 atm

From\To         REACS        PRODS
REACS          132027       132027
PRODS     1.15103e-05  1.15103e-05

Temperature = 1500 K    Pressure = 1000 atm

From\To         REACS        PRODS
REACS          180474       180474
PRODS     1.57339e-05  1.57339e-05

Temperature = 1500 K    Pressure = 10000 atm

From\To         REACS        PRODS
REACS          195982       195982
PRODS      1.7086e-05   1.7086e-05

Temperature = 1600 K

High Pressure Rate Coefficients:

From\To         REACS        PRODS
REACS             ***       797748
PRODS     6.90318e-06          ***

Temperature = 1600 K    Pressure = 1 atm

From\To         REACS        PRODS
REACS         65164.2      65164.2
PRODS     5.63778e-07  5.63778e-07

Temperature = 1600 K    Pressure = 10 atm

From\To         REACS        PRODS
REACS          213893       213893
PRODS      1.8508e-06   1.8508e-06

Temperature = 1600 K    Pressure = 100 atm

From\To         REACS        PRODS
REACS          472185       472185
PRODS     4.08594e-06  4.08594e-06

Temperature = 1600 K    Pressure = 1000 atm

From\To         REACS        PRODS
REACS          696339       696339
PRODS     6.02565e-06  6.02565e-06

Temperature = 1600 K    Pressure = 10000 atm

From\To         REACS        PRODS
REACS          780875       780875
PRODS     6.75717e-06  6.75717e-06

Temperature = 1700 K

High Pressure Rate Coefficients:

From\To         REACS        PRODS
REACS             ***  2.72445e+06
PRODS     3.07901e-06          ***

Temperature = 1700 K    Pressure = 1 atm

From\To         REACS        PRODS
REACS          163351       163351
PRODS     1.84505e-07  1.84505e-07

Temperature = 1700 K    Pressure = 10 atm

From\To         REACS        PRODS
REACS          584147       584147
PRODS     6.60064e-07  6.60064e-07

Temperature = 1700 K    Pressure = 100 atm

From\To         REACS        PRODS
REACS     1.41853e+06  1.41853e+06
PRODS     1.60309e-06  1.60309e-06

Temperature = 1700 K    Pressure = 1000 atm

From\To         REACS        PRODS
REACS     2.26598e+06  2.26598e+06
PRODS     2.56087e-06  2.56087e-06

Temperature = 1700 K    Pressure = 10000 atm

From\To         REACS        PRODS
REACS     2.64085e+06  2.64085e+06
PRODS     2.98452e-06  2.98452e-06

Temperature = 1800 K

High Pressure Rate Coefficients:

From\To         REACS        PRODS
REACS             ***  8.13155e+06
PRODS     1.50872e-06          ***

Temperature = 1800 K    Pressure = 1 atm

From\To         REACS        PRODS
REACS          357577       357577
PRODS     6.62507e-08  6.62507e-08

Temperature = 1800 K    Pressure = 10 atm

From\To         REACS        PRODS
REACS     1.38361e+06  1.38361e+06
PRODS     2.56602e-07  2.56602e-07

Temperature = 1800 K    Pressure = 100 atm

From\To         REACS        PRODS
REACS     3.68127e+06  3.68127e+06
PRODS     6.82968e-07  6.82968e-07

Temperature = 1800 K    Pressure = 1000 atm

From\To         REACS        PRODS
REACS     6.38532e+06  6.38532e+06
PRODS     1.18472e-06  1.18472e-06

Temperature = 1800 K    Pressure = 10000 atm

From\To         REACS        PRODS
REACS     7.78105e+06  7.78105e+06
PRODS     1.44369e-06  1.44369e-06

Temperature = 1900 K

High Pressure Rate Coefficients:

From\To         REACS        PRODS
REACS             ***  2.16616e+07
PRODS     8.00049e-07          ***

Temperature = 1900 K    Pressure = 1 atm

From\To         REACS        PRODS
REACS          699853       699853
PRODS     2.57675e-08  2.57675e-08

Temperature = 1900 K    Pressure = 10 atm

From\To         REACS        PRODS
REACS     2.90988e+06  2.90988e+06
PRODS      1.0736e-07   1.0736e-07

Temperature = 1900 K    Pressure = 100 atm

From\To         REACS        PRODS
REACS      8.4419e+06   8.4419e+06
PRODS     3.11727e-07  3.11727e-07

Temperature = 1900 K    Pressure = 1000 atm

From\To         REACS        PRODS
REACS     1.59142e+07  1.59142e+07
PRODS     5.87761e-07  5.87761e-07

Temperature = 1900 K    Pressure = 10000 atm

From\To         REACS        PRODS
REACS     2.03895e+07  2.03895e+07
PRODS     7.53064e-07  7.53064e-07

Temperature = 2000 K

High Pressure Rate Coefficients:

From\To         REACS        PRODS
REACS             ***  5.23796e+07
PRODS     4.53646e-07          ***

Temperature = 2000 K    Pressure = 1 atm

From\To         REACS        PRODS
REACS     1.24858e+06  1.24858e+06
PRODS     1.07464e-08  1.07464e-08

Temperature = 2000 K    Pressure = 10 atm

From\To         REACS        PRODS
REACS     5.53943e+06  5.53943e+06
PRODS     4.78654e-08  4.78654e-08

Temperature = 2000 K    Pressure = 100 atm

From\To         REACS        PRODS
REACS     1.74272e+07  1.74272e+07
PRODS     1.50855e-07  1.50855e-07

Temperature = 2000 K    Pressure = 1000 atm

From\To         REACS        PRODS
REACS     3.56887e+07  3.56887e+07
PRODS     3.09074e-07  3.09074e-07

Temperature = 2000 K    Pressure = 10000 atm

From\To         REACS        PRODS
REACS     4.83058e+07  4.83058e+07
PRODS     4.18363e-07  4.18363e-07

Temperature = 2100 K

High Pressure Rate Coefficients:

From\To         REACS        PRODS
REACS             ***  1.16555e+08
PRODS     2.72392e-07          ***

Temperature = 2100 K    Pressure = 1 atm

From\To         REACS        PRODS
REACS     2.06327e+06  2.06327e+06
PRODS     4.76752e-09  4.76752e-09

Temperature = 2100 K    Pressure = 10 atm

From\To         REACS        PRODS
REACS     9.69978e+06  9.69978e+06
PRODS     2.25659e-08  2.25659e-08

Temperature = 2100 K    Pressure = 100 atm

From\To         REACS        PRODS
REACS     3.28925e+07  3.28925e+07
PRODS     7.67833e-08  7.67833e-08

Temperature = 2100 K    Pressure = 1000 atm

From\To         REACS        PRODS
REACS     7.30492e+07  7.30492e+07
PRODS     1.70693e-07  1.70693e-07

Temperature = 2100 K    Pressure = 10000 atm

From\To         REACS        PRODS
REACS     1.04863e+08  1.04863e+08
PRODS     2.45066e-07  2.45066e-07

Temperature = 2200 K

High Pressure Rate Coefficients:

From\To         REACS        PRODS
REACS             ***  2.41365e+08
PRODS      1.7183e-07          ***

Temperature = 2200 K    Pressure = 1 atm

From\To         REACS        PRODS
REACS     3.19921e+06  3.19921e+06
PRODS     2.23454e-09  2.23454e-09

Temperature = 2200 K    Pressure = 10 atm

From\To         REACS        PRODS
REACS     1.58331e+07  1.58331e+07
PRODS     1.11795e-08  1.11795e-08

Temperature = 2200 K    Pressure = 100 atm

From\To         REACS        PRODS
REACS     5.75093e+07  5.75093e+07
PRODS     4.08485e-08  4.08485e-08

Temperature = 2200 K    Pressure = 1000 atm

From\To         REACS        PRODS
REACS     1.38118e+08  1.38118e+08
PRODS     9.82964e-08  9.82964e-08

Temperature = 2200 K    Pressure = 10000 atm

From\To         REACS        PRODS
REACS      2.1089e+08   2.1089e+08
PRODS     1.50132e-07  1.50132e-07

Temperature = 2300 K

High Pressure Rate Coefficients:

From\To         REACS        PRODS
REACS             ***  4.69486e+08
PRODS     1.13134e-07          ***

Temperature = 2300 K    Pressure = 1 atm

From\To         REACS        PRODS
REACS     4.70382e+06  4.70382e+06
PRODS     1.10003e-09  1.10003e-09

Temperature = 2300 K    Pressure = 10 atm

From\To         REACS        PRODS
REACS     2.43602e+07  2.43602e+07
PRODS     5.78965e-09  5.78965e-09

Temperature = 2300 K    Pressure = 100 atm

From\To         REACS        PRODS
REACS     9.41786e+07  9.41786e+07
PRODS     2.25994e-08  2.25994e-08

Temperature = 2300 K    Pressure = 1000 atm

From\To         REACS        PRODS
REACS     2.43705e+08  2.43705e+08
PRODS     5.86872e-08  5.86872e-08

Temperature = 2300 K    Pressure = 10000 atm

From\To         REACS        PRODS
REACS     3.96534e+08  3.96534e+08
PRODS     9.55502e-08  9.55502e-08

Temperature = 2400 K

High Pressure Rate Coefficients:

From\To         REACS        PRODS
REACS             ***  8.64458e+08
PRODS     7.73223e-08          ***

Temperature = 2400 K    Pressure = 1 atm

From\To         REACS        PRODS
REACS     6.61963e+06  6.61963e+06
PRODS     5.66231e-10  5.66231e-10

Temperature = 2400 K    Pressure = 10 atm

From\To         REACS        PRODS
REACS     3.56702e+07  3.56702e+07
PRODS     3.12159e-09  3.12159e-09

Temperature = 2400 K    Pressure = 100 atm

From\To         REACS        PRODS
REACS     1.45854e+08  1.45854e+08
PRODS     1.29518e-08  1.29518e-08

Temperature = 2400 K    Pressure = 1000 atm

From\To         REACS        PRODS
REACS     4.04855e+08  4.04855e+08
PRODS     3.61657e-08  3.61657e-08

Temperature = 2400 K    Pressure = 10000 atm

From\To         REACS        PRODS
REACS     7.02543e+08  7.02543e+08
PRODS     6.28339e-08  6.28339e-08

Temperature = 2500 K

High Pressure Rate Coefficients:

From\To         REACS        PRODS
REACS             ***   1.5166e+09
PRODS     5.46075e-08          ***

Temperature = 2500 K    Pressure = 1 atm

From\To         REACS        PRODS
REACS     8.97444e+06  8.97444e+06
PRODS     3.03274e-10  3.03274e-10

Temperature = 2500 K    Pressure = 10 atm

From\To         REACS        PRODS
REACS     5.00753e+07  5.00753e+07
PRODS       1.745e-09    1.745e-09

Temperature = 2500 K    Pressure = 100 atm

From\To         REACS        PRODS
REACS     2.15306e+08  2.15306e+08
PRODS     7.66186e-09  7.66186e-09

Temperature = 2500 K    Pressure = 1000 atm

From\To         REACS        PRODS
REACS     6.38027e+08  6.38027e+08
PRODS     2.29193e-08  2.29193e-08

Temperature = 2500 K    Pressure = 10000 atm

From\To         REACS        PRODS
REACS     1.18064e+09  1.18064e+09
PRODS     4.25027e-08  4.25027e-08

______________________________________________________________________________________

High Pressure Rate Coefficients (Temperature-Species Rate Tables):

   T(K) REACS->REACS REACS->PRODS
    300          ***  6.72734e-33
    400          ***  2.53529e-21
    500          ***  2.42508e-14
    600          ***  1.15289e-09
    700          ***  2.62029e-06
    800          ***  0.000884629
    900          ***    0.0833914
   1000          ***      3.20835
   1100          ***      64.1835
   1200          ***      784.977
   1300          ***      6567.42
   1400          ***        40738
   1500          ***       198783
   1600          ***       797748
   1700          ***  2.72445e+06
   1800          ***  8.13155e+06
   1900          ***  2.16616e+07
   2000          ***  5.23796e+07
   2100          ***  1.16555e+08
   2200          ***  2.41365e+08
   2300          ***  4.69486e+08
   2400          ***  8.64458e+08
   2500          ***   1.5166e+09

   T(K) PRODS->REACS PRODS->PRODS
    300  9.33271e+21          ***
    400  3.59625e+13          ***
    500  3.24741e+08          ***
    600       143152          ***
    700      583.725          ***
    800      9.56642          ***
    900     0.396242          ***
   1000    0.0313934          ***
   1100   0.00398418          ***
   1200  0.000719608          ***
   1300  0.000170432          ***
   1400  4.99255e-05          ***
   1500  1.73302e-05          ***
   1600  6.90318e-06          ***
   1700  3.07901e-06          ***
   1800  1.50872e-06          ***
   1900  8.00049e-07          ***
   2000  4.53646e-07          ***
   2100  2.72392e-07          ***
   2200   1.7183e-07          ***
   2300  1.13134e-07          ***
   2400  7.73223e-08          ***
   2500  5.46075e-08          ***

Capture/Escape Rate Coefficients:

   T(K)        REACS        PRODS
    300  6.72734e-33  9.33271e+21
    400  2.53529e-21  3.59625e+13
    500  2.42508e-14  3.24741e+08
    600  1.15289e-09       143152
    700  2.62029e-06      583.725
    800  0.000884629      9.56642
    900    0.0833914     0.396242
   1000      3.20835    0.0313934
   1100      64.1835   0.00398418
   1200      784.977  0.000719608
   1300      6567.42  0.000170432
   1400        40738  4.99255e-05
   1500       198783  1.73302e-05
   1600       797748  6.90318e-06
   1700  2.72445e+06  3.07901e-06
   1800  8.13155e+06  1.50872e-06
   1900  2.16616e+07  8.00049e-07
   2000  5.23796e+07  4.53646e-07
   2100  1.16555e+08  2.72392e-07
   2200  2.41365e+08   1.7183e-07
   2300  4.69486e+08  1.13134e-07
   2400  8.64458e+08  7.73223e-08
   2500   1.5166e+09  5.46075e-08

______________________________________________________________________________________

Pressure-Species Rate Tables:

   Temperature = 300 K

   P(atm) REACS->PRODS      REACS->
        1  6.69256e-33  6.69256e-33
       10  6.72267e-33  6.72267e-33
      100  6.72578e-33  6.72578e-33
     1000  6.72609e-33  6.72609e-33
    10000  6.72612e-33  6.72612e-33
    O-O  6.72734e-33  6.72734e-33

   Temperature = 400 K

   P(atm) REACS->PRODS      REACS->
        1  2.48698e-21  2.48698e-21
       10  2.52941e-21  2.52941e-21
      100  2.53428e-21  2.53428e-21
     1000  2.53478e-21  2.53478e-21
    10000  2.53483e-21  2.53483e-21
    O-O  2.53529e-21  2.53529e-21

   Temperature = 500 K

   P(atm) REACS->PRODS      REACS->
        1  2.29251e-14  2.29251e-14
       10  2.40655e-14  2.40655e-14
      100  2.42262e-14  2.42262e-14
     1000  2.42435e-14  2.42435e-14
    10000  2.42452e-14  2.42452e-14
    O-O  2.42508e-14  2.42508e-14

   Temperature = 600 K

   P(atm) REACS->PRODS      REACS->
        1  1.01393e-09  1.01393e-09
       10  1.12864e-09  1.12864e-09
      100  1.14994e-09  1.14994e-09
     1000  1.15248e-09  1.15248e-09
    10000  1.15274e-09  1.15274e-09
    O-O  1.15289e-09  1.15289e-09

   Temperature = 700 K

   P(atm) REACS->PRODS      REACS->
        1  2.05578e-06  2.05578e-06
       10  2.49296e-06  2.49296e-06
      100   2.6026e-06   2.6026e-06
     1000  2.61793e-06  2.61793e-06
    10000  2.61957e-06  2.61957e-06
    O-O  2.62029e-06  2.62029e-06

   Temperature = 800 K

   P(atm) REACS->PRODS      REACS->
        1  0.000594138  0.000594138
       10  0.000801123  0.000801123
      100  0.000870913  0.000870913
     1000  0.000882821  0.000882821
    10000  0.000884186  0.000884186
    O-O  0.000884629  0.000884629

   Temperature = 900 K

   P(atm) REACS->PRODS      REACS->
        1    0.0462273    0.0462273
       10    0.0701371    0.0701371
      100    0.0807788    0.0807788
     1000    0.0830415    0.0830415
    10000    0.0833277    0.0833277
    O-O    0.0833914    0.0833914

   Temperature = 1000 K

   P(atm) REACS->PRODS      REACS->
        1      1.42381      1.42381
       10      2.44174      2.44174
      100      3.02618      3.02618
     1000      3.18202      3.18202
    10000      3.20436      3.20436
    O-O      3.20835      3.20835

   Temperature = 1100 K

   P(atm) REACS->PRODS      REACS->
        1      22.2536      22.2536
       10      43.1034      43.1034
      100      58.1909      58.1909
     1000      63.2202      63.2202
    10000      64.0536      64.0536
    O-O      64.1835      64.1835

   Temperature = 1200 K

   P(atm) REACS->PRODS      REACS->
        1       208.58       208.58
       10      454.524      454.524
      100      674.023      674.023
     1000        764.7        764.7
    10000      782.303      782.303
    O-O      784.977      784.977

   Temperature = 1300 K

   P(atm) REACS->PRODS      REACS->
        1      1317.67      1317.67
       10      3212.33      3212.33
      100      5257.65      5257.65
     1000      6293.21      6293.21
    10000      6530.38      6530.38
    O-O      6567.42      6567.42

   Temperature = 1400 K

   P(atm) REACS->PRODS      REACS->
        1       6103.3       6103.3
       10      16539.1      16539.1
      100      29932.8      29932.8
     1000      38144.5      38144.5
    10000        40369        40369
    O-O        40738        40738

   Temperature = 1500 K

   P(atm) REACS->PRODS      REACS->
        1      22052.3      22052.3
       10      65989.9      65989.9
      100       132027       132027
     1000       180474       180474
    10000       195982       195982
    O-O       198783       198783

   Temperature = 1600 K

   P(atm) REACS->PRODS      REACS->
        1      65164.2      65164.2
       10       213893       213893
      100       472185       472185
     1000       696339       696339
    10000       780875       780875
    O-O       797748       797748

   Temperature = 1700 K

   P(atm) REACS->PRODS      REACS->
        1       163351       163351
       10       584147       584147
      100  1.41853e+06  1.41853e+06
     1000  2.26598e+06  2.26598e+06
    10000  2.64085e+06  2.64085e+06
    O-O  2.72445e+06  2.72445e+06

   Temperature = 1800 K

   P(atm) REACS->PRODS      REACS->
        1       357577       357577
       10  1.38361e+06  1.38361e+06
      100  3.68127e+06  3.68127e+06
     1000  6.38532e+06  6.38532e+06
    10000  7.78105e+06  7.78105e+06
    O-O  8.13155e+06  8.13155e+06

   Temperature = 1900 K

   P(atm) REACS->PRODS      REACS->
        1       699853       699853
       10  2.90988e+06  2.90988e+06
      100   8.4419e+06   8.4419e+06
     1000  1.59142e+07  1.59142e+07
    10000  2.03895e+07  2.03895e+07
    O-O  2.16616e+07  2.16616e+07

   Temperature = 2000 K

   P(atm) REACS->PRODS      REACS->
        1  1.24858e+06  1.24858e+06
       10  5.53943e+06  5.53943e+06
      100  1.74272e+07  1.74272e+07
     1000  3.56887e+07  3.56887e+07
    10000  4.83058e+07  4.83058e+07
    O-O  5.23796e+07  5.23796e+07

   Temperature = 2100 K

   P(atm) REACS->PRODS      REACS->
        1  2.06327e+06  2.06327e+06
       10  9.69978e+06  9.69978e+06
      100  3.28925e+07  3.28925e+07
     1000  7.30492e+07  7.30492e+07
    10000  1.04863e+08  1.04863e+08
    O-O  1.16555e+08  1.16555e+08

   Temperature = 2200 K

   P(atm) REACS->PRODS      REACS->
        1  3.19921e+06  3.19921e+06
       10  1.58331e+07  1.58331e+07
      100  5.75093e+07  5.75093e+07
     1000  1.38118e+08  1.38118e+08
    10000   2.1089e+08   2.1089e+08
    O-O  2.41365e+08  2.41365e+08

   Temperature = 2300 K

   P(atm) REACS->PRODS      REACS->
        1  4.70382e+06  4.70382e+06
       10  2.43602e+07  2.43602e+07
      100  9.41786e+07  9.41786e+07
     1000  2.43705e+08  2.43705e+08
    10000  3.96534e+08  3.96534e+08
    O-O  4.69486e+08  4.69486e+08

   Temperature = 2400 K

   P(atm) REACS->PRODS      REACS->
        1  6.61963e+06  6.61963e+06
       10  3.56702e+07  3.56702e+07
      100  1.45854e+08  1.45854e+08
     1000  4.04855e+08  4.04855e+08
    10000  7.02543e+08  7.02543e+08
    O-O  8.64458e+08  8.64458e+08

   Temperature = 2500 K

   P(atm) REACS->PRODS      REACS->
        1  8.97444e+06  8.97444e+06
       10  5.00753e+07  5.00753e+07
      100  2.15306e+08  2.15306e+08
     1000  6.38027e+08  6.38027e+08
    10000  1.18064e+09  1.18064e+09
    O-O   1.5166e+09   1.5166e+09

   Temperature = 300 K

   P(atm) PRODS->REACS      PRODS->
        1  9.28445e+21  9.28445e+21
       10  9.32622e+21  9.32622e+21
      100  9.33054e+21  9.33054e+21
     1000  9.33097e+21  9.33097e+21
    10000  9.33101e+21  9.33101e+21
    O-O  9.33271e+21  9.33271e+21

   Temperature = 400 K

   P(atm) PRODS->REACS      PRODS->
        1  3.52772e+13  3.52772e+13
       10   3.5879e+13   3.5879e+13
      100  3.59481e+13  3.59481e+13
     1000  3.59551e+13  3.59551e+13
    10000  3.59558e+13  3.59558e+13
    O-O  3.59625e+13  3.59625e+13

   Temperature = 500 K

   P(atm) PRODS->REACS      PRODS->
        1   3.0699e+08   3.0699e+08
       10  3.22261e+08  3.22261e+08
      100  3.24413e+08  3.24413e+08
     1000  3.24644e+08  3.24644e+08
    10000  3.24667e+08  3.24667e+08
    O-O  3.24741e+08  3.24741e+08

   Temperature = 600 K

   P(atm) PRODS->REACS      PRODS->
        1       125897       125897
       10       140141       140141
      100       142785       142785
     1000       143101       143101
    10000       143133       143133
    O-O       143152       143152

   Temperature = 700 K

   P(atm) PRODS->REACS      PRODS->
        1       457.97       457.97
       10       555.36       555.36
      100      579.784      579.784
     1000      583.199      583.199
    10000      583.565      583.565
    O-O      583.725      583.725

   Temperature = 800 K

   P(atm) PRODS->REACS      PRODS->
        1      6.42503      6.42503
       10      8.66337      8.66337
      100      9.41809      9.41809
     1000      9.54686      9.54686
    10000      9.56163      9.56163
    O-O      9.56642      9.56642

   Temperature = 900 K

   P(atm) PRODS->REACS      PRODS->
        1     0.219653     0.219653
       10     0.333263     0.333263
      100     0.383828     0.383828
     1000     0.394579     0.394579
    10000     0.395939     0.395939
    O-O     0.396242     0.396242

   Temperature = 1000 K

   P(atm) PRODS->REACS      PRODS->
        1    0.0139318    0.0139318
       10    0.0238921    0.0238921
      100    0.0296108    0.0296108
     1000    0.0311358    0.0311358
    10000    0.0313543    0.0313543
    O-O    0.0313934    0.0313934

   Temperature = 1100 K

   P(atm) PRODS->REACS      PRODS->
        1   0.00138139   0.00138139
       10   0.00267564   0.00267564
      100    0.0036122    0.0036122
     1000   0.00392439   0.00392439
    10000   0.00397612   0.00397612
    O-O   0.00398418   0.00398418

   Temperature = 1200 K

   P(atm) PRODS->REACS      PRODS->
        1  0.000191211  0.000191211
       10  0.000416673  0.000416673
      100  0.000617894  0.000617894
     1000   0.00070102   0.00070102
    10000  0.000717156  0.000717156
    O-O  0.000719608  0.000719608

   Temperature = 1300 K

   P(atm) PRODS->REACS      PRODS->
        1  3.41949e-05  3.41949e-05
       10  8.33637e-05  8.33637e-05
      100  0.000136442  0.000136442
     1000  0.000163316  0.000163316
    10000  0.000169471  0.000169471
    O-O  0.000170432  0.000170432

   Temperature = 1400 K

   P(atm) PRODS->REACS      PRODS->
        1  7.47965e-06  7.47965e-06
       10  2.02691e-05  2.02691e-05
      100  3.66835e-05  3.66835e-05
     1000  4.67471e-05  4.67471e-05
    10000  4.94733e-05  4.94733e-05
    O-O  4.99255e-05  4.99255e-05

   Temperature = 1500 K

   P(atm) PRODS->REACS      PRODS->
        1  1.92244e-06  1.92244e-06
       10  5.75301e-06  5.75301e-06
      100  1.15103e-05  1.15103e-05
     1000  1.57339e-05  1.57339e-05
    10000   1.7086e-05   1.7086e-05
    O-O  1.73302e-05  1.73302e-05

   Temperature = 1600 K

   P(atm) PRODS->REACS      PRODS->
        1  5.63778e-07  5.63778e-07
       10   1.8508e-06   1.8508e-06
      100  4.08594e-06  4.08594e-06
     1000  6.02565e-06  6.02565e-06
    10000  6.75717e-06  6.75717e-06
    O-O  6.90318e-06  6.90318e-06

   Temperature = 1700 K

   P(atm) PRODS->REACS      PRODS->
        1  1.84505e-07  1.84505e-07
       10  6.60064e-07  6.60064e-07
      100  1.60309e-06  1.60309e-06
     1000  2.56087e-06  2.56087e-06
    10000  2.98452e-06  2.98452e-06
    O-O  3.07901e-06  3.07901e-06

   Temperature = 1800 K

   P(atm) PRODS->REACS      PRODS->
        1  6.62507e-08  6.62507e-08
       10  2.56602e-07  2.56602e-07
      100  6.82968e-07  6.82968e-07
     1000  1.18472e-06  1.18472e-06
    10000  1.44369e-06  1.44369e-06
    O-O  1.50872e-06  1.50872e-06

   Temperature = 1900 K

   P(atm) PRODS->REACS      PRODS->
        1  2.57675e-08  2.57675e-08
       10   1.0736e-07   1.0736e-07
      100  3.11727e-07  3.11727e-07
     1000  5.87761e-07  5.87761e-07
    10000  7.53064e-07  7.53064e-07
    O-O  8.00049e-07  8.00049e-07

   Temperature = 2000 K

   P(atm) PRODS->REACS      PRODS->
        1  1.07464e-08  1.07464e-08
       10  4.78654e-08  4.78654e-08
      100  1.50855e-07  1.50855e-07
     1000  3.09074e-07  3.09074e-07
    10000  4.18363e-07  4.18363e-07
    O-O  4.53646e-07  4.53646e-07

   Temperature = 2100 K

   P(atm) PRODS->REACS      PRODS->
        1  4.76752e-09  4.76752e-09
       10  2.25659e-08  2.25659e-08
      100  7.67833e-08  7.67833e-08
     1000  1.70693e-07  1.70693e-07
    10000  2.45066e-07  2.45066e-07
    O-O  2.72392e-07  2.72392e-07

   Temperature = 2200 K

   P(atm) PRODS->REACS      PRODS->
        1  2.23454e-09  2.23454e-09
       10  1.11795e-08  1.11795e-08
      100  4.08485e-08  4.08485e-08
     1000  9.82964e-08  9.82964e-08
    10000  1.50132e-07  1.50132e-07
    O-O   1.7183e-07   1.7183e-07

   Temperature = 2300 K

   P(atm) PRODS->REACS      PRODS->
        1  1.10003e-09  1.10003e-09
       10  5.78965e-09  5.78965e-09
      100  2.25994e-08  2.25994e-08
     1000  5.86872e-08  5.86872e-08
    10000  9.55502e-08  9.55502e-08
    O-O  1.13134e-07  1.13134e-07

   Temperature = 2400 K

   P(atm) PRODS->REACS      PRODS->
        1  5.66231e-10  5.66231e-10
       10  3.12159e-09  3.12159e-09
      100  1.29518e-08  1.29518e-08
     1000  3.61657e-08  3.61657e-08
    10000  6.28339e-08  6.28339e-08
    O-O  7.73223e-08  7.73223e-08

   Temperature = 2500 K

   P(atm) PRODS->REACS      PRODS->
        1  3.03274e-10  3.03274e-10
       10    1.745e-09    1.745e-09
      100  7.66186e-09  7.66186e-09
     1000  2.29193e-08  2.29193e-08
    10000  4.25027e-08  4.25027e-08
    O-O  5.46075e-08  5.46075e-08

______________________________________________________________________________________

Temperature-Species Rate Tables:

   Pressure = 1 atm

   T(K) REACS->PRODS      REACS->      Capture
    300  6.69256e-33  6.69256e-33  6.72734e-33
    400  2.48698e-21  2.48698e-21  2.53529e-21
    500  2.29251e-14  2.29251e-14  2.42508e-14
    600  1.01393e-09  1.01393e-09  1.15289e-09
    700  2.05578e-06  2.05578e-06  2.62029e-06
    800  0.000594138  0.000594138  0.000884629
    900    0.0462273    0.0462273    0.0833914
   1000      1.42381      1.42381      3.20835
   1100      22.2536      22.2536      64.1835
   1200       208.58       208.58      784.977
   1300      1317.67      1317.67      6567.42
   1400       6103.3       6103.3        40738
   1500      22052.3      22052.3       198783
   1600      65164.2      65164.2       797748
   1700       163351       163351  2.72445e+06
   1800       357577       357577  8.13155e+06
   1900       699853       699853  2.16616e+07
   2000  1.24858e+06  1.24858e+06  5.23796e+07
   2100  2.06327e+06  2.06327e+06  1.16555e+08
   2200  3.19921e+06  3.19921e+06  2.41365e+08
   2300  4.70382e+06  4.70382e+06  4.69486e+08
   2400  6.61963e+06  6.61963e+06  8.64458e+08
   2500  8.97444e+06  8.97444e+06   1.5166e+09

   Pressure = 10 atm

   T(K) REACS->PRODS      REACS->      Capture
    300  6.72267e-33  6.72267e-33  6.72734e-33
    400  2.52941e-21  2.52941e-21  2.53529e-21
    500  2.40655e-14  2.40655e-14  2.42508e-14
    600  1.12864e-09  1.12864e-09  1.15289e-09
    700  2.49296e-06  2.49296e-06  2.62029e-06
    800  0.000801123  0.000801123  0.000884629
    900    0.0701371    0.0701371    0.0833914
   1000      2.44174      2.44174      3.20835
   1100      43.1034      43.1034      64.1835
   1200      454.524      454.524      784.977
   1300      3212.33      3212.33      6567.42
   1400      16539.1      16539.1        40738
   1500      65989.9      65989.9       198783
   1600       213893       213893       797748
   1700       584147       584147  2.72445e+06
   1800  1.38361e+06  1.38361e+06  8.13155e+06
   1900  2.90988e+06  2.90988e+06  2.16616e+07
   2000  5.53943e+06  5.53943e+06  5.23796e+07
   2100  9.69978e+06  9.69978e+06  1.16555e+08
   2200  1.58331e+07  1.58331e+07  2.41365e+08
   2300  2.43602e+07  2.43602e+07  4.69486e+08
   2400  3.56702e+07  3.56702e+07  8.64458e+08
   2500  5.00753e+07  5.00753e+07   1.5166e+09

   Pressure = 100 atm

   T(K) REACS->PRODS      REACS->      Capture
    300  6.72578e-33  6.72578e-33  6.72734e-33
    400  2.53428e-21  2.53428e-21  2.53529e-21
    500  2.42262e-14  2.42262e-14  2.42508e-14
    600  1.14994e-09  1.14994e-09  1.15289e-09
    700   2.6026e-06   2.6026e-06  2.62029e-06
    800  0.000870913  0.000870913  0.000884629
    900    0.0807788    0.0807788    0.0833914
   1000      3.02618      3.02618      3.20835
   1100      58.1909      58.1909      64.1835
   1200      674.023      674.023      784.977
   1300      5257.65      5257.65      6567.42
   1400      29932.8      29932.8        40738
   1500       132027       132027       198783
   1600       472185       472185       797748
   1700  1.41853e+06  1.41853e+06  2.72445e+06
   1800  3.68127e+06  3.68127e+06  8.13155e+06
   1900   8.4419e+06   8.4419e+06  2.16616e+07
   2000  1.74272e+07  1.74272e+07  5.23796e+07
   2100  3.28925e+07  3.28925e+07  1.16555e+08
   2200  5.75093e+07  5.75093e+07  2.41365e+08
   2300  9.41786e+07  9.41786e+07  4.69486e+08
   2400  1.45854e+08  1.45854e+08  8.64458e+08
   2500  2.15306e+08  2.15306e+08   1.5166e+09

   Pressure = 1000 atm

   T(K) REACS->PRODS      REACS->      Capture
    300  6.72609e-33  6.72609e-33  6.72734e-33
    400  2.53478e-21  2.53478e-21  2.53529e-21
    500  2.42435e-14  2.42435e-14  2.42508e-14
    600  1.15248e-09  1.15248e-09  1.15289e-09
    700  2.61793e-06  2.61793e-06  2.62029e-06
    800  0.000882821  0.000882821  0.000884629
    900    0.0830415    0.0830415    0.0833914
   1000      3.18202      3.18202      3.20835
   1100      63.2202      63.2202      64.1835
   1200        764.7        764.7      784.977
   1300      6293.21      6293.21      6567.42
   1400      38144.5      38144.5        40738
   1500       180474       180474       198783
   1600       696339       696339       797748
   1700  2.26598e+06  2.26598e+06  2.72445e+06
   1800  6.38532e+06  6.38532e+06  8.13155e+06
   1900  1.59142e+07  1.59142e+07  2.16616e+07
   2000  3.56887e+07  3.56887e+07  5.23796e+07
   2100  7.30492e+07  7.30492e+07  1.16555e+08
   2200  1.38118e+08  1.38118e+08  2.41365e+08
   2300  2.43705e+08  2.43705e+08  4.69486e+08
   2400  4.04855e+08  4.04855e+08  8.64458e+08
   2500  6.38027e+08  6.38027e+08   1.5166e+09

   Pressure = 10000 atm

   T(K) REACS->PRODS      REACS->      Capture
    300  6.72612e-33  6.72612e-33  6.72734e-33
    400  2.53483e-21  2.53483e-21  2.53529e-21
    500  2.42452e-14  2.42452e-14  2.42508e-14
    600  1.15274e-09  1.15274e-09  1.15289e-09
    700  2.61957e-06  2.61957e-06  2.62029e-06
    800  0.000884186  0.000884186  0.000884629
    900    0.0833277    0.0833277    0.0833914
   1000      3.20436      3.20436      3.20835
   1100      64.0536      64.0536      64.1835
   1200      782.303      782.303      784.977
   1300      6530.38      6530.38      6567.42
   1400        40369        40369        40738
   1500       195982       195982       198783
   1600       780875       780875       797748
   1700  2.64085e+06  2.64085e+06  2.72445e+06
   1800  7.78105e+06  7.78105e+06  8.13155e+06
   1900  2.03895e+07  2.03895e+07  2.16616e+07
   2000  4.83058e+07  4.83058e+07  5.23796e+07
   2100  1.04863e+08  1.04863e+08  1.16555e+08
   2200   2.1089e+08   2.1089e+08  2.41365e+08
   2300  3.96534e+08  3.96534e+08  4.69486e+08
   2400  7.02543e+08  7.02543e+08  8.64458e+08
   2500  1.18064e+09  1.18064e+09   1.5166e+09

   Pressure = 1 atm

   T(K) PRODS->REACS      PRODS->      Capture
    300  9.28445e+21  9.28445e+21  9.33271e+21
    400  3.52772e+13  3.52772e+13  3.59625e+13
    500   3.0699e+08   3.0699e+08  3.24741e+08
    600       125897       125897       143152
    700       457.97       457.97      583.725
    800      6.42503      6.42503      9.56642
    900     0.219653     0.219653     0.396242
   1000    0.0139318    0.0139318    0.0313934
   1100   0.00138139   0.00138139   0.00398418
   1200  0.000191211  0.000191211  0.000719608
   1300  3.41949e-05  3.41949e-05  0.000170432
   1400  7.47965e-06  7.47965e-06  4.99255e-05
   1500  1.92244e-06  1.92244e-06  1.73302e-05
   1600  5.63778e-07  5.63778e-07  6.90318e-06
   1700  1.84505e-07  1.84505e-07  3.07901e-06
   1800  6.62507e-08  6.62507e-08  1.50872e-06
   1900  2.57675e-08  2.57675e-08  8.00049e-07
   2000  1.07464e-08  1.07464e-08  4.53646e-07
   2100  4.76752e-09  4.76752e-09  2.72392e-07
   2200  2.23454e-09  2.23454e-09   1.7183e-07
   2300  1.10003e-09  1.10003e-09  1.13134e-07
   2400  5.66231e-10  5.66231e-10  7.73223e-08
   2500  3.03274e-10  3.03274e-10  5.46075e-08

   Pressure = 10 atm

   T(K) PRODS->REACS      PRODS->      Capture
    300  9.32622e+21  9.32622e+21  9.33271e+21
    400   3.5879e+13   3.5879e+13  3.59625e+13
    500  3.22261e+08  3.22261e+08  3.24741e+08
    600       140141       140141       143152
    700       555.36       555.36      583.725
    800      8.66337      8.66337      9.56642
    900     0.333263     0.333263     0.396242
   1000    0.0238921    0.0238921    0.0313934
   1100   0.00267564   0.00267564   0.00398418
   1200  0.000416673  0.000416673  0.000719608
   1300  8.33637e-05  8.33637e-05  0.000170432
   1400  2.02691e-05  2.02691e-05  4.99255e-05
   1500  5.75301e-06  5.75301e-06  1.73302e-05
   1600   1.8508e-06   1.8508e-06  6.90318e-06
   1700  6.60064e-07  6.60064e-07  3.07901e-06
   1800  2.56602e-07  2.56602e-07  1.50872e-06
   1900   1.0736e-07   1.0736e-07  8.00049e-07
   2000  4.78654e-08  4.78654e-08  4.53646e-07
   2100  2.25659e-08  2.25659e-08  2.72392e-07
   2200  1.11795e-08  1.11795e-08   1.7183e-07
   2300  5.78965e-09  5.78965e-09  1.13134e-07
   2400  3.12159e-09  3.12159e-09  7.73223e-08
   2500    1.745e-09    1.745e-09  5.46075e-08

   Pressure = 100 atm

   T(K) PRODS->REACS      PRODS->      Capture
    300  9.33054e+21  9.33054e+21  9.33271e+21
    400  3.59481e+13  3.59481e+13  3.59625e+13
    500  3.24413e+08  3.24413e+08  3.24741e+08
    600       142785       142785       143152
    700      579.784      579.784      583.725
    800      9.41809      9.41809      9.56642
    900     0.383828     0.383828     0.396242
   1000    0.0296108    0.0296108    0.0313934
   1100    0.0036122    0.0036122   0.00398418
   1200  0.000617894  0.000617894  0.000719608
   1300  0.000136442  0.000136442  0.000170432
   1400  3.66835e-05  3.66835e-05  4.99255e-05
   1500  1.15103e-05  1.15103e-05  1.73302e-05
   1600  4.08594e-06  4.08594e-06  6.90318e-06
   1700  1.60309e-06  1.60309e-06  3.07901e-06
   1800  6.82968e-07  6.82968e-07  1.50872e-06
   1900  3.11727e-07  3.11727e-07  8.00049e-07
   2000  1.50855e-07  1.50855e-07  4.53646e-07
   2100  7.67833e-08  7.67833e-08  2.72392e-07
   2200  4.08485e-08  4.08485e-08   1.7183e-07
   2300  2.25994e-08  2.25994e-08  1.13134e-07
   2400  1.29518e-08  1.29518e-08  7.73223e-08
   2500  7.66186e-09  7.66186e-09  5.46075e-08

   Pressure = 1000 atm

   T(K) PRODS->REACS      PRODS->      Capture
    300  9.33097e+21  9.33097e+21  9.33271e+21
    400  3.59551e+13  3.59551e+13  3.59625e+13
    500  3.24644e+08  3.24644e+08  3.24741e+08
    600       143101       143101       143152
    700      583.199      583.199      583.725
    800      9.54686      9.54686      9.56642
    900     0.394579     0.394579     0.396242
   1000    0.0311358    0.0311358    0.0313934
   1100   0.00392439   0.00392439   0.00398418
   1200   0.00070102   0.00070102  0.000719608
   1300  0.000163316  0.000163316  0.000170432
   1400  4.67471e-05  4.67471e-05  4.99255e-05
   1500  1.57339e-05  1.57339e-05  1.73302e-05
   1600  6.02565e-06  6.02565e-06  6.90318e-06
   1700  2.56087e-06  2.56087e-06  3.07901e-06
   1800  1.18472e-06  1.18472e-06  1.50872e-06
   1900  5.87761e-07  5.87761e-07  8.00049e-07
   2000  3.09074e-07  3.09074e-07  4.53646e-07
   2100  1.70693e-07  1.70693e-07  2.72392e-07
   2200  9.82964e-08  9.82964e-08   1.7183e-07
   2300  5.86872e-08  5.86872e-08  1.13134e-07
   2400  3.61657e-08  3.61657e-08  7.73223e-08
   2500  2.29193e-08  2.29193e-08  5.46075e-08

   Pressure = 10000 atm

   T(K) PRODS->REACS      PRODS->      Capture
    300  9.33101e+21  9.33101e+21  9.33271e+21
    400  3.59558e+13  3.59558e+13  3.59625e+13
    500  3.24667e+08  3.24667e+08  3.24741e+08
    600       143133       143133       143152
    700      583.565      583.565      583.725
    800      9.56163      9.56163      9.56642
    900     0.395939     0.395939     0.396242
   1000    0.0313543    0.0313543    0.0313934
   1100   0.00397612   0.00397612   0.00398418
   1200  0.000717156  0.000717156  0.000719608
   1300  0.000169471  0.000169471  0.000170432
   1400  4.94733e-05  4.94733e-05  4.99255e-05
   1500   1.7086e-05   1.7086e-05  1.73302e-05
   1600  6.75717e-06  6.75717e-06  6.90318e-06
   1700  2.98452e-06  2.98452e-06  3.07901e-06
   1800  1.44369e-06  1.44369e-06  1.50872e-06
   1900  7.53064e-07  7.53064e-07  8.00049e-07
   2000  4.18363e-07  4.18363e-07  4.53646e-07
   2100  2.45066e-07  2.45066e-07  2.72392e-07
   2200  1.50132e-07  1.50132e-07   1.7183e-07
   2300  9.55502e-08  9.55502e-08  1.13134e-07
   2400  6.28339e-08  6.28339e-08  7.73223e-08
   2500  4.25027e-08  4.25027e-08  5.46075e-08

______________________________________________________________________________________

Temperature-Pressure Rate Tables:

REACS->PRODS

P\T              300          400          500          600          700          800          900         1000         1100         1200         1300         1400         1500         1600         1700         1800         1900         2000         2100         2200         2300         2400         2500
1        6.69256e-33  2.48698e-21  2.29251e-14  1.01393e-09  2.05578e-06  0.000594138    0.0462273      1.42381      22.2536       208.58      1317.67       6103.3      22052.3      65164.2       163351       357577       699853  1.24858e+06  2.06327e+06  3.19921e+06  4.70382e+06  6.61963e+06  8.97444e+06
10       6.72267e-33  2.52941e-21  2.40655e-14  1.12864e-09  2.49296e-06  0.000801123    0.0701371      2.44174      43.1034      454.524      3212.33      16539.1      65989.9       213893       584147  1.38361e+06  2.90988e+06  5.53943e+06  9.69978e+06  1.58331e+07  2.43602e+07  3.56702e+07  5.00753e+07
100      6.72578e-33  2.53428e-21  2.42262e-14  1.14994e-09   2.6026e-06  0.000870913    0.0807788      3.02618      58.1909      674.023      5257.65      29932.8       132027       472185  1.41853e+06  3.68127e+06   8.4419e+06  1.74272e+07  3.28925e+07  5.75093e+07  9.41786e+07  1.45854e+08  2.15306e+08
1000     6.72609e-33  2.53478e-21  2.42435e-14  1.15248e-09  2.61793e-06  0.000882821    0.0830415      3.18202      63.2202        764.7      6293.21      38144.5       180474       696339  2.26598e+06  6.38532e+06  1.59142e+07  3.56887e+07  7.30492e+07  1.38118e+08  2.43705e+08  4.04855e+08  6.38027e+08
10000    6.72612e-33  2.53483e-21  2.42452e-14  1.15274e-09  2.61957e-06  0.000884186    0.0833277      3.20436      64.0536      782.303      6530.38        40369       195982       780875  2.64085e+06  7.78105e+06  2.03895e+07  4.83058e+07  1.04863e+08   2.1089e+08  3.96534e+08  7.02543e+08  1.18064e+09
O-O      6.72734e-33  2.53529e-21  2.42508e-14  1.15289e-09  2.62029e-06  0.000884629    0.0833914      3.20835      64.1835      784.977      6567.42        40738       198783       797748  2.72445e+06  8.13155e+06  2.16616e+07  5.23796e+07  1.16555e+08  2.41365e+08  4.69486e+08  8.64458e+08   1.5166e+09

PRODS->REACS

P\T              300          400          500          600          700          800          900         1000         1100         1200         1300         1400         1500         1600         1700         1800         1900         2000         2100         2200         2300         2400         2500
1        9.28445e+21  3.52772e+13   3.0699e+08       125897       457.97      6.42503     0.219653    0.0139318   0.00138139  0.000191211  3.41949e-05  7.47965e-06  1.92244e-06  5.63778e-07  1.84505e-07  6.62507e-08  2.57675e-08  1.07464e-08  4.76752e-09  2.23454e-09  1.10003e-09  5.66231e-10  3.03274e-10
10       9.32622e+21   3.5879e+13  3.22261e+08       140141       555.36      8.66337     0.333263    0.0238921   0.00267564  0.000416673  8.33637e-05  2.02691e-05  5.75301e-06   1.8508e-06  6.60064e-07  2.56602e-07   1.0736e-07  4.78654e-08  2.25659e-08  1.11795e-08  5.78965e-09  3.12159e-09    1.745e-09
100      9.33054e+21  3.59481e+13  3.24413e+08       142785      579.784      9.41809     0.383828    0.0296108    0.0036122  0.000617894  0.000136442  3.66835e-05  1.15103e-05  4.08594e-06  1.60309e-06  6.82968e-07  3.11727e-07  1.50855e-07  7.67833e-08  4.08485e-08  2.25994e-08  1.29518e-08  7.66186e-09
1000     9.33097e+21  3.59551e+13  3.24644e+08       143101      583.199      9.54686     0.394579    0.0311358   0.00392439   0.00070102  0.000163316  4.67471e-05  1.57339e-05  6.02565e-06  2.56087e-06  1.18472e-06  5.87761e-07  3.09074e-07  1.70693e-07  9.82964e-08  5.86872e-08  3.61657e-08  2.29193e-08
10000    9.33101e+21  3.59558e+13  3.24667e+08       143133      583.565      9.56163     0.395939    0.0313543   0.00397612  0.000717156  0.000169471  4.94733e-05   1.7086e-05  6.75717e-06  2.98452e-06  1.44369e-06  7.53064e-07  4.18363e-07  2.45066e-07  1.50132e-07  9.55502e-08  6.28339e-08  4.25027e-08
O-O      9.33271e+21  3.59625e+13  3.24741e+08       143152      583.725      9.56642     0.396242    0.0313934   0.00398418  0.000719608  0.000170432  4.99255e-05  1.73302e-05  6.90318e-06  3.07901e-06  1.50872e-06  8.00049e-07  4.53646e-07  2.72392e-07   1.7183e-07  1.13134e-07  7.73223e-08  5.46075e-08

REACS-> 

P\T              300          400          500          600          700          800          900         1000         1100         1200         1300         1400         1500         1600         1700         1800         1900         2000         2100         2200         2300         2400         2500
1        6.69256e-33  2.48698e-21  2.29251e-14  1.01393e-09  2.05578e-06  0.000594138    0.0462273      1.42381      22.2536       208.58      1317.67       6103.3      22052.3      65164.2       163351       357577       699853  1.24858e+06  2.06327e+06  3.19921e+06  4.70382e+06  6.61963e+06  8.97444e+06
10       6.72267e-33  2.52941e-21  2.40655e-14  1.12864e-09  2.49296e-06  0.000801123    0.0701371      2.44174      43.1034      454.524      3212.33      16539.1      65989.9       213893       584147  1.38361e+06  2.90988e+06  5.53943e+06  9.69978e+06  1.58331e+07  2.43602e+07  3.56702e+07  5.00753e+07
100      6.72578e-33  2.53428e-21  2.42262e-14  1.14994e-09   2.6026e-06  0.000870913    0.0807788      3.02618      58.1909      674.023      5257.65      29932.8       132027       472185  1.41853e+06  3.68127e+06   8.4419e+06  1.74272e+07  3.28925e+07  5.75093e+07  9.41786e+07  1.45854e+08  2.15306e+08
1000     6.72609e-33  2.53478e-21  2.42435e-14  1.15248e-09  2.61793e-06  0.000882821    0.0830415      3.18202      63.2202        764.7      6293.21      38144.5       180474       696339  2.26598e+06  6.38532e+06  1.59142e+07  3.56887e+07  7.30492e+07  1.38118e+08  2.43705e+08  4.04855e+08  6.38027e+08
10000    6.72612e-33  2.53483e-21  2.42452e-14  1.15274e-09  2.61957e-06  0.000884186    0.0833277      3.20436      64.0536      782.303      6530.38        40369       195982       780875  2.64085e+06  7.78105e+06  2.03895e+07  4.83058e+07  1.04863e+08   2.1089e+08  3.96534e+08  7.02543e+08  1.18064e+09
O-O      6.72734e-33  2.53529e-21  2.42508e-14  1.15289e-09  2.62029e-06  0.000884629    0.0833914      3.20835      64.1835      784.977      6567.42        40738       198783       797748  2.72445e+06  8.13155e+06  2.16616e+07  5.23796e+07  1.16555e+08  2.41365e+08  4.69486e+08  8.64458e+08   1.5166e+09

PRODS-> 

P\T              300          400          500          600          700          800          900         1000         1100         1200         1300         1400         1500         1600         1700         1800         1900         2000         2100         2200         2300         2400         2500
1        9.28445e+21  3.52772e+13   3.0699e+08       125897       457.97      6.42503     0.219653    0.0139318   0.00138139  0.000191211  3.41949e-05  7.47965e-06  1.92244e-06  5.63778e-07  1.84505e-07  6.62507e-08  2.57675e-08  1.07464e-08  4.76752e-09  2.23454e-09  1.10003e-09  5.66231e-10  3.03274e-10
10       9.32622e+21   3.5879e+13  3.22261e+08       140141       555.36      8.66337     0.333263    0.0238921   0.00267564  0.000416673  8.33637e-05  2.02691e-05  5.75301e-06   1.8508e-06  6.60064e-07  2.56602e-07   1.0736e-07  4.78654e-08  2.25659e-08  1.11795e-08  5.78965e-09  3.12159e-09    1.745e-09
100      9.33054e+21  3.59481e+13  3.24413e+08       142785      579.784      9.41809     0.383828    0.0296108    0.0036122  0.000617894  0.000136442  3.66835e-05  1.15103e-05  4.08594e-06  1.60309e-06  6.82968e-07  3.11727e-07  1.50855e-07  7.67833e-08  4.08485e-08  2.25994e-08  1.29518e-08  7.66186e-09
1000     9.33097e+21  3.59551e+13  3.24644e+08       143101      583.199      9.54686     0.394579    0.0311358   0.00392439   0.00070102  0.000163316  4.67471e-05  1.57339e-05  6.02565e-06  2.56087e-06  1.18472e-06  5.87761e-07  3.09074e-07  1.70693e-07  9.82964e-08  5.86872e-08  3.61657e-08  2.29193e-08
10000    9.33101e+21  3.59558e+13  3.24667e+08       143133      583.565      9.56163     0.395939    0.0313543   0.00397612  0.000717156  0.000169471  4.94733e-05   1.7086e-05  6.75717e-06  2.98452e-06  1.44369e-06  7.53064e-07  4.18363e-07  2.45066e-07  1.50132e-07  9.55502e-08  6.28339e-08  4.25027e-08
O-O      9.33271e+21  3.59625e+13  3.24741e+08       143152      583.725      9.56642     0.396242    0.0313934   0.00398418  0.000719608  0.000170432  4.99255e-05  1.73302e-05  6.90318e-06  3.07901e-06  1.50872e-06  8.00049e-07  4.53646e-07  2.72392e-07   1.7183e-07  1.13134e-07  7.73223e-08  5.46075e-08

