Wells (G - ground energy, D - dissociation limit, kcal/mol):
      Name        G        D
        WR      0.0     13.4

Bimolecular Products (G - ground energy, kcal/mol):
      Name        G
     REACS      0.0

Well-to-Bimolecular Barriers (H/G - barrier height/well depth, kcal/mol)
      Name        H     Well        G  Product
        TS     13.4       WR      0.0    REACS

________________________________________________________________________________________

Unimolecular Rate Units: 1/sec;  Bimolecular Rate Units: cm^3/sec

______________________________________________________________________________________

Species-Species Rate Tables:

Temperature = 300 K

High Pressure Rate Coefficients:

From\To            WR        REACS
WR                ***        11284
REACS      1.3274e-19          ***

Temperature = 300 K    Pressure = 1 atm

From\To            WR        REACS
WR            6834.32      6834.32
REACS     8.03957e-20  8.03957e-20

Temperature = 300 K    Pressure = 10 atm

From\To            WR        REACS
WR            9317.08      9317.08
REACS     1.09602e-19  1.09602e-19

Temperature = 300 K    Pressure = 100 atm

From\To            WR        REACS
WR            10814.2      10814.2
REACS     1.27213e-19  1.27213e-19

Temperature = 300 K    Pressure = 1000 atm

From\To            WR        REACS
WR              11220        11220
REACS     1.31987e-19  1.31987e-19

Temperature = 300 K    Pressure = 10000 atm

From\To            WR        REACS
WR            11275.7      11275.7
REACS     1.32642e-19  1.32642e-19

Temperature = 400 K

High Pressure Rate Coefficients:

From\To            WR        REACS
WR                ***  1.21345e+06
REACS      1.1596e-17          ***

Temperature = 400 K    Pressure = 1 atm

From\To            WR        REACS
WR             282449       282449
REACS     2.69894e-18  2.69894e-18

Temperature = 400 K    Pressure = 10 atm

From\To            WR        REACS
WR             609578       609578
REACS      5.8252e-18   5.8252e-18

Temperature = 400 K    Pressure = 100 atm

From\To            WR        REACS
WR             985751       985751
REACS     9.42007e-18  9.42007e-18

Temperature = 400 K    Pressure = 1000 atm

From\To            WR        REACS
WR        1.17151e+06  1.17151e+06
REACS     1.11953e-17  1.11953e-17

Temperature = 400 K    Pressure = 10000 atm

From\To            WR        REACS
WR        1.20847e+06  1.20847e+06
REACS     1.15484e-17  1.15484e-17

Temperature = 500 K

High Pressure Rate Coefficients:

From\To            WR        REACS
WR                ***  2.81812e+07
REACS     2.34281e-16          ***

Temperature = 500 K    Pressure = 1 atm

From\To            WR        REACS
WR         2.6784e+06   2.6784e+06
REACS     2.22367e-17  2.22367e-17

Temperature = 500 K    Pressure = 10 atm

From\To            WR        REACS
WR        8.12291e+06  8.12291e+06
REACS     6.75063e-17  6.75063e-17

Temperature = 500 K    Pressure = 100 atm

From\To            WR        REACS
WR        1.78463e+07  1.78463e+07
REACS     1.48357e-16  1.48357e-16

Temperature = 500 K    Pressure = 1000 atm

From\To            WR        REACS
WR        2.55677e+07  2.55677e+07
REACS     2.12554e-16  2.12554e-16

Temperature = 500 K    Pressure = 10000 atm

From\To            WR        REACS
WR        2.78305e+07  2.78305e+07
REACS     2.31366e-16  2.31366e-16

Temperature = 600 K

High Pressure Rate Coefficients:

From\To            WR        REACS
WR                ***    2.569e+08
REACS     1.93646e-15          ***

Temperature = 600 K    Pressure = 1 atm

From\To            WR        REACS
WR        1.12493e+07  1.12493e+07
REACS     8.41116e-17  8.41116e-17

Temperature = 600 K    Pressure = 10 atm

From\To            WR        REACS
WR         4.3193e+07   4.3193e+07
REACS     3.24696e-16  3.24696e-16

Temperature = 600 K    Pressure = 100 atm

From\To            WR        REACS
WR         1.2132e+08   1.2132e+08
REACS     9.14005e-16  9.14005e-16

Temperature = 600 K    Pressure = 1000 atm

From\To            WR        REACS
WR        2.11703e+08  2.11703e+08
REACS     1.59572e-15  1.59572e-15

Temperature = 600 K    Pressure = 10000 atm

From\To            WR        REACS
WR        2.49722e+08  2.49722e+08
REACS     1.88235e-15  1.88235e-15

Temperature = 700 K

High Pressure Rate Coefficients:

From\To            WR        REACS
WR                ***  1.31649e+09
REACS     9.24814e-15          ***

Temperature = 700 K    Pressure = 1 atm

From\To            WR        REACS
WR        2.98033e+07  2.98033e+07
REACS      2.0388e-16   2.0388e-16

Temperature = 700 K    Pressure = 10 atm

From\To            WR        REACS
WR        1.34633e+08  1.34633e+08
REACS     9.35347e-16  9.35347e-16

Temperature = 700 K    Pressure = 100 atm

From\To            WR        REACS
WR        4.56264e+08  4.56264e+08
REACS     3.19603e-15  3.19603e-15

Temperature = 700 K    Pressure = 1000 atm

From\To            WR        REACS
WR        9.57129e+08  9.57129e+08
REACS     6.72169e-15  6.72169e-15

Temperature = 700 K    Pressure = 10000 atm

From\To            WR        REACS
WR        1.24786e+09  1.24786e+09
REACS     8.76596e-15  8.76596e-15

Temperature = 800 K

High Pressure Rate Coefficients:

From\To            WR        REACS
WR                ***  4.63529e+09
REACS     3.09401e-14          ***

Temperature = 800 K    Pressure = 1 atm

From\To            WR        REACS
WR        6.03134e+07  6.03134e+07
REACS     3.78166e-16  3.78166e-16

Temperature = 800 K    Pressure = 10 atm

From\To            WR        REACS
WR        3.04653e+08  3.04653e+08
REACS     1.97246e-15  1.97246e-15

Temperature = 800 K    Pressure = 100 atm

From\To            WR        REACS
WR        1.18611e+09  1.18611e+09
REACS        7.84e-15     7.84e-15

Temperature = 800 K    Pressure = 1000 atm

From\To            WR        REACS
WR        2.91521e+09  2.91521e+09
REACS     1.94317e-14  1.94317e-14

Temperature = 800 K    Pressure = 10000 atm

From\To            WR        REACS
WR        4.24105e+09  4.24105e+09
REACS     2.83069e-14  2.83069e-14

Temperature = 900 K

High Pressure Rate Coefficients:

From\To            WR        REACS
WR                ***   1.2617e+10
REACS     8.11704e-14          ***

Temperature = 900 K    Pressure = 1 atm

From\To            WR        REACS
WR        1.02316e+08  1.02316e+08
REACS     5.86935e-16  5.86935e-16

Temperature = 900 K    Pressure = 10 atm

From\To            WR        REACS
WR        5.60612e+08  5.60612e+08
REACS     3.38832e-15  3.38832e-15

Temperature = 900 K    Pressure = 100 atm

From\To            WR        REACS
WR        2.42344e+09  2.42344e+09
REACS     1.52265e-14  1.52265e-14

Temperature = 900 K    Pressure = 1000 atm

From\To            WR        REACS
WR         6.7932e+09   6.7932e+09
REACS     4.35155e-14  4.35155e-14

Temperature = 900 K    Pressure = 10000 atm

From\To            WR        REACS
WR        1.10351e+10  1.10351e+10
REACS     7.09764e-14  7.09764e-14

Temperature = 1000 K

High Pressure Rate Coefficients:

From\To            WR        REACS
WR                ***  2.85687e+10
REACS     1.79062e-13          ***

Temperature = 1000 K    Pressure = 1 atm

From\To            WR        REACS
WR        1.55505e+08  1.55505e+08
REACS     8.10281e-16  8.10281e-16

Temperature = 1000 K    Pressure = 10 atm

From\To            WR        REACS
WR         9.0403e+08   9.0403e+08
REACS     5.08054e-15  5.08054e-15

Temperature = 1000 K    Pressure = 100 atm

From\To            WR        REACS
WR        4.22388e+09  4.22388e+09
REACS     2.52647e-14  2.52647e-14

Temperature = 1000 K    Pressure = 1000 atm

From\To            WR        REACS
WR        1.31533e+10  1.31533e+10
REACS     8.15884e-14  8.15884e-14

Temperature = 1000 K    Pressure = 10000 atm

From\To            WR        REACS
WR        2.36969e+10  2.36969e+10
REACS     1.48415e-13  1.48415e-13

Temperature = 1100 K

High Pressure Rate Coefficients:

From\To            WR        REACS
WR                ***  5.64478e+10
REACS     3.47563e-13          ***

Temperature = 1100 K    Pressure = 1 atm

From\To            WR        REACS
WR                ***          ***
REACS             ***  5.99516e-29

Temperature = 1100 K    Pressure = 10 atm

From\To            WR        REACS
WR        1.34121e+09  1.34121e+09
REACS     6.93662e-15  6.93662e-15

Temperature = 1100 K    Pressure = 100 atm

From\To            WR        REACS
WR        6.63048e+09  6.63048e+09
REACS     3.76146e-14  3.76146e-14

Temperature = 1100 K    Pressure = 1000 atm

From\To            WR        REACS
WR        2.23851e+10  2.23851e+10
REACS     1.34922e-13  1.34922e-13

Temperature = 1100 K    Pressure = 10000 atm

From\To            WR        REACS
WR         4.4182e+10   4.4182e+10
REACS     2.71514e-13  2.71514e-13

Temperature = 1200 K

High Pressure Rate Coefficients:

From\To            WR        REACS
WR                ***  1.00542e+11
REACS       6.121e-13          ***

Temperature = 1200 K    Pressure = 1 atm

From\To            WR        REACS
WR                ***          ***
REACS             ***  1.50929e-28

Temperature = 1200 K    Pressure = 10 atm

From\To            WR        REACS
WR                ***          ***
REACS             ***  3.01857e-28

Temperature = 1200 K    Pressure = 100 atm

From\To            WR        REACS
WR        9.53953e+09  9.53953e+09
REACS     5.12937e-14  5.12937e-14

Temperature = 1200 K    Pressure = 1000 atm

From\To            WR        REACS
WR        3.44931e+10  3.44931e+10
REACS     2.02418e-13  2.02418e-13

Temperature = 1200 K    Pressure = 10000 atm

From\To            WR        REACS
WR        7.39378e+10  7.39378e+10
REACS     4.48313e-13  4.48313e-13

Temperature = 1300 K

High Pressure Rate Coefficients:

From\To            WR        REACS
WR                ***  1.65167e+11
REACS     9.99326e-13          ***

Temperature = 1300 K    Pressure = 1 atm

From\To            WR        REACS
WR                ***          ***
REACS             ***            0

Temperature = 1300 K    Pressure = 10 atm

From\To            WR        REACS
WR                ***          ***
REACS             ***            0

Temperature = 1300 K    Pressure = 100 atm

From\To            WR        REACS
WR        1.29983e+10  1.29983e+10
REACS     6.58679e-14  6.58679e-14

Temperature = 1300 K    Pressure = 1000 atm

From\To            WR        REACS
WR        4.95949e+10  4.95949e+10
REACS     2.83148e-13  2.83148e-13

Temperature = 1300 K    Pressure = 10000 atm

From\To            WR        REACS
WR        1.14021e+11  1.14021e+11
REACS     6.84667e-13  6.84667e-13

Temperature = 1400 K

High Pressure Rate Coefficients:

From\To            WR        REACS
WR                ***  2.54428e+11
REACS     1.53612e-12          ***

Temperature = 1400 K    Pressure = 1 atm

From\To            WR        REACS
WR                ***          ***
REACS             *** -4.02482e-28

Temperature = 1400 K    Pressure = 10 atm

From\To            WR        REACS
WR                ***          ***
REACS             *** -6.03723e-28

Temperature = 1400 K    Pressure = 100 atm

From\To            WR        REACS
WR                ***          ***
REACS             *** -6.03723e-28

Temperature = 1400 K    Pressure = 1000 atm

From\To            WR        REACS
WR        6.76487e+10  6.76487e+10
REACS     3.75065e-13  3.75065e-13

Temperature = 1400 K    Pressure = 10000 atm

From\To            WR        REACS
WR        1.64991e+11  1.64991e+11
REACS     9.83457e-13  9.83457e-13

Temperature = 1500 K

High Pressure Rate Coefficients:

From\To            WR        REACS
WR                ***  3.72056e+11
REACS     2.24886e-12          ***

Temperature = 1500 K    Pressure = 1 atm

From\To            WR        REACS
WR                ***          ***
REACS             ***  4.37171e-28

Temperature = 1500 K    Pressure = 10 atm

From\To            WR        REACS
WR                ***          ***
REACS             ***  4.37171e-28

Temperature = 1500 K    Pressure = 100 atm

From\To            WR        REACS
WR                ***          ***
REACS             ***  4.37171e-28

Temperature = 1500 K    Pressure = 1000 atm

From\To            WR        REACS
WR        8.80929e+10  8.80929e+10
REACS     4.74012e-13  4.74012e-13

Temperature = 1500 K    Pressure = 10000 atm

From\To            WR        REACS
WR        2.26582e+11  2.26582e+11
REACS     1.34273e-12  1.34273e-12

Temperature = 1600 K

High Pressure Rate Coefficients:

From\To            WR        REACS
WR                ***  5.21309e+11
REACS      3.1629e-12          ***

Temperature = 1600 K    Pressure = 1 atm

From\To            WR        REACS
WR                ***          ***
REACS             ***  9.19828e-28

Temperature = 1600 K    Pressure = 10 atm

From\To            WR        REACS
WR                ***          ***
REACS             ***            0

Temperature = 1600 K    Pressure = 100 atm

From\To            WR        REACS
WR                ***          ***
REACS             ***  4.59914e-28

Temperature = 1600 K    Pressure = 1000 atm

From\To            WR        REACS
WR        1.11071e+11  1.11071e+11
REACS     5.78445e-13  5.78445e-13

Temperature = 1600 K    Pressure = 10000 atm

From\To            WR        REACS
WR        2.98875e+11  2.98875e+11
REACS     1.76178e-12  1.76178e-12

Temperature = 1700 K

High Pressure Rate Coefficients:

From\To            WR        REACS
WR                ***  7.04938e+11
REACS      4.3023e-12          ***

Temperature = 1700 K    Pressure = 1 atm

From\To            WR        REACS
WR                ***          ***
REACS             ***            0

Temperature = 1700 K    Pressure = 10 atm

From\To            WR        REACS
WR                ***          ***
REACS             ***  9.50689e-28

Temperature = 1700 K    Pressure = 100 atm

From\To            WR        REACS
WR                ***          ***
REACS             ***  9.50689e-28

Temperature = 1700 K    Pressure = 1000 atm

From\To            WR        REACS
WR        1.36065e+11  1.36065e+11
REACS     6.84895e-13  6.84895e-13

Temperature = 1700 K    Pressure = 10000 atm

From\To            WR        REACS
WR        3.81081e+11  3.81081e+11
REACS     2.23487e-12  2.23487e-12

Temperature = 1800 K

High Pressure Rate Coefficients:

From\To            WR        REACS
WR                ***  9.25175e+11
REACS     5.68961e-12          ***

Temperature = 1800 K    Pressure = 1 atm

From\To            WR        REACS
WR                ***          ***
REACS             *** -5.79077e-27

Temperature = 1800 K    Pressure = 10 atm

From\To            WR        REACS
WR                ***          ***
REACS             ***  -6.7559e-27

Temperature = 1800 K    Pressure = 100 atm

From\To            WR        REACS
WR                ***          ***
REACS             ***  -6.7559e-27

Temperature = 1800 K    Pressure = 1000 atm

From\To            WR        REACS
WR                ***          ***
REACS             ***  -6.7559e-27

Temperature = 1800 K    Pressure = 10000 atm

From\To            WR        REACS
WR        4.72926e+11  4.72926e+11
REACS     2.75835e-12  2.75835e-12

Temperature = 1900 K

High Pressure Rate Coefficients:

From\To            WR        REACS
WR                ***  1.18377e+12
REACS     7.34584e-12          ***

Temperature = 1900 K    Pressure = 1 atm

From\To            WR        REACS
WR                ***          ***
REACS             *** -5.79474e-27

Temperature = 1900 K    Pressure = 10 atm

From\To            WR        REACS
WR                ***          ***
REACS             *** -4.82895e-27

Temperature = 1900 K    Pressure = 100 atm

From\To            WR        REACS
WR                ***          ***
REACS             *** -5.79474e-27

Temperature = 1900 K    Pressure = 1000 atm

From\To            WR        REACS
WR                ***          ***
REACS             *** -1.93158e-27

Temperature = 1900 K    Pressure = 10000 atm

From\To            WR        REACS
WR        5.76125e+11  5.76125e+11
REACS     3.33756e-12  3.33756e-12

Temperature = 2000 K

High Pressure Rate Coefficients:

From\To            WR        REACS
WR                ***    1.482e+12
REACS     9.29046e-12          ***

Temperature = 2000 K    Pressure = 1 atm

From\To            WR        REACS
WR                ***          ***
REACS             *** -1.91058e-27

Temperature = 2000 K    Pressure = 10 atm

From\To            WR        REACS
WR                ***          ***
REACS             *** -3.82115e-27

Temperature = 2000 K    Pressure = 100 atm

From\To            WR        REACS
WR                ***          ***
REACS             *** -5.73173e-27

Temperature = 2000 K    Pressure = 1000 atm

From\To            WR        REACS
WR                ***          ***
REACS             *** -3.82115e-27

Temperature = 2000 K    Pressure = 10000 atm

From\To            WR        REACS
WR        6.84294e+11  6.84294e+11
REACS      3.9384e-12   3.9384e-12

Temperature = 2100 K

High Pressure Rate Coefficients:

From\To            WR        REACS
WR                ***  1.82077e+12
REACS     1.15414e-11          ***

Temperature = 2100 K    Pressure = 1 atm

From\To            WR        REACS
WR                ***          ***
REACS             ***  -3.7441e-27

Temperature = 2100 K    Pressure = 10 atm

From\To            WR        REACS
WR                ***          ***
REACS             *** -1.87205e-27

Temperature = 2100 K    Pressure = 100 atm

From\To            WR        REACS
WR                ***          ***
REACS             ***            0

Temperature = 2100 K    Pressure = 1000 atm

From\To            WR        REACS
WR                ***          ***
REACS             ***            0

Temperature = 2100 K    Pressure = 10000 atm

From\To            WR        REACS
WR        8.01759e+11  8.01759e+11
REACS     4.57848e-12  4.57848e-12

Temperature = 2200 K

High Pressure Rate Coefficients:

From\To            WR        REACS
WR                ***  2.20061e+12
REACS     1.41152e-11          ***

Temperature = 2200 K    Pressure = 1 atm

From\To            WR        REACS
WR                ***          ***
REACS             *** -7.28099e-27

Temperature = 2200 K    Pressure = 10 atm

From\To            WR        REACS
WR                ***          ***
REACS             *** -9.10124e-27

Temperature = 2200 K    Pressure = 100 atm

From\To            WR        REACS
WR                ***          ***
REACS             *** -5.46075e-27

Temperature = 2200 K    Pressure = 1000 atm

From\To            WR        REACS
WR                ***          ***
REACS             *** -5.46075e-27

Temperature = 2200 K    Pressure = 10000 atm

From\To            WR        REACS
WR        9.26912e+11  9.26912e+11
REACS     5.24679e-12  5.24679e-12

Temperature = 2300 K

High Pressure Rate Coefficients:

From\To            WR        REACS
WR                ***  2.62175e+12
REACS     1.70271e-11          ***

Temperature = 2300 K    Pressure = 1 atm

From\To            WR        REACS
WR                ***          ***
REACS             *** -1.05527e-26

Temperature = 2300 K    Pressure = 10 atm

From\To            WR        REACS
WR                ***          ***
REACS             *** -7.03513e-27

Temperature = 2300 K    Pressure = 100 atm

From\To            WR        REACS
WR                ***          ***
REACS             *** -7.03513e-27

Temperature = 2300 K    Pressure = 1000 atm

From\To            WR        REACS
WR                ***          ***
REACS             *** -3.51757e-27

Temperature = 2300 K    Pressure = 10000 atm

From\To            WR        REACS
WR        1.05884e+12  1.05884e+12
REACS     5.93493e-12  5.93493e-12

Temperature = 2400 K

High Pressure Rate Coefficients:

From\To            WR        REACS
WR                ***  3.08416e+12
REACS     2.02909e-11          ***

Temperature = 2400 K    Pressure = 1 atm

From\To            WR        REACS
WR                ***          ***
REACS             ***  1.01379e-26

Temperature = 2400 K    Pressure = 10 atm

From\To            WR        REACS
WR                ***          ***
REACS             ***  6.75859e-27

Temperature = 2400 K    Pressure = 100 atm

From\To            WR        REACS
WR                ***          ***
REACS             ***  6.75859e-27

Temperature = 2400 K    Pressure = 1000 atm

From\To            WR        REACS
WR                ***          ***
REACS             ***  6.75859e-27

Temperature = 2400 K    Pressure = 10000 atm

From\To            WR        REACS
WR        1.19776e+12  1.19776e+12
REACS     6.64131e-12  6.64131e-12

Temperature = 2500 K

High Pressure Rate Coefficients:

From\To            WR        REACS
WR                ***  3.58758e+12
REACS     2.39194e-11          ***

Temperature = 2500 K    Pressure = 1 atm

From\To            WR        REACS
WR                ***          ***
REACS             *** -3.23479e-27

Temperature = 2500 K    Pressure = 10 atm

From\To            WR        REACS
WR                ***          ***
REACS             *** -3.23479e-27

Temperature = 2500 K    Pressure = 100 atm

From\To            WR        REACS
WR                ***          ***
REACS             *** -3.23479e-27

Temperature = 2500 K    Pressure = 1000 atm

From\To            WR        REACS
WR                ***          ***
REACS             *** -3.23479e-27

Temperature = 2500 K    Pressure = 10000 atm

From\To            WR        REACS
WR        1.34319e+12  1.34319e+12
REACS     7.35984e-12  7.35984e-12

______________________________________________________________________________________

High Pressure Rate Coefficients (Temperature-Species Rate Tables):

   T(K)       WR->WR    WR->REACS
    300          ***        11284
    400          ***  1.21345e+06
    500          ***  2.81812e+07
    600          ***    2.569e+08
    700          ***  1.31649e+09
    800          ***  4.63529e+09
    900          ***   1.2617e+10
   1000          ***  2.85687e+10
   1100          ***  5.64478e+10
   1200          ***  1.00542e+11
   1300          ***  1.65167e+11
   1400          ***  2.54428e+11
   1500          ***  3.72056e+11
   1600          ***  5.21309e+11
   1700          ***  7.04938e+11
   1800          ***  9.25175e+11
   1900          ***  1.18377e+12
   2000          ***    1.482e+12
   2100          ***  1.82077e+12
   2200          ***  2.20061e+12
   2300          ***  2.62175e+12
   2400          ***  3.08416e+12
   2500          ***  3.58758e+12

   T(K)    REACS->WR REACS->REACS
    300   1.3274e-19          ***
    400   1.1596e-17          ***
    500  2.34281e-16          ***
    600  1.93646e-15          ***
    700  9.24814e-15          ***
    800  3.09401e-14          ***
    900  8.11704e-14          ***
   1000  1.79062e-13          ***
   1100  3.47563e-13          ***
   1200    6.121e-13          ***
   1300  9.99326e-13          ***
   1400  1.53612e-12          ***
   1500  2.24886e-12          ***
   1600   3.1629e-12          ***
   1700   4.3023e-12          ***
   1800  5.68961e-12          ***
   1900  7.34584e-12          ***
   2000  9.29046e-12          ***
   2100  1.15414e-11          ***
   2200  1.41152e-11          ***
   2300  1.70271e-11          ***
   2400  2.02909e-11          ***
   2500  2.39194e-11          ***

Capture/Escape Rate Coefficients:

   T(K)           WR        REACS
    300        11284   1.3274e-19
    400  1.21345e+06   1.1596e-17
    500  2.81812e+07  2.34281e-16
    600    2.569e+08  1.93646e-15
    700  1.31649e+09  9.24814e-15
    800  4.63529e+09  3.09401e-14
    900   1.2617e+10  8.11704e-14
   1000  2.85687e+10  1.79062e-13
   1100  5.64478e+10  3.47563e-13
   1200  1.00542e+11    6.121e-13
   1300  1.65167e+11  9.99326e-13
   1400  2.54428e+11  1.53612e-12
   1500  3.72056e+11  2.24886e-12
   1600  5.21309e+11   3.1629e-12
   1700  7.04938e+11   4.3023e-12
   1800  9.25175e+11  5.68961e-12
   1900  1.18377e+12  7.34584e-12
   2000    1.482e+12  9.29046e-12
   2100  1.82077e+12  1.15414e-11
   2200  2.20061e+12  1.41152e-11
   2300  2.62175e+12  1.70271e-11
   2400  3.08416e+12  2.02909e-11
   2500  3.58758e+12  2.39194e-11

______________________________________________________________________________________

Pressure-Species Rate Tables:

   Temperature = 300 K

   P(atm)    WR->REACS         WR->
        1      6834.32      6834.32
       10      9317.08      9317.08
      100      10814.2      10814.2
     1000        11220        11220
    10000      11275.7      11275.7
    O-O        11284        11284

   Temperature = 400 K

   P(atm)    WR->REACS         WR->
        1       282449       282449
       10       609578       609578
      100       985751       985751
     1000  1.17151e+06  1.17151e+06
    10000  1.20847e+06  1.20847e+06
    O-O  1.21345e+06  1.21345e+06

   Temperature = 500 K

   P(atm)    WR->REACS         WR->
        1   2.6784e+06   2.6784e+06
       10  8.12291e+06  8.12291e+06
      100  1.78463e+07  1.78463e+07
     1000  2.55677e+07  2.55677e+07
    10000  2.78305e+07  2.78305e+07
    O-O  2.81812e+07  2.81812e+07

   Temperature = 600 K

   P(atm)    WR->REACS         WR->
        1  1.12493e+07  1.12493e+07
       10   4.3193e+07   4.3193e+07
      100   1.2132e+08   1.2132e+08
     1000  2.11703e+08  2.11703e+08
    10000  2.49722e+08  2.49722e+08
    O-O    2.569e+08    2.569e+08

   Temperature = 700 K

   P(atm)    WR->REACS         WR->
        1  2.98033e+07  2.98033e+07
       10  1.34633e+08  1.34633e+08
      100  4.56264e+08  4.56264e+08
     1000  9.57129e+08  9.57129e+08
    10000  1.24786e+09  1.24786e+09
    O-O  1.31649e+09  1.31649e+09

   Temperature = 800 K

   P(atm)    WR->REACS         WR->
        1  6.03134e+07  6.03134e+07
       10  3.04653e+08  3.04653e+08
      100  1.18611e+09  1.18611e+09
     1000  2.91521e+09  2.91521e+09
    10000  4.24105e+09  4.24105e+09
    O-O  4.63529e+09  4.63529e+09

   Temperature = 900 K

   P(atm)    WR->REACS         WR->
        1  1.02316e+08  1.02316e+08
       10  5.60612e+08  5.60612e+08
      100  2.42344e+09  2.42344e+09
     1000   6.7932e+09   6.7932e+09
    10000  1.10351e+10  1.10351e+10
    O-O   1.2617e+10   1.2617e+10

   Temperature = 1000 K

   P(atm)    WR->REACS         WR->
        1  1.55505e+08  1.55505e+08
       10   9.0403e+08   9.0403e+08
      100  4.22388e+09  4.22388e+09
     1000  1.31533e+10  1.31533e+10
    10000  2.36969e+10  2.36969e+10
    O-O  2.85687e+10  2.85687e+10

   Temperature = 1100 K

   P(atm)    WR->REACS         WR->
        1          ***          ***
       10  1.34121e+09  1.34121e+09
      100  6.63048e+09  6.63048e+09
     1000  2.23851e+10  2.23851e+10
    10000   4.4182e+10   4.4182e+10
    O-O  5.64478e+10  5.64478e+10

   Temperature = 1200 K

   P(atm)    WR->REACS         WR->
        1          ***          ***
       10          ***          ***
      100  9.53953e+09  9.53953e+09
     1000  3.44931e+10  3.44931e+10
    10000  7.39378e+10  7.39378e+10
    O-O  1.00542e+11  1.00542e+11

   Temperature = 1300 K

   P(atm)    WR->REACS         WR->
        1          ***          ***
       10          ***          ***
      100  1.29983e+10  1.29983e+10
     1000  4.95949e+10  4.95949e+10
    10000  1.14021e+11  1.14021e+11
    O-O  1.65167e+11  1.65167e+11

   Temperature = 1400 K

   P(atm)    WR->REACS         WR->
        1          ***          ***
       10          ***          ***
      100          ***          ***
     1000  6.76487e+10  6.76487e+10
    10000  1.64991e+11  1.64991e+11
    O-O  2.54428e+11  2.54428e+11

   Temperature = 1500 K

   P(atm)    WR->REACS         WR->
        1          ***          ***
       10          ***          ***
      100          ***          ***
     1000  8.80929e+10  8.80929e+10
    10000  2.26582e+11  2.26582e+11
    O-O  3.72056e+11  3.72056e+11

   Temperature = 1600 K

   P(atm)    WR->REACS         WR->
        1          ***          ***
       10          ***          ***
      100          ***          ***
     1000  1.11071e+11  1.11071e+11
    10000  2.98875e+11  2.98875e+11
    O-O  5.21309e+11  5.21309e+11

   Temperature = 1700 K

   P(atm)    WR->REACS         WR->
        1          ***          ***
       10          ***          ***
      100          ***          ***
     1000  1.36065e+11  1.36065e+11
    10000  3.81081e+11  3.81081e+11
    O-O  7.04938e+11  7.04938e+11

   Temperature = 1800 K

   P(atm)    WR->REACS         WR->
        1          ***          ***
       10          ***          ***
      100          ***          ***
     1000          ***          ***
    10000  4.72926e+11  4.72926e+11
    O-O  9.25175e+11  9.25175e+11

   Temperature = 1900 K

   P(atm)    WR->REACS         WR->
        1          ***          ***
       10          ***          ***
      100          ***          ***
     1000          ***          ***
    10000  5.76125e+11  5.76125e+11
    O-O  1.18377e+12  1.18377e+12

   Temperature = 2000 K

   P(atm)    WR->REACS         WR->
        1          ***          ***
       10          ***          ***
      100          ***          ***
     1000          ***          ***
    10000  6.84294e+11  6.84294e+11
    O-O    1.482e+12    1.482e+12

   Temperature = 2100 K

   P(atm)    WR->REACS         WR->
        1          ***          ***
       10          ***          ***
      100          ***          ***
     1000          ***          ***
    10000  8.01759e+11  8.01759e+11
    O-O  1.82077e+12  1.82077e+12

   Temperature = 2200 K

   P(atm)    WR->REACS         WR->
        1          ***          ***
       10          ***          ***
      100          ***          ***
     1000          ***          ***
    10000  9.26912e+11  9.26912e+11
    O-O  2.20061e+12  2.20061e+12

   Temperature = 2300 K

   P(atm)    WR->REACS         WR->
        1          ***          ***
       10          ***          ***
      100          ***          ***
     1000          ***          ***
    10000  1.05884e+12  1.05884e+12
    O-O  2.62175e+12  2.62175e+12

   Temperature = 2400 K

   P(atm)    WR->REACS         WR->
        1          ***          ***
       10          ***          ***
      100          ***          ***
     1000          ***          ***
    10000  1.19776e+12  1.19776e+12
    O-O  3.08416e+12  3.08416e+12

   Temperature = 2500 K

   P(atm)    WR->REACS         WR->
        1          ***          ***
       10          ***          ***
      100          ***          ***
     1000          ***          ***
    10000  1.34319e+12  1.34319e+12
    O-O  3.58758e+12  3.58758e+12

   Temperature = 300 K

   P(atm)    REACS->WR      REACS->
        1  8.03957e-20  8.03957e-20
       10  1.09602e-19  1.09602e-19
      100  1.27213e-19  1.27213e-19
     1000  1.31987e-19  1.31987e-19
    10000  1.32642e-19  1.32642e-19
    O-O   1.3274e-19   1.3274e-19

   Temperature = 400 K

   P(atm)    REACS->WR      REACS->
        1  2.69894e-18  2.69894e-18
       10   5.8252e-18   5.8252e-18
      100  9.42007e-18  9.42007e-18
     1000  1.11953e-17  1.11953e-17
    10000  1.15484e-17  1.15484e-17
    O-O   1.1596e-17   1.1596e-17

   Temperature = 500 K

   P(atm)    REACS->WR      REACS->
        1  2.22367e-17  2.22367e-17
       10  6.75063e-17  6.75063e-17
      100  1.48357e-16  1.48357e-16
     1000  2.12554e-16  2.12554e-16
    10000  2.31366e-16  2.31366e-16
    O-O  2.34281e-16  2.34281e-16

   Temperature = 600 K

   P(atm)    REACS->WR      REACS->
        1  8.41116e-17  8.41116e-17
       10  3.24696e-16  3.24696e-16
      100  9.14005e-16  9.14005e-16
     1000  1.59572e-15  1.59572e-15
    10000  1.88235e-15  1.88235e-15
    O-O  1.93646e-15  1.93646e-15

   Temperature = 700 K

   P(atm)    REACS->WR      REACS->
        1   2.0388e-16   2.0388e-16
       10  9.35347e-16  9.35347e-16
      100  3.19603e-15  3.19603e-15
     1000  6.72169e-15  6.72169e-15
    10000  8.76596e-15  8.76596e-15
    O-O  9.24814e-15  9.24814e-15

   Temperature = 800 K

   P(atm)    REACS->WR      REACS->
        1  3.78166e-16  3.78166e-16
       10  1.97246e-15  1.97246e-15
      100     7.84e-15     7.84e-15
     1000  1.94317e-14  1.94317e-14
    10000  2.83069e-14  2.83069e-14
    O-O  3.09401e-14  3.09401e-14

   Temperature = 900 K

   P(atm)    REACS->WR      REACS->
        1  5.86935e-16  5.86935e-16
       10  3.38832e-15  3.38832e-15
      100  1.52265e-14  1.52265e-14
     1000  4.35155e-14  4.35155e-14
    10000  7.09764e-14  7.09764e-14
    O-O  8.11704e-14  8.11704e-14

   Temperature = 1000 K

   P(atm)    REACS->WR      REACS->
        1  8.10281e-16  8.10281e-16
       10  5.08054e-15  5.08054e-15
      100  2.52647e-14  2.52647e-14
     1000  8.15884e-14  8.15884e-14
    10000  1.48415e-13  1.48415e-13
    O-O  1.79062e-13  1.79062e-13

   Temperature = 1100 K

   P(atm)    REACS->WR      REACS->
        1          ***  5.99516e-29
       10  6.93662e-15  6.93662e-15
      100  3.76146e-14  3.76146e-14
     1000  1.34922e-13  1.34922e-13
    10000  2.71514e-13  2.71514e-13
    O-O  3.47563e-13  3.47563e-13

   Temperature = 1200 K

   P(atm)    REACS->WR      REACS->
        1          ***  1.50929e-28
       10          ***  3.01857e-28
      100  5.12937e-14  5.12937e-14
     1000  2.02418e-13  2.02418e-13
    10000  4.48313e-13  4.48313e-13
    O-O    6.121e-13    6.121e-13

   Temperature = 1300 K

   P(atm)    REACS->WR      REACS->
        1          ***            0
       10          ***            0
      100  6.58679e-14  6.58679e-14
     1000  2.83148e-13  2.83148e-13
    10000  6.84667e-13  6.84667e-13
    O-O  9.99326e-13  9.99326e-13

   Temperature = 1400 K

   P(atm)    REACS->WR      REACS->
        1          *** -4.02482e-28
       10          *** -6.03723e-28
      100          *** -6.03723e-28
     1000  3.75065e-13  3.75065e-13
    10000  9.83457e-13  9.83457e-13
    O-O  1.53612e-12  1.53612e-12

   Temperature = 1500 K

   P(atm)    REACS->WR      REACS->
        1          ***  4.37171e-28
       10          ***  4.37171e-28
      100          ***  4.37171e-28
     1000  4.74012e-13  4.74012e-13
    10000  1.34273e-12  1.34273e-12
    O-O  2.24886e-12  2.24886e-12

   Temperature = 1600 K

   P(atm)    REACS->WR      REACS->
        1          ***  9.19828e-28
       10          ***            0
      100          ***  4.59914e-28
     1000  5.78445e-13  5.78445e-13
    10000  1.76178e-12  1.76178e-12
    O-O   3.1629e-12   3.1629e-12

   Temperature = 1700 K

   P(atm)    REACS->WR      REACS->
        1          ***            0
       10          ***  9.50689e-28
      100          ***  9.50689e-28
     1000  6.84895e-13  6.84895e-13
    10000  2.23487e-12  2.23487e-12
    O-O   4.3023e-12   4.3023e-12

   Temperature = 1800 K

   P(atm)    REACS->WR      REACS->
        1          *** -5.79077e-27
       10          ***  -6.7559e-27
      100          ***  -6.7559e-27
     1000          ***  -6.7559e-27
    10000  2.75835e-12  2.75835e-12
    O-O  5.68961e-12  5.68961e-12

   Temperature = 1900 K

   P(atm)    REACS->WR      REACS->
        1          *** -5.79474e-27
       10          *** -4.82895e-27
      100          *** -5.79474e-27
     1000          *** -1.93158e-27
    10000  3.33756e-12  3.33756e-12
    O-O  7.34584e-12  7.34584e-12

   Temperature = 2000 K

   P(atm)    REACS->WR      REACS->
        1          *** -1.91058e-27
       10          *** -3.82115e-27
      100          *** -5.73173e-27
     1000          *** -3.82115e-27
    10000   3.9384e-12   3.9384e-12
    O-O  9.29046e-12  9.29046e-12

   Temperature = 2100 K

   P(atm)    REACS->WR      REACS->
        1          ***  -3.7441e-27
       10          *** -1.87205e-27
      100          ***            0
     1000          ***            0
    10000  4.57848e-12  4.57848e-12
    O-O  1.15414e-11  1.15414e-11

   Temperature = 2200 K

   P(atm)    REACS->WR      REACS->
        1          *** -7.28099e-27
       10          *** -9.10124e-27
      100          *** -5.46075e-27
     1000          *** -5.46075e-27
    10000  5.24679e-12  5.24679e-12
    O-O  1.41152e-11  1.41152e-11

   Temperature = 2300 K

   P(atm)    REACS->WR      REACS->
        1          *** -1.05527e-26
       10          *** -7.03513e-27
      100          *** -7.03513e-27
     1000          *** -3.51757e-27
    10000  5.93493e-12  5.93493e-12
    O-O  1.70271e-11  1.70271e-11

   Temperature = 2400 K

   P(atm)    REACS->WR      REACS->
        1          ***  1.01379e-26
       10          ***  6.75859e-27
      100          ***  6.75859e-27
     1000          ***  6.75859e-27
    10000  6.64131e-12  6.64131e-12
    O-O  2.02909e-11  2.02909e-11

   Temperature = 2500 K

   P(atm)    REACS->WR      REACS->
        1          *** -3.23479e-27
       10          *** -3.23479e-27
      100          *** -3.23479e-27
     1000          *** -3.23479e-27
    10000  7.35984e-12  7.35984e-12
    O-O  2.39194e-11  2.39194e-11

______________________________________________________________________________________

Temperature-Species Rate Tables:

   Pressure = 1 atm

   T(K)    WR->REACS         WR->      Capture
    300      6834.32      6834.32        11284
    400       282449       282449  1.21345e+06
    500   2.6784e+06   2.6784e+06  2.81812e+07
    600  1.12493e+07  1.12493e+07    2.569e+08
    700  2.98033e+07  2.98033e+07  1.31649e+09
    800  6.03134e+07  6.03134e+07  4.63529e+09
    900  1.02316e+08  1.02316e+08   1.2617e+10
   1000  1.55505e+08  1.55505e+08  2.85687e+10
   1100          ***          ***  5.64478e+10
   1200          ***          ***  1.00542e+11
   1300          ***          ***  1.65167e+11
   1400          ***          ***  2.54428e+11
   1500          ***          ***  3.72056e+11
   1600          ***          ***  5.21309e+11
   1700          ***          ***  7.04938e+11
   1800          ***          ***  9.25175e+11
   1900          ***          ***  1.18377e+12
   2000          ***          ***    1.482e+12
   2100          ***          ***  1.82077e+12
   2200          ***          ***  2.20061e+12
   2300          ***          ***  2.62175e+12
   2400          ***          ***  3.08416e+12
   2500          ***          ***  3.58758e+12

   Pressure = 10 atm

   T(K)    WR->REACS         WR->      Capture
    300      9317.08      9317.08        11284
    400       609578       609578  1.21345e+06
    500  8.12291e+06  8.12291e+06  2.81812e+07
    600   4.3193e+07   4.3193e+07    2.569e+08
    700  1.34633e+08  1.34633e+08  1.31649e+09
    800  3.04653e+08  3.04653e+08  4.63529e+09
    900  5.60612e+08  5.60612e+08   1.2617e+10
   1000   9.0403e+08   9.0403e+08  2.85687e+10
   1100  1.34121e+09  1.34121e+09  5.64478e+10
   1200          ***          ***  1.00542e+11
   1300          ***          ***  1.65167e+11
   1400          ***          ***  2.54428e+11
   1500          ***          ***  3.72056e+11
   1600          ***          ***  5.21309e+11
   1700          ***          ***  7.04938e+11
   1800          ***          ***  9.25175e+11
   1900          ***          ***  1.18377e+12
   2000          ***          ***    1.482e+12
   2100          ***          ***  1.82077e+12
   2200          ***          ***  2.20061e+12
   2300          ***          ***  2.62175e+12
   2400          ***          ***  3.08416e+12
   2500          ***          ***  3.58758e+12

   Pressure = 100 atm

   T(K)    WR->REACS         WR->      Capture
    300      10814.2      10814.2        11284
    400       985751       985751  1.21345e+06
    500  1.78463e+07  1.78463e+07  2.81812e+07
    600   1.2132e+08   1.2132e+08    2.569e+08
    700  4.56264e+08  4.56264e+08  1.31649e+09
    800  1.18611e+09  1.18611e+09  4.63529e+09
    900  2.42344e+09  2.42344e+09   1.2617e+10
   1000  4.22388e+09  4.22388e+09  2.85687e+10
   1100  6.63048e+09  6.63048e+09  5.64478e+10
   1200  9.53953e+09  9.53953e+09  1.00542e+11
   1300  1.29983e+10  1.29983e+10  1.65167e+11
   1400          ***          ***  2.54428e+11
   1500          ***          ***  3.72056e+11
   1600          ***          ***  5.21309e+11
   1700          ***          ***  7.04938e+11
   1800          ***          ***  9.25175e+11
   1900          ***          ***  1.18377e+12
   2000          ***          ***    1.482e+12
   2100          ***          ***  1.82077e+12
   2200          ***          ***  2.20061e+12
   2300          ***          ***  2.62175e+12
   2400          ***          ***  3.08416e+12
   2500          ***          ***  3.58758e+12

   Pressure = 1000 atm

   T(K)    WR->REACS         WR->      Capture
    300        11220        11220        11284
    400  1.17151e+06  1.17151e+06  1.21345e+06
    500  2.55677e+07  2.55677e+07  2.81812e+07
    600  2.11703e+08  2.11703e+08    2.569e+08
    700  9.57129e+08  9.57129e+08  1.31649e+09
    800  2.91521e+09  2.91521e+09  4.63529e+09
    900   6.7932e+09   6.7932e+09   1.2617e+10
   1000  1.31533e+10  1.31533e+10  2.85687e+10
   1100  2.23851e+10  2.23851e+10  5.64478e+10
   1200  3.44931e+10  3.44931e+10  1.00542e+11
   1300  4.95949e+10  4.95949e+10  1.65167e+11
   1400  6.76487e+10  6.76487e+10  2.54428e+11
   1500  8.80929e+10  8.80929e+10  3.72056e+11
   1600  1.11071e+11  1.11071e+11  5.21309e+11
   1700  1.36065e+11  1.36065e+11  7.04938e+11
   1800          ***          ***  9.25175e+11
   1900          ***          ***  1.18377e+12
   2000          ***          ***    1.482e+12
   2100          ***          ***  1.82077e+12
   2200          ***          ***  2.20061e+12
   2300          ***          ***  2.62175e+12
   2400          ***          ***  3.08416e+12
   2500          ***          ***  3.58758e+12

   Pressure = 10000 atm

   T(K)    WR->REACS         WR->      Capture
    300      11275.7      11275.7        11284
    400  1.20847e+06  1.20847e+06  1.21345e+06
    500  2.78305e+07  2.78305e+07  2.81812e+07
    600  2.49722e+08  2.49722e+08    2.569e+08
    700  1.24786e+09  1.24786e+09  1.31649e+09
    800  4.24105e+09  4.24105e+09  4.63529e+09
    900  1.10351e+10  1.10351e+10   1.2617e+10
   1000  2.36969e+10  2.36969e+10  2.85687e+10
   1100   4.4182e+10   4.4182e+10  5.64478e+10
   1200  7.39378e+10  7.39378e+10  1.00542e+11
   1300  1.14021e+11  1.14021e+11  1.65167e+11
   1400  1.64991e+11  1.64991e+11  2.54428e+11
   1500  2.26582e+11  2.26582e+11  3.72056e+11
   1600  2.98875e+11  2.98875e+11  5.21309e+11
   1700  3.81081e+11  3.81081e+11  7.04938e+11
   1800  4.72926e+11  4.72926e+11  9.25175e+11
   1900  5.76125e+11  5.76125e+11  1.18377e+12
   2000  6.84294e+11  6.84294e+11    1.482e+12
   2100  8.01759e+11  8.01759e+11  1.82077e+12
   2200  9.26912e+11  9.26912e+11  2.20061e+12
   2300  1.05884e+12  1.05884e+12  2.62175e+12
   2400  1.19776e+12  1.19776e+12  3.08416e+12
   2500  1.34319e+12  1.34319e+12  3.58758e+12

   Pressure = 1 atm

   T(K)    REACS->WR      REACS->      Capture
    300  8.03957e-20  8.03957e-20   1.3274e-19
    400  2.69894e-18  2.69894e-18   1.1596e-17
    500  2.22367e-17  2.22367e-17  2.34281e-16
    600  8.41116e-17  8.41116e-17  1.93646e-15
    700   2.0388e-16   2.0388e-16  9.24814e-15
    800  3.78166e-16  3.78166e-16  3.09401e-14
    900  5.86935e-16  5.86935e-16  8.11704e-14
   1000  8.10281e-16  8.10281e-16  1.79062e-13
   1100          ***  5.99516e-29  3.47563e-13
   1200          ***  1.50929e-28    6.121e-13
   1300          ***            0  9.99326e-13
   1400          *** -4.02482e-28  1.53612e-12
   1500          ***  4.37171e-28  2.24886e-12
   1600          ***  9.19828e-28   3.1629e-12
   1700          ***            0   4.3023e-12
   1800          *** -5.79077e-27  5.68961e-12
   1900          *** -5.79474e-27  7.34584e-12
   2000          *** -1.91058e-27  9.29046e-12
   2100          ***  -3.7441e-27  1.15414e-11
   2200          *** -7.28099e-27  1.41152e-11
   2300          *** -1.05527e-26  1.70271e-11
   2400          ***  1.01379e-26  2.02909e-11
   2500          *** -3.23479e-27  2.39194e-11

   Pressure = 10 atm

   T(K)    REACS->WR      REACS->      Capture
    300  1.09602e-19  1.09602e-19   1.3274e-19
    400   5.8252e-18   5.8252e-18   1.1596e-17
    500  6.75063e-17  6.75063e-17  2.34281e-16
    600  3.24696e-16  3.24696e-16  1.93646e-15
    700  9.35347e-16  9.35347e-16  9.24814e-15
    800  1.97246e-15  1.97246e-15  3.09401e-14
    900  3.38832e-15  3.38832e-15  8.11704e-14
   1000  5.08054e-15  5.08054e-15  1.79062e-13
   1100  6.93662e-15  6.93662e-15  3.47563e-13
   1200          ***  3.01857e-28    6.121e-13
   1300          ***            0  9.99326e-13
   1400          *** -6.03723e-28  1.53612e-12
   1500          ***  4.37171e-28  2.24886e-12
   1600          ***            0   3.1629e-12
   1700          ***  9.50689e-28   4.3023e-12
   1800          ***  -6.7559e-27  5.68961e-12
   1900          *** -4.82895e-27  7.34584e-12
   2000          *** -3.82115e-27  9.29046e-12
   2100          *** -1.87205e-27  1.15414e-11
   2200          *** -9.10124e-27  1.41152e-11
   2300          *** -7.03513e-27  1.70271e-11
   2400          ***  6.75859e-27  2.02909e-11
   2500          *** -3.23479e-27  2.39194e-11

   Pressure = 100 atm

   T(K)    REACS->WR      REACS->      Capture
    300  1.27213e-19  1.27213e-19   1.3274e-19
    400  9.42007e-18  9.42007e-18   1.1596e-17
    500  1.48357e-16  1.48357e-16  2.34281e-16
    600  9.14005e-16  9.14005e-16  1.93646e-15
    700  3.19603e-15  3.19603e-15  9.24814e-15
    800     7.84e-15     7.84e-15  3.09401e-14
    900  1.52265e-14  1.52265e-14  8.11704e-14
   1000  2.52647e-14  2.52647e-14  1.79062e-13
   1100  3.76146e-14  3.76146e-14  3.47563e-13
   1200  5.12937e-14  5.12937e-14    6.121e-13
   1300  6.58679e-14  6.58679e-14  9.99326e-13
   1400          *** -6.03723e-28  1.53612e-12
   1500          ***  4.37171e-28  2.24886e-12
   1600          ***  4.59914e-28   3.1629e-12
   1700          ***  9.50689e-28   4.3023e-12
   1800          ***  -6.7559e-27  5.68961e-12
   1900          *** -5.79474e-27  7.34584e-12
   2000          *** -5.73173e-27  9.29046e-12
   2100          ***            0  1.15414e-11
   2200          *** -5.46075e-27  1.41152e-11
   2300          *** -7.03513e-27  1.70271e-11
   2400          ***  6.75859e-27  2.02909e-11
   2500          *** -3.23479e-27  2.39194e-11

   Pressure = 1000 atm

   T(K)    REACS->WR      REACS->      Capture
    300  1.31987e-19  1.31987e-19   1.3274e-19
    400  1.11953e-17  1.11953e-17   1.1596e-17
    500  2.12554e-16  2.12554e-16  2.34281e-16
    600  1.59572e-15  1.59572e-15  1.93646e-15
    700  6.72169e-15  6.72169e-15  9.24814e-15
    800  1.94317e-14  1.94317e-14  3.09401e-14
    900  4.35155e-14  4.35155e-14  8.11704e-14
   1000  8.15884e-14  8.15884e-14  1.79062e-13
   1100  1.34922e-13  1.34922e-13  3.47563e-13
   1200  2.02418e-13  2.02418e-13    6.121e-13
   1300  2.83148e-13  2.83148e-13  9.99326e-13
   1400  3.75065e-13  3.75065e-13  1.53612e-12
   1500  4.74012e-13  4.74012e-13  2.24886e-12
   1600  5.78445e-13  5.78445e-13   3.1629e-12
   1700  6.84895e-13  6.84895e-13   4.3023e-12
   1800          ***  -6.7559e-27  5.68961e-12
   1900          *** -1.93158e-27  7.34584e-12
   2000          *** -3.82115e-27  9.29046e-12
   2100          ***            0  1.15414e-11
   2200          *** -5.46075e-27  1.41152e-11
   2300          *** -3.51757e-27  1.70271e-11
   2400          ***  6.75859e-27  2.02909e-11
   2500          *** -3.23479e-27  2.39194e-11

   Pressure = 10000 atm

   T(K)    REACS->WR      REACS->      Capture
    300  1.32642e-19  1.32642e-19   1.3274e-19
    400  1.15484e-17  1.15484e-17   1.1596e-17
    500  2.31366e-16  2.31366e-16  2.34281e-16
    600  1.88235e-15  1.88235e-15  1.93646e-15
    700  8.76596e-15  8.76596e-15  9.24814e-15
    800  2.83069e-14  2.83069e-14  3.09401e-14
    900  7.09764e-14  7.09764e-14  8.11704e-14
   1000  1.48415e-13  1.48415e-13  1.79062e-13
   1100  2.71514e-13  2.71514e-13  3.47563e-13
   1200  4.48313e-13  4.48313e-13    6.121e-13
   1300  6.84667e-13  6.84667e-13  9.99326e-13
   1400  9.83457e-13  9.83457e-13  1.53612e-12
   1500  1.34273e-12  1.34273e-12  2.24886e-12
   1600  1.76178e-12  1.76178e-12   3.1629e-12
   1700  2.23487e-12  2.23487e-12   4.3023e-12
   1800  2.75835e-12  2.75835e-12  5.68961e-12
   1900  3.33756e-12  3.33756e-12  7.34584e-12
   2000   3.9384e-12   3.9384e-12  9.29046e-12
   2100  4.57848e-12  4.57848e-12  1.15414e-11
   2200  5.24679e-12  5.24679e-12  1.41152e-11
   2300  5.93493e-12  5.93493e-12  1.70271e-11
   2400  6.64131e-12  6.64131e-12  2.02909e-11
   2500  7.35984e-12  7.35984e-12  2.39194e-11

______________________________________________________________________________________

Temperature-Pressure Rate Tables:

WR->REACS

P\T              300          400          500          600          700          800          900         1000         1100         1200         1300         1400         1500         1600         1700         1800         1900         2000         2100         2200         2300         2400         2500
1            6834.32       282449   2.6784e+06  1.12493e+07  2.98033e+07  6.03134e+07  1.02316e+08  1.55505e+08          ***          ***          ***          ***          ***          ***          ***          ***          ***          ***          ***          ***          ***          ***          ***
10           9317.08       609578  8.12291e+06   4.3193e+07  1.34633e+08  3.04653e+08  5.60612e+08   9.0403e+08  1.34121e+09          ***          ***          ***          ***          ***          ***          ***          ***          ***          ***          ***          ***          ***          ***
100          10814.2       985751  1.78463e+07   1.2132e+08  4.56264e+08  1.18611e+09  2.42344e+09  4.22388e+09  6.63048e+09  9.53953e+09  1.29983e+10          ***          ***          ***          ***          ***          ***          ***          ***          ***          ***          ***          ***
1000           11220  1.17151e+06  2.55677e+07  2.11703e+08  9.57129e+08  2.91521e+09   6.7932e+09  1.31533e+10  2.23851e+10  3.44931e+10  4.95949e+10  6.76487e+10  8.80929e+10  1.11071e+11  1.36065e+11          ***          ***          ***          ***          ***          ***          ***          ***
10000        11275.7  1.20847e+06  2.78305e+07  2.49722e+08  1.24786e+09  4.24105e+09  1.10351e+10  2.36969e+10   4.4182e+10  7.39378e+10  1.14021e+11  1.64991e+11  2.26582e+11  2.98875e+11  3.81081e+11  4.72926e+11  5.76125e+11  6.84294e+11  8.01759e+11  9.26912e+11  1.05884e+12  1.19776e+12  1.34319e+12
O-O            11284  1.21345e+06  2.81812e+07    2.569e+08  1.31649e+09  4.63529e+09   1.2617e+10  2.85687e+10  5.64478e+10  1.00542e+11  1.65167e+11  2.54428e+11  3.72056e+11  5.21309e+11  7.04938e+11  9.25175e+11  1.18377e+12    1.482e+12  1.82077e+12  2.20061e+12  2.62175e+12  3.08416e+12  3.58758e+12

REACS->WR

P\T              300          400          500          600          700          800          900         1000         1100         1200         1300         1400         1500         1600         1700         1800         1900         2000         2100         2200         2300         2400         2500
1        8.03957e-20  2.69894e-18  2.22367e-17  8.41116e-17   2.0388e-16  3.78166e-16  5.86935e-16  8.10281e-16          ***          ***          ***          ***          ***          ***          ***          ***          ***          ***          ***          ***          ***          ***          ***
10       1.09602e-19   5.8252e-18  6.75063e-17  3.24696e-16  9.35347e-16  1.97246e-15  3.38832e-15  5.08054e-15  6.93662e-15          ***          ***          ***          ***          ***          ***          ***          ***          ***          ***          ***          ***          ***          ***
100      1.27213e-19  9.42007e-18  1.48357e-16  9.14005e-16  3.19603e-15     7.84e-15  1.52265e-14  2.52647e-14  3.76146e-14  5.12937e-14  6.58679e-14          ***          ***          ***          ***          ***          ***          ***          ***          ***          ***          ***          ***
1000     1.31987e-19  1.11953e-17  2.12554e-16  1.59572e-15  6.72169e-15  1.94317e-14  4.35155e-14  8.15884e-14  1.34922e-13  2.02418e-13  2.83148e-13  3.75065e-13  4.74012e-13  5.78445e-13  6.84895e-13          ***          ***          ***          ***          ***          ***          ***          ***
10000    1.32642e-19  1.15484e-17  2.31366e-16  1.88235e-15  8.76596e-15  2.83069e-14  7.09764e-14  1.48415e-13  2.71514e-13  4.48313e-13  6.84667e-13  9.83457e-13  1.34273e-12  1.76178e-12  2.23487e-12  2.75835e-12  3.33756e-12   3.9384e-12  4.57848e-12  5.24679e-12  5.93493e-12  6.64131e-12  7.35984e-12
O-O       1.3274e-19   1.1596e-17  2.34281e-16  1.93646e-15  9.24814e-15  3.09401e-14  8.11704e-14  1.79062e-13  3.47563e-13    6.121e-13  9.99326e-13  1.53612e-12  2.24886e-12   3.1629e-12   4.3023e-12  5.68961e-12  7.34584e-12  9.29046e-12  1.15414e-11  1.41152e-11  1.70271e-11  2.02909e-11  2.39194e-11

WR-> 

P\T              300          400          500          600          700          800          900         1000         1100         1200         1300         1400         1500         1600         1700         1800         1900         2000         2100         2200         2300         2400         2500
1            6834.32       282449   2.6784e+06  1.12493e+07  2.98033e+07  6.03134e+07  1.02316e+08  1.55505e+08          ***          ***          ***          ***          ***          ***          ***          ***          ***          ***          ***          ***          ***          ***          ***
10           9317.08       609578  8.12291e+06   4.3193e+07  1.34633e+08  3.04653e+08  5.60612e+08   9.0403e+08  1.34121e+09          ***          ***          ***          ***          ***          ***          ***          ***          ***          ***          ***          ***          ***          ***
100          10814.2       985751  1.78463e+07   1.2132e+08  4.56264e+08  1.18611e+09  2.42344e+09  4.22388e+09  6.63048e+09  9.53953e+09  1.29983e+10          ***          ***          ***          ***          ***          ***          ***          ***          ***          ***          ***          ***
1000           11220  1.17151e+06  2.55677e+07  2.11703e+08  9.57129e+08  2.91521e+09   6.7932e+09  1.31533e+10  2.23851e+10  3.44931e+10  4.95949e+10  6.76487e+10  8.80929e+10  1.11071e+11  1.36065e+11          ***          ***          ***          ***          ***          ***          ***          ***
10000        11275.7  1.20847e+06  2.78305e+07  2.49722e+08  1.24786e+09  4.24105e+09  1.10351e+10  2.36969e+10   4.4182e+10  7.39378e+10  1.14021e+11  1.64991e+11  2.26582e+11  2.98875e+11  3.81081e+11  4.72926e+11  5.76125e+11  6.84294e+11  8.01759e+11  9.26912e+11  1.05884e+12  1.19776e+12  1.34319e+12
O-O            11284  1.21345e+06  2.81812e+07    2.569e+08  1.31649e+09  4.63529e+09   1.2617e+10  2.85687e+10  5.64478e+10  1.00542e+11  1.65167e+11  2.54428e+11  3.72056e+11  5.21309e+11  7.04938e+11  9.25175e+11  1.18377e+12    1.482e+12  1.82077e+12  2.20061e+12  2.62175e+12  3.08416e+12  3.58758e+12

REACS-> 

P\T              300          400          500          600          700          800          900         1000         1100         1200         1300         1400         1500         1600         1700         1800         1900         2000         2100         2200         2300         2400         2500
1        8.03957e-20  2.69894e-18  2.22367e-17  8.41116e-17   2.0388e-16  3.78166e-16  5.86935e-16  8.10281e-16  5.99516e-29  1.50929e-28            0 -4.02482e-28  4.37171e-28  9.19828e-28            0 -5.79077e-27 -5.79474e-27 -1.91058e-27  -3.7441e-27 -7.28099e-27 -1.05527e-26  1.01379e-26 -3.23479e-27
10       1.09602e-19   5.8252e-18  6.75063e-17  3.24696e-16  9.35347e-16  1.97246e-15  3.38832e-15  5.08054e-15  6.93662e-15  3.01857e-28            0 -6.03723e-28  4.37171e-28            0  9.50689e-28  -6.7559e-27 -4.82895e-27 -3.82115e-27 -1.87205e-27 -9.10124e-27 -7.03513e-27  6.75859e-27 -3.23479e-27
100      1.27213e-19  9.42007e-18  1.48357e-16  9.14005e-16  3.19603e-15     7.84e-15  1.52265e-14  2.52647e-14  3.76146e-14  5.12937e-14  6.58679e-14 -6.03723e-28  4.37171e-28  4.59914e-28  9.50689e-28  -6.7559e-27 -5.79474e-27 -5.73173e-27            0 -5.46075e-27 -7.03513e-27  6.75859e-27 -3.23479e-27
1000     1.31987e-19  1.11953e-17  2.12554e-16  1.59572e-15  6.72169e-15  1.94317e-14  4.35155e-14  8.15884e-14  1.34922e-13  2.02418e-13  2.83148e-13  3.75065e-13  4.74012e-13  5.78445e-13  6.84895e-13  -6.7559e-27 -1.93158e-27 -3.82115e-27            0 -5.46075e-27 -3.51757e-27  6.75859e-27 -3.23479e-27
10000    1.32642e-19  1.15484e-17  2.31366e-16  1.88235e-15  8.76596e-15  2.83069e-14  7.09764e-14  1.48415e-13  2.71514e-13  4.48313e-13  6.84667e-13  9.83457e-13  1.34273e-12  1.76178e-12  2.23487e-12  2.75835e-12  3.33756e-12   3.9384e-12  4.57848e-12  5.24679e-12  5.93493e-12  6.64131e-12  7.35984e-12
O-O       1.3274e-19   1.1596e-17  2.34281e-16  1.93646e-15  9.24814e-15  3.09401e-14  8.11704e-14  1.79062e-13  3.47563e-13    6.121e-13  9.99326e-13  1.53612e-12  2.24886e-12   3.1629e-12   4.3023e-12  5.68961e-12  7.34584e-12  9.29046e-12  1.15414e-11  1.41152e-11  1.70271e-11  2.02909e-11  2.39194e-11

