FACE = 0

Surf:             0             1             2             3             4             5

Minimal energy (kcal/mol):
        0.000175701     1.255e-05  -0.000257276  -0.000627502   -0.00208958   -0.00481294

Temperature (K) - Flux(10^11 cm^3/sec)
   10      162(< 1)      118(< 1)     98.8(< 1)     84.1(< 1)     72.6(< 1)     66.5(< 1)
   20      231(< 1)      167(< 1)      140(< 1)      118(< 1)      100(< 1)     89.4(< 1)
 30.5      286(< 1)      207(< 1)      172(< 1)      145(< 1)      123(< 1)      109(< 1)
41.53      334(< 1)      241(< 1)      201(< 1)      169(< 1)      143(< 1)      126(< 1)
 53.1      377(< 1)      273(< 1)      227(< 1)      191(< 1)      161(< 1)      141(< 1)
65.26      419(< 1)      303(< 1)      252(< 1)      212(< 1)      179(< 1)      156(< 1)
78.02      458(< 1)      331(< 1)      276(< 1)      232(< 1)      195(< 1)      170(< 1)
91.42      496(< 1)      359(< 1)      298(< 1)      251(< 1)      211(< 1)      184(< 1)
105.5      533(< 1)      385(< 1)      320(< 1)      269(< 1)      226(< 1)      197(< 1)
120.3      569(< 1)      411(< 1)      342(< 1)      288(< 1)      242(< 1)      210(< 1)
135.8      605(< 1)      437(< 1)      364(< 1)      305(< 1)      257(< 1)      223(< 1)
152.1      640(< 1)      463(< 1)      385(< 1)      323(< 1)      271(< 1)      236(< 1)
169.2      675(< 1)      488(< 1)      406(< 1)      341(< 1)      286(< 1)      249(< 1)
187.1      710(< 1)      513(< 1)      427(< 1)      359(< 1)      301(< 1)      261(< 1)
  206      745(< 1)      538(< 1)      448(< 1)      376(< 1)      316(< 1)      274(< 1)
225.8      780(< 1)      564(< 1)      469(< 1)      394(< 1)      330(< 1)      287(< 1)
246.6      815(< 1)      589(< 1)      490(< 1)      411(< 1)      345(< 1)      300(< 1)
268.4      851(< 1)      615(< 1)      511(< 1)      429(< 1)      360(< 1)      313(< 1)
291.3      886(< 1)      640(< 1)      533(< 1)      447(< 1)      375(< 1)      326(< 1)
315.4      922(< 1)      666(< 1)      554(< 1)      465(< 1)      390(< 1)      339(< 1)
340.7      958(< 1)      693(< 1)      576(< 1)      484(< 1)      406(< 1)      352(< 1)
367.2      995(< 1)      719(< 1)      598(< 1)      502(< 1)      421(< 1)      365(< 1)
395.1 1.03e+03(< 1)      746(< 1)      620(< 1)      521(< 1)      437(< 1)      379(< 1)
424.3 1.07e+03(< 1)      773(< 1)      643(< 1)      540(< 1)      453(< 1)      393(< 1)
  455 1.11e+03(< 1)      800(< 1)      666(< 1)      559(< 1)      469(< 1)      406(< 1)
487.3 1.15e+03(< 1)      828(< 1)      689(< 1)      578(< 1)      485(< 1)      421(< 1)
521.1 1.19e+03(< 1)      857(< 1)      712(< 1)      598(< 1)      501(< 1)      435(< 1)
556.7 1.23e+03(< 1)      885(< 1)      736(< 1)      618(< 1)      518(< 1)      449(< 1)
  594 1.27e+03(< 1)      915(< 1)      760(< 1)      638(< 1)      535(< 1)      464(< 1)
633.2 1.31e+03(< 1)      944(< 1)      785(< 1)      659(< 1)      553(< 1)      479(< 1)
674.4 1.35e+03(< 1)      975(< 1)      810(< 1)      680(< 1)      570(< 1)      494(< 1)
717.6 1.39e+03(< 1) 1.01e+03(< 1)      836(< 1)      702(< 1)      588(< 1)      510(< 1)
  763 1.43e+03(< 1) 1.04e+03(< 1)      862(< 1)      723(< 1)      607(< 1)      526(< 1)
810.6 1.48e+03(< 1) 1.07e+03(< 1)      888(< 1)      746(< 1)      625(< 1)      542(< 1)
860.7 1.52e+03(< 1)  1.1e+03(< 1)      915(< 1)      768(< 1)      644(< 1)      558(< 1)
913.2 1.57e+03(< 1) 1.13e+03(< 1)      943(< 1)      791(< 1)      664(< 1)      575(< 1)
968.4 1.62e+03(< 1) 1.17e+03(< 1)      971(< 1)      815(< 1)      683(< 1)      592(< 1)
 1026 1.66e+03(< 1)  1.2e+03(< 1)    1e+03(< 1)      839(< 1)      703(< 1)      610(< 1)
 1087 1.71e+03(< 1) 1.24e+03(< 1) 1.03e+03(< 1)      863(< 1)      724(< 1)      627(< 1)
 1151 1.76e+03(< 1) 1.27e+03(< 1) 1.06e+03(< 1)      888(< 1)      745(< 1)      646(< 1)
 1218 1.81e+03(< 1) 1.31e+03(< 1) 1.09e+03(< 1)      914(< 1)      766(< 1)      664(< 1)
 1288 1.86e+03(< 1) 1.35e+03(< 1) 1.12e+03(< 1)      940(< 1)      788(< 1)      683(< 1)
 1362 1.92e+03(< 1) 1.39e+03(< 1) 1.15e+03(< 1)      967(< 1)      810(< 1)      702(< 1)
 1440 1.97e+03(< 1) 1.42e+03(< 1) 1.18e+03(< 1)      994(< 1)      833(< 1)      722(< 1)
 1521 2.03e+03(< 1) 1.46e+03(< 1) 1.22e+03(< 1) 1.02e+03(< 1)      856(< 1)      742(< 1)
 1607 2.08e+03(< 1)  1.5e+03(< 1) 1.25e+03(< 1) 1.05e+03(< 1)      880(< 1)      763(< 1)
 1697 2.14e+03(< 1) 1.55e+03(< 1) 1.29e+03(< 1) 1.08e+03(< 1)      904(< 1)      784(< 1)
 1791  2.2e+03(< 1) 1.59e+03(< 1) 1.32e+03(< 1) 1.11e+03(< 1)      929(< 1)      805(< 1)
 1890 2.26e+03(< 1) 1.63e+03(< 1) 1.36e+03(< 1) 1.14e+03(< 1)      954(< 1)      827(< 1)
 1994 2.32e+03(< 1) 1.68e+03(< 1) 1.39e+03(< 1) 1.17e+03(< 1)      980(< 1)      850(< 1)
 2103 2.38e+03(< 1) 1.72e+03(< 1) 1.43e+03(< 1)  1.2e+03(< 1) 1.01e+03(< 1)      872(< 1)
 2218 2.45e+03(< 1) 1.77e+03(< 1) 1.47e+03(< 1) 1.23e+03(< 1) 1.03e+03(< 1)      896(< 1)
 2339 2.51e+03(< 1) 1.81e+03(< 1) 1.51e+03(< 1) 1.27e+03(< 1) 1.06e+03(< 1)      920(< 1)
 2465 2.58e+03(< 1) 1.86e+03(< 1) 1.55e+03(< 1)  1.3e+03(< 1) 1.09e+03(< 1)      944(< 1)
 2598 2.65e+03(< 1) 1.91e+03(< 1) 1.59e+03(< 1) 1.33e+03(< 1) 1.12e+03(< 1)      969(< 1)
 2737 2.72e+03(< 1) 1.96e+03(< 1) 1.63e+03(< 1) 1.37e+03(< 1) 1.15e+03(< 1)      995(< 1)
 2883 2.79e+03(< 1) 2.02e+03(< 1) 1.68e+03(< 1) 1.41e+03(< 1) 1.18e+03(< 1) 1.02e+03(< 1)
 3037 2.86e+03(< 1) 2.07e+03(< 1) 1.72e+03(< 1) 1.44e+03(< 1) 1.21e+03(< 1) 1.05e+03(< 1)
 3199 2.94e+03(< 1) 2.12e+03(< 1) 1.76e+03(< 1) 1.48e+03(< 1) 1.24e+03(< 1) 1.08e+03(< 1)
 3368 3.01e+03(< 1) 2.18e+03(< 1) 1.81e+03(< 1) 1.52e+03(< 1) 1.27e+03(< 1)  1.1e+03(< 1)
 3546 3.09e+03(< 1) 2.23e+03(< 1) 1.86e+03(< 1) 1.56e+03(< 1) 1.31e+03(< 1) 1.13e+03(< 1)

Surf:             0             1             2             3             4             5

Successful samplings:
                200           200           200           200           200           200
Failed samplings:
                  0             0             0             0             0             0
Dummy samplings:
                  0             0             0             0             0             0
Out-of-face samplings:
                  0             0             0             0             0             0
Close-atoms samplings:
                  0             0             0             0             0             0

Minimal thermal flux (10^11 cm^3/sec):
T, K:            10            10            10            10            10            10
Flux:         161.9         117.8         98.78         84.13         72.64         66.54


*******************************************************

Surf:             6             7             8             9            10            11

Minimal energy (kcal/mol):
          -0.009544      -0.01581      -0.02722      -0.05468       -0.2168       -0.4157

Temperature (K) - Flux(10^11 cm^3/sec)
   10     64.6(< 1)     68.8(1.2)       80(  2)      118(5.1) 1.97e+04( 49) 5.23e+08( 48)
   20     82.2(< 1)     79.4(< 1)     80.3(< 1)     89.6(2.1)      350( 21) 2.94e+04( 39)
 30.5       98(< 1)     91.6(< 1)     88.6(< 1)     91.2(1.3)      159(9.7) 1.37e+03( 31)
41.53      112(< 1)      103(< 1)     97.6(< 1)     96.9(< 1)      127(5.8)      383( 22)
 53.1      126(< 1)      114(< 1)      107(< 1)      104(< 1)      118(  4)      217( 15)
65.26      138(< 1)      125(< 1)      116(< 1)      111(< 1)      116(  3)      166( 11)
78.02      150(< 1)      135(< 1)      124(< 1)      118(< 1)      118(2.4)      145(8.1)
91.42      162(< 1)      146(< 1)      133(< 1)      125(< 1)      120(1.9)      137(6.2)
105.5      174(< 1)      155(< 1)      142(< 1)      133(< 1)      124(1.6)      133(  5)
120.3      185(< 1)      165(< 1)      150(< 1)      140(< 1)      128(1.4)      132(4.1)
135.8      196(< 1)      175(< 1)      159(< 1)      147(< 1)      132(1.2)      133(3.5)
152.1      207(< 1)      185(< 1)      167(< 1)      154(< 1)      137(1.1)      135(  3)
169.2      218(< 1)      194(< 1)      175(< 1)      162(< 1)      142(< 1)      138(2.6)
187.1      229(< 1)      204(< 1)      184(< 1)      169(< 1)      147(< 1)      141(2.2)
  206      240(< 1)      213(< 1)      192(< 1)      177(< 1)      152(< 1)      144(  2)
225.8      251(< 1)      223(< 1)      201(< 1)      184(< 1)      158(< 1)      148(1.8)
246.6      263(< 1)      233(< 1)      209(< 1)      192(< 1)      163(< 1)      152(1.6)
268.4      274(< 1)      243(< 1)      218(< 1)      199(< 1)      169(< 1)      157(1.4)
291.3      285(< 1)      252(< 1)      227(< 1)      207(< 1)      175(< 1)      161(1.3)
315.4      296(< 1)      262(< 1)      235(< 1)      215(< 1)      180(< 1)      166(1.2)
340.7      308(< 1)      272(< 1)      244(< 1)      223(< 1)      186(< 1)      171(1.1)
367.2      320(< 1)      283(< 1)      253(< 1)      231(< 1)      192(< 1)      176(  1)
395.1      331(< 1)      293(< 1)      262(< 1)      239(< 1)      199(< 1)      181(< 1)
424.3      343(< 1)      303(< 1)      272(< 1)      247(< 1)      205(< 1)      186(< 1)
  455      355(< 1)      314(< 1)      281(< 1)      256(< 1)      211(< 1)      192(< 1)
487.3      368(< 1)      325(< 1)      290(< 1)      264(< 1)      218(< 1)      197(< 1)
521.1      380(< 1)      336(< 1)      300(< 1)      273(< 1)      225(< 1)      203(< 1)
556.7      393(< 1)      347(< 1)      310(< 1)      282(< 1)      231(< 1)      209(< 1)
  594      406(< 1)      358(< 1)      320(< 1)      291(< 1)      238(< 1)      215(< 1)
633.2      419(< 1)      369(< 1)      330(< 1)      300(< 1)      245(< 1)      221(< 1)
674.4      432(< 1)      381(< 1)      340(< 1)      309(< 1)      253(< 1)      227(< 1)
717.6      445(< 1)      393(< 1)      351(< 1)      318(< 1)      260(< 1)      234(< 1)
  763      459(< 1)      405(< 1)      362(< 1)      328(< 1)      268(< 1)      240(< 1)
810.6      473(< 1)      417(< 1)      373(< 1)      338(< 1)      275(< 1)      247(< 1)
860.7      488(< 1)      430(< 1)      384(< 1)      348(< 1)      283(< 1)      254(< 1)
913.2      502(< 1)      443(< 1)      395(< 1)      358(< 1)      291(< 1)      261(< 1)
968.4      517(< 1)      456(< 1)      407(< 1)      369(< 1)      299(< 1)      268(< 1)
 1026      532(< 1)      469(< 1)      419(< 1)      379(< 1)      308(< 1)      275(< 1)
 1087      548(< 1)      483(< 1)      431(< 1)      390(< 1)      316(< 1)      283(< 1)
 1151      564(< 1)      497(< 1)      443(< 1)      401(< 1)      325(< 1)      291(< 1)
 1218      580(< 1)      511(< 1)      456(< 1)      412(< 1)      334(< 1)      298(< 1)
 1288      596(< 1)      525(< 1)      468(< 1)      424(< 1)      343(< 1)      306(< 1)
 1362      613(< 1)      540(< 1)      482(< 1)      436(< 1)      353(< 1)      315(< 1)
 1440      630(< 1)      555(< 1)      495(< 1)      448(< 1)      362(< 1)      323(< 1)
 1521      648(< 1)      571(< 1)      509(< 1)      460(< 1)      372(< 1)      332(< 1)
 1607      666(< 1)      586(< 1)      523(< 1)      473(< 1)      382(< 1)      340(< 1)
 1697      684(< 1)      602(< 1)      537(< 1)      486(< 1)      392(< 1)      349(< 1)
 1791      703(< 1)      619(< 1)      552(< 1)      499(< 1)      403(< 1)      358(< 1)
 1890      722(< 1)      636(< 1)      567(< 1)      512(< 1)      413(< 1)      368(< 1)
 1994      741(< 1)      653(< 1)      582(< 1)      526(< 1)      424(< 1)      378(< 1)
 2103      761(< 1)      670(< 1)      597(< 1)      540(< 1)      435(< 1)      387(< 1)
 2218      782(< 1)      688(< 1)      613(< 1)      554(< 1)      447(< 1)      397(< 1)
 2339      803(< 1)      707(< 1)      630(< 1)      569(< 1)      458(< 1)      408(< 1)
 2465      824(< 1)      726(< 1)      646(< 1)      584(< 1)      470(< 1)      418(< 1)
 2598      846(< 1)      745(< 1)      664(< 1)      600(< 1)      483(< 1)      429(< 1)
 2737      868(< 1)      764(< 1)      681(< 1)      615(< 1)      495(< 1)      440(< 1)
 2883      891(< 1)      785(< 1)      699(< 1)      632(< 1)      508(< 1)      452(< 1)
 3037      914(< 1)      805(< 1)      717(< 1)      648(< 1)      521(< 1)      463(< 1)
 3199      938(< 1)      826(< 1)      736(< 1)      665(< 1)      535(< 1)      475(< 1)
 3368      963(< 1)      848(< 1)      755(< 1)      682(< 1)      548(< 1)      487(< 1)
 3546      988(< 1)      870(< 1)      775(< 1)      700(< 1)      563(< 1)      500(< 1)

Surf:             6             7             8             9            10            11

Successful samplings:
                200           200           200           200           200           200
Failed samplings:
                  0             0             0             0             0             0
Dummy samplings:
                  0             0             0             0             0             0
Out-of-face samplings:
                  0             0             0             0             0             0
Close-atoms samplings:
                  0             0             0             0             0             0

Minimal thermal flux (10^11 cm^3/sec):
T, K:            10            10            10            20         65.26         120.3
Flux:         64.61         68.79            80         89.58         116.4         132.1


*******************************************************

Surf:            12

Minimal energy (kcal/mol):
            -0.8162

Temperature (K) - Flux(10^11 cm^3/sec)
   10 1.78e+17( 58)
   20 3.92e+08( 51)
 30.5 5.02e+05( 45)
41.53 1.96e+04( 40)
 53.1 3.09e+03( 35)
65.26      995( 30)
78.02      487( 25)
91.42      309( 20)
105.5      231( 16)
120.3      192( 13)
135.8      171( 11)
152.1      159(9.2)
169.2      152(7.7)
187.1      149(6.6)
  206      147(5.7)
225.8      147(  5)
246.6      148(4.4)
268.4      150(3.9)
291.3      152(3.5)
315.4      155(3.1)
340.7      158(2.8)
367.2      161(2.6)
395.1      165(2.4)
424.3      169(2.2)
  455      173(  2)
487.3      178(1.8)
521.1      182(1.7)
556.7      187(1.6)
  594      192(1.5)
633.2      197(1.4)
674.4      202(1.3)
717.6      208(1.2)
  763      213(1.1)
810.6      219(  1)
860.7      225(< 1)
913.2      231(< 1)
968.4      237(< 1)
 1026      243(< 1)
 1087      250(< 1)
 1151      256(< 1)
 1218      263(< 1)
 1288      270(< 1)
 1362      277(< 1)
 1440      285(< 1)
 1521      292(< 1)
 1607      300(< 1)
 1697      308(< 1)
 1791      316(< 1)
 1890      324(< 1)
 1994      332(< 1)
 2103      341(< 1)
 2218      350(< 1)
 2339      359(< 1)
 2465      368(< 1)
 2598      378(< 1)
 2737      387(< 1)
 2883      397(< 1)
 3037      407(< 1)
 3199      418(< 1)
 3368      428(< 1)
 3546      439(< 1)

Surf:            12

Successful samplings:
                200
Failed samplings:
                  0
Dummy samplings:
                  0
Out-of-face samplings:
                  0
Close-atoms samplings:
                  0

Minimal thermal flux (10^11 cm^3/sec):
T, K:         225.8
Flux:           147


*******************************************************

Surface = 0

Minimal energy configuration (Angstrom):

 C  -0.58952   0.19912  -0.12761
 C   0.17194  -0.58379   0.57752
 H   0.54073  -1.52846   0.19115
 H   0.47508  -0.32460   1.59189
 H  -1.08324   1.15117  -0.01224
 H   5.03940   5.28208  -7.12783

interatomic distance matrix (Angstrom):

 F1\F2     H1
 C1     10.32
 C2     10.84
 H3     10.96
 H4     11.33
 H5     10.26

Surface = 1

Minimal energy configuration (Angstrom):

 C  -0.13860  -0.61217   0.77917
 C  -0.03194   0.13063  -0.28235
 H  -0.37706   1.15932  -0.30182
 H   0.41102  -0.24852  -1.20325
 H   0.10409  -1.61971   1.07823
 H   1.89248   6.44253  -5.48871

interatomic distance matrix (Angstrom):

 F1\F2     H1
 C1     9.653
 C2     8.405
 H3     7.744
 H4     8.083
 H5     10.55

Surface = 2

Minimal energy configuration (Angstrom):

 C   0.34171  -0.03936  -0.24549
 C  -0.46618   0.04886   0.76915
 H  -0.22216  -0.37581   1.73755
 H  -1.42803   0.55568   0.69167
 H   0.36574   0.27082  -1.27829
 H   2.76651  -0.56371  -7.38612

interatomic distance matrix (Angstrom):

 F1\F2     H1
 C1     7.559
 C2     8.794
 H3     9.603
 H4      9.17
 H5     6.616

Surface = 3

Minimal energy configuration (Angstrom):

 C   0.45079   0.20753  -0.14545
 C  -0.78707   0.18008   0.25070
 H  -1.41365   1.06609   0.24228
 H  -1.25214  -0.73792   0.60987
 H   1.27449  -0.48179  -0.24456
 H   5.39530  -4.46157  -1.86088

interatomic distance matrix (Angstrom):

 F1\F2     H1
 C1     7.014
 C2     8.014
 H3     9.019
 H4      8.01
 H5     5.952

Surface = 4

Minimal energy configuration (Angstrom):

 C   0.11349   0.44658   0.18130
 C   0.20242  -0.78399  -0.22828
 H   1.14503  -1.32171  -0.23422
 H  -0.66952  -1.33224  -0.58487
 H  -0.65145   1.19847   0.29529
 H  -3.58564   5.47291   1.08326

interatomic distance matrix (Angstrom):

 F1\F2     H1
 C1     6.306
 C2     7.431
 H3     8.383
 H4     7.589
 H5     5.244

Surface = 5

Minimal energy configuration (Angstrom):

 C   0.30821   0.41257  -0.03714
 C  -0.71556  -0.35840   0.18071
 H  -1.70122   0.04121   0.39627
 H  -0.62874  -1.44462   0.15596
 H   1.35702   0.30447  -0.26469
 H   5.82319   0.45392  -1.99707

interatomic distance matrix (Angstrom):

 F1\F2     H1
 C1     5.853
 C2      6.94
 H3     7.907
 H4     7.062
 H5     4.793

Surface = 6

Minimal energy configuration (Angstrom):

 C   0.19186   0.49551  -0.09537
 C   0.07646  -0.79574   0.00119
 H   0.88865  -1.46700  -0.25853
 H  -0.84480  -1.26294   0.34906
 H  -0.41600   1.36856   0.08286
 H  -2.82269   4.93615   0.94801

interatomic distance matrix (Angstrom):

 F1\F2     H1
 C1     5.468
 C2     6.493
 H3     7.499
 H4     6.534
 H5      4.39

Surface = 7

Minimal energy configuration (Angstrom):

 C  -0.22677  -0.42757   0.22648
 C   0.10939   0.54529  -0.56757
 H  -0.31040   0.64657  -1.56316
 H   0.83035   1.30545  -0.26693
 H   0.01359  -0.76741   1.22157
 H   0.86419  -2.58634   4.66971

interatomic distance matrix (Angstrom):

 F1\F2     H1
 C1     5.059
 C2     6.149
 H3     7.119
 H4     6.286
 H5      3.99

Surface = 8

Minimal energy configuration (Angstrom):

 C   0.60102  -0.42220  -0.42498
 C  -0.27925   0.39011   0.08024
 H  -0.42638   1.39282  -0.30783
 H  -0.91117   0.09848   0.91908
 H   0.95219  -1.42778  -0.25478
 H  -3.44591   0.31867   3.74828

interatomic distance matrix (Angstrom):

 F1\F2     H1
 C1      5.86
 C2     4.846
 H3     5.169
 H4     3.805
 H5     6.198

Surface = 9

Minimal energy configuration (Angstrom):

 C  -0.46110   0.13430  -0.24792
 C   0.59606  -0.35496   0.32914
 H   1.52720   0.19916   0.38928
 H   0.59362  -1.34721   0.78018
 H  -1.47587  -0.17069  -0.44965
 H  -2.25189   3.94606  -1.68688

interatomic distance matrix (Angstrom):

 F1\F2     H1
 C1     4.451
 C2     5.538
 H3     5.712
 H4     6.496
 H5     4.368

Surface = 10

Minimal energy configuration (Angstrom):

 C  -0.02910   0.21103   0.52518
 C  -0.12414  -0.21395  -0.69970
 H   0.74636  -0.51560  -1.27323
 H  -1.08634  -0.28666  -1.20654
 H  -0.68817   0.56203   1.30357
 H   2.85267   0.27497   3.25423

interatomic distance matrix (Angstrom):

 F1\F2     H1
 C1     3.969
 C2     4.973
 H3     5.056
 H4     5.977
 H5     4.053

Surface = 11

Minimal energy configuration (Angstrom):

 C   0.04754  -0.55396   0.14673
 C  -0.19261   0.70155  -0.08986
 H   0.17307   1.19906  -0.98230
 H  -0.77457   1.31223   0.60036
 H  -0.17564  -1.28079   0.91183
 H   2.50446  -2.98781  -1.20704

interatomic distance matrix (Angstrom):

 F1\F2     H1
 C1     3.714
 C2     4.705
 H3     4.797
 H4     5.702
 H5     3.819

Surface = 12

Minimal energy configuration (Angstrom):

 C  -0.12161   0.20524   0.54238
 C   0.08558  -0.38962  -0.59481
 H   0.49636   0.13434  -1.45178
 H  -0.14476  -1.44528  -0.73808
 H  -0.50019  -0.04769   1.52022
 H   0.57762   3.55407   1.29393

interatomic distance matrix (Angstrom):

 F1\F2     H1
 C1     3.503
 C2       4.4
 H3     4.386
 H4     5.445
 H5     3.766

+++++++++++++++++++++++++++++++++++++++++++++++++++++++++++

