 initial guess
    8.10000E-011  -1.00000E-002   2.00000E+003
   600.00      93.570     0.28694E-11  100.00    
   700.00      2287.0     0.46125E-11  100.00    
   800.00      27100.     0.65835E-11  100.00    
   900.00     0.19330E+06 0.86813E-11  100.00    
   1000.0     0.95580E+06 0.10830E-10  100.00    
   1100.0     0.36000E+07 0.12977E-10  100.00    
   1200.0     0.11000E+08 0.15087E-10  100.00    
   1300.0     0.28500E+08 0.17137E-10  100.00    
   1400.0     0.65100E+08 0.19114E-10  100.00    
   1500.0     0.13400E+09 0.21009E-10  100.00    
   1600.0     0.25200E+09 0.22820E-10  100.00    
   1700.0     0.44300E+09 0.24546E-10  100.00    
   1800.0     0.73400E+09 0.26189E-10  100.00    
   1900.0     0.11600E+10 0.27752E-10  100.00    
   2000.0     0.17400E+10 0.29236E-10  100.00    
   2100.0     0.25300E+10 0.30647E-10  100.00    
   2200.0     0.35600E+10 0.31988E-10  100.00    
   2300.0     0.48600E+10 0.33263E-10  100.00    
   2400.0     0.64800E+10 0.34476E-10  100.00    
   2500.0     0.84500E+10 0.35630E-10  100.00    
   2600.0     0.10800E+11 0.36729E-10  100.00    
   2700.0     0.13600E+11 0.37776E-10  100.00    
   2800.0     0.16800E+11 0.38774E-10  100.00    
   2900.0     0.20600E+11 0.39727E-10  100.00    
   3000.0     0.24800E+11 0.40637E-10  100.00    
 results for iteration           1
 chi  0.21206    lamda  0.10000E-03
 params
    2.31397E+000   3.34775E+000   1.03074E+004
    1.39349E+024   3.34775E+000   2.04808E+004
   600.00      93.570      160.02      71.020    
   700.00      2287.0      3119.8      36.414    
   800.00      27100.      30735.      13.413    
   900.00     0.19330E+06 0.19081E+06  1.2873    
   1000.0     0.95580E+06 0.85344E+06  10.710    
   1100.0     0.36000E+07 0.29970E+07  16.749    
   1200.0     0.11000E+08 0.87564E+07  20.396    
   1300.0     0.28500E+08 0.22164E+08  22.231    
   1400.0     0.65100E+08 0.50044E+08  23.127    
   1500.0     0.13400E+09 0.10300E+09  23.136    
   1600.0     0.25200E+09 0.19642E+09  22.056    
   1700.0     0.44300E+09 0.35148E+09  20.659    
   1800.0     0.73400E+09 0.59606E+09  18.793    
   1900.0     0.11600E+10 0.96558E+09  16.760    
   2000.0     0.17400E+10 0.15037E+10  13.579    
   2100.0     0.25300E+10 0.22630E+10  10.553    
   2200.0     0.35600E+10 0.33053E+10  7.1538    
   2300.0     0.48600E+10 0.47023E+10  3.2449    
   2400.0     0.64800E+10 0.65356E+10 0.85745    
   2500.0     0.84500E+10 0.88970E+10  5.2895    
   2600.0     0.10800E+11 0.11889E+11  10.080    
   2700.0     0.13600E+11 0.15623E+11  14.877    
   2800.0     0.16800E+11 0.20224E+11  20.379    
   2900.0     0.20600E+11 0.25823E+11  25.355    
   3000.0     0.24800E+11 0.32565E+11  31.310    
 results for iteration           2
 chi  0.61120E-01lamda  0.10000E-04
 params
    4.01172E+003   2.46223E+000   1.15955E+004
    2.41589E+027   2.46223E+000   2.30402E+004
   600.00      93.570      112.38      20.106    
   700.00      2287.0      2597.5      13.576    
   800.00      27100.      28616.      5.5926    
   900.00     0.19330E+06 0.19142E+06 0.97514    
   1000.0     0.95580E+06 0.89987E+06  5.8514    
   1100.0     0.36000E+07 0.32652E+07  9.3012    
   1200.0     0.11000E+08 0.97376E+07  11.476    
   1300.0     0.28500E+08 0.24938E+08  12.499    
   1400.0     0.65100E+08 0.56598E+08  13.061    
   1500.0     0.13400E+09 0.11651E+09  13.050    
   1600.0     0.25200E+09 0.22142E+09  12.135    
   1700.0     0.44300E+09 0.39372E+09  11.124    
   1800.0     0.73400E+09 0.66203E+09  9.8050    
   1900.0     0.11600E+10 0.10616E+10  8.4868    
   2000.0     0.17400E+10 0.16342E+10  6.0786    
   2100.0     0.25300E+10 0.24288E+10  4.0008    
   2200.0     0.35600E+10 0.35005E+10  1.6703    
   2300.0     0.48600E+10 0.49112E+10  1.0543    
   2400.0     0.64800E+10 0.67287E+10  3.8379    
   2500.0     0.84500E+10 0.90264E+10  6.8212    
   2600.0     0.10800E+11 0.11883E+11  10.028    
   2700.0     0.13600E+11 0.15382E+11  13.105    
   2800.0     0.16800E+11 0.19612E+11  16.738    
   2900.0     0.20600E+11 0.24664E+11  19.729    
   3000.0     0.24800E+11 0.30634E+11  23.523    
 results for iteration           3
 chi  0.50486E-02lamda  0.10000E-05
 params
    1.16661E+007   1.49804E+000   1.28216E+004
    7.02546E+030   1.49804E+000   2.54766E+004
   600.00      93.570      88.733      5.1692    
   700.00      2287.0      2366.9      3.4931    
   800.00      27100.      28537.      5.3015    
   900.00     0.19330E+06 0.20203E+06  4.5166    
   1000.0     0.95580E+06 0.98327E+06  2.8737    
   1100.0     0.36000E+07 0.36383E+07  1.0631    
   1200.0     0.11000E+08 0.10948E+08 0.46925    
   1300.0     0.28500E+08 0.28078E+08  1.4794    
   1400.0     0.65100E+08 0.63466E+08  2.5102    
   1500.0     0.13400E+09 0.12959E+09  3.2876    
   1600.0     0.25200E+09 0.24355E+09  3.3527    
   1700.0     0.44300E+09 0.42732E+09  3.5398    
   1800.0     0.73400E+09 0.70780E+09  3.5693    
   1900.0     0.11600E+10 0.11166E+10  3.7398    
   2000.0     0.17400E+10 0.16897E+10  2.8903    
   2100.0     0.25300E+10 0.24668E+10  2.4979    
   2200.0     0.35600E+10 0.34908E+10  1.9433    
   2300.0     0.48600E+10 0.48072E+10  1.0860    
   2400.0     0.64800E+10 0.64634E+10 0.25658    
   2500.0     0.84500E+10 0.85079E+10 0.68555    
   2600.0     0.10800E+11 0.10990E+11  1.7616    
   2700.0     0.13600E+11 0.13960E+11  2.6464    
   2800.0     0.16800E+11 0.17466E+11  3.9656    
   2900.0     0.20600E+11 0.21558E+11  4.6496    
   3000.0     0.24800E+11 0.26282E+11  5.9775    
 results for iteration           4
 chi  0.43909E-02lamda  0.10000E-06
 params
    3.01946E+007   1.38307E+000   1.29678E+004
    1.81835E+031   1.38307E+000   2.57671E+004
   600.00      93.570      86.269      7.8028    
   700.00      2287.0      2340.8      2.3530    
   800.00      27100.      28527.      5.2675    
   900.00     0.19330E+06 0.20334E+06  5.1919    
   1000.0     0.95580E+06 0.99372E+06  3.9670    
   1100.0     0.36000E+07 0.36855E+07  2.3756    
   1200.0     0.11000E+08 0.11102E+08 0.93154    
   1300.0     0.28500E+08 0.28478E+08 0.75960E-01
   1400.0     0.65100E+08 0.64339E+08  1.1696    
   1500.0     0.13400E+09 0.13125E+09  2.0528    
   1600.0     0.25200E+09 0.24633E+09  2.2487    
   1700.0     0.44300E+09 0.43151E+09  2.5935    
   1800.0     0.73400E+09 0.71346E+09  2.7978    
   1900.0     0.11600E+10 0.11234E+10  3.1578    
   2000.0     0.17400E+10 0.16964E+10  2.5033    
   2100.0     0.25300E+10 0.24714E+10  2.3174    
   2200.0     0.35600E+10 0.34897E+10  1.9761    
   2300.0     0.48600E+10 0.47949E+10  1.3385    
   2400.0     0.64800E+10 0.64324E+10 0.73429    
   2500.0     0.84500E+10 0.84481E+10 0.22554E-01
   2600.0     0.10800E+11 0.10888E+11 0.81782    
   2700.0     0.13600E+11 0.13799E+11  1.4652    
   2800.0     0.16800E+11 0.17226E+11  2.5385    
   2900.0     0.20600E+11 0.21214E+11  2.9828    
   3000.0     0.24800E+11 0.25807E+11  4.0585    
 results for iteration           5
 chi  0.43908E-02lamda  0.10000E-07
 params
    3.05427E+007   1.38168E+000   1.29696E+004
    1.83931E+031   1.38168E+000   2.57706E+004
   600.00      93.570      86.240      7.8341    
   700.00      2287.0      2340.5      2.3393    
   800.00      27100.      28527.      5.2670    
   900.00     0.19330E+06 0.20335E+06  5.2001    
   1000.0     0.95580E+06 0.99384E+06  3.9803    
   1100.0     0.36000E+07 0.36861E+07  2.3916    
   1200.0     0.11000E+08 0.11104E+08 0.94854    
   1300.0     0.28500E+08 0.28483E+08 0.58922E-01
   1400.0     0.65100E+08 0.64349E+08  1.1533    
   1500.0     0.13400E+09 0.13127E+09  2.0379    
   1600.0     0.25200E+09 0.24637E+09  2.2353    
   1700.0     0.44300E+09 0.43156E+09  2.5820    
   1800.0     0.73400E+09 0.71353E+09  2.7884    
   1900.0     0.11600E+10 0.11235E+10  3.1508    
   2000.0     0.17400E+10 0.16965E+10  2.4986    
   2100.0     0.25300E+10 0.24714E+10  2.3153    
   2200.0     0.35600E+10 0.34896E+10  1.9765    
   2300.0     0.48600E+10 0.47948E+10  1.3415    
   2400.0     0.64800E+10 0.64320E+10 0.74003    
   2500.0     0.84500E+10 0.84474E+10 0.31058E-01
   2600.0     0.10800E+11 0.10887E+11 0.80650    
   2700.0     0.13600E+11 0.13797E+11  1.4511    
   2800.0     0.16800E+11 0.17224E+11  2.5214    
   2900.0     0.20600E+11 0.21210E+11  2.9629    
   3000.0     0.24800E+11 0.25801E+11  4.0356    
 results for iteration           6
 chi  0.43908E-02lamda  0.10000E-08
 params
    3.05431E+007   1.38168E+000   1.29696E+004
    1.83934E+031   1.38168E+000   2.57706E+004
   600.00      93.570      86.240      7.8341    
   700.00      2287.0      2340.5      2.3393    
   800.00      27100.      28527.      5.2670    
   900.00     0.19330E+06 0.20335E+06  5.2001    
   1000.0     0.95580E+06 0.99384E+06  3.9803    
   1100.0     0.36000E+07 0.36861E+07  2.3916    
   1200.0     0.11000E+08 0.11104E+08 0.94856    
   1300.0     0.28500E+08 0.28483E+08 0.58902E-01
   1400.0     0.65100E+08 0.64349E+08  1.1533    
   1500.0     0.13400E+09 0.13127E+09  2.0378    
   1600.0     0.25200E+09 0.24637E+09  2.2353    
   1700.0     0.44300E+09 0.43156E+09  2.5820    
   1800.0     0.73400E+09 0.71353E+09  2.7884    
   1900.0     0.11600E+10 0.11235E+10  3.1508    
   2000.0     0.17400E+10 0.16965E+10  2.4986    
   2100.0     0.25300E+10 0.24714E+10  2.3153    
   2200.0     0.35600E+10 0.34896E+10  1.9765    
   2300.0     0.48600E+10 0.47948E+10  1.3415    
   2400.0     0.64800E+10 0.64320E+10 0.74004    
   2500.0     0.84500E+10 0.84474E+10 0.31068E-01
   2600.0     0.10800E+11 0.10887E+11 0.80648    
   2700.0     0.13600E+11 0.13797E+11  1.4510    
   2800.0     0.16800E+11 0.17224E+11  2.5214    
   2900.0     0.20600E+11 0.21210E+11  2.9629    
   3000.0     0.24800E+11 0.25801E+11  4.0356    
