 initial guesses
       4.00364E+010     -6.18321E-001      1.29696E+004      4.00364E+010      3.38168E+000      1.29696E+004
   600.00      93.570      185.44      98.182    
   700.00      2287.0      6669.3      191.62    
   800.00      27100.     0.10478E+06  286.63    
   900.00     0.19330E+06 0.93855E+06  385.54    
   1000.0     0.95580E+06 0.56398E+07  490.07    
   1100.0     0.36000E+07 0.25248E+08  601.33    
   1200.0     0.11000E+08 0.90374E+08  721.58    
   1300.0     0.28500E+08 0.27178E+09  853.60    
   1400.0     0.65100E+08 0.71159E+09  993.07    
   1500.0     0.13400E+09 0.16656E+10  1143.0    
   1600.0     0.25200E+09 0.35554E+10  1310.9    
   1700.0     0.44300E+09 0.70289E+10  1486.7    
   1800.0     0.73400E+09 0.13026E+11  1674.7    
   1900.0     0.11600E+10 0.22849E+11  1869.7    
   2000.0     0.17400E+10 0.38227E+11  2097.0    
   2100.0     0.25300E+10 0.61390E+11  2326.5    
   2200.0     0.35600E+10 0.95128E+11  2572.1    
   2300.0     0.48600E+10 0.14285E+12  2839.3    
   2400.0     0.64800E+10 0.20865E+12  3119.9    
   2500.0     0.84500E+10 0.29732E+12  3418.6    
   2600.0     0.10800E+11 0.41445E+12  3737.5    
   2700.0     0.13600E+11 0.56640E+12  4064.7    
   2800.0     0.16800E+11 0.76038E+12  4426.1    
   2900.0     0.20600E+11 0.10045E+13  4776.0    
   3000.0     0.24800E+11 0.13075E+13  5172.3    
 results for iteration           1
 chi   38.764    lamda  0.10000E-01
 params
       4.00364E+010     -6.18321E-001      1.29696E+004      4.00364E+010      3.38168E+000      1.29696E+004
   600.00      93.570      185.44      98.182    
   700.00      2287.0      6669.3      191.62    
   800.00      27100.     0.10478E+06  286.63    
   900.00     0.19330E+06 0.93855E+06  385.54    
   1000.0     0.95580E+06 0.56398E+07  490.07    
   1100.0     0.36000E+07 0.25248E+08  601.33    
   1200.0     0.11000E+08 0.90374E+08  721.58    
   1300.0     0.28500E+08 0.27178E+09  853.60    
   1400.0     0.65100E+08 0.71159E+09  993.07    
   1500.0     0.13400E+09 0.16656E+10  1143.0    
   1600.0     0.25200E+09 0.35554E+10  1310.9    
   1700.0     0.44300E+09 0.70289E+10  1486.7    
   1800.0     0.73400E+09 0.13026E+11  1674.7    
   1900.0     0.11600E+10 0.22849E+11  1869.7    
   2000.0     0.17400E+10 0.38227E+11  2097.0    
   2100.0     0.25300E+10 0.61390E+11  2326.5    
   2200.0     0.35600E+10 0.95128E+11  2572.1    
   2300.0     0.48600E+10 0.14285E+12  2839.3    
   2400.0     0.64800E+10 0.20865E+12  3119.9    
   2500.0     0.84500E+10 0.29732E+12  3418.6    
   2600.0     0.10800E+11 0.41445E+12  3737.5    
   2700.0     0.13600E+11 0.56640E+12  4064.7    
   2800.0     0.16800E+11 0.76038E+12  4426.1    
   2900.0     0.20600E+11 0.10045E+13  4776.0    
   3000.0     0.24800E+11 0.13075E+13  5172.3    
 results for iteration           2
 chi   38.764    lamda  0.10000    
 params
       4.00364E+010     -6.18321E-001      1.29696E+004      4.00364E+010      3.38168E+000      1.29696E+004
   600.00      93.570      185.44      98.182    
   700.00      2287.0      6669.3      191.62    
   800.00      27100.     0.10478E+06  286.63    
   900.00     0.19330E+06 0.93855E+06  385.54    
   1000.0     0.95580E+06 0.56398E+07  490.07    
   1100.0     0.36000E+07 0.25248E+08  601.33    
   1200.0     0.11000E+08 0.90374E+08  721.58    
   1300.0     0.28500E+08 0.27178E+09  853.60    
   1400.0     0.65100E+08 0.71159E+09  993.07    
   1500.0     0.13400E+09 0.16656E+10  1143.0    
   1600.0     0.25200E+09 0.35554E+10  1310.9    
   1700.0     0.44300E+09 0.70289E+10  1486.7    
   1800.0     0.73400E+09 0.13026E+11  1674.7    
   1900.0     0.11600E+10 0.22849E+11  1869.7    
   2000.0     0.17400E+10 0.38227E+11  2097.0    
   2100.0     0.25300E+10 0.61390E+11  2326.5    
   2200.0     0.35600E+10 0.95128E+11  2572.1    
   2300.0     0.48600E+10 0.14285E+12  2839.3    
   2400.0     0.64800E+10 0.20865E+12  3119.9    
   2500.0     0.84500E+10 0.29732E+12  3418.6    
   2600.0     0.10800E+11 0.41445E+12  3737.5    
   2700.0     0.13600E+11 0.56640E+12  4064.7    
   2800.0     0.16800E+11 0.76038E+12  4426.1    
   2900.0     0.20600E+11 0.10045E+13  4776.0    
   3000.0     0.24800E+11 0.13075E+13  5172.3    
 results for iteration           3
 chi   38.764    lamda   1.0000    
 params
       4.00364E+010     -6.18321E-001      1.29696E+004      4.00364E+010      3.38168E+000      1.29696E+004
   600.00      93.570      185.44      98.182    
   700.00      2287.0      6669.3      191.62    
   800.00      27100.     0.10478E+06  286.63    
   900.00     0.19330E+06 0.93855E+06  385.54    
   1000.0     0.95580E+06 0.56398E+07  490.07    
   1100.0     0.36000E+07 0.25248E+08  601.33    
   1200.0     0.11000E+08 0.90374E+08  721.58    
   1300.0     0.28500E+08 0.27178E+09  853.60    
   1400.0     0.65100E+08 0.71159E+09  993.07    
   1500.0     0.13400E+09 0.16656E+10  1143.0    
   1600.0     0.25200E+09 0.35554E+10  1310.9    
   1700.0     0.44300E+09 0.70289E+10  1486.7    
   1800.0     0.73400E+09 0.13026E+11  1674.7    
   1900.0     0.11600E+10 0.22849E+11  1869.7    
   2000.0     0.17400E+10 0.38227E+11  2097.0    
   2100.0     0.25300E+10 0.61390E+11  2326.5    
   2200.0     0.35600E+10 0.95128E+11  2572.1    
   2300.0     0.48600E+10 0.14285E+12  2839.3    
   2400.0     0.64800E+10 0.20865E+12  3119.9    
   2500.0     0.84500E+10 0.29732E+12  3418.6    
   2600.0     0.10800E+11 0.41445E+12  3737.5    
   2700.0     0.13600E+11 0.56640E+12  4064.7    
   2800.0     0.16800E+11 0.76038E+12  4426.1    
   2900.0     0.20600E+11 0.10045E+13  4776.0    
   3000.0     0.24800E+11 0.13075E+13  5172.3    
 results for iteration           4
 chi   38.764    lamda   10.000    
 params
       4.00364E+010     -6.18321E-001      1.29696E+004      4.00364E+010      3.38168E+000      1.29696E+004
   600.00      93.570      185.44      98.182    
   700.00      2287.0      6669.3      191.62    
   800.00      27100.     0.10478E+06  286.63    
   900.00     0.19330E+06 0.93855E+06  385.54    
   1000.0     0.95580E+06 0.56398E+07  490.07    
   1100.0     0.36000E+07 0.25248E+08  601.33    
   1200.0     0.11000E+08 0.90374E+08  721.58    
   1300.0     0.28500E+08 0.27178E+09  853.60    
   1400.0     0.65100E+08 0.71159E+09  993.07    
   1500.0     0.13400E+09 0.16656E+10  1143.0    
   1600.0     0.25200E+09 0.35554E+10  1310.9    
   1700.0     0.44300E+09 0.70289E+10  1486.7    
   1800.0     0.73400E+09 0.13026E+11  1674.7    
   1900.0     0.11600E+10 0.22849E+11  1869.7    
   2000.0     0.17400E+10 0.38227E+11  2097.0    
   2100.0     0.25300E+10 0.61390E+11  2326.5    
   2200.0     0.35600E+10 0.95128E+11  2572.1    
   2300.0     0.48600E+10 0.14285E+12  2839.3    
   2400.0     0.64800E+10 0.20865E+12  3119.9    
   2500.0     0.84500E+10 0.29732E+12  3418.6    
   2600.0     0.10800E+11 0.41445E+12  3737.5    
   2700.0     0.13600E+11 0.56640E+12  4064.7    
   2800.0     0.16800E+11 0.76038E+12  4426.1    
   2900.0     0.20600E+11 0.10045E+13  4776.0    
   3000.0     0.24800E+11 0.13075E+13  5172.3    
 results for iteration           5
 chi   25.593    lamda   1.0000    
 params
      -4.03783E+009     -8.53868E-001      1.34336E+004      2.65077E+010      3.35190E+000      1.31643E+004
   600.00      93.570      81.523      12.875    
   700.00      2287.0      3147.0      37.605    
   800.00      27100.      51726.      90.869    
   900.00     0.19330E+06 0.47807E+06  147.32    
   1000.0     0.95580E+06 0.29394E+07  207.54    
   1100.0     0.36000E+07 0.13392E+08  272.00    
   1200.0     0.11000E+08 0.48606E+08  341.88    
   1300.0     0.28500E+08 0.14782E+09  418.67    
   1400.0     0.65100E+08 0.39064E+09  500.06    
   1500.0     0.13400E+09 0.92146E+09  587.66    
   1600.0     0.25200E+09 0.19800E+10  685.70    
   1700.0     0.44300E+09 0.39365E+10  788.59    
   1800.0     0.73400E+09 0.73309E+10  898.76    
   1900.0     0.11600E+10 0.12913E+11  1013.2    
   2000.0     0.17400E+10 0.21685E+11  1146.3    
   2100.0     0.25300E+10 0.34939E+11  1281.0    
   2200.0     0.35600E+10 0.54298E+11  1425.2    
   2300.0     0.48600E+10 0.81749E+11  1582.1    
   2400.0     0.64800E+10 0.11968E+12  1746.9    
   2500.0     0.84500E+10 0.17089E+12  1922.4    
   2600.0     0.10800E+11 0.23866E+12  2109.8    
   2700.0     0.13600E+11 0.32670E+12  2302.2    
   2800.0     0.16800E+11 0.43926E+12  2514.6    
   2900.0     0.20600E+11 0.58105E+12  2720.6    
   3000.0     0.24800E+11 0.75732E+12  2953.7    
 results for iteration           6
 chi   5.2221    lamda  0.10000    
 params
       7.87156E-031     -1.77268E+001      8.20429E+004      5.09685E+009      3.25563E+000      1.35102E+004
   600.00      93.570      8.2753      91.156    
   700.00      2287.0      340.99      85.090    
   800.00      27100.      5878.8      78.307    
   900.00     0.19330E+06  56330.      70.859    
   1000.0     0.95580E+06 0.35616E+06  62.737    
   1100.0     0.36000E+07 0.16589E+07  53.921    
   1200.0     0.11000E+08 0.61282E+07  44.289    
   1300.0     0.28500E+08 0.18907E+08  33.660    
   1400.0     0.65100E+08 0.50558E+08  22.338    
   1500.0     0.13400E+09 0.12043E+09  10.126    
   1600.0     0.25200E+09 0.26089E+09  3.5297    
   1700.0     0.44300E+09 0.52227E+09  17.894    
   1800.0     0.73400E+09 0.97827E+09  33.279    
   1900.0     0.11600E+10 0.17317E+10  49.282    
   2000.0     0.17400E+10 0.29201E+10  67.821    
   2100.0     0.25300E+10 0.47215E+10  86.620    
   2200.0     0.35600E+10 0.73596E+10  106.73    
   2300.0     0.48600E+10 0.11109E+11  128.57    
   2400.0     0.64800E+10 0.16298E+11  151.51    
   2500.0     0.84500E+10 0.23315E+11  175.92    
   2600.0     0.10800E+11 0.32611E+11  201.95    
   2700.0     0.13600E+11 0.44700E+11  228.67    
   2800.0     0.16800E+11 0.60164E+11  258.12    
   2900.0     0.20600E+11 0.79654E+11  286.67    
   3000.0     0.24800E+11 0.10389E+12  318.92    
