  comline test uwb97xd/6-311+g(d,p)  opt=internal                                    int=ultrafine nosym guess(mix,always)                                
 entering ts_zmat
 finished ts_zmat
 entering g09fopt
 finished g09pot
   1.8000000000000000       -78.472718062699997     
 grid optimized z-matrix
  c1                                                         
  c2 c1 rcc1                                                 
  h3 c2 rcc2 c1 accc1                                        
  h4 c2 rcc3 c1 ahcc1 h3 b1                                  
  h5 c1 rch1 c2 ahcc2 h3 b2                                  
  h6 c1 rch2 c2 ahcc3 h5 b3                                  
 RCC1                             1.3109999999999999     
 RCC2                             1.0884000000000000     
 RCC3                             1.0823000000000000     
 RCH2                             1.0791999999999999     
 ACCC1                            119.62930000000000     
 AHCC1                            122.83260000000000     
 AHCC2                            118.47550000000000     
 AHCC3                            131.85030000000000     
 B1                               180.00020000000001     
 B2                               179.99990000000000     
 B3                               179.99990000000000     
 RCH1                             1.8000000000000000     
