Wells (G - ground energy, D - dissociation limit, kcal/mol):
      Name        G        D
     REACS      0.0     34.6

Bimolecular Products (G - ground energy, kcal/mol):
      Name        G
     PRODS     86.7

Well-to-Bimolecular Barriers (H/G - barrier height/well depth, kcal/mol)
      Name        H     Well        G  Product
        TS     34.6    REACS      0.0    PRODS

________________________________________________________________________________________

Unimolecular Rate Units: 1/sec;  Bimolecular Rate Units: cm^3/sec

______________________________________________________________________________________

Species-Species Rate Tables:

Temperature = 300 K

High Pressure Rate Coefficients:

From\To         REACS        PRODS
REACS             ***  1.86982e-12
PRODS     1.86683e+25          ***

Temperature = 300 K    Pressure = 1 atm

From\To         REACS        PRODS
REACS     1.80044e-12  1.80044e-12
PRODS     1.79755e+25  1.79755e+25

Temperature = 300 K    Pressure = 10 atm

From\To         REACS        PRODS
REACS     1.86061e-12  1.86061e-12
PRODS     1.85763e+25  1.85763e+25

Temperature = 300 K    Pressure = 100 atm

From\To         REACS        PRODS
REACS     1.86788e-12  1.86788e-12
PRODS     1.86489e+25  1.86489e+25

Temperature = 300 K    Pressure = 1000 atm

From\To         REACS        PRODS
REACS     1.86863e-12  1.86863e-12
PRODS     1.86564e+25  1.86564e+25

Temperature = 300 K    Pressure = 10000 atm

From\To         REACS        PRODS
REACS     1.86871e-12  1.86871e-12
PRODS     1.86572e+25  1.86572e+25

Temperature = 400 K

High Pressure Rate Coefficients:

From\To         REACS        PRODS
REACS             ***    5.521e-06
PRODS     4.02156e+15          ***

Temperature = 400 K    Pressure = 1 atm

From\To         REACS        PRODS
REACS     4.85271e-06  4.85271e-06
PRODS     3.53477e+15  3.53477e+15

Temperature = 400 K    Pressure = 10 atm

From\To         REACS        PRODS
REACS     5.41123e-06  5.41123e-06
PRODS      3.9416e+15   3.9416e+15

Temperature = 400 K    Pressure = 100 atm

From\To         REACS        PRODS
REACS     5.50616e-06  5.50616e-06
PRODS     4.01075e+15  4.01075e+15

Temperature = 400 K    Pressure = 1000 atm

From\To         REACS        PRODS
REACS     5.51693e-06  5.51693e-06
PRODS     4.01859e+15  4.01859e+15

Temperature = 400 K    Pressure = 10000 atm

From\To         REACS        PRODS
REACS     5.51802e-06  5.51802e-06
PRODS     4.01939e+15  4.01939e+15

Temperature = 500 K

High Pressure Rate Coefficients:

From\To         REACS        PRODS
REACS             ***    0.0457199
PRODS     6.37854e+09          ***

Temperature = 500 K    Pressure = 1 atm

From\To         REACS        PRODS
REACS       0.0336302    0.0336302
PRODS     4.69187e+09  4.69187e+09

Temperature = 500 K    Pressure = 10 atm

From\To         REACS        PRODS
REACS       0.0429209    0.0429209
PRODS     5.98805e+09  5.98805e+09

Temperature = 500 K    Pressure = 100 atm

From\To         REACS        PRODS
REACS       0.0453399    0.0453399
PRODS     6.32552e+09  6.32552e+09

Temperature = 500 K    Pressure = 1000 atm

From\To         REACS        PRODS
REACS       0.0456752    0.0456752
PRODS     6.37231e+09  6.37231e+09

Temperature = 500 K    Pressure = 10000 atm

From\To         REACS        PRODS
REACS       0.0457108    0.0457108
PRODS     6.37728e+09  6.37728e+09

Temperature = 600 K

High Pressure Rate Coefficients:

From\To         REACS        PRODS
REACS             ***      19.6741
PRODS          886195          ***

Temperature = 600 K    Pressure = 1 atm

From\To         REACS        PRODS
REACS         11.0885      11.0885
PRODS          499467       499467

Temperature = 600 K    Pressure = 10 atm

From\To         REACS        PRODS
REACS          16.884       16.884
PRODS          760519       760519

Temperature = 600 K    Pressure = 100 atm

From\To         REACS        PRODS
REACS         19.1943      19.1943
PRODS          864583       864583

Temperature = 600 K    Pressure = 1000 atm

From\To         REACS        PRODS
REACS         19.6189      19.6189
PRODS          883709       883709

Temperature = 600 K    Pressure = 10000 atm

From\To         REACS        PRODS
REACS         19.6683      19.6683
PRODS          885935       885935

Temperature = 700 K

High Pressure Rate Coefficients:

From\To         REACS        PRODS
REACS             ***      1543.03
PRODS         1598.04          ***

Temperature = 700 K    Pressure = 1 atm

From\To         REACS        PRODS
REACS         618.895      618.895
PRODS         640.957      640.957

Temperature = 700 K    Pressure = 10 atm

From\To         REACS        PRODS
REACS         1143.73      1143.73
PRODS          1184.5       1184.5

Temperature = 700 K    Pressure = 100 atm

From\To         REACS        PRODS
REACS         1452.97      1452.97
PRODS         1504.77      1504.77

Temperature = 700 K    Pressure = 1000 atm

From\To         REACS        PRODS
REACS         1531.36      1531.36
PRODS         1585.95      1585.95

Temperature = 700 K    Pressure = 10000 atm

From\To         REACS        PRODS
REACS         1541.93      1541.93
PRODS         1596.89      1596.89

Temperature = 800 K

High Pressure Rate Coefficients:

From\To         REACS        PRODS
REACS             ***      41435.7
PRODS         14.3375          ***

Temperature = 800 K    Pressure = 1 atm

From\To         REACS        PRODS
REACS         11162.1      11162.1
PRODS         3.86223      3.86223

Temperature = 800 K    Pressure = 10 atm

From\To         REACS        PRODS
REACS         25031.1      25031.1
PRODS          8.6612       8.6612

Temperature = 800 K    Pressure = 100 atm

From\To         REACS        PRODS
REACS         36610.2      36610.2
PRODS         12.6678      12.6678

Temperature = 800 K    Pressure = 1000 atm

From\To         REACS        PRODS
REACS         40687.2      40687.2
PRODS         14.0785      14.0785

Temperature = 800 K    Pressure = 10000 atm

From\To         REACS        PRODS
REACS         41354.7      41354.7
PRODS         14.3095      14.3095

Temperature = 900 K

High Pressure Rate Coefficients:

From\To         REACS        PRODS
REACS             ***       541915
PRODS        0.375052          ***

Temperature = 900 K    Pressure = 1 atm

From\To         REACS        PRODS
REACS           93941        93941
PRODS       0.0650043    0.0650043

Temperature = 900 K    Pressure = 10 atm

From\To         REACS        PRODS
REACS          253097       253097
PRODS         0.17516      0.17516

Temperature = 900 K    Pressure = 100 atm

From\To         REACS        PRODS
REACS          434035       434035
PRODS        0.300389     0.300389

Temperature = 900 K    Pressure = 1000 atm

From\To         REACS        PRODS
REACS          521600       521600
PRODS        0.360992     0.360992

Temperature = 900 K    Pressure = 10000 atm

From\To         REACS        PRODS
REACS          539594       539594
PRODS        0.373446     0.373446

Temperature = 1000 K

High Pressure Rate Coefficients:

From\To         REACS        PRODS
REACS             ***  4.27023e+06
PRODS       0.0207423          ***

Temperature = 1000 K    Pressure = 1 atm

From\To         REACS        PRODS
REACS          462496       462496
PRODS      0.00224403   0.00224403

Temperature = 1000 K    Pressure = 10 atm

From\To         REACS        PRODS
REACS     1.47393e+06  1.47393e+06
PRODS      0.00715771   0.00715771

Temperature = 1000 K    Pressure = 100 atm

From\To         REACS        PRODS
REACS     2.98536e+06  2.98536e+06
PRODS       0.0145008    0.0145008

Temperature = 1000 K    Pressure = 1000 atm

From\To         REACS        PRODS
REACS     3.97292e+06  3.97292e+06
PRODS       0.0192982    0.0192982

Temperature = 1000 K    Pressure = 10000 atm

From\To         REACS        PRODS
REACS      4.2323e+06   4.2323e+06
PRODS       0.0205581    0.0205581

Temperature = 1100 K

High Pressure Rate Coefficients:

From\To         REACS        PRODS
REACS             ***  2.32331e+07
PRODS      0.00197611          ***

Temperature = 1100 K    Pressure = 1 atm

From\To         REACS        PRODS
REACS     1.55075e+06  1.55075e+06
PRODS     0.000131268  0.000131268

Temperature = 1100 K    Pressure = 10 atm

From\To         REACS        PRODS
REACS     5.72795e+06  5.72795e+06
PRODS     0.000486544  0.000486544

Temperature = 1100 K    Pressure = 100 atm

From\To         REACS        PRODS
REACS     1.36652e+07  1.36652e+07
PRODS      0.00116209   0.00116209

Temperature = 1100 K    Pressure = 1000 atm

From\To         REACS        PRODS
REACS      2.0523e+07   2.0523e+07
PRODS      0.00174558   0.00174558

Temperature = 1100 K    Pressure = 10000 atm

From\To         REACS        PRODS
REACS     2.28414e+07  2.28414e+07
PRODS      0.00194279   0.00194279

Temperature = 1200 K

High Pressure Rate Coefficients:

From\To         REACS        PRODS
REACS             ***  9.56268e+07
PRODS     0.000282876          ***

Temperature = 1200 K    Pressure = 1 atm

From\To         REACS        PRODS
REACS     3.94428e+06  3.94428e+06
PRODS     1.14955e-05  1.14955e-05

Temperature = 1200 K    Pressure = 10 atm

From\To         REACS        PRODS
REACS     1.64952e+07  1.64952e+07
PRODS     4.85517e-05  4.85517e-05

Temperature = 1200 K    Pressure = 100 atm

From\To         REACS        PRODS
REACS     4.58231e+07  4.58231e+07
PRODS     0.000135431  0.000135431

Temperature = 1200 K    Pressure = 1000 atm

From\To         REACS        PRODS
REACS     7.85578e+07  7.85578e+07
PRODS      0.00023237   0.00023237

Temperature = 1200 K    Pressure = 10000 atm

From\To         REACS        PRODS
REACS     9.27905e+07  9.27905e+07
PRODS     0.000274485  0.000274485

Temperature = 1300 K

High Pressure Rate Coefficients:

From\To         REACS        PRODS
REACS             ***  3.17311e+08
PRODS     5.53483e-05          ***

Temperature = 1300 K    Pressure = 1 atm

From\To         REACS        PRODS
REACS      8.2192e+06   8.2192e+06
PRODS     1.38335e-06  1.38335e-06

Temperature = 1300 K    Pressure = 10 atm

From\To         REACS        PRODS
REACS     3.80279e+07  3.80279e+07
PRODS     6.54065e-06  6.54065e-06

Temperature = 1300 K    Pressure = 100 atm

From\To         REACS        PRODS
REACS     1.20878e+08  1.20878e+08
PRODS     2.10195e-05  2.10195e-05

Temperature = 1300 K    Pressure = 1000 atm

From\To         REACS        PRODS
REACS     2.37256e+08  2.37256e+08
PRODS     4.13728e-05  4.13728e-05

Temperature = 1300 K    Pressure = 10000 atm

From\To         REACS        PRODS
REACS     3.01878e+08  3.01878e+08
PRODS     5.26559e-05  5.26559e-05

Temperature = 1400 K

High Pressure Rate Coefficients:

From\To         REACS        PRODS
REACS             ***  8.88474e+08
PRODS      1.3835e-05          ***

Temperature = 1400 K    Pressure = 1 atm

From\To         REACS        PRODS
REACS     1.48398e+07  1.48398e+07
PRODS     2.15132e-07  2.15132e-07

Temperature = 1400 K    Pressure = 10 atm

From\To         REACS        PRODS
REACS     7.43863e+07  7.43863e+07
PRODS     1.12191e-06  1.12191e-06

Temperature = 1400 K    Pressure = 100 atm

From\To         REACS        PRODS
REACS     2.65094e+08  2.65094e+08
PRODS     4.09277e-06  4.09277e-06

Temperature = 1400 K    Pressure = 1000 atm

From\To         REACS        PRODS
REACS     5.92663e+08  5.92663e+08
PRODS     9.21954e-06  9.21954e-06

Temperature = 1400 K    Pressure = 10000 atm

From\To         REACS        PRODS
REACS     8.22055e+08  8.22055e+08
PRODS     1.28003e-05  1.28003e-05

Temperature = 1500 K

High Pressure Rate Coefficients:

From\To         REACS        PRODS
REACS             ***  2.17097e+09
PRODS     4.20441e-06          ***

Temperature = 1500 K    Pressure = 1 atm

From\To         REACS        PRODS
REACS     2.41136e+07  2.41136e+07
PRODS     4.12207e-08  4.12207e-08

Temperature = 1500 K    Pressure = 10 atm

From\To         REACS        PRODS
REACS     1.28752e+08  1.28752e+08
PRODS     2.34423e-07  2.34423e-07

Temperature = 1500 K    Pressure = 100 atm

From\To         REACS        PRODS
REACS      5.0437e+08   5.0437e+08
PRODS     9.57963e-07  9.57963e-07

Temperature = 1500 K    Pressure = 1000 atm

From\To         REACS        PRODS
REACS     1.27063e+09  1.27063e+09
PRODS     2.45373e-06  2.45373e-06

Temperature = 1500 K    Pressure = 10000 atm

From\To         REACS        PRODS
REACS     1.93586e+09  1.93586e+09
PRODS     3.74858e-06  3.74858e-06

Temperature = 1600 K

High Pressure Rate Coefficients:

From\To         REACS        PRODS
REACS             ***  4.74785e+09
PRODS     1.49677e-06          ***

Temperature = 1600 K    Pressure = 1 atm

From\To         REACS        PRODS
REACS     3.62259e+07  3.62259e+07
PRODS     9.38189e-09  9.38189e-09

Temperature = 1600 K    Pressure = 10 atm

From\To         REACS        PRODS
REACS     2.03316e+08  2.03316e+08
PRODS     5.76793e-08  5.76793e-08

Temperature = 1600 K    Pressure = 100 atm

From\To         REACS        PRODS
REACS     8.60373e+08  8.60373e+08
PRODS     2.61118e-07  2.61118e-07

Temperature = 1600 K    Pressure = 1000 atm

From\To         REACS        PRODS
REACS     2.40899e+09  2.40899e+09
PRODS     7.54243e-07  7.54243e-07

Temperature = 1600 K    Pressure = 10000 atm

From\To         REACS        PRODS
REACS     4.04213e+09  4.04213e+09
PRODS     1.27376e-06  1.27376e-06

Temperature = 1700 K

High Pressure Rate Coefficients:

From\To         REACS        PRODS
REACS             ***  9.47552e+09
PRODS     6.06759e-07          ***

Temperature = 1700 K    Pressure = 1 atm

From\To         REACS        PRODS
REACS             ***          ***
PRODS             *** -3.63635e-22

Temperature = 1700 K    Pressure = 10 atm

From\To         REACS        PRODS
REACS     2.99568e+08  2.99568e+08
PRODS     1.62752e-08  1.62752e-08

Temperature = 1700 K    Pressure = 100 atm

From\To         REACS        PRODS
REACS     1.34937e+09  1.34937e+09
PRODS     8.08819e-08  8.08819e-08

Temperature = 1700 K    Pressure = 1000 atm

From\To         REACS        PRODS
REACS     4.13816e+09  4.13816e+09
PRODS      2.6124e-07   2.6124e-07

Temperature = 1700 K    Pressure = 10000 atm

From\To         REACS        PRODS
REACS     7.63366e+09  7.63366e+09
PRODS     4.88288e-07  4.88288e-07

Temperature = 1800 K

High Pressure Rate Coefficients:

From\To         REACS        PRODS
REACS             ***  1.75204e+10
PRODS     2.73981e-07          ***

Temperature = 1800 K    Pressure = 1 atm

From\To         REACS        PRODS
REACS             ***          ***
PRODS             *** -9.51117e-23

Temperature = 1800 K    Pressure = 10 atm

From\To         REACS        PRODS
REACS             ***          ***
PRODS             *** -1.90223e-22

Temperature = 1800 K    Pressure = 100 atm

From\To         REACS        PRODS
REACS     1.98224e+09  1.98224e+09
PRODS      2.7913e-08   2.7913e-08

Temperature = 1800 K    Pressure = 1000 atm

From\To         REACS        PRODS
REACS     6.56723e+09  6.56723e+09
PRODS     1.00039e-07  1.00039e-07

Temperature = 1800 K    Pressure = 10000 atm

From\To         REACS        PRODS
REACS     1.32518e+10  1.32518e+10
PRODS      2.0672e-07   2.0672e-07

Temperature = 1900 K

High Pressure Rate Coefficients:

From\To         REACS        PRODS
REACS             ***  3.03751e+10
PRODS     1.35434e-07          ***

Temperature = 1900 K    Pressure = 1 atm

From\To         REACS        PRODS
REACS             ***          ***
PRODS             ***  5.52277e-23

Temperature = 1900 K    Pressure = 10 atm

From\To         REACS        PRODS
REACS             ***          ***
PRODS             ***  5.52277e-23

Temperature = 1900 K    Pressure = 100 atm

From\To         REACS        PRODS
REACS     2.76693e+09  2.76693e+09
PRODS      1.0567e-08   1.0567e-08

Temperature = 1900 K    Pressure = 1000 atm

From\To         REACS        PRODS
REACS     9.78118e+09  9.78118e+09
PRODS     4.17366e-08  4.17366e-08

Temperature = 1900 K    Pressure = 10000 atm

From\To         REACS        PRODS
REACS     2.14347e+10  2.14347e+10
PRODS     9.50966e-08  9.50966e-08

Temperature = 2000 K

High Pressure Rate Coefficients:

From\To         REACS        PRODS
REACS             ***  4.98536e+10
PRODS     7.22793e-08          ***

Temperature = 2000 K    Pressure = 1 atm

From\To         REACS        PRODS
REACS             ***          ***
PRODS             *** -1.16956e-23

Temperature = 2000 K    Pressure = 10 atm

From\To         REACS        PRODS
REACS             ***          ***
PRODS             *** -1.16956e-23

Temperature = 2000 K    Pressure = 100 atm

From\To         REACS        PRODS
REACS     3.70514e+09  3.70514e+09
PRODS     4.32791e-09  4.32791e-09

Temperature = 2000 K    Pressure = 1000 atm

From\To         REACS        PRODS
REACS     1.38348e+10  1.38348e+10
PRODS      1.8736e-08   1.8736e-08

Temperature = 2000 K    Pressure = 10000 atm

From\To         REACS        PRODS
REACS     3.26681e+10  3.26681e+10
PRODS     4.69319e-08  4.69319e-08

Temperature = 2100 K

High Pressure Rate Coefficients:

From\To         REACS        PRODS
REACS             ***  7.80654e+10
PRODS     4.11828e-08          ***

Temperature = 2100 K    Pressure = 1 atm

From\To         REACS        PRODS
REACS             ***          ***
PRODS             *** -1.60695e-23

Temperature = 2100 K    Pressure = 10 atm

From\To         REACS        PRODS
REACS             ***          ***
PRODS             *** -1.60695e-23

Temperature = 2100 K    Pressure = 100 atm

From\To         REACS        PRODS
REACS             ***          ***
PRODS             ***  1.60695e-23

Temperature = 2100 K    Pressure = 1000 atm

From\To         REACS        PRODS
REACS     1.87578e+10  1.87578e+10
PRODS     8.95855e-09  8.95855e-09

Temperature = 2100 K    Pressure = 10000 atm

From\To         REACS        PRODS
REACS     4.73529e+10  4.73529e+10
PRODS     2.45965e-08  2.45965e-08

Temperature = 2200 K

High Pressure Rate Coefficients:

From\To         REACS        PRODS
REACS             ***  1.17375e+11
PRODS     2.48234e-08          ***

Temperature = 2200 K    Pressure = 1 atm

From\To         REACS        PRODS
REACS             ***          ***
PRODS             ***  8.86717e-24

Temperature = 2200 K    Pressure = 10 atm

From\To         REACS        PRODS
REACS             ***          ***
PRODS             ***  5.91145e-24

Temperature = 2200 K    Pressure = 100 atm

From\To         REACS        PRODS
REACS             ***          ***
PRODS             ***  2.95572e-24

Temperature = 2200 K    Pressure = 1000 atm

From\To         REACS        PRODS
REACS     2.45884e+10  2.45884e+10
PRODS     4.52946e-09  4.52946e-09

Temperature = 2200 K    Pressure = 10000 atm

From\To         REACS        PRODS
REACS     6.58202e+10  6.58202e+10
PRODS     1.35828e-08  1.35828e-08

Temperature = 2300 K

High Pressure Rate Coefficients:

From\To         REACS        PRODS
REACS             ***  1.70347e+11
PRODS     1.57098e-08          ***

Temperature = 2300 K    Pressure = 1 atm

From\To         REACS        PRODS
REACS             ***          ***
PRODS             ***  4.62063e-24

Temperature = 2300 K    Pressure = 10 atm

From\To         REACS        PRODS
REACS             ***          ***
PRODS             ***  4.62063e-24

Temperature = 2300 K    Pressure = 100 atm

From\To         REACS        PRODS
REACS             ***          ***
PRODS             ***  6.93095e-24

Temperature = 2300 K    Pressure = 1000 atm

From\To         REACS        PRODS
REACS     3.13143e+10  3.13143e+10
PRODS     2.40267e-09  2.40267e-09

Temperature = 2300 K    Pressure = 10000 atm

From\To         REACS        PRODS
REACS     8.82798e+10  8.82798e+10
PRODS     7.84819e-09  7.84819e-09

Temperature = 2400 K

High Pressure Rate Coefficients:

From\To         REACS        PRODS
REACS             ***  2.39692e+11
PRODS     1.03735e-08          ***

Temperature = 2400 K    Pressure = 1 atm

From\To         REACS        PRODS
REACS             ***          ***
PRODS             *** -7.61793e-24

Temperature = 2400 K    Pressure = 10 atm

From\To         REACS        PRODS
REACS             ***          ***
PRODS             *** -9.52242e-24

Temperature = 2400 K    Pressure = 100 atm

From\To         REACS        PRODS
REACS             ***          ***
PRODS             *** -7.61793e-24

Temperature = 2400 K    Pressure = 1000 atm

From\To         REACS        PRODS
REACS             ***          ***
PRODS             *** -1.52359e-23

Temperature = 2400 K    Pressure = 10000 atm

From\To         REACS        PRODS
REACS     1.14888e+11  1.14888e+11
PRODS     4.71903e-09  4.71903e-09

Temperature = 2500 K

High Pressure Rate Coefficients:

From\To         REACS        PRODS
REACS             ***  3.28196e+11
PRODS     7.10954e-09          ***

Temperature = 2500 K    Pressure = 1 atm

From\To         REACS        PRODS
REACS             ***          ***
PRODS             ***  2.47245e-24

Temperature = 2500 K    Pressure = 10 atm

From\To         REACS        PRODS
REACS             ***          ***
PRODS             ***  2.47245e-24

Temperature = 2500 K    Pressure = 100 atm

From\To         REACS        PRODS
REACS             ***          ***
PRODS             ***  4.12076e-24

Temperature = 2500 K    Pressure = 1000 atm

From\To         REACS        PRODS
REACS             ***          ***
PRODS             ***  9.88981e-24

Temperature = 2500 K    Pressure = 10000 atm

From\To         REACS        PRODS
REACS      1.4572e+11   1.4572e+11
PRODS      2.9388e-09   2.9388e-09

______________________________________________________________________________________

High Pressure Rate Coefficients (Temperature-Species Rate Tables):

   T(K) REACS->REACS REACS->PRODS
    300          ***  1.86982e-12
    400          ***    5.521e-06
    500          ***    0.0457199
    600          ***      19.6741
    700          ***      1543.03
    800          ***      41435.7
    900          ***       541915
   1000          ***  4.27023e+06
   1100          ***  2.32331e+07
   1200          ***  9.56268e+07
   1300          ***  3.17311e+08
   1400          ***  8.88474e+08
   1500          ***  2.17097e+09
   1600          ***  4.74785e+09
   1700          ***  9.47552e+09
   1800          ***  1.75204e+10
   1900          ***  3.03751e+10
   2000          ***  4.98536e+10
   2100          ***  7.80654e+10
   2200          ***  1.17375e+11
   2300          ***  1.70347e+11
   2400          ***  2.39692e+11
   2500          ***  3.28196e+11

   T(K) PRODS->REACS PRODS->PRODS
    300  1.86683e+25          ***
    400  4.02156e+15          ***
    500  6.37854e+09          ***
    600       886195          ***
    700      1598.04          ***
    800      14.3375          ***
    900     0.375052          ***
   1000    0.0207423          ***
   1100   0.00197611          ***
   1200  0.000282876          ***
   1300  5.53483e-05          ***
   1400   1.3835e-05          ***
   1500  4.20441e-06          ***
   1600  1.49677e-06          ***
   1700  6.06759e-07          ***
   1800  2.73981e-07          ***
   1900  1.35434e-07          ***
   2000  7.22793e-08          ***
   2100  4.11828e-08          ***
   2200  2.48234e-08          ***
   2300  1.57098e-08          ***
   2400  1.03735e-08          ***
   2500  7.10954e-09          ***

Capture/Escape Rate Coefficients:

   T(K)        REACS        PRODS
    300  1.86982e-12  1.86683e+25
    400    5.521e-06  4.02156e+15
    500    0.0457199  6.37854e+09
    600      19.6741       886195
    700      1543.03      1598.04
    800      41435.7      14.3375
    900       541915     0.375052
   1000  4.27023e+06    0.0207423
   1100  2.32331e+07   0.00197611
   1200  9.56268e+07  0.000282876
   1300  3.17311e+08  5.53483e-05
   1400  8.88474e+08   1.3835e-05
   1500  2.17097e+09  4.20441e-06
   1600  4.74785e+09  1.49677e-06
   1700  9.47552e+09  6.06759e-07
   1800  1.75204e+10  2.73981e-07
   1900  3.03751e+10  1.35434e-07
   2000  4.98536e+10  7.22793e-08
   2100  7.80654e+10  4.11828e-08
   2200  1.17375e+11  2.48234e-08
   2300  1.70347e+11  1.57098e-08
   2400  2.39692e+11  1.03735e-08
   2500  3.28196e+11  7.10954e-09

______________________________________________________________________________________

Pressure-Species Rate Tables:

   Temperature = 300 K

   P(atm) REACS->PRODS      REACS->
        1  1.80044e-12  1.80044e-12
       10  1.86061e-12  1.86061e-12
      100  1.86788e-12  1.86788e-12
     1000  1.86863e-12  1.86863e-12
    10000  1.86871e-12  1.86871e-12
    O-O  1.86982e-12  1.86982e-12

   Temperature = 400 K

   P(atm) REACS->PRODS      REACS->
        1  4.85271e-06  4.85271e-06
       10  5.41123e-06  5.41123e-06
      100  5.50616e-06  5.50616e-06
     1000  5.51693e-06  5.51693e-06
    10000  5.51802e-06  5.51802e-06
    O-O    5.521e-06    5.521e-06

   Temperature = 500 K

   P(atm) REACS->PRODS      REACS->
        1    0.0336302    0.0336302
       10    0.0429209    0.0429209
      100    0.0453399    0.0453399
     1000    0.0456752    0.0456752
    10000    0.0457108    0.0457108
    O-O    0.0457199    0.0457199

   Temperature = 600 K

   P(atm) REACS->PRODS      REACS->
        1      11.0885      11.0885
       10       16.884       16.884
      100      19.1943      19.1943
     1000      19.6189      19.6189
    10000      19.6683      19.6683
    O-O      19.6741      19.6741

   Temperature = 700 K

   P(atm) REACS->PRODS      REACS->
        1      618.895      618.895
       10      1143.73      1143.73
      100      1452.97      1452.97
     1000      1531.36      1531.36
    10000      1541.93      1541.93
    O-O      1543.03      1543.03

   Temperature = 800 K

   P(atm) REACS->PRODS      REACS->
        1      11162.1      11162.1
       10      25031.1      25031.1
      100      36610.2      36610.2
     1000      40687.2      40687.2
    10000      41354.7      41354.7
    O-O      41435.7      41435.7

   Temperature = 900 K

   P(atm) REACS->PRODS      REACS->
        1        93941        93941
       10       253097       253097
      100       434035       434035
     1000       521600       521600
    10000       539594       539594
    O-O       541915       541915

   Temperature = 1000 K

   P(atm) REACS->PRODS      REACS->
        1       462496       462496
       10  1.47393e+06  1.47393e+06
      100  2.98536e+06  2.98536e+06
     1000  3.97292e+06  3.97292e+06
    10000   4.2323e+06   4.2323e+06
    O-O  4.27023e+06  4.27023e+06

   Temperature = 1100 K

   P(atm) REACS->PRODS      REACS->
        1  1.55075e+06  1.55075e+06
       10  5.72795e+06  5.72795e+06
      100  1.36652e+07  1.36652e+07
     1000   2.0523e+07   2.0523e+07
    10000  2.28414e+07  2.28414e+07
    O-O  2.32331e+07  2.32331e+07

   Temperature = 1200 K

   P(atm) REACS->PRODS      REACS->
        1  3.94428e+06  3.94428e+06
       10  1.64952e+07  1.64952e+07
      100  4.58231e+07  4.58231e+07
     1000  7.85578e+07  7.85578e+07
    10000  9.27905e+07  9.27905e+07
    O-O  9.56268e+07  9.56268e+07

   Temperature = 1300 K

   P(atm) REACS->PRODS      REACS->
        1   8.2192e+06   8.2192e+06
       10  3.80279e+07  3.80279e+07
      100  1.20878e+08  1.20878e+08
     1000  2.37256e+08  2.37256e+08
    10000  3.01878e+08  3.01878e+08
    O-O  3.17311e+08  3.17311e+08

   Temperature = 1400 K

   P(atm) REACS->PRODS      REACS->
        1  1.48398e+07  1.48398e+07
       10  7.43863e+07  7.43863e+07
      100  2.65094e+08  2.65094e+08
     1000  5.92663e+08  5.92663e+08
    10000  8.22055e+08  8.22055e+08
    O-O  8.88474e+08  8.88474e+08

   Temperature = 1500 K

   P(atm) REACS->PRODS      REACS->
        1  2.41136e+07  2.41136e+07
       10  1.28752e+08  1.28752e+08
      100   5.0437e+08   5.0437e+08
     1000  1.27063e+09  1.27063e+09
    10000  1.93586e+09  1.93586e+09
    O-O  2.17097e+09  2.17097e+09

   Temperature = 1600 K

   P(atm) REACS->PRODS      REACS->
        1  3.62259e+07  3.62259e+07
       10  2.03316e+08  2.03316e+08
      100  8.60373e+08  8.60373e+08
     1000  2.40899e+09  2.40899e+09
    10000  4.04213e+09  4.04213e+09
    O-O  4.74785e+09  4.74785e+09

   Temperature = 1700 K

   P(atm) REACS->PRODS      REACS->
        1          ***          ***
       10  2.99568e+08  2.99568e+08
      100  1.34937e+09  1.34937e+09
     1000  4.13816e+09  4.13816e+09
    10000  7.63366e+09  7.63366e+09
    O-O  9.47552e+09  9.47552e+09

   Temperature = 1800 K

   P(atm) REACS->PRODS      REACS->
        1          ***          ***
       10          ***          ***
      100  1.98224e+09  1.98224e+09
     1000  6.56723e+09  6.56723e+09
    10000  1.32518e+10  1.32518e+10
    O-O  1.75204e+10  1.75204e+10

   Temperature = 1900 K

   P(atm) REACS->PRODS      REACS->
        1          ***          ***
       10          ***          ***
      100  2.76693e+09  2.76693e+09
     1000  9.78118e+09  9.78118e+09
    10000  2.14347e+10  2.14347e+10
    O-O  3.03751e+10  3.03751e+10

   Temperature = 2000 K

   P(atm) REACS->PRODS      REACS->
        1          ***          ***
       10          ***          ***
      100  3.70514e+09  3.70514e+09
     1000  1.38348e+10  1.38348e+10
    10000  3.26681e+10  3.26681e+10
    O-O  4.98536e+10  4.98536e+10

   Temperature = 2100 K

   P(atm) REACS->PRODS      REACS->
        1          ***          ***
       10          ***          ***
      100          ***          ***
     1000  1.87578e+10  1.87578e+10
    10000  4.73529e+10  4.73529e+10
    O-O  7.80654e+10  7.80654e+10

   Temperature = 2200 K

   P(atm) REACS->PRODS      REACS->
        1          ***          ***
       10          ***          ***
      100          ***          ***
     1000  2.45884e+10  2.45884e+10
    10000  6.58202e+10  6.58202e+10
    O-O  1.17375e+11  1.17375e+11

   Temperature = 2300 K

   P(atm) REACS->PRODS      REACS->
        1          ***          ***
       10          ***          ***
      100          ***          ***
     1000  3.13143e+10  3.13143e+10
    10000  8.82798e+10  8.82798e+10
    O-O  1.70347e+11  1.70347e+11

   Temperature = 2400 K

   P(atm) REACS->PRODS      REACS->
        1          ***          ***
       10          ***          ***
      100          ***          ***
     1000          ***          ***
    10000  1.14888e+11  1.14888e+11
    O-O  2.39692e+11  2.39692e+11

   Temperature = 2500 K

   P(atm) REACS->PRODS      REACS->
        1          ***          ***
       10          ***          ***
      100          ***          ***
     1000          ***          ***
    10000   1.4572e+11   1.4572e+11
    O-O  3.28196e+11  3.28196e+11

   Temperature = 300 K

   P(atm) PRODS->REACS      PRODS->
        1  1.79755e+25  1.79755e+25
       10  1.85763e+25  1.85763e+25
      100  1.86489e+25  1.86489e+25
     1000  1.86564e+25  1.86564e+25
    10000  1.86572e+25  1.86572e+25
    O-O  1.86683e+25  1.86683e+25

   Temperature = 400 K

   P(atm) PRODS->REACS      PRODS->
        1  3.53477e+15  3.53477e+15
       10   3.9416e+15   3.9416e+15
      100  4.01075e+15  4.01075e+15
     1000  4.01859e+15  4.01859e+15
    10000  4.01939e+15  4.01939e+15
    O-O  4.02156e+15  4.02156e+15

   Temperature = 500 K

   P(atm) PRODS->REACS      PRODS->
        1  4.69187e+09  4.69187e+09
       10  5.98805e+09  5.98805e+09
      100  6.32552e+09  6.32552e+09
     1000  6.37231e+09  6.37231e+09
    10000  6.37728e+09  6.37728e+09
    O-O  6.37854e+09  6.37854e+09

   Temperature = 600 K

   P(atm) PRODS->REACS      PRODS->
        1       499467       499467
       10       760519       760519
      100       864583       864583
     1000       883709       883709
    10000       885935       885935
    O-O       886195       886195

   Temperature = 700 K

   P(atm) PRODS->REACS      PRODS->
        1      640.957      640.957
       10       1184.5       1184.5
      100      1504.77      1504.77
     1000      1585.95      1585.95
    10000      1596.89      1596.89
    O-O      1598.04      1598.04

   Temperature = 800 K

   P(atm) PRODS->REACS      PRODS->
        1      3.86223      3.86223
       10       8.6612       8.6612
      100      12.6678      12.6678
     1000      14.0785      14.0785
    10000      14.3095      14.3095
    O-O      14.3375      14.3375

   Temperature = 900 K

   P(atm) PRODS->REACS      PRODS->
        1    0.0650043    0.0650043
       10      0.17516      0.17516
      100     0.300389     0.300389
     1000     0.360992     0.360992
    10000     0.373446     0.373446
    O-O     0.375052     0.375052

   Temperature = 1000 K

   P(atm) PRODS->REACS      PRODS->
        1   0.00224403   0.00224403
       10   0.00715771   0.00715771
      100    0.0145008    0.0145008
     1000    0.0192982    0.0192982
    10000    0.0205581    0.0205581
    O-O    0.0207423    0.0207423

   Temperature = 1100 K

   P(atm) PRODS->REACS      PRODS->
        1  0.000131268  0.000131268
       10  0.000486544  0.000486544
      100   0.00116209   0.00116209
     1000   0.00174558   0.00174558
    10000   0.00194279   0.00194279
    O-O   0.00197611   0.00197611

   Temperature = 1200 K

   P(atm) PRODS->REACS      PRODS->
        1  1.14955e-05  1.14955e-05
       10  4.85517e-05  4.85517e-05
      100  0.000135431  0.000135431
     1000   0.00023237   0.00023237
    10000  0.000274485  0.000274485
    O-O  0.000282876  0.000282876

   Temperature = 1300 K

   P(atm) PRODS->REACS      PRODS->
        1  1.38335e-06  1.38335e-06
       10  6.54065e-06  6.54065e-06
      100  2.10195e-05  2.10195e-05
     1000  4.13728e-05  4.13728e-05
    10000  5.26559e-05  5.26559e-05
    O-O  5.53483e-05  5.53483e-05

   Temperature = 1400 K

   P(atm) PRODS->REACS      PRODS->
        1  2.15132e-07  2.15132e-07
       10  1.12191e-06  1.12191e-06
      100  4.09277e-06  4.09277e-06
     1000  9.21954e-06  9.21954e-06
    10000  1.28003e-05  1.28003e-05
    O-O   1.3835e-05   1.3835e-05

   Temperature = 1500 K

   P(atm) PRODS->REACS      PRODS->
        1  4.12207e-08  4.12207e-08
       10  2.34423e-07  2.34423e-07
      100  9.57963e-07  9.57963e-07
     1000  2.45373e-06  2.45373e-06
    10000  3.74858e-06  3.74858e-06
    O-O  4.20441e-06  4.20441e-06

   Temperature = 1600 K

   P(atm) PRODS->REACS      PRODS->
        1  9.38189e-09  9.38189e-09
       10  5.76793e-08  5.76793e-08
      100  2.61118e-07  2.61118e-07
     1000  7.54243e-07  7.54243e-07
    10000  1.27376e-06  1.27376e-06
    O-O  1.49677e-06  1.49677e-06

   Temperature = 1700 K

   P(atm) PRODS->REACS      PRODS->
        1          *** -3.63635e-22
       10  1.62752e-08  1.62752e-08
      100  8.08819e-08  8.08819e-08
     1000   2.6124e-07   2.6124e-07
    10000  4.88288e-07  4.88288e-07
    O-O  6.06759e-07  6.06759e-07

   Temperature = 1800 K

   P(atm) PRODS->REACS      PRODS->
        1          *** -9.51117e-23
       10          *** -1.90223e-22
      100   2.7913e-08   2.7913e-08
     1000  1.00039e-07  1.00039e-07
    10000   2.0672e-07   2.0672e-07
    O-O  2.73981e-07  2.73981e-07

   Temperature = 1900 K

   P(atm) PRODS->REACS      PRODS->
        1          ***  5.52277e-23
       10          ***  5.52277e-23
      100   1.0567e-08   1.0567e-08
     1000  4.17366e-08  4.17366e-08
    10000  9.50966e-08  9.50966e-08
    O-O  1.35434e-07  1.35434e-07

   Temperature = 2000 K

   P(atm) PRODS->REACS      PRODS->
        1          *** -1.16956e-23
       10          *** -1.16956e-23
      100  4.32791e-09  4.32791e-09
     1000   1.8736e-08   1.8736e-08
    10000  4.69319e-08  4.69319e-08
    O-O  7.22793e-08  7.22793e-08

   Temperature = 2100 K

   P(atm) PRODS->REACS      PRODS->
        1          *** -1.60695e-23
       10          *** -1.60695e-23
      100          ***  1.60695e-23
     1000  8.95855e-09  8.95855e-09
    10000  2.45965e-08  2.45965e-08
    O-O  4.11828e-08  4.11828e-08

   Temperature = 2200 K

   P(atm) PRODS->REACS      PRODS->
        1          ***  8.86717e-24
       10          ***  5.91145e-24
      100          ***  2.95572e-24
     1000  4.52946e-09  4.52946e-09
    10000  1.35828e-08  1.35828e-08
    O-O  2.48234e-08  2.48234e-08

   Temperature = 2300 K

   P(atm) PRODS->REACS      PRODS->
        1          ***  4.62063e-24
       10          ***  4.62063e-24
      100          ***  6.93095e-24
     1000  2.40267e-09  2.40267e-09
    10000  7.84819e-09  7.84819e-09
    O-O  1.57098e-08  1.57098e-08

   Temperature = 2400 K

   P(atm) PRODS->REACS      PRODS->
        1          *** -7.61793e-24
       10          *** -9.52242e-24
      100          *** -7.61793e-24
     1000          *** -1.52359e-23
    10000  4.71903e-09  4.71903e-09
    O-O  1.03735e-08  1.03735e-08

   Temperature = 2500 K

   P(atm) PRODS->REACS      PRODS->
        1          ***  2.47245e-24
       10          ***  2.47245e-24
      100          ***  4.12076e-24
     1000          ***  9.88981e-24
    10000   2.9388e-09   2.9388e-09
    O-O  7.10954e-09  7.10954e-09

______________________________________________________________________________________

Temperature-Species Rate Tables:

   Pressure = 1 atm

   T(K) REACS->PRODS      REACS->      Capture
    300  1.80044e-12  1.80044e-12  1.86982e-12
    400  4.85271e-06  4.85271e-06    5.521e-06
    500    0.0336302    0.0336302    0.0457199
    600      11.0885      11.0885      19.6741
    700      618.895      618.895      1543.03
    800      11162.1      11162.1      41435.7
    900        93941        93941       541915
   1000       462496       462496  4.27023e+06
   1100  1.55075e+06  1.55075e+06  2.32331e+07
   1200  3.94428e+06  3.94428e+06  9.56268e+07
   1300   8.2192e+06   8.2192e+06  3.17311e+08
   1400  1.48398e+07  1.48398e+07  8.88474e+08
   1500  2.41136e+07  2.41136e+07  2.17097e+09
   1600  3.62259e+07  3.62259e+07  4.74785e+09
   1700          ***          ***  9.47552e+09
   1800          ***          ***  1.75204e+10
   1900          ***          ***  3.03751e+10
   2000          ***          ***  4.98536e+10
   2100          ***          ***  7.80654e+10
   2200          ***          ***  1.17375e+11
   2300          ***          ***  1.70347e+11
   2400          ***          ***  2.39692e+11
   2500          ***          ***  3.28196e+11

   Pressure = 10 atm

   T(K) REACS->PRODS      REACS->      Capture
    300  1.86061e-12  1.86061e-12  1.86982e-12
    400  5.41123e-06  5.41123e-06    5.521e-06
    500    0.0429209    0.0429209    0.0457199
    600       16.884       16.884      19.6741
    700      1143.73      1143.73      1543.03
    800      25031.1      25031.1      41435.7
    900       253097       253097       541915
   1000  1.47393e+06  1.47393e+06  4.27023e+06
   1100  5.72795e+06  5.72795e+06  2.32331e+07
   1200  1.64952e+07  1.64952e+07  9.56268e+07
   1300  3.80279e+07  3.80279e+07  3.17311e+08
   1400  7.43863e+07  7.43863e+07  8.88474e+08
   1500  1.28752e+08  1.28752e+08  2.17097e+09
   1600  2.03316e+08  2.03316e+08  4.74785e+09
   1700  2.99568e+08  2.99568e+08  9.47552e+09
   1800          ***          ***  1.75204e+10
   1900          ***          ***  3.03751e+10
   2000          ***          ***  4.98536e+10
   2100          ***          ***  7.80654e+10
   2200          ***          ***  1.17375e+11
   2300          ***          ***  1.70347e+11
   2400          ***          ***  2.39692e+11
   2500          ***          ***  3.28196e+11

   Pressure = 100 atm

   T(K) REACS->PRODS      REACS->      Capture
    300  1.86788e-12  1.86788e-12  1.86982e-12
    400  5.50616e-06  5.50616e-06    5.521e-06
    500    0.0453399    0.0453399    0.0457199
    600      19.1943      19.1943      19.6741
    700      1452.97      1452.97      1543.03
    800      36610.2      36610.2      41435.7
    900       434035       434035       541915
   1000  2.98536e+06  2.98536e+06  4.27023e+06
   1100  1.36652e+07  1.36652e+07  2.32331e+07
   1200  4.58231e+07  4.58231e+07  9.56268e+07
   1300  1.20878e+08  1.20878e+08  3.17311e+08
   1400  2.65094e+08  2.65094e+08  8.88474e+08
   1500   5.0437e+08   5.0437e+08  2.17097e+09
   1600  8.60373e+08  8.60373e+08  4.74785e+09
   1700  1.34937e+09  1.34937e+09  9.47552e+09
   1800  1.98224e+09  1.98224e+09  1.75204e+10
   1900  2.76693e+09  2.76693e+09  3.03751e+10
   2000  3.70514e+09  3.70514e+09  4.98536e+10
   2100          ***          ***  7.80654e+10
   2200          ***          ***  1.17375e+11
   2300          ***          ***  1.70347e+11
   2400          ***          ***  2.39692e+11
   2500          ***          ***  3.28196e+11

   Pressure = 1000 atm

   T(K) REACS->PRODS      REACS->      Capture
    300  1.86863e-12  1.86863e-12  1.86982e-12
    400  5.51693e-06  5.51693e-06    5.521e-06
    500    0.0456752    0.0456752    0.0457199
    600      19.6189      19.6189      19.6741
    700      1531.36      1531.36      1543.03
    800      40687.2      40687.2      41435.7
    900       521600       521600       541915
   1000  3.97292e+06  3.97292e+06  4.27023e+06
   1100   2.0523e+07   2.0523e+07  2.32331e+07
   1200  7.85578e+07  7.85578e+07  9.56268e+07
   1300  2.37256e+08  2.37256e+08  3.17311e+08
   1400  5.92663e+08  5.92663e+08  8.88474e+08
   1500  1.27063e+09  1.27063e+09  2.17097e+09
   1600  2.40899e+09  2.40899e+09  4.74785e+09
   1700  4.13816e+09  4.13816e+09  9.47552e+09
   1800  6.56723e+09  6.56723e+09  1.75204e+10
   1900  9.78118e+09  9.78118e+09  3.03751e+10
   2000  1.38348e+10  1.38348e+10  4.98536e+10
   2100  1.87578e+10  1.87578e+10  7.80654e+10
   2200  2.45884e+10  2.45884e+10  1.17375e+11
   2300  3.13143e+10  3.13143e+10  1.70347e+11
   2400          ***          ***  2.39692e+11
   2500          ***          ***  3.28196e+11

   Pressure = 10000 atm

   T(K) REACS->PRODS      REACS->      Capture
    300  1.86871e-12  1.86871e-12  1.86982e-12
    400  5.51802e-06  5.51802e-06    5.521e-06
    500    0.0457108    0.0457108    0.0457199
    600      19.6683      19.6683      19.6741
    700      1541.93      1541.93      1543.03
    800      41354.7      41354.7      41435.7
    900       539594       539594       541915
   1000   4.2323e+06   4.2323e+06  4.27023e+06
   1100  2.28414e+07  2.28414e+07  2.32331e+07
   1200  9.27905e+07  9.27905e+07  9.56268e+07
   1300  3.01878e+08  3.01878e+08  3.17311e+08
   1400  8.22055e+08  8.22055e+08  8.88474e+08
   1500  1.93586e+09  1.93586e+09  2.17097e+09
   1600  4.04213e+09  4.04213e+09  4.74785e+09
   1700  7.63366e+09  7.63366e+09  9.47552e+09
   1800  1.32518e+10  1.32518e+10  1.75204e+10
   1900  2.14347e+10  2.14347e+10  3.03751e+10
   2000  3.26681e+10  3.26681e+10  4.98536e+10
   2100  4.73529e+10  4.73529e+10  7.80654e+10
   2200  6.58202e+10  6.58202e+10  1.17375e+11
   2300  8.82798e+10  8.82798e+10  1.70347e+11
   2400  1.14888e+11  1.14888e+11  2.39692e+11
   2500   1.4572e+11   1.4572e+11  3.28196e+11

   Pressure = 1 atm

   T(K) PRODS->REACS      PRODS->      Capture
    300  1.79755e+25  1.79755e+25  1.86683e+25
    400  3.53477e+15  3.53477e+15  4.02156e+15
    500  4.69187e+09  4.69187e+09  6.37854e+09
    600       499467       499467       886195
    700      640.957      640.957      1598.04
    800      3.86223      3.86223      14.3375
    900    0.0650043    0.0650043     0.375052
   1000   0.00224403   0.00224403    0.0207423
   1100  0.000131268  0.000131268   0.00197611
   1200  1.14955e-05  1.14955e-05  0.000282876
   1300  1.38335e-06  1.38335e-06  5.53483e-05
   1400  2.15132e-07  2.15132e-07   1.3835e-05
   1500  4.12207e-08  4.12207e-08  4.20441e-06
   1600  9.38189e-09  9.38189e-09  1.49677e-06
   1700          *** -3.63635e-22  6.06759e-07
   1800          *** -9.51117e-23  2.73981e-07
   1900          ***  5.52277e-23  1.35434e-07
   2000          *** -1.16956e-23  7.22793e-08
   2100          *** -1.60695e-23  4.11828e-08
   2200          ***  8.86717e-24  2.48234e-08
   2300          ***  4.62063e-24  1.57098e-08
   2400          *** -7.61793e-24  1.03735e-08
   2500          ***  2.47245e-24  7.10954e-09

   Pressure = 10 atm

   T(K) PRODS->REACS      PRODS->      Capture
    300  1.85763e+25  1.85763e+25  1.86683e+25
    400   3.9416e+15   3.9416e+15  4.02156e+15
    500  5.98805e+09  5.98805e+09  6.37854e+09
    600       760519       760519       886195
    700       1184.5       1184.5      1598.04
    800       8.6612       8.6612      14.3375
    900      0.17516      0.17516     0.375052
   1000   0.00715771   0.00715771    0.0207423
   1100  0.000486544  0.000486544   0.00197611
   1200  4.85517e-05  4.85517e-05  0.000282876
   1300  6.54065e-06  6.54065e-06  5.53483e-05
   1400  1.12191e-06  1.12191e-06   1.3835e-05
   1500  2.34423e-07  2.34423e-07  4.20441e-06
   1600  5.76793e-08  5.76793e-08  1.49677e-06
   1700  1.62752e-08  1.62752e-08  6.06759e-07
   1800          *** -1.90223e-22  2.73981e-07
   1900          ***  5.52277e-23  1.35434e-07
   2000          *** -1.16956e-23  7.22793e-08
   2100          *** -1.60695e-23  4.11828e-08
   2200          ***  5.91145e-24  2.48234e-08
   2300          ***  4.62063e-24  1.57098e-08
   2400          *** -9.52242e-24  1.03735e-08
   2500          ***  2.47245e-24  7.10954e-09

   Pressure = 100 atm

   T(K) PRODS->REACS      PRODS->      Capture
    300  1.86489e+25  1.86489e+25  1.86683e+25
    400  4.01075e+15  4.01075e+15  4.02156e+15
    500  6.32552e+09  6.32552e+09  6.37854e+09
    600       864583       864583       886195
    700      1504.77      1504.77      1598.04
    800      12.6678      12.6678      14.3375
    900     0.300389     0.300389     0.375052
   1000    0.0145008    0.0145008    0.0207423
   1100   0.00116209   0.00116209   0.00197611
   1200  0.000135431  0.000135431  0.000282876
   1300  2.10195e-05  2.10195e-05  5.53483e-05
   1400  4.09277e-06  4.09277e-06   1.3835e-05
   1500  9.57963e-07  9.57963e-07  4.20441e-06
   1600  2.61118e-07  2.61118e-07  1.49677e-06
   1700  8.08819e-08  8.08819e-08  6.06759e-07
   1800   2.7913e-08   2.7913e-08  2.73981e-07
   1900   1.0567e-08   1.0567e-08  1.35434e-07
   2000  4.32791e-09  4.32791e-09  7.22793e-08
   2100          ***  1.60695e-23  4.11828e-08
   2200          ***  2.95572e-24  2.48234e-08
   2300          ***  6.93095e-24  1.57098e-08
   2400          *** -7.61793e-24  1.03735e-08
   2500          ***  4.12076e-24  7.10954e-09

   Pressure = 1000 atm

   T(K) PRODS->REACS      PRODS->      Capture
    300  1.86564e+25  1.86564e+25  1.86683e+25
    400  4.01859e+15  4.01859e+15  4.02156e+15
    500  6.37231e+09  6.37231e+09  6.37854e+09
    600       883709       883709       886195
    700      1585.95      1585.95      1598.04
    800      14.0785      14.0785      14.3375
    900     0.360992     0.360992     0.375052
   1000    0.0192982    0.0192982    0.0207423
   1100   0.00174558   0.00174558   0.00197611
   1200   0.00023237   0.00023237  0.000282876
   1300  4.13728e-05  4.13728e-05  5.53483e-05
   1400  9.21954e-06  9.21954e-06   1.3835e-05
   1500  2.45373e-06  2.45373e-06  4.20441e-06
   1600  7.54243e-07  7.54243e-07  1.49677e-06
   1700   2.6124e-07   2.6124e-07  6.06759e-07
   1800  1.00039e-07  1.00039e-07  2.73981e-07
   1900  4.17366e-08  4.17366e-08  1.35434e-07
   2000   1.8736e-08   1.8736e-08  7.22793e-08
   2100  8.95855e-09  8.95855e-09  4.11828e-08
   2200  4.52946e-09  4.52946e-09  2.48234e-08
   2300  2.40267e-09  2.40267e-09  1.57098e-08
   2400          *** -1.52359e-23  1.03735e-08
   2500          ***  9.88981e-24  7.10954e-09

   Pressure = 10000 atm

   T(K) PRODS->REACS      PRODS->      Capture
    300  1.86572e+25  1.86572e+25  1.86683e+25
    400  4.01939e+15  4.01939e+15  4.02156e+15
    500  6.37728e+09  6.37728e+09  6.37854e+09
    600       885935       885935       886195
    700      1596.89      1596.89      1598.04
    800      14.3095      14.3095      14.3375
    900     0.373446     0.373446     0.375052
   1000    0.0205581    0.0205581    0.0207423
   1100   0.00194279   0.00194279   0.00197611
   1200  0.000274485  0.000274485  0.000282876
   1300  5.26559e-05  5.26559e-05  5.53483e-05
   1400  1.28003e-05  1.28003e-05   1.3835e-05
   1500  3.74858e-06  3.74858e-06  4.20441e-06
   1600  1.27376e-06  1.27376e-06  1.49677e-06
   1700  4.88288e-07  4.88288e-07  6.06759e-07
   1800   2.0672e-07   2.0672e-07  2.73981e-07
   1900  9.50966e-08  9.50966e-08  1.35434e-07
   2000  4.69319e-08  4.69319e-08  7.22793e-08
   2100  2.45965e-08  2.45965e-08  4.11828e-08
   2200  1.35828e-08  1.35828e-08  2.48234e-08
   2300  7.84819e-09  7.84819e-09  1.57098e-08
   2400  4.71903e-09  4.71903e-09  1.03735e-08
   2500   2.9388e-09   2.9388e-09  7.10954e-09

______________________________________________________________________________________

Temperature-Pressure Rate Tables:

REACS->PRODS

P\T              300          400          500          600          700          800          900         1000         1100         1200         1300         1400         1500         1600         1700         1800         1900         2000         2100         2200         2300         2400         2500
1        1.80044e-12  4.85271e-06    0.0336302      11.0885      618.895      11162.1        93941       462496  1.55075e+06  3.94428e+06   8.2192e+06  1.48398e+07  2.41136e+07  3.62259e+07          ***          ***          ***          ***          ***          ***          ***          ***          ***
10       1.86061e-12  5.41123e-06    0.0429209       16.884      1143.73      25031.1       253097  1.47393e+06  5.72795e+06  1.64952e+07  3.80279e+07  7.43863e+07  1.28752e+08  2.03316e+08  2.99568e+08          ***          ***          ***          ***          ***          ***          ***          ***
100      1.86788e-12  5.50616e-06    0.0453399      19.1943      1452.97      36610.2       434035  2.98536e+06  1.36652e+07  4.58231e+07  1.20878e+08  2.65094e+08   5.0437e+08  8.60373e+08  1.34937e+09  1.98224e+09  2.76693e+09  3.70514e+09          ***          ***          ***          ***          ***
1000     1.86863e-12  5.51693e-06    0.0456752      19.6189      1531.36      40687.2       521600  3.97292e+06   2.0523e+07  7.85578e+07  2.37256e+08  5.92663e+08  1.27063e+09  2.40899e+09  4.13816e+09  6.56723e+09  9.78118e+09  1.38348e+10  1.87578e+10  2.45884e+10  3.13143e+10          ***          ***
10000    1.86871e-12  5.51802e-06    0.0457108      19.6683      1541.93      41354.7       539594   4.2323e+06  2.28414e+07  9.27905e+07  3.01878e+08  8.22055e+08  1.93586e+09  4.04213e+09  7.63366e+09  1.32518e+10  2.14347e+10  3.26681e+10  4.73529e+10  6.58202e+10  8.82798e+10  1.14888e+11   1.4572e+11
O-O      1.86982e-12    5.521e-06    0.0457199      19.6741      1543.03      41435.7       541915  4.27023e+06  2.32331e+07  9.56268e+07  3.17311e+08  8.88474e+08  2.17097e+09  4.74785e+09  9.47552e+09  1.75204e+10  3.03751e+10  4.98536e+10  7.80654e+10  1.17375e+11  1.70347e+11  2.39692e+11  3.28196e+11

PRODS->REACS

P\T              300          400          500          600          700          800          900         1000         1100         1200         1300         1400         1500         1600         1700         1800         1900         2000         2100         2200         2300         2400         2500
1        1.79755e+25  3.53477e+15  4.69187e+09       499467      640.957      3.86223    0.0650043   0.00224403  0.000131268  1.14955e-05  1.38335e-06  2.15132e-07  4.12207e-08  9.38189e-09          ***          ***          ***          ***          ***          ***          ***          ***          ***
10       1.85763e+25   3.9416e+15  5.98805e+09       760519       1184.5       8.6612      0.17516   0.00715771  0.000486544  4.85517e-05  6.54065e-06  1.12191e-06  2.34423e-07  5.76793e-08  1.62752e-08          ***          ***          ***          ***          ***          ***          ***          ***
100      1.86489e+25  4.01075e+15  6.32552e+09       864583      1504.77      12.6678     0.300389    0.0145008   0.00116209  0.000135431  2.10195e-05  4.09277e-06  9.57963e-07  2.61118e-07  8.08819e-08   2.7913e-08   1.0567e-08  4.32791e-09          ***          ***          ***          ***          ***
1000     1.86564e+25  4.01859e+15  6.37231e+09       883709      1585.95      14.0785     0.360992    0.0192982   0.00174558   0.00023237  4.13728e-05  9.21954e-06  2.45373e-06  7.54243e-07   2.6124e-07  1.00039e-07  4.17366e-08   1.8736e-08  8.95855e-09  4.52946e-09  2.40267e-09          ***          ***
10000    1.86572e+25  4.01939e+15  6.37728e+09       885935      1596.89      14.3095     0.373446    0.0205581   0.00194279  0.000274485  5.26559e-05  1.28003e-05  3.74858e-06  1.27376e-06  4.88288e-07   2.0672e-07  9.50966e-08  4.69319e-08  2.45965e-08  1.35828e-08  7.84819e-09  4.71903e-09   2.9388e-09
O-O      1.86683e+25  4.02156e+15  6.37854e+09       886195      1598.04      14.3375     0.375052    0.0207423   0.00197611  0.000282876  5.53483e-05   1.3835e-05  4.20441e-06  1.49677e-06  6.06759e-07  2.73981e-07  1.35434e-07  7.22793e-08  4.11828e-08  2.48234e-08  1.57098e-08  1.03735e-08  7.10954e-09

REACS-> 

P\T              300          400          500          600          700          800          900         1000         1100         1200         1300         1400         1500         1600         1700         1800         1900         2000         2100         2200         2300         2400         2500
1        1.80044e-12  4.85271e-06    0.0336302      11.0885      618.895      11162.1        93941       462496  1.55075e+06  3.94428e+06   8.2192e+06  1.48398e+07  2.41136e+07  3.62259e+07          ***          ***          ***          ***          ***          ***          ***          ***          ***
10       1.86061e-12  5.41123e-06    0.0429209       16.884      1143.73      25031.1       253097  1.47393e+06  5.72795e+06  1.64952e+07  3.80279e+07  7.43863e+07  1.28752e+08  2.03316e+08  2.99568e+08          ***          ***          ***          ***          ***          ***          ***          ***
100      1.86788e-12  5.50616e-06    0.0453399      19.1943      1452.97      36610.2       434035  2.98536e+06  1.36652e+07  4.58231e+07  1.20878e+08  2.65094e+08   5.0437e+08  8.60373e+08  1.34937e+09  1.98224e+09  2.76693e+09  3.70514e+09          ***          ***          ***          ***          ***
1000     1.86863e-12  5.51693e-06    0.0456752      19.6189      1531.36      40687.2       521600  3.97292e+06   2.0523e+07  7.85578e+07  2.37256e+08  5.92663e+08  1.27063e+09  2.40899e+09  4.13816e+09  6.56723e+09  9.78118e+09  1.38348e+10  1.87578e+10  2.45884e+10  3.13143e+10          ***          ***
10000    1.86871e-12  5.51802e-06    0.0457108      19.6683      1541.93      41354.7       539594   4.2323e+06  2.28414e+07  9.27905e+07  3.01878e+08  8.22055e+08  1.93586e+09  4.04213e+09  7.63366e+09  1.32518e+10  2.14347e+10  3.26681e+10  4.73529e+10  6.58202e+10  8.82798e+10  1.14888e+11   1.4572e+11
O-O      1.86982e-12    5.521e-06    0.0457199      19.6741      1543.03      41435.7       541915  4.27023e+06  2.32331e+07  9.56268e+07  3.17311e+08  8.88474e+08  2.17097e+09  4.74785e+09  9.47552e+09  1.75204e+10  3.03751e+10  4.98536e+10  7.80654e+10  1.17375e+11  1.70347e+11  2.39692e+11  3.28196e+11

PRODS-> 

P\T              300          400          500          600          700          800          900         1000         1100         1200         1300         1400         1500         1600         1700         1800         1900         2000         2100         2200         2300         2400         2500
1        1.79755e+25  3.53477e+15  4.69187e+09       499467      640.957      3.86223    0.0650043   0.00224403  0.000131268  1.14955e-05  1.38335e-06  2.15132e-07  4.12207e-08  9.38189e-09 -3.63635e-22 -9.51117e-23  5.52277e-23 -1.16956e-23 -1.60695e-23  8.86717e-24  4.62063e-24 -7.61793e-24  2.47245e-24
10       1.85763e+25   3.9416e+15  5.98805e+09       760519       1184.5       8.6612      0.17516   0.00715771  0.000486544  4.85517e-05  6.54065e-06  1.12191e-06  2.34423e-07  5.76793e-08  1.62752e-08 -1.90223e-22  5.52277e-23 -1.16956e-23 -1.60695e-23  5.91145e-24  4.62063e-24 -9.52242e-24  2.47245e-24
100      1.86489e+25  4.01075e+15  6.32552e+09       864583      1504.77      12.6678     0.300389    0.0145008   0.00116209  0.000135431  2.10195e-05  4.09277e-06  9.57963e-07  2.61118e-07  8.08819e-08   2.7913e-08   1.0567e-08  4.32791e-09  1.60695e-23  2.95572e-24  6.93095e-24 -7.61793e-24  4.12076e-24
1000     1.86564e+25  4.01859e+15  6.37231e+09       883709      1585.95      14.0785     0.360992    0.0192982   0.00174558   0.00023237  4.13728e-05  9.21954e-06  2.45373e-06  7.54243e-07   2.6124e-07  1.00039e-07  4.17366e-08   1.8736e-08  8.95855e-09  4.52946e-09  2.40267e-09 -1.52359e-23  9.88981e-24
10000    1.86572e+25  4.01939e+15  6.37728e+09       885935      1596.89      14.3095     0.373446    0.0205581   0.00194279  0.000274485  5.26559e-05  1.28003e-05  3.74858e-06  1.27376e-06  4.88288e-07   2.0672e-07  9.50966e-08  4.69319e-08  2.45965e-08  1.35828e-08  7.84819e-09  4.71903e-09   2.9388e-09
O-O      1.86683e+25  4.02156e+15  6.37854e+09       886195      1598.04      14.3375     0.375052    0.0207423   0.00197611  0.000282876  5.53483e-05   1.3835e-05  4.20441e-06  1.49677e-06  6.06759e-07  2.73981e-07  1.35434e-07  7.22793e-08  4.11828e-08  2.48234e-08  1.57098e-08  1.03735e-08  7.10954e-09

