Wells (G - ground energy, D - dissociation limit, kcal/mol):
      Name        G        D
     REACS      0.0    107.4

Bimolecular Products (G - ground energy, kcal/mol):
      Name        G
     PRODS    108.7

Well-to-Bimolecular Barriers (H/G - barrier height/well depth, kcal/mol)
      Name        H     Well        G  Product
        TS    107.4    REACS      0.0    PRODS

________________________________________________________________________________________

Unimolecular Rate Units: 1/sec;  Bimolecular Rate Units: cm^3/sec

______________________________________________________________________________________

Species-Species Rate Tables:

Temperature = 300 K

High Pressure Rate Coefficients:

From\To         REACS        PRODS
REACS             ***    1.344e-64
PRODS      1.8645e-10          ***

Temperature = 300 K    Pressure = 1 atm

From\To         REACS        PRODS
REACS     1.34216e-64  1.34216e-64
PRODS     1.86195e-10  1.86195e-10

Temperature = 300 K    Pressure = 10 atm

From\To         REACS        PRODS
REACS     1.34378e-64  1.34378e-64
PRODS      1.8642e-10   1.8642e-10

Temperature = 300 K    Pressure = 100 atm

From\To         REACS        PRODS
REACS     1.34395e-64  1.34395e-64
PRODS     1.86443e-10  1.86443e-10

Temperature = 300 K    Pressure = 1000 atm

From\To         REACS        PRODS
REACS     1.34396e-64  1.34396e-64
PRODS     1.86445e-10  1.86445e-10

Temperature = 300 K    Pressure = 10000 atm

From\To         REACS        PRODS
REACS     1.34396e-64  1.34396e-64
PRODS     1.86446e-10  1.86446e-10

Temperature = 400 K

High Pressure Rate Coefficients:

From\To         REACS        PRODS
REACS             ***  1.00175e-44
PRODS     1.42096e-10          ***

Temperature = 400 K    Pressure = 1 atm

From\To         REACS        PRODS
REACS      9.9386e-45   9.9386e-45
PRODS     1.40976e-10  1.40976e-10

Temperature = 400 K    Pressure = 10 atm

From\To         REACS        PRODS
REACS     1.00079e-44  1.00079e-44
PRODS      1.4196e-10   1.4196e-10

Temperature = 400 K    Pressure = 100 atm

From\To         REACS        PRODS
REACS     1.00156e-44  1.00156e-44
PRODS     1.42069e-10  1.42069e-10

Temperature = 400 K    Pressure = 1000 atm

From\To         REACS        PRODS
REACS     1.00164e-44  1.00164e-44
PRODS      1.4208e-10   1.4208e-10

Temperature = 400 K    Pressure = 10000 atm

From\To         REACS        PRODS
REACS     1.00165e-44  1.00165e-44
PRODS     1.42081e-10  1.42081e-10

Temperature = 500 K

High Pressure Rate Coefficients:

From\To         REACS        PRODS
REACS             ***  9.74703e-33
PRODS     1.30522e-10          ***

Temperature = 500 K    Pressure = 1 atm

From\To         REACS        PRODS
REACS     9.45829e-33  9.45829e-33
PRODS     1.26656e-10  1.26656e-10

Temperature = 500 K    Pressure = 10 atm

From\To         REACS        PRODS
REACS     9.70804e-33  9.70804e-33
PRODS         1.3e-10      1.3e-10

Temperature = 500 K    Pressure = 100 atm

From\To         REACS        PRODS
REACS     9.74192e-33  9.74192e-33
PRODS     1.30454e-10  1.30454e-10

Temperature = 500 K    Pressure = 1000 atm

From\To         REACS        PRODS
REACS     9.74555e-33  9.74555e-33
PRODS     1.30502e-10  1.30502e-10

Temperature = 500 K    Pressure = 10000 atm

From\To         REACS        PRODS
REACS     9.74591e-33  9.74591e-33
PRODS     1.30507e-10  1.30507e-10

Temperature = 600 K

High Pressure Rate Coefficients:

From\To         REACS        PRODS
REACS             ***  1.04654e-24
PRODS     1.29947e-10          ***

Temperature = 600 K    Pressure = 1 atm

From\To         REACS        PRODS
REACS     9.64314e-25  9.64314e-25
PRODS     1.19737e-10  1.19737e-10

Temperature = 600 K    Pressure = 10 atm

From\To         REACS        PRODS
REACS     1.03246e-24  1.03246e-24
PRODS     1.28199e-10  1.28199e-10

Temperature = 600 K    Pressure = 100 atm

From\To         REACS        PRODS
REACS     1.04468e-24  1.04468e-24
PRODS     1.29716e-10  1.29716e-10

Temperature = 600 K    Pressure = 1000 atm

From\To         REACS        PRODS
REACS     1.04615e-24  1.04615e-24
PRODS     1.29898e-10  1.29898e-10

Temperature = 600 K    Pressure = 10000 atm

From\To         REACS        PRODS
REACS      1.0463e-24   1.0463e-24
PRODS     1.29917e-10  1.29917e-10

Temperature = 700 K

High Pressure Rate Coefficients:

From\To         REACS        PRODS
REACS             ***  6.03455e-19
PRODS     1.34432e-10          ***

Temperature = 700 K    Pressure = 1 atm

From\To         REACS        PRODS
REACS     5.07697e-19  5.07697e-19
PRODS       1.131e-10    1.131e-10

Temperature = 700 K    Pressure = 10 atm

From\To         REACS        PRODS
REACS     5.82231e-19  5.82231e-19
PRODS     1.29704e-10  1.29704e-10

Temperature = 700 K    Pressure = 100 atm

From\To         REACS        PRODS
REACS     6.00381e-19  6.00381e-19
PRODS     1.33748e-10  1.33748e-10

Temperature = 700 K    Pressure = 1000 atm

From\To         REACS        PRODS
REACS      6.0299e-19   6.0299e-19
PRODS     1.34329e-10  1.34329e-10

Temperature = 700 K    Pressure = 10000 atm

From\To         REACS        PRODS
REACS     6.03275e-19  6.03275e-19
PRODS     1.34392e-10  1.34392e-10

Temperature = 800 K

High Pressure Rate Coefficients:

From\To         REACS        PRODS
REACS             ***  1.31081e-14
PRODS     1.41752e-10          ***

Temperature = 800 K    Pressure = 1 atm

From\To         REACS        PRODS
REACS     9.65801e-15  9.65801e-15
PRODS     1.04442e-10  1.04442e-10

Temperature = 800 K    Pressure = 10 atm

From\To         REACS        PRODS
REACS     1.21282e-14  1.21282e-14
PRODS     1.31155e-10  1.31155e-10

Temperature = 800 K    Pressure = 100 atm

From\To         REACS        PRODS
REACS     1.29395e-14  1.29395e-14
PRODS     1.39928e-10  1.39928e-10

Temperature = 800 K    Pressure = 1000 atm

From\To         REACS        PRODS
REACS     1.30848e-14  1.30848e-14
PRODS       1.415e-10    1.415e-10

Temperature = 800 K    Pressure = 10000 atm

From\To         REACS        PRODS
REACS     1.31022e-14  1.31022e-14
PRODS     1.41688e-10  1.41688e-10

Temperature = 900 K

High Pressure Rate Coefficients:

From\To         REACS        PRODS
REACS             ***  3.17555e-11
PRODS     1.50889e-10          ***

Temperature = 900 K    Pressure = 1 atm

From\To         REACS        PRODS
REACS     1.97161e-11  1.97161e-11
PRODS      9.3683e-11   9.3683e-11

Temperature = 900 K    Pressure = 10 atm

From\To         REACS        PRODS
REACS     2.74939e-11  2.74939e-11
PRODS      1.3064e-10   1.3064e-10

Temperature = 900 K    Pressure = 100 atm

From\To         REACS        PRODS
REACS     3.08627e-11  3.08627e-11
PRODS     1.46647e-10  1.46647e-10

Temperature = 900 K    Pressure = 1000 atm

From\To         REACS        PRODS
REACS     3.16276e-11  3.16276e-11
PRODS     1.50281e-10  1.50281e-10

Temperature = 900 K    Pressure = 10000 atm

From\To         REACS        PRODS
REACS     3.17323e-11  3.17323e-11
PRODS     1.50779e-10  1.50779e-10

Temperature = 1000 K

High Pressure Rate Coefficients:

From\To         REACS        PRODS
REACS             ***  1.64859e-08
PRODS     1.61313e-10          ***

Temperature = 1000 K    Pressure = 1 atm

From\To         REACS        PRODS
REACS     8.34692e-09  8.34692e-09
PRODS     8.16738e-11  8.16738e-11

Temperature = 1000 K    Pressure = 10 atm

From\To         REACS        PRODS
REACS     1.30067e-08  1.30067e-08
PRODS     1.27269e-10  1.27269e-10

Temperature = 1000 K    Pressure = 100 atm

From\To         REACS        PRODS
REACS     1.55991e-08  1.55991e-08
PRODS     1.52635e-10  1.52635e-10

Temperature = 1000 K    Pressure = 1000 atm

From\To         REACS        PRODS
REACS      1.6345e-08   1.6345e-08
PRODS     1.59934e-10  1.59934e-10

Temperature = 1000 K    Pressure = 10000 atm

From\To         REACS        PRODS
REACS     1.64649e-08  1.64649e-08
PRODS     1.61107e-10  1.61107e-10

Temperature = 1100 K

High Pressure Rate Coefficients:

From\To         REACS        PRODS
REACS             ***  2.78245e-06
PRODS      1.7272e-10          ***

Temperature = 1100 K    Pressure = 1 atm

From\To         REACS        PRODS
REACS     1.11846e-06  1.11846e-06
PRODS     6.94284e-11  6.94284e-11

Temperature = 1100 K    Pressure = 10 atm

From\To         REACS        PRODS
REACS     1.94874e-06  1.94874e-06
PRODS     1.20968e-10  1.20968e-10

Temperature = 1100 K    Pressure = 100 atm

From\To         REACS        PRODS
REACS     2.52687e-06  2.52687e-06
PRODS     1.56855e-10  1.56855e-10

Temperature = 1100 K    Pressure = 1000 atm

From\To         REACS        PRODS
REACS     2.73567e-06  2.73567e-06
PRODS     1.69816e-10  1.69816e-10

Temperature = 1100 K    Pressure = 10000 atm

From\To         REACS        PRODS
REACS     2.77569e-06  2.77569e-06
PRODS     1.72301e-10  1.72301e-10

Temperature = 1200 K

High Pressure Rate Coefficients:

From\To         REACS        PRODS
REACS             ***   0.00020172
PRODS     1.84922e-10          ***

Temperature = 1200 K    Pressure = 1 atm

From\To         REACS        PRODS
REACS     6.30695e-05  6.30695e-05
PRODS     5.78174e-11  5.78174e-11

Temperature = 1200 K    Pressure = 10 atm

From\To         REACS        PRODS
REACS     0.000122469  0.000122469
PRODS     1.12271e-10  1.12271e-10

Temperature = 1200 K    Pressure = 100 atm

From\To         REACS        PRODS
REACS     0.000173031  0.000173031
PRODS     1.58622e-10  1.58622e-10

Temperature = 1200 K    Pressure = 1000 atm

From\To         REACS        PRODS
REACS     0.000195635  0.000195635
PRODS     1.79343e-10  1.79343e-10

Temperature = 1200 K    Pressure = 10000 atm

From\To         REACS        PRODS
REACS     0.000200841  0.000200841
PRODS     1.84116e-10  1.84116e-10

Temperature = 1300 K

High Pressure Rate Coefficients:

From\To         REACS        PRODS
REACS             ***   0.00762184
PRODS     1.97796e-10          ***

Temperature = 1300 K    Pressure = 1 atm

From\To         REACS        PRODS
REACS      0.00182401   0.00182401
PRODS     4.73353e-11  4.73353e-11

Temperature = 1300 K    Pressure = 10 atm

From\To         REACS        PRODS
REACS      0.00392745   0.00392745
PRODS     1.01922e-10  1.01922e-10

Temperature = 1300 K    Pressure = 100 atm

From\To         REACS        PRODS
REACS      0.00607113   0.00607113
PRODS     1.57553e-10  1.57553e-10

Temperature = 1300 K    Pressure = 1000 atm

From\To         REACS        PRODS
REACS      0.00723928   0.00723928
PRODS     1.87868e-10  1.87868e-10

Temperature = 1300 K    Pressure = 10000 atm

From\To         REACS        PRODS
REACS      0.00756266   0.00756266
PRODS      1.9626e-10   1.9626e-10

Temperature = 1400 K

High Pressure Rate Coefficients:

From\To         REACS        PRODS
REACS             ***      0.17238
PRODS     2.11257e-10          ***

Temperature = 1400 K    Pressure = 1 atm

From\To         REACS        PRODS
REACS       0.0312052    0.0312052
PRODS     3.82428e-11  3.82428e-11

Temperature = 1400 K    Pressure = 10 atm

From\To         REACS        PRODS
REACS       0.0740513    0.0740513
PRODS     9.07519e-11  9.07519e-11

Temperature = 1400 K    Pressure = 100 atm

From\To         REACS        PRODS
REACS         0.12539      0.12539
PRODS     1.53669e-10  1.53669e-10

Temperature = 1400 K    Pressure = 1000 atm

From\To         REACS        PRODS
REACS        0.158976     0.158976
PRODS     1.94829e-10  1.94829e-10

Temperature = 1400 K    Pressure = 10000 atm

From\To         REACS        PRODS
REACS        0.170102     0.170102
PRODS     2.08464e-10  2.08464e-10

Temperature = 1500 K

High Pressure Rate Coefficients:

From\To         REACS        PRODS
REACS             ***      2.58364
PRODS     2.25245e-10          ***

Temperature = 1500 K    Pressure = 1 atm

From\To         REACS        PRODS
REACS        0.350765     0.350765
PRODS     3.05801e-11  3.05801e-11

Temperature = 1500 K    Pressure = 10 atm

From\To         REACS        PRODS
REACS        0.911547     0.911547
PRODS     7.94698e-11  7.94698e-11

Temperature = 1500 K    Pressure = 100 atm

From\To         REACS        PRODS
REACS         1.68918      1.68918
PRODS     1.47265e-10  1.47265e-10

Temperature = 1500 K    Pressure = 1000 atm

From\To         REACS        PRODS
REACS         2.29122      2.29122
PRODS     1.99751e-10  1.99751e-10

Temperature = 1500 K    Pressure = 10000 atm

From\To         REACS        PRODS
REACS         2.52826      2.52826
PRODS     2.20417e-10  2.20417e-10

Temperature = 1600 K

High Pressure Rate Coefficients:

From\To         REACS        PRODS
REACS             ***       27.702
PRODS     2.39714e-10          ***

Temperature = 1600 K    Pressure = 1 atm

From\To         REACS        PRODS
REACS           2.804        2.804
PRODS      2.4264e-11   2.4264e-11

Temperature = 1600 K    Pressure = 10 atm

From\To         REACS        PRODS
REACS         7.92993      7.92993
PRODS     6.86203e-11  6.86203e-11

Temperature = 1600 K    Pressure = 100 atm

From\To         REACS        PRODS
REACS          16.044       16.044
PRODS     1.38834e-10  1.38834e-10

Temperature = 1600 K    Pressure = 1000 atm

From\To         REACS        PRODS
REACS         23.3799      23.3799
PRODS     2.02314e-10  2.02314e-10

Temperature = 1600 K    Pressure = 10000 atm

From\To         REACS        PRODS
REACS         26.7849      26.7849
PRODS     2.31779e-10  2.31779e-10

Temperature = 1700 K

High Pressure Rate Coefficients:

From\To         REACS        PRODS
REACS             ***      225.311
PRODS     2.54632e-10          ***

Temperature = 1700 K    Pressure = 1 atm

From\To         REACS        PRODS
REACS          16.937       16.937
PRODS     1.91411e-11  1.91411e-11

Temperature = 1700 K    Pressure = 10 atm

From\To         REACS        PRODS
REACS         51.8165      51.8165
PRODS     5.85598e-11  5.85598e-11

Temperature = 1700 K    Pressure = 100 atm

From\To         REACS        PRODS
REACS         114.097      114.097
PRODS     1.28945e-10  1.28945e-10

Temperature = 1700 K    Pressure = 1000 atm

From\To         REACS        PRODS
REACS         179.063      179.063
PRODS     2.02366e-10  2.02366e-10

Temperature = 1700 K    Pressure = 10000 atm

From\To         REACS        PRODS
REACS         214.305      214.305
PRODS     2.42194e-10  2.42194e-10

Temperature = 1800 K

High Pressure Rate Coefficients:

From\To         REACS        PRODS
REACS             ***      1455.06
PRODS      2.6997e-10          ***

Temperature = 1800 K    Pressure = 1 atm

From\To         REACS        PRODS
REACS         81.0447      81.0447
PRODS     1.50369e-11  1.50369e-11

Temperature = 1800 K    Pressure = 10 atm

From\To         REACS        PRODS
REACS          266.74       266.74
PRODS     4.94906e-11  4.94906e-11

Temperature = 1800 K    Pressure = 100 atm

From\To         REACS        PRODS
REACS         636.884      636.884
PRODS     1.18167e-10  1.18167e-10

Temperature = 1800 K    Pressure = 1000 atm

From\To         REACS        PRODS
REACS         1077.56      1077.56
PRODS     1.99929e-10  1.99929e-10

Temperature = 1800 K    Pressure = 10000 atm

From\To         REACS        PRODS
REACS         1354.53      1354.53
PRODS     2.51318e-10  2.51318e-10

Temperature = 1900 K

High Pressure Rate Coefficients:

From\To         REACS        PRODS
REACS             ***      7735.61
PRODS     2.85706e-10          ***

Temperature = 1900 K    Pressure = 1 atm

From\To         REACS        PRODS
REACS         318.938      318.938
PRODS     1.17796e-11  1.17796e-11

Temperature = 1900 K    Pressure = 10 atm

From\To         REACS        PRODS
REACS         1123.51      1123.51
PRODS     4.14956e-11  4.14956e-11

Temperature = 1900 K    Pressure = 100 atm

From\To         REACS        PRODS
REACS         2897.55      2897.55
PRODS     1.07018e-10  1.07018e-10

Temperature = 1900 K    Pressure = 1000 atm

From\To         REACS        PRODS
REACS          5284.6       5284.6
PRODS     1.95181e-10  1.95181e-10

Temperature = 1900 K    Pressure = 10000 atm

From\To         REACS        PRODS
REACS         7008.22      7008.22
PRODS     2.58841e-10  2.58841e-10

Temperature = 2000 K

High Pressure Rate Coefficients:

From\To         REACS        PRODS
REACS             ***      34849.6
PRODS     3.01823e-10          ***

Temperature = 2000 K    Pressure = 1 atm

From\To         REACS        PRODS
REACS         1063.56      1063.56
PRODS     9.21112e-12  9.21112e-12

Temperature = 2000 K    Pressure = 10 atm

From\To         REACS        PRODS
REACS          3991.3       3991.3
PRODS     3.45676e-11  3.45676e-11

Temperature = 2000 K    Pressure = 100 atm

From\To         REACS        PRODS
REACS         11075.3      11075.3
PRODS     9.59205e-11  9.59205e-11

Temperature = 2000 K    Pressure = 1000 atm

From\To         REACS        PRODS
REACS         21753.6      21753.6
PRODS     1.88402e-10  1.88402e-10

Temperature = 2000 K    Pressure = 10000 atm

From\To         REACS        PRODS
REACS         30541.2      30541.2
PRODS     2.64509e-10  2.64509e-10

Temperature = 2100 K

High Pressure Rate Coefficients:

From\To         REACS        PRODS
REACS             ***       136202
PRODS     3.18306e-10          ***

Temperature = 2100 K    Pressure = 1 atm

From\To         REACS        PRODS
REACS         3078.99      3078.99
PRODS     7.19552e-12  7.19552e-12

Temperature = 2100 K    Pressure = 10 atm

From\To         REACS        PRODS
REACS         12257.2      12257.2
PRODS     2.86451e-11  2.86451e-11

Temperature = 2100 K    Pressure = 100 atm

From\To         REACS        PRODS
REACS         36455.8      36455.8
PRODS     8.51976e-11  8.51976e-11

Temperature = 2100 K    Pressure = 1000 atm

From\To         REACS        PRODS
REACS         76997.9      76997.9
PRODS     1.79945e-10  1.79945e-10

Temperature = 2100 K    Pressure = 10000 atm

From\To         REACS        PRODS
REACS          114738       114738
PRODS     2.68144e-10  2.68144e-10

Temperature = 2200 K

High Pressure Rate Coefficients:

From\To         REACS        PRODS
REACS             ***       470763
PRODS     3.35141e-10          ***

Temperature = 2200 K    Pressure = 1 atm

From\To         REACS        PRODS
REACS         7893.06      7893.06
PRODS     5.61895e-12  5.61895e-12

Temperature = 2200 K    Pressure = 10 atm

From\To         REACS        PRODS
REACS         33204.7      33204.7
PRODS     2.36385e-11  2.36385e-11

Temperature = 2200 K    Pressure = 100 atm

From\To         REACS        PRODS
REACS          105467       105467
PRODS      7.5083e-11   7.5083e-11

Temperature = 2200 K    Pressure = 1000 atm

From\To         REACS        PRODS
REACS          239074       239074
PRODS     1.70199e-10  1.70199e-10

Temperature = 2200 K    Pressure = 10000 atm

From\To         REACS        PRODS
REACS          378774       378774
PRODS     2.69653e-10  2.69653e-10

Temperature = 2300 K

High Pressure Rate Coefficients:

From\To         REACS        PRODS
REACS             ***  1.46206e+06
PRODS     3.52318e-10          ***

Temperature = 2300 K    Pressure = 1 atm

From\To         REACS        PRODS
REACS         18215.8      18215.8
PRODS     4.38915e-12  4.38915e-12

Temperature = 2300 K    Pressure = 10 atm

From\To         REACS        PRODS
REACS         80687.6      80687.6
PRODS     1.94429e-11  1.94429e-11

Temperature = 2300 K    Pressure = 100 atm

From\To         REACS        PRODS
REACS          272737       272737
PRODS     6.57219e-11  6.57219e-11

Temperature = 2300 K    Pressure = 1000 atm

From\To         REACS        PRODS
REACS          662088       662088
PRODS     1.59546e-10  1.59546e-10

Temperature = 2300 K    Pressure = 10000 atm

From\To         REACS        PRODS
REACS      1.1164e+06   1.1164e+06
PRODS     2.69024e-10  2.69024e-10

Temperature = 2400 K

High Pressure Rate Coefficients:

From\To         REACS        PRODS
REACS             ***  4.13462e+06
PRODS     3.69826e-10          ***

Temperature = 2400 K    Pressure = 1 atm

From\To         REACS        PRODS
REACS         38365.5      38365.5
PRODS       3.431e-12    3.431e-12

Temperature = 2400 K    Pressure = 10 atm

From\To         REACS        PRODS
REACS          178353       178353
PRODS     1.59517e-11  1.59517e-11

Temperature = 2400 K    Pressure = 100 atm

From\To         REACS        PRODS
REACS          639429       639429
PRODS     5.71931e-11  5.71931e-11

Temperature = 2400 K    Pressure = 1000 atm

From\To         REACS        PRODS
REACS     1.65847e+06  1.65847e+06
PRODS     1.48343e-10  1.48343e-10

Temperature = 2400 K    Pressure = 10000 atm

From\To         REACS        PRODS
REACS     2.97747e+06  2.97747e+06
PRODS     2.66323e-10  2.66323e-10

Temperature = 2500 K

High Pressure Rate Coefficients:

From\To         REACS        PRODS
REACS             ***  1.07662e+07
PRODS     3.87656e-10          ***

Temperature = 2500 K    Pressure = 1 atm

From\To         REACS        PRODS
REACS         74605.3      74605.2
PRODS     2.68524e-12  2.68524e-12

Temperature = 2500 K    Pressure = 10 atm

From\To         REACS        PRODS
REACS          362860       362860
PRODS     1.30632e-11  1.30632e-11

Temperature = 2500 K    Pressure = 100 atm

From\To         REACS        PRODS
REACS     1.37544e+06  1.37544e+06
PRODS     4.95223e-11  4.95223e-11

Temperature = 2500 K    Pressure = 1000 atm

From\To         REACS        PRODS
REACS     3.80234e+06  3.80234e+06
PRODS     1.36908e-10  1.36908e-10

Temperature = 2500 K    Pressure = 10000 atm

From\To         REACS        PRODS
REACS     7.26756e+06  7.26756e+06
PRODS      2.6168e-10   2.6168e-10

______________________________________________________________________________________

High Pressure Rate Coefficients (Temperature-Species Rate Tables):

   T(K) REACS->REACS REACS->PRODS
    300          ***    1.344e-64
    400          ***  1.00175e-44
    500          ***  9.74703e-33
    600          ***  1.04654e-24
    700          ***  6.03455e-19
    800          ***  1.31081e-14
    900          ***  3.17555e-11
   1000          ***  1.64859e-08
   1100          ***  2.78245e-06
   1200          ***   0.00020172
   1300          ***   0.00762184
   1400          ***      0.17238
   1500          ***      2.58364
   1600          ***       27.702
   1700          ***      225.311
   1800          ***      1455.06
   1900          ***      7735.61
   2000          ***      34849.6
   2100          ***       136202
   2200          ***       470763
   2300          ***  1.46206e+06
   2400          ***  4.13462e+06
   2500          ***  1.07662e+07

   T(K) PRODS->REACS PRODS->PRODS
    300   1.8645e-10          ***
    400  1.42096e-10          ***
    500  1.30522e-10          ***
    600  1.29947e-10          ***
    700  1.34432e-10          ***
    800  1.41752e-10          ***
    900  1.50889e-10          ***
   1000  1.61313e-10          ***
   1100   1.7272e-10          ***
   1200  1.84922e-10          ***
   1300  1.97796e-10          ***
   1400  2.11257e-10          ***
   1500  2.25245e-10          ***
   1600  2.39714e-10          ***
   1700  2.54632e-10          ***
   1800   2.6997e-10          ***
   1900  2.85706e-10          ***
   2000  3.01823e-10          ***
   2100  3.18306e-10          ***
   2200  3.35141e-10          ***
   2300  3.52318e-10          ***
   2400  3.69826e-10          ***
   2500  3.87656e-10          ***

Capture/Escape Rate Coefficients:

   T(K)        REACS        PRODS
    300    1.344e-64   1.8645e-10
    400  1.00175e-44  1.42096e-10
    500  9.74703e-33  1.30522e-10
    600  1.04654e-24  1.29947e-10
    700  6.03455e-19  1.34432e-10
    800  1.31081e-14  1.41752e-10
    900  3.17555e-11  1.50889e-10
   1000  1.64859e-08  1.61313e-10
   1100  2.78245e-06   1.7272e-10
   1200   0.00020172  1.84922e-10
   1300   0.00762184  1.97796e-10
   1400      0.17238  2.11257e-10
   1500      2.58364  2.25245e-10
   1600       27.702  2.39714e-10
   1700      225.311  2.54632e-10
   1800      1455.06   2.6997e-10
   1900      7735.61  2.85706e-10
   2000      34849.6  3.01823e-10
   2100       136202  3.18306e-10
   2200       470763  3.35141e-10
   2300  1.46206e+06  3.52318e-10
   2400  4.13462e+06  3.69826e-10
   2500  1.07662e+07  3.87656e-10

______________________________________________________________________________________

Pressure-Species Rate Tables:

   Temperature = 300 K

   P(atm) REACS->PRODS      REACS->
        1  1.34216e-64  1.34216e-64
       10  1.34378e-64  1.34378e-64
      100  1.34395e-64  1.34395e-64
     1000  1.34396e-64  1.34396e-64
    10000  1.34396e-64  1.34396e-64
    O-O    1.344e-64    1.344e-64

   Temperature = 400 K

   P(atm) REACS->PRODS      REACS->
        1   9.9386e-45   9.9386e-45
       10  1.00079e-44  1.00079e-44
      100  1.00156e-44  1.00156e-44
     1000  1.00164e-44  1.00164e-44
    10000  1.00165e-44  1.00165e-44
    O-O  1.00175e-44  1.00175e-44

   Temperature = 500 K

   P(atm) REACS->PRODS      REACS->
        1  9.45829e-33  9.45829e-33
       10  9.70804e-33  9.70804e-33
      100  9.74192e-33  9.74192e-33
     1000  9.74555e-33  9.74555e-33
    10000  9.74591e-33  9.74591e-33
    O-O  9.74703e-33  9.74703e-33

   Temperature = 600 K

   P(atm) REACS->PRODS      REACS->
        1  9.64314e-25  9.64314e-25
       10  1.03246e-24  1.03246e-24
      100  1.04468e-24  1.04468e-24
     1000  1.04615e-24  1.04615e-24
    10000   1.0463e-24   1.0463e-24
    O-O  1.04654e-24  1.04654e-24

   Temperature = 700 K

   P(atm) REACS->PRODS      REACS->
        1  5.07697e-19  5.07697e-19
       10  5.82231e-19  5.82231e-19
      100  6.00381e-19  6.00381e-19
     1000   6.0299e-19   6.0299e-19
    10000  6.03275e-19  6.03275e-19
    O-O  6.03455e-19  6.03455e-19

   Temperature = 800 K

   P(atm) REACS->PRODS      REACS->
        1  9.65801e-15  9.65801e-15
       10  1.21282e-14  1.21282e-14
      100  1.29395e-14  1.29395e-14
     1000  1.30848e-14  1.30848e-14
    10000  1.31022e-14  1.31022e-14
    O-O  1.31081e-14  1.31081e-14

   Temperature = 900 K

   P(atm) REACS->PRODS      REACS->
        1  1.97161e-11  1.97161e-11
       10  2.74939e-11  2.74939e-11
      100  3.08627e-11  3.08627e-11
     1000  3.16276e-11  3.16276e-11
    10000  3.17323e-11  3.17323e-11
    O-O  3.17555e-11  3.17555e-11

   Temperature = 1000 K

   P(atm) REACS->PRODS      REACS->
        1  8.34692e-09  8.34692e-09
       10  1.30067e-08  1.30067e-08
      100  1.55991e-08  1.55991e-08
     1000   1.6345e-08   1.6345e-08
    10000  1.64649e-08  1.64649e-08
    O-O  1.64859e-08  1.64859e-08

   Temperature = 1100 K

   P(atm) REACS->PRODS      REACS->
        1  1.11846e-06  1.11846e-06
       10  1.94874e-06  1.94874e-06
      100  2.52687e-06  2.52687e-06
     1000  2.73567e-06  2.73567e-06
    10000  2.77569e-06  2.77569e-06
    O-O  2.78245e-06  2.78245e-06

   Temperature = 1200 K

   P(atm) REACS->PRODS      REACS->
        1  6.30695e-05  6.30695e-05
       10  0.000122469  0.000122469
      100  0.000173031  0.000173031
     1000  0.000195635  0.000195635
    10000  0.000200841  0.000200841
    O-O   0.00020172   0.00020172

   Temperature = 1300 K

   P(atm) REACS->PRODS      REACS->
        1   0.00182401   0.00182401
       10   0.00392745   0.00392745
      100   0.00607113   0.00607113
     1000   0.00723928   0.00723928
    10000   0.00756266   0.00756266
    O-O   0.00762184   0.00762184

   Temperature = 1400 K

   P(atm) REACS->PRODS      REACS->
        1    0.0312052    0.0312052
       10    0.0740513    0.0740513
      100      0.12539      0.12539
     1000     0.158976     0.158976
    10000     0.170102     0.170102
    O-O      0.17238      0.17238

   Temperature = 1500 K

   P(atm) REACS->PRODS      REACS->
        1     0.350765     0.350765
       10     0.911547     0.911547
      100      1.68918      1.68918
     1000      2.29122      2.29122
    10000      2.52826      2.52826
    O-O      2.58364      2.58364

   Temperature = 1600 K

   P(atm) REACS->PRODS      REACS->
        1        2.804        2.804
       10      7.92993      7.92993
      100       16.044       16.044
     1000      23.3799      23.3799
    10000      26.7849      26.7849
    O-O       27.702       27.702

   Temperature = 1700 K

   P(atm) REACS->PRODS      REACS->
        1       16.937       16.937
       10      51.8165      51.8165
      100      114.097      114.097
     1000      179.063      179.063
    10000      214.305      214.305
    O-O      225.311      225.311

   Temperature = 1800 K

   P(atm) REACS->PRODS      REACS->
        1      81.0447      81.0447
       10       266.74       266.74
      100      636.884      636.884
     1000      1077.56      1077.56
    10000      1354.53      1354.53
    O-O      1455.06      1455.06

   Temperature = 1900 K

   P(atm) REACS->PRODS      REACS->
        1      318.938      318.938
       10      1123.51      1123.51
      100      2897.55      2897.55
     1000       5284.6       5284.6
    10000      7008.22      7008.22
    O-O      7735.61      7735.61

   Temperature = 2000 K

   P(atm) REACS->PRODS      REACS->
        1      1063.56      1063.56
       10       3991.3       3991.3
      100      11075.3      11075.3
     1000      21753.6      21753.6
    10000      30541.2      30541.2
    O-O      34849.6      34849.6

   Temperature = 2100 K

   P(atm) REACS->PRODS      REACS->
        1      3078.99      3078.99
       10      12257.2      12257.2
      100      36455.8      36455.8
     1000      76997.9      76997.9
    10000       114738       114738
    O-O       136202       136202

   Temperature = 2200 K

   P(atm) REACS->PRODS      REACS->
        1      7893.06      7893.06
       10      33204.7      33204.7
      100       105467       105467
     1000       239074       239074
    10000       378774       378774
    O-O       470763       470763

   Temperature = 2300 K

   P(atm) REACS->PRODS      REACS->
        1      18215.8      18215.8
       10      80687.6      80687.6
      100       272737       272737
     1000       662088       662088
    10000   1.1164e+06   1.1164e+06
    O-O  1.46206e+06  1.46206e+06

   Temperature = 2400 K

   P(atm) REACS->PRODS      REACS->
        1      38365.5      38365.5
       10       178353       178353
      100       639429       639429
     1000  1.65847e+06  1.65847e+06
    10000  2.97747e+06  2.97747e+06
    O-O  4.13462e+06  4.13462e+06

   Temperature = 2500 K

   P(atm) REACS->PRODS      REACS->
        1      74605.2      74605.3
       10       362860       362860
      100  1.37544e+06  1.37544e+06
     1000  3.80234e+06  3.80234e+06
    10000  7.26756e+06  7.26756e+06
    O-O  1.07662e+07  1.07662e+07

   Temperature = 300 K

   P(atm) PRODS->REACS      PRODS->
        1  1.86195e-10  1.86195e-10
       10   1.8642e-10   1.8642e-10
      100  1.86443e-10  1.86443e-10
     1000  1.86445e-10  1.86445e-10
    10000  1.86446e-10  1.86446e-10
    O-O   1.8645e-10   1.8645e-10

   Temperature = 400 K

   P(atm) PRODS->REACS      PRODS->
        1  1.40976e-10  1.40976e-10
       10   1.4196e-10   1.4196e-10
      100  1.42069e-10  1.42069e-10
     1000   1.4208e-10   1.4208e-10
    10000  1.42081e-10  1.42081e-10
    O-O  1.42096e-10  1.42096e-10

   Temperature = 500 K

   P(atm) PRODS->REACS      PRODS->
        1  1.26656e-10  1.26656e-10
       10      1.3e-10      1.3e-10
      100  1.30454e-10  1.30454e-10
     1000  1.30502e-10  1.30502e-10
    10000  1.30507e-10  1.30507e-10
    O-O  1.30522e-10  1.30522e-10

   Temperature = 600 K

   P(atm) PRODS->REACS      PRODS->
        1  1.19737e-10  1.19737e-10
       10  1.28199e-10  1.28199e-10
      100  1.29716e-10  1.29716e-10
     1000  1.29898e-10  1.29898e-10
    10000  1.29917e-10  1.29917e-10
    O-O  1.29947e-10  1.29947e-10

   Temperature = 700 K

   P(atm) PRODS->REACS      PRODS->
        1    1.131e-10    1.131e-10
       10  1.29704e-10  1.29704e-10
      100  1.33748e-10  1.33748e-10
     1000  1.34329e-10  1.34329e-10
    10000  1.34392e-10  1.34392e-10
    O-O  1.34432e-10  1.34432e-10

   Temperature = 800 K

   P(atm) PRODS->REACS      PRODS->
        1  1.04442e-10  1.04442e-10
       10  1.31155e-10  1.31155e-10
      100  1.39928e-10  1.39928e-10
     1000    1.415e-10    1.415e-10
    10000  1.41688e-10  1.41688e-10
    O-O  1.41752e-10  1.41752e-10

   Temperature = 900 K

   P(atm) PRODS->REACS      PRODS->
        1   9.3683e-11   9.3683e-11
       10   1.3064e-10   1.3064e-10
      100  1.46647e-10  1.46647e-10
     1000  1.50281e-10  1.50281e-10
    10000  1.50779e-10  1.50779e-10
    O-O  1.50889e-10  1.50889e-10

   Temperature = 1000 K

   P(atm) PRODS->REACS      PRODS->
        1  8.16738e-11  8.16738e-11
       10  1.27269e-10  1.27269e-10
      100  1.52635e-10  1.52635e-10
     1000  1.59934e-10  1.59934e-10
    10000  1.61107e-10  1.61107e-10
    O-O  1.61313e-10  1.61313e-10

   Temperature = 1100 K

   P(atm) PRODS->REACS      PRODS->
        1  6.94284e-11  6.94284e-11
       10  1.20968e-10  1.20968e-10
      100  1.56855e-10  1.56855e-10
     1000  1.69816e-10  1.69816e-10
    10000  1.72301e-10  1.72301e-10
    O-O   1.7272e-10   1.7272e-10

   Temperature = 1200 K

   P(atm) PRODS->REACS      PRODS->
        1  5.78174e-11  5.78174e-11
       10  1.12271e-10  1.12271e-10
      100  1.58622e-10  1.58622e-10
     1000  1.79343e-10  1.79343e-10
    10000  1.84116e-10  1.84116e-10
    O-O  1.84922e-10  1.84922e-10

   Temperature = 1300 K

   P(atm) PRODS->REACS      PRODS->
        1  4.73353e-11  4.73353e-11
       10  1.01922e-10  1.01922e-10
      100  1.57553e-10  1.57553e-10
     1000  1.87868e-10  1.87868e-10
    10000   1.9626e-10   1.9626e-10
    O-O  1.97796e-10  1.97796e-10

   Temperature = 1400 K

   P(atm) PRODS->REACS      PRODS->
        1  3.82428e-11  3.82428e-11
       10  9.07519e-11  9.07519e-11
      100  1.53669e-10  1.53669e-10
     1000  1.94829e-10  1.94829e-10
    10000  2.08464e-10  2.08464e-10
    O-O  2.11257e-10  2.11257e-10

   Temperature = 1500 K

   P(atm) PRODS->REACS      PRODS->
        1  3.05801e-11  3.05801e-11
       10  7.94698e-11  7.94698e-11
      100  1.47265e-10  1.47265e-10
     1000  1.99751e-10  1.99751e-10
    10000  2.20417e-10  2.20417e-10
    O-O  2.25245e-10  2.25245e-10

   Temperature = 1600 K

   P(atm) PRODS->REACS      PRODS->
        1   2.4264e-11   2.4264e-11
       10  6.86203e-11  6.86203e-11
      100  1.38834e-10  1.38834e-10
     1000  2.02314e-10  2.02314e-10
    10000  2.31779e-10  2.31779e-10
    O-O  2.39714e-10  2.39714e-10

   Temperature = 1700 K

   P(atm) PRODS->REACS      PRODS->
        1  1.91411e-11  1.91411e-11
       10  5.85598e-11  5.85598e-11
      100  1.28945e-10  1.28945e-10
     1000  2.02366e-10  2.02366e-10
    10000  2.42194e-10  2.42194e-10
    O-O  2.54632e-10  2.54632e-10

   Temperature = 1800 K

   P(atm) PRODS->REACS      PRODS->
        1  1.50369e-11  1.50369e-11
       10  4.94906e-11  4.94906e-11
      100  1.18167e-10  1.18167e-10
     1000  1.99929e-10  1.99929e-10
    10000  2.51318e-10  2.51318e-10
    O-O   2.6997e-10   2.6997e-10

   Temperature = 1900 K

   P(atm) PRODS->REACS      PRODS->
        1  1.17796e-11  1.17796e-11
       10  4.14956e-11  4.14956e-11
      100  1.07018e-10  1.07018e-10
     1000  1.95181e-10  1.95181e-10
    10000  2.58841e-10  2.58841e-10
    O-O  2.85706e-10  2.85706e-10

   Temperature = 2000 K

   P(atm) PRODS->REACS      PRODS->
        1  9.21112e-12  9.21112e-12
       10  3.45676e-11  3.45676e-11
      100  9.59205e-11  9.59205e-11
     1000  1.88402e-10  1.88402e-10
    10000  2.64509e-10  2.64509e-10
    O-O  3.01823e-10  3.01823e-10

   Temperature = 2100 K

   P(atm) PRODS->REACS      PRODS->
        1  7.19552e-12  7.19552e-12
       10  2.86451e-11  2.86451e-11
      100  8.51976e-11  8.51976e-11
     1000  1.79945e-10  1.79945e-10
    10000  2.68144e-10  2.68144e-10
    O-O  3.18306e-10  3.18306e-10

   Temperature = 2200 K

   P(atm) PRODS->REACS      PRODS->
        1  5.61895e-12  5.61895e-12
       10  2.36385e-11  2.36385e-11
      100   7.5083e-11   7.5083e-11
     1000  1.70199e-10  1.70199e-10
    10000  2.69653e-10  2.69653e-10
    O-O  3.35141e-10  3.35141e-10

   Temperature = 2300 K

   P(atm) PRODS->REACS      PRODS->
        1  4.38915e-12  4.38915e-12
       10  1.94429e-11  1.94429e-11
      100  6.57219e-11  6.57219e-11
     1000  1.59546e-10  1.59546e-10
    10000  2.69024e-10  2.69024e-10
    O-O  3.52318e-10  3.52318e-10

   Temperature = 2400 K

   P(atm) PRODS->REACS      PRODS->
        1    3.431e-12    3.431e-12
       10  1.59517e-11  1.59517e-11
      100  5.71931e-11  5.71931e-11
     1000  1.48343e-10  1.48343e-10
    10000  2.66323e-10  2.66323e-10
    O-O  3.69826e-10  3.69826e-10

   Temperature = 2500 K

   P(atm) PRODS->REACS      PRODS->
        1  2.68524e-12  2.68524e-12
       10  1.30632e-11  1.30632e-11
      100  4.95223e-11  4.95223e-11
     1000  1.36908e-10  1.36908e-10
    10000   2.6168e-10   2.6168e-10
    O-O  3.87656e-10  3.87656e-10

______________________________________________________________________________________

Temperature-Species Rate Tables:

   Pressure = 1 atm

   T(K) REACS->PRODS      REACS->      Capture
    300  1.34216e-64  1.34216e-64    1.344e-64
    400   9.9386e-45   9.9386e-45  1.00175e-44
    500  9.45829e-33  9.45829e-33  9.74703e-33
    600  9.64314e-25  9.64314e-25  1.04654e-24
    700  5.07697e-19  5.07697e-19  6.03455e-19
    800  9.65801e-15  9.65801e-15  1.31081e-14
    900  1.97161e-11  1.97161e-11  3.17555e-11
   1000  8.34692e-09  8.34692e-09  1.64859e-08
   1100  1.11846e-06  1.11846e-06  2.78245e-06
   1200  6.30695e-05  6.30695e-05   0.00020172
   1300   0.00182401   0.00182401   0.00762184
   1400    0.0312052    0.0312052      0.17238
   1500     0.350765     0.350765      2.58364
   1600        2.804        2.804       27.702
   1700       16.937       16.937      225.311
   1800      81.0447      81.0447      1455.06
   1900      318.938      318.938      7735.61
   2000      1063.56      1063.56      34849.6
   2100      3078.99      3078.99       136202
   2200      7893.06      7893.06       470763
   2300      18215.8      18215.8  1.46206e+06
   2400      38365.5      38365.5  4.13462e+06
   2500      74605.2      74605.3  1.07662e+07

   Pressure = 10 atm

   T(K) REACS->PRODS      REACS->      Capture
    300  1.34378e-64  1.34378e-64    1.344e-64
    400  1.00079e-44  1.00079e-44  1.00175e-44
    500  9.70804e-33  9.70804e-33  9.74703e-33
    600  1.03246e-24  1.03246e-24  1.04654e-24
    700  5.82231e-19  5.82231e-19  6.03455e-19
    800  1.21282e-14  1.21282e-14  1.31081e-14
    900  2.74939e-11  2.74939e-11  3.17555e-11
   1000  1.30067e-08  1.30067e-08  1.64859e-08
   1100  1.94874e-06  1.94874e-06  2.78245e-06
   1200  0.000122469  0.000122469   0.00020172
   1300   0.00392745   0.00392745   0.00762184
   1400    0.0740513    0.0740513      0.17238
   1500     0.911547     0.911547      2.58364
   1600      7.92993      7.92993       27.702
   1700      51.8165      51.8165      225.311
   1800       266.74       266.74      1455.06
   1900      1123.51      1123.51      7735.61
   2000       3991.3       3991.3      34849.6
   2100      12257.2      12257.2       136202
   2200      33204.7      33204.7       470763
   2300      80687.6      80687.6  1.46206e+06
   2400       178353       178353  4.13462e+06
   2500       362860       362860  1.07662e+07

   Pressure = 100 atm

   T(K) REACS->PRODS      REACS->      Capture
    300  1.34395e-64  1.34395e-64    1.344e-64
    400  1.00156e-44  1.00156e-44  1.00175e-44
    500  9.74192e-33  9.74192e-33  9.74703e-33
    600  1.04468e-24  1.04468e-24  1.04654e-24
    700  6.00381e-19  6.00381e-19  6.03455e-19
    800  1.29395e-14  1.29395e-14  1.31081e-14
    900  3.08627e-11  3.08627e-11  3.17555e-11
   1000  1.55991e-08  1.55991e-08  1.64859e-08
   1100  2.52687e-06  2.52687e-06  2.78245e-06
   1200  0.000173031  0.000173031   0.00020172
   1300   0.00607113   0.00607113   0.00762184
   1400      0.12539      0.12539      0.17238
   1500      1.68918      1.68918      2.58364
   1600       16.044       16.044       27.702
   1700      114.097      114.097      225.311
   1800      636.884      636.884      1455.06
   1900      2897.55      2897.55      7735.61
   2000      11075.3      11075.3      34849.6
   2100      36455.8      36455.8       136202
   2200       105467       105467       470763
   2300       272737       272737  1.46206e+06
   2400       639429       639429  4.13462e+06
   2500  1.37544e+06  1.37544e+06  1.07662e+07

   Pressure = 1000 atm

   T(K) REACS->PRODS      REACS->      Capture
    300  1.34396e-64  1.34396e-64    1.344e-64
    400  1.00164e-44  1.00164e-44  1.00175e-44
    500  9.74555e-33  9.74555e-33  9.74703e-33
    600  1.04615e-24  1.04615e-24  1.04654e-24
    700   6.0299e-19   6.0299e-19  6.03455e-19
    800  1.30848e-14  1.30848e-14  1.31081e-14
    900  3.16276e-11  3.16276e-11  3.17555e-11
   1000   1.6345e-08   1.6345e-08  1.64859e-08
   1100  2.73567e-06  2.73567e-06  2.78245e-06
   1200  0.000195635  0.000195635   0.00020172
   1300   0.00723928   0.00723928   0.00762184
   1400     0.158976     0.158976      0.17238
   1500      2.29122      2.29122      2.58364
   1600      23.3799      23.3799       27.702
   1700      179.063      179.063      225.311
   1800      1077.56      1077.56      1455.06
   1900       5284.6       5284.6      7735.61
   2000      21753.6      21753.6      34849.6
   2100      76997.9      76997.9       136202
   2200       239074       239074       470763
   2300       662088       662088  1.46206e+06
   2400  1.65847e+06  1.65847e+06  4.13462e+06
   2500  3.80234e+06  3.80234e+06  1.07662e+07

   Pressure = 10000 atm

   T(K) REACS->PRODS      REACS->      Capture
    300  1.34396e-64  1.34396e-64    1.344e-64
    400  1.00165e-44  1.00165e-44  1.00175e-44
    500  9.74591e-33  9.74591e-33  9.74703e-33
    600   1.0463e-24   1.0463e-24  1.04654e-24
    700  6.03275e-19  6.03275e-19  6.03455e-19
    800  1.31022e-14  1.31022e-14  1.31081e-14
    900  3.17323e-11  3.17323e-11  3.17555e-11
   1000  1.64649e-08  1.64649e-08  1.64859e-08
   1100  2.77569e-06  2.77569e-06  2.78245e-06
   1200  0.000200841  0.000200841   0.00020172
   1300   0.00756266   0.00756266   0.00762184
   1400     0.170102     0.170102      0.17238
   1500      2.52826      2.52826      2.58364
   1600      26.7849      26.7849       27.702
   1700      214.305      214.305      225.311
   1800      1354.53      1354.53      1455.06
   1900      7008.22      7008.22      7735.61
   2000      30541.2      30541.2      34849.6
   2100       114738       114738       136202
   2200       378774       378774       470763
   2300   1.1164e+06   1.1164e+06  1.46206e+06
   2400  2.97747e+06  2.97747e+06  4.13462e+06
   2500  7.26756e+06  7.26756e+06  1.07662e+07

   Pressure = 1 atm

   T(K) PRODS->REACS      PRODS->      Capture
    300  1.86195e-10  1.86195e-10   1.8645e-10
    400  1.40976e-10  1.40976e-10  1.42096e-10
    500  1.26656e-10  1.26656e-10  1.30522e-10
    600  1.19737e-10  1.19737e-10  1.29947e-10
    700    1.131e-10    1.131e-10  1.34432e-10
    800  1.04442e-10  1.04442e-10  1.41752e-10
    900   9.3683e-11   9.3683e-11  1.50889e-10
   1000  8.16738e-11  8.16738e-11  1.61313e-10
   1100  6.94284e-11  6.94284e-11   1.7272e-10
   1200  5.78174e-11  5.78174e-11  1.84922e-10
   1300  4.73353e-11  4.73353e-11  1.97796e-10
   1400  3.82428e-11  3.82428e-11  2.11257e-10
   1500  3.05801e-11  3.05801e-11  2.25245e-10
   1600   2.4264e-11   2.4264e-11  2.39714e-10
   1700  1.91411e-11  1.91411e-11  2.54632e-10
   1800  1.50369e-11  1.50369e-11   2.6997e-10
   1900  1.17796e-11  1.17796e-11  2.85706e-10
   2000  9.21112e-12  9.21112e-12  3.01823e-10
   2100  7.19552e-12  7.19552e-12  3.18306e-10
   2200  5.61895e-12  5.61895e-12  3.35141e-10
   2300  4.38915e-12  4.38915e-12  3.52318e-10
   2400    3.431e-12    3.431e-12  3.69826e-10
   2500  2.68524e-12  2.68524e-12  3.87656e-10

   Pressure = 10 atm

   T(K) PRODS->REACS      PRODS->      Capture
    300   1.8642e-10   1.8642e-10   1.8645e-10
    400   1.4196e-10   1.4196e-10  1.42096e-10
    500      1.3e-10      1.3e-10  1.30522e-10
    600  1.28199e-10  1.28199e-10  1.29947e-10
    700  1.29704e-10  1.29704e-10  1.34432e-10
    800  1.31155e-10  1.31155e-10  1.41752e-10
    900   1.3064e-10   1.3064e-10  1.50889e-10
   1000  1.27269e-10  1.27269e-10  1.61313e-10
   1100  1.20968e-10  1.20968e-10   1.7272e-10
   1200  1.12271e-10  1.12271e-10  1.84922e-10
   1300  1.01922e-10  1.01922e-10  1.97796e-10
   1400  9.07519e-11  9.07519e-11  2.11257e-10
   1500  7.94698e-11  7.94698e-11  2.25245e-10
   1600  6.86203e-11  6.86203e-11  2.39714e-10
   1700  5.85598e-11  5.85598e-11  2.54632e-10
   1800  4.94906e-11  4.94906e-11   2.6997e-10
   1900  4.14956e-11  4.14956e-11  2.85706e-10
   2000  3.45676e-11  3.45676e-11  3.01823e-10
   2100  2.86451e-11  2.86451e-11  3.18306e-10
   2200  2.36385e-11  2.36385e-11  3.35141e-10
   2300  1.94429e-11  1.94429e-11  3.52318e-10
   2400  1.59517e-11  1.59517e-11  3.69826e-10
   2500  1.30632e-11  1.30632e-11  3.87656e-10

   Pressure = 100 atm

   T(K) PRODS->REACS      PRODS->      Capture
    300  1.86443e-10  1.86443e-10   1.8645e-10
    400  1.42069e-10  1.42069e-10  1.42096e-10
    500  1.30454e-10  1.30454e-10  1.30522e-10
    600  1.29716e-10  1.29716e-10  1.29947e-10
    700  1.33748e-10  1.33748e-10  1.34432e-10
    800  1.39928e-10  1.39928e-10  1.41752e-10
    900  1.46647e-10  1.46647e-10  1.50889e-10
   1000  1.52635e-10  1.52635e-10  1.61313e-10
   1100  1.56855e-10  1.56855e-10   1.7272e-10
   1200  1.58622e-10  1.58622e-10  1.84922e-10
   1300  1.57553e-10  1.57553e-10  1.97796e-10
   1400  1.53669e-10  1.53669e-10  2.11257e-10
   1500  1.47265e-10  1.47265e-10  2.25245e-10
   1600  1.38834e-10  1.38834e-10  2.39714e-10
   1700  1.28945e-10  1.28945e-10  2.54632e-10
   1800  1.18167e-10  1.18167e-10   2.6997e-10
   1900  1.07018e-10  1.07018e-10  2.85706e-10
   2000  9.59205e-11  9.59205e-11  3.01823e-10
   2100  8.51976e-11  8.51976e-11  3.18306e-10
   2200   7.5083e-11   7.5083e-11  3.35141e-10
   2300  6.57219e-11  6.57219e-11  3.52318e-10
   2400  5.71931e-11  5.71931e-11  3.69826e-10
   2500  4.95223e-11  4.95223e-11  3.87656e-10

   Pressure = 1000 atm

   T(K) PRODS->REACS      PRODS->      Capture
    300  1.86445e-10  1.86445e-10   1.8645e-10
    400   1.4208e-10   1.4208e-10  1.42096e-10
    500  1.30502e-10  1.30502e-10  1.30522e-10
    600  1.29898e-10  1.29898e-10  1.29947e-10
    700  1.34329e-10  1.34329e-10  1.34432e-10
    800    1.415e-10    1.415e-10  1.41752e-10
    900  1.50281e-10  1.50281e-10  1.50889e-10
   1000  1.59934e-10  1.59934e-10  1.61313e-10
   1100  1.69816e-10  1.69816e-10   1.7272e-10
   1200  1.79343e-10  1.79343e-10  1.84922e-10
   1300  1.87868e-10  1.87868e-10  1.97796e-10
   1400  1.94829e-10  1.94829e-10  2.11257e-10
   1500  1.99751e-10  1.99751e-10  2.25245e-10
   1600  2.02314e-10  2.02314e-10  2.39714e-10
   1700  2.02366e-10  2.02366e-10  2.54632e-10
   1800  1.99929e-10  1.99929e-10   2.6997e-10
   1900  1.95181e-10  1.95181e-10  2.85706e-10
   2000  1.88402e-10  1.88402e-10  3.01823e-10
   2100  1.79945e-10  1.79945e-10  3.18306e-10
   2200  1.70199e-10  1.70199e-10  3.35141e-10
   2300  1.59546e-10  1.59546e-10  3.52318e-10
   2400  1.48343e-10  1.48343e-10  3.69826e-10
   2500  1.36908e-10  1.36908e-10  3.87656e-10

   Pressure = 10000 atm

   T(K) PRODS->REACS      PRODS->      Capture
    300  1.86446e-10  1.86446e-10   1.8645e-10
    400  1.42081e-10  1.42081e-10  1.42096e-10
    500  1.30507e-10  1.30507e-10  1.30522e-10
    600  1.29917e-10  1.29917e-10  1.29947e-10
    700  1.34392e-10  1.34392e-10  1.34432e-10
    800  1.41688e-10  1.41688e-10  1.41752e-10
    900  1.50779e-10  1.50779e-10  1.50889e-10
   1000  1.61107e-10  1.61107e-10  1.61313e-10
   1100  1.72301e-10  1.72301e-10   1.7272e-10
   1200  1.84116e-10  1.84116e-10  1.84922e-10
   1300   1.9626e-10   1.9626e-10  1.97796e-10
   1400  2.08464e-10  2.08464e-10  2.11257e-10
   1500  2.20417e-10  2.20417e-10  2.25245e-10
   1600  2.31779e-10  2.31779e-10  2.39714e-10
   1700  2.42194e-10  2.42194e-10  2.54632e-10
   1800  2.51318e-10  2.51318e-10   2.6997e-10
   1900  2.58841e-10  2.58841e-10  2.85706e-10
   2000  2.64509e-10  2.64509e-10  3.01823e-10
   2100  2.68144e-10  2.68144e-10  3.18306e-10
   2200  2.69653e-10  2.69653e-10  3.35141e-10
   2300  2.69024e-10  2.69024e-10  3.52318e-10
   2400  2.66323e-10  2.66323e-10  3.69826e-10
   2500   2.6168e-10   2.6168e-10  3.87656e-10

______________________________________________________________________________________

Temperature-Pressure Rate Tables:

REACS->PRODS

P\T              300          400          500          600          700          800          900         1000         1100         1200         1300         1400         1500         1600         1700         1800         1900         2000         2100         2200         2300         2400         2500
1        1.34216e-64   9.9386e-45  9.45829e-33  9.64314e-25  5.07697e-19  9.65801e-15  1.97161e-11  8.34692e-09  1.11846e-06  6.30695e-05   0.00182401    0.0312052     0.350765        2.804       16.937      81.0447      318.938      1063.56      3078.99      7893.06      18215.8      38365.5      74605.2
10       1.34378e-64  1.00079e-44  9.70804e-33  1.03246e-24  5.82231e-19  1.21282e-14  2.74939e-11  1.30067e-08  1.94874e-06  0.000122469   0.00392745    0.0740513     0.911547      7.92993      51.8165       266.74      1123.51       3991.3      12257.2      33204.7      80687.6       178353       362860
100      1.34395e-64  1.00156e-44  9.74192e-33  1.04468e-24  6.00381e-19  1.29395e-14  3.08627e-11  1.55991e-08  2.52687e-06  0.000173031   0.00607113      0.12539      1.68918       16.044      114.097      636.884      2897.55      11075.3      36455.8       105467       272737       639429  1.37544e+06
1000     1.34396e-64  1.00164e-44  9.74555e-33  1.04615e-24   6.0299e-19  1.30848e-14  3.16276e-11   1.6345e-08  2.73567e-06  0.000195635   0.00723928     0.158976      2.29122      23.3799      179.063      1077.56       5284.6      21753.6      76997.9       239074       662088  1.65847e+06  3.80234e+06
10000    1.34396e-64  1.00165e-44  9.74591e-33   1.0463e-24  6.03275e-19  1.31022e-14  3.17323e-11  1.64649e-08  2.77569e-06  0.000200841   0.00756266     0.170102      2.52826      26.7849      214.305      1354.53      7008.22      30541.2       114738       378774   1.1164e+06  2.97747e+06  7.26756e+06
O-O        1.344e-64  1.00175e-44  9.74703e-33  1.04654e-24  6.03455e-19  1.31081e-14  3.17555e-11  1.64859e-08  2.78245e-06   0.00020172   0.00762184      0.17238      2.58364       27.702      225.311      1455.06      7735.61      34849.6       136202       470763  1.46206e+06  4.13462e+06  1.07662e+07

PRODS->REACS

P\T              300          400          500          600          700          800          900         1000         1100         1200         1300         1400         1500         1600         1700         1800         1900         2000         2100         2200         2300         2400         2500
1        1.86195e-10  1.40976e-10  1.26656e-10  1.19737e-10    1.131e-10  1.04442e-10   9.3683e-11  8.16738e-11  6.94284e-11  5.78174e-11  4.73353e-11  3.82428e-11  3.05801e-11   2.4264e-11  1.91411e-11  1.50369e-11  1.17796e-11  9.21112e-12  7.19552e-12  5.61895e-12  4.38915e-12    3.431e-12  2.68524e-12
10        1.8642e-10   1.4196e-10      1.3e-10  1.28199e-10  1.29704e-10  1.31155e-10   1.3064e-10  1.27269e-10  1.20968e-10  1.12271e-10  1.01922e-10  9.07519e-11  7.94698e-11  6.86203e-11  5.85598e-11  4.94906e-11  4.14956e-11  3.45676e-11  2.86451e-11  2.36385e-11  1.94429e-11  1.59517e-11  1.30632e-11
100      1.86443e-10  1.42069e-10  1.30454e-10  1.29716e-10  1.33748e-10  1.39928e-10  1.46647e-10  1.52635e-10  1.56855e-10  1.58622e-10  1.57553e-10  1.53669e-10  1.47265e-10  1.38834e-10  1.28945e-10  1.18167e-10  1.07018e-10  9.59205e-11  8.51976e-11   7.5083e-11  6.57219e-11  5.71931e-11  4.95223e-11
1000     1.86445e-10   1.4208e-10  1.30502e-10  1.29898e-10  1.34329e-10    1.415e-10  1.50281e-10  1.59934e-10  1.69816e-10  1.79343e-10  1.87868e-10  1.94829e-10  1.99751e-10  2.02314e-10  2.02366e-10  1.99929e-10  1.95181e-10  1.88402e-10  1.79945e-10  1.70199e-10  1.59546e-10  1.48343e-10  1.36908e-10
10000    1.86446e-10  1.42081e-10  1.30507e-10  1.29917e-10  1.34392e-10  1.41688e-10  1.50779e-10  1.61107e-10  1.72301e-10  1.84116e-10   1.9626e-10  2.08464e-10  2.20417e-10  2.31779e-10  2.42194e-10  2.51318e-10  2.58841e-10  2.64509e-10  2.68144e-10  2.69653e-10  2.69024e-10  2.66323e-10   2.6168e-10
O-O       1.8645e-10  1.42096e-10  1.30522e-10  1.29947e-10  1.34432e-10  1.41752e-10  1.50889e-10  1.61313e-10   1.7272e-10  1.84922e-10  1.97796e-10  2.11257e-10  2.25245e-10  2.39714e-10  2.54632e-10   2.6997e-10  2.85706e-10  3.01823e-10  3.18306e-10  3.35141e-10  3.52318e-10  3.69826e-10  3.87656e-10

REACS-> 

P\T              300          400          500          600          700          800          900         1000         1100         1200         1300         1400         1500         1600         1700         1800         1900         2000         2100         2200         2300         2400         2500
1        1.34216e-64   9.9386e-45  9.45829e-33  9.64314e-25  5.07697e-19  9.65801e-15  1.97161e-11  8.34692e-09  1.11846e-06  6.30695e-05   0.00182401    0.0312052     0.350765        2.804       16.937      81.0447      318.938      1063.56      3078.99      7893.06      18215.8      38365.5      74605.3
10       1.34378e-64  1.00079e-44  9.70804e-33  1.03246e-24  5.82231e-19  1.21282e-14  2.74939e-11  1.30067e-08  1.94874e-06  0.000122469   0.00392745    0.0740513     0.911547      7.92993      51.8165       266.74      1123.51       3991.3      12257.2      33204.7      80687.6       178353       362860
100      1.34395e-64  1.00156e-44  9.74192e-33  1.04468e-24  6.00381e-19  1.29395e-14  3.08627e-11  1.55991e-08  2.52687e-06  0.000173031   0.00607113      0.12539      1.68918       16.044      114.097      636.884      2897.55      11075.3      36455.8       105467       272737       639429  1.37544e+06
1000     1.34396e-64  1.00164e-44  9.74555e-33  1.04615e-24   6.0299e-19  1.30848e-14  3.16276e-11   1.6345e-08  2.73567e-06  0.000195635   0.00723928     0.158976      2.29122      23.3799      179.063      1077.56       5284.6      21753.6      76997.9       239074       662088  1.65847e+06  3.80234e+06
10000    1.34396e-64  1.00165e-44  9.74591e-33   1.0463e-24  6.03275e-19  1.31022e-14  3.17323e-11  1.64649e-08  2.77569e-06  0.000200841   0.00756266     0.170102      2.52826      26.7849      214.305      1354.53      7008.22      30541.2       114738       378774   1.1164e+06  2.97747e+06  7.26756e+06
O-O        1.344e-64  1.00175e-44  9.74703e-33  1.04654e-24  6.03455e-19  1.31081e-14  3.17555e-11  1.64859e-08  2.78245e-06   0.00020172   0.00762184      0.17238      2.58364       27.702      225.311      1455.06      7735.61      34849.6       136202       470763  1.46206e+06  4.13462e+06  1.07662e+07

PRODS-> 

P\T              300          400          500          600          700          800          900         1000         1100         1200         1300         1400         1500         1600         1700         1800         1900         2000         2100         2200         2300         2400         2500
1        1.86195e-10  1.40976e-10  1.26656e-10  1.19737e-10    1.131e-10  1.04442e-10   9.3683e-11  8.16738e-11  6.94284e-11  5.78174e-11  4.73353e-11  3.82428e-11  3.05801e-11   2.4264e-11  1.91411e-11  1.50369e-11  1.17796e-11  9.21112e-12  7.19552e-12  5.61895e-12  4.38915e-12    3.431e-12  2.68524e-12
10        1.8642e-10   1.4196e-10      1.3e-10  1.28199e-10  1.29704e-10  1.31155e-10   1.3064e-10  1.27269e-10  1.20968e-10  1.12271e-10  1.01922e-10  9.07519e-11  7.94698e-11  6.86203e-11  5.85598e-11  4.94906e-11  4.14956e-11  3.45676e-11  2.86451e-11  2.36385e-11  1.94429e-11  1.59517e-11  1.30632e-11
100      1.86443e-10  1.42069e-10  1.30454e-10  1.29716e-10  1.33748e-10  1.39928e-10  1.46647e-10  1.52635e-10  1.56855e-10  1.58622e-10  1.57553e-10  1.53669e-10  1.47265e-10  1.38834e-10  1.28945e-10  1.18167e-10  1.07018e-10  9.59205e-11  8.51976e-11   7.5083e-11  6.57219e-11  5.71931e-11  4.95223e-11
1000     1.86445e-10   1.4208e-10  1.30502e-10  1.29898e-10  1.34329e-10    1.415e-10  1.50281e-10  1.59934e-10  1.69816e-10  1.79343e-10  1.87868e-10  1.94829e-10  1.99751e-10  2.02314e-10  2.02366e-10  1.99929e-10  1.95181e-10  1.88402e-10  1.79945e-10  1.70199e-10  1.59546e-10  1.48343e-10  1.36908e-10
10000    1.86446e-10  1.42081e-10  1.30507e-10  1.29917e-10  1.34392e-10  1.41688e-10  1.50779e-10  1.61107e-10  1.72301e-10  1.84116e-10   1.9626e-10  2.08464e-10  2.20417e-10  2.31779e-10  2.42194e-10  2.51318e-10  2.58841e-10  2.64509e-10  2.68144e-10  2.69653e-10  2.69024e-10  2.66323e-10   2.6168e-10
O-O       1.8645e-10  1.42096e-10  1.30522e-10  1.29947e-10  1.34432e-10  1.41752e-10  1.50889e-10  1.61313e-10   1.7272e-10  1.84922e-10  1.97796e-10  2.11257e-10  2.25245e-10  2.39714e-10  2.54632e-10   2.6997e-10  2.85706e-10  3.01823e-10  3.18306e-10  3.35141e-10  3.52318e-10  3.69826e-10  3.87656e-10

