Wells (G - ground energy, D - dissociation limit, kcal/mol):
      Name        G        D
     REACS      0.0     95.8

Bimolecular Products (G - ground energy, kcal/mol):
      Name        G
     PRODS    102.6

Well-to-Bimolecular Barriers (H/G - barrier height/well depth, kcal/mol)
      Name        H     Well        G  Product
        TS     95.8    REACS      0.0    PRODS

________________________________________________________________________________________

Unimolecular Rate Units: 1/sec;  Bimolecular Rate Units: cm^3/sec

______________________________________________________________________________________

Species-Species Rate Tables:

Temperature = 300 K

High Pressure Rate Coefficients:

From\To         REACS        PRODS
REACS             ***  1.69728e-56
PRODS     1.89171e-06          ***

Temperature = 300 K    Pressure = 1 atm

From\To         REACS        PRODS
REACS     1.61856e-56  1.61856e-56
PRODS     1.80397e-06  1.80397e-06

Temperature = 300 K    Pressure = 10 atm

From\To         REACS        PRODS
REACS     1.68815e-56  1.68815e-56
PRODS     1.88153e-06  1.88153e-06

Temperature = 300 K    Pressure = 100 atm

From\To         REACS        PRODS
REACS     1.69698e-56  1.69698e-56
PRODS     1.89138e-06  1.89138e-06

Temperature = 300 K    Pressure = 1000 atm

From\To         REACS        PRODS
REACS      1.6979e-56   1.6979e-56
PRODS     1.89241e-06  1.89241e-06

Temperature = 300 K    Pressure = 10000 atm

From\To         REACS        PRODS
REACS       1.698e-56    1.698e-56
PRODS     1.89251e-06  1.89251e-06

Temperature = 400 K

High Pressure Rate Coefficients:

From\To         REACS        PRODS
REACS             ***  8.08852e-39
PRODS     1.12152e-07          ***

Temperature = 400 K    Pressure = 1 atm

From\To         REACS        PRODS
REACS     7.04289e-39  7.04289e-39
PRODS     9.76536e-08  9.76536e-08

Temperature = 400 K    Pressure = 10 atm

From\To         REACS        PRODS
REACS     7.92036e-39  7.92036e-39
PRODS      1.0982e-07   1.0982e-07

Temperature = 400 K    Pressure = 100 atm

From\To         REACS        PRODS
REACS     8.07497e-39  8.07497e-39
PRODS     1.11964e-07  1.11964e-07

Temperature = 400 K    Pressure = 1000 atm

From\To         REACS        PRODS
REACS     8.09282e-39  8.09282e-39
PRODS     1.12212e-07  1.12212e-07

Temperature = 400 K    Pressure = 10000 atm

From\To         REACS        PRODS
REACS     8.09465e-39  8.09465e-39
PRODS     1.12237e-07  1.12237e-07

Temperature = 500 K

High Pressure Rate Coefficients:

From\To         REACS        PRODS
REACS             ***  3.77328e-28
PRODS      2.1637e-08          ***

Temperature = 500 K    Pressure = 1 atm

From\To         REACS        PRODS
REACS     2.82964e-28  2.82964e-28
PRODS     1.62259e-08  1.62259e-08

Temperature = 500 K    Pressure = 10 atm

From\To         REACS        PRODS
REACS     3.56088e-28  3.56088e-28
PRODS      2.0419e-08   2.0419e-08

Temperature = 500 K    Pressure = 100 atm

From\To         REACS        PRODS
REACS     3.74707e-28  3.74707e-28
PRODS     2.14867e-08  2.14867e-08

Temperature = 500 K    Pressure = 1000 atm

From\To         REACS        PRODS
REACS     3.77295e-28  3.77295e-28
PRODS     2.16351e-08  2.16351e-08

Temperature = 500 K    Pressure = 10000 atm

From\To         REACS        PRODS
REACS     3.77571e-28  3.77571e-28
PRODS     2.16509e-08  2.16509e-08

Temperature = 600 K

High Pressure Rate Coefficients:

From\To         REACS        PRODS
REACS             ***  5.34574e-21
PRODS     7.50664e-09          ***

Temperature = 600 K    Pressure = 1 atm

From\To         REACS        PRODS
REACS     3.29182e-21  3.29182e-21
PRODS     4.62247e-09  4.62247e-09

Temperature = 600 K    Pressure = 10 atm

From\To         REACS        PRODS
REACS     4.72917e-21  4.72917e-21
PRODS     6.64083e-09  6.64083e-09

Temperature = 600 K    Pressure = 100 atm

From\To         REACS        PRODS
REACS     5.24811e-21  5.24811e-21
PRODS     7.36955e-09  7.36955e-09

Temperature = 600 K    Pressure = 1000 atm

From\To         REACS        PRODS
REACS     5.33978e-21  5.33978e-21
PRODS     7.49827e-09  7.49827e-09

Temperature = 600 K    Pressure = 10000 atm

From\To         REACS        PRODS
REACS     5.35043e-21  5.35043e-21
PRODS     7.51323e-09  7.51323e-09

Temperature = 700 K

High Pressure Rate Coefficients:

From\To         REACS        PRODS
REACS             ***  7.26078e-16
PRODS     3.62984e-09          ***

Temperature = 700 K    Pressure = 1 atm

From\To         REACS        PRODS
REACS     3.54232e-16  3.54232e-16
PRODS     1.77089e-09  1.77089e-09

Temperature = 700 K    Pressure = 10 atm

From\To         REACS        PRODS
REACS     5.83923e-16  5.83923e-16
PRODS     2.91917e-09  2.91917e-09

Temperature = 700 K    Pressure = 100 atm

From\To         REACS        PRODS
REACS     6.97108e-16  6.97108e-16
PRODS     3.48501e-09  3.48501e-09

Temperature = 700 K    Pressure = 1000 atm

From\To         REACS        PRODS
REACS     7.23058e-16  7.23058e-16
PRODS     3.61474e-09  3.61474e-09

Temperature = 700 K    Pressure = 10000 atm

From\To         REACS        PRODS
REACS     7.26486e-16  7.26486e-16
PRODS     3.63188e-09  3.63188e-09

Temperature = 800 K

High Pressure Rate Coefficients:

From\To         REACS        PRODS
REACS             ***  5.33651e-12
PRODS     2.15418e-09          ***

Temperature = 800 K    Pressure = 1 atm

From\To         REACS        PRODS
REACS      2.0141e-12   2.0141e-12
PRODS     8.13029e-10  8.13029e-10

Temperature = 800 K    Pressure = 10 atm

From\To         REACS        PRODS
REACS     3.79254e-12  3.79254e-12
PRODS     1.53093e-09  1.53093e-09

Temperature = 800 K    Pressure = 100 atm

From\To         REACS        PRODS
REACS     4.94213e-12  4.94213e-12
PRODS     1.99498e-09  1.99498e-09

Temperature = 800 K    Pressure = 1000 atm

From\To         REACS        PRODS
REACS     5.28348e-12  5.28348e-12
PRODS     2.13278e-09  2.13278e-09

Temperature = 800 K    Pressure = 10000 atm

From\To         REACS        PRODS
REACS     5.33648e-12  5.33648e-12
PRODS     2.15417e-09  2.15417e-09

Temperature = 900 K

High Pressure Rate Coefficients:

From\To         REACS        PRODS
REACS             ***  5.56759e-09
PRODS     1.46245e-09          ***

Temperature = 900 K    Pressure = 1 atm

From\To         REACS        PRODS
REACS     1.59988e-09  1.59988e-09
PRODS     4.20245e-10  4.20245e-10

Temperature = 900 K    Pressure = 10 atm

From\To         REACS        PRODS
REACS     3.41129e-09  3.41129e-09
PRODS     8.96053e-10  8.96053e-10

Temperature = 900 K    Pressure = 100 atm

From\To         REACS        PRODS
REACS     4.89376e-09  4.89376e-09
PRODS     1.28546e-09  1.28546e-09

Temperature = 900 K    Pressure = 1000 atm

From\To         REACS        PRODS
REACS     5.45589e-09  5.45589e-09
PRODS     1.43311e-09  1.43311e-09

Temperature = 900 K    Pressure = 10000 atm

From\To         REACS        PRODS
REACS     5.56054e-09  5.56054e-09
PRODS      1.4606e-09   1.4606e-09

Temperature = 1000 K

High Pressure Rate Coefficients:

From\To         REACS        PRODS
REACS             ***  1.47343e-06
PRODS     1.08914e-09          ***

Temperature = 1000 K    Pressure = 1 atm

From\To         REACS        PRODS
REACS     3.19141e-07  3.19141e-07
PRODS     2.35905e-10  2.35905e-10

Temperature = 1000 K    Pressure = 10 atm

From\To         REACS        PRODS
REACS     7.62675e-07  7.62675e-07
PRODS     5.63759e-10  5.63759e-10

Temperature = 1000 K    Pressure = 100 atm

From\To         REACS        PRODS
REACS     1.20858e-06  1.20858e-06
PRODS     8.93366e-10  8.93366e-10

Temperature = 1000 K    Pressure = 1000 atm

From\To         REACS        PRODS
REACS      1.4205e-06   1.4205e-06
PRODS     1.05001e-09  1.05001e-09

Temperature = 1000 K    Pressure = 10000 atm

From\To         REACS        PRODS
REACS     1.46821e-06  1.46821e-06
PRODS     1.08528e-09  1.08528e-09

Temperature = 1100 K

High Pressure Rate Coefficients:

From\To         REACS        PRODS
REACS             ***  0.000143286
PRODS     8.66554e-10          ***

Temperature = 1100 K    Pressure = 1 atm

From\To         REACS        PRODS
REACS     2.32768e-05  2.32768e-05
PRODS     1.40772e-10  1.40772e-10

Temperature = 1100 K    Pressure = 10 atm

From\To         REACS        PRODS
REACS     6.16791e-05  6.16791e-05
PRODS     3.73019e-10  3.73019e-10

Temperature = 1100 K    Pressure = 100 atm

From\To         REACS        PRODS
REACS     0.000107912  0.000107912
PRODS     6.52625e-10  6.52625e-10

Temperature = 1100 K    Pressure = 1000 atm

From\To         REACS        PRODS
REACS     0.000134919  0.000134919
PRODS     8.15957e-10  8.15957e-10

Temperature = 1100 K    Pressure = 10000 atm

From\To         REACS        PRODS
REACS     0.000142273  0.000142273
PRODS     8.60427e-10  8.60427e-10

Temperature = 1200 K

High Pressure Rate Coefficients:

From\To         REACS        PRODS
REACS             ***   0.00656056
PRODS      7.2383e-10          ***

Temperature = 1200 K    Pressure = 1 atm

From\To         REACS        PRODS
REACS     0.000796839  0.000796839
PRODS     8.79157e-11  8.79157e-11

Temperature = 1200 K    Pressure = 10 atm

From\To         REACS        PRODS
REACS       0.0023189    0.0023189
PRODS     2.55846e-10  2.55846e-10

Temperature = 1200 K    Pressure = 100 atm

From\To         REACS        PRODS
REACS       0.0044672    0.0044672
PRODS     4.92869e-10  4.92869e-10

Temperature = 1200 K    Pressure = 1000 atm

From\To         REACS        PRODS
REACS      0.00598124   0.00598124
PRODS     6.59913e-10  6.59913e-10

Temperature = 1200 K    Pressure = 10000 atm

From\To         REACS        PRODS
REACS      0.00647714   0.00647714
PRODS     7.14626e-10  7.14626e-10

Temperature = 1300 K

High Pressure Rate Coefficients:

From\To         REACS        PRODS
REACS             ***     0.167996
PRODS     6.27203e-10          ***

Temperature = 1300 K    Pressure = 1 atm

From\To         REACS        PRODS
REACS       0.0152465    0.0152465
PRODS     5.69218e-11  5.69218e-11

Temperature = 1300 K    Pressure = 10 atm

From\To         REACS        PRODS
REACS       0.0482978    0.0482978
PRODS     1.80317e-10  1.80317e-10

Temperature = 1300 K    Pressure = 100 atm

From\To         REACS        PRODS
REACS         0.10202      0.10202
PRODS     3.80883e-10  3.80883e-10

Temperature = 1300 K    Pressure = 1000 atm

From\To         REACS        PRODS
REACS        0.146926     0.146926
PRODS     5.48538e-10  5.48538e-10

Temperature = 1300 K    Pressure = 10000 atm

From\To         REACS        PRODS
REACS        0.164477     0.164477
PRODS     6.14066e-10  6.14066e-10

Temperature = 1400 K

High Pressure Rate Coefficients:

From\To         REACS        PRODS
REACS             ***      2.72166
PRODS     5.59037e-10          ***

Temperature = 1400 K    Pressure = 1 atm

From\To         REACS        PRODS
REACS        0.184728     0.184728
PRODS     3.79436e-11  3.79436e-11

Temperature = 1400 K    Pressure = 10 atm

From\To         REACS        PRODS
REACS        0.631906     0.631906
PRODS     1.29795e-10  1.29795e-10

Temperature = 1400 K    Pressure = 100 atm

From\To         REACS        PRODS
REACS         1.45649      1.45649
PRODS     2.99168e-10  2.99168e-10

Temperature = 1400 K    Pressure = 1000 atm

From\To         REACS        PRODS
REACS         2.26162      2.26162
PRODS     4.64543e-10  4.64543e-10

Temperature = 1400 K    Pressure = 10000 atm

From\To         REACS        PRODS
REACS         2.63359      2.63359
PRODS     5.40947e-10  5.40947e-10

Temperature = 1500 K

High Pressure Rate Coefficients:

From\To         REACS        PRODS
REACS             ***      30.5439
PRODS     5.09417e-10          ***

Temperature = 1500 K    Pressure = 1 atm

From\To         REACS        PRODS
REACS          1.5538       1.5538
PRODS     2.59145e-11  2.59145e-11

Temperature = 1500 K    Pressure = 10 atm

From\To         REACS        PRODS
REACS         5.70015      5.70015
PRODS      9.5068e-11   9.5068e-11

Temperature = 1500 K    Pressure = 100 atm

From\To         REACS        PRODS
REACS         14.2604      14.2604
PRODS     2.37837e-10  2.37837e-10

Temperature = 1500 K    Pressure = 1000 atm

From\To         REACS        PRODS
REACS         23.8909      23.8909
PRODS     3.98456e-10  3.98456e-10

Temperature = 1500 K    Pressure = 10000 atm

From\To         REACS        PRODS
REACS          29.099       29.099
PRODS     4.85317e-10  4.85317e-10

Temperature = 1600 K

High Pressure Rate Coefficients:

From\To         REACS        PRODS
REACS             ***      254.205
PRODS     4.72427e-10          ***

Temperature = 1600 K    Pressure = 1 atm

From\To         REACS        PRODS
REACS         9.71064      9.71064
PRODS     1.80467e-11  1.80467e-11

Temperature = 1600 K    Pressure = 10 atm

From\To         REACS        PRODS
REACS          37.978       37.978
PRODS     7.05801e-11  7.05801e-11

Temperature = 1600 K    Pressure = 100 atm

From\To         REACS        PRODS
REACS         102.633      102.633
PRODS     1.90737e-10  1.90737e-10

Temperature = 1600 K    Pressure = 1000 atm

From\To         REACS        PRODS
REACS         185.445      185.445
PRODS     3.44639e-10  3.44639e-10

Temperature = 1600 K    Pressure = 10000 atm

From\To         REACS        PRODS
REACS         237.355      237.355
PRODS     4.41112e-10  4.41112e-10

Temperature = 1700 K

High Pressure Rate Coefficients:

From\To         REACS        PRODS
REACS             ***      1653.15
PRODS     4.44361e-10          ***

Temperature = 1700 K    Pressure = 1 atm

From\To         REACS        PRODS
REACS         47.5798      47.5798
PRODS     1.27893e-11  1.27893e-11

Temperature = 1700 K    Pressure = 10 atm

From\To         REACS        PRODS
REACS         197.323      197.323
PRODS       5.304e-11    5.304e-11

Temperature = 1700 K    Pressure = 100 atm

From\To         REACS        PRODS
REACS         573.141      573.141
PRODS     1.54059e-10  1.54059e-10

Temperature = 1700 K    Pressure = 1000 atm

From\To         REACS        PRODS
REACS         1115.31      1115.31
PRODS     2.99793e-10  2.99793e-10

Temperature = 1700 K    Pressure = 10000 atm

From\To         REACS        PRODS
REACS         1505.62      1505.62
PRODS     4.04706e-10  4.04706e-10

Temperature = 1800 K

High Pressure Rate Coefficients:

From\To         REACS        PRODS
REACS             ***      8749.82
PRODS     4.22801e-10          ***

Temperature = 1800 K    Pressure = 1 atm

From\To         REACS        PRODS
REACS         190.455      190.455
PRODS     9.20299e-12  9.20299e-12

Temperature = 1800 K    Pressure = 10 atm

From\To         REACS        PRODS
REACS         833.441      833.441
PRODS     4.02728e-11  4.02728e-11

Temperature = 1800 K    Pressure = 100 atm

From\To         REACS        PRODS
REACS         2589.76      2589.76
PRODS      1.2514e-10   1.2514e-10

Temperature = 1800 K    Pressure = 1000 atm

From\To         REACS        PRODS
REACS         5416.78      5416.78
PRODS     2.61745e-10  2.61745e-10

Temperature = 1800 K    Pressure = 10000 atm

From\To         REACS        PRODS
REACS         7733.71      7733.71
PRODS     3.73701e-10  3.73701e-10

Temperature = 1900 K

High Pressure Rate Coefficients:

From\To         REACS        PRODS
REACS             ***      38926.4
PRODS     4.06109e-10          ***

Temperature = 1900 K    Pressure = 1 atm

From\To         REACS        PRODS
REACS         643.226      643.226
PRODS     6.71056e-12  6.71056e-12

Temperature = 1900 K    Pressure = 10 atm

From\To         REACS        PRODS
REACS         2957.68      2957.68
PRODS     3.08565e-11  3.08565e-11

Temperature = 1900 K    Pressure = 100 atm

From\To         REACS        PRODS
REACS         9789.63      9789.63
PRODS     1.02132e-10  1.02132e-10

Temperature = 1900 K    Pressure = 1000 atm

From\To         REACS        PRODS
REACS         21956.6      21956.6
PRODS     2.29067e-10  2.29067e-10

Temperature = 1900 K    Pressure = 10000 atm

From\To         REACS        PRODS
REACS         33216.6      33216.6
PRODS     3.46539e-10  3.46539e-10

Temperature = 2000 K

High Pressure Rate Coefficients:

From\To         REACS        PRODS
REACS             ***       149372
PRODS     3.93145e-10          ***

Temperature = 2000 K    Pressure = 1 atm

From\To         REACS        PRODS
REACS         1881.36      1881.36
PRODS     4.95167e-12  4.95167e-12

Temperature = 2000 K    Pressure = 10 atm

From\To         REACS        PRODS
REACS         9055.58      9055.58
PRODS     2.38341e-11  2.38341e-11

Temperature = 2000 K    Pressure = 100 atm

From\To         REACS        PRODS
REACS           31799        31799
PRODS     8.36948e-11  8.36948e-11

Temperature = 2000 K    Pressure = 1000 atm

From\To         REACS        PRODS
REACS         76278.5      76278.5
PRODS     2.00764e-10  2.00764e-10

Temperature = 2000 K    Pressure = 10000 atm

From\To         REACS        PRODS
REACS          122414       122414
PRODS     3.22192e-10  3.22192e-10

Temperature = 2100 K

High Pressure Rate Coefficients:

From\To         REACS        PRODS
REACS             ***       504855
PRODS     3.83095e-10          ***

Temperature = 2100 K    Pressure = 1 atm

From\To         REACS        PRODS
REACS         4866.67      4866.67
PRODS     3.69285e-12  3.69285e-12

Temperature = 2100 K    Pressure = 10 atm

From\To         REACS        PRODS
REACS         24437.6      24437.6
PRODS     1.85436e-11  1.85436e-11

Temperature = 2100 K    Pressure = 100 atm

From\To         REACS        PRODS
REACS         90706.7      90706.7
PRODS       6.883e-11    6.883e-11

Temperature = 2100 K    Pressure = 1000 atm

From\To         REACS        PRODS
REACS          232087       232087
PRODS     1.76113e-10  1.76113e-10

Temperature = 2100 K    Pressure = 10000 atm

From\To         REACS        PRODS
REACS          395309       395309
PRODS     2.99969e-10  2.99969e-10

Temperature = 2200 K

High Pressure Rate Coefficients:

From\To         REACS        PRODS
REACS             ***  1.52897e+06
PRODS     3.75362e-10          ***

Temperature = 2200 K    Pressure = 1 atm

From\To         REACS        PRODS
REACS         11327.3      11327.3
PRODS     2.78072e-12  2.78072e-12

Temperature = 2200 K    Pressure = 10 atm

From\To         REACS        PRODS
REACS         59161.2      59161.2
PRODS     1.45238e-11  1.45238e-11

Temperature = 2200 K    Pressure = 100 atm

From\To         REACS        PRODS
REACS          231324       231324
PRODS     5.67899e-11  5.67899e-11

Temperature = 2200 K    Pressure = 1000 atm

From\To         REACS        PRODS
REACS          629611       629611
PRODS      1.5457e-10   1.5457e-10

Temperature = 2200 K    Pressure = 10000 atm

From\To         REACS        PRODS
REACS     1.13817e+06  1.13817e+06
PRODS     2.79421e-10  2.79421e-10

Temperature = 2300 K

High Pressure Rate Coefficients:

From\To         REACS        PRODS
REACS             ***  4.20852e+06
PRODS     3.69501e-10          ***

Temperature = 2300 K    Pressure = 1 atm

From\To         REACS        PRODS
REACS         24058.8      24058.8
PRODS     2.11211e-12  2.11211e-12

Temperature = 2300 K    Pressure = 10 atm

From\To         REACS        PRODS
REACS          130351       130351
PRODS     1.14441e-11  1.14441e-11

Temperature = 2300 K    Pressure = 100 atm

From\To         REACS        PRODS
REACS          535247       535247
PRODS     4.69931e-11  4.69931e-11

Temperature = 2300 K    Pressure = 1000 atm

From\To         REACS        PRODS
REACS     1.54555e+06  1.54555e+06
PRODS     1.35697e-10  1.35697e-10

Temperature = 2300 K    Pressure = 10000 atm

From\To         REACS        PRODS
REACS     2.96404e+06  2.96404e+06
PRODS     2.60238e-10  2.60238e-10

Temperature = 2400 K

High Pressure Rate Coefficients:

From\To         REACS        PRODS
REACS             ***  1.06539e+07
PRODS     3.65175e-10          ***

Temperature = 2400 K    Pressure = 1 atm

From\To         REACS        PRODS
REACS         47203.8      47203.8
PRODS     1.61762e-12  1.61762e-12

Temperature = 2400 K    Pressure = 10 atm

From\To         REACS        PRODS
REACS          264627       264627
PRODS      9.0694e-12   9.0694e-12

Temperature = 2400 K    Pressure = 100 atm

From\To         REACS        PRODS
REACS     1.13774e+06  1.13774e+06
PRODS     3.89957e-11  3.89957e-11

Temperature = 2400 K    Pressure = 1000 atm

From\To         REACS        PRODS
REACS     3.47613e+06  3.47613e+06
PRODS     1.19147e-10  1.19147e-10

Temperature = 2400 K    Pressure = 10000 atm

From\To         REACS        PRODS
REACS     7.06694e+06  7.06694e+06
PRODS     2.42227e-10  2.42227e-10

Temperature = 2500 K

High Pressure Rate Coefficients:

From\To         REACS        PRODS
REACS             ***  2.50535e+07
PRODS     3.62122e-10          ***

Temperature = 2500 K    Pressure = 1 atm

From\To         REACS        PRODS
REACS           86399        86399
PRODS     1.24828e-12  1.24828e-12

Temperature = 2500 K    Pressure = 10 atm

From\To         REACS        PRODS
REACS          500030       500030
PRODS     7.22579e-12  7.22579e-12

Temperature = 2500 K    Pressure = 100 atm

From\To         REACS        PRODS
REACS     2.24486e+06  2.24486e+06
PRODS     3.24443e-11  3.24443e-11

Temperature = 2500 K    Pressure = 1000 atm

From\To         REACS        PRODS
REACS     7.23856e+06  7.23856e+06
PRODS     1.04624e-10  1.04624e-10

Temperature = 2500 K    Pressure = 10000 atm

From\To         REACS        PRODS
REACS     1.55843e+07  1.55843e+07
PRODS     2.25254e-10  2.25254e-10

______________________________________________________________________________________

High Pressure Rate Coefficients (Temperature-Species Rate Tables):

   T(K) REACS->REACS REACS->PRODS
    300          ***  1.69728e-56
    400          ***  8.08852e-39
    500          ***  3.77328e-28
    600          ***  5.34574e-21
    700          ***  7.26078e-16
    800          ***  5.33651e-12
    900          ***  5.56759e-09
   1000          ***  1.47343e-06
   1100          ***  0.000143286
   1200          ***   0.00656056
   1300          ***     0.167996
   1400          ***      2.72166
   1500          ***      30.5439
   1600          ***      254.205
   1700          ***      1653.15
   1800          ***      8749.82
   1900          ***      38926.4
   2000          ***       149372
   2100          ***       504855
   2200          ***  1.52897e+06
   2300          ***  4.20852e+06
   2400          ***  1.06539e+07
   2500          ***  2.50535e+07

   T(K) PRODS->REACS PRODS->PRODS
    300  1.89171e-06          ***
    400  1.12152e-07          ***
    500   2.1637e-08          ***
    600  7.50664e-09          ***
    700  3.62984e-09          ***
    800  2.15418e-09          ***
    900  1.46245e-09          ***
   1000  1.08914e-09          ***
   1100  8.66554e-10          ***
   1200   7.2383e-10          ***
   1300  6.27203e-10          ***
   1400  5.59037e-10          ***
   1500  5.09417e-10          ***
   1600  4.72427e-10          ***
   1700  4.44361e-10          ***
   1800  4.22801e-10          ***
   1900  4.06109e-10          ***
   2000  3.93145e-10          ***
   2100  3.83095e-10          ***
   2200  3.75362e-10          ***
   2300  3.69501e-10          ***
   2400  3.65175e-10          ***
   2500  3.62122e-10          ***

Capture/Escape Rate Coefficients:

   T(K)        REACS        PRODS
    300  1.69728e-56  1.89171e-06
    400  8.08852e-39  1.12152e-07
    500  3.77328e-28   2.1637e-08
    600  5.34574e-21  7.50664e-09
    700  7.26078e-16  3.62984e-09
    800  5.33651e-12  2.15418e-09
    900  5.56759e-09  1.46245e-09
   1000  1.47343e-06  1.08914e-09
   1100  0.000143286  8.66554e-10
   1200   0.00656056   7.2383e-10
   1300     0.167996  6.27203e-10
   1400      2.72166  5.59037e-10
   1500      30.5439  5.09417e-10
   1600      254.205  4.72427e-10
   1700      1653.15  4.44361e-10
   1800      8749.82  4.22801e-10
   1900      38926.4  4.06109e-10
   2000       149372  3.93145e-10
   2100       504855  3.83095e-10
   2200  1.52897e+06  3.75362e-10
   2300  4.20852e+06  3.69501e-10
   2400  1.06539e+07  3.65175e-10
   2500  2.50535e+07  3.62122e-10

______________________________________________________________________________________

Pressure-Species Rate Tables:

   Temperature = 300 K

   P(atm) REACS->PRODS      REACS->
        1  1.61856e-56  1.61856e-56
       10  1.68815e-56  1.68815e-56
      100  1.69698e-56  1.69698e-56
     1000   1.6979e-56   1.6979e-56
    10000    1.698e-56    1.698e-56
    O-O  1.69728e-56  1.69728e-56

   Temperature = 400 K

   P(atm) REACS->PRODS      REACS->
        1  7.04289e-39  7.04289e-39
       10  7.92036e-39  7.92036e-39
      100  8.07497e-39  8.07497e-39
     1000  8.09282e-39  8.09282e-39
    10000  8.09465e-39  8.09465e-39
    O-O  8.08852e-39  8.08852e-39

   Temperature = 500 K

   P(atm) REACS->PRODS      REACS->
        1  2.82964e-28  2.82964e-28
       10  3.56088e-28  3.56088e-28
      100  3.74707e-28  3.74707e-28
     1000  3.77295e-28  3.77295e-28
    10000  3.77571e-28  3.77571e-28
    O-O  3.77328e-28  3.77328e-28

   Temperature = 600 K

   P(atm) REACS->PRODS      REACS->
        1  3.29182e-21  3.29182e-21
       10  4.72917e-21  4.72917e-21
      100  5.24811e-21  5.24811e-21
     1000  5.33978e-21  5.33978e-21
    10000  5.35043e-21  5.35043e-21
    O-O  5.34574e-21  5.34574e-21

   Temperature = 700 K

   P(atm) REACS->PRODS      REACS->
        1  3.54232e-16  3.54232e-16
       10  5.83923e-16  5.83923e-16
      100  6.97108e-16  6.97108e-16
     1000  7.23058e-16  7.23058e-16
    10000  7.26486e-16  7.26486e-16
    O-O  7.26078e-16  7.26078e-16

   Temperature = 800 K

   P(atm) REACS->PRODS      REACS->
        1   2.0141e-12   2.0141e-12
       10  3.79254e-12  3.79254e-12
      100  4.94213e-12  4.94213e-12
     1000  5.28348e-12  5.28348e-12
    10000  5.33648e-12  5.33648e-12
    O-O  5.33651e-12  5.33651e-12

   Temperature = 900 K

   P(atm) REACS->PRODS      REACS->
        1  1.59988e-09  1.59988e-09
       10  3.41129e-09  3.41129e-09
      100  4.89376e-09  4.89376e-09
     1000  5.45589e-09  5.45589e-09
    10000  5.56054e-09  5.56054e-09
    O-O  5.56759e-09  5.56759e-09

   Temperature = 1000 K

   P(atm) REACS->PRODS      REACS->
        1  3.19141e-07  3.19141e-07
       10  7.62675e-07  7.62675e-07
      100  1.20858e-06  1.20858e-06
     1000   1.4205e-06   1.4205e-06
    10000  1.46821e-06  1.46821e-06
    O-O  1.47343e-06  1.47343e-06

   Temperature = 1100 K

   P(atm) REACS->PRODS      REACS->
        1  2.32768e-05  2.32768e-05
       10  6.16791e-05  6.16791e-05
      100  0.000107912  0.000107912
     1000  0.000134919  0.000134919
    10000  0.000142273  0.000142273
    O-O  0.000143286  0.000143286

   Temperature = 1200 K

   P(atm) REACS->PRODS      REACS->
        1  0.000796839  0.000796839
       10    0.0023189    0.0023189
      100    0.0044672    0.0044672
     1000   0.00598124   0.00598124
    10000   0.00647714   0.00647714
    O-O   0.00656056   0.00656056

   Temperature = 1300 K

   P(atm) REACS->PRODS      REACS->
        1    0.0152465    0.0152465
       10    0.0482978    0.0482978
      100      0.10202      0.10202
     1000     0.146926     0.146926
    10000     0.164477     0.164477
    O-O     0.167996     0.167996

   Temperature = 1400 K

   P(atm) REACS->PRODS      REACS->
        1     0.184728     0.184728
       10     0.631906     0.631906
      100      1.45649      1.45649
     1000      2.26162      2.26162
    10000      2.63359      2.63359
    O-O      2.72166      2.72166

   Temperature = 1500 K

   P(atm) REACS->PRODS      REACS->
        1       1.5538       1.5538
       10      5.70015      5.70015
      100      14.2604      14.2604
     1000      23.8909      23.8909
    10000       29.099       29.099
    O-O      30.5439      30.5439

   Temperature = 1600 K

   P(atm) REACS->PRODS      REACS->
        1      9.71064      9.71064
       10       37.978       37.978
      100      102.633      102.633
     1000      185.445      185.445
    10000      237.355      237.355
    O-O      254.205      254.205

   Temperature = 1700 K

   P(atm) REACS->PRODS      REACS->
        1      47.5798      47.5798
       10      197.323      197.323
      100      573.141      573.141
     1000      1115.31      1115.31
    10000      1505.62      1505.62
    O-O      1653.15      1653.15

   Temperature = 1800 K

   P(atm) REACS->PRODS      REACS->
        1      190.455      190.455
       10      833.441      833.441
      100      2589.76      2589.76
     1000      5416.78      5416.78
    10000      7733.71      7733.71
    O-O      8749.82      8749.82

   Temperature = 1900 K

   P(atm) REACS->PRODS      REACS->
        1      643.226      643.226
       10      2957.68      2957.68
      100      9789.63      9789.63
     1000      21956.6      21956.6
    10000      33216.6      33216.6
    O-O      38926.4      38926.4

   Temperature = 2000 K

   P(atm) REACS->PRODS      REACS->
        1      1881.36      1881.36
       10      9055.58      9055.58
      100        31799        31799
     1000      76278.5      76278.5
    10000       122414       122414
    O-O       149372       149372

   Temperature = 2100 K

   P(atm) REACS->PRODS      REACS->
        1      4866.67      4866.67
       10      24437.6      24437.6
      100      90706.7      90706.7
     1000       232087       232087
    10000       395309       395309
    O-O       504855       504855

   Temperature = 2200 K

   P(atm) REACS->PRODS      REACS->
        1      11327.3      11327.3
       10      59161.2      59161.2
      100       231324       231324
     1000       629611       629611
    10000  1.13817e+06  1.13817e+06
    O-O  1.52897e+06  1.52897e+06

   Temperature = 2300 K

   P(atm) REACS->PRODS      REACS->
        1      24058.8      24058.8
       10       130351       130351
      100       535247       535247
     1000  1.54555e+06  1.54555e+06
    10000  2.96404e+06  2.96404e+06
    O-O  4.20852e+06  4.20852e+06

   Temperature = 2400 K

   P(atm) REACS->PRODS      REACS->
        1      47203.8      47203.8
       10       264627       264627
      100  1.13774e+06  1.13774e+06
     1000  3.47613e+06  3.47613e+06
    10000  7.06694e+06  7.06694e+06
    O-O  1.06539e+07  1.06539e+07

   Temperature = 2500 K

   P(atm) REACS->PRODS      REACS->
        1        86399        86399
       10       500030       500030
      100  2.24486e+06  2.24486e+06
     1000  7.23856e+06  7.23856e+06
    10000  1.55843e+07  1.55843e+07
    O-O  2.50535e+07  2.50535e+07

   Temperature = 300 K

   P(atm) PRODS->REACS      PRODS->
        1  1.80397e-06  1.80397e-06
       10  1.88153e-06  1.88153e-06
      100  1.89138e-06  1.89138e-06
     1000  1.89241e-06  1.89241e-06
    10000  1.89251e-06  1.89251e-06
    O-O  1.89171e-06  1.89171e-06

   Temperature = 400 K

   P(atm) PRODS->REACS      PRODS->
        1  9.76536e-08  9.76536e-08
       10   1.0982e-07   1.0982e-07
      100  1.11964e-07  1.11964e-07
     1000  1.12212e-07  1.12212e-07
    10000  1.12237e-07  1.12237e-07
    O-O  1.12152e-07  1.12152e-07

   Temperature = 500 K

   P(atm) PRODS->REACS      PRODS->
        1  1.62259e-08  1.62259e-08
       10   2.0419e-08   2.0419e-08
      100  2.14867e-08  2.14867e-08
     1000  2.16351e-08  2.16351e-08
    10000  2.16509e-08  2.16509e-08
    O-O   2.1637e-08   2.1637e-08

   Temperature = 600 K

   P(atm) PRODS->REACS      PRODS->
        1  4.62247e-09  4.62247e-09
       10  6.64083e-09  6.64083e-09
      100  7.36955e-09  7.36955e-09
     1000  7.49827e-09  7.49827e-09
    10000  7.51323e-09  7.51323e-09
    O-O  7.50664e-09  7.50664e-09

   Temperature = 700 K

   P(atm) PRODS->REACS      PRODS->
        1  1.77089e-09  1.77089e-09
       10  2.91917e-09  2.91917e-09
      100  3.48501e-09  3.48501e-09
     1000  3.61474e-09  3.61474e-09
    10000  3.63188e-09  3.63188e-09
    O-O  3.62984e-09  3.62984e-09

   Temperature = 800 K

   P(atm) PRODS->REACS      PRODS->
        1  8.13029e-10  8.13029e-10
       10  1.53093e-09  1.53093e-09
      100  1.99498e-09  1.99498e-09
     1000  2.13278e-09  2.13278e-09
    10000  2.15417e-09  2.15417e-09
    O-O  2.15418e-09  2.15418e-09

   Temperature = 900 K

   P(atm) PRODS->REACS      PRODS->
        1  4.20245e-10  4.20245e-10
       10  8.96053e-10  8.96053e-10
      100  1.28546e-09  1.28546e-09
     1000  1.43311e-09  1.43311e-09
    10000   1.4606e-09   1.4606e-09
    O-O  1.46245e-09  1.46245e-09

   Temperature = 1000 K

   P(atm) PRODS->REACS      PRODS->
        1  2.35905e-10  2.35905e-10
       10  5.63759e-10  5.63759e-10
      100  8.93366e-10  8.93366e-10
     1000  1.05001e-09  1.05001e-09
    10000  1.08528e-09  1.08528e-09
    O-O  1.08914e-09  1.08914e-09

   Temperature = 1100 K

   P(atm) PRODS->REACS      PRODS->
        1  1.40772e-10  1.40772e-10
       10  3.73019e-10  3.73019e-10
      100  6.52625e-10  6.52625e-10
     1000  8.15957e-10  8.15957e-10
    10000  8.60427e-10  8.60427e-10
    O-O  8.66554e-10  8.66554e-10

   Temperature = 1200 K

   P(atm) PRODS->REACS      PRODS->
        1  8.79157e-11  8.79157e-11
       10  2.55846e-10  2.55846e-10
      100  4.92869e-10  4.92869e-10
     1000  6.59913e-10  6.59913e-10
    10000  7.14626e-10  7.14626e-10
    O-O   7.2383e-10   7.2383e-10

   Temperature = 1300 K

   P(atm) PRODS->REACS      PRODS->
        1  5.69218e-11  5.69218e-11
       10  1.80317e-10  1.80317e-10
      100  3.80883e-10  3.80883e-10
     1000  5.48538e-10  5.48538e-10
    10000  6.14066e-10  6.14066e-10
    O-O  6.27203e-10  6.27203e-10

   Temperature = 1400 K

   P(atm) PRODS->REACS      PRODS->
        1  3.79436e-11  3.79436e-11
       10  1.29795e-10  1.29795e-10
      100  2.99168e-10  2.99168e-10
     1000  4.64543e-10  4.64543e-10
    10000  5.40947e-10  5.40947e-10
    O-O  5.59037e-10  5.59037e-10

   Temperature = 1500 K

   P(atm) PRODS->REACS      PRODS->
        1  2.59145e-11  2.59145e-11
       10   9.5068e-11   9.5068e-11
      100  2.37837e-10  2.37837e-10
     1000  3.98456e-10  3.98456e-10
    10000  4.85317e-10  4.85317e-10
    O-O  5.09417e-10  5.09417e-10

   Temperature = 1600 K

   P(atm) PRODS->REACS      PRODS->
        1  1.80467e-11  1.80467e-11
       10  7.05801e-11  7.05801e-11
      100  1.90737e-10  1.90737e-10
     1000  3.44639e-10  3.44639e-10
    10000  4.41112e-10  4.41112e-10
    O-O  4.72427e-10  4.72427e-10

   Temperature = 1700 K

   P(atm) PRODS->REACS      PRODS->
        1  1.27893e-11  1.27893e-11
       10    5.304e-11    5.304e-11
      100  1.54059e-10  1.54059e-10
     1000  2.99793e-10  2.99793e-10
    10000  4.04706e-10  4.04706e-10
    O-O  4.44361e-10  4.44361e-10

   Temperature = 1800 K

   P(atm) PRODS->REACS      PRODS->
        1  9.20299e-12  9.20299e-12
       10  4.02728e-11  4.02728e-11
      100   1.2514e-10   1.2514e-10
     1000  2.61745e-10  2.61745e-10
    10000  3.73701e-10  3.73701e-10
    O-O  4.22801e-10  4.22801e-10

   Temperature = 1900 K

   P(atm) PRODS->REACS      PRODS->
        1  6.71056e-12  6.71056e-12
       10  3.08565e-11  3.08565e-11
      100  1.02132e-10  1.02132e-10
     1000  2.29067e-10  2.29067e-10
    10000  3.46539e-10  3.46539e-10
    O-O  4.06109e-10  4.06109e-10

   Temperature = 2000 K

   P(atm) PRODS->REACS      PRODS->
        1  4.95167e-12  4.95167e-12
       10  2.38341e-11  2.38341e-11
      100  8.36948e-11  8.36948e-11
     1000  2.00764e-10  2.00764e-10
    10000  3.22192e-10  3.22192e-10
    O-O  3.93145e-10  3.93145e-10

   Temperature = 2100 K

   P(atm) PRODS->REACS      PRODS->
        1  3.69285e-12  3.69285e-12
       10  1.85436e-11  1.85436e-11
      100    6.883e-11    6.883e-11
     1000  1.76113e-10  1.76113e-10
    10000  2.99969e-10  2.99969e-10
    O-O  3.83095e-10  3.83095e-10

   Temperature = 2200 K

   P(atm) PRODS->REACS      PRODS->
        1  2.78072e-12  2.78072e-12
       10  1.45238e-11  1.45238e-11
      100  5.67899e-11  5.67899e-11
     1000   1.5457e-10   1.5457e-10
    10000  2.79421e-10  2.79421e-10
    O-O  3.75362e-10  3.75362e-10

   Temperature = 2300 K

   P(atm) PRODS->REACS      PRODS->
        1  2.11211e-12  2.11211e-12
       10  1.14441e-11  1.14441e-11
      100  4.69931e-11  4.69931e-11
     1000  1.35697e-10  1.35697e-10
    10000  2.60238e-10  2.60238e-10
    O-O  3.69501e-10  3.69501e-10

   Temperature = 2400 K

   P(atm) PRODS->REACS      PRODS->
        1  1.61762e-12  1.61762e-12
       10   9.0694e-12   9.0694e-12
      100  3.89957e-11  3.89957e-11
     1000  1.19147e-10  1.19147e-10
    10000  2.42227e-10  2.42227e-10
    O-O  3.65175e-10  3.65175e-10

   Temperature = 2500 K

   P(atm) PRODS->REACS      PRODS->
        1  1.24828e-12  1.24828e-12
       10  7.22579e-12  7.22579e-12
      100  3.24443e-11  3.24443e-11
     1000  1.04624e-10  1.04624e-10
    10000  2.25254e-10  2.25254e-10
    O-O  3.62122e-10  3.62122e-10

______________________________________________________________________________________

Temperature-Species Rate Tables:

   Pressure = 1 atm

   T(K) REACS->PRODS      REACS->      Capture
    300  1.61856e-56  1.61856e-56  1.69728e-56
    400  7.04289e-39  7.04289e-39  8.08852e-39
    500  2.82964e-28  2.82964e-28  3.77328e-28
    600  3.29182e-21  3.29182e-21  5.34574e-21
    700  3.54232e-16  3.54232e-16  7.26078e-16
    800   2.0141e-12   2.0141e-12  5.33651e-12
    900  1.59988e-09  1.59988e-09  5.56759e-09
   1000  3.19141e-07  3.19141e-07  1.47343e-06
   1100  2.32768e-05  2.32768e-05  0.000143286
   1200  0.000796839  0.000796839   0.00656056
   1300    0.0152465    0.0152465     0.167996
   1400     0.184728     0.184728      2.72166
   1500       1.5538       1.5538      30.5439
   1600      9.71064      9.71064      254.205
   1700      47.5798      47.5798      1653.15
   1800      190.455      190.455      8749.82
   1900      643.226      643.226      38926.4
   2000      1881.36      1881.36       149372
   2100      4866.67      4866.67       504855
   2200      11327.3      11327.3  1.52897e+06
   2300      24058.8      24058.8  4.20852e+06
   2400      47203.8      47203.8  1.06539e+07
   2500        86399        86399  2.50535e+07

   Pressure = 10 atm

   T(K) REACS->PRODS      REACS->      Capture
    300  1.68815e-56  1.68815e-56  1.69728e-56
    400  7.92036e-39  7.92036e-39  8.08852e-39
    500  3.56088e-28  3.56088e-28  3.77328e-28
    600  4.72917e-21  4.72917e-21  5.34574e-21
    700  5.83923e-16  5.83923e-16  7.26078e-16
    800  3.79254e-12  3.79254e-12  5.33651e-12
    900  3.41129e-09  3.41129e-09  5.56759e-09
   1000  7.62675e-07  7.62675e-07  1.47343e-06
   1100  6.16791e-05  6.16791e-05  0.000143286
   1200    0.0023189    0.0023189   0.00656056
   1300    0.0482978    0.0482978     0.167996
   1400     0.631906     0.631906      2.72166
   1500      5.70015      5.70015      30.5439
   1600       37.978       37.978      254.205
   1700      197.323      197.323      1653.15
   1800      833.441      833.441      8749.82
   1900      2957.68      2957.68      38926.4
   2000      9055.58      9055.58       149372
   2100      24437.6      24437.6       504855
   2200      59161.2      59161.2  1.52897e+06
   2300       130351       130351  4.20852e+06
   2400       264627       264627  1.06539e+07
   2500       500030       500030  2.50535e+07

   Pressure = 100 atm

   T(K) REACS->PRODS      REACS->      Capture
    300  1.69698e-56  1.69698e-56  1.69728e-56
    400  8.07497e-39  8.07497e-39  8.08852e-39
    500  3.74707e-28  3.74707e-28  3.77328e-28
    600  5.24811e-21  5.24811e-21  5.34574e-21
    700  6.97108e-16  6.97108e-16  7.26078e-16
    800  4.94213e-12  4.94213e-12  5.33651e-12
    900  4.89376e-09  4.89376e-09  5.56759e-09
   1000  1.20858e-06  1.20858e-06  1.47343e-06
   1100  0.000107912  0.000107912  0.000143286
   1200    0.0044672    0.0044672   0.00656056
   1300      0.10202      0.10202     0.167996
   1400      1.45649      1.45649      2.72166
   1500      14.2604      14.2604      30.5439
   1600      102.633      102.633      254.205
   1700      573.141      573.141      1653.15
   1800      2589.76      2589.76      8749.82
   1900      9789.63      9789.63      38926.4
   2000        31799        31799       149372
   2100      90706.7      90706.7       504855
   2200       231324       231324  1.52897e+06
   2300       535247       535247  4.20852e+06
   2400  1.13774e+06  1.13774e+06  1.06539e+07
   2500  2.24486e+06  2.24486e+06  2.50535e+07

   Pressure = 1000 atm

   T(K) REACS->PRODS      REACS->      Capture
    300   1.6979e-56   1.6979e-56  1.69728e-56
    400  8.09282e-39  8.09282e-39  8.08852e-39
    500  3.77295e-28  3.77295e-28  3.77328e-28
    600  5.33978e-21  5.33978e-21  5.34574e-21
    700  7.23058e-16  7.23058e-16  7.26078e-16
    800  5.28348e-12  5.28348e-12  5.33651e-12
    900  5.45589e-09  5.45589e-09  5.56759e-09
   1000   1.4205e-06   1.4205e-06  1.47343e-06
   1100  0.000134919  0.000134919  0.000143286
   1200   0.00598124   0.00598124   0.00656056
   1300     0.146926     0.146926     0.167996
   1400      2.26162      2.26162      2.72166
   1500      23.8909      23.8909      30.5439
   1600      185.445      185.445      254.205
   1700      1115.31      1115.31      1653.15
   1800      5416.78      5416.78      8749.82
   1900      21956.6      21956.6      38926.4
   2000      76278.5      76278.5       149372
   2100       232087       232087       504855
   2200       629611       629611  1.52897e+06
   2300  1.54555e+06  1.54555e+06  4.20852e+06
   2400  3.47613e+06  3.47613e+06  1.06539e+07
   2500  7.23856e+06  7.23856e+06  2.50535e+07

   Pressure = 10000 atm

   T(K) REACS->PRODS      REACS->      Capture
    300    1.698e-56    1.698e-56  1.69728e-56
    400  8.09465e-39  8.09465e-39  8.08852e-39
    500  3.77571e-28  3.77571e-28  3.77328e-28
    600  5.35043e-21  5.35043e-21  5.34574e-21
    700  7.26486e-16  7.26486e-16  7.26078e-16
    800  5.33648e-12  5.33648e-12  5.33651e-12
    900  5.56054e-09  5.56054e-09  5.56759e-09
   1000  1.46821e-06  1.46821e-06  1.47343e-06
   1100  0.000142273  0.000142273  0.000143286
   1200   0.00647714   0.00647714   0.00656056
   1300     0.164477     0.164477     0.167996
   1400      2.63359      2.63359      2.72166
   1500       29.099       29.099      30.5439
   1600      237.355      237.355      254.205
   1700      1505.62      1505.62      1653.15
   1800      7733.71      7733.71      8749.82
   1900      33216.6      33216.6      38926.4
   2000       122414       122414       149372
   2100       395309       395309       504855
   2200  1.13817e+06  1.13817e+06  1.52897e+06
   2300  2.96404e+06  2.96404e+06  4.20852e+06
   2400  7.06694e+06  7.06694e+06  1.06539e+07
   2500  1.55843e+07  1.55843e+07  2.50535e+07

   Pressure = 1 atm

   T(K) PRODS->REACS      PRODS->      Capture
    300  1.80397e-06  1.80397e-06  1.89171e-06
    400  9.76536e-08  9.76536e-08  1.12152e-07
    500  1.62259e-08  1.62259e-08   2.1637e-08
    600  4.62247e-09  4.62247e-09  7.50664e-09
    700  1.77089e-09  1.77089e-09  3.62984e-09
    800  8.13029e-10  8.13029e-10  2.15418e-09
    900  4.20245e-10  4.20245e-10  1.46245e-09
   1000  2.35905e-10  2.35905e-10  1.08914e-09
   1100  1.40772e-10  1.40772e-10  8.66554e-10
   1200  8.79157e-11  8.79157e-11   7.2383e-10
   1300  5.69218e-11  5.69218e-11  6.27203e-10
   1400  3.79436e-11  3.79436e-11  5.59037e-10
   1500  2.59145e-11  2.59145e-11  5.09417e-10
   1600  1.80467e-11  1.80467e-11  4.72427e-10
   1700  1.27893e-11  1.27893e-11  4.44361e-10
   1800  9.20299e-12  9.20299e-12  4.22801e-10
   1900  6.71056e-12  6.71056e-12  4.06109e-10
   2000  4.95167e-12  4.95167e-12  3.93145e-10
   2100  3.69285e-12  3.69285e-12  3.83095e-10
   2200  2.78072e-12  2.78072e-12  3.75362e-10
   2300  2.11211e-12  2.11211e-12  3.69501e-10
   2400  1.61762e-12  1.61762e-12  3.65175e-10
   2500  1.24828e-12  1.24828e-12  3.62122e-10

   Pressure = 10 atm

   T(K) PRODS->REACS      PRODS->      Capture
    300  1.88153e-06  1.88153e-06  1.89171e-06
    400   1.0982e-07   1.0982e-07  1.12152e-07
    500   2.0419e-08   2.0419e-08   2.1637e-08
    600  6.64083e-09  6.64083e-09  7.50664e-09
    700  2.91917e-09  2.91917e-09  3.62984e-09
    800  1.53093e-09  1.53093e-09  2.15418e-09
    900  8.96053e-10  8.96053e-10  1.46245e-09
   1000  5.63759e-10  5.63759e-10  1.08914e-09
   1100  3.73019e-10  3.73019e-10  8.66554e-10
   1200  2.55846e-10  2.55846e-10   7.2383e-10
   1300  1.80317e-10  1.80317e-10  6.27203e-10
   1400  1.29795e-10  1.29795e-10  5.59037e-10
   1500   9.5068e-11   9.5068e-11  5.09417e-10
   1600  7.05801e-11  7.05801e-11  4.72427e-10
   1700    5.304e-11    5.304e-11  4.44361e-10
   1800  4.02728e-11  4.02728e-11  4.22801e-10
   1900  3.08565e-11  3.08565e-11  4.06109e-10
   2000  2.38341e-11  2.38341e-11  3.93145e-10
   2100  1.85436e-11  1.85436e-11  3.83095e-10
   2200  1.45238e-11  1.45238e-11  3.75362e-10
   2300  1.14441e-11  1.14441e-11  3.69501e-10
   2400   9.0694e-12   9.0694e-12  3.65175e-10
   2500  7.22579e-12  7.22579e-12  3.62122e-10

   Pressure = 100 atm

   T(K) PRODS->REACS      PRODS->      Capture
    300  1.89138e-06  1.89138e-06  1.89171e-06
    400  1.11964e-07  1.11964e-07  1.12152e-07
    500  2.14867e-08  2.14867e-08   2.1637e-08
    600  7.36955e-09  7.36955e-09  7.50664e-09
    700  3.48501e-09  3.48501e-09  3.62984e-09
    800  1.99498e-09  1.99498e-09  2.15418e-09
    900  1.28546e-09  1.28546e-09  1.46245e-09
   1000  8.93366e-10  8.93366e-10  1.08914e-09
   1100  6.52625e-10  6.52625e-10  8.66554e-10
   1200  4.92869e-10  4.92869e-10   7.2383e-10
   1300  3.80883e-10  3.80883e-10  6.27203e-10
   1400  2.99168e-10  2.99168e-10  5.59037e-10
   1500  2.37837e-10  2.37837e-10  5.09417e-10
   1600  1.90737e-10  1.90737e-10  4.72427e-10
   1700  1.54059e-10  1.54059e-10  4.44361e-10
   1800   1.2514e-10   1.2514e-10  4.22801e-10
   1900  1.02132e-10  1.02132e-10  4.06109e-10
   2000  8.36948e-11  8.36948e-11  3.93145e-10
   2100    6.883e-11    6.883e-11  3.83095e-10
   2200  5.67899e-11  5.67899e-11  3.75362e-10
   2300  4.69931e-11  4.69931e-11  3.69501e-10
   2400  3.89957e-11  3.89957e-11  3.65175e-10
   2500  3.24443e-11  3.24443e-11  3.62122e-10

   Pressure = 1000 atm

   T(K) PRODS->REACS      PRODS->      Capture
    300  1.89241e-06  1.89241e-06  1.89171e-06
    400  1.12212e-07  1.12212e-07  1.12152e-07
    500  2.16351e-08  2.16351e-08   2.1637e-08
    600  7.49827e-09  7.49827e-09  7.50664e-09
    700  3.61474e-09  3.61474e-09  3.62984e-09
    800  2.13278e-09  2.13278e-09  2.15418e-09
    900  1.43311e-09  1.43311e-09  1.46245e-09
   1000  1.05001e-09  1.05001e-09  1.08914e-09
   1100  8.15957e-10  8.15957e-10  8.66554e-10
   1200  6.59913e-10  6.59913e-10   7.2383e-10
   1300  5.48538e-10  5.48538e-10  6.27203e-10
   1400  4.64543e-10  4.64543e-10  5.59037e-10
   1500  3.98456e-10  3.98456e-10  5.09417e-10
   1600  3.44639e-10  3.44639e-10  4.72427e-10
   1700  2.99793e-10  2.99793e-10  4.44361e-10
   1800  2.61745e-10  2.61745e-10  4.22801e-10
   1900  2.29067e-10  2.29067e-10  4.06109e-10
   2000  2.00764e-10  2.00764e-10  3.93145e-10
   2100  1.76113e-10  1.76113e-10  3.83095e-10
   2200   1.5457e-10   1.5457e-10  3.75362e-10
   2300  1.35697e-10  1.35697e-10  3.69501e-10
   2400  1.19147e-10  1.19147e-10  3.65175e-10
   2500  1.04624e-10  1.04624e-10  3.62122e-10

   Pressure = 10000 atm

   T(K) PRODS->REACS      PRODS->      Capture
    300  1.89251e-06  1.89251e-06  1.89171e-06
    400  1.12237e-07  1.12237e-07  1.12152e-07
    500  2.16509e-08  2.16509e-08   2.1637e-08
    600  7.51323e-09  7.51323e-09  7.50664e-09
    700  3.63188e-09  3.63188e-09  3.62984e-09
    800  2.15417e-09  2.15417e-09  2.15418e-09
    900   1.4606e-09   1.4606e-09  1.46245e-09
   1000  1.08528e-09  1.08528e-09  1.08914e-09
   1100  8.60427e-10  8.60427e-10  8.66554e-10
   1200  7.14626e-10  7.14626e-10   7.2383e-10
   1300  6.14066e-10  6.14066e-10  6.27203e-10
   1400  5.40947e-10  5.40947e-10  5.59037e-10
   1500  4.85317e-10  4.85317e-10  5.09417e-10
   1600  4.41112e-10  4.41112e-10  4.72427e-10
   1700  4.04706e-10  4.04706e-10  4.44361e-10
   1800  3.73701e-10  3.73701e-10  4.22801e-10
   1900  3.46539e-10  3.46539e-10  4.06109e-10
   2000  3.22192e-10  3.22192e-10  3.93145e-10
   2100  2.99969e-10  2.99969e-10  3.83095e-10
   2200  2.79421e-10  2.79421e-10  3.75362e-10
   2300  2.60238e-10  2.60238e-10  3.69501e-10
   2400  2.42227e-10  2.42227e-10  3.65175e-10
   2500  2.25254e-10  2.25254e-10  3.62122e-10

______________________________________________________________________________________

Temperature-Pressure Rate Tables:

REACS->PRODS

P\T              300          400          500          600          700          800          900         1000         1100         1200         1300         1400         1500         1600         1700         1800         1900         2000         2100         2200         2300         2400         2500
1        1.61856e-56  7.04289e-39  2.82964e-28  3.29182e-21  3.54232e-16   2.0141e-12  1.59988e-09  3.19141e-07  2.32768e-05  0.000796839    0.0152465     0.184728       1.5538      9.71064      47.5798      190.455      643.226      1881.36      4866.67      11327.3      24058.8      47203.8        86399
10       1.68815e-56  7.92036e-39  3.56088e-28  4.72917e-21  5.83923e-16  3.79254e-12  3.41129e-09  7.62675e-07  6.16791e-05    0.0023189    0.0482978     0.631906      5.70015       37.978      197.323      833.441      2957.68      9055.58      24437.6      59161.2       130351       264627       500030
100      1.69698e-56  8.07497e-39  3.74707e-28  5.24811e-21  6.97108e-16  4.94213e-12  4.89376e-09  1.20858e-06  0.000107912    0.0044672      0.10202      1.45649      14.2604      102.633      573.141      2589.76      9789.63        31799      90706.7       231324       535247  1.13774e+06  2.24486e+06
1000      1.6979e-56  8.09282e-39  3.77295e-28  5.33978e-21  7.23058e-16  5.28348e-12  5.45589e-09   1.4205e-06  0.000134919   0.00598124     0.146926      2.26162      23.8909      185.445      1115.31      5416.78      21956.6      76278.5       232087       629611  1.54555e+06  3.47613e+06  7.23856e+06
10000      1.698e-56  8.09465e-39  3.77571e-28  5.35043e-21  7.26486e-16  5.33648e-12  5.56054e-09  1.46821e-06  0.000142273   0.00647714     0.164477      2.63359       29.099      237.355      1505.62      7733.71      33216.6       122414       395309  1.13817e+06  2.96404e+06  7.06694e+06  1.55843e+07
O-O      1.69728e-56  8.08852e-39  3.77328e-28  5.34574e-21  7.26078e-16  5.33651e-12  5.56759e-09  1.47343e-06  0.000143286   0.00656056     0.167996      2.72166      30.5439      254.205      1653.15      8749.82      38926.4       149372       504855  1.52897e+06  4.20852e+06  1.06539e+07  2.50535e+07

PRODS->REACS

P\T              300          400          500          600          700          800          900         1000         1100         1200         1300         1400         1500         1600         1700         1800         1900         2000         2100         2200         2300         2400         2500
1        1.80397e-06  9.76536e-08  1.62259e-08  4.62247e-09  1.77089e-09  8.13029e-10  4.20245e-10  2.35905e-10  1.40772e-10  8.79157e-11  5.69218e-11  3.79436e-11  2.59145e-11  1.80467e-11  1.27893e-11  9.20299e-12  6.71056e-12  4.95167e-12  3.69285e-12  2.78072e-12  2.11211e-12  1.61762e-12  1.24828e-12
10       1.88153e-06   1.0982e-07   2.0419e-08  6.64083e-09  2.91917e-09  1.53093e-09  8.96053e-10  5.63759e-10  3.73019e-10  2.55846e-10  1.80317e-10  1.29795e-10   9.5068e-11  7.05801e-11    5.304e-11  4.02728e-11  3.08565e-11  2.38341e-11  1.85436e-11  1.45238e-11  1.14441e-11   9.0694e-12  7.22579e-12
100      1.89138e-06  1.11964e-07  2.14867e-08  7.36955e-09  3.48501e-09  1.99498e-09  1.28546e-09  8.93366e-10  6.52625e-10  4.92869e-10  3.80883e-10  2.99168e-10  2.37837e-10  1.90737e-10  1.54059e-10   1.2514e-10  1.02132e-10  8.36948e-11    6.883e-11  5.67899e-11  4.69931e-11  3.89957e-11  3.24443e-11
1000     1.89241e-06  1.12212e-07  2.16351e-08  7.49827e-09  3.61474e-09  2.13278e-09  1.43311e-09  1.05001e-09  8.15957e-10  6.59913e-10  5.48538e-10  4.64543e-10  3.98456e-10  3.44639e-10  2.99793e-10  2.61745e-10  2.29067e-10  2.00764e-10  1.76113e-10   1.5457e-10  1.35697e-10  1.19147e-10  1.04624e-10
10000    1.89251e-06  1.12237e-07  2.16509e-08  7.51323e-09  3.63188e-09  2.15417e-09   1.4606e-09  1.08528e-09  8.60427e-10  7.14626e-10  6.14066e-10  5.40947e-10  4.85317e-10  4.41112e-10  4.04706e-10  3.73701e-10  3.46539e-10  3.22192e-10  2.99969e-10  2.79421e-10  2.60238e-10  2.42227e-10  2.25254e-10
O-O      1.89171e-06  1.12152e-07   2.1637e-08  7.50664e-09  3.62984e-09  2.15418e-09  1.46245e-09  1.08914e-09  8.66554e-10   7.2383e-10  6.27203e-10  5.59037e-10  5.09417e-10  4.72427e-10  4.44361e-10  4.22801e-10  4.06109e-10  3.93145e-10  3.83095e-10  3.75362e-10  3.69501e-10  3.65175e-10  3.62122e-10

REACS-> 

P\T              300          400          500          600          700          800          900         1000         1100         1200         1300         1400         1500         1600         1700         1800         1900         2000         2100         2200         2300         2400         2500
1        1.61856e-56  7.04289e-39  2.82964e-28  3.29182e-21  3.54232e-16   2.0141e-12  1.59988e-09  3.19141e-07  2.32768e-05  0.000796839    0.0152465     0.184728       1.5538      9.71064      47.5798      190.455      643.226      1881.36      4866.67      11327.3      24058.8      47203.8        86399
10       1.68815e-56  7.92036e-39  3.56088e-28  4.72917e-21  5.83923e-16  3.79254e-12  3.41129e-09  7.62675e-07  6.16791e-05    0.0023189    0.0482978     0.631906      5.70015       37.978      197.323      833.441      2957.68      9055.58      24437.6      59161.2       130351       264627       500030
100      1.69698e-56  8.07497e-39  3.74707e-28  5.24811e-21  6.97108e-16  4.94213e-12  4.89376e-09  1.20858e-06  0.000107912    0.0044672      0.10202      1.45649      14.2604      102.633      573.141      2589.76      9789.63        31799      90706.7       231324       535247  1.13774e+06  2.24486e+06
1000      1.6979e-56  8.09282e-39  3.77295e-28  5.33978e-21  7.23058e-16  5.28348e-12  5.45589e-09   1.4205e-06  0.000134919   0.00598124     0.146926      2.26162      23.8909      185.445      1115.31      5416.78      21956.6      76278.5       232087       629611  1.54555e+06  3.47613e+06  7.23856e+06
10000      1.698e-56  8.09465e-39  3.77571e-28  5.35043e-21  7.26486e-16  5.33648e-12  5.56054e-09  1.46821e-06  0.000142273   0.00647714     0.164477      2.63359       29.099      237.355      1505.62      7733.71      33216.6       122414       395309  1.13817e+06  2.96404e+06  7.06694e+06  1.55843e+07
O-O      1.69728e-56  8.08852e-39  3.77328e-28  5.34574e-21  7.26078e-16  5.33651e-12  5.56759e-09  1.47343e-06  0.000143286   0.00656056     0.167996      2.72166      30.5439      254.205      1653.15      8749.82      38926.4       149372       504855  1.52897e+06  4.20852e+06  1.06539e+07  2.50535e+07

PRODS-> 

P\T              300          400          500          600          700          800          900         1000         1100         1200         1300         1400         1500         1600         1700         1800         1900         2000         2100         2200         2300         2400         2500
1        1.80397e-06  9.76536e-08  1.62259e-08  4.62247e-09  1.77089e-09  8.13029e-10  4.20245e-10  2.35905e-10  1.40772e-10  8.79157e-11  5.69218e-11  3.79436e-11  2.59145e-11  1.80467e-11  1.27893e-11  9.20299e-12  6.71056e-12  4.95167e-12  3.69285e-12  2.78072e-12  2.11211e-12  1.61762e-12  1.24828e-12
10       1.88153e-06   1.0982e-07   2.0419e-08  6.64083e-09  2.91917e-09  1.53093e-09  8.96053e-10  5.63759e-10  3.73019e-10  2.55846e-10  1.80317e-10  1.29795e-10   9.5068e-11  7.05801e-11    5.304e-11  4.02728e-11  3.08565e-11  2.38341e-11  1.85436e-11  1.45238e-11  1.14441e-11   9.0694e-12  7.22579e-12
100      1.89138e-06  1.11964e-07  2.14867e-08  7.36955e-09  3.48501e-09  1.99498e-09  1.28546e-09  8.93366e-10  6.52625e-10  4.92869e-10  3.80883e-10  2.99168e-10  2.37837e-10  1.90737e-10  1.54059e-10   1.2514e-10  1.02132e-10  8.36948e-11    6.883e-11  5.67899e-11  4.69931e-11  3.89957e-11  3.24443e-11
1000     1.89241e-06  1.12212e-07  2.16351e-08  7.49827e-09  3.61474e-09  2.13278e-09  1.43311e-09  1.05001e-09  8.15957e-10  6.59913e-10  5.48538e-10  4.64543e-10  3.98456e-10  3.44639e-10  2.99793e-10  2.61745e-10  2.29067e-10  2.00764e-10  1.76113e-10   1.5457e-10  1.35697e-10  1.19147e-10  1.04624e-10
10000    1.89251e-06  1.12237e-07  2.16509e-08  7.51323e-09  3.63188e-09  2.15417e-09   1.4606e-09  1.08528e-09  8.60427e-10  7.14626e-10  6.14066e-10  5.40947e-10  4.85317e-10  4.41112e-10  4.04706e-10  3.73701e-10  3.46539e-10  3.22192e-10  2.99969e-10  2.79421e-10  2.60238e-10  2.42227e-10  2.25254e-10
O-O      1.89171e-06  1.12152e-07   2.1637e-08  7.50664e-09  3.62984e-09  2.15418e-09  1.46245e-09  1.08914e-09  8.66554e-10   7.2383e-10  6.27203e-10  5.59037e-10  5.09417e-10  4.72427e-10  4.44361e-10  4.22801e-10  4.06109e-10  3.93145e-10  3.83095e-10  3.75362e-10  3.69501e-10  3.65175e-10  3.62122e-10

