FACE = 0

Surf:             0             1             2             3             4             5

Minimal energy (kcal/mol):
          -0.355907     -0.706492      -1.94097      -2.74497     -0.253618     -0.502309

Temperature (K) - Flux(10^11 cm^3/sec)
   10 7.81e+07( 19) 2.28e+15( 24) 6.23e+41( 47) 8.27e+58( 79) 1.17e+06( 12) 1.93e+11( 15)
   20 2.54e+04( 14) 1.01e+08( 19) 7.74e+20( 37) 1.71e+29( 60) 4.15e+03(9.7) 1.36e+06( 12)
 30.5    2e+03( 12) 3.63e+05( 16) 6.43e+13( 30) 1.46e+19( 45)      708(8.4) 2.71e+04( 10)
41.53      621(9.9) 2.36e+04( 14) 1.94e+10( 26) 1.42e+14( 35)      316(7.5) 4.08e+03(9.4)
 53.1      331(8.6) 4.88e+03( 13) 1.59e+08( 23)  1.5e+11( 30)      205(6.8) 1.37e+03(8.8)
65.26      229(7.5)  1.8e+03( 12) 6.79e+06( 21) 1.64e+09( 26)      160(6.2)      684(8.3)
78.02      183(6.6)      917( 11) 7.43e+05( 19) 6.79e+07( 24)      137(5.7)      428(7.9)
91.42      159(5.9)      571(9.8) 1.46e+05( 18) 6.47e+06( 22)      126(5.2)      307(7.5)
105.5      145(5.2)      405(  9) 4.25e+04( 16) 1.07e+06( 20)      119(4.8)      242(7.1)
120.3      137(4.7)      314(8.3) 1.62e+04( 15) 2.62e+05( 19)      116(4.5)      203(6.8)
135.8      132(4.3)      260(7.7) 7.52e+03( 14) 8.45e+04( 18)      114(4.2)      179(6.5)
152.1      130(3.9)      225(7.1) 4.04e+03( 14) 3.36e+04( 17)      114(3.9)      162(6.2)
169.2      129(3.6)      202(6.6) 2.43e+03( 13) 1.57e+04( 16)      115(3.6)      151(5.9)
187.1      129(3.3)      186(6.2) 1.59e+03( 12) 8.34e+03( 15)      117(3.4)      144(5.6)
  206      130(3.1)      175(5.8) 1.12e+03( 12) 4.88e+03( 14)      119(3.2)      138(5.3)
225.8      131(2.9)      167(5.4)      831( 11)  3.1e+03( 13)      122(3.1)      135(5.1)
246.6      133(2.7)      162(5.1)      647( 11)  2.1e+03( 13)      124(2.9)      133(4.8)
268.4      135(2.6)      158(4.8)      523( 10)  1.5e+03( 12)      128(2.8)      132(4.6)
291.3      138(2.4)      156(4.5)      437(9.7) 1.13e+03( 12)      131(2.6)      132(4.4)
315.4      141(2.3)      154(4.2)      374(9.3)      878( 11)      134(2.5)      132(4.2)
340.7      144(2.2)      154(  4)      328(8.9)      707( 11)      138(2.4)      133(  4)
367.2      147(2.1)      154(3.8)      293(8.5)      585( 10)      142(2.3)      135(3.8)
395.1      150(2.1)      155(3.6)      267(8.1)      496(9.8)      146(2.2)      137(3.6)
424.3      154(  2)      156(3.4)      246(7.8)      430(9.4)      150(2.2)      139(3.5)
  455      158(1.9)      158(3.3)      230(7.4)      379(  9)      155(2.1)      141(3.3)
487.3      162(1.9)      160(3.1)      217(7.1)      340(8.6)      159(2.1)      144(3.2)
521.1      166(1.8)      162(  3)      207(6.8)      309(8.3)      164(  2)      147(  3)
556.7      170(1.8)      164(2.9)      199(6.5)      285(  8)      169(  2)      150(2.9)
  594      175(1.7)      167(2.7)      193(6.2)      265(7.7)      174(1.9)      154(2.8)
633.2      179(1.7)      170(2.6)      188(  6)      249(7.4)      179(1.9)      157(2.7)
674.4      184(1.7)      174(2.5)      184(5.7)      236(7.1)      184(1.8)      161(2.6)
717.6      188(1.6)      177(2.5)      181(5.5)      226(6.8)      189(1.8)      165(2.5)
  763      193(1.6)      181(2.4)      179(5.2)      218(6.5)      194(1.8)      169(2.5)
810.6      198(1.6)      185(2.3)      178(  5)      211(6.3)      200(1.8)      173(2.4)
860.7      204(1.6)      189(2.2)      178(4.8)      206(  6)      205(1.7)      178(2.3)
913.2      209(1.6)      193(2.2)      178(4.6)      202(5.8)      211(1.7)      182(2.3)
968.4      214(1.6)      197(2.1)      178(4.4)      198(5.6)      217(1.7)      187(2.2)
 1026      220(1.5)      202(2.1)      179(4.3)      196(5.3)      223(1.7)      192(2.1)
 1087      226(1.5)      206(  2)      180(4.1)      194(5.1)      229(1.7)      197(2.1)
 1151      231(1.5)      211(  2)      182(3.9)      194(4.9)      236(1.7)      202(2.1)
 1218      238(1.5)      216(1.9)      184(3.8)      193(4.7)      242(1.7)      207(  2)
 1288      244(1.5)      221(1.9)      186(3.6)      193(4.5)      249(1.7)      213(  2)
 1362      250(1.5)      226(1.9)      189(3.5)      194(4.4)      256(1.6)      218(1.9)
 1440      256(1.5)      232(1.9)      192(3.4)      195(4.2)      262(1.6)      224(1.9)
 1521      263(1.5)      238(1.8)      195(3.2)      196(  4)      270(1.6)      230(1.9)
 1607      270(1.5)      243(1.8)      198(3.1)      198(3.9)      277(1.6)      236(1.9)
 1697      277(1.5)      249(1.8)      202(  3)      200(3.7)      284(1.6)      242(1.8)
 1791      284(1.5)      255(1.8)      206(2.9)      203(3.6)      292(1.6)      249(1.8)
 1890      291(1.5)      262(1.8)      210(2.8)      206(3.4)      300(1.6)      255(1.8)
 1994      299(1.5)      268(1.7)      214(2.7)      209(3.3)      307(1.6)      262(1.8)
 2103      306(1.5)      275(1.7)      218(2.7)      212(3.2)      316(1.6)      269(1.8)
 2218      314(1.5)      281(1.7)      223(2.6)      215(3.1)      324(1.6)      276(1.8)
 2339      322(1.5)      288(1.7)      227(2.5)      219(  3)      332(1.6)      283(1.7)
 2465      330(1.5)      295(1.7)      232(2.5)      223(2.9)      341(1.6)      290(1.7)
 2598      339(1.5)      303(1.7)      238(2.4)      227(2.8)      350(1.6)      298(1.7)
 2737      347(1.5)      310(1.7)      243(2.3)      232(2.7)      359(1.6)      306(1.7)
 2883      356(1.5)      318(1.7)      248(2.3)      237(2.6)      368(1.6)      314(1.7)
 3037      365(1.5)      326(1.7)      254(2.2)      241(2.5)      378(1.6)      322(1.7)
 3199      374(1.5)      334(1.7)      260(2.2)      246(2.4)      388(1.6)      330(1.7)
 3368      384(1.4)      342(1.6)      266(2.1)      252(2.4)      398(1.6)      338(1.7)
 3546      394(1.4)      351(1.6)      272(2.1)      257(2.3)      408(1.6)      347(1.7)

Surf:             0             1             2             3             4             5

Successful samplings:
                200           200           200           200           200           200
Failed samplings:
                  0             0             0             0             0             0
Dummy samplings:
               2030          1548          1351          1809          1452          1349
Out-of-face samplings:
               1930          1411          1269          1570          1187          1110
Close-atoms samplings:
                  0             0             0             0             0             0

Minimal thermal flux (10^11 cm^3/sec):
T, K:         169.2         340.7         913.2          1218         152.1         291.3
Flux:         128.6         153.8         177.7         193.2         114.4         131.9


*******************************************************

Surf:             6             7

Minimal energy (kcal/mol):
             -1.397        -1.958

Temperature (K) - Flux(10^11 cm^3/sec)
   10 2.93e+30( 22) 1.12e+42( 40)
   20  3.2e+15( 19) 1.29e+21( 27)
 30.5 2.71e+10( 17) 1.04e+14( 22)
41.53 8.13e+07( 15) 3.05e+10( 19)
 53.1 2.61e+06( 14) 2.42e+08( 17)
65.26 2.73e+05( 13)    1e+07( 16)
78.02 5.62e+04( 12) 1.07e+06( 15)
91.42 1.76e+04( 12) 2.05e+05( 14)
105.5 7.29e+03( 11) 5.79e+04( 13)
120.3 3.67e+03( 11) 2.16e+04( 12)
135.8 2.12e+03( 10) 9.77e+03( 12)
152.1 1.36e+03(9.8) 5.13e+03( 11)
169.2      948(9.4) 3.01e+03( 11)
187.1      702(9.1) 1.93e+03( 11)
  206      547(8.8) 1.33e+03( 10)
225.8      443(8.5)      970(9.9)
246.6      371(8.3)      740(9.6)
268.4      320(  8)      587(9.3)
291.3      282(7.8)      481(  9)
315.4      253(7.5)      405(8.7)
340.7      231(7.3)      349(8.5)
367.2      214(  7)      307(8.2)
395.1      201(6.8)      275(  8)
424.3      190(6.6)      250(7.7)
  455      182(6.4)      230(7.5)
487.3      176(6.2)      214(7.3)
521.1      171(  6)      202(  7)
556.7      167(5.8)      192(6.8)
  594      164(5.6)      183(6.6)
633.2      162(5.4)      177(6.4)
674.4      161(5.2)      172(6.2)
717.6      160(  5)      168(  6)
  763      160(4.8)      165(5.8)
810.6      160(4.7)      163(5.6)
860.7      161(4.5)      161(5.4)
913.2      162(4.3)      160(5.2)
968.4      164(4.2)      160(  5)
 1026      166(  4)      160(4.9)
 1087      168(3.9)      161(4.7)
 1151      170(3.7)      162(4.5)
 1218      173(3.6)      163(4.4)
 1288      176(3.5)      165(4.2)
 1362      179(3.4)      167(4.1)
 1440      182(3.2)      169(3.9)
 1521      186(3.1)      172(3.8)
 1607      190(  3)      174(3.7)
 1697      194(2.9)      177(3.5)
 1791      198(2.8)      181(3.4)
 1890      203(2.8)      184(3.3)
 1994      207(2.7)      188(3.2)
 2103      212(2.6)      192(3.1)
 2218      217(2.5)      196(  3)
 2339      222(2.4)      201(2.9)
 2465      228(2.4)      205(2.8)
 2598      233(2.3)      210(2.7)
 2737      239(2.3)      215(2.6)
 2883      245(2.2)      220(2.5)
 3037      251(2.2)      226(2.4)
 3199      257(2.1)      231(2.4)
 3368      264(2.1)      237(2.3)
 3546      270(  2)      243(2.2)

Surf:             6             7

Successful samplings:
                200           220
Failed samplings:
                  0             0
Dummy samplings:
               1327          1597
Out-of-face samplings:
               1033          1219
Close-atoms samplings:
                  0             0

Minimal thermal flux (10^11 cm^3/sec):
T, K:           763         968.4
Flux:         159.8         159.9


*******************************************************

Surface = 0

Minimal energy configuration (Angstrom):

 C  -0.09404  -0.22116   0.01976
 H  -0.45522  -0.12229  -0.98938
 H   0.90661  -0.57381   0.20116
 H  -0.73348   0.03266   0.84755
 H   1.40184   3.29675  -0.29458

interatomic distance matrix (Angstrom):

 F1\F2     H1
 C1     3.836
 H2     3.952
 H3     3.933
 H4     4.064

Surface = 1

Minimal energy configuration (Angstrom):

 C  -0.03163  -0.19135   0.11318
 H  -0.92816   0.22917   0.53504
 H  -0.07677  -0.73356  -0.81555
 H   0.91012  -0.06964   0.62000
 H   0.47139   2.85238  -1.68712

interatomic distance matrix (Angstrom):

 F1\F2     H1
 C1     3.572
 H2     3.712
 H3     3.731
 H4     3.749

Surface = 2

Minimal energy configuration (Angstrom):

 C   0.16885  -0.03772   0.09924
 H   0.56715  -0.21308  -0.88523
 H   0.15013   0.96012   0.50239
 H  -0.21080  -0.86019   0.68059
 H  -2.51695   0.56233  -1.47933

interatomic distance matrix (Angstrom):

 F1\F2     H1
 C1     3.173
 H2     3.235
 H3     3.346
 H4     3.465

Surface = 3

Minimal energy configuration (Angstrom):

 C  -0.14144   0.12873  -0.00322
 H   0.56986   0.86015   0.33975
 H  -0.27932  -0.03457  -1.05816
 H  -0.71488  -0.43948   0.70872
 H   2.10848  -1.91881   0.04805

interatomic distance matrix (Angstrom):

 F1\F2     H1
 C1     3.043
 H2      3.19
 H3     3.237
 H4     3.255

Surface = 4

Minimal energy configuration (Angstrom):

 C  -0.10934  -0.06617  -0.21428
 H  -0.80200   0.75033  -0.10421
 H   0.82372   0.08524  -0.72911
 H  -0.34968  -1.03413   0.19050
 H   1.62991   0.98645   3.19426

interatomic distance matrix (Angstrom):

 F1\F2     H1
 C1     3.969
 H2     4.105
 H3     4.105
 H4     4.126

Surface = 5

Minimal energy configuration (Angstrom):

 C  -0.05281  -0.19177   0.12109
 H   0.11211   0.32662   1.04987
 H  -1.03095  -0.19328  -0.32815
 H   0.76042  -0.70866  -0.35855
 H   0.78720   2.85873  -1.80493

interatomic distance matrix (Angstrom):

 F1\F2     H1
 C1     3.704
 H2     3.875
 H3     3.847
 H4      3.85

Surface = 6

Minimal energy configuration (Angstrom):

 C   0.12224   0.16519   0.03139
 H   0.16617  -0.12492   1.06700
 H   0.84706  -0.21789  -0.66608
 H  -0.64654   0.83834  -0.30682
 H  -1.82221  -2.46239  -0.46788

interatomic distance matrix (Angstrom):

 F1\F2     H1
 C1     3.307
 H2     3.431
 H3     3.493
 H4     3.508

Surface = 7

Minimal energy configuration (Angstrom):

 C   0.15473   0.08569   0.09207
 H   0.70051  -0.83958   0.15957
 H   0.33670   0.75937  -0.72745
 H  -0.57311   0.33732   0.84407
 H  -2.30642  -1.27740  -1.37248

interatomic distance matrix (Angstrom):

 F1\F2     H1
 C1     3.172
 H2     3.403
 H3     3.399
 H4     3.244

+++++++++++++++++++++++++++++++++++++++++++++++++++++++++++

