Wells (G - ground energy, D - dissociation limit, kcal/mol):
      Name        G        D
     REACS      0.0    106.3

Bimolecular Products (G - ground energy, kcal/mol):
      Name        G
     PRODS    108.7

Well-to-Bimolecular Barriers (H/G - barrier height/well depth, kcal/mol)
      Name        H     Well        G  Product
        TS    106.3    REACS      0.0    PRODS

________________________________________________________________________________________

Unimolecular Rate Units: 1/sec;  Bimolecular Rate Units: cm^3/sec

______________________________________________________________________________________

Species-Species Rate Tables:

Temperature = 300 K

High Pressure Rate Coefficients:

From\To         REACS        PRODS
REACS             ***  5.22988e-64
PRODS     7.25531e-10          ***

Temperature = 300 K    Pressure = 1 atm

From\To         REACS        PRODS
REACS     5.22211e-64  5.22211e-64
PRODS     7.24454e-10  7.24454e-10

Temperature = 300 K    Pressure = 10 atm

From\To         REACS        PRODS
REACS      5.2257e-64   5.2257e-64
PRODS     7.24951e-10  7.24951e-10

Temperature = 300 K    Pressure = 100 atm

From\To         REACS        PRODS
REACS     5.22606e-64  5.22606e-64
PRODS     7.25002e-10  7.25002e-10

Temperature = 300 K    Pressure = 1000 atm

From\To         REACS        PRODS
REACS      5.2261e-64   5.2261e-64
PRODS     7.25007e-10  7.25007e-10

Temperature = 300 K    Pressure = 10000 atm

From\To         REACS        PRODS
REACS      5.2261e-64   5.2261e-64
PRODS     7.25007e-10  7.25007e-10

Temperature = 400 K

High Pressure Rate Coefficients:

From\To         REACS        PRODS
REACS             ***  2.34598e-44
PRODS     3.32771e-10          ***

Temperature = 400 K    Pressure = 1 atm

From\To         REACS        PRODS
REACS     2.33386e-44  2.33386e-44
PRODS     3.31052e-10  3.31052e-10

Temperature = 400 K    Pressure = 10 atm

From\To         REACS        PRODS
REACS     2.34333e-44  2.34333e-44
PRODS     3.32396e-10  3.32396e-10

Temperature = 400 K    Pressure = 100 atm

From\To         REACS        PRODS
REACS     2.34435e-44  2.34435e-44
PRODS      3.3254e-10   3.3254e-10

Temperature = 400 K    Pressure = 1000 atm

From\To         REACS        PRODS
REACS     2.34445e-44  2.34445e-44
PRODS     3.32554e-10  3.32554e-10

Temperature = 400 K    Pressure = 10000 atm

From\To         REACS        PRODS
REACS     2.34446e-44  2.34446e-44
PRODS     3.32556e-10  3.32556e-10

Temperature = 500 K

High Pressure Rate Coefficients:

From\To         REACS        PRODS
REACS             ***  1.67886e-32
PRODS     2.24816e-10          ***

Temperature = 500 K    Pressure = 1 atm

From\To         REACS        PRODS
REACS       1.647e-32    1.647e-32
PRODS     2.20549e-10  2.20549e-10

Temperature = 500 K    Pressure = 10 atm

From\To         REACS        PRODS
REACS     1.67378e-32  1.67378e-32
PRODS     2.24135e-10  2.24135e-10

Temperature = 500 K    Pressure = 100 atm

From\To         REACS        PRODS
REACS     1.67711e-32  1.67711e-32
PRODS     2.24581e-10  2.24581e-10

Temperature = 500 K    Pressure = 1000 atm

From\To         REACS        PRODS
REACS     1.67745e-32  1.67745e-32
PRODS     2.24628e-10  2.24628e-10

Temperature = 500 K    Pressure = 10000 atm

From\To         REACS        PRODS
REACS     1.67749e-32  1.67749e-32
PRODS     2.24632e-10  2.24632e-10

Temperature = 600 K

High Pressure Rate Coefficients:

From\To         REACS        PRODS
REACS             ***  1.46709e-24
PRODS     1.82165e-10          ***

Temperature = 600 K    Pressure = 1 atm

From\To         REACS        PRODS
REACS     1.38991e-24  1.38991e-24
PRODS     1.72582e-10  1.72582e-10

Temperature = 600 K    Pressure = 10 atm

From\To         REACS        PRODS
REACS     1.45459e-24  1.45459e-24
PRODS     1.80613e-10  1.80613e-10

Temperature = 600 K    Pressure = 100 atm

From\To         REACS        PRODS
REACS     1.46476e-24  1.46476e-24
PRODS     1.81876e-10  1.81876e-10

Temperature = 600 K    Pressure = 1000 atm

From\To         REACS        PRODS
REACS     1.46592e-24  1.46592e-24
PRODS     1.82019e-10  1.82019e-10

Temperature = 600 K    Pressure = 10000 atm

From\To         REACS        PRODS
REACS     1.46603e-24  1.46603e-24
PRODS     1.82034e-10  1.82034e-10

Temperature = 700 K

High Pressure Rate Coefficients:

From\To         REACS        PRODS
REACS             ***  7.29795e-19
PRODS     1.62577e-10          ***

Temperature = 700 K    Pressure = 1 atm

From\To         REACS        PRODS
REACS     6.46883e-19  6.46883e-19
PRODS     1.44107e-10  1.44107e-10

Temperature = 700 K    Pressure = 10 atm

From\To         REACS        PRODS
REACS     7.13367e-19  7.13367e-19
PRODS     1.58918e-10  1.58918e-10

Temperature = 700 K    Pressure = 100 atm

From\To         REACS        PRODS
REACS     7.27198e-19  7.27198e-19
PRODS     1.61999e-10  1.61999e-10

Temperature = 700 K    Pressure = 1000 atm

From\To         REACS        PRODS
REACS     7.28998e-19  7.28998e-19
PRODS       1.624e-10    1.624e-10

Temperature = 700 K    Pressure = 10000 atm

From\To         REACS        PRODS
REACS     7.29188e-19  7.29188e-19
PRODS     1.62442e-10  1.62442e-10

Temperature = 800 K

High Pressure Rate Coefficients:

From\To         REACS        PRODS
REACS             ***  1.41855e-14
PRODS     1.53403e-10          ***

Temperature = 800 K    Pressure = 1 atm

From\To         REACS        PRODS
REACS     1.13428e-14  1.13428e-14
PRODS     1.22662e-10  1.22662e-10

Temperature = 800 K    Pressure = 10 atm

From\To         REACS        PRODS
REACS     1.34783e-14  1.34783e-14
PRODS     1.45754e-10  1.45754e-10

Temperature = 800 K    Pressure = 100 atm

From\To         REACS        PRODS
REACS     1.40697e-14  1.40697e-14
PRODS     1.52151e-10  1.52151e-10

Temperature = 800 K    Pressure = 1000 atm

From\To         REACS        PRODS
REACS     1.41626e-14  1.41626e-14
PRODS     1.53155e-10  1.53155e-10

Temperature = 800 K    Pressure = 10000 atm

From\To         REACS        PRODS
REACS      1.4173e-14   1.4173e-14
PRODS     1.53268e-10  1.53268e-10

Temperature = 900 K

High Pressure Rate Coefficients:

From\To         REACS        PRODS
REACS             ***  3.15141e-11
PRODS     1.49742e-10          ***

Temperature = 900 K    Pressure = 1 atm

From\To         REACS        PRODS
REACS     2.19188e-11  2.19188e-11
PRODS     1.04149e-10  1.04149e-10

Temperature = 900 K    Pressure = 10 atm

From\To         REACS        PRODS
REACS     2.85428e-11  2.85428e-11
PRODS     1.35624e-10  1.35624e-10

Temperature = 900 K    Pressure = 100 atm

From\To         REACS        PRODS
REACS     3.09535e-11  3.09535e-11
PRODS     1.47079e-10  1.47079e-10

Temperature = 900 K    Pressure = 1000 atm

From\To         REACS        PRODS
REACS     3.14221e-11  3.14221e-11
PRODS     1.49305e-10  1.49305e-10

Temperature = 900 K    Pressure = 10000 atm

From\To         REACS        PRODS
REACS     3.14807e-11  3.14807e-11
PRODS     1.49583e-10  1.49583e-10

Temperature = 1000 K

High Pressure Rate Coefficients:

From\To         REACS        PRODS
REACS             ***  1.52633e-08
PRODS      1.4935e-10          ***

Temperature = 1000 K    Pressure = 1 atm

From\To         REACS        PRODS
REACS     8.93716e-09  8.93716e-09
PRODS     8.74492e-11  8.74492e-11

Temperature = 1000 K    Pressure = 10 atm

From\To         REACS        PRODS
REACS     1.28826e-08  1.28826e-08
PRODS     1.26055e-10  1.26055e-10

Temperature = 1000 K    Pressure = 100 atm

From\To         REACS        PRODS
REACS     1.47298e-08  1.47298e-08
PRODS      1.4413e-10   1.4413e-10

Temperature = 1000 K    Pressure = 1000 atm

From\To         REACS        PRODS
REACS     1.51785e-08  1.51785e-08
PRODS      1.4852e-10   1.4852e-10

Temperature = 1000 K    Pressure = 10000 atm

From\To         REACS        PRODS
REACS     1.52423e-08  1.52423e-08
PRODS     1.49145e-10  1.49145e-10

Temperature = 1100 K

High Pressure Rate Coefficients:

From\To         REACS        PRODS
REACS             ***  2.43362e-06
PRODS     1.51067e-10          ***

Temperature = 1100 K    Pressure = 1 atm

From\To         REACS        PRODS
REACS     1.16681e-06  1.16681e-06
PRODS     7.24293e-11  7.24293e-11

Temperature = 1100 K    Pressure = 10 atm

From\To         REACS        PRODS
REACS     1.86938e-06  1.86938e-06
PRODS     1.16042e-10  1.16042e-10

Temperature = 1100 K    Pressure = 100 atm

From\To         REACS        PRODS
REACS      2.2829e-06   2.2829e-06
PRODS     1.41711e-10  1.41711e-10

Temperature = 1100 K    Pressure = 1000 atm

From\To         REACS        PRODS
REACS     2.40805e-06  2.40805e-06
PRODS     1.49479e-10  1.49479e-10

Temperature = 1100 K    Pressure = 10000 atm

From\To         REACS        PRODS
REACS      2.4288e-06   2.4288e-06
PRODS     1.50768e-10  1.50768e-10

Temperature = 1200 K

High Pressure Rate Coefficients:

From\To         REACS        PRODS
REACS             ***  0.000168251
PRODS      1.5424e-10          ***

Temperature = 1200 K    Pressure = 1 atm

From\To         REACS        PRODS
REACS     6.45783e-05  6.45783e-05
PRODS     5.92005e-11  5.92005e-11

Temperature = 1200 K    Pressure = 10 atm

From\To         REACS        PRODS
REACS     0.000114966  0.000114966
PRODS     1.05392e-10  1.05392e-10

Temperature = 1200 K    Pressure = 100 atm

From\To         REACS        PRODS
REACS     0.000151436  0.000151436
PRODS     1.38825e-10  1.38825e-10

Temperature = 1200 K    Pressure = 1000 atm

From\To         REACS        PRODS
REACS     0.000165062  0.000165062
PRODS     1.51316e-10  1.51316e-10

Temperature = 1200 K    Pressure = 10000 atm

From\To         REACS        PRODS
REACS     0.000167729  0.000167729
PRODS     1.53761e-10  1.53761e-10

Temperature = 1300 K

High Pressure Rate Coefficients:

From\To         REACS        PRODS
REACS             ***   0.00610663
PRODS     1.58474e-10          ***

Temperature = 1300 K    Pressure = 1 atm

From\To         REACS        PRODS
REACS      0.00184303   0.00184303
PRODS     4.78288e-11  4.78288e-11

Temperature = 1300 K    Pressure = 10 atm

From\To         REACS        PRODS
REACS      0.00363489   0.00363489
PRODS     9.43297e-11  9.43297e-11

Temperature = 1300 K    Pressure = 100 atm

From\To         REACS        PRODS
REACS      0.00519798   0.00519798
PRODS     1.34894e-10  1.34894e-10

Temperature = 1300 K    Pressure = 1000 atm

From\To         REACS        PRODS
REACS      0.00591028   0.00591028
PRODS     1.53379e-10  1.53379e-10

Temperature = 1300 K    Pressure = 10000 atm

From\To         REACS        PRODS
REACS      0.00607574   0.00607574
PRODS     1.57673e-10  1.57673e-10

Temperature = 1400 K

High Pressure Rate Coefficients:

From\To         REACS        PRODS
REACS             ***     0.133427
PRODS     1.63518e-10          ***

Temperature = 1400 K    Pressure = 1 atm

From\To         REACS        PRODS
REACS       0.0312296    0.0312296
PRODS     3.82727e-11  3.82727e-11

Temperature = 1400 K    Pressure = 10 atm

From\To         REACS        PRODS
REACS        0.067921     0.067921
PRODS      8.3239e-11   8.3239e-11

Temperature = 1400 K    Pressure = 100 atm

From\To         REACS        PRODS
REACS        0.105812     0.105812
PRODS     1.29675e-10  1.29675e-10

Temperature = 1400 K    Pressure = 1000 atm

From\To         REACS        PRODS
REACS        0.126594     0.126594
PRODS     1.55145e-10  1.55145e-10

Temperature = 1400 K    Pressure = 10000 atm

From\To         REACS        PRODS
REACS        0.132324     0.132324
PRODS     1.62167e-10  1.62167e-10

Temperature = 1500 K

High Pressure Rate Coefficients:

From\To         REACS        PRODS
REACS             ***      1.94083
PRODS     1.69204e-10          ***

Temperature = 1500 K    Pressure = 1 atm

From\To         REACS        PRODS
REACS        0.348583     0.348583
PRODS     3.03899e-11  3.03899e-11

Temperature = 1500 K    Pressure = 10 atm

From\To         REACS        PRODS
REACS        0.831599     0.831599
PRODS     7.24998e-11  7.24998e-11

Temperature = 1500 K    Pressure = 100 atm

From\To         REACS        PRODS
REACS         1.41285      1.41285
PRODS     1.23174e-10  1.23174e-10

Temperature = 1500 K    Pressure = 1000 atm

From\To         REACS        PRODS
REACS          1.7916       1.7916
PRODS     1.56194e-10  1.56194e-10

Temperature = 1500 K    Pressure = 10000 atm

From\To         REACS        PRODS
REACS         1.91511      1.91511
PRODS     1.66962e-10  1.66962e-10

Temperature = 1600 K

High Pressure Rate Coefficients:

From\To         REACS        PRODS
REACS             ***      20.2714
PRODS     1.75415e-10          ***

Temperature = 1600 K    Pressure = 1 atm

From\To         REACS        PRODS
REACS          2.7724       2.7724
PRODS     2.39905e-11  2.39905e-11

Temperature = 1600 K    Pressure = 10 atm

From\To         REACS        PRODS
REACS         7.21425      7.21425
PRODS     6.24273e-11  6.24273e-11

Temperature = 1600 K    Pressure = 100 atm

From\To         REACS        PRODS
REACS         13.3571      13.3571
PRODS     1.15584e-10  1.15584e-10

Temperature = 1600 K    Pressure = 1000 atm

From\To         REACS        PRODS
REACS         18.0533      18.0533
PRODS     1.56221e-10  1.56221e-10

Temperature = 1600 K    Pressure = 10000 atm

From\To         REACS        PRODS
REACS         19.8547      19.8547
PRODS     1.71809e-10  1.71809e-10

Temperature = 1700 K

High Pressure Rate Coefficients:

From\To         REACS        PRODS
REACS             ***      161.103
PRODS     1.82069e-10          ***

Temperature = 1700 K    Pressure = 1 atm

From\To         REACS        PRODS
REACS         16.6842      16.6842
PRODS     1.88555e-11  1.88555e-11

Temperature = 1700 K    Pressure = 10 atm

From\To         REACS        PRODS
REACS         47.0942      47.0942
PRODS     5.32229e-11  5.32229e-11

Temperature = 1700 K    Pressure = 100 atm

From\To         REACS        PRODS
REACS         94.8422      94.8422
PRODS     1.07185e-10  1.07185e-10

Temperature = 1700 K    Pressure = 1000 atm

From\To         REACS        PRODS
REACS         137.175      137.175
PRODS     1.55026e-10  1.55026e-10

Temperature = 1700 K    Pressure = 10000 atm

From\To         REACS        PRODS
REACS         156.147      156.147
PRODS     1.76468e-10  1.76468e-10

Temperature = 1800 K

High Pressure Rate Coefficients:

From\To         REACS        PRODS
REACS             ***      1019.21
PRODS     1.89103e-10          ***

Temperature = 1800 K    Pressure = 1 atm

From\To         REACS        PRODS
REACS         79.6234      79.6234
PRODS     1.47732e-11  1.47732e-11

Temperature = 1800 K    Pressure = 10 atm

From\To         REACS        PRODS
REACS         242.508      242.508
PRODS     4.49947e-11  4.49947e-11

Temperature = 1800 K    Pressure = 100 atm

From\To         REACS        PRODS
REACS         529.795      529.795
PRODS     9.82976e-11  9.82976e-11

Temperature = 1800 K    Pressure = 1000 atm

From\To         REACS        PRODS
REACS         822.055      822.055
PRODS     1.52523e-10  1.52523e-10

Temperature = 1800 K    Pressure = 10000 atm

From\To         REACS        PRODS
REACS         973.992      973.992
PRODS     1.80714e-10  1.80714e-10

Temperature = 1900 K

High Pressure Rate Coefficients:

From\To         REACS        PRODS
REACS             ***      5319.54
PRODS     1.96471e-10          ***

Temperature = 1900 K    Pressure = 1 atm

From\To         REACS        PRODS
REACS         312.759      312.759
PRODS     1.15514e-11  1.15514e-11

Temperature = 1900 K    Pressure = 10 atm

From\To         REACS        PRODS
REACS         1022.71      1022.71
PRODS     3.77728e-11  3.77728e-11

Temperature = 1900 K    Pressure = 100 atm

From\To         REACS        PRODS
REACS          2416.1       2416.1
PRODS     8.92359e-11  8.92359e-11

Temperature = 1900 K    Pressure = 1000 atm

From\To         REACS        PRODS
REACS         4026.89      4026.89
PRODS     1.48729e-10  1.48729e-10

Temperature = 1900 K    Pressure = 10000 atm

From\To         REACS        PRODS
REACS         4991.06      4991.06
PRODS     1.84339e-10  1.84339e-10

Temperature = 2000 K

High Pressure Rate Coefficients:

From\To         REACS        PRODS
REACS             ***      23570.6
PRODS     2.04139e-10          ***

Temperature = 2000 K    Pressure = 1 atm

From\To         REACS        PRODS
REACS         1041.63      1041.63
PRODS     9.02126e-12  9.02126e-12

Temperature = 2000 K    Pressure = 10 atm

From\To         REACS        PRODS
REACS         3640.08      3640.08
PRODS     3.15257e-11  3.15257e-11

Temperature = 2000 K    Pressure = 100 atm

From\To         REACS        PRODS
REACS          9268.1       9268.1
PRODS     8.02685e-11  8.02685e-11

Temperature = 2000 K    Pressure = 1000 atm

From\To         REACS        PRODS
REACS         16596.6      16596.6
PRODS     1.43739e-10  1.43739e-10

Temperature = 2000 K    Pressure = 10000 atm

From\To         REACS        PRODS
REACS         21610.6      21610.6
PRODS     1.87164e-10  1.87164e-10

Temperature = 2100 K

High Pressure Rate Coefficients:

From\To         REACS        PRODS
REACS             ***      90747.1
PRODS     2.12077e-10          ***

Temperature = 2100 K    Pressure = 1 atm

From\To         REACS        PRODS
REACS         3013.02      3013.02
PRODS     7.04137e-12  7.04137e-12

Temperature = 2100 K    Pressure = 10 atm

From\To         REACS        PRODS
REACS         11204.8      11204.8
PRODS     2.61857e-11  2.61857e-11

Temperature = 2100 K    Pressure = 100 atm

From\To         REACS        PRODS
REACS           30642        30642
PRODS     7.16106e-11  7.16106e-11

Temperature = 2100 K    Pressure = 1000 atm

From\To         REACS        PRODS
REACS           58925        58925
PRODS     1.37709e-10  1.37709e-10

Temperature = 2100 K    Pressure = 10000 atm

From\To         REACS        PRODS
REACS         80889.5      80889.5
PRODS      1.8904e-10   1.8904e-10

Temperature = 2200 K

High Pressure Rate Coefficients:

From\To         REACS        PRODS
REACS             ***       309399
PRODS     2.20264e-10          ***

Temperature = 2200 K    Pressure = 1 atm

From\To         REACS        PRODS
REACS         7720.88      7720.88
PRODS     5.49638e-12  5.49638e-12

Temperature = 2200 K    Pressure = 10 atm

From\To         REACS        PRODS
REACS         30434.9      30434.9
PRODS     2.16667e-11  2.16667e-11

Temperature = 2200 K    Pressure = 100 atm

From\To         REACS        PRODS
REACS           89092        89092
PRODS     6.34253e-11  6.34253e-11

Temperature = 2200 K    Pressure = 1000 atm

From\To         REACS        PRODS
REACS          183782       183782
PRODS     1.30836e-10  1.30836e-10

Temperature = 2200 K    Pressure = 10000 atm

From\To         REACS        PRODS
REACS          266697       266697
PRODS     1.89864e-10  1.89864e-10

Temperature = 2300 K

High Pressure Rate Coefficients:

From\To         REACS        PRODS
REACS             ***       948992
PRODS     2.28682e-10          ***

Temperature = 2300 K    Pressure = 1 atm

From\To         REACS        PRODS
REACS         17815.1      17815.1
PRODS     4.29262e-12  4.29262e-12

Temperature = 2300 K    Pressure = 10 atm

From\To         REACS        PRODS
REACS         74169.1      74169.1
PRODS     1.78723e-11  1.78723e-11

Temperature = 2300 K    Pressure = 100 atm

From\To         REACS        PRODS
REACS          231635       231635
PRODS     5.58176e-11  5.58176e-11

Temperature = 2300 K    Pressure = 1000 atm

From\To         REACS        PRODS
REACS          511807       511807
PRODS     1.23332e-10  1.23332e-10

Temperature = 2300 K    Pressure = 10000 atm

From\To         REACS        PRODS
REACS          786697       786697
PRODS     1.89573e-10  1.89573e-10

Temperature = 2400 K

High Pressure Rate Coefficients:

From\To         REACS        PRODS
REACS             ***  2.65317e+06
PRODS     2.37315e-10          ***

Temperature = 2400 K    Pressure = 1 atm

From\To         REACS        PRODS
REACS         37523.5      37523.5
PRODS     3.35574e-12  3.35574e-12

Temperature = 2400 K    Pressure = 10 atm

From\To         REACS        PRODS
REACS          164437       164437
PRODS     1.47073e-11  1.47073e-11

Temperature = 2400 K    Pressure = 100 atm

From\To         REACS        PRODS
REACS          546136       546136
PRODS     4.88488e-11  4.88488e-11

Temperature = 2400 K    Pressure = 1000 atm

From\To         REACS        PRODS
REACS     1.29022e+06  1.29022e+06
PRODS     1.15405e-10  1.15405e-10

Temperature = 2400 K    Pressure = 10000 atm

From\To         REACS        PRODS
REACS     2.10349e+06  2.10349e+06
PRODS     1.88149e-10  1.88149e-10

Temperature = 2500 K

High Pressure Rate Coefficients:

From\To         REACS        PRODS
REACS             ***  6.83627e+06
PRODS     2.46151e-10          ***

Temperature = 2500 K    Pressure = 1 atm

From\To         REACS        PRODS
REACS         72984.7      72984.7
PRODS     2.62695e-12  2.62695e-12

Temperature = 2500 K    Pressure = 10 atm

From\To         REACS        PRODS
REACS          335579       335579
PRODS     1.20813e-11  1.20813e-11

Temperature = 2500 K    Pressure = 100 atm

From\To         REACS        PRODS
REACS     1.18156e+06  1.18156e+06
PRODS     4.25424e-11  4.25424e-11

Temperature = 2500 K    Pressure = 1000 atm

From\To         REACS        PRODS
REACS     2.97871e+06  2.97871e+06
PRODS     1.07253e-10  1.07253e-10

Temperature = 2500 K    Pressure = 10000 atm

From\To         REACS        PRODS
REACS     5.15492e+06  5.15492e+06
PRODS     1.85611e-10  1.85611e-10

______________________________________________________________________________________

High Pressure Rate Coefficients (Temperature-Species Rate Tables):

   T(K) REACS->REACS REACS->PRODS
    300          ***  5.22988e-64
    400          ***  2.34598e-44
    500          ***  1.67886e-32
    600          ***  1.46709e-24
    700          ***  7.29795e-19
    800          ***  1.41855e-14
    900          ***  3.15141e-11
   1000          ***  1.52633e-08
   1100          ***  2.43362e-06
   1200          ***  0.000168251
   1300          ***   0.00610663
   1400          ***     0.133427
   1500          ***      1.94083
   1600          ***      20.2714
   1700          ***      161.103
   1800          ***      1019.21
   1900          ***      5319.54
   2000          ***      23570.6
   2100          ***      90747.1
   2200          ***       309399
   2300          ***       948992
   2400          ***  2.65317e+06
   2500          ***  6.83627e+06

   T(K) PRODS->REACS PRODS->PRODS
    300  7.25531e-10          ***
    400  3.32771e-10          ***
    500  2.24816e-10          ***
    600  1.82165e-10          ***
    700  1.62577e-10          ***
    800  1.53403e-10          ***
    900  1.49742e-10          ***
   1000   1.4935e-10          ***
   1100  1.51067e-10          ***
   1200   1.5424e-10          ***
   1300  1.58474e-10          ***
   1400  1.63518e-10          ***
   1500  1.69204e-10          ***
   1600  1.75415e-10          ***
   1700  1.82069e-10          ***
   1800  1.89103e-10          ***
   1900  1.96471e-10          ***
   2000  2.04139e-10          ***
   2100  2.12077e-10          ***
   2200  2.20264e-10          ***
   2300  2.28682e-10          ***
   2400  2.37315e-10          ***
   2500  2.46151e-10          ***

Capture/Escape Rate Coefficients:

   T(K)        REACS        PRODS
    300  5.22988e-64  7.25531e-10
    400  2.34598e-44  3.32771e-10
    500  1.67886e-32  2.24816e-10
    600  1.46709e-24  1.82165e-10
    700  7.29795e-19  1.62577e-10
    800  1.41855e-14  1.53403e-10
    900  3.15141e-11  1.49742e-10
   1000  1.52633e-08   1.4935e-10
   1100  2.43362e-06  1.51067e-10
   1200  0.000168251   1.5424e-10
   1300   0.00610663  1.58474e-10
   1400     0.133427  1.63518e-10
   1500      1.94083  1.69204e-10
   1600      20.2714  1.75415e-10
   1700      161.103  1.82069e-10
   1800      1019.21  1.89103e-10
   1900      5319.54  1.96471e-10
   2000      23570.6  2.04139e-10
   2100      90747.1  2.12077e-10
   2200       309399  2.20264e-10
   2300       948992  2.28682e-10
   2400  2.65317e+06  2.37315e-10
   2500  6.83627e+06  2.46151e-10

______________________________________________________________________________________

Pressure-Species Rate Tables:

   Temperature = 300 K

   P(atm) REACS->PRODS      REACS->
        1  5.22211e-64  5.22211e-64
       10   5.2257e-64   5.2257e-64
      100  5.22606e-64  5.22606e-64
     1000   5.2261e-64   5.2261e-64
    10000   5.2261e-64   5.2261e-64
    O-O  5.22988e-64  5.22988e-64

   Temperature = 400 K

   P(atm) REACS->PRODS      REACS->
        1  2.33386e-44  2.33386e-44
       10  2.34333e-44  2.34333e-44
      100  2.34435e-44  2.34435e-44
     1000  2.34445e-44  2.34445e-44
    10000  2.34446e-44  2.34446e-44
    O-O  2.34598e-44  2.34598e-44

   Temperature = 500 K

   P(atm) REACS->PRODS      REACS->
        1    1.647e-32    1.647e-32
       10  1.67378e-32  1.67378e-32
      100  1.67711e-32  1.67711e-32
     1000  1.67745e-32  1.67745e-32
    10000  1.67749e-32  1.67749e-32
    O-O  1.67886e-32  1.67886e-32

   Temperature = 600 K

   P(atm) REACS->PRODS      REACS->
        1  1.38991e-24  1.38991e-24
       10  1.45459e-24  1.45459e-24
      100  1.46476e-24  1.46476e-24
     1000  1.46592e-24  1.46592e-24
    10000  1.46603e-24  1.46603e-24
    O-O  1.46709e-24  1.46709e-24

   Temperature = 700 K

   P(atm) REACS->PRODS      REACS->
        1  6.46883e-19  6.46883e-19
       10  7.13367e-19  7.13367e-19
      100  7.27198e-19  7.27198e-19
     1000  7.28998e-19  7.28998e-19
    10000  7.29188e-19  7.29188e-19
    O-O  7.29795e-19  7.29795e-19

   Temperature = 800 K

   P(atm) REACS->PRODS      REACS->
        1  1.13428e-14  1.13428e-14
       10  1.34783e-14  1.34783e-14
      100  1.40697e-14  1.40697e-14
     1000  1.41626e-14  1.41626e-14
    10000   1.4173e-14   1.4173e-14
    O-O  1.41855e-14  1.41855e-14

   Temperature = 900 K

   P(atm) REACS->PRODS      REACS->
        1  2.19188e-11  2.19188e-11
       10  2.85428e-11  2.85428e-11
      100  3.09535e-11  3.09535e-11
     1000  3.14221e-11  3.14221e-11
    10000  3.14807e-11  3.14807e-11
    O-O  3.15141e-11  3.15141e-11

   Temperature = 1000 K

   P(atm) REACS->PRODS      REACS->
        1  8.93716e-09  8.93716e-09
       10  1.28826e-08  1.28826e-08
      100  1.47298e-08  1.47298e-08
     1000  1.51785e-08  1.51785e-08
    10000  1.52423e-08  1.52423e-08
    O-O  1.52633e-08  1.52633e-08

   Temperature = 1100 K

   P(atm) REACS->PRODS      REACS->
        1  1.16681e-06  1.16681e-06
       10  1.86938e-06  1.86938e-06
      100   2.2829e-06   2.2829e-06
     1000  2.40805e-06  2.40805e-06
    10000   2.4288e-06   2.4288e-06
    O-O  2.43362e-06  2.43362e-06

   Temperature = 1200 K

   P(atm) REACS->PRODS      REACS->
        1  6.45783e-05  6.45783e-05
       10  0.000114966  0.000114966
      100  0.000151436  0.000151436
     1000  0.000165062  0.000165062
    10000  0.000167729  0.000167729
    O-O  0.000168251  0.000168251

   Temperature = 1300 K

   P(atm) REACS->PRODS      REACS->
        1   0.00184303   0.00184303
       10   0.00363489   0.00363489
      100   0.00519798   0.00519798
     1000   0.00591028   0.00591028
    10000   0.00607574   0.00607574
    O-O   0.00610663   0.00610663

   Temperature = 1400 K

   P(atm) REACS->PRODS      REACS->
        1    0.0312296    0.0312296
       10     0.067921     0.067921
      100     0.105812     0.105812
     1000     0.126594     0.126594
    10000     0.132324     0.132324
    O-O     0.133427     0.133427

   Temperature = 1500 K

   P(atm) REACS->PRODS      REACS->
        1     0.348583     0.348583
       10     0.831599     0.831599
      100      1.41285      1.41285
     1000       1.7916       1.7916
    10000      1.91511      1.91511
    O-O      1.94083      1.94083

   Temperature = 1600 K

   P(atm) REACS->PRODS      REACS->
        1       2.7724       2.7724
       10      7.21425      7.21425
      100      13.3571      13.3571
     1000      18.0533      18.0533
    10000      19.8547      19.8547
    O-O      20.2714      20.2714

   Temperature = 1700 K

   P(atm) REACS->PRODS      REACS->
        1      16.6842      16.6842
       10      47.0942      47.0942
      100      94.8422      94.8422
     1000      137.175      137.175
    10000      156.147      156.147
    O-O      161.103      161.103

   Temperature = 1800 K

   P(atm) REACS->PRODS      REACS->
        1      79.6234      79.6234
       10      242.508      242.508
      100      529.795      529.795
     1000      822.055      822.055
    10000      973.992      973.992
    O-O      1019.21      1019.21

   Temperature = 1900 K

   P(atm) REACS->PRODS      REACS->
        1      312.759      312.759
       10      1022.71      1022.71
      100       2416.1       2416.1
     1000      4026.89      4026.89
    10000      4991.06      4991.06
    O-O      5319.54      5319.54

   Temperature = 2000 K

   P(atm) REACS->PRODS      REACS->
        1      1041.63      1041.63
       10      3640.08      3640.08
      100       9268.1       9268.1
     1000      16596.6      16596.6
    10000      21610.6      21610.6
    O-O      23570.6      23570.6

   Temperature = 2100 K

   P(atm) REACS->PRODS      REACS->
        1      3013.02      3013.02
       10      11204.8      11204.8
      100        30642        30642
     1000        58925        58925
    10000      80889.5      80889.5
    O-O      90747.1      90747.1

   Temperature = 2200 K

   P(atm) REACS->PRODS      REACS->
        1      7720.88      7720.88
       10      30434.9      30434.9
      100        89092        89092
     1000       183782       183782
    10000       266697       266697
    O-O       309399       309399

   Temperature = 2300 K

   P(atm) REACS->PRODS      REACS->
        1      17815.1      17815.1
       10      74169.1      74169.1
      100       231635       231635
     1000       511807       511807
    10000       786697       786697
    O-O       948992       948992

   Temperature = 2400 K

   P(atm) REACS->PRODS      REACS->
        1      37523.5      37523.5
       10       164437       164437
      100       546136       546136
     1000  1.29022e+06  1.29022e+06
    10000  2.10349e+06  2.10349e+06
    O-O  2.65317e+06  2.65317e+06

   Temperature = 2500 K

   P(atm) REACS->PRODS      REACS->
        1      72984.7      72984.7
       10       335579       335579
      100  1.18156e+06  1.18156e+06
     1000  2.97871e+06  2.97871e+06
    10000  5.15492e+06  5.15492e+06
    O-O  6.83627e+06  6.83627e+06

   Temperature = 300 K

   P(atm) PRODS->REACS      PRODS->
        1  7.24454e-10  7.24454e-10
       10  7.24951e-10  7.24951e-10
      100  7.25002e-10  7.25002e-10
     1000  7.25007e-10  7.25007e-10
    10000  7.25007e-10  7.25007e-10
    O-O  7.25531e-10  7.25531e-10

   Temperature = 400 K

   P(atm) PRODS->REACS      PRODS->
        1  3.31052e-10  3.31052e-10
       10  3.32396e-10  3.32396e-10
      100   3.3254e-10   3.3254e-10
     1000  3.32554e-10  3.32554e-10
    10000  3.32556e-10  3.32556e-10
    O-O  3.32771e-10  3.32771e-10

   Temperature = 500 K

   P(atm) PRODS->REACS      PRODS->
        1  2.20549e-10  2.20549e-10
       10  2.24135e-10  2.24135e-10
      100  2.24581e-10  2.24581e-10
     1000  2.24628e-10  2.24628e-10
    10000  2.24632e-10  2.24632e-10
    O-O  2.24816e-10  2.24816e-10

   Temperature = 600 K

   P(atm) PRODS->REACS      PRODS->
        1  1.72582e-10  1.72582e-10
       10  1.80613e-10  1.80613e-10
      100  1.81876e-10  1.81876e-10
     1000  1.82019e-10  1.82019e-10
    10000  1.82034e-10  1.82034e-10
    O-O  1.82165e-10  1.82165e-10

   Temperature = 700 K

   P(atm) PRODS->REACS      PRODS->
        1  1.44107e-10  1.44107e-10
       10  1.58918e-10  1.58918e-10
      100  1.61999e-10  1.61999e-10
     1000    1.624e-10    1.624e-10
    10000  1.62442e-10  1.62442e-10
    O-O  1.62577e-10  1.62577e-10

   Temperature = 800 K

   P(atm) PRODS->REACS      PRODS->
        1  1.22662e-10  1.22662e-10
       10  1.45754e-10  1.45754e-10
      100  1.52151e-10  1.52151e-10
     1000  1.53155e-10  1.53155e-10
    10000  1.53268e-10  1.53268e-10
    O-O  1.53403e-10  1.53403e-10

   Temperature = 900 K

   P(atm) PRODS->REACS      PRODS->
        1  1.04149e-10  1.04149e-10
       10  1.35624e-10  1.35624e-10
      100  1.47079e-10  1.47079e-10
     1000  1.49305e-10  1.49305e-10
    10000  1.49583e-10  1.49583e-10
    O-O  1.49742e-10  1.49742e-10

   Temperature = 1000 K

   P(atm) PRODS->REACS      PRODS->
        1  8.74492e-11  8.74492e-11
       10  1.26055e-10  1.26055e-10
      100   1.4413e-10   1.4413e-10
     1000   1.4852e-10   1.4852e-10
    10000  1.49145e-10  1.49145e-10
    O-O   1.4935e-10   1.4935e-10

   Temperature = 1100 K

   P(atm) PRODS->REACS      PRODS->
        1  7.24293e-11  7.24293e-11
       10  1.16042e-10  1.16042e-10
      100  1.41711e-10  1.41711e-10
     1000  1.49479e-10  1.49479e-10
    10000  1.50768e-10  1.50768e-10
    O-O  1.51067e-10  1.51067e-10

   Temperature = 1200 K

   P(atm) PRODS->REACS      PRODS->
        1  5.92005e-11  5.92005e-11
       10  1.05392e-10  1.05392e-10
      100  1.38825e-10  1.38825e-10
     1000  1.51316e-10  1.51316e-10
    10000  1.53761e-10  1.53761e-10
    O-O   1.5424e-10   1.5424e-10

   Temperature = 1300 K

   P(atm) PRODS->REACS      PRODS->
        1  4.78288e-11  4.78288e-11
       10  9.43297e-11  9.43297e-11
      100  1.34894e-10  1.34894e-10
     1000  1.53379e-10  1.53379e-10
    10000  1.57673e-10  1.57673e-10
    O-O  1.58474e-10  1.58474e-10

   Temperature = 1400 K

   P(atm) PRODS->REACS      PRODS->
        1  3.82727e-11  3.82727e-11
       10   8.3239e-11   8.3239e-11
      100  1.29675e-10  1.29675e-10
     1000  1.55145e-10  1.55145e-10
    10000  1.62167e-10  1.62167e-10
    O-O  1.63518e-10  1.63518e-10

   Temperature = 1500 K

   P(atm) PRODS->REACS      PRODS->
        1  3.03899e-11  3.03899e-11
       10  7.24998e-11  7.24998e-11
      100  1.23174e-10  1.23174e-10
     1000  1.56194e-10  1.56194e-10
    10000  1.66962e-10  1.66962e-10
    O-O  1.69204e-10  1.69204e-10

   Temperature = 1600 K

   P(atm) PRODS->REACS      PRODS->
        1  2.39905e-11  2.39905e-11
       10  6.24273e-11  6.24273e-11
      100  1.15584e-10  1.15584e-10
     1000  1.56221e-10  1.56221e-10
    10000  1.71809e-10  1.71809e-10
    O-O  1.75415e-10  1.75415e-10

   Temperature = 1700 K

   P(atm) PRODS->REACS      PRODS->
        1  1.88555e-11  1.88555e-11
       10  5.32229e-11  5.32229e-11
      100  1.07185e-10  1.07185e-10
     1000  1.55026e-10  1.55026e-10
    10000  1.76468e-10  1.76468e-10
    O-O  1.82069e-10  1.82069e-10

   Temperature = 1800 K

   P(atm) PRODS->REACS      PRODS->
        1  1.47732e-11  1.47732e-11
       10  4.49947e-11  4.49947e-11
      100  9.82976e-11  9.82976e-11
     1000  1.52523e-10  1.52523e-10
    10000  1.80714e-10  1.80714e-10
    O-O  1.89103e-10  1.89103e-10

   Temperature = 1900 K

   P(atm) PRODS->REACS      PRODS->
        1  1.15514e-11  1.15514e-11
       10  3.77728e-11  3.77728e-11
      100  8.92359e-11  8.92359e-11
     1000  1.48729e-10  1.48729e-10
    10000  1.84339e-10  1.84339e-10
    O-O  1.96471e-10  1.96471e-10

   Temperature = 2000 K

   P(atm) PRODS->REACS      PRODS->
        1  9.02126e-12  9.02126e-12
       10  3.15257e-11  3.15257e-11
      100  8.02685e-11  8.02685e-11
     1000  1.43739e-10  1.43739e-10
    10000  1.87164e-10  1.87164e-10
    O-O  2.04139e-10  2.04139e-10

   Temperature = 2100 K

   P(atm) PRODS->REACS      PRODS->
        1  7.04137e-12  7.04137e-12
       10  2.61857e-11  2.61857e-11
      100  7.16106e-11  7.16106e-11
     1000  1.37709e-10  1.37709e-10
    10000   1.8904e-10   1.8904e-10
    O-O  2.12077e-10  2.12077e-10

   Temperature = 2200 K

   P(atm) PRODS->REACS      PRODS->
        1  5.49638e-12  5.49638e-12
       10  2.16667e-11  2.16667e-11
      100  6.34253e-11  6.34253e-11
     1000  1.30836e-10  1.30836e-10
    10000  1.89864e-10  1.89864e-10
    O-O  2.20264e-10  2.20264e-10

   Temperature = 2300 K

   P(atm) PRODS->REACS      PRODS->
        1  4.29262e-12  4.29262e-12
       10  1.78723e-11  1.78723e-11
      100  5.58176e-11  5.58176e-11
     1000  1.23332e-10  1.23332e-10
    10000  1.89573e-10  1.89573e-10
    O-O  2.28682e-10  2.28682e-10

   Temperature = 2400 K

   P(atm) PRODS->REACS      PRODS->
        1  3.35574e-12  3.35574e-12
       10  1.47073e-11  1.47073e-11
      100  4.88488e-11  4.88488e-11
     1000  1.15405e-10  1.15405e-10
    10000  1.88149e-10  1.88149e-10
    O-O  2.37315e-10  2.37315e-10

   Temperature = 2500 K

   P(atm) PRODS->REACS      PRODS->
        1  2.62695e-12  2.62695e-12
       10  1.20813e-11  1.20813e-11
      100  4.25424e-11  4.25424e-11
     1000  1.07253e-10  1.07253e-10
    10000  1.85611e-10  1.85611e-10
    O-O  2.46151e-10  2.46151e-10

______________________________________________________________________________________

Temperature-Species Rate Tables:

   Pressure = 1 atm

   T(K) REACS->PRODS      REACS->      Capture
    300  5.22211e-64  5.22211e-64  5.22988e-64
    400  2.33386e-44  2.33386e-44  2.34598e-44
    500    1.647e-32    1.647e-32  1.67886e-32
    600  1.38991e-24  1.38991e-24  1.46709e-24
    700  6.46883e-19  6.46883e-19  7.29795e-19
    800  1.13428e-14  1.13428e-14  1.41855e-14
    900  2.19188e-11  2.19188e-11  3.15141e-11
   1000  8.93716e-09  8.93716e-09  1.52633e-08
   1100  1.16681e-06  1.16681e-06  2.43362e-06
   1200  6.45783e-05  6.45783e-05  0.000168251
   1300   0.00184303   0.00184303   0.00610663
   1400    0.0312296    0.0312296     0.133427
   1500     0.348583     0.348583      1.94083
   1600       2.7724       2.7724      20.2714
   1700      16.6842      16.6842      161.103
   1800      79.6234      79.6234      1019.21
   1900      312.759      312.759      5319.54
   2000      1041.63      1041.63      23570.6
   2100      3013.02      3013.02      90747.1
   2200      7720.88      7720.88       309399
   2300      17815.1      17815.1       948992
   2400      37523.5      37523.5  2.65317e+06
   2500      72984.7      72984.7  6.83627e+06

   Pressure = 10 atm

   T(K) REACS->PRODS      REACS->      Capture
    300   5.2257e-64   5.2257e-64  5.22988e-64
    400  2.34333e-44  2.34333e-44  2.34598e-44
    500  1.67378e-32  1.67378e-32  1.67886e-32
    600  1.45459e-24  1.45459e-24  1.46709e-24
    700  7.13367e-19  7.13367e-19  7.29795e-19
    800  1.34783e-14  1.34783e-14  1.41855e-14
    900  2.85428e-11  2.85428e-11  3.15141e-11
   1000  1.28826e-08  1.28826e-08  1.52633e-08
   1100  1.86938e-06  1.86938e-06  2.43362e-06
   1200  0.000114966  0.000114966  0.000168251
   1300   0.00363489   0.00363489   0.00610663
   1400     0.067921     0.067921     0.133427
   1500     0.831599     0.831599      1.94083
   1600      7.21425      7.21425      20.2714
   1700      47.0942      47.0942      161.103
   1800      242.508      242.508      1019.21
   1900      1022.71      1022.71      5319.54
   2000      3640.08      3640.08      23570.6
   2100      11204.8      11204.8      90747.1
   2200      30434.9      30434.9       309399
   2300      74169.1      74169.1       948992
   2400       164437       164437  2.65317e+06
   2500       335579       335579  6.83627e+06

   Pressure = 100 atm

   T(K) REACS->PRODS      REACS->      Capture
    300  5.22606e-64  5.22606e-64  5.22988e-64
    400  2.34435e-44  2.34435e-44  2.34598e-44
    500  1.67711e-32  1.67711e-32  1.67886e-32
    600  1.46476e-24  1.46476e-24  1.46709e-24
    700  7.27198e-19  7.27198e-19  7.29795e-19
    800  1.40697e-14  1.40697e-14  1.41855e-14
    900  3.09535e-11  3.09535e-11  3.15141e-11
   1000  1.47298e-08  1.47298e-08  1.52633e-08
   1100   2.2829e-06   2.2829e-06  2.43362e-06
   1200  0.000151436  0.000151436  0.000168251
   1300   0.00519798   0.00519798   0.00610663
   1400     0.105812     0.105812     0.133427
   1500      1.41285      1.41285      1.94083
   1600      13.3571      13.3571      20.2714
   1700      94.8422      94.8422      161.103
   1800      529.795      529.795      1019.21
   1900       2416.1       2416.1      5319.54
   2000       9268.1       9268.1      23570.6
   2100        30642        30642      90747.1
   2200        89092        89092       309399
   2300       231635       231635       948992
   2400       546136       546136  2.65317e+06
   2500  1.18156e+06  1.18156e+06  6.83627e+06

   Pressure = 1000 atm

   T(K) REACS->PRODS      REACS->      Capture
    300   5.2261e-64   5.2261e-64  5.22988e-64
    400  2.34445e-44  2.34445e-44  2.34598e-44
    500  1.67745e-32  1.67745e-32  1.67886e-32
    600  1.46592e-24  1.46592e-24  1.46709e-24
    700  7.28998e-19  7.28998e-19  7.29795e-19
    800  1.41626e-14  1.41626e-14  1.41855e-14
    900  3.14221e-11  3.14221e-11  3.15141e-11
   1000  1.51785e-08  1.51785e-08  1.52633e-08
   1100  2.40805e-06  2.40805e-06  2.43362e-06
   1200  0.000165062  0.000165062  0.000168251
   1300   0.00591028   0.00591028   0.00610663
   1400     0.126594     0.126594     0.133427
   1500       1.7916       1.7916      1.94083
   1600      18.0533      18.0533      20.2714
   1700      137.175      137.175      161.103
   1800      822.055      822.055      1019.21
   1900      4026.89      4026.89      5319.54
   2000      16596.6      16596.6      23570.6
   2100        58925        58925      90747.1
   2200       183782       183782       309399
   2300       511807       511807       948992
   2400  1.29022e+06  1.29022e+06  2.65317e+06
   2500  2.97871e+06  2.97871e+06  6.83627e+06

   Pressure = 10000 atm

   T(K) REACS->PRODS      REACS->      Capture
    300   5.2261e-64   5.2261e-64  5.22988e-64
    400  2.34446e-44  2.34446e-44  2.34598e-44
    500  1.67749e-32  1.67749e-32  1.67886e-32
    600  1.46603e-24  1.46603e-24  1.46709e-24
    700  7.29188e-19  7.29188e-19  7.29795e-19
    800   1.4173e-14   1.4173e-14  1.41855e-14
    900  3.14807e-11  3.14807e-11  3.15141e-11
   1000  1.52423e-08  1.52423e-08  1.52633e-08
   1100   2.4288e-06   2.4288e-06  2.43362e-06
   1200  0.000167729  0.000167729  0.000168251
   1300   0.00607574   0.00607574   0.00610663
   1400     0.132324     0.132324     0.133427
   1500      1.91511      1.91511      1.94083
   1600      19.8547      19.8547      20.2714
   1700      156.147      156.147      161.103
   1800      973.992      973.992      1019.21
   1900      4991.06      4991.06      5319.54
   2000      21610.6      21610.6      23570.6
   2100      80889.5      80889.5      90747.1
   2200       266697       266697       309399
   2300       786697       786697       948992
   2400  2.10349e+06  2.10349e+06  2.65317e+06
   2500  5.15492e+06  5.15492e+06  6.83627e+06

   Pressure = 1 atm

   T(K) PRODS->REACS      PRODS->      Capture
    300  7.24454e-10  7.24454e-10  7.25531e-10
    400  3.31052e-10  3.31052e-10  3.32771e-10
    500  2.20549e-10  2.20549e-10  2.24816e-10
    600  1.72582e-10  1.72582e-10  1.82165e-10
    700  1.44107e-10  1.44107e-10  1.62577e-10
    800  1.22662e-10  1.22662e-10  1.53403e-10
    900  1.04149e-10  1.04149e-10  1.49742e-10
   1000  8.74492e-11  8.74492e-11   1.4935e-10
   1100  7.24293e-11  7.24293e-11  1.51067e-10
   1200  5.92005e-11  5.92005e-11   1.5424e-10
   1300  4.78288e-11  4.78288e-11  1.58474e-10
   1400  3.82727e-11  3.82727e-11  1.63518e-10
   1500  3.03899e-11  3.03899e-11  1.69204e-10
   1600  2.39905e-11  2.39905e-11  1.75415e-10
   1700  1.88555e-11  1.88555e-11  1.82069e-10
   1800  1.47732e-11  1.47732e-11  1.89103e-10
   1900  1.15514e-11  1.15514e-11  1.96471e-10
   2000  9.02126e-12  9.02126e-12  2.04139e-10
   2100  7.04137e-12  7.04137e-12  2.12077e-10
   2200  5.49638e-12  5.49638e-12  2.20264e-10
   2300  4.29262e-12  4.29262e-12  2.28682e-10
   2400  3.35574e-12  3.35574e-12  2.37315e-10
   2500  2.62695e-12  2.62695e-12  2.46151e-10

   Pressure = 10 atm

   T(K) PRODS->REACS      PRODS->      Capture
    300  7.24951e-10  7.24951e-10  7.25531e-10
    400  3.32396e-10  3.32396e-10  3.32771e-10
    500  2.24135e-10  2.24135e-10  2.24816e-10
    600  1.80613e-10  1.80613e-10  1.82165e-10
    700  1.58918e-10  1.58918e-10  1.62577e-10
    800  1.45754e-10  1.45754e-10  1.53403e-10
    900  1.35624e-10  1.35624e-10  1.49742e-10
   1000  1.26055e-10  1.26055e-10   1.4935e-10
   1100  1.16042e-10  1.16042e-10  1.51067e-10
   1200  1.05392e-10  1.05392e-10   1.5424e-10
   1300  9.43297e-11  9.43297e-11  1.58474e-10
   1400   8.3239e-11   8.3239e-11  1.63518e-10
   1500  7.24998e-11  7.24998e-11  1.69204e-10
   1600  6.24273e-11  6.24273e-11  1.75415e-10
   1700  5.32229e-11  5.32229e-11  1.82069e-10
   1800  4.49947e-11  4.49947e-11  1.89103e-10
   1900  3.77728e-11  3.77728e-11  1.96471e-10
   2000  3.15257e-11  3.15257e-11  2.04139e-10
   2100  2.61857e-11  2.61857e-11  2.12077e-10
   2200  2.16667e-11  2.16667e-11  2.20264e-10
   2300  1.78723e-11  1.78723e-11  2.28682e-10
   2400  1.47073e-11  1.47073e-11  2.37315e-10
   2500  1.20813e-11  1.20813e-11  2.46151e-10

   Pressure = 100 atm

   T(K) PRODS->REACS      PRODS->      Capture
    300  7.25002e-10  7.25002e-10  7.25531e-10
    400   3.3254e-10   3.3254e-10  3.32771e-10
    500  2.24581e-10  2.24581e-10  2.24816e-10
    600  1.81876e-10  1.81876e-10  1.82165e-10
    700  1.61999e-10  1.61999e-10  1.62577e-10
    800  1.52151e-10  1.52151e-10  1.53403e-10
    900  1.47079e-10  1.47079e-10  1.49742e-10
   1000   1.4413e-10   1.4413e-10   1.4935e-10
   1100  1.41711e-10  1.41711e-10  1.51067e-10
   1200  1.38825e-10  1.38825e-10   1.5424e-10
   1300  1.34894e-10  1.34894e-10  1.58474e-10
   1400  1.29675e-10  1.29675e-10  1.63518e-10
   1500  1.23174e-10  1.23174e-10  1.69204e-10
   1600  1.15584e-10  1.15584e-10  1.75415e-10
   1700  1.07185e-10  1.07185e-10  1.82069e-10
   1800  9.82976e-11  9.82976e-11  1.89103e-10
   1900  8.92359e-11  8.92359e-11  1.96471e-10
   2000  8.02685e-11  8.02685e-11  2.04139e-10
   2100  7.16106e-11  7.16106e-11  2.12077e-10
   2200  6.34253e-11  6.34253e-11  2.20264e-10
   2300  5.58176e-11  5.58176e-11  2.28682e-10
   2400  4.88488e-11  4.88488e-11  2.37315e-10
   2500  4.25424e-11  4.25424e-11  2.46151e-10

   Pressure = 1000 atm

   T(K) PRODS->REACS      PRODS->      Capture
    300  7.25007e-10  7.25007e-10  7.25531e-10
    400  3.32554e-10  3.32554e-10  3.32771e-10
    500  2.24628e-10  2.24628e-10  2.24816e-10
    600  1.82019e-10  1.82019e-10  1.82165e-10
    700    1.624e-10    1.624e-10  1.62577e-10
    800  1.53155e-10  1.53155e-10  1.53403e-10
    900  1.49305e-10  1.49305e-10  1.49742e-10
   1000   1.4852e-10   1.4852e-10   1.4935e-10
   1100  1.49479e-10  1.49479e-10  1.51067e-10
   1200  1.51316e-10  1.51316e-10   1.5424e-10
   1300  1.53379e-10  1.53379e-10  1.58474e-10
   1400  1.55145e-10  1.55145e-10  1.63518e-10
   1500  1.56194e-10  1.56194e-10  1.69204e-10
   1600  1.56221e-10  1.56221e-10  1.75415e-10
   1700  1.55026e-10  1.55026e-10  1.82069e-10
   1800  1.52523e-10  1.52523e-10  1.89103e-10
   1900  1.48729e-10  1.48729e-10  1.96471e-10
   2000  1.43739e-10  1.43739e-10  2.04139e-10
   2100  1.37709e-10  1.37709e-10  2.12077e-10
   2200  1.30836e-10  1.30836e-10  2.20264e-10
   2300  1.23332e-10  1.23332e-10  2.28682e-10
   2400  1.15405e-10  1.15405e-10  2.37315e-10
   2500  1.07253e-10  1.07253e-10  2.46151e-10

   Pressure = 10000 atm

   T(K) PRODS->REACS      PRODS->      Capture
    300  7.25007e-10  7.25007e-10  7.25531e-10
    400  3.32556e-10  3.32556e-10  3.32771e-10
    500  2.24632e-10  2.24632e-10  2.24816e-10
    600  1.82034e-10  1.82034e-10  1.82165e-10
    700  1.62442e-10  1.62442e-10  1.62577e-10
    800  1.53268e-10  1.53268e-10  1.53403e-10
    900  1.49583e-10  1.49583e-10  1.49742e-10
   1000  1.49145e-10  1.49145e-10   1.4935e-10
   1100  1.50768e-10  1.50768e-10  1.51067e-10
   1200  1.53761e-10  1.53761e-10   1.5424e-10
   1300  1.57673e-10  1.57673e-10  1.58474e-10
   1400  1.62167e-10  1.62167e-10  1.63518e-10
   1500  1.66962e-10  1.66962e-10  1.69204e-10
   1600  1.71809e-10  1.71809e-10  1.75415e-10
   1700  1.76468e-10  1.76468e-10  1.82069e-10
   1800  1.80714e-10  1.80714e-10  1.89103e-10
   1900  1.84339e-10  1.84339e-10  1.96471e-10
   2000  1.87164e-10  1.87164e-10  2.04139e-10
   2100   1.8904e-10   1.8904e-10  2.12077e-10
   2200  1.89864e-10  1.89864e-10  2.20264e-10
   2300  1.89573e-10  1.89573e-10  2.28682e-10
   2400  1.88149e-10  1.88149e-10  2.37315e-10
   2500  1.85611e-10  1.85611e-10  2.46151e-10

______________________________________________________________________________________

Temperature-Pressure Rate Tables:

REACS->PRODS

P\T              300          400          500          600          700          800          900         1000         1100         1200         1300         1400         1500         1600         1700         1800         1900         2000         2100         2200         2300         2400         2500
1        5.22211e-64  2.33386e-44    1.647e-32  1.38991e-24  6.46883e-19  1.13428e-14  2.19188e-11  8.93716e-09  1.16681e-06  6.45783e-05   0.00184303    0.0312296     0.348583       2.7724      16.6842      79.6234      312.759      1041.63      3013.02      7720.88      17815.1      37523.5      72984.7
10        5.2257e-64  2.34333e-44  1.67378e-32  1.45459e-24  7.13367e-19  1.34783e-14  2.85428e-11  1.28826e-08  1.86938e-06  0.000114966   0.00363489     0.067921     0.831599      7.21425      47.0942      242.508      1022.71      3640.08      11204.8      30434.9      74169.1       164437       335579
100      5.22606e-64  2.34435e-44  1.67711e-32  1.46476e-24  7.27198e-19  1.40697e-14  3.09535e-11  1.47298e-08   2.2829e-06  0.000151436   0.00519798     0.105812      1.41285      13.3571      94.8422      529.795       2416.1       9268.1        30642        89092       231635       546136  1.18156e+06
1000      5.2261e-64  2.34445e-44  1.67745e-32  1.46592e-24  7.28998e-19  1.41626e-14  3.14221e-11  1.51785e-08  2.40805e-06  0.000165062   0.00591028     0.126594       1.7916      18.0533      137.175      822.055      4026.89      16596.6        58925       183782       511807  1.29022e+06  2.97871e+06
10000     5.2261e-64  2.34446e-44  1.67749e-32  1.46603e-24  7.29188e-19   1.4173e-14  3.14807e-11  1.52423e-08   2.4288e-06  0.000167729   0.00607574     0.132324      1.91511      19.8547      156.147      973.992      4991.06      21610.6      80889.5       266697       786697  2.10349e+06  5.15492e+06
O-O      5.22988e-64  2.34598e-44  1.67886e-32  1.46709e-24  7.29795e-19  1.41855e-14  3.15141e-11  1.52633e-08  2.43362e-06  0.000168251   0.00610663     0.133427      1.94083      20.2714      161.103      1019.21      5319.54      23570.6      90747.1       309399       948992  2.65317e+06  6.83627e+06

PRODS->REACS

P\T              300          400          500          600          700          800          900         1000         1100         1200         1300         1400         1500         1600         1700         1800         1900         2000         2100         2200         2300         2400         2500
1        7.24454e-10  3.31052e-10  2.20549e-10  1.72582e-10  1.44107e-10  1.22662e-10  1.04149e-10  8.74492e-11  7.24293e-11  5.92005e-11  4.78288e-11  3.82727e-11  3.03899e-11  2.39905e-11  1.88555e-11  1.47732e-11  1.15514e-11  9.02126e-12  7.04137e-12  5.49638e-12  4.29262e-12  3.35574e-12  2.62695e-12
10       7.24951e-10  3.32396e-10  2.24135e-10  1.80613e-10  1.58918e-10  1.45754e-10  1.35624e-10  1.26055e-10  1.16042e-10  1.05392e-10  9.43297e-11   8.3239e-11  7.24998e-11  6.24273e-11  5.32229e-11  4.49947e-11  3.77728e-11  3.15257e-11  2.61857e-11  2.16667e-11  1.78723e-11  1.47073e-11  1.20813e-11
100      7.25002e-10   3.3254e-10  2.24581e-10  1.81876e-10  1.61999e-10  1.52151e-10  1.47079e-10   1.4413e-10  1.41711e-10  1.38825e-10  1.34894e-10  1.29675e-10  1.23174e-10  1.15584e-10  1.07185e-10  9.82976e-11  8.92359e-11  8.02685e-11  7.16106e-11  6.34253e-11  5.58176e-11  4.88488e-11  4.25424e-11
1000     7.25007e-10  3.32554e-10  2.24628e-10  1.82019e-10    1.624e-10  1.53155e-10  1.49305e-10   1.4852e-10  1.49479e-10  1.51316e-10  1.53379e-10  1.55145e-10  1.56194e-10  1.56221e-10  1.55026e-10  1.52523e-10  1.48729e-10  1.43739e-10  1.37709e-10  1.30836e-10  1.23332e-10  1.15405e-10  1.07253e-10
10000    7.25007e-10  3.32556e-10  2.24632e-10  1.82034e-10  1.62442e-10  1.53268e-10  1.49583e-10  1.49145e-10  1.50768e-10  1.53761e-10  1.57673e-10  1.62167e-10  1.66962e-10  1.71809e-10  1.76468e-10  1.80714e-10  1.84339e-10  1.87164e-10   1.8904e-10  1.89864e-10  1.89573e-10  1.88149e-10  1.85611e-10
O-O      7.25531e-10  3.32771e-10  2.24816e-10  1.82165e-10  1.62577e-10  1.53403e-10  1.49742e-10   1.4935e-10  1.51067e-10   1.5424e-10  1.58474e-10  1.63518e-10  1.69204e-10  1.75415e-10  1.82069e-10  1.89103e-10  1.96471e-10  2.04139e-10  2.12077e-10  2.20264e-10  2.28682e-10  2.37315e-10  2.46151e-10

REACS-> 

P\T              300          400          500          600          700          800          900         1000         1100         1200         1300         1400         1500         1600         1700         1800         1900         2000         2100         2200         2300         2400         2500
1        5.22211e-64  2.33386e-44    1.647e-32  1.38991e-24  6.46883e-19  1.13428e-14  2.19188e-11  8.93716e-09  1.16681e-06  6.45783e-05   0.00184303    0.0312296     0.348583       2.7724      16.6842      79.6234      312.759      1041.63      3013.02      7720.88      17815.1      37523.5      72984.7
10        5.2257e-64  2.34333e-44  1.67378e-32  1.45459e-24  7.13367e-19  1.34783e-14  2.85428e-11  1.28826e-08  1.86938e-06  0.000114966   0.00363489     0.067921     0.831599      7.21425      47.0942      242.508      1022.71      3640.08      11204.8      30434.9      74169.1       164437       335579
100      5.22606e-64  2.34435e-44  1.67711e-32  1.46476e-24  7.27198e-19  1.40697e-14  3.09535e-11  1.47298e-08   2.2829e-06  0.000151436   0.00519798     0.105812      1.41285      13.3571      94.8422      529.795       2416.1       9268.1        30642        89092       231635       546136  1.18156e+06
1000      5.2261e-64  2.34445e-44  1.67745e-32  1.46592e-24  7.28998e-19  1.41626e-14  3.14221e-11  1.51785e-08  2.40805e-06  0.000165062   0.00591028     0.126594       1.7916      18.0533      137.175      822.055      4026.89      16596.6        58925       183782       511807  1.29022e+06  2.97871e+06
10000     5.2261e-64  2.34446e-44  1.67749e-32  1.46603e-24  7.29188e-19   1.4173e-14  3.14807e-11  1.52423e-08   2.4288e-06  0.000167729   0.00607574     0.132324      1.91511      19.8547      156.147      973.992      4991.06      21610.6      80889.5       266697       786697  2.10349e+06  5.15492e+06
O-O      5.22988e-64  2.34598e-44  1.67886e-32  1.46709e-24  7.29795e-19  1.41855e-14  3.15141e-11  1.52633e-08  2.43362e-06  0.000168251   0.00610663     0.133427      1.94083      20.2714      161.103      1019.21      5319.54      23570.6      90747.1       309399       948992  2.65317e+06  6.83627e+06

PRODS-> 

P\T              300          400          500          600          700          800          900         1000         1100         1200         1300         1400         1500         1600         1700         1800         1900         2000         2100         2200         2300         2400         2500
1        7.24454e-10  3.31052e-10  2.20549e-10  1.72582e-10  1.44107e-10  1.22662e-10  1.04149e-10  8.74492e-11  7.24293e-11  5.92005e-11  4.78288e-11  3.82727e-11  3.03899e-11  2.39905e-11  1.88555e-11  1.47732e-11  1.15514e-11  9.02126e-12  7.04137e-12  5.49638e-12  4.29262e-12  3.35574e-12  2.62695e-12
10       7.24951e-10  3.32396e-10  2.24135e-10  1.80613e-10  1.58918e-10  1.45754e-10  1.35624e-10  1.26055e-10  1.16042e-10  1.05392e-10  9.43297e-11   8.3239e-11  7.24998e-11  6.24273e-11  5.32229e-11  4.49947e-11  3.77728e-11  3.15257e-11  2.61857e-11  2.16667e-11  1.78723e-11  1.47073e-11  1.20813e-11
100      7.25002e-10   3.3254e-10  2.24581e-10  1.81876e-10  1.61999e-10  1.52151e-10  1.47079e-10   1.4413e-10  1.41711e-10  1.38825e-10  1.34894e-10  1.29675e-10  1.23174e-10  1.15584e-10  1.07185e-10  9.82976e-11  8.92359e-11  8.02685e-11  7.16106e-11  6.34253e-11  5.58176e-11  4.88488e-11  4.25424e-11
1000     7.25007e-10  3.32554e-10  2.24628e-10  1.82019e-10    1.624e-10  1.53155e-10  1.49305e-10   1.4852e-10  1.49479e-10  1.51316e-10  1.53379e-10  1.55145e-10  1.56194e-10  1.56221e-10  1.55026e-10  1.52523e-10  1.48729e-10  1.43739e-10  1.37709e-10  1.30836e-10  1.23332e-10  1.15405e-10  1.07253e-10
10000    7.25007e-10  3.32556e-10  2.24632e-10  1.82034e-10  1.62442e-10  1.53268e-10  1.49583e-10  1.49145e-10  1.50768e-10  1.53761e-10  1.57673e-10  1.62167e-10  1.66962e-10  1.71809e-10  1.76468e-10  1.80714e-10  1.84339e-10  1.87164e-10   1.8904e-10  1.89864e-10  1.89573e-10  1.88149e-10  1.85611e-10
O-O      7.25531e-10  3.32771e-10  2.24816e-10  1.82165e-10  1.62577e-10  1.53403e-10  1.49742e-10   1.4935e-10  1.51067e-10   1.5424e-10  1.58474e-10  1.63518e-10  1.69204e-10  1.75415e-10  1.82069e-10  1.89103e-10  1.96471e-10  2.04139e-10  2.12077e-10  2.20264e-10  2.28682e-10  2.37315e-10  2.46151e-10

