Wells (G - ground energy, D - dissociation limit, kcal/mol):
      Name        G        D
     REACS      0.0     59.1

Bimolecular Products (G - ground energy, kcal/mol):
      Name        G
     PRODS    102.6

Well-to-Bimolecular Barriers (H/G - barrier height/well depth, kcal/mol)
      Name        H     Well        G  Product
        TS     59.1    REACS      0.0    PRODS

________________________________________________________________________________________

Unimolecular Rate Units: 1/sec;  Bimolecular Rate Units: cm^3/sec

______________________________________________________________________________________

Species-Species Rate Tables:

Temperature = 300 K

High Pressure Rate Coefficients:

From\To         REACS        PRODS
REACS             ***  3.94661e-30
PRODS     4.39872e+20          ***

Temperature = 300 K    Pressure = 1 atm

From\To         REACS        PRODS
REACS     3.26675e-30  3.26675e-30
PRODS     3.64097e+20  3.64097e+20

Temperature = 300 K    Pressure = 10 atm

From\To         REACS        PRODS
REACS     3.84499e-30  3.84499e-30
PRODS     4.28545e+20  4.28545e+20

Temperature = 300 K    Pressure = 100 atm

From\To         REACS        PRODS
REACS     3.93505e-30  3.93505e-30
PRODS     4.38583e+20  4.38583e+20

Temperature = 300 K    Pressure = 1000 atm

From\To         REACS        PRODS
REACS     3.94485e-30  3.94485e-30
PRODS     4.39675e+20  4.39675e+20

Temperature = 300 K    Pressure = 10000 atm

From\To         REACS        PRODS
REACS     3.94584e-30  3.94584e-30
PRODS     4.39786e+20  4.39786e+20

Temperature = 400 K

High Pressure Rate Coefficients:

From\To         REACS        PRODS
REACS             ***  3.12607e-19
PRODS     4.33447e+12          ***

Temperature = 400 K    Pressure = 1 atm

From\To         REACS        PRODS
REACS     2.18644e-19  2.18644e-19
PRODS     3.03161e+12  3.03161e+12

Temperature = 400 K    Pressure = 10 atm

From\To         REACS        PRODS
REACS     2.93192e-19  2.93192e-19
PRODS     4.06528e+12  4.06528e+12

Temperature = 400 K    Pressure = 100 atm

From\To         REACS        PRODS
REACS     3.10168e-19  3.10168e-19
PRODS     4.30065e+12  4.30065e+12

Temperature = 400 K    Pressure = 1000 atm

From\To         REACS        PRODS
REACS     3.12312e-19  3.12312e-19
PRODS     4.33038e+12  4.33038e+12

Temperature = 400 K    Pressure = 10000 atm

From\To         REACS        PRODS
REACS     3.12534e-19  3.12534e-19
PRODS     4.33346e+12  4.33346e+12

Temperature = 500 K

High Pressure Rate Coefficients:

From\To         REACS        PRODS
REACS             ***  1.16958e-12
PRODS     6.70666e+07          ***

Temperature = 500 K    Pressure = 1 atm

From\To         REACS        PRODS
REACS     6.58836e-13  6.58836e-13
PRODS     3.77794e+07  3.77794e+07

Temperature = 500 K    Pressure = 10 atm

From\To         REACS        PRODS
REACS     1.02519e-12  1.02519e-12
PRODS     5.87869e+07  5.87869e+07

Temperature = 500 K    Pressure = 100 atm

From\To         REACS        PRODS
REACS     1.14774e-12  1.14774e-12
PRODS     6.58143e+07  6.58143e+07

Temperature = 500 K    Pressure = 1000 atm

From\To         REACS        PRODS
REACS     1.16708e-12  1.16708e-12
PRODS     6.69234e+07  6.69234e+07

Temperature = 500 K    Pressure = 10000 atm

From\To         REACS        PRODS
REACS     1.16921e-12  1.16921e-12
PRODS     6.70453e+07  6.70453e+07

Temperature = 600 K

High Pressure Rate Coefficients:

From\To         REACS        PRODS
REACS             ***  2.97356e-08
PRODS         41755.6          ***

Temperature = 600 K    Pressure = 1 atm

From\To         REACS        PRODS
REACS     1.30265e-08  1.30265e-08
PRODS         18292.2      18292.2

Temperature = 600 K    Pressure = 10 atm

From\To         REACS        PRODS
REACS     2.35812e-08  2.35812e-08
PRODS         33113.4      33113.4

Temperature = 600 K    Pressure = 100 atm

From\To         REACS        PRODS
REACS     2.85785e-08  2.85785e-08
PRODS         40130.8      40130.8

Temperature = 600 K    Pressure = 1000 atm

From\To         REACS        PRODS
REACS     2.96032e-08  2.96032e-08
PRODS         41569.7      41569.7

Temperature = 600 K    Pressure = 10000 atm

From\To         REACS        PRODS
REACS     2.97278e-08  2.97278e-08
PRODS         41744.6      41744.6

Temperature = 700 K

High Pressure Rate Coefficients:

From\To         REACS        PRODS
REACS             ***  4.32445e-05
PRODS          216.19          ***

Temperature = 700 K    Pressure = 1 atm

From\To         REACS        PRODS
REACS     1.43698e-05  1.43698e-05
PRODS          71.838       71.838

Temperature = 700 K    Pressure = 10 atm

From\To         REACS        PRODS
REACS     3.00611e-05  3.00611e-05
PRODS         150.282      150.282

Temperature = 700 K    Pressure = 100 atm

From\To         REACS        PRODS
REACS     4.01196e-05  4.01196e-05
PRODS         200.567      200.567

Temperature = 700 K    Pressure = 1000 atm

From\To         REACS        PRODS
REACS      4.2823e-05   4.2823e-05
PRODS         214.082      214.082

Temperature = 700 K    Pressure = 10000 atm

From\To         REACS        PRODS
REACS     4.32005e-05  4.32005e-05
PRODS         215.969      215.969

Temperature = 800 K

High Pressure Rate Coefficients:

From\To         REACS        PRODS
REACS             ***    0.0104507
PRODS         4.21861          ***

Temperature = 800 K    Pressure = 1 atm

From\To         REACS        PRODS
REACS      0.00259264   0.00259264
PRODS         1.04657      1.04657

Temperature = 800 K    Pressure = 10 atm

From\To         REACS        PRODS
REACS      0.00619968   0.00619968
PRODS         2.50262      2.50262

Temperature = 800 K    Pressure = 100 atm

From\To         REACS        PRODS
REACS      0.00920447   0.00920447
PRODS         3.71555      3.71555

Temperature = 800 K    Pressure = 1000 atm

From\To         REACS        PRODS
REACS       0.0102537    0.0102537
PRODS          4.1391       4.1391

Temperature = 800 K    Pressure = 10000 atm

From\To         REACS        PRODS
REACS       0.0104269    0.0104269
PRODS         4.20901      4.20901

Temperature = 900 K

High Pressure Rate Coefficients:

From\To         REACS        PRODS
REACS             ***     0.759854
PRODS        0.199593          ***

Temperature = 900 K    Pressure = 1 atm

From\To         REACS        PRODS
REACS        0.139425     0.139425
PRODS       0.0366231    0.0366231

Temperature = 900 K    Pressure = 10 atm

From\To         REACS        PRODS
REACS         0.37642      0.37642
PRODS       0.0988752    0.0988752

Temperature = 900 K    Pressure = 100 atm

From\To         REACS        PRODS
REACS        0.624216     0.624216
PRODS        0.163965     0.163965

Temperature = 900 K    Pressure = 1000 atm

From\To         REACS        PRODS
REACS        0.734767     0.734767
PRODS        0.193003     0.193003

Temperature = 900 K    Pressure = 10000 atm

From\To         REACS        PRODS
REACS        0.756693     0.756693
PRODS        0.198763     0.198763

Temperature = 1000 K

High Pressure Rate Coefficients:

From\To         REACS        PRODS
REACS             ***      23.7553
PRODS       0.0175596          ***

Temperature = 1000 K    Pressure = 1 atm

From\To         REACS        PRODS
REACS         3.20868      3.20868
PRODS      0.00237181   0.00237181

Temperature = 1000 K    Pressure = 10 atm

From\To         REACS        PRODS
REACS         9.66217      9.66217
PRODS      0.00714214   0.00714214

Temperature = 1000 K    Pressure = 100 atm

From\To         REACS        PRODS
REACS         17.8879      17.8879
PRODS       0.0132225    0.0132225

Temperature = 1000 K    Pressure = 1000 atm

From\To         REACS        PRODS
REACS         22.4861      22.4861
PRODS       0.0166214    0.0166214

Temperature = 1000 K    Pressure = 10000 atm

From\To         REACS        PRODS
REACS         23.5892      23.5892
PRODS       0.0174368    0.0174368

Temperature = 1100 K

High Pressure Rate Coefficients:

From\To         REACS        PRODS
REACS             ***       401.05
PRODS      0.00242545          ***

Temperature = 1100 K    Pressure = 1 atm

From\To         REACS        PRODS
REACS         39.7955      39.7955
PRODS     0.000240672  0.000240672

Temperature = 1100 K    Pressure = 10 atm

From\To         REACS        PRODS
REACS         132.155      132.155
PRODS      0.00079924   0.00079924

Temperature = 1100 K    Pressure = 100 atm

From\To         REACS        PRODS
REACS          272.27       272.27
PRODS      0.00164662   0.00164662

Temperature = 1100 K    Pressure = 1000 atm

From\To         REACS        PRODS
REACS         368.538      368.538
PRODS      0.00222882   0.00222882

Temperature = 1100 K    Pressure = 10000 atm

From\To         REACS        PRODS
REACS         396.463      396.463
PRODS      0.00239771   0.00239771

Temperature = 1200 K

High Pressure Rate Coefficients:

From\To         REACS        PRODS
REACS             ***      4258.19
PRODS     0.000469809          ***

Temperature = 1200 K    Pressure = 1 atm

From\To         REACS        PRODS
REACS         310.208      310.208
PRODS     3.42253e-05  3.42253e-05

Temperature = 1200 K    Pressure = 10 atm

From\To         REACS        PRODS
REACS         1125.15      1125.15
PRODS     0.000124138  0.000124138

Temperature = 1200 K    Pressure = 100 atm

From\To         REACS        PRODS
REACS         2567.47      2567.47
PRODS     0.000283271  0.000283271

Temperature = 1200 K    Pressure = 1000 atm

From\To         REACS        PRODS
REACS         3763.74      3763.74
PRODS     0.000415255  0.000415255

Temperature = 1200 K    Pressure = 10000 atm

From\To         REACS        PRODS
REACS          4181.3       4181.3
PRODS     0.000461325  0.000461325

Temperature = 1300 K

High Pressure Rate Coefficients:

From\To         REACS        PRODS
REACS             ***        31608
PRODS     0.000118006          ***

Temperature = 1300 K    Pressure = 1 atm

From\To         REACS        PRODS
REACS         1691.81      1691.81
PRODS     6.31622e-06  6.31622e-06

Temperature = 1300 K    Pressure = 10 atm

From\To         REACS        PRODS
REACS         6645.98      6645.98
PRODS     2.48123e-05  2.48123e-05

Temperature = 1300 K    Pressure = 100 atm

From\To         REACS        PRODS
REACS         16705.1      16705.1
PRODS     6.23673e-05  6.23673e-05

Temperature = 1300 K    Pressure = 1000 atm

From\To         REACS        PRODS
REACS         26613.2      26613.2
PRODS     9.93587e-05  9.93587e-05

Temperature = 1300 K    Pressure = 10000 atm

From\To         REACS        PRODS
REACS         30744.9      30744.9
PRODS     0.000114784  0.000114784

Temperature = 1400 K

High Pressure Rate Coefficients:

From\To         REACS        PRODS
REACS             ***       176947
PRODS     3.63454e-05          ***

Temperature = 1400 K    Pressure = 1 atm

From\To         REACS        PRODS
REACS         6971.86      6971.86
PRODS     1.43201e-06  1.43201e-06

Temperature = 1400 K    Pressure = 10 atm

From\To         REACS        PRODS
REACS         29441.1      29441.1
PRODS     6.04725e-06  6.04725e-06

Temperature = 1400 K    Pressure = 100 atm

From\To         REACS        PRODS
REACS         81046.6      81046.6
PRODS     1.66472e-05  1.66472e-05

Temperature = 1400 K    Pressure = 1000 atm

From\To         REACS        PRODS
REACS          140539       140539
PRODS     2.88672e-05  2.88672e-05

Temperature = 1400 K    Pressure = 10000 atm

From\To         REACS        PRODS
REACS          169927       169927
PRODS     3.49036e-05  3.49036e-05

Temperature = 1500 K

High Pressure Rate Coefficients:

From\To         REACS        PRODS
REACS             ***       789923
PRODS     1.31745e-05          ***

Temperature = 1500 K    Pressure = 1 atm

From\To         REACS        PRODS
REACS         22967.5      22967.5
PRODS     3.83033e-07  3.83033e-07

Temperature = 1500 K    Pressure = 10 atm

From\To         REACS        PRODS
REACS          103603       103603
PRODS     1.72786e-06  1.72786e-06

Temperature = 1500 K    Pressure = 100 atm

From\To         REACS        PRODS
REACS          310580       310580
PRODS     5.17989e-06  5.17989e-06

Temperature = 1500 K    Pressure = 1000 atm

From\To         REACS        PRODS
REACS          586239       586239
PRODS     9.77738e-06  9.77738e-06

Temperature = 1500 K    Pressure = 10000 atm

From\To         REACS        PRODS
REACS          746128       746128
PRODS      1.2444e-05   1.2444e-05

Temperature = 1600 K

High Pressure Rate Coefficients:

From\To         REACS        PRODS
REACS             ***  2.93252e+06
PRODS     5.44994e-06          ***

Temperature = 1600 K    Pressure = 1 atm

From\To         REACS        PRODS
REACS         63083.8      63083.8
PRODS     1.17215e-07  1.17215e-07

Temperature = 1600 K    Pressure = 10 atm

From\To         REACS        PRODS
REACS          302346       302346
PRODS      5.6185e-07   5.6185e-07

Temperature = 1600 K    Pressure = 100 atm

From\To         REACS        PRODS
REACS          981697       981697
PRODS      1.8244e-06   1.8244e-06

Temperature = 1600 K    Pressure = 1000 atm

From\To         REACS        PRODS
REACS     2.01502e+06  2.01502e+06
PRODS      3.7448e-06   3.7448e-06

Temperature = 1600 K    Pressure = 10000 atm

From\To         REACS        PRODS
REACS     2.71263e+06  2.71263e+06
PRODS     5.04128e-06  5.04128e-06

Temperature = 1700 K

High Pressure Rate Coefficients:

From\To         REACS        PRODS
REACS             ***   9.3494e+06
PRODS     2.51309e-06          ***

Temperature = 1700 K    Pressure = 1 atm

From\To         REACS        PRODS
REACS          149420       149420
PRODS     4.01433e-08  4.01433e-08

Temperature = 1700 K    Pressure = 10 atm

From\To         REACS        PRODS
REACS          756733       756733
PRODS     2.03363e-07  2.03363e-07

Temperature = 1700 K    Pressure = 100 atm

From\To         REACS        PRODS
REACS     2.64729e+06  2.64729e+06
PRODS     7.11543e-07  7.11543e-07

Temperature = 1700 K    Pressure = 1000 atm

From\To         REACS        PRODS
REACS     5.89784e+06  5.89784e+06
PRODS     1.58531e-06  1.58531e-06

Temperature = 1700 K    Pressure = 10000 atm

From\To         REACS        PRODS
REACS     8.43068e+06  8.43068e+06
PRODS     2.26614e-06  2.26614e-06

Temperature = 1800 K

High Pressure Rate Coefficients:

From\To         REACS        PRODS
REACS             ***  2.62486e+07
PRODS     1.26836e-06          ***

Temperature = 1800 K    Pressure = 1 atm

From\To         REACS        PRODS
REACS          313458       313458
PRODS     1.51279e-08  1.51279e-08

Temperature = 1800 K    Pressure = 10 atm

From\To         REACS        PRODS
REACS     1.66859e+06  1.66859e+06
PRODS     8.05818e-08  8.05818e-08

Temperature = 1800 K    Pressure = 100 atm

From\To         REACS        PRODS
REACS     6.25434e+06  6.25434e+06
PRODS     3.02167e-07  3.02167e-07

Temperature = 1800 K    Pressure = 1000 atm

From\To         REACS        PRODS
REACS      1.5084e+07   1.5084e+07
PRODS     7.28858e-07  7.28858e-07

Temperature = 1800 K    Pressure = 10000 atm

From\To         REACS        PRODS
REACS     2.29618e+07  2.29618e+07
PRODS     1.10954e-06  1.10954e-06

Temperature = 1900 K

High Pressure Rate Coefficients:

From\To         REACS        PRODS
REACS             ***  6.61956e+07
PRODS       6.906e-07          ***

Temperature = 1900 K    Pressure = 1 atm

From\To         REACS        PRODS
REACS          594459       594459
PRODS     6.18583e-09  6.18583e-09

Temperature = 1900 K    Pressure = 10 atm

From\To         REACS        PRODS
REACS      3.3105e+06   3.3105e+06
PRODS     3.44938e-08  3.44938e-08

Temperature = 1900 K    Pressure = 100 atm

From\To         REACS        PRODS
REACS     1.32256e+07  1.32256e+07
PRODS     1.37924e-07  1.37924e-07

Temperature = 1900 K    Pressure = 1000 atm

From\To         REACS        PRODS
REACS      3.4419e+07   3.4419e+07
PRODS      3.5906e-07   3.5906e-07

Temperature = 1900 K    Pressure = 10000 atm

From\To         REACS        PRODS
REACS     5.59041e+07  5.59041e+07
PRODS     5.83229e-07  5.83229e-07

Temperature = 2000 K

High Pressure Rate Coefficients:

From\To         REACS        PRODS
REACS             ***  1.52359e+08
PRODS     4.01008e-07          ***

Temperature = 2000 K    Pressure = 1 atm

From\To         REACS        PRODS
REACS      1.0365e+06   1.0365e+06
PRODS     2.71484e-09  2.71484e-09

Temperature = 2000 K    Pressure = 10 atm

From\To         REACS        PRODS
REACS     6.01041e+06  6.01041e+06
PRODS     1.57796e-08  1.57796e-08

Temperature = 2000 K    Pressure = 100 atm

From\To         REACS        PRODS
REACS       2.546e+07    2.546e+07
PRODS     6.69534e-08  6.69534e-08

Temperature = 2000 K    Pressure = 1000 atm

From\To         REACS        PRODS
REACS     7.12434e+07  7.12434e+07
PRODS     1.87483e-07  1.87483e-07

Temperature = 2000 K    Pressure = 10000 atm

From\To         REACS        PRODS
REACS     1.23602e+08  1.23602e+08
PRODS     3.25315e-07  3.25315e-07

Temperature = 2100 K

High Pressure Rate Coefficients:

From\To         REACS        PRODS
REACS             ***  3.24214e+08
PRODS     2.46021e-07          ***

Temperature = 2100 K    Pressure = 1 atm

From\To         REACS        PRODS
REACS     1.68516e+06  1.68516e+06
PRODS     1.26788e-09  1.26788e-09

Temperature = 2100 K    Pressure = 10 atm

From\To         REACS        PRODS
REACS     1.01286e+07  1.01286e+07
PRODS     7.65025e-09  7.65025e-09

Temperature = 2100 K    Pressure = 100 atm

From\To         REACS        PRODS
REACS     4.52626e+07  4.52626e+07
PRODS     3.42878e-08  3.42878e-08

Temperature = 2100 K    Pressure = 1000 atm

From\To         REACS        PRODS
REACS     1.35646e+08  1.35646e+08
PRODS     1.02895e-07  1.02895e-07

Temperature = 2100 K    Pressure = 10000 atm

From\To         REACS        PRODS
REACS     2.51429e+08  2.51429e+08
PRODS     1.90784e-07  1.90784e-07

Temperature = 2200 K

High Pressure Rate Coefficients:

From\To         REACS        PRODS
REACS             ***  6.44642e+08
PRODS      1.5826e-07          ***

Temperature = 2200 K    Pressure = 1 atm

From\To         REACS        PRODS
REACS     2.58307e+06  2.58307e+06
PRODS     6.25385e-10  6.25385e-10

Temperature = 2200 K    Pressure = 10 atm

From\To         REACS        PRODS
REACS     1.60318e+07  1.60318e+07
PRODS     3.90477e-09  3.90477e-09

Temperature = 2200 K    Pressure = 100 atm

From\To         REACS        PRODS
REACS     7.52055e+07  7.52055e+07
PRODS     1.84056e-08  1.84056e-08

Temperature = 2200 K    Pressure = 1000 atm

From\To         REACS        PRODS
REACS      2.4034e+08   2.4034e+08
PRODS     5.89628e-08  5.89628e-08

Temperature = 2200 K    Pressure = 10000 atm

From\To         REACS        PRODS
REACS     4.75685e+08  4.75685e+08
PRODS     1.16773e-07  1.16773e-07

Temperature = 2300 K

High Pressure Rate Coefficients:

From\To         REACS        PRODS
REACS             ***  1.20819e+09
PRODS     1.06077e-07          ***

Temperature = 2300 K    Pressure = 1 atm

From\To         REACS        PRODS
REACS     3.76835e+06  3.76835e+06
PRODS     3.23829e-10  3.23829e-10

Temperature = 2300 K    Pressure = 10 atm

From\To         REACS        PRODS
REACS      2.4066e+07   2.4066e+07
PRODS     2.08625e-09  2.08625e-09

Temperature = 2300 K    Pressure = 100 atm

From\To         REACS        PRODS
REACS     1.17947e+08  1.17947e+08
PRODS     1.03005e-08  1.03005e-08

Temperature = 2300 K    Pressure = 1000 atm

From\To         REACS        PRODS
REACS      4.0016e+08   4.0016e+08
PRODS     3.50876e-08  3.50876e-08

Temperature = 2300 K    Pressure = 10000 atm

From\To         REACS        PRODS
REACS      8.4462e+08   8.4462e+08
PRODS      7.4146e-08   7.4146e-08

Temperature = 2400 K

High Pressure Rate Coefficients:

From\To         REACS        PRODS
REACS             ***  2.15008e+09
PRODS     7.36965e-08          ***

Temperature = 2400 K    Pressure = 1 atm

From\To         REACS        PRODS
REACS     5.27564e+06  5.27564e+06
PRODS     1.75199e-10  1.75199e-10

Temperature = 2400 K    Pressure = 10 atm

From\To         REACS        PRODS
REACS     3.45542e+07  3.45542e+07
PRODS     1.16157e-09  1.16157e-09

Temperature = 2400 K    Pressure = 100 atm

From\To         REACS        PRODS
REACS     1.76126e+08  1.76126e+08
PRODS     5.98495e-09  5.98495e-09

Temperature = 2400 K    Pressure = 1000 atm

From\To         REACS        PRODS
REACS     6.31382e+08  6.31382e+08
PRODS     2.15915e-08  2.15915e-08

Temperature = 2400 K    Pressure = 10000 atm

From\To         REACS        PRODS
REACS     1.41841e+09  1.41841e+09
PRODS     4.86041e-08  4.86041e-08

Temperature = 2500 K

High Pressure Rate Coefficients:

From\To         REACS        PRODS
REACS             ***  3.65558e+09
PRODS     5.28375e-08          ***

Temperature = 2500 K    Pressure = 1 atm

From\To         REACS        PRODS
REACS     7.11953e+06  7.11953e+06
PRODS      9.8443e-11   9.8443e-11

Temperature = 2500 K    Pressure = 10 atm

From\To         REACS        PRODS
REACS     4.76993e+07  4.76993e+07
PRODS      6.7029e-10   6.7029e-10

Temperature = 2500 K    Pressure = 100 atm

From\To         REACS        PRODS
REACS     2.51958e+08  2.51958e+08
PRODS       3.594e-09    3.594e-09

Temperature = 2500 K    Pressure = 1000 atm

From\To         REACS        PRODS
REACS     9.50456e+08  9.50456e+08
PRODS     1.36854e-08  1.36854e-08

Temperature = 2500 K    Pressure = 10000 atm

From\To         REACS        PRODS
REACS     2.26752e+09  2.26752e+09
PRODS     3.27579e-08  3.27579e-08

______________________________________________________________________________________

High Pressure Rate Coefficients (Temperature-Species Rate Tables):

   T(K) REACS->REACS REACS->PRODS
    300          ***  3.94661e-30
    400          ***  3.12607e-19
    500          ***  1.16958e-12
    600          ***  2.97356e-08
    700          ***  4.32445e-05
    800          ***    0.0104507
    900          ***     0.759854
   1000          ***      23.7553
   1100          ***       401.05
   1200          ***      4258.19
   1300          ***        31608
   1400          ***       176947
   1500          ***       789923
   1600          ***  2.93252e+06
   1700          ***   9.3494e+06
   1800          ***  2.62486e+07
   1900          ***  6.61956e+07
   2000          ***  1.52359e+08
   2100          ***  3.24214e+08
   2200          ***  6.44642e+08
   2300          ***  1.20819e+09
   2400          ***  2.15008e+09
   2500          ***  3.65558e+09

   T(K) PRODS->REACS PRODS->PRODS
    300  4.39872e+20          ***
    400  4.33447e+12          ***
    500  6.70666e+07          ***
    600      41755.6          ***
    700       216.19          ***
    800      4.21861          ***
    900     0.199593          ***
   1000    0.0175596          ***
   1100   0.00242545          ***
   1200  0.000469809          ***
   1300  0.000118006          ***
   1400  3.63454e-05          ***
   1500  1.31745e-05          ***
   1600  5.44994e-06          ***
   1700  2.51309e-06          ***
   1800  1.26836e-06          ***
   1900    6.906e-07          ***
   2000  4.01008e-07          ***
   2100  2.46021e-07          ***
   2200   1.5826e-07          ***
   2300  1.06077e-07          ***
   2400  7.36965e-08          ***
   2500  5.28375e-08          ***

Capture/Escape Rate Coefficients:

   T(K)        REACS        PRODS
    300  3.94661e-30  4.39872e+20
    400  3.12607e-19  4.33447e+12
    500  1.16958e-12  6.70666e+07
    600  2.97356e-08      41755.6
    700  4.32445e-05       216.19
    800    0.0104507      4.21861
    900     0.759854     0.199593
   1000      23.7553    0.0175596
   1100       401.05   0.00242545
   1200      4258.19  0.000469809
   1300        31608  0.000118006
   1400       176947  3.63454e-05
   1500       789923  1.31745e-05
   1600  2.93252e+06  5.44994e-06
   1700   9.3494e+06  2.51309e-06
   1800  2.62486e+07  1.26836e-06
   1900  6.61956e+07    6.906e-07
   2000  1.52359e+08  4.01008e-07
   2100  3.24214e+08  2.46021e-07
   2200  6.44642e+08   1.5826e-07
   2300  1.20819e+09  1.06077e-07
   2400  2.15008e+09  7.36965e-08
   2500  3.65558e+09  5.28375e-08

______________________________________________________________________________________

Pressure-Species Rate Tables:

   Temperature = 300 K

   P(atm) REACS->PRODS      REACS->
        1  3.26675e-30  3.26675e-30
       10  3.84499e-30  3.84499e-30
      100  3.93505e-30  3.93505e-30
     1000  3.94485e-30  3.94485e-30
    10000  3.94584e-30  3.94584e-30
    O-O  3.94661e-30  3.94661e-30

   Temperature = 400 K

   P(atm) REACS->PRODS      REACS->
        1  2.18644e-19  2.18644e-19
       10  2.93192e-19  2.93192e-19
      100  3.10168e-19  3.10168e-19
     1000  3.12312e-19  3.12312e-19
    10000  3.12534e-19  3.12534e-19
    O-O  3.12607e-19  3.12607e-19

   Temperature = 500 K

   P(atm) REACS->PRODS      REACS->
        1  6.58836e-13  6.58836e-13
       10  1.02519e-12  1.02519e-12
      100  1.14774e-12  1.14774e-12
     1000  1.16708e-12  1.16708e-12
    10000  1.16921e-12  1.16921e-12
    O-O  1.16958e-12  1.16958e-12

   Temperature = 600 K

   P(atm) REACS->PRODS      REACS->
        1  1.30265e-08  1.30265e-08
       10  2.35812e-08  2.35812e-08
      100  2.85785e-08  2.85785e-08
     1000  2.96032e-08  2.96032e-08
    10000  2.97278e-08  2.97278e-08
    O-O  2.97356e-08  2.97356e-08

   Temperature = 700 K

   P(atm) REACS->PRODS      REACS->
        1  1.43698e-05  1.43698e-05
       10  3.00611e-05  3.00611e-05
      100  4.01196e-05  4.01196e-05
     1000   4.2823e-05   4.2823e-05
    10000  4.32005e-05  4.32005e-05
    O-O  4.32445e-05  4.32445e-05

   Temperature = 800 K

   P(atm) REACS->PRODS      REACS->
        1   0.00259264   0.00259264
       10   0.00619968   0.00619968
      100   0.00920447   0.00920447
     1000    0.0102537    0.0102537
    10000    0.0104269    0.0104269
    O-O    0.0104507    0.0104507

   Temperature = 900 K

   P(atm) REACS->PRODS      REACS->
        1     0.139425     0.139425
       10      0.37642      0.37642
      100     0.624216     0.624216
     1000     0.734767     0.734767
    10000     0.756693     0.756693
    O-O     0.759854     0.759854

   Temperature = 1000 K

   P(atm) REACS->PRODS      REACS->
        1      3.20868      3.20868
       10      9.66217      9.66217
      100      17.8879      17.8879
     1000      22.4861      22.4861
    10000      23.5892      23.5892
    O-O      23.7553      23.7553

   Temperature = 1100 K

   P(atm) REACS->PRODS      REACS->
        1      39.7955      39.7955
       10      132.155      132.155
      100       272.27       272.27
     1000      368.538      368.538
    10000      396.463      396.463
    O-O       401.05       401.05

   Temperature = 1200 K

   P(atm) REACS->PRODS      REACS->
        1      310.208      310.208
       10      1125.15      1125.15
      100      2567.47      2567.47
     1000      3763.74      3763.74
    10000       4181.3       4181.3
    O-O      4258.19      4258.19

   Temperature = 1300 K

   P(atm) REACS->PRODS      REACS->
        1      1691.81      1691.81
       10      6645.98      6645.98
      100      16705.1      16705.1
     1000      26613.2      26613.2
    10000      30744.9      30744.9
    O-O        31608        31608

   Temperature = 1400 K

   P(atm) REACS->PRODS      REACS->
        1      6971.86      6971.86
       10      29441.1      29441.1
      100      81046.6      81046.6
     1000       140539       140539
    10000       169927       169927
    O-O       176947       176947

   Temperature = 1500 K

   P(atm) REACS->PRODS      REACS->
        1      22967.5      22967.5
       10       103603       103603
      100       310580       310580
     1000       586239       586239
    10000       746128       746128
    O-O       789923       789923

   Temperature = 1600 K

   P(atm) REACS->PRODS      REACS->
        1      63083.8      63083.8
       10       302346       302346
      100       981697       981697
     1000  2.01502e+06  2.01502e+06
    10000  2.71263e+06  2.71263e+06
    O-O  2.93252e+06  2.93252e+06

   Temperature = 1700 K

   P(atm) REACS->PRODS      REACS->
        1       149420       149420
       10       756733       756733
      100  2.64729e+06  2.64729e+06
     1000  5.89784e+06  5.89784e+06
    10000  8.43068e+06  8.43068e+06
    O-O   9.3494e+06   9.3494e+06

   Temperature = 1800 K

   P(atm) REACS->PRODS      REACS->
        1       313458       313458
       10  1.66859e+06  1.66859e+06
      100  6.25434e+06  6.25434e+06
     1000   1.5084e+07   1.5084e+07
    10000  2.29618e+07  2.29618e+07
    O-O  2.62486e+07  2.62486e+07

   Temperature = 1900 K

   P(atm) REACS->PRODS      REACS->
        1       594459       594459
       10   3.3105e+06   3.3105e+06
      100  1.32256e+07  1.32256e+07
     1000   3.4419e+07   3.4419e+07
    10000  5.59041e+07  5.59041e+07
    O-O  6.61956e+07  6.61956e+07

   Temperature = 2000 K

   P(atm) REACS->PRODS      REACS->
        1   1.0365e+06   1.0365e+06
       10  6.01041e+06  6.01041e+06
      100    2.546e+07    2.546e+07
     1000  7.12434e+07  7.12434e+07
    10000  1.23602e+08  1.23602e+08
    O-O  1.52359e+08  1.52359e+08

   Temperature = 2100 K

   P(atm) REACS->PRODS      REACS->
        1  1.68516e+06  1.68516e+06
       10  1.01286e+07  1.01286e+07
      100  4.52626e+07  4.52626e+07
     1000  1.35646e+08  1.35646e+08
    10000  2.51429e+08  2.51429e+08
    O-O  3.24214e+08  3.24214e+08

   Temperature = 2200 K

   P(atm) REACS->PRODS      REACS->
        1  2.58307e+06  2.58307e+06
       10  1.60318e+07  1.60318e+07
      100  7.52055e+07  7.52055e+07
     1000   2.4034e+08   2.4034e+08
    10000  4.75685e+08  4.75685e+08
    O-O  6.44642e+08  6.44642e+08

   Temperature = 2300 K

   P(atm) REACS->PRODS      REACS->
        1  3.76835e+06  3.76835e+06
       10   2.4066e+07   2.4066e+07
      100  1.17947e+08  1.17947e+08
     1000   4.0016e+08   4.0016e+08
    10000   8.4462e+08   8.4462e+08
    O-O  1.20819e+09  1.20819e+09

   Temperature = 2400 K

   P(atm) REACS->PRODS      REACS->
        1  5.27564e+06  5.27564e+06
       10  3.45542e+07  3.45542e+07
      100  1.76126e+08  1.76126e+08
     1000  6.31382e+08  6.31382e+08
    10000  1.41841e+09  1.41841e+09
    O-O  2.15008e+09  2.15008e+09

   Temperature = 2500 K

   P(atm) REACS->PRODS      REACS->
        1  7.11953e+06  7.11953e+06
       10  4.76993e+07  4.76993e+07
      100  2.51958e+08  2.51958e+08
     1000  9.50456e+08  9.50456e+08
    10000  2.26752e+09  2.26752e+09
    O-O  3.65558e+09  3.65558e+09

   Temperature = 300 K

   P(atm) PRODS->REACS      PRODS->
        1  3.64097e+20  3.64097e+20
       10  4.28545e+20  4.28545e+20
      100  4.38583e+20  4.38583e+20
     1000  4.39675e+20  4.39675e+20
    10000  4.39786e+20  4.39786e+20
    O-O  4.39872e+20  4.39872e+20

   Temperature = 400 K

   P(atm) PRODS->REACS      PRODS->
        1  3.03161e+12  3.03161e+12
       10  4.06528e+12  4.06528e+12
      100  4.30065e+12  4.30065e+12
     1000  4.33038e+12  4.33038e+12
    10000  4.33346e+12  4.33346e+12
    O-O  4.33447e+12  4.33447e+12

   Temperature = 500 K

   P(atm) PRODS->REACS      PRODS->
        1  3.77794e+07  3.77794e+07
       10  5.87869e+07  5.87869e+07
      100  6.58143e+07  6.58143e+07
     1000  6.69234e+07  6.69234e+07
    10000  6.70453e+07  6.70453e+07
    O-O  6.70666e+07  6.70666e+07

   Temperature = 600 K

   P(atm) PRODS->REACS      PRODS->
        1      18292.2      18292.2
       10      33113.4      33113.4
      100      40130.8      40130.8
     1000      41569.7      41569.7
    10000      41744.6      41744.6
    O-O      41755.6      41755.6

   Temperature = 700 K

   P(atm) PRODS->REACS      PRODS->
        1       71.838       71.838
       10      150.282      150.282
      100      200.567      200.567
     1000      214.082      214.082
    10000      215.969      215.969
    O-O       216.19       216.19

   Temperature = 800 K

   P(atm) PRODS->REACS      PRODS->
        1      1.04657      1.04657
       10      2.50262      2.50262
      100      3.71555      3.71555
     1000       4.1391       4.1391
    10000      4.20901      4.20901
    O-O      4.21861      4.21861

   Temperature = 900 K

   P(atm) PRODS->REACS      PRODS->
        1    0.0366231    0.0366231
       10    0.0988752    0.0988752
      100     0.163965     0.163965
     1000     0.193003     0.193003
    10000     0.198763     0.198763
    O-O     0.199593     0.199593

   Temperature = 1000 K

   P(atm) PRODS->REACS      PRODS->
        1   0.00237181   0.00237181
       10   0.00714214   0.00714214
      100    0.0132225    0.0132225
     1000    0.0166214    0.0166214
    10000    0.0174368    0.0174368
    O-O    0.0175596    0.0175596

   Temperature = 1100 K

   P(atm) PRODS->REACS      PRODS->
        1  0.000240672  0.000240672
       10   0.00079924   0.00079924
      100   0.00164662   0.00164662
     1000   0.00222882   0.00222882
    10000   0.00239771   0.00239771
    O-O   0.00242545   0.00242545

   Temperature = 1200 K

   P(atm) PRODS->REACS      PRODS->
        1  3.42253e-05  3.42253e-05
       10  0.000124138  0.000124138
      100  0.000283271  0.000283271
     1000  0.000415255  0.000415255
    10000  0.000461325  0.000461325
    O-O  0.000469809  0.000469809

   Temperature = 1300 K

   P(atm) PRODS->REACS      PRODS->
        1  6.31622e-06  6.31622e-06
       10  2.48123e-05  2.48123e-05
      100  6.23673e-05  6.23673e-05
     1000  9.93587e-05  9.93587e-05
    10000  0.000114784  0.000114784
    O-O  0.000118006  0.000118006

   Temperature = 1400 K

   P(atm) PRODS->REACS      PRODS->
        1  1.43201e-06  1.43201e-06
       10  6.04725e-06  6.04725e-06
      100  1.66472e-05  1.66472e-05
     1000  2.88672e-05  2.88672e-05
    10000  3.49036e-05  3.49036e-05
    O-O  3.63454e-05  3.63454e-05

   Temperature = 1500 K

   P(atm) PRODS->REACS      PRODS->
        1  3.83033e-07  3.83033e-07
       10  1.72786e-06  1.72786e-06
      100  5.17989e-06  5.17989e-06
     1000  9.77738e-06  9.77738e-06
    10000   1.2444e-05   1.2444e-05
    O-O  1.31745e-05  1.31745e-05

   Temperature = 1600 K

   P(atm) PRODS->REACS      PRODS->
        1  1.17215e-07  1.17215e-07
       10   5.6185e-07   5.6185e-07
      100   1.8244e-06   1.8244e-06
     1000   3.7448e-06   3.7448e-06
    10000  5.04128e-06  5.04128e-06
    O-O  5.44994e-06  5.44994e-06

   Temperature = 1700 K

   P(atm) PRODS->REACS      PRODS->
        1  4.01433e-08  4.01433e-08
       10  2.03363e-07  2.03363e-07
      100  7.11543e-07  7.11543e-07
     1000  1.58531e-06  1.58531e-06
    10000  2.26614e-06  2.26614e-06
    O-O  2.51309e-06  2.51309e-06

   Temperature = 1800 K

   P(atm) PRODS->REACS      PRODS->
        1  1.51279e-08  1.51279e-08
       10  8.05818e-08  8.05818e-08
      100  3.02167e-07  3.02167e-07
     1000  7.28858e-07  7.28858e-07
    10000  1.10954e-06  1.10954e-06
    O-O  1.26836e-06  1.26836e-06

   Temperature = 1900 K

   P(atm) PRODS->REACS      PRODS->
        1  6.18583e-09  6.18583e-09
       10  3.44938e-08  3.44938e-08
      100  1.37924e-07  1.37924e-07
     1000   3.5906e-07   3.5906e-07
    10000  5.83229e-07  5.83229e-07
    O-O    6.906e-07    6.906e-07

   Temperature = 2000 K

   P(atm) PRODS->REACS      PRODS->
        1  2.71484e-09  2.71484e-09
       10  1.57796e-08  1.57796e-08
      100  6.69534e-08  6.69534e-08
     1000  1.87483e-07  1.87483e-07
    10000  3.25315e-07  3.25315e-07
    O-O  4.01008e-07  4.01008e-07

   Temperature = 2100 K

   P(atm) PRODS->REACS      PRODS->
        1  1.26788e-09  1.26788e-09
       10  7.65025e-09  7.65025e-09
      100  3.42878e-08  3.42878e-08
     1000  1.02895e-07  1.02895e-07
    10000  1.90784e-07  1.90784e-07
    O-O  2.46021e-07  2.46021e-07

   Temperature = 2200 K

   P(atm) PRODS->REACS      PRODS->
        1  6.25385e-10  6.25385e-10
       10  3.90477e-09  3.90477e-09
      100  1.84056e-08  1.84056e-08
     1000  5.89628e-08  5.89628e-08
    10000  1.16773e-07  1.16773e-07
    O-O   1.5826e-07   1.5826e-07

   Temperature = 2300 K

   P(atm) PRODS->REACS      PRODS->
        1  3.23829e-10  3.23829e-10
       10  2.08625e-09  2.08625e-09
      100  1.03005e-08  1.03005e-08
     1000  3.50876e-08  3.50876e-08
    10000   7.4146e-08   7.4146e-08
    O-O  1.06077e-07  1.06077e-07

   Temperature = 2400 K

   P(atm) PRODS->REACS      PRODS->
        1  1.75199e-10  1.75199e-10
       10  1.16157e-09  1.16157e-09
      100  5.98495e-09  5.98495e-09
     1000  2.15915e-08  2.15915e-08
    10000  4.86041e-08  4.86041e-08
    O-O  7.36965e-08  7.36965e-08

   Temperature = 2500 K

   P(atm) PRODS->REACS      PRODS->
        1   9.8443e-11   9.8443e-11
       10   6.7029e-10   6.7029e-10
      100    3.594e-09    3.594e-09
     1000  1.36854e-08  1.36854e-08
    10000  3.27579e-08  3.27579e-08
    O-O  5.28375e-08  5.28375e-08

______________________________________________________________________________________

Temperature-Species Rate Tables:

   Pressure = 1 atm

   T(K) REACS->PRODS      REACS->      Capture
    300  3.26675e-30  3.26675e-30  3.94661e-30
    400  2.18644e-19  2.18644e-19  3.12607e-19
    500  6.58836e-13  6.58836e-13  1.16958e-12
    600  1.30265e-08  1.30265e-08  2.97356e-08
    700  1.43698e-05  1.43698e-05  4.32445e-05
    800   0.00259264   0.00259264    0.0104507
    900     0.139425     0.139425     0.759854
   1000      3.20868      3.20868      23.7553
   1100      39.7955      39.7955       401.05
   1200      310.208      310.208      4258.19
   1300      1691.81      1691.81        31608
   1400      6971.86      6971.86       176947
   1500      22967.5      22967.5       789923
   1600      63083.8      63083.8  2.93252e+06
   1700       149420       149420   9.3494e+06
   1800       313458       313458  2.62486e+07
   1900       594459       594459  6.61956e+07
   2000   1.0365e+06   1.0365e+06  1.52359e+08
   2100  1.68516e+06  1.68516e+06  3.24214e+08
   2200  2.58307e+06  2.58307e+06  6.44642e+08
   2300  3.76835e+06  3.76835e+06  1.20819e+09
   2400  5.27564e+06  5.27564e+06  2.15008e+09
   2500  7.11953e+06  7.11953e+06  3.65558e+09

   Pressure = 10 atm

   T(K) REACS->PRODS      REACS->      Capture
    300  3.84499e-30  3.84499e-30  3.94661e-30
    400  2.93192e-19  2.93192e-19  3.12607e-19
    500  1.02519e-12  1.02519e-12  1.16958e-12
    600  2.35812e-08  2.35812e-08  2.97356e-08
    700  3.00611e-05  3.00611e-05  4.32445e-05
    800   0.00619968   0.00619968    0.0104507
    900      0.37642      0.37642     0.759854
   1000      9.66217      9.66217      23.7553
   1100      132.155      132.155       401.05
   1200      1125.15      1125.15      4258.19
   1300      6645.98      6645.98        31608
   1400      29441.1      29441.1       176947
   1500       103603       103603       789923
   1600       302346       302346  2.93252e+06
   1700       756733       756733   9.3494e+06
   1800  1.66859e+06  1.66859e+06  2.62486e+07
   1900   3.3105e+06   3.3105e+06  6.61956e+07
   2000  6.01041e+06  6.01041e+06  1.52359e+08
   2100  1.01286e+07  1.01286e+07  3.24214e+08
   2200  1.60318e+07  1.60318e+07  6.44642e+08
   2300   2.4066e+07   2.4066e+07  1.20819e+09
   2400  3.45542e+07  3.45542e+07  2.15008e+09
   2500  4.76993e+07  4.76993e+07  3.65558e+09

   Pressure = 100 atm

   T(K) REACS->PRODS      REACS->      Capture
    300  3.93505e-30  3.93505e-30  3.94661e-30
    400  3.10168e-19  3.10168e-19  3.12607e-19
    500  1.14774e-12  1.14774e-12  1.16958e-12
    600  2.85785e-08  2.85785e-08  2.97356e-08
    700  4.01196e-05  4.01196e-05  4.32445e-05
    800   0.00920447   0.00920447    0.0104507
    900     0.624216     0.624216     0.759854
   1000      17.8879      17.8879      23.7553
   1100       272.27       272.27       401.05
   1200      2567.47      2567.47      4258.19
   1300      16705.1      16705.1        31608
   1400      81046.6      81046.6       176947
   1500       310580       310580       789923
   1600       981697       981697  2.93252e+06
   1700  2.64729e+06  2.64729e+06   9.3494e+06
   1800  6.25434e+06  6.25434e+06  2.62486e+07
   1900  1.32256e+07  1.32256e+07  6.61956e+07
   2000    2.546e+07    2.546e+07  1.52359e+08
   2100  4.52626e+07  4.52626e+07  3.24214e+08
   2200  7.52055e+07  7.52055e+07  6.44642e+08
   2300  1.17947e+08  1.17947e+08  1.20819e+09
   2400  1.76126e+08  1.76126e+08  2.15008e+09
   2500  2.51958e+08  2.51958e+08  3.65558e+09

   Pressure = 1000 atm

   T(K) REACS->PRODS      REACS->      Capture
    300  3.94485e-30  3.94485e-30  3.94661e-30
    400  3.12312e-19  3.12312e-19  3.12607e-19
    500  1.16708e-12  1.16708e-12  1.16958e-12
    600  2.96032e-08  2.96032e-08  2.97356e-08
    700   4.2823e-05   4.2823e-05  4.32445e-05
    800    0.0102537    0.0102537    0.0104507
    900     0.734767     0.734767     0.759854
   1000      22.4861      22.4861      23.7553
   1100      368.538      368.538       401.05
   1200      3763.74      3763.74      4258.19
   1300      26613.2      26613.2        31608
   1400       140539       140539       176947
   1500       586239       586239       789923
   1600  2.01502e+06  2.01502e+06  2.93252e+06
   1700  5.89784e+06  5.89784e+06   9.3494e+06
   1800   1.5084e+07   1.5084e+07  2.62486e+07
   1900   3.4419e+07   3.4419e+07  6.61956e+07
   2000  7.12434e+07  7.12434e+07  1.52359e+08
   2100  1.35646e+08  1.35646e+08  3.24214e+08
   2200   2.4034e+08   2.4034e+08  6.44642e+08
   2300   4.0016e+08   4.0016e+08  1.20819e+09
   2400  6.31382e+08  6.31382e+08  2.15008e+09
   2500  9.50456e+08  9.50456e+08  3.65558e+09

   Pressure = 10000 atm

   T(K) REACS->PRODS      REACS->      Capture
    300  3.94584e-30  3.94584e-30  3.94661e-30
    400  3.12534e-19  3.12534e-19  3.12607e-19
    500  1.16921e-12  1.16921e-12  1.16958e-12
    600  2.97278e-08  2.97278e-08  2.97356e-08
    700  4.32005e-05  4.32005e-05  4.32445e-05
    800    0.0104269    0.0104269    0.0104507
    900     0.756693     0.756693     0.759854
   1000      23.5892      23.5892      23.7553
   1100      396.463      396.463       401.05
   1200       4181.3       4181.3      4258.19
   1300      30744.9      30744.9        31608
   1400       169927       169927       176947
   1500       746128       746128       789923
   1600  2.71263e+06  2.71263e+06  2.93252e+06
   1700  8.43068e+06  8.43068e+06   9.3494e+06
   1800  2.29618e+07  2.29618e+07  2.62486e+07
   1900  5.59041e+07  5.59041e+07  6.61956e+07
   2000  1.23602e+08  1.23602e+08  1.52359e+08
   2100  2.51429e+08  2.51429e+08  3.24214e+08
   2200  4.75685e+08  4.75685e+08  6.44642e+08
   2300   8.4462e+08   8.4462e+08  1.20819e+09
   2400  1.41841e+09  1.41841e+09  2.15008e+09
   2500  2.26752e+09  2.26752e+09  3.65558e+09

   Pressure = 1 atm

   T(K) PRODS->REACS      PRODS->      Capture
    300  3.64097e+20  3.64097e+20  4.39872e+20
    400  3.03161e+12  3.03161e+12  4.33447e+12
    500  3.77794e+07  3.77794e+07  6.70666e+07
    600      18292.2      18292.2      41755.6
    700       71.838       71.838       216.19
    800      1.04657      1.04657      4.21861
    900    0.0366231    0.0366231     0.199593
   1000   0.00237181   0.00237181    0.0175596
   1100  0.000240672  0.000240672   0.00242545
   1200  3.42253e-05  3.42253e-05  0.000469809
   1300  6.31622e-06  6.31622e-06  0.000118006
   1400  1.43201e-06  1.43201e-06  3.63454e-05
   1500  3.83033e-07  3.83033e-07  1.31745e-05
   1600  1.17215e-07  1.17215e-07  5.44994e-06
   1700  4.01433e-08  4.01433e-08  2.51309e-06
   1800  1.51279e-08  1.51279e-08  1.26836e-06
   1900  6.18583e-09  6.18583e-09    6.906e-07
   2000  2.71484e-09  2.71484e-09  4.01008e-07
   2100  1.26788e-09  1.26788e-09  2.46021e-07
   2200  6.25385e-10  6.25385e-10   1.5826e-07
   2300  3.23829e-10  3.23829e-10  1.06077e-07
   2400  1.75199e-10  1.75199e-10  7.36965e-08
   2500   9.8443e-11   9.8443e-11  5.28375e-08

   Pressure = 10 atm

   T(K) PRODS->REACS      PRODS->      Capture
    300  4.28545e+20  4.28545e+20  4.39872e+20
    400  4.06528e+12  4.06528e+12  4.33447e+12
    500  5.87869e+07  5.87869e+07  6.70666e+07
    600      33113.4      33113.4      41755.6
    700      150.282      150.282       216.19
    800      2.50262      2.50262      4.21861
    900    0.0988752    0.0988752     0.199593
   1000   0.00714214   0.00714214    0.0175596
   1100   0.00079924   0.00079924   0.00242545
   1200  0.000124138  0.000124138  0.000469809
   1300  2.48123e-05  2.48123e-05  0.000118006
   1400  6.04725e-06  6.04725e-06  3.63454e-05
   1500  1.72786e-06  1.72786e-06  1.31745e-05
   1600   5.6185e-07   5.6185e-07  5.44994e-06
   1700  2.03363e-07  2.03363e-07  2.51309e-06
   1800  8.05818e-08  8.05818e-08  1.26836e-06
   1900  3.44938e-08  3.44938e-08    6.906e-07
   2000  1.57796e-08  1.57796e-08  4.01008e-07
   2100  7.65025e-09  7.65025e-09  2.46021e-07
   2200  3.90477e-09  3.90477e-09   1.5826e-07
   2300  2.08625e-09  2.08625e-09  1.06077e-07
   2400  1.16157e-09  1.16157e-09  7.36965e-08
   2500   6.7029e-10   6.7029e-10  5.28375e-08

   Pressure = 100 atm

   T(K) PRODS->REACS      PRODS->      Capture
    300  4.38583e+20  4.38583e+20  4.39872e+20
    400  4.30065e+12  4.30065e+12  4.33447e+12
    500  6.58143e+07  6.58143e+07  6.70666e+07
    600      40130.8      40130.8      41755.6
    700      200.567      200.567       216.19
    800      3.71555      3.71555      4.21861
    900     0.163965     0.163965     0.199593
   1000    0.0132225    0.0132225    0.0175596
   1100   0.00164662   0.00164662   0.00242545
   1200  0.000283271  0.000283271  0.000469809
   1300  6.23673e-05  6.23673e-05  0.000118006
   1400  1.66472e-05  1.66472e-05  3.63454e-05
   1500  5.17989e-06  5.17989e-06  1.31745e-05
   1600   1.8244e-06   1.8244e-06  5.44994e-06
   1700  7.11543e-07  7.11543e-07  2.51309e-06
   1800  3.02167e-07  3.02167e-07  1.26836e-06
   1900  1.37924e-07  1.37924e-07    6.906e-07
   2000  6.69534e-08  6.69534e-08  4.01008e-07
   2100  3.42878e-08  3.42878e-08  2.46021e-07
   2200  1.84056e-08  1.84056e-08   1.5826e-07
   2300  1.03005e-08  1.03005e-08  1.06077e-07
   2400  5.98495e-09  5.98495e-09  7.36965e-08
   2500    3.594e-09    3.594e-09  5.28375e-08

   Pressure = 1000 atm

   T(K) PRODS->REACS      PRODS->      Capture
    300  4.39675e+20  4.39675e+20  4.39872e+20
    400  4.33038e+12  4.33038e+12  4.33447e+12
    500  6.69234e+07  6.69234e+07  6.70666e+07
    600      41569.7      41569.7      41755.6
    700      214.082      214.082       216.19
    800       4.1391       4.1391      4.21861
    900     0.193003     0.193003     0.199593
   1000    0.0166214    0.0166214    0.0175596
   1100   0.00222882   0.00222882   0.00242545
   1200  0.000415255  0.000415255  0.000469809
   1300  9.93587e-05  9.93587e-05  0.000118006
   1400  2.88672e-05  2.88672e-05  3.63454e-05
   1500  9.77738e-06  9.77738e-06  1.31745e-05
   1600   3.7448e-06   3.7448e-06  5.44994e-06
   1700  1.58531e-06  1.58531e-06  2.51309e-06
   1800  7.28858e-07  7.28858e-07  1.26836e-06
   1900   3.5906e-07   3.5906e-07    6.906e-07
   2000  1.87483e-07  1.87483e-07  4.01008e-07
   2100  1.02895e-07  1.02895e-07  2.46021e-07
   2200  5.89628e-08  5.89628e-08   1.5826e-07
   2300  3.50876e-08  3.50876e-08  1.06077e-07
   2400  2.15915e-08  2.15915e-08  7.36965e-08
   2500  1.36854e-08  1.36854e-08  5.28375e-08

   Pressure = 10000 atm

   T(K) PRODS->REACS      PRODS->      Capture
    300  4.39786e+20  4.39786e+20  4.39872e+20
    400  4.33346e+12  4.33346e+12  4.33447e+12
    500  6.70453e+07  6.70453e+07  6.70666e+07
    600      41744.6      41744.6      41755.6
    700      215.969      215.969       216.19
    800      4.20901      4.20901      4.21861
    900     0.198763     0.198763     0.199593
   1000    0.0174368    0.0174368    0.0175596
   1100   0.00239771   0.00239771   0.00242545
   1200  0.000461325  0.000461325  0.000469809
   1300  0.000114784  0.000114784  0.000118006
   1400  3.49036e-05  3.49036e-05  3.63454e-05
   1500   1.2444e-05   1.2444e-05  1.31745e-05
   1600  5.04128e-06  5.04128e-06  5.44994e-06
   1700  2.26614e-06  2.26614e-06  2.51309e-06
   1800  1.10954e-06  1.10954e-06  1.26836e-06
   1900  5.83229e-07  5.83229e-07    6.906e-07
   2000  3.25315e-07  3.25315e-07  4.01008e-07
   2100  1.90784e-07  1.90784e-07  2.46021e-07
   2200  1.16773e-07  1.16773e-07   1.5826e-07
   2300   7.4146e-08   7.4146e-08  1.06077e-07
   2400  4.86041e-08  4.86041e-08  7.36965e-08
   2500  3.27579e-08  3.27579e-08  5.28375e-08

______________________________________________________________________________________

Temperature-Pressure Rate Tables:

REACS->PRODS

P\T              300          400          500          600          700          800          900         1000         1100         1200         1300         1400         1500         1600         1700         1800         1900         2000         2100         2200         2300         2400         2500
1        3.26675e-30  2.18644e-19  6.58836e-13  1.30265e-08  1.43698e-05   0.00259264     0.139425      3.20868      39.7955      310.208      1691.81      6971.86      22967.5      63083.8       149420       313458       594459   1.0365e+06  1.68516e+06  2.58307e+06  3.76835e+06  5.27564e+06  7.11953e+06
10       3.84499e-30  2.93192e-19  1.02519e-12  2.35812e-08  3.00611e-05   0.00619968      0.37642      9.66217      132.155      1125.15      6645.98      29441.1       103603       302346       756733  1.66859e+06   3.3105e+06  6.01041e+06  1.01286e+07  1.60318e+07   2.4066e+07  3.45542e+07  4.76993e+07
100      3.93505e-30  3.10168e-19  1.14774e-12  2.85785e-08  4.01196e-05   0.00920447     0.624216      17.8879       272.27      2567.47      16705.1      81046.6       310580       981697  2.64729e+06  6.25434e+06  1.32256e+07    2.546e+07  4.52626e+07  7.52055e+07  1.17947e+08  1.76126e+08  2.51958e+08
1000     3.94485e-30  3.12312e-19  1.16708e-12  2.96032e-08   4.2823e-05    0.0102537     0.734767      22.4861      368.538      3763.74      26613.2       140539       586239  2.01502e+06  5.89784e+06   1.5084e+07   3.4419e+07  7.12434e+07  1.35646e+08   2.4034e+08   4.0016e+08  6.31382e+08  9.50456e+08
10000    3.94584e-30  3.12534e-19  1.16921e-12  2.97278e-08  4.32005e-05    0.0104269     0.756693      23.5892      396.463       4181.3      30744.9       169927       746128  2.71263e+06  8.43068e+06  2.29618e+07  5.59041e+07  1.23602e+08  2.51429e+08  4.75685e+08   8.4462e+08  1.41841e+09  2.26752e+09
O-O      3.94661e-30  3.12607e-19  1.16958e-12  2.97356e-08  4.32445e-05    0.0104507     0.759854      23.7553       401.05      4258.19        31608       176947       789923  2.93252e+06   9.3494e+06  2.62486e+07  6.61956e+07  1.52359e+08  3.24214e+08  6.44642e+08  1.20819e+09  2.15008e+09  3.65558e+09

PRODS->REACS

P\T              300          400          500          600          700          800          900         1000         1100         1200         1300         1400         1500         1600         1700         1800         1900         2000         2100         2200         2300         2400         2500
1        3.64097e+20  3.03161e+12  3.77794e+07      18292.2       71.838      1.04657    0.0366231   0.00237181  0.000240672  3.42253e-05  6.31622e-06  1.43201e-06  3.83033e-07  1.17215e-07  4.01433e-08  1.51279e-08  6.18583e-09  2.71484e-09  1.26788e-09  6.25385e-10  3.23829e-10  1.75199e-10   9.8443e-11
10       4.28545e+20  4.06528e+12  5.87869e+07      33113.4      150.282      2.50262    0.0988752   0.00714214   0.00079924  0.000124138  2.48123e-05  6.04725e-06  1.72786e-06   5.6185e-07  2.03363e-07  8.05818e-08  3.44938e-08  1.57796e-08  7.65025e-09  3.90477e-09  2.08625e-09  1.16157e-09   6.7029e-10
100      4.38583e+20  4.30065e+12  6.58143e+07      40130.8      200.567      3.71555     0.163965    0.0132225   0.00164662  0.000283271  6.23673e-05  1.66472e-05  5.17989e-06   1.8244e-06  7.11543e-07  3.02167e-07  1.37924e-07  6.69534e-08  3.42878e-08  1.84056e-08  1.03005e-08  5.98495e-09    3.594e-09
1000     4.39675e+20  4.33038e+12  6.69234e+07      41569.7      214.082       4.1391     0.193003    0.0166214   0.00222882  0.000415255  9.93587e-05  2.88672e-05  9.77738e-06   3.7448e-06  1.58531e-06  7.28858e-07   3.5906e-07  1.87483e-07  1.02895e-07  5.89628e-08  3.50876e-08  2.15915e-08  1.36854e-08
10000    4.39786e+20  4.33346e+12  6.70453e+07      41744.6      215.969      4.20901     0.198763    0.0174368   0.00239771  0.000461325  0.000114784  3.49036e-05   1.2444e-05  5.04128e-06  2.26614e-06  1.10954e-06  5.83229e-07  3.25315e-07  1.90784e-07  1.16773e-07   7.4146e-08  4.86041e-08  3.27579e-08
O-O      4.39872e+20  4.33447e+12  6.70666e+07      41755.6       216.19      4.21861     0.199593    0.0175596   0.00242545  0.000469809  0.000118006  3.63454e-05  1.31745e-05  5.44994e-06  2.51309e-06  1.26836e-06    6.906e-07  4.01008e-07  2.46021e-07   1.5826e-07  1.06077e-07  7.36965e-08  5.28375e-08

REACS-> 

P\T              300          400          500          600          700          800          900         1000         1100         1200         1300         1400         1500         1600         1700         1800         1900         2000         2100         2200         2300         2400         2500
1        3.26675e-30  2.18644e-19  6.58836e-13  1.30265e-08  1.43698e-05   0.00259264     0.139425      3.20868      39.7955      310.208      1691.81      6971.86      22967.5      63083.8       149420       313458       594459   1.0365e+06  1.68516e+06  2.58307e+06  3.76835e+06  5.27564e+06  7.11953e+06
10       3.84499e-30  2.93192e-19  1.02519e-12  2.35812e-08  3.00611e-05   0.00619968      0.37642      9.66217      132.155      1125.15      6645.98      29441.1       103603       302346       756733  1.66859e+06   3.3105e+06  6.01041e+06  1.01286e+07  1.60318e+07   2.4066e+07  3.45542e+07  4.76993e+07
100      3.93505e-30  3.10168e-19  1.14774e-12  2.85785e-08  4.01196e-05   0.00920447     0.624216      17.8879       272.27      2567.47      16705.1      81046.6       310580       981697  2.64729e+06  6.25434e+06  1.32256e+07    2.546e+07  4.52626e+07  7.52055e+07  1.17947e+08  1.76126e+08  2.51958e+08
1000     3.94485e-30  3.12312e-19  1.16708e-12  2.96032e-08   4.2823e-05    0.0102537     0.734767      22.4861      368.538      3763.74      26613.2       140539       586239  2.01502e+06  5.89784e+06   1.5084e+07   3.4419e+07  7.12434e+07  1.35646e+08   2.4034e+08   4.0016e+08  6.31382e+08  9.50456e+08
10000    3.94584e-30  3.12534e-19  1.16921e-12  2.97278e-08  4.32005e-05    0.0104269     0.756693      23.5892      396.463       4181.3      30744.9       169927       746128  2.71263e+06  8.43068e+06  2.29618e+07  5.59041e+07  1.23602e+08  2.51429e+08  4.75685e+08   8.4462e+08  1.41841e+09  2.26752e+09
O-O      3.94661e-30  3.12607e-19  1.16958e-12  2.97356e-08  4.32445e-05    0.0104507     0.759854      23.7553       401.05      4258.19        31608       176947       789923  2.93252e+06   9.3494e+06  2.62486e+07  6.61956e+07  1.52359e+08  3.24214e+08  6.44642e+08  1.20819e+09  2.15008e+09  3.65558e+09

PRODS-> 

P\T              300          400          500          600          700          800          900         1000         1100         1200         1300         1400         1500         1600         1700         1800         1900         2000         2100         2200         2300         2400         2500
1        3.64097e+20  3.03161e+12  3.77794e+07      18292.2       71.838      1.04657    0.0366231   0.00237181  0.000240672  3.42253e-05  6.31622e-06  1.43201e-06  3.83033e-07  1.17215e-07  4.01433e-08  1.51279e-08  6.18583e-09  2.71484e-09  1.26788e-09  6.25385e-10  3.23829e-10  1.75199e-10   9.8443e-11
10       4.28545e+20  4.06528e+12  5.87869e+07      33113.4      150.282      2.50262    0.0988752   0.00714214   0.00079924  0.000124138  2.48123e-05  6.04725e-06  1.72786e-06   5.6185e-07  2.03363e-07  8.05818e-08  3.44938e-08  1.57796e-08  7.65025e-09  3.90477e-09  2.08625e-09  1.16157e-09   6.7029e-10
100      4.38583e+20  4.30065e+12  6.58143e+07      40130.8      200.567      3.71555     0.163965    0.0132225   0.00164662  0.000283271  6.23673e-05  1.66472e-05  5.17989e-06   1.8244e-06  7.11543e-07  3.02167e-07  1.37924e-07  6.69534e-08  3.42878e-08  1.84056e-08  1.03005e-08  5.98495e-09    3.594e-09
1000     4.39675e+20  4.33038e+12  6.69234e+07      41569.7      214.082       4.1391     0.193003    0.0166214   0.00222882  0.000415255  9.93587e-05  2.88672e-05  9.77738e-06   3.7448e-06  1.58531e-06  7.28858e-07   3.5906e-07  1.87483e-07  1.02895e-07  5.89628e-08  3.50876e-08  2.15915e-08  1.36854e-08
10000    4.39786e+20  4.33346e+12  6.70453e+07      41744.6      215.969      4.20901     0.198763    0.0174368   0.00239771  0.000461325  0.000114784  3.49036e-05   1.2444e-05  5.04128e-06  2.26614e-06  1.10954e-06  5.83229e-07  3.25315e-07  1.90784e-07  1.16773e-07   7.4146e-08  4.86041e-08  3.27579e-08
O-O      4.39872e+20  4.33447e+12  6.70666e+07      41755.6       216.19      4.21861     0.199593    0.0175596   0.00242545  0.000469809  0.000118006  3.63454e-05  1.31745e-05  5.44994e-06  2.51309e-06  1.26836e-06    6.906e-07  4.01008e-07  2.46021e-07   1.5826e-07  1.06077e-07  7.36965e-08  5.28375e-08

