
 Primary working directories    : /data/scratch
 Secondary working directories  : /data/scratch
 Wavefunction directory         : /home/carlo/wfu/
 Main file repository           : /data/scratch/

 ARCHNAME  : Linux/x86_64
 FC        : /opt/intel/composer_xe_2013_sp1.1.106/bin/intel64/ifort
 FCVERSION : 14.0.1
 BLASLIB   : -Wl,-_start-group /opt/intel/mkl/lib/intel64/libmkl_intel_ilp64.a /opt/intel/mkl/lib/intel64/libmkl_sequential.a /opt/intel/mkl/lib/intel64/libmkl_core.a -Wl,-_end-group
 id        : polimi

 Nodes     nprocs
 tt105        4
 ga_uses_ma=false, calling ma_init with nominal heap.
 GA-space will be limited to   8.0 MW (determined by -G option)

 Using customized tuning parameters: mindgm=16; mindgv=24; mindgc=8; mindgr=1; noblas=0; mincuda=1000; minvec=7
 default implementation of scratch files=sf  

  memory,         500 ,m
    nosym
 
    geometry={angstrom
     c1
     h2 c1 rch1
     h3 c1 rch2 h2 ahcc1
     h4 c1 rch3 h2 ahcc2 h3 b1
     h5 c1 rch4 h2 ahcc3 h3 b2
    }
    RCH1                           =    1.0834999999999999
    RCH2                           =    1.0833999999999999
    RCH3                           =    1.0833999999999999
    AHCC1                          =    115.63310000000000
    AHCC2                          =    115.63809999999999
    AHCC3                          =    102.23660000000000
    B1                             =    139.67920000000001
    B2                             =   -110.13890000000001
    RCH4                           =    1.8000000000000000
 
    SET,SPIN=           0
 
                                                                                 !closed shell input
 
    nosym
 
    basis=6-31+g(d,p)
 
    hf
 
                                                                                 !{multi;closed,14;occ,17;wf,32,1,0}
                                                                                 !{multi;closed,8;occ,10;wf,18,1,0}
    {multi;closed, 4;occ, 6;wf, 10,1,0;state,1  ;maxiter,40}
  geometry={angstrom
     c1
     h2 c1 rch1
     h3 c1 rch2 h2 ahcc1
     h4 c1 rch3 h2 ahcc2 h3 b1
     h5 c1 rch4 h2 ahcc3 h3 b2
  }
  RCH1                           =    1.0899878402090000
  RCH2                           =    1.0899871125857179
  RCH3                           =    1.0899874566899019
  AHCC1                          =    119.97158458812260
  AHCC2                          =    119.97044154279020
  AHCC3                          =    90.980355333060942
  B1                             =    176.59915086915339
  B2                             =   -91.700202607693527
  RCH4                           =    3.2000000000000002
 
  SET,SPIN=           0
 
                                                                                 !closed shell input
 
 
                                                                                 !{multi;closed,14;occ,17;wf,32,1,0}
                                                                                 !{multi;closed,8;occ,10;wf,18,1,0}
 
  {multi;closed, 1;occ, 9;wf, 10,1,0;state,1  ;maxiter,40}
 
   basis=cc-pvtz
 
  {multi;closed, 1;occ, 9;wf, 10,1,0;state,1  ;maxiter,40}
 
   {rs2c,shift=0.2}
 
   CBSen = energy
 
   put,molden,molpro.molden
 

 Variables initialized (661), CPU time= 0.00 sec
 Commands  initialized (458), CPU time= 0.01 sec, 486 directives.
 Default parameters read. Elapsed time= 0.07 sec

 Checking input...
 Passed
1


                                         ***  PROGRAM SYSTEM MOLPRO  ***
                         Copyright, University College Cardiff Consultants Limited, 2008

                                    Version 2010.1 linked Nov 28 2013 00:29:07


 **********************************************************************************************************************************
 LABEL *                                                                                 
 Linux-2.6.34-12-desktop/tt105(x86_64) 64 bit mpp version                                DATE: 30-Aug-19          TIME: 02:36:37  
 **********************************************************************************************************************************

 SHA1:             3e0dedb5ca8b4ac28d83a6c404202848d09e924a
 **********************************************************************************************************************************

 Variable memory set to  500000000 words,  buffer space   230000 words

 ZSYMEL=NOSYM
 
 SETTING RCH1           =         1.08350000                                  
 SETTING RCH2           =         1.08340000                                  
 SETTING RCH3           =         1.08340000                                  
 SETTING AHCC1          =       115.63310000                                  
 SETTING AHCC2          =       115.63810000                                  
 SETTING AHCC3          =       102.23660000                                  
 SETTING B1             =       139.67920000                                  
 SETTING B2             =      -110.13890000                                  
 SETTING RCH4           =         1.80000000                                  
 SETTING SPIN           =         0.00000000                                  
 SETTING BASIS          =    6-31+G(D,P)


 Recomputing integrals since basis changed


 Using spherical harmonics

 Library entry C      S 6-31G                selected for orbital group  1
 Library entry C      S 6-31++G              selected for orbital group  1
 Library entry C      P 6-31G                selected for orbital group  1
 Library entry C      P 6-31++G              selected for orbital group  1
 Library entry C      D 6-31G*               selected for orbital group  1
 Library entry H      S 6-31G                selected for orbital group  2
 Library entry H      P 6-31G**              selected for orbital group  2

1PROGRAM * SEWARD (Integral evaluation for generally contracted gaussian basis sets)     Author: Roland Lindh, 1990

 Geometry written to block  1 of record 700

 Orientation using atomic masses  
 Molecule type: Asymmetric top
 Rotational constants:     100.2297946    100.2376729    149.0803220 GHz  (calculated with average atomic masses)

 Point group  C1  



 ATOMIC COORDINATES

 NR  ATOM    CHARGE       X              Y              Z

   1  C1      6.00    0.000006173   -0.000002998    0.131915175
   2  H2      1.00   -0.273634915    1.982195261    0.565898650
   3  H3      1.00    1.853678496   -0.753741604    0.564736453
   4  H4      1.00   -1.579091750   -1.228296145    0.567004731
   5  H5      1.00   -0.001025388   -0.000121782   -3.269591703

 Bond lengths in Bohr (Angstrom)

 1-2  2.047518263  1-3  2.047329291  1-4  2.047329291
     ( 1.083500000)     ( 1.083400000)     ( 1.083400000)

 Bond angles

  2-1-3  115.63310000   2-1-4  115.63810000   3-1-4  115.62865057

 NUCLEAR CHARGE:                   10
 NUMBER OF PRIMITIVE AOS:          60
 NUMBER OF SYMMETRY AOS:           59
 NUMBER OF CONTRACTIONS:           38   (  38A   )
 NUMBER OF CORE ORBITALS:           1   (   1A   )
 NUMBER OF VALENCE ORBITALS:        8   (   8A   )


 NUCLEAR REPULSION ENERGY   12.11472346


 Eigenvalues of metric

         1 0.182E-01 0.559E-01 0.559E-01 0.103E+00 0.153E+00 0.164E+00 0.164E+00 0.219E+00


 Contracted 2-electron integrals neglected if value below      1.0D-11
 AO integral compression algorithm  1   Integral accuracy      1.0D-11

     2.097 MB (compressed) written to integral file ( 71.5%)

     Node minimum: 0.524 MB, node maximum: 0.524 MB


 NUMBER OF SORTED TWO-ELECTRON INTEGRALS:      68820.     BUFFER LENGTH:  32768
 NUMBER OF SEGMENTS:   1  SEGMENT LENGTH:      68820      RECORD LENGTH: 524288

 Memory used in sort:       0.63 MW

 SORT1 READ      344579. AND WROTE       65305. INTEGRALS IN      1 RECORDS. CPU TIME:     0.01 SEC, REAL TIME:     0.06 SEC
 SORT2 READ      260691. AND WROTE      274911. INTEGRALS IN      8 RECORDS. CPU TIME:     0.00 SEC, REAL TIME:     0.01 SEC

 Node minimum:       68450.  Node maximum:       69006. integrals

 OPERATOR DM      FOR CENTER  0  COORDINATES:    0.000000    0.000000    0.000000


 **********************************************************************************************************************************
 DATASETS  * FILE   NREC   LENGTH (MB)   RECORD NAMES
              1      18        2.65       500      610      700      900      950      970     1000      129      960     1100   
                                          VAR    BASINP    GEOM    SYMINP    ZMAT    AOBASIS   BASIS     P2S    ABASIS      S 
                                         1400     1410     1200     1210     1080     1600     1650     1700   
                                           T        V       H0       H01     AOSYM     SMH    MOLCAS    OPER   

 PROGRAMS   *        TOTAL       INT
 CPU TIMES  *         0.19      0.08
 REAL TIME  *         1.72 SEC
 DISK USED  *        18.04 MB      
 GA USED    *         0.00 MB       (max)       0.00 MB       (current)
 **********************************************************************************************************************************

1PROGRAM * RHF-SCF (CLOSED SHELL)       Authors: W. Meyer, H.-J. Werner


 NUMBER OF ELECTRONS:       5+    5-    SPACE SYMMETRY=1    SPIN SYMMETRY: Singlet 
 CONVERGENCE THRESHOLDS:    1.00E-05 (Density)    1.00E-07 (Energy)
 MAX. NUMBER OF ITERATIONS:       60
 INTERPOLATION TYPE:            DIIS
 INTERPOLATION STEPS:              2 (START)      1 (STEP)
 LEVEL SHIFTS:                  0.00 (CLOSED)  0.00 (OPEN) 



 Orbital guess generated from atomic densities. Full valence occupancy:    5

 Molecular orbital dump at record        2100.2

 ITERATION    DDIFF          GRAD             ENERGY        2-EL.EN.            DIPOLE MOMENTS         DIIS
    1      0.000D+00      0.000D+00       -40.06228625     50.446924    0.00001    0.00003   -0.39497    0
    2      0.000D+00      0.807D-02       -40.08527536     48.724408    0.00021    0.00001    0.39409    1
    3      0.887D-02      0.464D-02       -40.08979492     49.346005    0.00023    0.00002    0.35818    2
    4      0.262D-02      0.113D-02       -40.09062842     49.263694    0.00028    0.00002    0.48922    3
    5      0.182D-02      0.184D-03       -40.09065169     49.259377    0.00029    0.00002    0.51043    4
    6      0.310D-03      0.400D-04       -40.09065282     49.259635    0.00029    0.00002    0.51398    5
    7      0.791D-04      0.770D-05       -40.09065287     49.259595    0.00029    0.00002    0.51467    6
    8      0.236D-04      0.113D-05       -40.09065287     49.259499    0.00029    0.00002    0.51472    6
    9      0.272D-05      0.194D-06       -40.09065287     49.259497    0.00029    0.00002    0.51472    0

 Final occupancy:   5

 !RHF STATE 1.1 Energy                -40.090652868023
 Nuclear energy                        12.11472346
 One-electron energy                  -76.83512485
 Two-electron energy                   24.62974852
 Virial quotient                       -1.00899281
 !RHF STATE 1.1 Dipole moment           0.00029202     0.00002159     0.51472162
 Dipole moment /Debye                   0.00074219     0.00005487     1.30820618

 Orbital energies:

         1.1          2.1          3.1          4.1          5.1          6.1          7.1
    -11.286141    -0.934200    -0.588182    -0.588167    -0.391124     0.073746     0.116810


 **********************************************************************************************************************************
 DATASETS  * FILE   NREC   LENGTH (MB)   RECORD NAMES
              1      18        2.65       500      610      700      900      950      970     1000      129      960     1100   
                                          VAR    BASINP    GEOM    SYMINP    ZMAT    AOBASIS   BASIS     P2S    ABASIS      S 
                                         1400     1410     1200     1210     1080     1600     1650     1700   
                                           T        V       H0       H01     AOSYM     SMH    MOLCAS    OPER   

              2       3        0.34       700     1000     2100   
                                         GEOM     BASIS     RHF  

 PROGRAMS   *        TOTAL        HF       INT
 CPU TIMES  *         0.22      0.03      0.08
 REAL TIME  *         2.70 SEC
 DISK USED  *        31.73 MB      
 SF USED    *         0.01 MB      
 GA USED    *         0.00 MB       (max)       0.00 MB       (current)
 **********************************************************************************************************************************

1PROGRAM * MULTI (Direct Multiconfiguration SCF)       Authors: P.J. Knowles, H.-J. Werner (1984)     S.T. Elbert (1988)


 Number of closed-shell orbitals:  4 (  4 )
 Number of active  orbitals:       2 (  2 )
 Number of external orbitals:     32 ( 32 )

 State symmetry 1

 Number of electrons:     2    Spin symmetry=Singlet   Space symmetry=1
 Number of states:        1
 Number of CSFs:          3   (4 determinants, 4 intermediate states)

 Iteration controls:
             1  2  3  4  5  6  7  8  9 10 11 12 13 14 15 16 17 18 19 20 21 22 23 24 25 26 27 28 29 30 31 32 33 34 35 36 37 38 39
 DIAGCI      T  T  T  T  T  T  T  T  T  T  T  T  T  T  T  T  T  T  T  T  T  T  T  T  T  T  T  T  T  T  T  T  T  T  T  T  T  T  T
 WERNER      T  T  T  T  T  T  T  T  T  T  T  T  T  T  T  T  T  T  T  T  T  T  T  T  T  T  T  T  T  T  T  T  T  T  T  T  T  T  T
 INTERNAL    F  T  T  T  T  T  T  T  T  T  T  T  T  T  T  T  T  T  T  T  T  T  T  T  T  T  T  T  T  T  T  T  T  T  T  T  T  T  T

 Molecular orbitals read from record     2100.2  Type=RHF/CANONICAL (state 1.1)

 Wavefunction dump at record             2140.2

 Convergence thresholds  0.10E-01 (gradient)  0.10E-05 (energy)  0.10E-02 (step length)

 Number of orbital rotations:     200     (   8 Core/Active  128 Core/Virtual   0 Active/Active   64 Active/Virtual)
 Total number of variables:       204


 ITER. MIC  NCI  NEG     ENERGY(VAR)     ENERGY(PROJ)   ENERGY CHANGE     GRAD(0)  GRAD(ORB)   GRAD(CI)     STEP       TIME

   1   40    7    0     -40.09226202     -40.13088442   -0.03862240    0.00713537 0.00026881 0.00000000  0.77D+00      0.03
   2   21    8    0     -40.12959748     -40.13157609   -0.00197861    0.02744268 0.00000367 0.00000000  0.14D+00      0.05
   3   21    8    0     -40.13158689     -40.13158721   -0.00000032    0.00040363 0.00000005 0.00000000  0.16D-02      0.06
   4   20    4    0     -40.13158721     -40.13158721   -0.00000000    0.00000017 0.00000000 0.00000000  0.54D-06      0.08

 ** WVFN ****  CONVERGENCE REACHED, FINAL GRADIENT:  0.63D-07


 First order charge density matrix for state 1.1 saved on record  2140.2 (density set 1)

 Results for state 1.1
 =====================

 !MCSCF STATE 1.1 Energy              -40.131587211105
 Nuclear energy                        12.11472346
 Kinetic energy                        39.87019393
 One electron energy                  -76.92621354
 Two electron energy                   24.67990287
 Virial ratio                           2.00655611

 !MCSCF STATE 1.1 Dipole moment         0.00021111     0.00000567     0.34046899
 Dipole moment /Debye                   0.00053655     0.00001441     0.86532918


 Natural orbital dump at molpro section                    2140.2    (Orbital set 2)



 **********************************************************************************************************************************
 DATASETS  * FILE   NREC   LENGTH (MB)   RECORD NAMES
              1      19        3.04       500      610      700      900      950      970     1000      129      960     1100   
                                          VAR    BASINP    GEOM    SYMINP    ZMAT    AOBASIS   BASIS     P2S    ABASIS      S 
                                         1400     1410     1200     1210     1080     1600     1650     1700     1380   
                                           T        V       H0       H01     AOSYM     SMH    MOLCAS    OPER     JKOP   

              2       4        0.43       700     1000     2100     2140   
                                         GEOM     BASIS     RHF     MCSCF   

 PROGRAMS   *        TOTAL     MULTI        HF       INT
 CPU TIMES  *         0.31      0.09      0.03      0.08
 REAL TIME  *         3.84 SEC
 DISK USED  *        31.73 MB      
 SF USED    *         4.67 MB      
 GA USED    *         0.00 MB       (max)       0.00 MB       (current)
 **********************************************************************************************************************************
 ZSYMEL=NOSYM
 
 SETTING RCH1           =         1.08998784                                  
 SETTING RCH2           =         1.08998711                                  
 SETTING RCH3           =         1.08998746                                  
 SETTING AHCC1          =       119.97158459                                  
 SETTING AHCC2          =       119.97044154                                  
 SETTING AHCC3          =        90.98035533                                  
 SETTING B1             =       176.59915087                                  
 SETTING B2             =       -91.70020261                                  
 SETTING RCH4           =         3.20000000                                  
 SETTING SPIN           =         0.00000000                                  


 Recomputing integrals since geometry changed

1PROGRAM * SEWARD (Integral evaluation for generally contracted gaussian basis sets)     Author: Roland Lindh, 1990

 Geometry written to block  1 of record 700

 Orientation using atomic masses  
 Molecule type: Asymmetric top
 Rotational constants:      43.9760134     43.9761152    140.7167641 GHz  (calculated with average atomic masses)

 Point group  C1  



 ATOMIC COORDINATES

 NR  ATOM    CHARGE       X              Y              Z

   1  C1      6.00    0.000003017    0.000001641    0.373276522
   2  H2      1.00    1.043688270    1.775436119    0.408504282
   3  H3      1.00    1.015708482   -1.791583100    0.408608467
   4  H4      1.00   -2.059408003    0.016157897    0.408628009
   5  H5      1.00   -0.000024702   -0.000030473   -5.673847098

 Bond lengths in Bohr (Angstrom)

 1-2  2.059778505  1-3  2.059777130  1-4  2.059777780
     ( 1.089987840)     ( 1.089987113)     ( 1.089987457)

 Bond angles

  2-1-3  119.97158459   2-1-4  119.97044154   3-1-4  119.97052762

 NUCLEAR CHARGE:                   10
 NUMBER OF PRIMITIVE AOS:          60
 NUMBER OF SYMMETRY AOS:           59
 NUMBER OF CONTRACTIONS:           38   (  38A   )
 NUMBER OF CORE ORBITALS:           1   (   1A   )
 NUMBER OF VALENCE ORBITALS:        8   (   8A   )


 NUCLEAR REPULSION ENERGY   11.03920047


 Eigenvalues of metric

         1 0.259E-01 0.535E-01 0.535E-01 0.996E-01 0.170E+00 0.170E+00 0.208E+00 0.221E+00


 Contracted 2-electron integrals neglected if value below      1.0D-11
 AO integral compression algorithm  1   Integral accuracy      1.0D-11

     2.097 MB (compressed) written to integral file ( 53.9%)

     Node minimum: 0.524 MB, node maximum: 0.524 MB


 NUMBER OF SORTED TWO-ELECTRON INTEGRALS:      68820.     BUFFER LENGTH:  32768
 NUMBER OF SEGMENTS:   1  SEGMENT LENGTH:      68820      RECORD LENGTH: 524288

 Memory used in sort:       0.63 MW

 SORT1 READ      341582. AND WROTE       57622. INTEGRALS IN      1 RECORDS. CPU TIME:     0.00 SEC, REAL TIME:     0.09 SEC
 SORT2 READ      231823. AND WROTE      274911. INTEGRALS IN      8 RECORDS. CPU TIME:     0.01 SEC, REAL TIME:     0.00 SEC

 Node minimum:       68450.  Node maximum:       69006. integrals

 OPERATOR DM      FOR CENTER  0  COORDINATES:    0.000000    0.000000    0.000000


 **********************************************************************************************************************************
 DATASETS  * FILE   NREC   LENGTH (MB)   RECORD NAMES
              1      18        2.65       500      610      700      900      950      970     1000      129      960     1100   
                                          VAR    BASINP    GEOM    SYMINP    ZMAT    AOBASIS   BASIS     P2S    ABASIS      S 
                                         1400     1410     1200     1210     1080     1600     1650     1700   
                                           T        V       H0       H01     AOSYM     SMH    MOLCAS    OPER   

              2       4        0.43       700     1000     2100     2140   
                                         GEOM     BASIS     RHF     MCSCF   

 PROGRAMS   *        TOTAL       INT     MULTI        HF       INT
 CPU TIMES  *         0.36      0.05      0.09      0.03      0.08
 REAL TIME  *         4.84 SEC
 DISK USED  *        33.06 MB      
 SF USED    *         4.67 MB      
 GA USED    *         0.00 MB       (max)       0.00 MB       (current)
 **********************************************************************************************************************************

1PROGRAM * MULTI (Direct Multiconfiguration SCF)       Authors: P.J. Knowles, H.-J. Werner (1984)     S.T. Elbert (1988)


 Number of closed-shell orbitals:  1 (  1 )
 Number of active  orbitals:       8 (  8 )
 Number of external orbitals:     29 ( 29 )

 State symmetry 1

 Number of electrons:     8    Spin symmetry=Singlet   Space symmetry=1
 Number of states:        1
 Number of CSFs:       1764   (4900 determinants, 4900 intermediate states)

 Iteration controls:
             1  2  3  4  5  6  7  8  9 10 11 12 13 14 15 16 17 18 19 20 21 22 23 24 25 26 27 28 29 30 31 32 33 34 35 36 37 38 39
 DIAGCI      T  T  T  T  T  T  T  T  T  T  T  T  T  T  T  T  T  T  T  T  T  T  T  T  T  T  T  T  T  T  T  T  T  T  T  T  T  T  T
 WERNER      T  T  T  T  T  T  T  T  T  T  T  T  T  T  T  T  T  T  T  T  T  T  T  T  T  T  T  T  T  T  T  T  T  T  T  T  T  T  T
 INTERNAL    F  T  T  T  T  T  T  T  T  T  T  T  T  T  T  T  T  T  T  T  T  T  T  T  T  T  T  T  T  T  T  T  T  T  T  T  T  T  T

 Molecular orbitals read from record     2140.2  Type=MCSCF/NATURAL (state 1.1)

 Wavefunction dump at record             2141.2

 Convergence thresholds  0.10E-01 (gradient)  0.10E-05 (energy)  0.10E-02 (step length)

 Number of orbital rotations:     269     (   8 Core/Active   29 Core/Virtual   0 Active/Active  232 Active/Virtual)
 Total number of variables:      5169


 ITER. MIC  NCI  NEG     ENERGY(VAR)     ENERGY(PROJ)   ENERGY CHANGE     GRAD(0)  GRAD(ORB)   GRAD(CI)     STEP       TIME

   1   40   24    0     -39.94072417     -40.11934099   -0.17861681    0.54965570 0.00041369 0.00094110  0.16D+01      0.14
   2   25   26    0     -40.12000254     -40.12259499   -0.00259245    0.03600568 0.00000029 0.00000210  0.25D+00      0.32
   3   31   12    0     -40.12259825     -40.12259832   -0.00000007    0.00016059 0.00000290 0.00002619  0.12D-02      0.39
   4   31   10    0     -40.12259832     -40.12259832   -0.00000000    0.00000336 0.00000051 0.00000282  0.48D-04      0.45

 ** WVFN ****  CONVERGENCE REACHED, FINAL GRADIENT:  0.58D-06


 First order charge density matrix for state 1.1 saved on record  2141.2 (density set 1)

 Results for state 1.1
 =====================

 !MCSCF STATE 1.1 Energy              -40.122598317091
 Nuclear energy                        11.03920047
 Kinetic energy                        40.09653375
 One electron energy                  -74.76577760
 Two electron energy                   23.60397881
 Virial ratio                           2.00065005

 !MCSCF STATE 1.1 Dipole moment         0.00000078     0.00000158     0.06216713
 Dipole moment /Debye                   0.00000197     0.00000402     0.15800274


 Natural orbital dump at molpro section                    2141.2    (Orbital set 2)



 **********************************************************************************************************************************
 DATASETS  * FILE   NREC   LENGTH (MB)   RECORD NAMES
              1      19        3.46       500      610      700      900      950      970     1000      129      960     1100   
                                          VAR    BASINP    GEOM    SYMINP    ZMAT    AOBASIS   BASIS     P2S    ABASIS      S 
                                         1400     1410     1200     1210     1080     1600     1650     1700     1380   
                                           T        V       H0       H01     AOSYM     SMH    MOLCAS    OPER     JKOP   

              2       5        0.51       700     1000     2100     2140     2141   
                                         GEOM     BASIS     RHF     MCSCF    MCSCF   

 PROGRAMS   *        TOTAL     MULTI       INT     MULTI        HF       INT
 CPU TIMES  *         0.85      0.49      0.05      0.09      0.03      0.08
 REAL TIME  *         6.42 SEC
 DISK USED  *        33.06 MB      
 SF USED    *         8.06 MB      
 GA USED    *         0.00 MB       (max)       0.00 MB       (current)
 **********************************************************************************************************************************
 SETTING BASIS          =    CC-PVTZ


 Recomputing integrals since basis changed


 Using spherical harmonics

 Library entry C      S cc-pVTZ              selected for orbital group  1
 Library entry C      P cc-pVTZ              selected for orbital group  1
 Library entry C      D cc-pVTZ              selected for orbital group  1
 Library entry C      F cc-pVTZ              selected for orbital group  1
 Library entry H      S cc-pVTZ              selected for orbital group  2
 Library entry H      P cc-pVTZ              selected for orbital group  2
 Library entry H      D cc-pVTZ              selected for orbital group  2

1PROGRAM * SEWARD (Integral evaluation for generally contracted gaussian basis sets)     Author: Roland Lindh, 1990

 Geometry written to block  1 of record 700

 Orientation using atomic masses  
 Molecule type: Asymmetric top
 Rotational constants:      43.9760134     43.9761152    140.7167641 GHz  (calculated with average atomic masses)

 Point group  C1  



 ATOMIC COORDINATES

 NR  ATOM    CHARGE       X              Y              Z

   1  C1      6.00    0.000003017    0.000001641    0.373276522
   2  H2      1.00    1.043688270    1.775436119    0.408504282
   3  H3      1.00    1.015708482   -1.791583100    0.408608467
   4  H4      1.00   -2.059408003    0.016157897    0.408628009
   5  H5      1.00   -0.000024702   -0.000030473   -5.673847098

 Bond lengths in Bohr (Angstrom)

 1-2  2.059778505  1-3  2.059777130  1-4  2.059777780
     ( 1.089987840)     ( 1.089987113)     ( 1.089987457)

 Bond angles

  2-1-3  119.97158459   2-1-4  119.97044154   3-1-4  119.97052762

 NUCLEAR CHARGE:                   10
 NUMBER OF PRIMITIVE AOS:         115
 NUMBER OF SYMMETRY AOS:          106
 NUMBER OF CONTRACTIONS:           86   (  86A   )
 NUMBER OF CORE ORBITALS:           1   (   1A   )
 NUMBER OF VALENCE ORBITALS:        8   (   8A   )


 NUCLEAR REPULSION ENERGY   11.03920047


 Eigenvalues of metric

         1 0.137E-02 0.209E-02 0.209E-02 0.492E-02 0.106E-01 0.106E-01 0.125E-01 0.138E-01


 Contracted 2-electron integrals neglected if value below      1.0D-11
 AO integral compression algorithm  1   Integral accuracy      1.0D-11

     29.098 MB (compressed) written to integral file ( 42.9%)

     Node minimum: 7.078 MB, node maximum: 7.340 MB


 NUMBER OF SORTED TWO-ELECTRON INTEGRALS:    1750320.     BUFFER LENGTH:  32768
 NUMBER OF SEGMENTS:   1  SEGMENT LENGTH:    1750320      RECORD LENGTH: 524288

 Memory used in sort:       2.31 MW

 SORT1 READ     8315020. AND WROTE     1511045. INTEGRALS IN      5 RECORDS. CPU TIME:     0.12 SEC, REAL TIME:     0.21 SEC
 SORT2 READ     6033649. AND WROTE     6999411. INTEGRALS IN    112 RECORDS. CPU TIME:     0.05 SEC, REAL TIME:     0.07 SEC

 Node minimum:     1748450.  Node maximum:     1751256. integrals

 OPERATOR DM      FOR CENTER  0  COORDINATES:    0.000000    0.000000    0.000000


 **********************************************************************************************************************************
 DATASETS  * FILE   NREC   LENGTH (MB)   RECORD NAMES
              1      18        2.88       500      610      700      900      950      970     1001      129      960     1100   
                                          VAR    BASINP    GEOM    SYMINP    ZMAT    AOBASIS   BASIS     P2S    ABASIS      S 
                                         1400     1410     1200     1210     1080     1600     1650     1700   
                                           T        V       H0       H01     AOSYM     SMH    MOLCAS    OPER   

              2       6        0.54       700     1000     2100     2140     2141     1001   
                                         GEOM     BASIS     RHF     MCSCF    MCSCF    BASIS   

 PROGRAMS   *        TOTAL       INT     MULTI       INT     MULTI        HF       INT
 CPU TIMES  *         1.20      0.35      0.49      0.05      0.09      0.03      0.08
 REAL TIME  *         8.05 SEC
 DISK USED  *       124.92 MB      
 SF USED    *         8.06 MB      
 GA USED    *         0.00 MB       (max)       0.00 MB       (current)
 **********************************************************************************************************************************

1PROGRAM * MULTI (Direct Multiconfiguration SCF)       Authors: P.J. Knowles, H.-J. Werner (1984)     S.T. Elbert (1988)


 Number of closed-shell orbitals:  1 (  1 )
 Number of active  orbitals:       8 (  8 )
 Number of external orbitals:     77 ( 77 )

 State symmetry 1

 Number of electrons:     8    Spin symmetry=Singlet   Space symmetry=1
 Number of states:        1
 Number of CSFs:       1764   (4900 determinants, 4900 intermediate states)

 Iteration controls:
             1  2  3  4  5  6  7  8  9 10 11 12 13 14 15 16 17 18 19 20 21 22 23 24 25 26 27 28 29 30 31 32 33 34 35 36 37 38 39
 DIAGCI      T  T  T  T  T  T  T  T  T  T  T  T  T  T  T  T  T  T  T  T  T  T  T  T  T  T  T  T  T  T  T  T  T  T  T  T  T  T  T
 WERNER      T  T  T  T  T  T  T  T  T  T  T  T  T  T  T  T  T  T  T  T  T  T  T  T  T  T  T  T  T  T  T  T  T  T  T  T  T  T  T
 INTERNAL    F  T  T  T  T  T  T  T  T  T  T  T  T  T  T  T  T  T  T  T  T  T  T  T  T  T  T  T  T  T  T  T  T  T  T  T  T  T  T

 Molecular orbitals read from record     2141.2  Type=MCSCF/NATURAL (state 1.1)
 
 Present basis size:      86
 Previous basis size:     38
 Previous occupation:      9
 Previous closed-shells:   1
 Present occupation:       9
 Present closed-shells:    1
 Wavefunction symmetry:    1   Singlet 

 Orbital overlap <old|new>:  < 1.1| 1.1> = 0.999997   < 2.1| 2.1> = 0.999930   < 3.1| 3.1> = 0.999899   < 4.1| 4.1> = 0.999899
                             < 5.1| 5.1> = 0.999481   < 6.1| 6.1> = 0.999337   < 7.1| 7.1> = 0.998948   < 8.1| 8.1> = 0.999432
                             < 9.1| 9.1> = 0.999432

 Wavefunction dump at record             2142.2

 Convergence thresholds  0.10E-01 (gradient)  0.10E-05 (energy)  0.10E-02 (step length)

 Number of orbital rotations:     701     (   8 Core/Active   77 Core/Virtual   0 Active/Active  616 Active/Virtual)
 Total number of variables:      5601


 ITER. MIC  NCI  NEG     ENERGY(VAR)     ENERGY(PROJ)   ENERGY CHANGE     GRAD(0)  GRAD(ORB)   GRAD(CI)     STEP       TIME

   1   36   23    0     -40.13289974     -40.13528300   -0.00238326    0.11352560 0.00000255 0.00000795  0.95D-01      0.54
   2   32   11    0     -40.13528233     -40.13528234   -0.00000001    0.00008177 0.00000098 0.00000562  0.31D-03      0.84

 ** WVFN ****  CONVERGENCE REACHED, FINAL GRADIENT:  0.97D-06


 First order charge density matrix for state 1.1 saved on record  2142.2 (density set 1)

 Results for state 1.1
 =====================

 !MCSCF STATE 1.1 Energy              -40.135282339699
 Nuclear energy                        11.03920047
 Kinetic energy                        40.10308275
 One electron energy                  -74.80589184
 Two electron energy                   23.63140903
 Virial ratio                           2.00080292

 !MCSCF STATE 1.1 Dipole moment         0.00000044     0.00000115     0.09653433
 Dipole moment /Debye                   0.00000111     0.00000292     0.24534972


 Natural orbital dump at molpro section                    2142.2    (Orbital set 2)



 **********************************************************************************************************************************
 DATASETS  * FILE   NREC   LENGTH (MB)   RECORD NAMES
              1      19        7.01       500      610      700      900      950      970     1001      129      960     1100   
                                          VAR    BASINP    GEOM    SYMINP    ZMAT    AOBASIS   BASIS     P2S    ABASIS      S 
                                         1400     1410     1200     1210     1080     1600     1650     1700     1380   
                                           T        V       H0       H01     AOSYM     SMH    MOLCAS    OPER     JKOP   

              2       7        0.72       700     1000     2100     2140     2141     1001     2142   
                                         GEOM     BASIS     RHF     MCSCF    MCSCF    BASIS    MCSCF   

 PROGRAMS   *        TOTAL     MULTI       INT     MULTI       INT     MULTI        HF       INT
 CPU TIMES  *         2.26      1.06      0.35      0.49      0.05      0.09      0.03      0.08
 REAL TIME  *        10.03 SEC
 DISK USED  *       124.92 MB      
 SF USED    *        22.64 MB      
 GA USED    *         0.00 MB       (max)       0.00 MB       (current)
 **********************************************************************************************************************************

1PROGRAM * RS2C (Multireference RS Perturbation Theory)     Authors: H.-J. Werner (1993), P. Celani (1998)


 Level shift= 0.20

 There are only all-active singles.
 Contracted Singles code is turned off.


 Convergence thresholds:  THRVAR = 1.00D-08  THRDEN = 1.00D-06

 Number of optimized states:  1  Roots:   1
 Number of reference states:  1  Roots:   1

 Reference symmetry:                   1   Singlet 
 Number of electrons:                 10
 Maximum number of shells:             5
 Maximum number of spin couplings:    14

 Reference space:     1107 conf     1764 CSFs
 N elec internal:     1107 conf     1764 CSFs
 N-1 el internal:     1016 conf     2352 CSFs
 N-2 el internal:      784 conf     2688 CSFs

 Number of electrons in valence space:                      8
 Maximum number of open shell orbitals in reference space:  8
 Maximum number of open shell orbitals in internal spaces:  8


 Number of core orbitals:           1 (   1 )
 Number of active  orbitals:        8 (   8 )
 Number of external orbitals:      77 (  77 )

 Molecular orbitals read from record     2142.2  Type=MCSCF/NATURAL (state 1.1)

 Coulomb and exchange operators available. No transformation done.

 Number of p-space configurations:   7

 Reference wavefunction optimized for reference space (refopt=1)

 State     Reference Energy 
   1         -40.13528234

 Number of blocks in overlap matrix:     2   Smallest eigenvalue:  0.14D-03
 Number of N-2 electron functions:      64
 Number of N-1 electron functions:    2352

 Number of internal configurations:                 1764
 Number of singly external configurations:        181104
 Number of doubly external configurations:        190036
 Total number of contracted configurations:       372904
 Total number of uncontracted configurations:    8138508

 Weight factors for SA-density in H0:    1.000000

 FIMAX=  0.37D-01  FXMAX=  0.34D-07  DIAG=  F  F  NOREF=1  NOINT=0  IHPPD=2

 Nuclear energy:                      11.03920047
 Core energy:                        -35.60316132
 Zeroth-order valence energy:         -4.26676148
 Zeroth-order total energy:          -28.83072232
 First-order energy:                 -11.30456002

 There are only all-active singles.
 Contracted Singles code is turned off.


 Using uncontracted singles

 noint is 2

 Diagonal Coupling coefficients finished.               Storage:   20018 words, CPU-Time:      0.00 seconds.
 Energy denominators for pairs finished in 0 passes.    Storage:   23085 words, CPU-time:      0.00 seconds.

 A level shift of 0.20 is applied.

  ITER. STATE  ROOT     SQ.NORM     CORR.ENERGY   TOTAL ENERGY   ENERGY CHANGE       DEN1      VAR(S)    VAR(P)      TIME
    1     1     1     1.01293876    -0.00258775   -40.13787009    -0.00258775    -0.10629316  0.13D-01  0.17D-01     0.36
    2     1     1     1.03011484    -0.11285964   -40.24814198    -0.11027189    -0.00110346  0.68D-04  0.24D-03     0.65
    3     1     1     1.03104776    -0.11403006   -40.24931240    -0.00117042    -0.00077498  0.12D-04  0.16D-05     0.95
    4     1     1     1.03117808    -0.11409140   -40.24937374    -0.00006134    -0.00002172  0.86D-07  0.43D-06     1.24
    5     1     1     1.03122537    -0.11410236   -40.24938470    -0.00001096    -0.00002846  0.26D-07  0.30D-08     1.54
    6     1     1     1.03123030    -0.11410341   -40.24938575    -0.00000106    -0.00000109  0.20D-09  0.10D-08     1.84
    7     1     1     1.03123239    -0.11410383   -40.24938617    -0.00000042    -0.00000123  0.68D-10  0.82D-11     2.14
    8     1     1     1.03123261    -0.11410388   -40.24938622    -0.00000004    -0.00000006  0.62D-12  0.28D-11     2.43

 Energies without level shift correction:

    8     1     1     1.03123261    -0.10785736   -40.24313970

 Energy contributions for state 1.1:
 ===================================

            Energy contr.      SQ.Norm of FOWF
 Space I      0.00000000         -0.00000000
 Space S     -0.03746505          0.01395920
 Space P     -0.07039231          0.01727341


 =====================================
 Analysis of CPU times by interactions
 =====================================

       I      S      P

 I   1.2%
 S   1.2%   8.2%
 P   2.5%  72.8%   2.9%

 Initialization:   9.9%
 Other:            1.2%

 Total CPU:        2.4 seconds
 =====================================



 Reference coefficients greater than 0.0500000
 =============================================
 22220000           0.7795187
 22202000          -0.5980849
 /22\/\00          -0.0587817
 /2\20/\0           0.0511533
 /\220/0\          -0.0511529



 RESULTS FOR STATE 1.1
 =====================

 Coefficient of reference function:   C(0) = 1.00000000 (fixed)   1.00000000 (relaxed)

 Energy contributions of configuration classes

 CLASS          SQ.NORM        ECORR1        ECORR2
 +++++++++++++++++++++++++++++++++++++++++++++++++++
 Internals   -0.00000000    0.00000000    0.11410380
 Singles      0.01395920   -0.03746504   -0.07926964
 Pairs        0.01727341   -0.07039225   -0.14893805
 Total        1.03123261   -0.10785728   -0.11410388
 +++++++++++++++++++++++++++++++++++++++++++++++++++


 Reference energy                     -40.13528234
 Nuclear energy                        11.03920047
 Kinetic energy                        40.16789390
 One electron energy                  -74.72322003
 Two electron energy                   23.43463333
 Virial quotient                       -1.00202879
 Correlation energy                    -0.11410388
 !RSPT2 STATE 1.1 Energy              -40.249386219459

 !RSPT2 STATE 1.1 Dipole moment         0.00000046     0.00000114     0.09888787
 Dipole moment /Debye                   0.00000117     0.00000290     0.25133145


 **********************************************************************************************************************************
 DATASETS  * FILE   NREC   LENGTH (MB)   RECORD NAMES
              1      19        7.01       500      610      700      900      950      970     1001      129      960     1100   
                                          VAR    BASINP    GEOM    SYMINP    ZMAT    AOBASIS   BASIS     P2S    ABASIS      S 
                                         1400     1410     1200     1210     1080     1600     1650     1700     1380   
                                           T        V       H0       H01     AOSYM     SMH    MOLCAS    OPER     JKOP   

              2       7        0.72       700     1000     2100     2140     2141     1001     2142   
                                         GEOM     BASIS     RHF     MCSCF    MCSCF    BASIS    MCSCF   

 PROGRAMS   *        TOTAL      RS2C     MULTI       INT     MULTI       INT     MULTI        HF       INT
 CPU TIMES  *         4.90      2.64      1.06      0.35      0.49      0.05      0.09      0.03      0.08
 REAL TIME  *        13.95 SEC
 DISK USED  *       124.92 MB      
 SF USED    *        22.64 MB      
 GA USED    *         0.00 MB       (max)       0.00 MB       (current)
 **********************************************************************************************************************************
 SETTING CBSEN          =       -40.24938622  AU                              

 Dump information in style MOLDEN to molpro.molden                                                                   

 Molecular orbitals read from record     2142.2  Type=MCSCF/NATURAL (state 1.1)
 Occupation numbers read from record     2142.2  Type=MCSCF/NATURAL (state 1.1)
 Orbital energies read from record       2142.2  Type=MCSCF/NATURAL (state 1.1)
 Redundancy group numbers read from rec  2142.2  Type=MCSCF/NATURAL (state 1.1)
 
 DUMP ORBITAL  1.1 AS ORBITAL    1  occ=    2.0000  eig=  -11.2131  GROUP=   2
 DUMP ORBITAL  2.1 AS ORBITAL    2  occ=    1.9812  eig=   -0.8908  GROUP=   3
 DUMP ORBITAL  3.1 AS ORBITAL    3  occ=    1.9776  eig=   -0.5656  GROUP=   3
 DUMP ORBITAL  4.1 AS ORBITAL    4  occ=    1.9776  eig=   -0.5656  GROUP=   3
 DUMP ORBITAL  5.1 AS ORBITAL    5  occ=    1.2569  eig=   -0.1899  GROUP=   3
 DUMP ORBITAL  6.1 AS ORBITAL    6  occ=    0.7432  eig=   -0.0943  GROUP=   3
 DUMP ORBITAL  7.1 AS ORBITAL    7  occ=    0.0243  eig=    0.5941  GROUP=   3
 DUMP ORBITAL  8.1 AS ORBITAL    8  occ=    0.0196  eig=    0.7487  GROUP=   3
 DUMP ORBITAL  9.1 AS ORBITAL    9  occ=    0.0196  eig=    0.7487  GROUP=   3

 Total charge:      10.000000

 **********************************************************************************************************************************

        RS2C            MULTI           MULTI           MULTI           HF-SCF  
    -40.24938622    -40.13528234    -40.12259832    -40.13158721    -40.09065287
 **********************************************************************************************************************************
 Variable memory released
