Wells (G - ground energy, D - dissociation limit, kcal/mol):
      Name        G        D
     REACS      0.0    101.3

Bimolecular Products (G - ground energy, kcal/mol):
      Name        G
     PRODS    108.7

Well-to-Bimolecular Barriers (H/G - barrier height/well depth, kcal/mol)
      Name        H     Well        G  Product
        TS    101.3    REACS      0.0    PRODS

________________________________________________________________________________________

Unimolecular Rate Units: 1/sec;  Bimolecular Rate Units: cm^3/sec

______________________________________________________________________________________

Species-Species Rate Tables:

Temperature = 300 K

High Pressure Rate Coefficients:

From\To         REACS        PRODS
REACS             ***  1.11903e-60
PRODS     1.55241e-06          ***

Temperature = 300 K    Pressure = 1 atm

From\To         REACS        PRODS
REACS     1.11877e-60  1.11877e-60
PRODS     1.55205e-06  1.55205e-06

Temperature = 300 K    Pressure = 10 atm

From\To         REACS        PRODS
REACS     1.11914e-60  1.11914e-60
PRODS     1.55257e-06  1.55257e-06

Temperature = 300 K    Pressure = 100 atm

From\To         REACS        PRODS
REACS     1.11918e-60  1.11918e-60
PRODS     1.55262e-06  1.55262e-06

Temperature = 300 K    Pressure = 1000 atm

From\To         REACS        PRODS
REACS     1.11919e-60  1.11919e-60
PRODS     1.55262e-06  1.55262e-06

Temperature = 300 K    Pressure = 10000 atm

From\To         REACS        PRODS
REACS     1.11919e-60  1.11919e-60
PRODS     1.55262e-06  1.55262e-06

Temperature = 400 K

High Pressure Rate Coefficients:

From\To         REACS        PRODS
REACS             ***  5.48201e-42
PRODS     7.77609e-08          ***

Temperature = 400 K    Pressure = 1 atm

From\To         REACS        PRODS
REACS     5.47209e-42  5.47209e-42
PRODS     7.76202e-08  7.76202e-08

Temperature = 400 K    Pressure = 10 atm

From\To         REACS        PRODS
REACS     5.48255e-42  5.48255e-42
PRODS     7.77685e-08  7.77685e-08

Temperature = 400 K    Pressure = 100 atm

From\To         REACS        PRODS
REACS     5.48363e-42  5.48363e-42
PRODS     7.77839e-08  7.77839e-08

Temperature = 400 K    Pressure = 1000 atm

From\To         REACS        PRODS
REACS     5.48374e-42  5.48374e-42
PRODS     7.77854e-08  7.77854e-08

Temperature = 400 K    Pressure = 10000 atm

From\To         REACS        PRODS
REACS     5.48375e-42  5.48375e-42
PRODS     7.77856e-08  7.77856e-08

Temperature = 500 K

High Pressure Rate Coefficients:

From\To         REACS        PRODS
REACS             ***  1.02763e-30
PRODS      1.3761e-08          ***

Temperature = 500 K    Pressure = 1 atm

From\To         REACS        PRODS
REACS     1.01892e-30  1.01892e-30
PRODS     1.36443e-08  1.36443e-08

Temperature = 500 K    Pressure = 10 atm

From\To         REACS        PRODS
REACS     1.02705e-30  1.02705e-30
PRODS     1.37532e-08  1.37532e-08

Temperature = 500 K    Pressure = 100 atm

From\To         REACS        PRODS
REACS     1.02797e-30  1.02797e-30
PRODS     1.37655e-08  1.37655e-08

Temperature = 500 K    Pressure = 1000 atm

From\To         REACS        PRODS
REACS     1.02806e-30  1.02806e-30
PRODS     1.37668e-08  1.37668e-08

Temperature = 500 K    Pressure = 10000 atm

From\To         REACS        PRODS
REACS     1.02807e-30  1.02807e-30
PRODS     1.37669e-08  1.37669e-08

Temperature = 600 K

High Pressure Rate Coefficients:

From\To         REACS        PRODS
REACS             ***   3.6578e-23
PRODS      4.5418e-09          ***

Temperature = 600 K    Pressure = 1 atm

From\To         REACS        PRODS
REACS     3.55921e-23  3.55921e-23
PRODS     4.41939e-09  4.41939e-09

Temperature = 600 K    Pressure = 10 atm

From\To         REACS        PRODS
REACS     3.64684e-23  3.64684e-23
PRODS     4.52819e-09  4.52819e-09

Temperature = 600 K    Pressure = 100 atm

From\To         REACS        PRODS
REACS     3.65859e-23  3.65859e-23
PRODS     4.54278e-09  4.54278e-09

Temperature = 600 K    Pressure = 1000 atm

From\To         REACS        PRODS
REACS     3.65984e-23  3.65984e-23
PRODS     4.54433e-09  4.54433e-09

Temperature = 600 K    Pressure = 10000 atm

From\To         REACS        PRODS
REACS     3.65996e-23  3.65996e-23
PRODS     4.54449e-09  4.54449e-09

Temperature = 700 K

High Pressure Rate Coefficients:

From\To         REACS        PRODS
REACS             ***  9.55435e-18
PRODS     2.12843e-09          ***

Temperature = 700 K    Pressure = 1 atm

From\To         REACS        PRODS
REACS     8.93359e-18  8.93359e-18
PRODS     1.99015e-09  1.99015e-09

Temperature = 700 K    Pressure = 10 atm

From\To         REACS        PRODS
REACS     9.46043e-18  9.46043e-18
PRODS     2.10751e-09  2.10751e-09

Temperature = 700 K    Pressure = 100 atm

From\To         REACS        PRODS
REACS      9.5492e-18   9.5492e-18
PRODS     2.12729e-09  2.12729e-09

Temperature = 700 K    Pressure = 1000 atm

From\To         REACS        PRODS
REACS     9.55953e-18  9.55953e-18
PRODS     2.12959e-09  2.12959e-09

Temperature = 700 K    Pressure = 10000 atm

From\To         REACS        PRODS
REACS     9.56059e-18  9.56059e-18
PRODS     2.12982e-09  2.12982e-09

Temperature = 800 K

High Pressure Rate Coefficients:

From\To         REACS        PRODS
REACS             ***  1.14382e-13
PRODS     1.23694e-09          ***

Temperature = 800 K    Pressure = 1 atm

From\To         REACS        PRODS
REACS     9.99346e-14  9.99346e-14
PRODS      1.0807e-09   1.0807e-09

Temperature = 800 K    Pressure = 10 atm

From\To         REACS        PRODS
REACS      1.1155e-13   1.1155e-13
PRODS      1.2063e-09   1.2063e-09

Temperature = 800 K    Pressure = 100 atm

From\To         REACS        PRODS
REACS     1.14077e-13  1.14077e-13
PRODS     1.23363e-09  1.23363e-09

Temperature = 800 K    Pressure = 1000 atm

From\To         REACS        PRODS
REACS     1.14413e-13  1.14413e-13
PRODS     1.23727e-09  1.23727e-09

Temperature = 800 K    Pressure = 10000 atm

From\To         REACS        PRODS
REACS     1.14449e-13  1.14449e-13
PRODS     1.23766e-09  1.23766e-09

Temperature = 900 K

High Pressure Rate Coefficients:

From\To         REACS        PRODS
REACS             ***  1.74138e-10
PRODS     8.27434e-10          ***

Temperature = 900 K    Pressure = 1 atm

From\To         REACS        PRODS
REACS     1.37845e-10  1.37845e-10
PRODS     6.54982e-10  6.54982e-10

Temperature = 900 K    Pressure = 10 atm

From\To         REACS        PRODS
REACS     1.65181e-10  1.65181e-10
PRODS     7.84872e-10  7.84872e-10

Temperature = 900 K    Pressure = 100 atm

From\To         REACS        PRODS
REACS     1.72884e-10  1.72884e-10
PRODS     8.21473e-10  8.21473e-10

Temperature = 900 K    Pressure = 1000 atm

From\To         REACS        PRODS
REACS     1.74099e-10  1.74099e-10
PRODS     8.27246e-10  8.27246e-10

Temperature = 900 K    Pressure = 10000 atm

From\To         REACS        PRODS
REACS     1.74236e-10  1.74236e-10
PRODS     8.27897e-10  8.27897e-10

Temperature = 1000 K

High Pressure Rate Coefficients:

From\To         REACS        PRODS
REACS             ***   6.2297e-08
PRODS      6.0957e-10          ***

Temperature = 1000 K    Pressure = 1 atm

From\To         REACS        PRODS
REACS      4.3343e-08   4.3343e-08
PRODS     4.24106e-10  4.24106e-10

Temperature = 1000 K    Pressure = 10 atm

From\To         REACS        PRODS
REACS     5.65423e-08  5.65423e-08
PRODS      5.5326e-10   5.5326e-10

Temperature = 1000 K    Pressure = 100 atm

From\To         REACS        PRODS
REACS     6.13074e-08  6.13074e-08
PRODS     5.99886e-10  5.99886e-10

Temperature = 1000 K    Pressure = 1000 atm

From\To         REACS        PRODS
REACS     6.22173e-08  6.22173e-08
PRODS      6.0879e-10   6.0879e-10

Temperature = 1000 K    Pressure = 10000 atm

From\To         REACS        PRODS
REACS     6.23292e-08  6.23292e-08
PRODS     6.09885e-10  6.09885e-10

Temperature = 1100 K

High Pressure Rate Coefficients:

From\To         REACS        PRODS
REACS             ***  7.74885e-06
PRODS     4.81009e-10          ***

Temperature = 1100 K    Pressure = 1 atm

From\To         REACS        PRODS
REACS     4.60901e-06  4.60901e-06
PRODS     2.86104e-10  2.86104e-10

Temperature = 1100 K    Pressure = 10 atm

From\To         REACS        PRODS
REACS      6.6034e-06   6.6034e-06
PRODS     4.09905e-10  4.09905e-10

Temperature = 1100 K    Pressure = 100 atm

From\To         REACS        PRODS
REACS     7.51066e-06  7.51066e-06
PRODS     4.66224e-10  4.66224e-10

Temperature = 1100 K    Pressure = 1000 atm

From\To         REACS        PRODS
REACS     7.72221e-06  7.72221e-06
PRODS     4.79355e-10  4.79355e-10

Temperature = 1100 K    Pressure = 10000 atm

From\To         REACS        PRODS
REACS     7.75129e-06  7.75129e-06
PRODS      4.8116e-10   4.8116e-10

Temperature = 1200 K

High Pressure Rate Coefficients:

From\To         REACS        PRODS
REACS             ***  0.000435458
PRODS     3.99195e-10          ***

Temperature = 1200 K    Pressure = 1 atm

From\To         REACS        PRODS
REACS      0.00021619   0.00021619
PRODS     1.98187e-10  1.98187e-10

Temperature = 1200 K    Pressure = 10 atm

From\To         REACS        PRODS
REACS     0.000341591  0.000341591
PRODS     3.13145e-10  3.13145e-10

Temperature = 1200 K    Pressure = 100 atm

From\To         REACS        PRODS
REACS      0.00041217   0.00041217
PRODS     3.77846e-10  3.77846e-10

Temperature = 1200 K    Pressure = 1000 atm

From\To         REACS        PRODS
REACS     0.000432259  0.000432259
PRODS     3.96263e-10  3.96263e-10

Temperature = 1200 K    Pressure = 10000 atm

From\To         REACS        PRODS
REACS     0.000435405  0.000435405
PRODS     3.99146e-10  3.99146e-10

Temperature = 1300 K

High Pressure Rate Coefficients:

From\To         REACS        PRODS
REACS             ***      0.01326
PRODS     3.44112e-10          ***

Temperature = 1300 K    Pressure = 1 atm

From\To         REACS        PRODS
REACS      0.00538609   0.00538609
PRODS     1.39776e-10  1.39776e-10

Temperature = 1300 K    Pressure = 10 atm

From\To         REACS        PRODS
REACS       0.0093913    0.0093913
PRODS     2.43715e-10  2.43715e-10

Temperature = 1300 K    Pressure = 100 atm

From\To         REACS        PRODS
REACS       0.0121307    0.0121307
PRODS     3.14805e-10  3.14805e-10

Temperature = 1300 K    Pressure = 1000 atm

From\To         REACS        PRODS
REACS       0.0130771    0.0130771
PRODS     3.39366e-10  3.39366e-10

Temperature = 1300 K    Pressure = 10000 atm

From\To         REACS        PRODS
REACS        0.013248     0.013248
PRODS     3.43802e-10  3.43802e-10

Temperature = 1400 K

High Pressure Rate Coefficients:

From\To         REACS        PRODS
REACS             ***     0.249204
PRODS     3.05407e-10          ***

Temperature = 1400 K    Pressure = 1 atm

From\To         REACS        PRODS
REACS        0.081475     0.081475
PRODS     9.98497e-11  9.98497e-11

Temperature = 1400 K    Pressure = 10 atm

From\To         REACS        PRODS
REACS        0.156491     0.156491
PRODS     1.91784e-10  1.91784e-10

Temperature = 1400 K    Pressure = 100 atm

From\To         REACS        PRODS
REACS        0.217802     0.217802
PRODS     2.66922e-10  2.66922e-10

Temperature = 1400 K    Pressure = 1000 atm

From\To         REACS        PRODS
REACS        0.243292     0.243292
PRODS     2.98161e-10  2.98161e-10

Temperature = 1400 K    Pressure = 10000 atm

From\To         REACS        PRODS
REACS        0.248642     0.248642
PRODS     3.04717e-10  3.04717e-10

Temperature = 1500 K

High Pressure Rate Coefficients:

From\To         REACS        PRODS
REACS             ***      3.18081
PRODS     2.77307e-10          ***

Temperature = 1500 K    Pressure = 1 atm

From\To         REACS        PRODS
REACS        0.826219     0.826219
PRODS     7.20308e-11  7.20308e-11

Temperature = 1500 K    Pressure = 10 atm

From\To         REACS        PRODS
REACS         1.74236      1.74236
PRODS     1.51901e-10  1.51901e-10

Temperature = 1500 K    Pressure = 100 atm

From\To         REACS        PRODS
REACS         2.62358      2.62358
PRODS     2.28727e-10  2.28727e-10

Temperature = 1500 K    Pressure = 1000 atm

From\To         REACS        PRODS
REACS         3.06006      3.06006
PRODS      2.6678e-10   2.6678e-10

Temperature = 1500 K    Pressure = 10000 atm

From\To         REACS        PRODS
REACS         3.16681      3.16681
PRODS     2.76087e-10  2.76087e-10

Temperature = 1600 K

High Pressure Rate Coefficients:

From\To         REACS        PRODS
REACS             ***      29.6294
PRODS     2.56393e-10          ***

Temperature = 1600 K    Pressure = 1 atm

From\To         REACS        PRODS
REACS         6.05247      6.05247
PRODS     5.23741e-11  5.23741e-11

Temperature = 1600 K    Pressure = 10 atm

From\To         REACS        PRODS
REACS         13.9555      13.9555
PRODS     1.20762e-10  1.20762e-10

Temperature = 1600 K    Pressure = 100 atm

From\To         REACS        PRODS
REACS         22.7803      22.7803
PRODS     1.97125e-10  1.97125e-10

Temperature = 1600 K    Pressure = 1000 atm

From\To         REACS        PRODS
REACS         27.9339      27.9339
PRODS     2.41721e-10  2.41721e-10

Temperature = 1600 K    Pressure = 10000 atm

From\To         REACS        PRODS
REACS         29.4021      29.4021
PRODS     2.54426e-10  2.54426e-10

Temperature = 1700 K

High Pressure Rate Coefficients:

From\To         REACS        PRODS
REACS             ***      212.836
PRODS     2.40534e-10          ***

Temperature = 1700 K    Pressure = 1 atm

From\To         REACS        PRODS
REACS         33.9205      33.9205
PRODS     3.83348e-11  3.83348e-11

Temperature = 1700 K    Pressure = 10 atm

From\To         REACS        PRODS
REACS         85.1297      85.1297
PRODS     9.62082e-11  9.62082e-11

Temperature = 1700 K    Pressure = 100 atm

From\To         REACS        PRODS
REACS         150.703      150.703
PRODS     1.70315e-10  1.70315e-10

Temperature = 1700 K    Pressure = 1000 atm

From\To         REACS        PRODS
REACS         195.397      195.397
PRODS     2.20825e-10  2.20825e-10

Temperature = 1700 K    Pressure = 10000 atm

From\To         REACS        PRODS
REACS         210.189      210.189
PRODS     2.37543e-10  2.37543e-10

Temperature = 1800 K

High Pressure Rate Coefficients:

From\To         REACS        PRODS
REACS             ***      1230.71
PRODS     2.28345e-10          ***

Temperature = 1800 K    Pressure = 1 atm

From\To         REACS        PRODS
REACS         152.113      152.113
PRODS     2.82229e-11  2.82229e-11

Temperature = 1800 K    Pressure = 10 atm

From\To         REACS        PRODS
REACS           413.6        413.6
PRODS     7.67388e-11  7.67388e-11

Temperature = 1800 K    Pressure = 100 atm

From\To         REACS        PRODS
REACS         793.424      793.424
PRODS     1.47211e-10  1.47211e-10

Temperature = 1800 K    Pressure = 1000 atm

From\To         REACS        PRODS
REACS         1092.64      1092.64
PRODS     2.02728e-10  2.02728e-10

Temperature = 1800 K    Pressure = 10000 atm

From\To         REACS        PRODS
REACS         1207.23      1207.23
PRODS     2.23988e-10  2.23988e-10

Temperature = 1900 K

High Pressure Rate Coefficients:

From\To         REACS        PRODS
REACS             ***      5926.61
PRODS     2.18893e-10          ***

Temperature = 1900 K    Pressure = 1 atm

From\To         REACS        PRODS
REACS         565.598      565.598
PRODS     2.08897e-11  2.08897e-11

Temperature = 1900 K    Pressure = 10 atm

From\To         REACS        PRODS
REACS         1658.57      1658.57
PRODS     6.12572e-11  6.12572e-11

Temperature = 1900 K    Pressure = 100 atm

From\To         REACS        PRODS
REACS          3442.1       3442.1
PRODS      1.2713e-10   1.2713e-10

Temperature = 1900 K    Pressure = 1000 atm

From\To         REACS        PRODS
REACS         5051.29      5051.29
PRODS     1.86564e-10  1.86564e-10

Temperature = 1900 K    Pressure = 10000 atm

From\To         REACS        PRODS
REACS         5760.76      5760.76
PRODS     2.12767e-10  2.12767e-10

Temperature = 2000 K

High Pressure Rate Coefficients:

From\To         REACS        PRODS
REACS             ***      24424.1
PRODS     2.11531e-10          ***

Temperature = 2000 K    Pressure = 1 atm

From\To         REACS        PRODS
REACS         1794.08      1794.08
PRODS      1.5538e-11   1.5538e-11

Temperature = 2000 K    Pressure = 10 atm

From\To         REACS        PRODS
REACS         5649.18      5649.18
PRODS     4.89259e-11  4.89259e-11

Temperature = 2000 K    Pressure = 100 atm

From\To         REACS        PRODS
REACS         12655.7      12655.7
PRODS     1.09608e-10  1.09608e-10

Temperature = 2000 K    Pressure = 1000 atm

From\To         REACS        PRODS
REACS         19834.7      19834.7
PRODS     1.71783e-10  1.71783e-10

Temperature = 2000 K    Pressure = 10000 atm

From\To         REACS        PRODS
REACS         23459.2      23459.2
PRODS     2.03174e-10  2.03174e-10

Temperature = 2100 K

High Pressure Rate Coefficients:

From\To         REACS        PRODS
REACS             ***      88060.3
PRODS     2.05798e-10          ***

Temperature = 2100 K    Pressure = 1 atm

From\To         REACS        PRODS
REACS         4968.26      4968.26
PRODS     1.16107e-11  1.16107e-11

Temperature = 2100 K    Pressure = 10 atm

From\To         REACS        PRODS
REACS           16729        16729
PRODS     3.90956e-11  3.90956e-11

Temperature = 2100 K    Pressure = 100 atm

From\To         REACS        PRODS
REACS         40353.4      40353.4
PRODS     9.43065e-11  9.43065e-11

Temperature = 2100 K    Pressure = 1000 atm

From\To         REACS        PRODS
REACS           67629      67628.9
PRODS      1.5805e-10   1.5805e-10

Temperature = 2100 K    Pressure = 10000 atm

From\To         REACS        PRODS
REACS         83310.6      83310.6
PRODS     1.94698e-10  1.94698e-10

Temperature = 2200 K

High Pressure Rate Coefficients:

From\To         REACS        PRODS
REACS             ***       282842
PRODS     2.01358e-10          ***

Temperature = 2200 K    Pressure = 1 atm

From\To         REACS        PRODS
REACS           12242        12242
PRODS     8.71477e-12  8.71477e-12

Temperature = 2200 K    Pressure = 10 atm

From\To         REACS        PRODS
REACS         43908.1      43908.1
PRODS     3.12582e-11  3.12582e-11

Temperature = 2200 K    Pressure = 100 atm

From\To         REACS        PRODS
REACS          113729       113729
PRODS     8.09646e-11  8.09646e-11

Temperature = 2200 K    Pressure = 1000 atm

From\To         REACS        PRODS
REACS          203913       203913
PRODS     1.45167e-10  1.45167e-10

Temperature = 2200 K    Pressure = 10000 atm

From\To         REACS        PRODS
REACS          262629       262629
PRODS     1.86968e-10  1.86968e-10

Temperature = 2300 K

High Pressure Rate Coefficients:

From\To         REACS        PRODS
REACS             ***       821501
PRODS      1.9796e-10          ***

Temperature = 2300 K    Pressure = 1 atm

From\To         REACS        PRODS
REACS           27265        27265
PRODS     6.56938e-12  6.56938e-12

Temperature = 2300 K    Pressure = 10 atm

From\To         REACS        PRODS
REACS          103783       103783
PRODS      2.5008e-11   2.5008e-11

Temperature = 2300 K    Pressure = 100 atm

From\To         REACS        PRODS
REACS          287828       287828
PRODS     6.93583e-11  6.93583e-11

Temperature = 2300 K    Pressure = 1000 atm

From\To         REACS        PRODS
REACS          552032       552032
PRODS     1.33025e-10  1.33025e-10

Temperature = 2300 K    Pressure = 10000 atm

From\To         REACS        PRODS
REACS          745771       745771
PRODS     1.79711e-10  1.79711e-10

Temperature = 2400 K

High Pressure Rate Coefficients:

From\To         REACS        PRODS
REACS             ***  2.18471e+06
PRODS     1.95414e-10          ***

Temperature = 2400 K    Pressure = 1 atm

From\To         REACS        PRODS
REACS         55617.2      55617.2
PRODS     4.97346e-12  4.97346e-12

Temperature = 2400 K    Pressure = 10 atm

From\To         REACS        PRODS
REACS          223884       223884
PRODS     2.00238e-11  2.00238e-11

Temperature = 2400 K    Pressure = 100 atm

From\To         REACS        PRODS
REACS          662901       662901
PRODS     5.92928e-11  5.92928e-11

Temperature = 2400 K    Pressure = 1000 atm

From\To         REACS        PRODS
REACS     1.35913e+06  1.35913e+06
PRODS     1.21568e-10  1.21568e-10

Temperature = 2400 K    Pressure = 10000 atm

From\To         REACS        PRODS
REACS     1.93113e+06  1.93113e+06
PRODS     1.72732e-10  1.72732e-10

Temperature = 2500 K

High Pressure Rate Coefficients:

From\To         REACS        PRODS
REACS             ***  5.37604e+06
PRODS     1.93573e-10          ***

Temperature = 2500 K    Pressure = 1 atm

From\To         REACS        PRODS
REACS          105083       105083
PRODS     3.78164e-12  3.78164e-12

Temperature = 2500 K    Pressure = 10 atm

From\To         REACS        PRODS
REACS          445808       445808
PRODS      1.6049e-11   1.6049e-11

Temperature = 2500 K    Pressure = 100 atm

From\To         REACS        PRODS
REACS     1.40512e+06  1.40512e+06
PRODS     5.05915e-11  5.05915e-11

Temperature = 2500 K    Pressure = 1000 atm

From\To         REACS        PRODS
REACS     3.07647e+06  3.07647e+06
PRODS     1.10773e-10  1.10773e-10

Temperature = 2500 K    Pressure = 10000 atm

From\To         REACS        PRODS
REACS     4.60732e+06  4.60732e+06
PRODS     1.65894e-10  1.65894e-10

______________________________________________________________________________________

High Pressure Rate Coefficients (Temperature-Species Rate Tables):

   T(K) REACS->REACS REACS->PRODS
    300          ***  1.11903e-60
    400          ***  5.48201e-42
    500          ***  1.02763e-30
    600          ***   3.6578e-23
    700          ***  9.55435e-18
    800          ***  1.14382e-13
    900          ***  1.74138e-10
   1000          ***   6.2297e-08
   1100          ***  7.74885e-06
   1200          ***  0.000435458
   1300          ***      0.01326
   1400          ***     0.249204
   1500          ***      3.18081
   1600          ***      29.6294
   1700          ***      212.836
   1800          ***      1230.71
   1900          ***      5926.61
   2000          ***      24424.1
   2100          ***      88060.3
   2200          ***       282842
   2300          ***       821501
   2400          ***  2.18471e+06
   2500          ***  5.37604e+06

   T(K) PRODS->REACS PRODS->PRODS
    300  1.55241e-06          ***
    400  7.77609e-08          ***
    500   1.3761e-08          ***
    600   4.5418e-09          ***
    700  2.12843e-09          ***
    800  1.23694e-09          ***
    900  8.27434e-10          ***
   1000   6.0957e-10          ***
   1100  4.81009e-10          ***
   1200  3.99195e-10          ***
   1300  3.44112e-10          ***
   1400  3.05407e-10          ***
   1500  2.77307e-10          ***
   1600  2.56393e-10          ***
   1700  2.40534e-10          ***
   1800  2.28345e-10          ***
   1900  2.18893e-10          ***
   2000  2.11531e-10          ***
   2100  2.05798e-10          ***
   2200  2.01358e-10          ***
   2300   1.9796e-10          ***
   2400  1.95414e-10          ***
   2500  1.93573e-10          ***

Capture/Escape Rate Coefficients:

   T(K)        REACS        PRODS
    300  1.11903e-60  1.55241e-06
    400  5.48201e-42  7.77609e-08
    500  1.02763e-30   1.3761e-08
    600   3.6578e-23   4.5418e-09
    700  9.55435e-18  2.12843e-09
    800  1.14382e-13  1.23694e-09
    900  1.74138e-10  8.27434e-10
   1000   6.2297e-08   6.0957e-10
   1100  7.74885e-06  4.81009e-10
   1200  0.000435458  3.99195e-10
   1300      0.01326  3.44112e-10
   1400     0.249204  3.05407e-10
   1500      3.18081  2.77307e-10
   1600      29.6294  2.56393e-10
   1700      212.836  2.40534e-10
   1800      1230.71  2.28345e-10
   1900      5926.61  2.18893e-10
   2000      24424.1  2.11531e-10
   2100      88060.3  2.05798e-10
   2200       282842  2.01358e-10
   2300       821501   1.9796e-10
   2400  2.18471e+06  1.95414e-10
   2500  5.37604e+06  1.93573e-10

______________________________________________________________________________________

Pressure-Species Rate Tables:

   Temperature = 300 K

   P(atm) REACS->PRODS      REACS->
        1  1.11877e-60  1.11877e-60
       10  1.11914e-60  1.11914e-60
      100  1.11918e-60  1.11918e-60
     1000  1.11919e-60  1.11919e-60
    10000  1.11919e-60  1.11919e-60
    O-O  1.11903e-60  1.11903e-60

   Temperature = 400 K

   P(atm) REACS->PRODS      REACS->
        1  5.47209e-42  5.47209e-42
       10  5.48255e-42  5.48255e-42
      100  5.48363e-42  5.48363e-42
     1000  5.48374e-42  5.48374e-42
    10000  5.48375e-42  5.48375e-42
    O-O  5.48201e-42  5.48201e-42

   Temperature = 500 K

   P(atm) REACS->PRODS      REACS->
        1  1.01892e-30  1.01892e-30
       10  1.02705e-30  1.02705e-30
      100  1.02797e-30  1.02797e-30
     1000  1.02806e-30  1.02806e-30
    10000  1.02807e-30  1.02807e-30
    O-O  1.02763e-30  1.02763e-30

   Temperature = 600 K

   P(atm) REACS->PRODS      REACS->
        1  3.55921e-23  3.55921e-23
       10  3.64684e-23  3.64684e-23
      100  3.65859e-23  3.65859e-23
     1000  3.65984e-23  3.65984e-23
    10000  3.65996e-23  3.65996e-23
    O-O   3.6578e-23   3.6578e-23

   Temperature = 700 K

   P(atm) REACS->PRODS      REACS->
        1  8.93359e-18  8.93359e-18
       10  9.46043e-18  9.46043e-18
      100   9.5492e-18   9.5492e-18
     1000  9.55953e-18  9.55953e-18
    10000  9.56059e-18  9.56059e-18
    O-O  9.55435e-18  9.55435e-18

   Temperature = 800 K

   P(atm) REACS->PRODS      REACS->
        1  9.99346e-14  9.99346e-14
       10   1.1155e-13   1.1155e-13
      100  1.14077e-13  1.14077e-13
     1000  1.14413e-13  1.14413e-13
    10000  1.14449e-13  1.14449e-13
    O-O  1.14382e-13  1.14382e-13

   Temperature = 900 K

   P(atm) REACS->PRODS      REACS->
        1  1.37845e-10  1.37845e-10
       10  1.65181e-10  1.65181e-10
      100  1.72884e-10  1.72884e-10
     1000  1.74099e-10  1.74099e-10
    10000  1.74236e-10  1.74236e-10
    O-O  1.74138e-10  1.74138e-10

   Temperature = 1000 K

   P(atm) REACS->PRODS      REACS->
        1   4.3343e-08   4.3343e-08
       10  5.65423e-08  5.65423e-08
      100  6.13074e-08  6.13074e-08
     1000  6.22173e-08  6.22173e-08
    10000  6.23292e-08  6.23292e-08
    O-O   6.2297e-08   6.2297e-08

   Temperature = 1100 K

   P(atm) REACS->PRODS      REACS->
        1  4.60901e-06  4.60901e-06
       10   6.6034e-06   6.6034e-06
      100  7.51066e-06  7.51066e-06
     1000  7.72221e-06  7.72221e-06
    10000  7.75129e-06  7.75129e-06
    O-O  7.74885e-06  7.74885e-06

   Temperature = 1200 K

   P(atm) REACS->PRODS      REACS->
        1   0.00021619   0.00021619
       10  0.000341591  0.000341591
      100   0.00041217   0.00041217
     1000  0.000432259  0.000432259
    10000  0.000435405  0.000435405
    O-O  0.000435458  0.000435458

   Temperature = 1300 K

   P(atm) REACS->PRODS      REACS->
        1   0.00538609   0.00538609
       10    0.0093913    0.0093913
      100    0.0121307    0.0121307
     1000    0.0130771    0.0130771
    10000     0.013248     0.013248
    O-O      0.01326      0.01326

   Temperature = 1400 K

   P(atm) REACS->PRODS      REACS->
        1     0.081475     0.081475
       10     0.156491     0.156491
      100     0.217802     0.217802
     1000     0.243292     0.243292
    10000     0.248642     0.248642
    O-O     0.249204     0.249204

   Temperature = 1500 K

   P(atm) REACS->PRODS      REACS->
        1     0.826219     0.826219
       10      1.74236      1.74236
      100      2.62358      2.62358
     1000      3.06006      3.06006
    10000      3.16681      3.16681
    O-O      3.18081      3.18081

   Temperature = 1600 K

   P(atm) REACS->PRODS      REACS->
        1      6.05247      6.05247
       10      13.9555      13.9555
      100      22.7803      22.7803
     1000      27.9339      27.9339
    10000      29.4021      29.4021
    O-O      29.6294      29.6294

   Temperature = 1700 K

   P(atm) REACS->PRODS      REACS->
        1      33.9205      33.9205
       10      85.1297      85.1297
      100      150.703      150.703
     1000      195.397      195.397
    10000      210.189      210.189
    O-O      212.836      212.836

   Temperature = 1800 K

   P(atm) REACS->PRODS      REACS->
        1      152.113      152.113
       10        413.6        413.6
      100      793.424      793.424
     1000      1092.64      1092.64
    10000      1207.23      1207.23
    O-O      1230.71      1230.71

   Temperature = 1900 K

   P(atm) REACS->PRODS      REACS->
        1      565.598      565.598
       10      1658.57      1658.57
      100       3442.1       3442.1
     1000      5051.29      5051.29
    10000      5760.76      5760.76
    O-O      5926.61      5926.61

   Temperature = 2000 K

   P(atm) REACS->PRODS      REACS->
        1      1794.08      1794.08
       10      5649.18      5649.18
      100      12655.7      12655.7
     1000      19834.7      19834.7
    10000      23459.2      23459.2
    O-O      24424.1      24424.1

   Temperature = 2100 K

   P(atm) REACS->PRODS      REACS->
        1      4968.26      4968.26
       10        16729        16729
      100      40353.4      40353.4
     1000      67628.9        67629
    10000      83310.6      83310.6
    O-O      88060.3      88060.3

   Temperature = 2200 K

   P(atm) REACS->PRODS      REACS->
        1        12242        12242
       10      43908.1      43908.1
      100       113729       113729
     1000       203913       203913
    10000       262629       262629
    O-O       282842       282842

   Temperature = 2300 K

   P(atm) REACS->PRODS      REACS->
        1        27265        27265
       10       103783       103783
      100       287828       287828
     1000       552032       552032
    10000       745771       745771
    O-O       821501       821501

   Temperature = 2400 K

   P(atm) REACS->PRODS      REACS->
        1      55617.2      55617.2
       10       223884       223884
      100       662901       662901
     1000  1.35913e+06  1.35913e+06
    10000  1.93113e+06  1.93113e+06
    O-O  2.18471e+06  2.18471e+06

   Temperature = 2500 K

   P(atm) REACS->PRODS      REACS->
        1       105083       105083
       10       445808       445808
      100  1.40512e+06  1.40512e+06
     1000  3.07647e+06  3.07647e+06
    10000  4.60732e+06  4.60732e+06
    O-O  5.37604e+06  5.37604e+06

   Temperature = 300 K

   P(atm) PRODS->REACS      PRODS->
        1  1.55205e-06  1.55205e-06
       10  1.55257e-06  1.55257e-06
      100  1.55262e-06  1.55262e-06
     1000  1.55262e-06  1.55262e-06
    10000  1.55262e-06  1.55262e-06
    O-O  1.55241e-06  1.55241e-06

   Temperature = 400 K

   P(atm) PRODS->REACS      PRODS->
        1  7.76202e-08  7.76202e-08
       10  7.77685e-08  7.77685e-08
      100  7.77839e-08  7.77839e-08
     1000  7.77854e-08  7.77854e-08
    10000  7.77856e-08  7.77856e-08
    O-O  7.77609e-08  7.77609e-08

   Temperature = 500 K

   P(atm) PRODS->REACS      PRODS->
        1  1.36443e-08  1.36443e-08
       10  1.37532e-08  1.37532e-08
      100  1.37655e-08  1.37655e-08
     1000  1.37668e-08  1.37668e-08
    10000  1.37669e-08  1.37669e-08
    O-O   1.3761e-08   1.3761e-08

   Temperature = 600 K

   P(atm) PRODS->REACS      PRODS->
        1  4.41939e-09  4.41939e-09
       10  4.52819e-09  4.52819e-09
      100  4.54278e-09  4.54278e-09
     1000  4.54433e-09  4.54433e-09
    10000  4.54449e-09  4.54449e-09
    O-O   4.5418e-09   4.5418e-09

   Temperature = 700 K

   P(atm) PRODS->REACS      PRODS->
        1  1.99015e-09  1.99015e-09
       10  2.10751e-09  2.10751e-09
      100  2.12729e-09  2.12729e-09
     1000  2.12959e-09  2.12959e-09
    10000  2.12982e-09  2.12982e-09
    O-O  2.12843e-09  2.12843e-09

   Temperature = 800 K

   P(atm) PRODS->REACS      PRODS->
        1   1.0807e-09   1.0807e-09
       10   1.2063e-09   1.2063e-09
      100  1.23363e-09  1.23363e-09
     1000  1.23727e-09  1.23727e-09
    10000  1.23766e-09  1.23766e-09
    O-O  1.23694e-09  1.23694e-09

   Temperature = 900 K

   P(atm) PRODS->REACS      PRODS->
        1  6.54982e-10  6.54982e-10
       10  7.84872e-10  7.84872e-10
      100  8.21473e-10  8.21473e-10
     1000  8.27246e-10  8.27246e-10
    10000  8.27897e-10  8.27897e-10
    O-O  8.27434e-10  8.27434e-10

   Temperature = 1000 K

   P(atm) PRODS->REACS      PRODS->
        1  4.24106e-10  4.24106e-10
       10   5.5326e-10   5.5326e-10
      100  5.99886e-10  5.99886e-10
     1000   6.0879e-10   6.0879e-10
    10000  6.09885e-10  6.09885e-10
    O-O   6.0957e-10   6.0957e-10

   Temperature = 1100 K

   P(atm) PRODS->REACS      PRODS->
        1  2.86104e-10  2.86104e-10
       10  4.09905e-10  4.09905e-10
      100  4.66224e-10  4.66224e-10
     1000  4.79355e-10  4.79355e-10
    10000   4.8116e-10   4.8116e-10
    O-O  4.81009e-10  4.81009e-10

   Temperature = 1200 K

   P(atm) PRODS->REACS      PRODS->
        1  1.98187e-10  1.98187e-10
       10  3.13145e-10  3.13145e-10
      100  3.77846e-10  3.77846e-10
     1000  3.96263e-10  3.96263e-10
    10000  3.99146e-10  3.99146e-10
    O-O  3.99195e-10  3.99195e-10

   Temperature = 1300 K

   P(atm) PRODS->REACS      PRODS->
        1  1.39776e-10  1.39776e-10
       10  2.43715e-10  2.43715e-10
      100  3.14805e-10  3.14805e-10
     1000  3.39366e-10  3.39366e-10
    10000  3.43802e-10  3.43802e-10
    O-O  3.44112e-10  3.44112e-10

   Temperature = 1400 K

   P(atm) PRODS->REACS      PRODS->
        1  9.98497e-11  9.98497e-11
       10  1.91784e-10  1.91784e-10
      100  2.66922e-10  2.66922e-10
     1000  2.98161e-10  2.98161e-10
    10000  3.04717e-10  3.04717e-10
    O-O  3.05407e-10  3.05407e-10

   Temperature = 1500 K

   P(atm) PRODS->REACS      PRODS->
        1  7.20308e-11  7.20308e-11
       10  1.51901e-10  1.51901e-10
      100  2.28727e-10  2.28727e-10
     1000   2.6678e-10   2.6678e-10
    10000  2.76087e-10  2.76087e-10
    O-O  2.77307e-10  2.77307e-10

   Temperature = 1600 K

   P(atm) PRODS->REACS      PRODS->
        1  5.23741e-11  5.23741e-11
       10  1.20762e-10  1.20762e-10
      100  1.97125e-10  1.97125e-10
     1000  2.41721e-10  2.41721e-10
    10000  2.54426e-10  2.54426e-10
    O-O  2.56393e-10  2.56393e-10

   Temperature = 1700 K

   P(atm) PRODS->REACS      PRODS->
        1  3.83348e-11  3.83348e-11
       10  9.62082e-11  9.62082e-11
      100  1.70315e-10  1.70315e-10
     1000  2.20825e-10  2.20825e-10
    10000  2.37543e-10  2.37543e-10
    O-O  2.40534e-10  2.40534e-10

   Temperature = 1800 K

   P(atm) PRODS->REACS      PRODS->
        1  2.82229e-11  2.82229e-11
       10  7.67388e-11  7.67388e-11
      100  1.47211e-10  1.47211e-10
     1000  2.02728e-10  2.02728e-10
    10000  2.23988e-10  2.23988e-10
    O-O  2.28345e-10  2.28345e-10

   Temperature = 1900 K

   P(atm) PRODS->REACS      PRODS->
        1  2.08897e-11  2.08897e-11
       10  6.12572e-11  6.12572e-11
      100   1.2713e-10   1.2713e-10
     1000  1.86564e-10  1.86564e-10
    10000  2.12767e-10  2.12767e-10
    O-O  2.18893e-10  2.18893e-10

   Temperature = 2000 K

   P(atm) PRODS->REACS      PRODS->
        1   1.5538e-11   1.5538e-11
       10  4.89259e-11  4.89259e-11
      100  1.09608e-10  1.09608e-10
     1000  1.71783e-10  1.71783e-10
    10000  2.03174e-10  2.03174e-10
    O-O  2.11531e-10  2.11531e-10

   Temperature = 2100 K

   P(atm) PRODS->REACS      PRODS->
        1  1.16107e-11  1.16107e-11
       10  3.90956e-11  3.90956e-11
      100  9.43065e-11  9.43065e-11
     1000   1.5805e-10   1.5805e-10
    10000  1.94698e-10  1.94698e-10
    O-O  2.05798e-10  2.05798e-10

   Temperature = 2200 K

   P(atm) PRODS->REACS      PRODS->
        1  8.71477e-12  8.71477e-12
       10  3.12582e-11  3.12582e-11
      100  8.09646e-11  8.09646e-11
     1000  1.45167e-10  1.45167e-10
    10000  1.86968e-10  1.86968e-10
    O-O  2.01358e-10  2.01358e-10

   Temperature = 2300 K

   P(atm) PRODS->REACS      PRODS->
        1  6.56938e-12  6.56938e-12
       10   2.5008e-11   2.5008e-11
      100  6.93583e-11  6.93583e-11
     1000  1.33025e-10  1.33025e-10
    10000  1.79711e-10  1.79711e-10
    O-O   1.9796e-10   1.9796e-10

   Temperature = 2400 K

   P(atm) PRODS->REACS      PRODS->
        1  4.97346e-12  4.97346e-12
       10  2.00238e-11  2.00238e-11
      100  5.92928e-11  5.92928e-11
     1000  1.21568e-10  1.21568e-10
    10000  1.72732e-10  1.72732e-10
    O-O  1.95414e-10  1.95414e-10

   Temperature = 2500 K

   P(atm) PRODS->REACS      PRODS->
        1  3.78164e-12  3.78164e-12
       10   1.6049e-11   1.6049e-11
      100  5.05915e-11  5.05915e-11
     1000  1.10773e-10  1.10773e-10
    10000  1.65894e-10  1.65894e-10
    O-O  1.93573e-10  1.93573e-10

______________________________________________________________________________________

Temperature-Species Rate Tables:

   Pressure = 1 atm

   T(K) REACS->PRODS      REACS->      Capture
    300  1.11877e-60  1.11877e-60  1.11903e-60
    400  5.47209e-42  5.47209e-42  5.48201e-42
    500  1.01892e-30  1.01892e-30  1.02763e-30
    600  3.55921e-23  3.55921e-23   3.6578e-23
    700  8.93359e-18  8.93359e-18  9.55435e-18
    800  9.99346e-14  9.99346e-14  1.14382e-13
    900  1.37845e-10  1.37845e-10  1.74138e-10
   1000   4.3343e-08   4.3343e-08   6.2297e-08
   1100  4.60901e-06  4.60901e-06  7.74885e-06
   1200   0.00021619   0.00021619  0.000435458
   1300   0.00538609   0.00538609      0.01326
   1400     0.081475     0.081475     0.249204
   1500     0.826219     0.826219      3.18081
   1600      6.05247      6.05247      29.6294
   1700      33.9205      33.9205      212.836
   1800      152.113      152.113      1230.71
   1900      565.598      565.598      5926.61
   2000      1794.08      1794.08      24424.1
   2100      4968.26      4968.26      88060.3
   2200        12242        12242       282842
   2300        27265        27265       821501
   2400      55617.2      55617.2  2.18471e+06
   2500       105083       105083  5.37604e+06

   Pressure = 10 atm

   T(K) REACS->PRODS      REACS->      Capture
    300  1.11914e-60  1.11914e-60  1.11903e-60
    400  5.48255e-42  5.48255e-42  5.48201e-42
    500  1.02705e-30  1.02705e-30  1.02763e-30
    600  3.64684e-23  3.64684e-23   3.6578e-23
    700  9.46043e-18  9.46043e-18  9.55435e-18
    800   1.1155e-13   1.1155e-13  1.14382e-13
    900  1.65181e-10  1.65181e-10  1.74138e-10
   1000  5.65423e-08  5.65423e-08   6.2297e-08
   1100   6.6034e-06   6.6034e-06  7.74885e-06
   1200  0.000341591  0.000341591  0.000435458
   1300    0.0093913    0.0093913      0.01326
   1400     0.156491     0.156491     0.249204
   1500      1.74236      1.74236      3.18081
   1600      13.9555      13.9555      29.6294
   1700      85.1297      85.1297      212.836
   1800        413.6        413.6      1230.71
   1900      1658.57      1658.57      5926.61
   2000      5649.18      5649.18      24424.1
   2100        16729        16729      88060.3
   2200      43908.1      43908.1       282842
   2300       103783       103783       821501
   2400       223884       223884  2.18471e+06
   2500       445808       445808  5.37604e+06

   Pressure = 100 atm

   T(K) REACS->PRODS      REACS->      Capture
    300  1.11918e-60  1.11918e-60  1.11903e-60
    400  5.48363e-42  5.48363e-42  5.48201e-42
    500  1.02797e-30  1.02797e-30  1.02763e-30
    600  3.65859e-23  3.65859e-23   3.6578e-23
    700   9.5492e-18   9.5492e-18  9.55435e-18
    800  1.14077e-13  1.14077e-13  1.14382e-13
    900  1.72884e-10  1.72884e-10  1.74138e-10
   1000  6.13074e-08  6.13074e-08   6.2297e-08
   1100  7.51066e-06  7.51066e-06  7.74885e-06
   1200   0.00041217   0.00041217  0.000435458
   1300    0.0121307    0.0121307      0.01326
   1400     0.217802     0.217802     0.249204
   1500      2.62358      2.62358      3.18081
   1600      22.7803      22.7803      29.6294
   1700      150.703      150.703      212.836
   1800      793.424      793.424      1230.71
   1900       3442.1       3442.1      5926.61
   2000      12655.7      12655.7      24424.1
   2100      40353.4      40353.4      88060.3
   2200       113729       113729       282842
   2300       287828       287828       821501
   2400       662901       662901  2.18471e+06
   2500  1.40512e+06  1.40512e+06  5.37604e+06

   Pressure = 1000 atm

   T(K) REACS->PRODS      REACS->      Capture
    300  1.11919e-60  1.11919e-60  1.11903e-60
    400  5.48374e-42  5.48374e-42  5.48201e-42
    500  1.02806e-30  1.02806e-30  1.02763e-30
    600  3.65984e-23  3.65984e-23   3.6578e-23
    700  9.55953e-18  9.55953e-18  9.55435e-18
    800  1.14413e-13  1.14413e-13  1.14382e-13
    900  1.74099e-10  1.74099e-10  1.74138e-10
   1000  6.22173e-08  6.22173e-08   6.2297e-08
   1100  7.72221e-06  7.72221e-06  7.74885e-06
   1200  0.000432259  0.000432259  0.000435458
   1300    0.0130771    0.0130771      0.01326
   1400     0.243292     0.243292     0.249204
   1500      3.06006      3.06006      3.18081
   1600      27.9339      27.9339      29.6294
   1700      195.397      195.397      212.836
   1800      1092.64      1092.64      1230.71
   1900      5051.29      5051.29      5926.61
   2000      19834.7      19834.7      24424.1
   2100      67628.9        67629      88060.3
   2200       203913       203913       282842
   2300       552032       552032       821501
   2400  1.35913e+06  1.35913e+06  2.18471e+06
   2500  3.07647e+06  3.07647e+06  5.37604e+06

   Pressure = 10000 atm

   T(K) REACS->PRODS      REACS->      Capture
    300  1.11919e-60  1.11919e-60  1.11903e-60
    400  5.48375e-42  5.48375e-42  5.48201e-42
    500  1.02807e-30  1.02807e-30  1.02763e-30
    600  3.65996e-23  3.65996e-23   3.6578e-23
    700  9.56059e-18  9.56059e-18  9.55435e-18
    800  1.14449e-13  1.14449e-13  1.14382e-13
    900  1.74236e-10  1.74236e-10  1.74138e-10
   1000  6.23292e-08  6.23292e-08   6.2297e-08
   1100  7.75129e-06  7.75129e-06  7.74885e-06
   1200  0.000435405  0.000435405  0.000435458
   1300     0.013248     0.013248      0.01326
   1400     0.248642     0.248642     0.249204
   1500      3.16681      3.16681      3.18081
   1600      29.4021      29.4021      29.6294
   1700      210.189      210.189      212.836
   1800      1207.23      1207.23      1230.71
   1900      5760.76      5760.76      5926.61
   2000      23459.2      23459.2      24424.1
   2100      83310.6      83310.6      88060.3
   2200       262629       262629       282842
   2300       745771       745771       821501
   2400  1.93113e+06  1.93113e+06  2.18471e+06
   2500  4.60732e+06  4.60732e+06  5.37604e+06

   Pressure = 1 atm

   T(K) PRODS->REACS      PRODS->      Capture
    300  1.55205e-06  1.55205e-06  1.55241e-06
    400  7.76202e-08  7.76202e-08  7.77609e-08
    500  1.36443e-08  1.36443e-08   1.3761e-08
    600  4.41939e-09  4.41939e-09   4.5418e-09
    700  1.99015e-09  1.99015e-09  2.12843e-09
    800   1.0807e-09   1.0807e-09  1.23694e-09
    900  6.54982e-10  6.54982e-10  8.27434e-10
   1000  4.24106e-10  4.24106e-10   6.0957e-10
   1100  2.86104e-10  2.86104e-10  4.81009e-10
   1200  1.98187e-10  1.98187e-10  3.99195e-10
   1300  1.39776e-10  1.39776e-10  3.44112e-10
   1400  9.98497e-11  9.98497e-11  3.05407e-10
   1500  7.20308e-11  7.20308e-11  2.77307e-10
   1600  5.23741e-11  5.23741e-11  2.56393e-10
   1700  3.83348e-11  3.83348e-11  2.40534e-10
   1800  2.82229e-11  2.82229e-11  2.28345e-10
   1900  2.08897e-11  2.08897e-11  2.18893e-10
   2000   1.5538e-11   1.5538e-11  2.11531e-10
   2100  1.16107e-11  1.16107e-11  2.05798e-10
   2200  8.71477e-12  8.71477e-12  2.01358e-10
   2300  6.56938e-12  6.56938e-12   1.9796e-10
   2400  4.97346e-12  4.97346e-12  1.95414e-10
   2500  3.78164e-12  3.78164e-12  1.93573e-10

   Pressure = 10 atm

   T(K) PRODS->REACS      PRODS->      Capture
    300  1.55257e-06  1.55257e-06  1.55241e-06
    400  7.77685e-08  7.77685e-08  7.77609e-08
    500  1.37532e-08  1.37532e-08   1.3761e-08
    600  4.52819e-09  4.52819e-09   4.5418e-09
    700  2.10751e-09  2.10751e-09  2.12843e-09
    800   1.2063e-09   1.2063e-09  1.23694e-09
    900  7.84872e-10  7.84872e-10  8.27434e-10
   1000   5.5326e-10   5.5326e-10   6.0957e-10
   1100  4.09905e-10  4.09905e-10  4.81009e-10
   1200  3.13145e-10  3.13145e-10  3.99195e-10
   1300  2.43715e-10  2.43715e-10  3.44112e-10
   1400  1.91784e-10  1.91784e-10  3.05407e-10
   1500  1.51901e-10  1.51901e-10  2.77307e-10
   1600  1.20762e-10  1.20762e-10  2.56393e-10
   1700  9.62082e-11  9.62082e-11  2.40534e-10
   1800  7.67388e-11  7.67388e-11  2.28345e-10
   1900  6.12572e-11  6.12572e-11  2.18893e-10
   2000  4.89259e-11  4.89259e-11  2.11531e-10
   2100  3.90956e-11  3.90956e-11  2.05798e-10
   2200  3.12582e-11  3.12582e-11  2.01358e-10
   2300   2.5008e-11   2.5008e-11   1.9796e-10
   2400  2.00238e-11  2.00238e-11  1.95414e-10
   2500   1.6049e-11   1.6049e-11  1.93573e-10

   Pressure = 100 atm

   T(K) PRODS->REACS      PRODS->      Capture
    300  1.55262e-06  1.55262e-06  1.55241e-06
    400  7.77839e-08  7.77839e-08  7.77609e-08
    500  1.37655e-08  1.37655e-08   1.3761e-08
    600  4.54278e-09  4.54278e-09   4.5418e-09
    700  2.12729e-09  2.12729e-09  2.12843e-09
    800  1.23363e-09  1.23363e-09  1.23694e-09
    900  8.21473e-10  8.21473e-10  8.27434e-10
   1000  5.99886e-10  5.99886e-10   6.0957e-10
   1100  4.66224e-10  4.66224e-10  4.81009e-10
   1200  3.77846e-10  3.77846e-10  3.99195e-10
   1300  3.14805e-10  3.14805e-10  3.44112e-10
   1400  2.66922e-10  2.66922e-10  3.05407e-10
   1500  2.28727e-10  2.28727e-10  2.77307e-10
   1600  1.97125e-10  1.97125e-10  2.56393e-10
   1700  1.70315e-10  1.70315e-10  2.40534e-10
   1800  1.47211e-10  1.47211e-10  2.28345e-10
   1900   1.2713e-10   1.2713e-10  2.18893e-10
   2000  1.09608e-10  1.09608e-10  2.11531e-10
   2100  9.43065e-11  9.43065e-11  2.05798e-10
   2200  8.09646e-11  8.09646e-11  2.01358e-10
   2300  6.93583e-11  6.93583e-11   1.9796e-10
   2400  5.92928e-11  5.92928e-11  1.95414e-10
   2500  5.05915e-11  5.05915e-11  1.93573e-10

   Pressure = 1000 atm

   T(K) PRODS->REACS      PRODS->      Capture
    300  1.55262e-06  1.55262e-06  1.55241e-06
    400  7.77854e-08  7.77854e-08  7.77609e-08
    500  1.37668e-08  1.37668e-08   1.3761e-08
    600  4.54433e-09  4.54433e-09   4.5418e-09
    700  2.12959e-09  2.12959e-09  2.12843e-09
    800  1.23727e-09  1.23727e-09  1.23694e-09
    900  8.27246e-10  8.27246e-10  8.27434e-10
   1000   6.0879e-10   6.0879e-10   6.0957e-10
   1100  4.79355e-10  4.79355e-10  4.81009e-10
   1200  3.96263e-10  3.96263e-10  3.99195e-10
   1300  3.39366e-10  3.39366e-10  3.44112e-10
   1400  2.98161e-10  2.98161e-10  3.05407e-10
   1500   2.6678e-10   2.6678e-10  2.77307e-10
   1600  2.41721e-10  2.41721e-10  2.56393e-10
   1700  2.20825e-10  2.20825e-10  2.40534e-10
   1800  2.02728e-10  2.02728e-10  2.28345e-10
   1900  1.86564e-10  1.86564e-10  2.18893e-10
   2000  1.71783e-10  1.71783e-10  2.11531e-10
   2100   1.5805e-10   1.5805e-10  2.05798e-10
   2200  1.45167e-10  1.45167e-10  2.01358e-10
   2300  1.33025e-10  1.33025e-10   1.9796e-10
   2400  1.21568e-10  1.21568e-10  1.95414e-10
   2500  1.10773e-10  1.10773e-10  1.93573e-10

   Pressure = 10000 atm

   T(K) PRODS->REACS      PRODS->      Capture
    300  1.55262e-06  1.55262e-06  1.55241e-06
    400  7.77856e-08  7.77856e-08  7.77609e-08
    500  1.37669e-08  1.37669e-08   1.3761e-08
    600  4.54449e-09  4.54449e-09   4.5418e-09
    700  2.12982e-09  2.12982e-09  2.12843e-09
    800  1.23766e-09  1.23766e-09  1.23694e-09
    900  8.27897e-10  8.27897e-10  8.27434e-10
   1000  6.09885e-10  6.09885e-10   6.0957e-10
   1100   4.8116e-10   4.8116e-10  4.81009e-10
   1200  3.99146e-10  3.99146e-10  3.99195e-10
   1300  3.43802e-10  3.43802e-10  3.44112e-10
   1400  3.04717e-10  3.04717e-10  3.05407e-10
   1500  2.76087e-10  2.76087e-10  2.77307e-10
   1600  2.54426e-10  2.54426e-10  2.56393e-10
   1700  2.37543e-10  2.37543e-10  2.40534e-10
   1800  2.23988e-10  2.23988e-10  2.28345e-10
   1900  2.12767e-10  2.12767e-10  2.18893e-10
   2000  2.03174e-10  2.03174e-10  2.11531e-10
   2100  1.94698e-10  1.94698e-10  2.05798e-10
   2200  1.86968e-10  1.86968e-10  2.01358e-10
   2300  1.79711e-10  1.79711e-10   1.9796e-10
   2400  1.72732e-10  1.72732e-10  1.95414e-10
   2500  1.65894e-10  1.65894e-10  1.93573e-10

______________________________________________________________________________________

Temperature-Pressure Rate Tables:

REACS->PRODS

P\T              300          400          500          600          700          800          900         1000         1100         1200         1300         1400         1500         1600         1700         1800         1900         2000         2100         2200         2300         2400         2500
1        1.11877e-60  5.47209e-42  1.01892e-30  3.55921e-23  8.93359e-18  9.99346e-14  1.37845e-10   4.3343e-08  4.60901e-06   0.00021619   0.00538609     0.081475     0.826219      6.05247      33.9205      152.113      565.598      1794.08      4968.26        12242        27265      55617.2       105083
10       1.11914e-60  5.48255e-42  1.02705e-30  3.64684e-23  9.46043e-18   1.1155e-13  1.65181e-10  5.65423e-08   6.6034e-06  0.000341591    0.0093913     0.156491      1.74236      13.9555      85.1297        413.6      1658.57      5649.18        16729      43908.1       103783       223884       445808
100      1.11918e-60  5.48363e-42  1.02797e-30  3.65859e-23   9.5492e-18  1.14077e-13  1.72884e-10  6.13074e-08  7.51066e-06   0.00041217    0.0121307     0.217802      2.62358      22.7803      150.703      793.424       3442.1      12655.7      40353.4       113729       287828       662901  1.40512e+06
1000     1.11919e-60  5.48374e-42  1.02806e-30  3.65984e-23  9.55953e-18  1.14413e-13  1.74099e-10  6.22173e-08  7.72221e-06  0.000432259    0.0130771     0.243292      3.06006      27.9339      195.397      1092.64      5051.29      19834.7      67628.9       203913       552032  1.35913e+06  3.07647e+06
10000    1.11919e-60  5.48375e-42  1.02807e-30  3.65996e-23  9.56059e-18  1.14449e-13  1.74236e-10  6.23292e-08  7.75129e-06  0.000435405     0.013248     0.248642      3.16681      29.4021      210.189      1207.23      5760.76      23459.2      83310.6       262629       745771  1.93113e+06  4.60732e+06
O-O      1.11903e-60  5.48201e-42  1.02763e-30   3.6578e-23  9.55435e-18  1.14382e-13  1.74138e-10   6.2297e-08  7.74885e-06  0.000435458      0.01326     0.249204      3.18081      29.6294      212.836      1230.71      5926.61      24424.1      88060.3       282842       821501  2.18471e+06  5.37604e+06

PRODS->REACS

P\T              300          400          500          600          700          800          900         1000         1100         1200         1300         1400         1500         1600         1700         1800         1900         2000         2100         2200         2300         2400         2500
1        1.55205e-06  7.76202e-08  1.36443e-08  4.41939e-09  1.99015e-09   1.0807e-09  6.54982e-10  4.24106e-10  2.86104e-10  1.98187e-10  1.39776e-10  9.98497e-11  7.20308e-11  5.23741e-11  3.83348e-11  2.82229e-11  2.08897e-11   1.5538e-11  1.16107e-11  8.71477e-12  6.56938e-12  4.97346e-12  3.78164e-12
10       1.55257e-06  7.77685e-08  1.37532e-08  4.52819e-09  2.10751e-09   1.2063e-09  7.84872e-10   5.5326e-10  4.09905e-10  3.13145e-10  2.43715e-10  1.91784e-10  1.51901e-10  1.20762e-10  9.62082e-11  7.67388e-11  6.12572e-11  4.89259e-11  3.90956e-11  3.12582e-11   2.5008e-11  2.00238e-11   1.6049e-11
100      1.55262e-06  7.77839e-08  1.37655e-08  4.54278e-09  2.12729e-09  1.23363e-09  8.21473e-10  5.99886e-10  4.66224e-10  3.77846e-10  3.14805e-10  2.66922e-10  2.28727e-10  1.97125e-10  1.70315e-10  1.47211e-10   1.2713e-10  1.09608e-10  9.43065e-11  8.09646e-11  6.93583e-11  5.92928e-11  5.05915e-11
1000     1.55262e-06  7.77854e-08  1.37668e-08  4.54433e-09  2.12959e-09  1.23727e-09  8.27246e-10   6.0879e-10  4.79355e-10  3.96263e-10  3.39366e-10  2.98161e-10   2.6678e-10  2.41721e-10  2.20825e-10  2.02728e-10  1.86564e-10  1.71783e-10   1.5805e-10  1.45167e-10  1.33025e-10  1.21568e-10  1.10773e-10
10000    1.55262e-06  7.77856e-08  1.37669e-08  4.54449e-09  2.12982e-09  1.23766e-09  8.27897e-10  6.09885e-10   4.8116e-10  3.99146e-10  3.43802e-10  3.04717e-10  2.76087e-10  2.54426e-10  2.37543e-10  2.23988e-10  2.12767e-10  2.03174e-10  1.94698e-10  1.86968e-10  1.79711e-10  1.72732e-10  1.65894e-10
O-O      1.55241e-06  7.77609e-08   1.3761e-08   4.5418e-09  2.12843e-09  1.23694e-09  8.27434e-10   6.0957e-10  4.81009e-10  3.99195e-10  3.44112e-10  3.05407e-10  2.77307e-10  2.56393e-10  2.40534e-10  2.28345e-10  2.18893e-10  2.11531e-10  2.05798e-10  2.01358e-10   1.9796e-10  1.95414e-10  1.93573e-10

REACS-> 

P\T              300          400          500          600          700          800          900         1000         1100         1200         1300         1400         1500         1600         1700         1800         1900         2000         2100         2200         2300         2400         2500
1        1.11877e-60  5.47209e-42  1.01892e-30  3.55921e-23  8.93359e-18  9.99346e-14  1.37845e-10   4.3343e-08  4.60901e-06   0.00021619   0.00538609     0.081475     0.826219      6.05247      33.9205      152.113      565.598      1794.08      4968.26        12242        27265      55617.2       105083
10       1.11914e-60  5.48255e-42  1.02705e-30  3.64684e-23  9.46043e-18   1.1155e-13  1.65181e-10  5.65423e-08   6.6034e-06  0.000341591    0.0093913     0.156491      1.74236      13.9555      85.1297        413.6      1658.57      5649.18        16729      43908.1       103783       223884       445808
100      1.11918e-60  5.48363e-42  1.02797e-30  3.65859e-23   9.5492e-18  1.14077e-13  1.72884e-10  6.13074e-08  7.51066e-06   0.00041217    0.0121307     0.217802      2.62358      22.7803      150.703      793.424       3442.1      12655.7      40353.4       113729       287828       662901  1.40512e+06
1000     1.11919e-60  5.48374e-42  1.02806e-30  3.65984e-23  9.55953e-18  1.14413e-13  1.74099e-10  6.22173e-08  7.72221e-06  0.000432259    0.0130771     0.243292      3.06006      27.9339      195.397      1092.64      5051.29      19834.7        67629       203913       552032  1.35913e+06  3.07647e+06
10000    1.11919e-60  5.48375e-42  1.02807e-30  3.65996e-23  9.56059e-18  1.14449e-13  1.74236e-10  6.23292e-08  7.75129e-06  0.000435405     0.013248     0.248642      3.16681      29.4021      210.189      1207.23      5760.76      23459.2      83310.6       262629       745771  1.93113e+06  4.60732e+06
O-O      1.11903e-60  5.48201e-42  1.02763e-30   3.6578e-23  9.55435e-18  1.14382e-13  1.74138e-10   6.2297e-08  7.74885e-06  0.000435458      0.01326     0.249204      3.18081      29.6294      212.836      1230.71      5926.61      24424.1      88060.3       282842       821501  2.18471e+06  5.37604e+06

PRODS-> 

P\T              300          400          500          600          700          800          900         1000         1100         1200         1300         1400         1500         1600         1700         1800         1900         2000         2100         2200         2300         2400         2500
1        1.55205e-06  7.76202e-08  1.36443e-08  4.41939e-09  1.99015e-09   1.0807e-09  6.54982e-10  4.24106e-10  2.86104e-10  1.98187e-10  1.39776e-10  9.98497e-11  7.20308e-11  5.23741e-11  3.83348e-11  2.82229e-11  2.08897e-11   1.5538e-11  1.16107e-11  8.71477e-12  6.56938e-12  4.97346e-12  3.78164e-12
10       1.55257e-06  7.77685e-08  1.37532e-08  4.52819e-09  2.10751e-09   1.2063e-09  7.84872e-10   5.5326e-10  4.09905e-10  3.13145e-10  2.43715e-10  1.91784e-10  1.51901e-10  1.20762e-10  9.62082e-11  7.67388e-11  6.12572e-11  4.89259e-11  3.90956e-11  3.12582e-11   2.5008e-11  2.00238e-11   1.6049e-11
100      1.55262e-06  7.77839e-08  1.37655e-08  4.54278e-09  2.12729e-09  1.23363e-09  8.21473e-10  5.99886e-10  4.66224e-10  3.77846e-10  3.14805e-10  2.66922e-10  2.28727e-10  1.97125e-10  1.70315e-10  1.47211e-10   1.2713e-10  1.09608e-10  9.43065e-11  8.09646e-11  6.93583e-11  5.92928e-11  5.05915e-11
1000     1.55262e-06  7.77854e-08  1.37668e-08  4.54433e-09  2.12959e-09  1.23727e-09  8.27246e-10   6.0879e-10  4.79355e-10  3.96263e-10  3.39366e-10  2.98161e-10   2.6678e-10  2.41721e-10  2.20825e-10  2.02728e-10  1.86564e-10  1.71783e-10   1.5805e-10  1.45167e-10  1.33025e-10  1.21568e-10  1.10773e-10
10000    1.55262e-06  7.77856e-08  1.37669e-08  4.54449e-09  2.12982e-09  1.23766e-09  8.27897e-10  6.09885e-10   4.8116e-10  3.99146e-10  3.43802e-10  3.04717e-10  2.76087e-10  2.54426e-10  2.37543e-10  2.23988e-10  2.12767e-10  2.03174e-10  1.94698e-10  1.86968e-10  1.79711e-10  1.72732e-10  1.65894e-10
O-O      1.55241e-06  7.77609e-08   1.3761e-08   4.5418e-09  2.12843e-09  1.23694e-09  8.27434e-10   6.0957e-10  4.81009e-10  3.99195e-10  3.44112e-10  3.05407e-10  2.77307e-10  2.56393e-10  2.40534e-10  2.28345e-10  2.18893e-10  2.11531e-10  2.05798e-10  2.01358e-10   1.9796e-10  1.95414e-10  1.93573e-10

