
 Primary working directories    : /data/scratch
 Secondary working directories  : /data/scratch
 Wavefunction directory         : /home/carlo/wfu/
 Main file repository           : /data/scratch/

 ARCHNAME  : Linux/x86_64
 FC        : /opt/intel/composer_xe_2013_sp1.1.106/bin/intel64/ifort
 FCVERSION : 14.0.1
 BLASLIB   : -Wl,-_start-group /opt/intel/mkl/lib/intel64/libmkl_intel_ilp64.a /opt/intel/mkl/lib/intel64/libmkl_sequential.a /opt/intel/mkl/lib/intel64/libmkl_core.a -Wl,-_end-group
 id        : polimi

 Nodes     nprocs
 tt108        4
 ga_uses_ma=false, calling ma_init with nominal heap.
 GA-space will be limited to   8.0 MW (determined by -G option)

 Using customized tuning parameters: mindgm=16; mindgv=24; mindgc=8; mindgr=1; noblas=0; mincuda=1000; minvec=7
 default implementation of scratch files=sf  

  memory,         500 ,m
    nosym
 
    geometry={angstrom
     c1
     h2 c1 rch1
     h3 c1 rch2 h2 ahcc1
     h4 c1 rch3 h2 ahcc2 h3 b1
     h5 c1 rch4 h2 ahcc3 h3 b2
    }
    RCH1                           =    1.0834999999999999
    RCH2                           =    1.0833999999999999
    RCH3                           =    1.0833999999999999
    AHCC1                          =    115.63310000000000
    AHCC2                          =    115.63809999999999
    AHCC3                          =    102.23660000000000
    B1                             =    139.67920000000001
    B2                             =   -110.13890000000001
    RCH4                           =    1.8000000000000000
 
    SET,SPIN=           0
 
                                                                                 !closed shell input
 
    nosym
 
    basis=6-31+g(d,p)
 
    hf
 
                                                                                 !{multi;closed,14;occ,17;wf,32,1,0}
                                                                                 !{multi;closed,8;occ,10;wf,18,1,0}
    {multi;closed, 4;occ, 6;wf, 10,1,0;state,1  ;maxiter,40}
  geometry={angstrom
     c1
     h2 c1 rch1
     h3 c1 rch2 h2 ahcc1
     h4 c1 rch3 h2 ahcc2 h3 b1
     h5 c1 rch4 h2 ahcc3 h3 b2
  }
  RCH1                           =    1.0898502575410749
  RCH2                           =    1.0898502662610310
  RCH3                           =    1.0898502524627609
  AHCC1                          =    120.00000000647690
  AHCC2                          =    120.00000017228599
  AHCC3                          =    96.320045974087748
  B1                             =    180.00096515403260
  B2                             =   -109.13637205411780
  RCH4                           =    10.000000000000000
 
  SET,SPIN=           0
 
                                                                                 !closed shell input
 
 
                                                                                 !{multi;closed,14;occ,17;wf,32,1,0}
                                                                                 !{multi;closed,8;occ,10;wf,18,1,0}
 
  {multi;closed, 1;occ, 9;wf, 10,1,0;state,1  ;maxiter,40}
 
   basis=cc-pvtz
 
  {multi;closed, 1;occ, 9;wf, 10,1,0;state,1  ;maxiter,40}
 
   {rs2c,shift=0.2}
 
   CBSen = energy
 
   put,molden,molpro.molden
 

 Variables initialized (661), CPU time= 0.00 sec
 Commands  initialized (458), CPU time= 0.01 sec, 486 directives.
 Default parameters read. Elapsed time= 0.06 sec

 Checking input...
 Passed
1


                                         ***  PROGRAM SYSTEM MOLPRO  ***
                         Copyright, University College Cardiff Consultants Limited, 2008

                                    Version 2010.1 linked Nov 28 2013 00:29:07


 **********************************************************************************************************************************
 LABEL *                                                                                 
 Linux-2.6.34-12-desktop/tt108(x86_64) 64 bit mpp version                                DATE: 30-Aug-19          TIME: 04:13:46  
 **********************************************************************************************************************************

 SHA1:             3e0dedb5ca8b4ac28d83a6c404202848d09e924a
 **********************************************************************************************************************************

 Variable memory set to  500000000 words,  buffer space   230000 words

 ZSYMEL=NOSYM
 
 SETTING RCH1           =         1.08350000                                  
 SETTING RCH2           =         1.08340000                                  
 SETTING RCH3           =         1.08340000                                  
 SETTING AHCC1          =       115.63310000                                  
 SETTING AHCC2          =       115.63810000                                  
 SETTING AHCC3          =       102.23660000                                  
 SETTING B1             =       139.67920000                                  
 SETTING B2             =      -110.13890000                                  
 SETTING RCH4           =         1.80000000                                  
 SETTING SPIN           =         0.00000000                                  
 SETTING BASIS          =    6-31+G(D,P)


 Recomputing integrals since basis changed


 Using spherical harmonics

 Library entry C      S 6-31G                selected for orbital group  1
 Library entry C      S 6-31++G              selected for orbital group  1
 Library entry C      P 6-31G                selected for orbital group  1
 Library entry C      P 6-31++G              selected for orbital group  1
 Library entry C      D 6-31G*               selected for orbital group  1
 Library entry H      S 6-31G                selected for orbital group  2
 Library entry H      P 6-31G**              selected for orbital group  2

1PROGRAM * SEWARD (Integral evaluation for generally contracted gaussian basis sets)     Author: Roland Lindh, 1990

 Geometry written to block  1 of record 700

 Orientation using atomic masses  
 Molecule type: Asymmetric top
 Rotational constants:     100.2297946    100.2376729    149.0803220 GHz  (calculated with average atomic masses)

 Point group  C1  



 ATOMIC COORDINATES

 NR  ATOM    CHARGE       X              Y              Z

   1  C1      6.00    0.000006173   -0.000002998    0.131915175
   2  H2      1.00   -0.273634915    1.982195261    0.565898650
   3  H3      1.00    1.853678496   -0.753741604    0.564736453
   4  H4      1.00   -1.579091750   -1.228296145    0.567004731
   5  H5      1.00   -0.001025388   -0.000121782   -3.269591703

 Bond lengths in Bohr (Angstrom)

 1-2  2.047518263  1-3  2.047329291  1-4  2.047329291
     ( 1.083500000)     ( 1.083400000)     ( 1.083400000)

 Bond angles

  2-1-3  115.63310000   2-1-4  115.63810000   3-1-4  115.62865057

 NUCLEAR CHARGE:                   10
 NUMBER OF PRIMITIVE AOS:          60
 NUMBER OF SYMMETRY AOS:           59
 NUMBER OF CONTRACTIONS:           38   (  38A   )
 NUMBER OF CORE ORBITALS:           1   (   1A   )
 NUMBER OF VALENCE ORBITALS:        8   (   8A   )


 NUCLEAR REPULSION ENERGY   12.11472346


 Eigenvalues of metric

         1 0.182E-01 0.559E-01 0.559E-01 0.103E+00 0.153E+00 0.164E+00 0.164E+00 0.219E+00


 Contracted 2-electron integrals neglected if value below      1.0D-11
 AO integral compression algorithm  1   Integral accuracy      1.0D-11

     2.097 MB (compressed) written to integral file ( 71.5%)

     Node minimum: 0.524 MB, node maximum: 0.524 MB


 NUMBER OF SORTED TWO-ELECTRON INTEGRALS:      68820.     BUFFER LENGTH:  32768
 NUMBER OF SEGMENTS:   1  SEGMENT LENGTH:      68820      RECORD LENGTH: 524288

 Memory used in sort:       0.63 MW

 SORT1 READ      344579. AND WROTE       65305. INTEGRALS IN      1 RECORDS. CPU TIME:     0.01 SEC, REAL TIME:     0.12 SEC
 SORT2 READ      260691. AND WROTE      274911. INTEGRALS IN      8 RECORDS. CPU TIME:     0.00 SEC, REAL TIME:     0.01 SEC

 Node minimum:       68450.  Node maximum:       69006. integrals

 OPERATOR DM      FOR CENTER  0  COORDINATES:    0.000000    0.000000    0.000000


 **********************************************************************************************************************************
 DATASETS  * FILE   NREC   LENGTH (MB)   RECORD NAMES
              1      18        2.65       500      610      700      900      950      970     1000      129      960     1100   
                                          VAR    BASINP    GEOM    SYMINP    ZMAT    AOBASIS   BASIS     P2S    ABASIS      S 
                                         1400     1410     1200     1210     1080     1600     1650     1700   
                                           T        V       H0       H01     AOSYM     SMH    MOLCAS    OPER   

 PROGRAMS   *        TOTAL       INT
 CPU TIMES  *         0.13      0.05
 REAL TIME  *         1.67 SEC
 DISK USED  *        18.04 MB      
 GA USED    *         0.00 MB       (max)       0.00 MB       (current)
 **********************************************************************************************************************************

1PROGRAM * RHF-SCF (CLOSED SHELL)       Authors: W. Meyer, H.-J. Werner


 NUMBER OF ELECTRONS:       5+    5-    SPACE SYMMETRY=1    SPIN SYMMETRY: Singlet 
 CONVERGENCE THRESHOLDS:    1.00E-05 (Density)    1.00E-07 (Energy)
 MAX. NUMBER OF ITERATIONS:       60
 INTERPOLATION TYPE:            DIIS
 INTERPOLATION STEPS:              2 (START)      1 (STEP)
 LEVEL SHIFTS:                  0.00 (CLOSED)  0.00 (OPEN) 



 Orbital guess generated from atomic densities. Full valence occupancy:    5

 Molecular orbital dump at record        2100.2

 ITERATION    DDIFF          GRAD             ENERGY        2-EL.EN.            DIPOLE MOMENTS         DIIS
    1      0.000D+00      0.000D+00       -40.06228625     50.446924    0.00001    0.00003   -0.39497    0
    2      0.000D+00      0.807D-02       -40.08527536     48.724408    0.00021    0.00001    0.39409    1
    3      0.887D-02      0.464D-02       -40.08979492     49.346005    0.00023    0.00002    0.35818    2
    4      0.262D-02      0.113D-02       -40.09062842     49.263694    0.00028    0.00002    0.48922    3
    5      0.182D-02      0.184D-03       -40.09065169     49.259377    0.00029    0.00002    0.51043    4
    6      0.310D-03      0.400D-04       -40.09065282     49.259635    0.00029    0.00002    0.51398    5
    7      0.791D-04      0.770D-05       -40.09065287     49.259595    0.00029    0.00002    0.51467    6
    8      0.236D-04      0.113D-05       -40.09065287     49.259499    0.00029    0.00002    0.51472    6
    9      0.272D-05      0.194D-06       -40.09065287     49.259497    0.00029    0.00002    0.51472    0

 Final occupancy:   5

 !RHF STATE 1.1 Energy                -40.090652868023
 Nuclear energy                        12.11472346
 One-electron energy                  -76.83512485
 Two-electron energy                   24.62974852
 Virial quotient                       -1.00899281
 !RHF STATE 1.1 Dipole moment           0.00029202     0.00002159     0.51472162
 Dipole moment /Debye                   0.00074219     0.00005487     1.30820618

 Orbital energies:

         1.1          2.1          3.1          4.1          5.1          6.1          7.1
    -11.286141    -0.934200    -0.588182    -0.588167    -0.391124     0.073746     0.116810


 **********************************************************************************************************************************
 DATASETS  * FILE   NREC   LENGTH (MB)   RECORD NAMES
              1      18        2.65       500      610      700      900      950      970     1000      129      960     1100   
                                          VAR    BASINP    GEOM    SYMINP    ZMAT    AOBASIS   BASIS     P2S    ABASIS      S 
                                         1400     1410     1200     1210     1080     1600     1650     1700   
                                           T        V       H0       H01     AOSYM     SMH    MOLCAS    OPER   

              2       3        0.34       700     1000     2100   
                                         GEOM     BASIS     RHF  

 PROGRAMS   *        TOTAL        HF       INT
 CPU TIMES  *         0.17      0.03      0.05
 REAL TIME  *         2.71 SEC
 DISK USED  *        31.73 MB      
 SF USED    *         0.01 MB      
 GA USED    *         0.00 MB       (max)       0.00 MB       (current)
 **********************************************************************************************************************************

1PROGRAM * MULTI (Direct Multiconfiguration SCF)       Authors: P.J. Knowles, H.-J. Werner (1984)     S.T. Elbert (1988)


 Number of closed-shell orbitals:  4 (  4 )
 Number of active  orbitals:       2 (  2 )
 Number of external orbitals:     32 ( 32 )

 State symmetry 1

 Number of electrons:     2    Spin symmetry=Singlet   Space symmetry=1
 Number of states:        1
 Number of CSFs:          3   (4 determinants, 4 intermediate states)

 Iteration controls:
             1  2  3  4  5  6  7  8  9 10 11 12 13 14 15 16 17 18 19 20 21 22 23 24 25 26 27 28 29 30 31 32 33 34 35 36 37 38 39
 DIAGCI      T  T  T  T  T  T  T  T  T  T  T  T  T  T  T  T  T  T  T  T  T  T  T  T  T  T  T  T  T  T  T  T  T  T  T  T  T  T  T
 WERNER      T  T  T  T  T  T  T  T  T  T  T  T  T  T  T  T  T  T  T  T  T  T  T  T  T  T  T  T  T  T  T  T  T  T  T  T  T  T  T
 INTERNAL    F  T  T  T  T  T  T  T  T  T  T  T  T  T  T  T  T  T  T  T  T  T  T  T  T  T  T  T  T  T  T  T  T  T  T  T  T  T  T

 Molecular orbitals read from record     2100.2  Type=RHF/CANONICAL (state 1.1)

 Wavefunction dump at record             2140.2

 Convergence thresholds  0.10E-01 (gradient)  0.10E-05 (energy)  0.10E-02 (step length)

 Number of orbital rotations:     200     (   8 Core/Active  128 Core/Virtual   0 Active/Active   64 Active/Virtual)
 Total number of variables:       204


 ITER. MIC  NCI  NEG     ENERGY(VAR)     ENERGY(PROJ)   ENERGY CHANGE     GRAD(0)  GRAD(ORB)   GRAD(CI)     STEP       TIME

   1   40    7    0     -40.09226202     -40.13088442   -0.03862240    0.00713537 0.00026881 0.00000000  0.77D+00      0.05
   2   21    8    0     -40.12959748     -40.13157609   -0.00197861    0.02744268 0.00000367 0.00000000  0.14D+00      0.09
   3   21    8    0     -40.13158689     -40.13158721   -0.00000032    0.00040363 0.00000005 0.00000000  0.16D-02      0.11
   4   20    4    0     -40.13158721     -40.13158721   -0.00000000    0.00000017 0.00000000 0.00000000  0.54D-06      0.12

 ** WVFN ****  CONVERGENCE REACHED, FINAL GRADIENT:  0.63D-07


 First order charge density matrix for state 1.1 saved on record  2140.2 (density set 1)

 Results for state 1.1
 =====================

 !MCSCF STATE 1.1 Energy              -40.131587211105
 Nuclear energy                        12.11472346
 Kinetic energy                        39.87019393
 One electron energy                  -76.92621354
 Two electron energy                   24.67990287
 Virial ratio                           2.00655611

 !MCSCF STATE 1.1 Dipole moment         0.00021111     0.00000567     0.34046899
 Dipole moment /Debye                   0.00053655     0.00001441     0.86532918


 Natural orbital dump at molpro section                    2140.2    (Orbital set 2)



 **********************************************************************************************************************************
 DATASETS  * FILE   NREC   LENGTH (MB)   RECORD NAMES
              1      19        3.04       500      610      700      900      950      970     1000      129      960     1100   
                                          VAR    BASINP    GEOM    SYMINP    ZMAT    AOBASIS   BASIS     P2S    ABASIS      S 
                                         1400     1410     1200     1210     1080     1600     1650     1700     1380   
                                           T        V       H0       H01     AOSYM     SMH    MOLCAS    OPER     JKOP   

              2       4        0.43       700     1000     2100     2140   
                                         GEOM     BASIS     RHF     MCSCF   

 PROGRAMS   *        TOTAL     MULTI        HF       INT
 CPU TIMES  *         0.30      0.13      0.03      0.05
 REAL TIME  *         4.16 SEC
 DISK USED  *        31.73 MB      
 SF USED    *         4.67 MB      
 GA USED    *         0.00 MB       (max)       0.00 MB       (current)
 **********************************************************************************************************************************
 ZSYMEL=NOSYM
 
 SETTING RCH1           =         1.08985026                                  
 SETTING RCH2           =         1.08985027                                  
 SETTING RCH3           =         1.08985025                                  
 SETTING AHCC1          =       120.00000001                                  
 SETTING AHCC2          =       120.00000017                                  
 SETTING AHCC3          =        96.32004597                                  
 SETTING B1             =       180.00096515                                  
 SETTING B2             =      -109.13637205                                  
 SETTING RCH4           =        10.00000000                                  
 SETTING SPIN           =         0.00000000                                  


 Recomputing integrals since geometry changed

1PROGRAM * SEWARD (Integral evaluation for generally contracted gaussian basis sets)     Author: Roland Lindh, 1990

 Geometry written to block  1 of record 700

 Orientation using atomic masses  
 Molecule type: Asymmetric top
 Rotational constants:       5.2385483      5.2503053    149.7161494 GHz  (calculated with average atomic masses)

 Point group  C1  



 ATOMIC COORDINATES

 NR  ATOM    CHARGE       X              Y              Z

   1  C1      6.00   -0.007397024    0.000000001    1.187262312
   2  H2      1.00    0.610190628    1.951163872    1.417830181
   3  H3      1.00    1.266838846   -1.546486524    1.662992217
   4  H4      1.00   -1.899210015   -0.404677361    0.480936399
   5  H5      1.00    0.110326314   -0.000000005  -17.709632311

 Bond lengths in Bohr (Angstrom)

 1-2  2.059518511  1-3  2.059518527  1-4  2.059518501
     ( 1.089850258)     ( 1.089850266)     ( 1.089850252)

 Bond angles

  2-1-3  120.00000001   2-1-4  120.00000017   3-1-4  119.99999981

 NUCLEAR CHARGE:                   10
 NUMBER OF PRIMITIVE AOS:          60
 NUMBER OF SYMMETRY AOS:           59
 NUMBER OF CONTRACTIONS:           38   (  38A   )
 NUMBER OF CORE ORBITALS:           1   (   1A   )
 NUMBER OF VALENCE ORBITALS:        8   (   8A   )


 NUCLEAR REPULSION ENERGY   10.05639695


 Eigenvalues of metric

         1 0.274E-01 0.535E-01 0.535E-01 0.115E+00 0.170E+00 0.170E+00 0.217E+00 0.225E+00


 Contracted 2-electron integrals neglected if value below      1.0D-11
 AO integral compression algorithm  1   Integral accuracy      1.0D-11

     1.573 MB (compressed) written to integral file ( 71.0%)

     Node minimum: 0.262 MB, node maximum: 0.524 MB


 NUMBER OF SORTED TWO-ELECTRON INTEGRALS:      68820.     BUFFER LENGTH:  32768
 NUMBER OF SEGMENTS:   1  SEGMENT LENGTH:      68820      RECORD LENGTH: 524288

 Memory used in sort:       0.63 MW

 SORT1 READ      259040. AND WROTE       39004. INTEGRALS IN      1 RECORDS. CPU TIME:     0.00 SEC, REAL TIME:     0.08 SEC
 SORT2 READ      157535. AND WROTE      274911. INTEGRALS IN      4 RECORDS. CPU TIME:     0.00 SEC, REAL TIME:     0.01 SEC

 Node minimum:       68450.  Node maximum:       69006. integrals

 OPERATOR DM      FOR CENTER  0  COORDINATES:    0.000000    0.000000    0.000000


 **********************************************************************************************************************************
 DATASETS  * FILE   NREC   LENGTH (MB)   RECORD NAMES
              1      18        2.65       500      610      700      900      950      970     1000      129      960     1100   
                                          VAR    BASINP    GEOM    SYMINP    ZMAT    AOBASIS   BASIS     P2S    ABASIS      S 
                                         1400     1410     1200     1210     1080     1600     1650     1700   
                                           T        V       H0       H01     AOSYM     SMH    MOLCAS    OPER   

              2       4        0.43       700     1000     2100     2140   
                                         GEOM     BASIS     RHF     MCSCF   

 PROGRAMS   *        TOTAL       INT     MULTI        HF       INT
 CPU TIMES  *         0.36      0.05      0.13      0.03      0.05
 REAL TIME  *         5.50 SEC
 DISK USED  *        33.06 MB      
 SF USED    *         4.67 MB      
 GA USED    *         0.00 MB       (max)       0.00 MB       (current)
 **********************************************************************************************************************************

1PROGRAM * MULTI (Direct Multiconfiguration SCF)       Authors: P.J. Knowles, H.-J. Werner (1984)     S.T. Elbert (1988)


 Number of closed-shell orbitals:  1 (  1 )
 Number of active  orbitals:       8 (  8 )
 Number of external orbitals:     29 ( 29 )

 State symmetry 1

 Number of electrons:     8    Spin symmetry=Singlet   Space symmetry=1
 Number of states:        1
 Number of CSFs:       1764   (4900 determinants, 4900 intermediate states)

 Iteration controls:
             1  2  3  4  5  6  7  8  9 10 11 12 13 14 15 16 17 18 19 20 21 22 23 24 25 26 27 28 29 30 31 32 33 34 35 36 37 38 39
 DIAGCI      T  T  T  T  T  T  T  T  T  T  T  T  T  T  T  T  T  T  T  T  T  T  T  T  T  T  T  T  T  T  T  T  T  T  T  T  T  T  T
 WERNER      T  T  T  T  T  T  T  T  T  T  T  T  T  T  T  T  T  T  T  T  T  T  T  T  T  T  T  T  T  T  T  T  T  T  T  T  T  T  T
 INTERNAL    F  T  T  T  T  T  T  T  T  T  T  T  T  T  T  T  T  T  T  T  T  T  T  T  T  T  T  T  T  T  T  T  T  T  T  T  T  T  T

 Molecular orbitals read from record     2140.2  Type=MCSCF/NATURAL (state 1.1)

 Wavefunction dump at record             2141.2

 Convergence thresholds  0.10E-01 (gradient)  0.10E-05 (energy)  0.10E-02 (step length)

 Number of orbital rotations:     269     (   8 Core/Active   29 Core/Virtual   0 Active/Active  232 Active/Virtual)
 Total number of variables:      5169


 ITER. MIC  NCI  NEG     ENERGY(VAR)     ENERGY(PROJ)   ENERGY CHANGE     GRAD(0)  GRAD(ORB)   GRAD(CI)     STEP       TIME

   1   50   25    0     -39.97708436     -40.11693107   -0.13984671    0.42645272 0.00102342 0.00166901  0.16D+01      0.15
   2   33   27    0     -40.11722567     -40.11938051   -0.00215484    0.03552528 0.00000067 0.00000404  0.25D+00      0.33
   3   39   12    0     -40.11938284     -40.11938289   -0.00000005    0.00016040 0.00000304 0.00002855  0.11D-02      0.40
   4   35   10    0     -40.11938289     -40.11938289   -0.00000000    0.00000322 0.00000050 0.00000288  0.52D-04      0.46

 ** WVFN ****  CONVERGENCE REACHED, FINAL GRADIENT:  0.55D-06


 First order charge density matrix for state 1.1 saved on record  2141.2 (density set 1)

 Results for state 1.1
 =====================

 !MCSCF STATE 1.1 Energy              -40.119382892941
 Nuclear energy                        10.05639695
 Kinetic energy                        40.12551303
 One electron energy                  -72.81422023
 Two electron energy                   22.63844038
 Virial ratio                           1.99984723

 !MCSCF STATE 1.1 Dipole moment         0.00000420     0.00000004     0.00000186
 Dipole moment /Debye                   0.00001068     0.00000011     0.00000472


 Natural orbital dump at molpro section                    2141.2    (Orbital set 2)



 **********************************************************************************************************************************
 DATASETS  * FILE   NREC   LENGTH (MB)   RECORD NAMES
              1      19        3.46       500      610      700      900      950      970     1000      129      960     1100   
                                          VAR    BASINP    GEOM    SYMINP    ZMAT    AOBASIS   BASIS     P2S    ABASIS      S 
                                         1400     1410     1200     1210     1080     1600     1650     1700     1380   
                                           T        V       H0       H01     AOSYM     SMH    MOLCAS    OPER     JKOP   

              2       5        0.51       700     1000     2100     2140     2141   
                                         GEOM     BASIS     RHF     MCSCF    MCSCF   

 PROGRAMS   *        TOTAL     MULTI       INT     MULTI        HF       INT
 CPU TIMES  *         0.86      0.50      0.05      0.13      0.03      0.05
 REAL TIME  *         6.91 SEC
 DISK USED  *        33.06 MB      
 SF USED    *         8.14 MB      
 GA USED    *         0.00 MB       (max)       0.00 MB       (current)
 **********************************************************************************************************************************
 SETTING BASIS          =    CC-PVTZ


 Recomputing integrals since basis changed


 Using spherical harmonics

 Library entry C      S cc-pVTZ              selected for orbital group  1
 Library entry C      P cc-pVTZ              selected for orbital group  1
 Library entry C      D cc-pVTZ              selected for orbital group  1
 Library entry C      F cc-pVTZ              selected for orbital group  1
 Library entry H      S cc-pVTZ              selected for orbital group  2
 Library entry H      P cc-pVTZ              selected for orbital group  2
 Library entry H      D cc-pVTZ              selected for orbital group  2

1PROGRAM * SEWARD (Integral evaluation for generally contracted gaussian basis sets)     Author: Roland Lindh, 1990

 Geometry written to block  1 of record 700

 Orientation using atomic masses  
 Molecule type: Asymmetric top
 Rotational constants:       5.2385483      5.2503053    149.7161494 GHz  (calculated with average atomic masses)

 Point group  C1  



 ATOMIC COORDINATES

 NR  ATOM    CHARGE       X              Y              Z

   1  C1      6.00   -0.007397024    0.000000001    1.187262312
   2  H2      1.00    0.610190628    1.951163872    1.417830181
   3  H3      1.00    1.266838846   -1.546486524    1.662992217
   4  H4      1.00   -1.899210015   -0.404677361    0.480936399
   5  H5      1.00    0.110326314   -0.000000005  -17.709632311

 Bond lengths in Bohr (Angstrom)

 1-2  2.059518511  1-3  2.059518527  1-4  2.059518501
     ( 1.089850258)     ( 1.089850266)     ( 1.089850252)

 Bond angles

  2-1-3  120.00000001   2-1-4  120.00000017   3-1-4  119.99999981

 NUCLEAR CHARGE:                   10
 NUMBER OF PRIMITIVE AOS:         115
 NUMBER OF SYMMETRY AOS:          106
 NUMBER OF CONTRACTIONS:           86   (  86A   )
 NUMBER OF CORE ORBITALS:           1   (   1A   )
 NUMBER OF VALENCE ORBITALS:        8   (   8A   )


 NUCLEAR REPULSION ENERGY   10.05639695


 Eigenvalues of metric

         1 0.139E-02 0.210E-02 0.210E-02 0.503E-02 0.105E-01 0.105E-01 0.126E-01 0.140E-01


 Contracted 2-electron integrals neglected if value below      1.0D-11
 AO integral compression algorithm  1   Integral accuracy      1.0D-11

     20.447 MB (compressed) written to integral file ( 53.4%)

     Node minimum: 4.719 MB, node maximum: 5.505 MB


 NUMBER OF SORTED TWO-ELECTRON INTEGRALS:    1750320.     BUFFER LENGTH:  32768
 NUMBER OF SEGMENTS:   1  SEGMENT LENGTH:    1750320      RECORD LENGTH: 524288

 Memory used in sort:       2.31 MW

 SORT1 READ     4796236. AND WROTE      905577. INTEGRALS IN      3 RECORDS. CPU TIME:     0.06 SEC, REAL TIME:     0.19 SEC
 SORT2 READ     3615063. AND WROTE     6999411. INTEGRALS IN     80 RECORDS. CPU TIME:     0.04 SEC, REAL TIME:     0.05 SEC

 Node minimum:     1748450.  Node maximum:     1751256. integrals

 OPERATOR DM      FOR CENTER  0  COORDINATES:    0.000000    0.000000    0.000000


 **********************************************************************************************************************************
 DATASETS  * FILE   NREC   LENGTH (MB)   RECORD NAMES
              1      18        2.88       500      610      700      900      950      970     1001      129      960     1100   
                                          VAR    BASINP    GEOM    SYMINP    ZMAT    AOBASIS   BASIS     P2S    ABASIS      S 
                                         1400     1410     1200     1210     1080     1600     1650     1700   
                                           T        V       H0       H01     AOSYM     SMH    MOLCAS    OPER   

              2       6        0.54       700     1000     2100     2140     2141     1001   
                                         GEOM     BASIS     RHF     MCSCF    MCSCF    BASIS   

 PROGRAMS   *        TOTAL       INT     MULTI       INT     MULTI        HF       INT
 CPU TIMES  *         1.09      0.23      0.50      0.05      0.13      0.03      0.05
 REAL TIME  *         8.71 SEC
 DISK USED  *        84.47 MB      
 SF USED    *         8.14 MB      
 GA USED    *         0.00 MB       (max)       0.00 MB       (current)
 **********************************************************************************************************************************

1PROGRAM * MULTI (Direct Multiconfiguration SCF)       Authors: P.J. Knowles, H.-J. Werner (1984)     S.T. Elbert (1988)


 Number of closed-shell orbitals:  1 (  1 )
 Number of active  orbitals:       8 (  8 )
 Number of external orbitals:     77 ( 77 )

 State symmetry 1

 Number of electrons:     8    Spin symmetry=Singlet   Space symmetry=1
 Number of states:        1
 Number of CSFs:       1764   (4900 determinants, 4900 intermediate states)

 Iteration controls:
             1  2  3  4  5  6  7  8  9 10 11 12 13 14 15 16 17 18 19 20 21 22 23 24 25 26 27 28 29 30 31 32 33 34 35 36 37 38 39
 DIAGCI      T  T  T  T  T  T  T  T  T  T  T  T  T  T  T  T  T  T  T  T  T  T  T  T  T  T  T  T  T  T  T  T  T  T  T  T  T  T  T
 WERNER      T  T  T  T  T  T  T  T  T  T  T  T  T  T  T  T  T  T  T  T  T  T  T  T  T  T  T  T  T  T  T  T  T  T  T  T  T  T  T
 INTERNAL    F  T  T  T  T  T  T  T  T  T  T  T  T  T  T  T  T  T  T  T  T  T  T  T  T  T  T  T  T  T  T  T  T  T  T  T  T  T  T

 Molecular orbitals read from record     2141.2  Type=MCSCF/NATURAL (state 1.1)
 
 Present basis size:      86
 Previous basis size:     38
 Previous occupation:      9
 Previous closed-shells:   1
 Present occupation:       9
 Present closed-shells:    1
 Wavefunction symmetry:    1   Singlet 

 Orbital overlap <old|new>:  < 1.1| 1.1> = 0.999997   < 2.1| 2.1> = 0.999928   < 3.1| 3.1> = 0.999899   < 4.1| 4.1> = 0.999899
                             < 5.1| 5.1> = 0.999281   < 6.1| 6.1> = 0.999279   < 7.1| 7.1> = 0.998753   < 8.1| 8.1> = 0.999439
                             < 9.1| 9.1> = 0.999439

 Wavefunction dump at record             2142.2

 Convergence thresholds  0.10E-01 (gradient)  0.10E-05 (energy)  0.10E-02 (step length)

 Number of orbital rotations:     701     (   8 Core/Active   77 Core/Virtual   0 Active/Active  616 Active/Virtual)
 Total number of variables:      5601


 ITER. MIC  NCI  NEG     ENERGY(VAR)     ENERGY(PROJ)   ENERGY CHANGE     GRAD(0)  GRAD(ORB)   GRAD(CI)     STEP       TIME

   1   36   22    0     -40.12989484     -40.13235176   -0.00245692    0.11331351 0.00000072 0.00000095  0.95D-01      0.54
   2   32   10    0     -40.13235078     -40.13235079   -0.00000001    0.00008638 0.00000141 0.00000610  0.31D-03      0.83

 ** WVFN ****  CONVERGENCE REACHED, FINAL GRADIENT:  0.13D-05


 First order charge density matrix for state 1.1 saved on record  2142.2 (density set 1)

 Results for state 1.1
 =====================

 !MCSCF STATE 1.1 Energy              -40.132350791132
 Nuclear energy                        10.05639695
 Kinetic energy                        40.12576466
 One electron energy                  -72.86040135
 Two electron energy                   22.67165361
 Virial ratio                           2.00016414

 !MCSCF STATE 1.1 Dipole moment         0.00001818     0.00000039     0.00003905
 Dipole moment /Debye                   0.00004620     0.00000100     0.00009926


 Natural orbital dump at molpro section                    2142.2    (Orbital set 2)



 **********************************************************************************************************************************
 DATASETS  * FILE   NREC   LENGTH (MB)   RECORD NAMES
              1      19        7.01       500      610      700      900      950      970     1001      129      960     1100   
                                          VAR    BASINP    GEOM    SYMINP    ZMAT    AOBASIS   BASIS     P2S    ABASIS      S 
                                         1400     1410     1200     1210     1080     1600     1650     1700     1380   
                                           T        V       H0       H01     AOSYM     SMH    MOLCAS    OPER     JKOP   

              2       7        0.72       700     1000     2100     2140     2141     1001     2142   
                                         GEOM     BASIS     RHF     MCSCF    MCSCF    BASIS    MCSCF   

 PROGRAMS   *        TOTAL     MULTI       INT     MULTI       INT     MULTI        HF       INT
 CPU TIMES  *         2.14      1.05      0.23      0.50      0.05      0.13      0.03      0.05
 REAL TIME  *        10.93 SEC
 DISK USED  *        84.47 MB      
 SF USED    *        22.64 MB      
 GA USED    *         0.00 MB       (max)       0.00 MB       (current)
 **********************************************************************************************************************************

1PROGRAM * RS2C (Multireference RS Perturbation Theory)     Authors: H.-J. Werner (1993), P. Celani (1998)


 Level shift= 0.20

 There are only all-active singles.
 Contracted Singles code is turned off.


 Convergence thresholds:  THRVAR = 1.00D-08  THRDEN = 1.00D-06

 Number of optimized states:  1  Roots:   1
 Number of reference states:  1  Roots:   1

 Reference symmetry:                   1   Singlet 
 Number of electrons:                 10
 Maximum number of shells:             5
 Maximum number of spin couplings:    14

 Reference space:     1107 conf     1764 CSFs
 N elec internal:     1107 conf     1764 CSFs
 N-1 el internal:     1016 conf     2352 CSFs
 N-2 el internal:      784 conf     2688 CSFs

 Number of electrons in valence space:                      8
 Maximum number of open shell orbitals in reference space:  8
 Maximum number of open shell orbitals in internal spaces:  8


 Number of core orbitals:           1 (   1 )
 Number of active  orbitals:        8 (   8 )
 Number of external orbitals:      77 (  77 )

 Molecular orbitals read from record     2142.2  Type=MCSCF/NATURAL (state 1.1)

 Coulomb and exchange operators available. No transformation done.

 Number of p-space configurations:   7

 Reference wavefunction optimized for reference space (refopt=1)

 State     Reference Energy 
   1         -40.13235079

 Number of blocks in overlap matrix:     2   Smallest eigenvalue:  0.31D-03
 Number of N-2 electron functions:      62
 Number of N-1 electron functions:    2352

 Number of internal configurations:                 1764
 Number of singly external configurations:        181104
 Number of doubly external configurations:        184030
 Total number of contracted configurations:       366898
 Total number of uncontracted configurations:    8138508

 Weight factors for SA-density in H0:    1.000000

 FIMAX=  0.42D-01  FXMAX=  0.10D-07  DIAG=  F  F  NOREF=1  NOINT=0  IHPPD=2

 Nuclear energy:                      10.05639695
 Core energy:                        -35.37861035
 Zeroth-order valence energy:         -4.22697275
 Zeroth-order total energy:          -29.54918615
 First-order energy:                 -10.58316464

 There are only all-active singles.
 Contracted Singles code is turned off.


 Using uncontracted singles

 noint is 2

 Diagonal Coupling coefficients finished.               Storage:   19874 words, CPU-Time:      0.01 seconds.
 Energy denominators for pairs finished in 0 passes.    Storage:   22929 words, CPU-time:      0.00 seconds.

 A level shift of 0.20 is applied.

  ITER. STATE  ROOT     SQ.NORM     CORR.ENERGY   TOTAL ENERGY   ENERGY CHANGE       DEN1      VAR(S)    VAR(P)      TIME
    1     1     1     1.01285898    -0.00257180   -40.13492259    -0.00257180    -0.10613021  0.13D-01  0.17D-01     0.35
    2     1     1     1.02989345    -0.11262743   -40.24497822    -0.11005563    -0.00110190  0.66D-04  0.24D-03     0.63
    3     1     1     1.03081697    -0.11380286   -40.24615365    -0.00117543    -0.00077983  0.12D-04  0.16D-05     0.92
    4     1     1     1.03094911    -0.11386489   -40.24621568    -0.00006203    -0.00002400  0.87D-07  0.43D-06     1.20
    5     1     1     1.03099687    -0.11387596   -40.24622675    -0.00001106    -0.00002861  0.26D-07  0.31D-08     1.48
    6     1     1     1.03100201    -0.11387705   -40.24622784    -0.00000110    -0.00000125  0.21D-09  0.10D-08     1.76
    7     1     1     1.03100411    -0.11387748   -40.24622827    -0.00000042    -0.00000123  0.65D-10  0.86D-11     2.04
    8     1     1     1.03100435    -0.11387753   -40.24622832    -0.00000005    -0.00000007  0.65D-12  0.26D-11     2.32

 Energies without level shift correction:

    8     1     1     1.03100435    -0.10767666   -40.24002745

 Energy contributions for state 1.1:
 ===================================

            Energy contr.      SQ.Norm of FOWF
 Space I      0.00000000         -0.00000000
 Space S     -0.03748076          0.01386017
 Space P     -0.07019590          0.01714419


 =====================================
 Analysis of CPU times by interactions
 =====================================

       I      S      P

 I   1.3%
 S   1.3%   8.6%
 P   2.2%  72.8%   3.0%

 Initialization:  10.3%
 Other:            0.4%

 Total CPU:        2.3 seconds
 =====================================



 Reference coefficients greater than 0.0500000
 =============================================
 22220000           0.6947601
 22202000          -0.6947601
 /22\/\00          -0.0567121



 RESULTS FOR STATE 1.1
 =====================

 Coefficient of reference function:   C(0) = 1.00000000 (fixed)   1.00000000 (relaxed)

 Energy contributions of configuration classes

 CLASS          SQ.NORM        ECORR1        ECORR2
 +++++++++++++++++++++++++++++++++++++++++++++++++++
 Internals   -0.00000000    0.00000000    0.11387745
 Singles      0.01386017   -0.03748074   -0.07927838
 Pairs        0.01714419   -0.07019584   -0.14847660
 Total        1.03100435   -0.10767658   -0.11387753
 +++++++++++++++++++++++++++++++++++++++++++++++++++


 Reference energy                     -40.13235079
 Nuclear energy                        10.05639695
 Kinetic energy                        40.18947866
 One electron energy                  -72.77784435
 Two electron energy                   22.47521908
 Virial quotient                       -1.00141205
 Correlation energy                    -0.11387753
 !RSPT2 STATE 1.1 Energy              -40.246228317199

 !RSPT2 STATE 1.1 Dipole moment         0.00001911     0.00000040     0.00004146
 Dipole moment /Debye                   0.00004857     0.00000101     0.00010536


 **********************************************************************************************************************************
 DATASETS  * FILE   NREC   LENGTH (MB)   RECORD NAMES
              1      19        7.01       500      610      700      900      950      970     1001      129      960     1100   
                                          VAR    BASINP    GEOM    SYMINP    ZMAT    AOBASIS   BASIS     P2S    ABASIS      S 
                                         1400     1410     1200     1210     1080     1600     1650     1700     1380   
                                           T        V       H0       H01     AOSYM     SMH    MOLCAS    OPER     JKOP   

              2       7        0.72       700     1000     2100     2140     2141     1001     2142   
                                         GEOM     BASIS     RHF     MCSCF    MCSCF    BASIS    MCSCF   

 PROGRAMS   *        TOTAL      RS2C     MULTI       INT     MULTI       INT     MULTI        HF       INT
 CPU TIMES  *         4.66      2.51      1.05      0.23      0.50      0.05      0.13      0.03      0.05
 REAL TIME  *        15.06 SEC
 DISK USED  *        84.47 MB      
 SF USED    *        22.64 MB      
 GA USED    *         0.00 MB       (max)       0.00 MB       (current)
 **********************************************************************************************************************************
 SETTING CBSEN          =       -40.24622832  AU                              

 Dump information in style MOLDEN to molpro.molden                                                                   

 Molecular orbitals read from record     2142.2  Type=MCSCF/NATURAL (state 1.1)
 Occupation numbers read from record     2142.2  Type=MCSCF/NATURAL (state 1.1)
 Orbital energies read from record       2142.2  Type=MCSCF/NATURAL (state 1.1)
 Redundancy group numbers read from rec  2142.2  Type=MCSCF/NATURAL (state 1.1)
 
 DUMP ORBITAL  1.1 AS ORBITAL    1  occ=    2.0000  eig=  -11.2067  GROUP=   2
 DUMP ORBITAL  2.1 AS ORBITAL    2  occ=    1.9811  eig=   -0.8870  GROUP=   3
 DUMP ORBITAL  3.1 AS ORBITAL    3  occ=    1.9776  eig=   -0.5620  GROUP=   3
 DUMP ORBITAL  4.1 AS ORBITAL    4  occ=    1.9776  eig=   -0.5620  GROUP=   3
 DUMP ORBITAL  5.1 AS ORBITAL    5  occ=    1.0000  eig=   -0.1455  GROUP=   3
 DUMP ORBITAL  6.1 AS ORBITAL    6  occ=    1.0000  eig=   -0.1455  GROUP=   3
 DUMP ORBITAL  7.1 AS ORBITAL    7  occ=    0.0246  eig=    0.5947  GROUP=   3
 DUMP ORBITAL  9.1 AS ORBITAL    8  occ=    0.0195  eig=    0.7528  GROUP=   3
 DUMP ORBITAL  8.1 AS ORBITAL    9  occ=    0.0195  eig=    0.7528  GROUP=   3

 Total charge:      10.000000

 **********************************************************************************************************************************

        RS2C            MULTI           MULTI           MULTI           HF-SCF  
    -40.24622832    -40.13235079    -40.11938289    -40.13158721    -40.09065287
 **********************************************************************************************************************************
 Variable memory released
