
 Primary working directories    : /data/scratch
 Secondary working directories  : /data/scratch
 Wavefunction directory         : /home/carlo/wfu/
 Main file repository           : /data/scratch/

 ARCHNAME  : Linux/x86_64
 FC        : /opt/intel/composer_xe_2013_sp1.1.106/bin/intel64/ifort
 FCVERSION : 14.0.1
 BLASLIB   : -Wl,-_start-group /opt/intel/mkl/lib/intel64/libmkl_intel_ilp64.a /opt/intel/mkl/lib/intel64/libmkl_sequential.a /opt/intel/mkl/lib/intel64/libmkl_core.a -Wl,-_end-group
 id        : polimi

 Nodes     nprocs
 tt109        4
 ga_uses_ma=false, calling ma_init with nominal heap.
 GA-space will be limited to   8.0 MW (determined by -G option)

 Using customized tuning parameters: mindgm=16; mindgv=24; mindgc=8; mindgr=1; noblas=0; mincuda=1000; minvec=7
 default implementation of scratch files=sf  

  memory,         500 ,m
    nosym
 
    geometry={angstrom
     c1
     c2 c1 rcc1
     h3 c2 rcc2 c1 accc1
     h4 c2 rcc3 c1 ahcc1 h3 b1
     h5 c1 rch1 c2 ahcc2 h3 b2
     h6 c1 rch2 c2 ahcc3 h5 b3
    }
    RCC1                           =    1.3109999999999999
    RCC2                           =    1.0884000000000000
    RCC3                           =    1.0823000000000000
    RCH2                           =    1.0791999999999999
    ACCC1                          =    119.62930000000000
    AHCC1                          =    122.83260000000000
    AHCC2                          =    118.47550000000000
    AHCC3                          =    131.85030000000000
    B1                             =    180.00020000000001
    B2                             =    179.99990000000000
    B3                             =    179.99990000000000
    RCH1                           =    1.8000000000000000
 
    SET,SPIN=           0
 
                                                                                 !closed shell input
 
    nosym
 
    basis=6-31+g(d,p)
 
    hf
 
                                                                                 !{multi;closed,14;occ,17;wf,32,1,0}
                                                                                 !{multi;closed,8;occ,10;wf,18,1,0}
    {multi;closed, 7;occ, 9;wf, 16,1,0;state,1  ;maxiter,40}
    {multi;closed, 6;occ,10;wf, 16,1,0;state,1  ;maxiter,40}
  geometry={angstrom
     c1
     c2 c1 rcc1
     h3 c2 rcc2 c1 accc1
     h4 c2 rcc3 c1 ahcc1 h3 b1
     h5 c1 rch1 c2 ahcc2 h3 b2
     h6 c1 rch2 c2 ahcc3 h5 b3
  }
  RCC1                           =    1.3333013416472090
  RCC2                           =    1.0995575761166529
  RCC3                           =    1.0938663613506430
  RCH2                           =    1.0910507675730010
  ACCC1                          =    120.38589278101570
  AHCC1                          =    122.10067133484699
  AHCC2                          =    118.23967676458970
  AHCC3                          =    135.88560566403581
  B1                             =    179.99992078201109
  B2                             =    180.00046490297379
  B3                             =    180.00028398168109
  RCH1                           =    2.6000000000000001
 
  SET,SPIN=           0
 
                                                                                 !closed shell input
 
 
                                                                                 !{multi;closed,14;occ,17;wf,32,1,0}
                                                                                 !{multi;closed,8;occ,10;wf,18,1,0}
 
  {multi;closed, 6;occ,10;wf, 16,1,0;state,1  ;maxiter,40}
 
   basis=cc-pvtz
 
  {multi;closed, 6;occ,10;wf, 16,1,0;state,1  ;maxiter,40}
 
   {rs2c,shift=0.2}
 
   CBSen = energy
 
   put,molden,molpro.molden
 

 Variables initialized (661), CPU time= 0.00 sec
 Commands  initialized (458), CPU time= 0.01 sec, 486 directives.
 Default parameters read. Elapsed time= 0.05 sec

 Checking input...
 Passed
1


                                         ***  PROGRAM SYSTEM MOLPRO  ***
                         Copyright, University College Cardiff Consultants Limited, 2008

                                    Version 2010.1 linked Nov 28 2013 00:29:07


 **********************************************************************************************************************************
 LABEL *                                                                                 
 Linux-2.6.34-12-desktop/tt109(x86_64) 64 bit mpp version                                DATE: 06-Sep-19          TIME: 02:20:04  
 **********************************************************************************************************************************

 SHA1:             3e0dedb5ca8b4ac28d83a6c404202848d09e924a
 **********************************************************************************************************************************

 Variable memory set to  500000000 words,  buffer space   230000 words

 ZSYMEL=NOSYM
 
 SETTING RCC1           =         1.31100000                                  
 SETTING RCC2           =         1.08840000                                  
 SETTING RCC3           =         1.08230000                                  
 SETTING RCH2           =         1.07920000                                  
 SETTING ACCC1          =       119.62930000                                  
 SETTING AHCC1          =       122.83260000                                  
 SETTING AHCC2          =       118.47550000                                  
 SETTING AHCC3          =       131.85030000                                  
 SETTING B1             =       180.00020000                                  
 SETTING B2             =       179.99990000                                  
 SETTING B3             =       179.99990000                                  
 SETTING RCH1           =         1.80000000                                  
 SETTING SPIN           =         0.00000000                                  
 SETTING BASIS          =    6-31+G(D,P)


 Recomputing integrals since basis changed


 Using spherical harmonics

 Library entry C      S 6-31G                selected for orbital group  1
 Library entry C      S 6-31++G              selected for orbital group  1
 Library entry C      P 6-31G                selected for orbital group  1
 Library entry C      P 6-31++G              selected for orbital group  1
 Library entry C      D 6-31G*               selected for orbital group  1
 Library entry H      S 6-31G                selected for orbital group  2
 Library entry H      P 6-31G**              selected for orbital group  2

1PROGRAM * SEWARD (Integral evaluation for generally contracted gaussian basis sets)     Author: Roland Lindh, 1990

 Geometry written to block  1 of record 700

 Orientation using atomic masses  
 Molecule type: Asymmetric top
 Rotational constants:      22.5484038     28.6297190    106.1537578 GHz  (calculated with average atomic masses)

 Point group  C1  



 ATOMIC COORDINATES

 NR  ATOM    CHARGE       X              Y              Z

   1  C1      6.00    0.000000326    0.171288606   -1.196789349
   2  C2      6.00   -0.000000568   -0.077258817    1.268142360
   3  H3      1.00    0.000002709    1.599544869    2.459219526
   4  H4      1.00    0.000001528   -1.898377768    2.199042866
   5  H5      1.00    0.000000036   -2.640917895   -3.110357930
   6  H6      1.00   -0.000001389    1.819255732   -2.398174333

 Bond lengths in Bohr (Angstrom)

 1-2  2.477430958  1-6  2.039392441  2-3  2.056777921  2-4  2.045250592
     ( 1.311000000)     ( 1.079200000)     ( 1.088400000)     ( 1.082300000)

 Bond angles

  1-2-3  119.62930000   1-2-4  122.83260000   2-1-6  131.85030000   3-2-4  117.53810000

 NUCLEAR CHARGE:                   16
 NUMBER OF PRIMITIVE AOS:          92
 NUMBER OF SYMMETRY AOS:           90
 NUMBER OF CONTRACTIONS:           56   (  56A   )
 NUMBER OF CORE ORBITALS:           2   (   2A   )
 NUMBER OF VALENCE ORBITALS:       12   (  12A   )


 NUCLEAR REPULSION ENERGY   31.97212283


 Eigenvalues of metric

         1 0.201E-03 0.651E-02 0.122E-01 0.359E-01 0.417E-01 0.583E-01 0.739E-01 0.978E-01


 Contracted 2-electron integrals neglected if value below      1.0D-11
 AO integral compression algorithm  1   Integral accuracy      1.0D-11

     5.767 MB (compressed) written to integral file ( 42.9%)

     Node minimum: 1.311 MB, node maximum: 1.573 MB


 NUMBER OF SORTED TWO-ELECTRON INTEGRALS:     319200.     BUFFER LENGTH:  32768
 NUMBER OF SEGMENTS:   1  SEGMENT LENGTH:     319200      RECORD LENGTH: 524288

 Memory used in sort:       0.88 MW

 SORT1 READ     1558824. AND WROTE      279346. INTEGRALS IN      1 RECORDS. CPU TIME:     0.03 SEC, REAL TIME:     0.10 SEC
 SORT2 READ     1118724. AND WROTE     1274406. INTEGRALS IN     24 RECORDS. CPU TIME:     0.01 SEC, REAL TIME:     0.02 SEC

 Node minimum:      318003.  Node maximum:      319200. integrals

 OPERATOR DM      FOR CENTER  0  COORDINATES:    0.000000    0.000000    0.000000


 **********************************************************************************************************************************
 DATASETS  * FILE   NREC   LENGTH (MB)   RECORD NAMES
              1      18        2.74       500      610      700      900      950      970     1000      129      960     1100   
                                          VAR    BASINP    GEOM    SYMINP    ZMAT    AOBASIS   BASIS     P2S    ABASIS      S 
                                         1400     1410     1200     1210     1080     1600     1650     1700   
                                           T        V       H0       H01     AOSYM     SMH    MOLCAS    OPER   

 PROGRAMS   *        TOTAL       INT
 CPU TIMES  *         0.20      0.12
 REAL TIME  *         2.15 SEC
 DISK USED  *        20.75 MB      
 GA USED    *         0.00 MB       (max)       0.00 MB       (current)
 **********************************************************************************************************************************

1PROGRAM * RHF-SCF (CLOSED SHELL)       Authors: W. Meyer, H.-J. Werner


 NUMBER OF ELECTRONS:       8+    8-    SPACE SYMMETRY=1    SPIN SYMMETRY: Singlet 
 CONVERGENCE THRESHOLDS:    1.00E-05 (Density)    1.00E-07 (Energy)
 MAX. NUMBER OF ITERATIONS:       60
 INTERPOLATION TYPE:            DIIS
 INTERPOLATION STEPS:              2 (START)      1 (STEP)
 LEVEL SHIFTS:                  0.00 (CLOSED)  0.00 (OPEN) 



 Orbital guess generated from atomic densities. Full valence occupancy:    8

 Molecular orbital dump at record        2100.2

 ITERATION    DDIFF          GRAD             ENERGY        2-EL.EN.            DIPOLE MOMENTS         DIIS
    1      0.000D+00      0.000D+00       -77.89196490    115.646844    0.00000   -0.08487   -0.17278    0
    2      0.000D+00      0.628D-02       -77.91677687    113.419757    0.00000    0.28262    0.24561    1
    3      0.812D-02      0.277D-02       -77.92050801    114.273747    0.00000    0.26935    0.22917    2
    4      0.269D-02      0.741D-03       -77.92116396    114.083491    0.00000    0.33552    0.29942    3
    5      0.167D-02      0.172D-03       -77.92120245    114.098517    0.00000    0.34360    0.32333    4
    6      0.396D-03      0.864D-04       -77.92120821    114.091323    0.00000    0.34843    0.32727    5
    7      0.124D-03      0.235D-04       -77.92120934    114.090481    0.00000    0.34996    0.33199    6
    8      0.661D-04      0.820D-05       -77.92120942    114.090239    0.00000    0.35023    0.33297    7
    9      0.219D-04      0.128D-05       -77.92120942    114.090203    0.00000    0.35019    0.33299    7
   10      0.339D-05      0.274D-06       -77.92120942    114.090207    0.00000    0.35018    0.33298    0

 Final occupancy:   8

 !RHF STATE 1.1 Energy                -77.921209424999
 Nuclear energy                        31.97212283
 One-electron energy                 -166.93843560
 Two-electron energy                   57.04510335
 Virial quotient                       -1.00562117
 !RHF STATE 1.1 Dipole moment           0.00000055     0.35018327     0.33298023
 Dipole moment /Debye                   0.00000141     0.89001879     0.84629589

 Orbital energies:

         1.1          2.1          3.1          4.1          5.1          6.1          7.1          8.1          9.1         10.1
    -11.303084   -11.253260    -1.048801    -0.783639    -0.638612    -0.598322    -0.400283    -0.398112     0.084307     0.091944


 **********************************************************************************************************************************
 DATASETS  * FILE   NREC   LENGTH (MB)   RECORD NAMES
              1      18        2.74       500      610      700      900      950      970     1000      129      960     1100   
                                          VAR    BASINP    GEOM    SYMINP    ZMAT    AOBASIS   BASIS     P2S    ABASIS      S 
                                         1400     1410     1200     1210     1080     1600     1650     1700   
                                           T        V       H0       H01     AOSYM     SMH    MOLCAS    OPER   

              2       3        0.39       700     1000     2100   
                                         GEOM     BASIS     RHF  

 PROGRAMS   *        TOTAL        HF       INT
 CPU TIMES  *         0.32      0.12      0.12
 REAL TIME  *         3.54 SEC
 DISK USED  *        35.81 MB      
 SF USED    *         0.01 MB      
 GA USED    *         0.00 MB       (max)       0.00 MB       (current)
 **********************************************************************************************************************************

1PROGRAM * MULTI (Direct Multiconfiguration SCF)       Authors: P.J. Knowles, H.-J. Werner (1984)     S.T. Elbert (1988)


 Number of closed-shell orbitals:  7 (  7 )
 Number of active  orbitals:       2 (  2 )
 Number of external orbitals:     47 ( 47 )

 State symmetry 1

 Number of electrons:     2    Spin symmetry=Singlet   Space symmetry=1
 Number of states:        1
 Number of CSFs:          3   (4 determinants, 4 intermediate states)

 Iteration controls:
             1  2  3  4  5  6  7  8  9 10 11 12 13 14 15 16 17 18 19 20 21 22 23 24 25 26 27 28 29 30 31 32 33 34 35 36 37 38 39
 DIAGCI      T  T  T  T  T  T  T  T  T  T  T  T  T  T  T  T  T  T  T  T  T  T  T  T  T  T  T  T  T  T  T  T  T  T  T  T  T  T  T
 WERNER      T  T  T  T  T  T  T  T  T  T  T  T  T  T  T  T  T  T  T  T  T  T  T  T  T  T  T  T  T  T  T  T  T  T  T  T  T  T  T
 INTERNAL    F  T  T  T  T  T  T  T  T  T  T  T  T  T  T  T  T  T  T  T  T  T  T  T  T  T  T  T  T  T  T  T  T  T  T  T  T  T  T

 Molecular orbitals read from record     2100.2  Type=RHF/CANONICAL (state 1.1)

 Wavefunction dump at record             2140.2

 Convergence thresholds  0.10E-01 (gradient)  0.10E-05 (energy)  0.10E-02 (step length)

 Number of orbital rotations:     437     (  14 Core/Active  329 Core/Virtual   0 Active/Active   94 Active/Virtual)
 Total number of variables:       441


 ITER. MIC  NCI  NEG     ENERGY(VAR)     ENERGY(PROJ)   ENERGY CHANGE     GRAD(0)  GRAD(ORB)   GRAD(CI)     STEP       TIME

   1   40    7    0     -77.92181529     -77.96136048   -0.03954519    0.00316474 0.00079518 0.00000000  0.81D+00      0.10
   2   24    8    0     -77.96082683     -77.96344476   -0.00261793    0.03293246 0.00000616 0.00000000  0.15D+00      0.20
   3   24    8    0     -77.96345577     -77.96345599   -0.00000022    0.00033369 0.00000005 0.00000000  0.13D-02      0.30
   4   24    4    0     -77.96345599     -77.96345599    0.00000000    0.00000010 0.00000000 0.00000000  0.24D-06      0.36

 ** WVFN ****  CONVERGENCE REACHED, FINAL GRADIENT:  0.21D-07


 First order charge density matrix for state 1.1 saved on record  2140.2 (density set 1)

 Results for state 1.1
 =====================

 !MCSCF STATE 1.1 Energy              -77.963455991693
 Nuclear energy                        31.97212283
 Kinetic energy                        77.63750889
 One electron energy                 -167.03101176
 Two electron energy                   57.09543294
 Virial ratio                           2.00419832

 !MCSCF STATE 1.1 Dipole moment         0.00000058     0.25670905     0.20782845
 Dipole moment /Debye                   0.00000146     0.65244658     0.52821262


 Natural orbital dump at molpro section                    2140.2    (Orbital set 2)



 **********************************************************************************************************************************
 DATASETS  * FILE   NREC   LENGTH (MB)   RECORD NAMES
              1      19        4.50       500      610      700      900      950      970     1000      129      960     1100   
                                          VAR    BASINP    GEOM    SYMINP    ZMAT    AOBASIS   BASIS     P2S    ABASIS      S 
                                         1400     1410     1200     1210     1080     1600     1650     1700     1380   
                                           T        V       H0       H01     AOSYM     SMH    MOLCAS    OPER     JKOP   

              2       4        0.55       700     1000     2100     2140   
                                         GEOM     BASIS     RHF     MCSCF   

 PROGRAMS   *        TOTAL     MULTI        HF       INT
 CPU TIMES  *         0.77      0.44      0.12      0.12
 REAL TIME  *         5.35 SEC
 DISK USED  *        35.81 MB      
 SF USED    *        10.86 MB      
 GA USED    *         0.00 MB       (max)       0.00 MB       (current)
 **********************************************************************************************************************************

1PROGRAM * MULTI (Direct Multiconfiguration SCF)       Authors: P.J. Knowles, H.-J. Werner (1984)     S.T. Elbert (1988)


 Number of closed-shell orbitals:  6 (  6 )
 Number of active  orbitals:       4 (  4 )
 Number of external orbitals:     46 ( 46 )

 State symmetry 1

 Number of electrons:     4    Spin symmetry=Singlet   Space symmetry=1
 Number of states:        1
 Number of CSFs:         20   (36 determinants, 36 intermediate states)

 Iteration controls:
             1  2  3  4  5  6  7  8  9 10 11 12 13 14 15 16 17 18 19 20 21 22 23 24 25 26 27 28 29 30 31 32 33 34 35 36 37 38 39
 DIAGCI      T  T  T  T  T  T  T  T  T  T  T  T  T  T  T  T  T  T  T  T  T  T  T  T  T  T  T  T  T  T  T  T  T  T  T  T  T  T  T
 WERNER      T  T  T  T  T  T  T  T  T  T  T  T  T  T  T  T  T  T  T  T  T  T  T  T  T  T  T  T  T  T  T  T  T  T  T  T  T  T  T
 INTERNAL    F  T  T  T  T  T  T  T  T  T  T  T  T  T  T  T  T  T  T  T  T  T  T  T  T  T  T  T  T  T  T  T  T  T  T  T  T  T  T

 Molecular orbitals read from record     2140.2  Type=MCSCF/NATURAL (state 1.1)

 Wavefunction dump at record             2141.2

 Convergence thresholds  0.10E-01 (gradient)  0.10E-05 (energy)  0.10E-02 (step length)

 Number of orbital rotations:     484     (  24 Core/Active  276 Core/Virtual   0 Active/Active  184 Active/Virtual)
 Total number of variables:       520


 ITER. MIC  NCI  NEG     ENERGY(VAR)     ENERGY(PROJ)   ENERGY CHANGE     GRAD(0)  GRAD(ORB)   GRAD(CI)     STEP       TIME

   1   40   19    0     -77.96352335     -77.98683470   -0.02331135    0.00045017 0.00118319 0.00002178  0.83D+00      0.16
   2   35   20    0     -77.98914282     -77.99391192   -0.00476911    0.04183729 0.00000890 0.00005947  0.27D+00      0.32
   3   32   15    0     -77.99399577     -77.99400655   -0.00001079    0.00134899 0.00000177 0.00000443  0.16D-01      0.46
   4   35   12    0     -77.99400657     -77.99400657   -0.00000000    0.00000735 0.00000000 0.00000002  0.36D-04      0.59

 ** WVFN ****  CONVERGENCE REACHED, FINAL GRADIENT:  0.43D-08


 First order charge density matrix for state 1.1 saved on record  2141.2 (density set 1)

 Results for state 1.1
 =====================

 !MCSCF STATE 1.1 Energy              -77.994006567419
 Nuclear energy                        31.97212283
 Kinetic energy                        77.74280602
 One electron energy                 -167.10341223
 Two electron energy                   57.13728283
 Virial ratio                           2.00323117

 !MCSCF STATE 1.1 Dipole moment         0.00000056     0.25792007     0.22488294
 Dipole moment /Debye                   0.00000142     0.65552449     0.57155799


 Natural orbital dump at molpro section                    2141.2    (Orbital set 2)



 **********************************************************************************************************************************
 DATASETS  * FILE   NREC   LENGTH (MB)   RECORD NAMES
              1      19        4.88       500      610      700      900      950      970     1000      129      960     1100   
                                          VAR    BASINP    GEOM    SYMINP    ZMAT    AOBASIS   BASIS     P2S    ABASIS      S 
                                         1400     1410     1200     1210     1080     1600     1650     1700     1380   
                                           T        V       H0       H01     AOSYM     SMH    MOLCAS    OPER     JKOP   

              2       5        0.68       700     1000     2100     2140     2141   
                                         GEOM     BASIS     RHF     MCSCF    MCSCF   

 PROGRAMS   *        TOTAL     MULTI     MULTI        HF       INT
 CPU TIMES  *         1.45      0.68      0.44      0.12      0.12
 REAL TIME  *         7.62 SEC
 DISK USED  *        35.81 MB      
 SF USED    *        12.56 MB      
 GA USED    *         0.00 MB       (max)       0.00 MB       (current)
 **********************************************************************************************************************************
 ZSYMEL=NOSYM
 
 SETTING RCC1           =         1.33330134                                  
 SETTING RCC2           =         1.09955758                                  
 SETTING RCC3           =         1.09386636                                  
 SETTING RCH2           =         1.09105077                                  
 SETTING ACCC1          =       120.38589278                                  
 SETTING AHCC1          =       122.10067133                                  
 SETTING AHCC2          =       118.23967676                                  
 SETTING AHCC3          =       135.88560566                                  
 SETTING B1             =       179.99992078                                  
 SETTING B2             =       180.00046490                                  
 SETTING B3             =       180.00028398                                  
 SETTING RCH1           =         2.60000000                                  
 SETTING SPIN           =         0.00000000                                  


 Recomputing integrals since geometry changed

1PROGRAM * SEWARD (Integral evaluation for generally contracted gaussian basis sets)     Author: Roland Lindh, 1990

 Geometry written to block  1 of record 700

 Orientation using atomic masses  
 Molecule type: Asymmetric top
 Rotational constants:      18.6967896     24.9102817     74.9566088 GHz  (calculated with average atomic masses)

 Point group  C1  



 ATOMIC COORDINATES

 NR  ATOM    CHARGE       X              Y              Z

   1  C1      6.00   -0.000000206    0.394134068   -1.138372369
   2  C2      6.00    0.000000174   -0.224696610    1.304024749
   3  H3      1.00   -0.000011914    1.254700710    2.763098737
   4  H4      1.00    0.000009882   -2.191935151    1.938774603
   5  H5      1.00   -0.000006105   -3.230782058   -4.455054669
   6  H6      1.00    0.000008524    2.148934704   -2.220796022

 Bond lengths in Bohr (Angstrom)

 1-2  2.519574386  1-6  2.061787146  2-3  2.077862685  2-4  2.067107847
     ( 1.333301342)     ( 1.091050768)     ( 1.099557576)     ( 1.093866361)

 Bond angles

  1-2-3  120.38589278   1-2-4  122.10067133   2-1-6  135.88560566   3-2-4  117.51343588

 NUCLEAR CHARGE:                   16
 NUMBER OF PRIMITIVE AOS:          92
 NUMBER OF SYMMETRY AOS:           90
 NUMBER OF CONTRACTIONS:           56   (  56A   )
 NUMBER OF CORE ORBITALS:           2   (   2A   )
 NUMBER OF VALENCE ORBITALS:       12   (  12A   )


 NUCLEAR REPULSION ENERGY   30.62931066


 Eigenvalues of metric

         1 0.227E-03 0.713E-02 0.141E-01 0.369E-01 0.436E-01 0.573E-01 0.759E-01 0.101E+00


 Contracted 2-electron integrals neglected if value below      1.0D-11
 AO integral compression algorithm  1   Integral accuracy      1.0D-11

     5.243 MB (compressed) written to integral file ( 44.9%)

     Node minimum: 1.311 MB, node maximum: 1.311 MB


 NUMBER OF SORTED TWO-ELECTRON INTEGRALS:     319200.     BUFFER LENGTH:  32768
 NUMBER OF SEGMENTS:   1  SEGMENT LENGTH:     319200      RECORD LENGTH: 524288

 Memory used in sort:       0.88 MW

 SORT1 READ     1547700. AND WROTE      272305. INTEGRALS IN      1 RECORDS. CPU TIME:     0.02 SEC, REAL TIME:     0.14 SEC
 SORT2 READ     1091471. AND WROTE     1274406. INTEGRALS IN     20 RECORDS. CPU TIME:     0.02 SEC, REAL TIME:     0.02 SEC

 Node minimum:      318003.  Node maximum:      319200. integrals

 OPERATOR DM      FOR CENTER  0  COORDINATES:    0.000000    0.000000    0.000000


 **********************************************************************************************************************************
 DATASETS  * FILE   NREC   LENGTH (MB)   RECORD NAMES
              1      18        2.74       500      610      700      900      950      970     1000      129      960     1100   
                                          VAR    BASINP    GEOM    SYMINP    ZMAT    AOBASIS   BASIS     P2S    ABASIS      S 
                                         1400     1410     1200     1210     1080     1600     1650     1700   
                                           T        V       H0       H01     AOSYM     SMH    MOLCAS    OPER   

              2       5        0.68       700     1000     2100     2140     2141   
                                         GEOM     BASIS     RHF     MCSCF    MCSCF   

 PROGRAMS   *        TOTAL       INT     MULTI     MULTI        HF       INT
 CPU TIMES  *         1.58      0.12      0.68      0.44      0.12      0.12
 REAL TIME  *         9.31 SEC
 DISK USED  *        44.16 MB      
 SF USED    *        12.56 MB      
 GA USED    *         0.00 MB       (max)       0.00 MB       (current)
 **********************************************************************************************************************************

1PROGRAM * MULTI (Direct Multiconfiguration SCF)       Authors: P.J. Knowles, H.-J. Werner (1984)     S.T. Elbert (1988)


 Number of closed-shell orbitals:  6 (  6 )
 Number of active  orbitals:       4 (  4 )
 Number of external orbitals:     46 ( 46 )

 State symmetry 1

 Number of electrons:     4    Spin symmetry=Singlet   Space symmetry=1
 Number of states:        1
 Number of CSFs:         20   (36 determinants, 36 intermediate states)

 Iteration controls:
             1  2  3  4  5  6  7  8  9 10 11 12 13 14 15 16 17 18 19 20 21 22 23 24 25 26 27 28 29 30 31 32 33 34 35 36 37 38 39
 DIAGCI      T  T  T  T  T  T  T  T  T  T  T  T  T  T  T  T  T  T  T  T  T  T  T  T  T  T  T  T  T  T  T  T  T  T  T  T  T  T  T
 WERNER      T  T  T  T  T  T  T  T  T  T  T  T  T  T  T  T  T  T  T  T  T  T  T  T  T  T  T  T  T  T  T  T  T  T  T  T  T  T  T
 INTERNAL    F  T  T  T  T  T  T  T  T  T  T  T  T  T  T  T  T  T  T  T  T  T  T  T  T  T  T  T  T  T  T  T  T  T  T  T  T  T  T

 Molecular orbitals read from record     2141.2  Type=MCSCF/NATURAL (state 1.1)

 Wavefunction dump at record             2142.2

 Convergence thresholds  0.10E-01 (gradient)  0.10E-05 (energy)  0.10E-02 (step length)

 Number of orbital rotations:     484     (  24 Core/Active  276 Core/Virtual   0 Active/Active  184 Active/Virtual)
 Total number of variables:       520


 ITER. MIC  NCI  NEG     ENERGY(VAR)     ENERGY(PROJ)   ENERGY CHANGE     GRAD(0)  GRAD(ORB)   GRAD(CI)     STEP       TIME

   1   35   17    0     -77.91543355     -77.93162646   -0.01619291    0.19095885 0.00002933 0.00000187  0.11D+00      0.13
   2   21   13    0     -77.93171664     -77.93172491   -0.00000827    0.00447105 0.00000055 0.00000082  0.27D-02      0.26
   3   19    7    0     -77.93172491     -77.93172491   -0.00000000    0.00000420 0.00000003 0.00000007  0.25D-05      0.33

 ** WVFN ****  CONVERGENCE REACHED, FINAL GRADIENT:  0.44D-07


 First order charge density matrix for state 1.1 saved on record  2142.2 (density set 1)

 Results for state 1.1
 =====================

 !MCSCF STATE 1.1 Energy              -77.931724911168
 Nuclear energy                        30.62931066
 Kinetic energy                        77.71347707
 One electron energy                 -164.38125403
 Two electron energy                   55.82021847
 Virial ratio                           2.00280837

 !MCSCF STATE 1.1 Dipole moment         0.00000123     0.25722975     0.26087464
 Dipole moment /Debye                   0.00000313     0.65376998     0.66303376


 Natural orbital dump at molpro section                    2142.2    (Orbital set 2)



 **********************************************************************************************************************************
 DATASETS  * FILE   NREC   LENGTH (MB)   RECORD NAMES
              1      19        4.88       500      610      700      900      950      970     1000      129      960     1100   
                                          VAR    BASINP    GEOM    SYMINP    ZMAT    AOBASIS   BASIS     P2S    ABASIS      S 
                                         1400     1410     1200     1210     1080     1600     1650     1700     1380   
                                           T        V       H0       H01     AOSYM     SMH    MOLCAS    OPER     JKOP   

              2       6        0.80       700     1000     2100     2140     2141     2142   
                                         GEOM     BASIS     RHF     MCSCF    MCSCF    MCSCF   

 PROGRAMS   *        TOTAL     MULTI       INT     MULTI     MULTI        HF       INT
 CPU TIMES  *         2.01      0.41      0.12      0.68      0.44      0.12      0.12
 REAL TIME  *        11.09 SEC
 DISK USED  *        44.16 MB      
 SF USED    *        12.56 MB      
 GA USED    *         0.00 MB       (max)       0.00 MB       (current)
 **********************************************************************************************************************************
 SETTING BASIS          =    CC-PVTZ


 Recomputing integrals since basis changed


 Using spherical harmonics

 Library entry C      S cc-pVTZ              selected for orbital group  1
 Library entry C      P cc-pVTZ              selected for orbital group  1
 Library entry C      D cc-pVTZ              selected for orbital group  1
 Library entry C      F cc-pVTZ              selected for orbital group  1
 Library entry H      S cc-pVTZ              selected for orbital group  2
 Library entry H      P cc-pVTZ              selected for orbital group  2
 Library entry H      D cc-pVTZ              selected for orbital group  2

1PROGRAM * SEWARD (Integral evaluation for generally contracted gaussian basis sets)     Author: Roland Lindh, 1990

 Geometry written to block  1 of record 700

 Orientation using atomic masses  
 Molecule type: Asymmetric top
 Rotational constants:      18.6967896     24.9102817     74.9566088 GHz  (calculated with average atomic masses)

 Point group  C1  



 ATOMIC COORDINATES

 NR  ATOM    CHARGE       X              Y              Z

   1  C1      6.00   -0.000000206    0.394134068   -1.138372369
   2  C2      6.00    0.000000174   -0.224696610    1.304024749
   3  H3      1.00   -0.000011914    1.254700710    2.763098737
   4  H4      1.00    0.000009882   -2.191935151    1.938774603
   5  H5      1.00   -0.000006105   -3.230782058   -4.455054669
   6  H6      1.00    0.000008524    2.148934704   -2.220796022

 Bond lengths in Bohr (Angstrom)

 1-2  2.519574386  1-6  2.061787146  2-3  2.077862685  2-4  2.067107847
     ( 1.333301342)     ( 1.091050768)     ( 1.099557576)     ( 1.093866361)

 Bond angles

  1-2-3  120.38589278   1-2-4  122.10067133   2-1-6  135.88560566   3-2-4  117.51343588

 NUCLEAR CHARGE:                   16
 NUMBER OF PRIMITIVE AOS:         162
 NUMBER OF SYMMETRY AOS:          148
 NUMBER OF CONTRACTIONS:          116   ( 116A   )
 NUMBER OF CORE ORBITALS:           2   (   2A   )
 NUMBER OF VALENCE ORBITALS:       12   (  12A   )


 NUCLEAR REPULSION ENERGY   30.62931066


 Eigenvalues of metric

         1 0.930E-03 0.127E-02 0.155E-02 0.169E-02 0.183E-02 0.529E-02 0.632E-02 0.805E-02


 Contracted 2-electron integrals neglected if value below      1.0D-11
 AO integral compression algorithm  1   Integral accuracy      1.0D-11

     75.497 MB (compressed) written to integral file ( 35.6%)

     Node minimum: 17.826 MB, node maximum: 19.399 MB


 NUMBER OF SORTED TWO-ELECTRON INTEGRALS:    5756224.     BUFFER LENGTH:  32768
 NUMBER OF SEGMENTS:   1  SEGMENT LENGTH:    5756224      RECORD LENGTH: 524288

 Memory used in sort:       6.31 MW

 SORT1 READ    26408721. AND WROTE     4789537. INTEGRALS IN     14 RECORDS. CPU TIME:     0.42 SEC, REAL TIME:     0.54 SEC
 SORT2 READ    19108544. AND WROTE    23028291. INTEGRALS IN    296 RECORDS. CPU TIME:     0.17 SEC, REAL TIME:     0.20 SEC

 Node minimum:     5754528.  Node maximum:     5759618. integrals

 OPERATOR DM      FOR CENTER  0  COORDINATES:    0.000000    0.000000    0.000000


 **********************************************************************************************************************************
 DATASETS  * FILE   NREC   LENGTH (MB)   RECORD NAMES
              1      18        3.13       500      610      700      900      950      970     1001      129      960     1100   
                                          VAR    BASINP    GEOM    SYMINP    ZMAT    AOBASIS   BASIS     P2S    ABASIS      S 
                                         1400     1410     1200     1210     1080     1600     1650     1700   
                                           T        V       H0       H01     AOSYM     SMH    MOLCAS    OPER   

              2       7        0.85       700     1000     2100     2140     2141     2142     1001   
                                         GEOM     BASIS     RHF     MCSCF    MCSCF    MCSCF    BASIS   

 PROGRAMS   *        TOTAL       INT     MULTI       INT     MULTI     MULTI        HF       INT
 CPU TIMES  *         3.10      1.09      0.41      0.12      0.68      0.44      0.12      0.12
 REAL TIME  *        13.79 SEC
 DISK USED  *       320.84 MB      
 SF USED    *        12.56 MB      
 GA USED    *         0.00 MB       (max)       0.00 MB       (current)
 **********************************************************************************************************************************

1PROGRAM * MULTI (Direct Multiconfiguration SCF)       Authors: P.J. Knowles, H.-J. Werner (1984)     S.T. Elbert (1988)


 Number of closed-shell orbitals:  6 (  6 )
 Number of active  orbitals:       4 (  4 )
 Number of external orbitals:    106 (106 )

 State symmetry 1

 Number of electrons:     4    Spin symmetry=Singlet   Space symmetry=1
 Number of states:        1
 Number of CSFs:         20   (36 determinants, 36 intermediate states)

 Iteration controls:
             1  2  3  4  5  6  7  8  9 10 11 12 13 14 15 16 17 18 19 20 21 22 23 24 25 26 27 28 29 30 31 32 33 34 35 36 37 38 39
 DIAGCI      T  T  T  T  T  T  T  T  T  T  T  T  T  T  T  T  T  T  T  T  T  T  T  T  T  T  T  T  T  T  T  T  T  T  T  T  T  T  T
 WERNER      T  T  T  T  T  T  T  T  T  T  T  T  T  T  T  T  T  T  T  T  T  T  T  T  T  T  T  T  T  T  T  T  T  T  T  T  T  T  T
 INTERNAL    F  T  T  T  T  T  T  T  T  T  T  T  T  T  T  T  T  T  T  T  T  T  T  T  T  T  T  T  T  T  T  T  T  T  T  T  T  T  T

 Molecular orbitals read from record     2142.2  Type=MCSCF/NATURAL (state 1.1)
 
 Present basis size:     116
 Previous basis size:     56
 Previous occupation:     10
 Previous closed-shells:   6
 Present occupation:      10
 Present closed-shells:    6
 Wavefunction symmetry:    1   Singlet 

 Orbital overlap <old|new>:  < 1.1| 1.1> = 0.999997   < 2.1| 2.1> = 0.999997   < 3.1| 3.1> = 0.999911   < 4.1| 4.1> = 0.999920
                             < 5.1| 5.1> = 0.999896   < 6.1| 6.1> = 0.999917   < 7.1| 7.1> = 0.999642   < 8.1| 8.1> = 0.999753
                             < 9.1| 9.1> = 0.999504   <10.1|10.1> = 0.999737

 Wavefunction dump at record             2143.2

 Convergence thresholds  0.10E-01 (gradient)  0.10E-05 (energy)  0.10E-02 (step length)

 Number of orbital rotations:    1084     (  24 Core/Active  636 Core/Virtual   0 Active/Active  424 Active/Virtual)
 Total number of variables:      1120


 ITER. MIC  NCI  NEG     ENERGY(VAR)     ENERGY(PROJ)   ENERGY CHANGE     GRAD(0)  GRAD(ORB)   GRAD(CI)     STEP       TIME

   1   40   17    0     -77.94851866     -77.95278949   -0.00427083    0.19591491 0.00000128 0.00000008  0.36D-01      0.79
   2   38   12    0     -77.95278835     -77.95278839   -0.00000004    0.00029004 0.00000002 0.00000004  0.19D-03      1.56

 ** WVFN ****  CONVERGENCE REACHED, FINAL GRADIENT:  0.28D-07


 First order charge density matrix for state 1.1 saved on record  2143.2 (density set 1)

 Results for state 1.1
 =====================

 !MCSCF STATE 1.1 Energy              -77.952788388774
 Nuclear energy                        30.62931066
 Kinetic energy                        77.70712837
 One electron energy                 -164.45333213
 Two electron energy                   55.87123309
 Virial ratio                           2.00316136

 !MCSCF STATE 1.1 Dipole moment         0.00000134     0.26448634     0.26858674
 Dipole moment /Debye                   0.00000340     0.67221320     0.68263469


 Natural orbital dump at molpro section                    2143.2    (Orbital set 2)



 **********************************************************************************************************************************
 DATASETS  * FILE   NREC   LENGTH (MB)   RECORD NAMES
              1      19       12.26       500      610      700      900      950      970     1001      129      960     1100   
                                          VAR    BASINP    GEOM    SYMINP    ZMAT    AOBASIS   BASIS     P2S    ABASIS      S 
                                         1400     1410     1200     1210     1080     1600     1650     1700     1380   
                                           T        V       H0       H01     AOSYM     SMH    MOLCAS    OPER     JKOP   

              2       8        1.16       700     1000     2100     2140     2141     2142     1001     2143   
                                         GEOM     BASIS     RHF     MCSCF    MCSCF    MCSCF    BASIS    MCSCF   

 PROGRAMS   *        TOTAL     MULTI       INT     MULTI       INT     MULTI     MULTI        HF       INT
 CPU TIMES  *         5.28      2.18      1.09      0.41      0.12      0.68      0.44      0.12      0.12
 REAL TIME  *        17.39 SEC
 DISK USED  *       320.84 MB      
 SF USED    *        44.14 MB      
 GA USED    *         0.00 MB       (max)       0.00 MB       (current)
 **********************************************************************************************************************************

1PROGRAM * RS2C (Multireference RS Perturbation Theory)     Authors: H.-J. Werner (1993), P. Celani (1998)


 Level shift= 0.20

 Convergence thresholds:  THRVAR = 1.00D-06  THRDEN = 1.00D-06

 Number of optimized states:  1  Roots:   1
 Number of reference states:  1  Roots:   1

 Reference symmetry:                   1   Singlet 
 Number of electrons:                 16
 Maximum number of shells:             4
 Maximum number of spin couplings:     5

 Reference space:       19 conf       20 CSFs
 N elec internal:       19 conf       20 CSFs
 N-1 el internal:       16 conf       20 CSFs
 N-2 el internal:       10 conf       16 CSFs

 Number of electrons in valence space:                     12
 Maximum number of open shell orbitals in reference space:  4
 Maximum number of open shell orbitals in internal spaces:  6


 Number of core orbitals:           2 (   2 )
 Number of closed-shell orbitals:   4 (   4 )
 Number of active  orbitals:        4 (   4 )
 Number of external orbitals:     106 ( 106 )

 Molecular orbitals read from record     2143.2  Type=MCSCF/NATURAL (state 1.1)

 Coulomb and exchange operators available. No transformation done.

 Number of p-space configurations:  10

 Reference wavefunction optimized for reference space (refopt=1)

 State     Reference Energy 
   1         -77.95278839

 Number of blocks in overlap matrix:     2   Smallest eigenvalue:  0.19D-05
 Number of N-2 electron functions:      64
 Number of N-1 electron functions:      20

 Number of internal configurations:                   20
 Number of singly external configurations:          2120
 Number of doubly external configurations:        359976
 Total number of contracted configurations:       362116
 Total number of uncontracted configurations:      92240

 Weight factors for SA-density in H0:    1.000000

 FIMAX=  0.28D-01  FXMAX=  0.76D-08  DIAG=  F  F  NOREF=1  NOINT=0  IHPPD=2

 Nuclear energy:                      30.62931066
 Core energy:                        -77.73916169
 Zeroth-order valence energy:         -7.04667279
 Zeroth-order total energy:          -54.15652382
 First-order energy:                 -23.79626457


 Using contracted singles

 Number of contracted N-1 electron functions:        188
 Number of contracted internal configurations:        16


 Diagonal Coupling coefficients finished.               Storage:    3448 words, CPU-Time:      0.00 seconds.
 Energy denominators for pairs finished in 0 passes.    Storage:   24276 words, CPU-time:      0.00 seconds.

 A level shift of 0.20 is applied.

  ITER. STATE  ROOT     SQ.NORM     CORR.ENERGY   TOTAL ENERGY   ENERGY CHANGE       DEN1      VAR(S)    VAR(P)      TIME
    1     1     1     1.02092618    -0.00418524   -77.95697362    -0.00418524    -0.26222770  0.21D-01  0.59D-01     0.11
    2     1     1     1.08216128    -0.28166440   -78.23445279    -0.27747917    -0.00096302  0.25D-03  0.92D-04     0.19
    3     1     1     1.08268584    -0.28258928   -78.23537767    -0.00092487    -0.00073399  0.42D-04  0.41D-06     0.28
    4     1     1     1.08286360    -0.28271025   -78.23549864    -0.00012097    -0.00002803  0.12D-05  0.18D-06     0.37
    5     1     1     1.08290579    -0.28272307   -78.23551146    -0.00001282    -0.00002966  0.15D-06  0.33D-08     0.44
    6     1     1     1.08291604    -0.28272541   -78.23551380    -0.00000234    -0.00000223  0.14D-07  0.61D-09     0.53
    7     1     1     1.08291965    -0.28272617   -78.23551455    -0.00000075    -0.00000195  0.19D-08  0.46D-10     0.61

 Energies without level shift correction:

    7     1     1     1.08291965    -0.26614223   -78.21893062

 Energy contributions for state 1.1:
 ===================================

            Energy contr.      SQ.Norm of FOWF
 Space I0     0.00000000          0.00000000
 Space I1    -0.00154956          0.00120328
 Space I2    -0.00123067          0.00065488
 Space S0    -0.00458005          0.00286461
 Space Sc    -0.04632905          0.01984443
 Space Pc    -0.21245290          0.05835245
 Space P0     0.00000000          0.00000000
 Space P1     0.00000000          0.00000000
 Space P2    -0.03967297          0.01354359
 Space P1,P2 -0.21245290          0.05835245


 =====================================
 Analysis of CPU times by interactions
 =====================================

       I      S      P

 I   0.0%
 S   0.0%   3.3%
 P   0.0%  49.2%  23.0%

 Initialization:  16.4%
 Other:            8.2%

 Total CPU:        0.6 seconds
 =====================================





 RESULTS FOR STATE 1.1
 =====================


 Reference energy                     -77.95278839
 Nuclear energy                        30.62931066
 Correlation energy                    -0.28272617
 !RSPT2 STATE 1.1 Energy              -78.235514554316


 **********************************************************************************************************************************
 DATASETS  * FILE   NREC   LENGTH (MB)   RECORD NAMES
              1      19       12.26       500      610      700      900      950      970     1001      129      960     1100   
                                          VAR    BASINP    GEOM    SYMINP    ZMAT    AOBASIS   BASIS     P2S    ABASIS      S 
                                         1400     1410     1200     1210     1080     1600     1650     1700     1380   
                                           T        V       H0       H01     AOSYM     SMH    MOLCAS    OPER     JKOP   

              2       8        1.16       700     1000     2100     2140     2141     2142     1001     2143   
                                         GEOM     BASIS     RHF     MCSCF    MCSCF    MCSCF    BASIS    MCSCF   

 PROGRAMS   *        TOTAL      RS2C     MULTI       INT     MULTI       INT     MULTI     MULTI        HF       INT
 CPU TIMES  *         5.92      0.63      2.18      1.09      0.41      0.12      0.68      0.44      0.12      0.12
 REAL TIME  *        19.59 SEC
 DISK USED  *       320.84 MB      
 SF USED    *        44.14 MB      
 GA USED    *         0.00 MB       (max)       0.00 MB       (current)
 **********************************************************************************************************************************
 SETTING CBSEN          =       -78.23551455  AU                              

 Dump information in style MOLDEN to molpro.molden                                                                   

 Molecular orbitals read from record     2143.2  Type=MCSCF/NATURAL (state 1.1)
 Occupation numbers read from record     2143.2  Type=MCSCF/NATURAL (state 1.1)
 Orbital energies read from record       2143.2  Type=MCSCF/NATURAL (state 1.1)
 Redundancy group numbers read from rec  2143.2  Type=MCSCF/NATURAL (state 1.1)
 
 DUMP ORBITAL  1.1 AS ORBITAL    1  occ=    2.0000  eig=  -11.2543  GROUP=   2
 DUMP ORBITAL  2.1 AS ORBITAL    2  occ=    2.0000  eig=  -11.2367  GROUP=   2
 DUMP ORBITAL  3.1 AS ORBITAL    3  occ=    2.0000  eig=   -1.0200  GROUP=   2
 DUMP ORBITAL  4.1 AS ORBITAL    4  occ=    2.0000  eig=   -0.7635  GROUP=   2
 DUMP ORBITAL  5.1 AS ORBITAL    5  occ=    2.0000  eig=   -0.6176  GROUP=   2
 DUMP ORBITAL  6.1 AS ORBITAL    6  occ=    2.0000  eig=   -0.5782  GROUP=   2
 DUMP ORBITAL  7.1 AS ORBITAL    7  occ=    1.9025  eig=   -0.3716  GROUP=   3
 DUMP ORBITAL  8.1 AS ORBITAL    8  occ=    1.4896  eig=   -0.2563  GROUP=   3
 DUMP ORBITAL  9.1 AS ORBITAL    9  occ=    0.5105  eig=   -0.0399  GROUP=   3
 DUMP ORBITAL 10.1 AS ORBITAL   10  occ=    0.0975  eig=    0.2153  GROUP=   3

 Total charge:      16.000000

 **********************************************************************************************************************************

        RS2C            MULTI           MULTI           MULTI           MULTI           HF-SCF  
    -78.23551455    -77.95278839    -77.93172491    -77.99400657    -77.96345599    -77.92120942
 **********************************************************************************************************************************
 Variable memory released
