Wells (G - ground energy, D - dissociation limit, kcal/mol):
      Name        G        D
     REACS      0.0     79.0

Bimolecular Products (G - ground energy, kcal/mol):
      Name        G
     PRODS    102.6

Well-to-Bimolecular Barriers (H/G - barrier height/well depth, kcal/mol)
      Name        H     Well        G  Product
        TS     79.0    REACS      0.0    PRODS

________________________________________________________________________________________

Unimolecular Rate Units: 1/sec;  Bimolecular Rate Units: cm^3/sec

______________________________________________________________________________________

Species-Species Rate Tables:

Temperature = 300 K

High Pressure Rate Coefficients:

From\To         REACS        PRODS
REACS             ***  1.47496e-44
PRODS     1.64393e+06          ***

Temperature = 300 K    Pressure = 1 atm

From\To         REACS        PRODS
REACS     1.39867e-44  1.39867e-44
PRODS      1.5589e+06   1.5589e+06

Temperature = 300 K    Pressure = 10 atm

From\To         REACS        PRODS
REACS     1.46573e-44  1.46573e-44
PRODS     1.63363e+06  1.63363e+06

Temperature = 300 K    Pressure = 100 atm

From\To         REACS        PRODS
REACS     1.47392e-44  1.47392e-44
PRODS     1.64277e+06  1.64277e+06

Temperature = 300 K    Pressure = 1000 atm

From\To         REACS        PRODS
REACS     1.47477e-44  1.47477e-44
PRODS     1.64371e+06  1.64371e+06

Temperature = 300 K    Pressure = 10000 atm

From\To         REACS        PRODS
REACS     1.47485e-44  1.47485e-44
PRODS      1.6438e+06   1.6438e+06

Temperature = 400 K

High Pressure Rate Coefficients:

From\To         REACS        PRODS
REACS             ***  5.31252e-30
PRODS          73.661          ***

Temperature = 400 K    Pressure = 1 atm

From\To         REACS        PRODS
REACS     4.64766e-30  4.64766e-30
PRODS         64.4424      64.4424

Temperature = 400 K    Pressure = 10 atm

From\To         REACS        PRODS
REACS     5.21052e-30  5.21052e-30
PRODS         72.2467      72.2467

Temperature = 400 K    Pressure = 100 atm

From\To         REACS        PRODS
REACS     5.30156e-30  5.30156e-30
PRODS          73.509       73.509

Temperature = 400 K    Pressure = 1000 atm

From\To         REACS        PRODS
REACS     5.31169e-30  5.31169e-30
PRODS         73.6495      73.6495

Temperature = 400 K    Pressure = 10000 atm

From\To         REACS        PRODS
REACS     5.31271e-30  5.31271e-30
PRODS         73.6637      73.6637

Temperature = 500 K

High Pressure Rate Coefficients:

From\To         REACS        PRODS
REACS             ***  3.19104e-21
PRODS        0.182983          ***

Temperature = 500 K    Pressure = 1 atm

From\To         REACS        PRODS
REACS     2.45245e-21  2.45245e-21
PRODS         0.14063      0.14063

Temperature = 500 K    Pressure = 10 atm

From\To         REACS        PRODS
REACS     3.03937e-21  3.03937e-21
PRODS        0.174286     0.174286

Temperature = 500 K    Pressure = 100 atm

From\To         REACS        PRODS
REACS     3.17206e-21  3.17206e-21
PRODS        0.181895     0.181895

Temperature = 500 K    Pressure = 1000 atm

From\To         REACS        PRODS
REACS     3.18913e-21  3.18913e-21
PRODS        0.182873     0.182873

Temperature = 500 K    Pressure = 10000 atm

From\To         REACS        PRODS
REACS     3.19091e-21  3.19091e-21
PRODS        0.182975     0.182975

Temperature = 600 K

High Pressure Rate Coefficients:

From\To         REACS        PRODS
REACS             ***  2.43333e-15
PRODS      0.00341695          ***

Temperature = 600 K    Pressure = 1 atm

From\To         REACS        PRODS
REACS     1.57429e-15  1.57429e-15
PRODS      0.00221067   0.00221067

Temperature = 600 K    Pressure = 10 atm

From\To         REACS        PRODS
REACS      2.2018e-15   2.2018e-15
PRODS      0.00309183   0.00309183

Temperature = 600 K    Pressure = 100 atm

From\To         REACS        PRODS
REACS      2.3996e-15   2.3996e-15
PRODS      0.00336959   0.00336959

Temperature = 600 K    Pressure = 1000 atm

From\To         REACS        PRODS
REACS     2.43069e-15  2.43069e-15
PRODS      0.00341324   0.00341324

Temperature = 600 K    Pressure = 10000 atm

From\To         REACS        PRODS
REACS     2.43413e-15  2.43413e-15
PRODS      0.00341807   0.00341807

Temperature = 700 K

High Pressure Rate Coefficients:

From\To         REACS        PRODS
REACS             ***  4.05372e-11
PRODS     0.000202655          ***

Temperature = 700 K    Pressure = 1 atm

From\To         REACS        PRODS
REACS     2.13302e-11  2.13302e-11
PRODS     0.000106635  0.000106635

Temperature = 700 K    Pressure = 10 atm

From\To         REACS        PRODS
REACS     3.39418e-11  3.39418e-11
PRODS     0.000169683  0.000169683

Temperature = 700 K    Pressure = 100 atm

From\To         REACS        PRODS
REACS     3.93382e-11  3.93382e-11
PRODS     0.000196661  0.000196661

Temperature = 700 K    Pressure = 1000 atm

From\To         REACS        PRODS
REACS     4.04077e-11  4.04077e-11
PRODS     0.000202008  0.000202008

Temperature = 700 K    Pressure = 10000 atm

From\To         REACS        PRODS
REACS     4.05376e-11  4.05376e-11
PRODS     0.000202657  0.000202657

Temperature = 800 K

High Pressure Rate Coefficients:

From\To         REACS        PRODS
REACS             ***   6.1345e-08
PRODS      2.4763e-05          ***

Temperature = 800 K    Pressure = 1 atm

From\To         REACS        PRODS
REACS     2.56101e-08  2.56101e-08
PRODS      1.0338e-05   1.0338e-05

Temperature = 800 K    Pressure = 10 atm

From\To         REACS        PRODS
REACS      4.6329e-08   4.6329e-08
PRODS     1.87016e-05  1.87016e-05

Temperature = 800 K    Pressure = 100 atm

From\To         REACS        PRODS
REACS      5.7974e-08   5.7974e-08
PRODS     2.34023e-05  2.34023e-05

Temperature = 800 K    Pressure = 1000 atm

From\To         REACS        PRODS
REACS     6.09096e-08  6.09096e-08
PRODS     2.45873e-05  2.45873e-05

Temperature = 800 K    Pressure = 10000 atm

From\To         REACS        PRODS
REACS      6.1314e-08   6.1314e-08
PRODS     2.47505e-05  2.47505e-05

Temperature = 900 K

High Pressure Rate Coefficients:

From\To         REACS        PRODS
REACS             ***  1.86466e-05
PRODS     4.89796e-06          ***

Temperature = 900 K    Pressure = 1 atm

From\To         REACS        PRODS
REACS     6.06947e-06  6.06947e-06
PRODS     1.59428e-06  1.59428e-06

Temperature = 900 K    Pressure = 10 atm

From\To         REACS        PRODS
REACS     1.24086e-05  1.24086e-05
PRODS     3.25939e-06  3.25939e-06

Temperature = 900 K    Pressure = 100 atm

From\To         REACS        PRODS
REACS     1.69426e-05  1.69426e-05
PRODS     4.45035e-06  4.45035e-06

Temperature = 900 K    Pressure = 1000 atm

From\To         REACS        PRODS
REACS     1.83889e-05  1.83889e-05
PRODS     4.83025e-06  4.83025e-06

Temperature = 900 K    Pressure = 10000 atm

From\To         REACS        PRODS
REACS     1.86204e-05  1.86204e-05
PRODS     4.89106e-06  4.89106e-06

Temperature = 1000 K

High Pressure Rate Coefficients:

From\To         REACS        PRODS
REACS             ***   0.00183508
PRODS     1.35647e-06          ***

Temperature = 1000 K    Pressure = 1 atm

From\To         REACS        PRODS
REACS     0.000460548  0.000460548
PRODS      3.4043e-07   3.4043e-07

Temperature = 1000 K    Pressure = 10 atm

From\To         REACS        PRODS
REACS      0.00105506   0.00105506
PRODS     7.79887e-07  7.79887e-07

Temperature = 1000 K    Pressure = 100 atm

From\To         REACS        PRODS
REACS      0.00158109   0.00158109
PRODS     1.16872e-06  1.16872e-06

Temperature = 1000 K    Pressure = 1000 atm

From\To         REACS        PRODS
REACS      0.00179079   0.00179079
PRODS     1.32372e-06  1.32372e-06

Temperature = 1000 K    Pressure = 10000 atm

From\To         REACS        PRODS
REACS      0.00183037   0.00183037
PRODS     1.35299e-06  1.35299e-06

Temperature = 1100 K

High Pressure Rate Coefficients:

From\To         REACS        PRODS
REACS             ***    0.0792998
PRODS     4.79584e-07          ***

Temperature = 1100 K    Pressure = 1 atm

From\To         REACS        PRODS
REACS       0.0152199    0.0152199
PRODS     9.20458e-08  9.20458e-08

Temperature = 1100 K    Pressure = 10 atm

From\To         REACS        PRODS
REACS       0.0387259    0.0387259
PRODS     2.34204e-07  2.34204e-07

Temperature = 1100 K    Pressure = 100 atm

From\To         REACS        PRODS
REACS       0.0638375    0.0638375
PRODS     3.86073e-07  3.86073e-07

Temperature = 1100 K    Pressure = 1000 atm

From\To         REACS        PRODS
REACS       0.0761593    0.0761593
PRODS     4.60591e-07  4.60591e-07

Temperature = 1100 K    Pressure = 10000 atm

From\To         REACS        PRODS
REACS       0.0789215    0.0789215
PRODS     4.77296e-07  4.77296e-07

Temperature = 1200 K

High Pressure Rate Coefficients:

From\To         REACS        PRODS
REACS             ***      1.84474
PRODS     2.03532e-07          ***

Temperature = 1200 K    Pressure = 1 atm

From\To         REACS        PRODS
REACS        0.269629     0.269629
PRODS     2.97483e-08  2.97483e-08

Temperature = 1200 K    Pressure = 10 atm

From\To         REACS        PRODS
REACS        0.755199     0.755199
PRODS     8.33215e-08  8.33215e-08

Temperature = 1200 K    Pressure = 100 atm

From\To         REACS        PRODS
REACS          1.3685       1.3685
PRODS     1.50987e-07  1.50987e-07

Temperature = 1200 K    Pressure = 1000 atm

From\To         REACS        PRODS
REACS         1.73305      1.73305
PRODS     1.91208e-07  1.91208e-07

Temperature = 1200 K    Pressure = 10000 atm

From\To         REACS        PRODS
REACS         1.83016      1.83016
PRODS     2.01923e-07  2.01923e-07

Temperature = 1300 K

High Pressure Rate Coefficients:

From\To         REACS        PRODS
REACS             ***      26.6128
PRODS     9.93571e-08          ***

Temperature = 1300 K    Pressure = 1 atm

From\To         REACS        PRODS
REACS         2.95476      2.95476
PRODS     1.10314e-08  1.10314e-08

Temperature = 1300 K    Pressure = 10 atm

From\To         REACS        PRODS
REACS         9.03479      9.03479
PRODS     3.37308e-08  3.37308e-08

Temperature = 1300 K    Pressure = 100 atm

From\To         REACS        PRODS
REACS         17.9538      17.9538
PRODS     6.70293e-08  6.70293e-08

Temperature = 1300 K    Pressure = 1000 atm

From\To         REACS        PRODS
REACS          24.279       24.279
PRODS     9.06442e-08  9.06442e-08

Temperature = 1300 K    Pressure = 10000 atm

From\To         REACS        PRODS
REACS         26.2753      26.2753
PRODS     9.80971e-08  9.80971e-08

Temperature = 1400 K

High Pressure Rate Coefficients:

From\To         REACS        PRODS
REACS             ***       263.48
PRODS     5.41197e-08          ***

Temperature = 1400 K    Pressure = 1 atm

From\To         REACS        PRODS
REACS          22.183       22.183
PRODS     4.55645e-09  4.55645e-09

Temperature = 1400 K    Pressure = 10 atm

From\To         REACS        PRODS
REACS         73.5172      73.5172
PRODS     1.51006e-08  1.51006e-08

Temperature = 1400 K    Pressure = 100 atm

From\To         REACS        PRODS
REACS         159.683      159.683
PRODS     3.27993e-08  3.27993e-08

Temperature = 1400 K    Pressure = 1000 atm

From\To         REACS        PRODS
REACS          231.57       231.57
PRODS     4.75651e-08  4.75651e-08

Temperature = 1400 K    Pressure = 10000 atm

From\To         REACS        PRODS
REACS         258.299      258.299
PRODS     5.30553e-08  5.30553e-08

Temperature = 1500 K

High Pressure Rate Coefficients:

From\To         REACS        PRODS
REACS             ***      1928.76
PRODS     3.21682e-08          ***

Temperature = 1500 K    Pressure = 1 atm

From\To         REACS        PRODS
REACS         123.222      123.222
PRODS     2.05512e-09  2.05512e-09

Temperature = 1500 K    Pressure = 10 atm

From\To         REACS        PRODS
REACS         439.602      439.602
PRODS     7.33175e-09  7.33175e-09

Temperature = 1500 K    Pressure = 100 atm

From\To         REACS        PRODS
REACS         1039.26      1039.26
PRODS      1.7333e-08   1.7333e-08

Temperature = 1500 K    Pressure = 1000 atm

From\To         REACS        PRODS
REACS         1620.25      1620.25
PRODS     2.70227e-08  2.70227e-08

Temperature = 1500 K    Pressure = 10000 atm

From\To         REACS        PRODS
REACS            1873         1873
PRODS     3.12382e-08  3.12382e-08

Temperature = 1600 K

High Pressure Rate Coefficients:

From\To         REACS        PRODS
REACS             ***      11041.3
PRODS     2.05196e-08          ***

Temperature = 1600 K    Pressure = 1 atm

From\To         REACS        PRODS
REACS         535.878      535.878
PRODS     9.95898e-10  9.95898e-10

Temperature = 1600 K    Pressure = 10 atm

From\To         REACS        PRODS
REACS         2045.68      2045.68
PRODS     3.80178e-09  3.80178e-09

Temperature = 1600 K    Pressure = 100 atm

From\To         REACS        PRODS
REACS         5240.98      5240.98
PRODS     9.74007e-09  9.74007e-09

Temperature = 1600 K    Pressure = 1000 atm

From\To         REACS        PRODS
REACS         8794.34      8794.34
PRODS     1.63438e-08  1.63438e-08

Temperature = 1600 K    Pressure = 10000 atm

From\To         REACS        PRODS
REACS         10589.6      10589.6
PRODS     1.96802e-08  1.96802e-08

Temperature = 1700 K

High Pressure Rate Coefficients:

From\To         REACS        PRODS
REACS             ***      51597.4
PRODS     1.38692e-08          ***

Temperature = 1700 K    Pressure = 1 atm

From\To         REACS        PRODS
REACS         1905.31      1905.31
PRODS     5.12139e-10  5.12139e-10

Temperature = 1700 K    Pressure = 10 atm

From\To         REACS        PRODS
REACS         7742.49      7742.49
PRODS     2.08115e-09  2.08115e-09

Temperature = 1700 K    Pressure = 100 atm

From\To         REACS        PRODS
REACS         21404.9      21404.9
PRODS     5.75357e-09  5.75357e-09

Temperature = 1700 K    Pressure = 1000 atm

From\To         REACS        PRODS
REACS         38662.4      38662.4
PRODS     1.03924e-08  1.03924e-08

Temperature = 1700 K    Pressure = 10000 atm

From\To         REACS        PRODS
REACS         48711.3      48711.3
PRODS     1.30935e-08  1.30935e-08

Temperature = 1800 K

High Pressure Rate Coefficients:

From\To         REACS        PRODS
REACS             ***       203541
PRODS     9.83533e-09          ***

Temperature = 1800 K    Pressure = 1 atm

From\To         REACS        PRODS
REACS         5734.62      5734.62
PRODS     2.77098e-10  2.77098e-10

Temperature = 1800 K    Pressure = 10 atm

From\To         REACS        PRODS
REACS           24681        24681
PRODS     1.19261e-09  1.19261e-09

Temperature = 1800 K    Pressure = 100 atm

From\To         REACS        PRODS
REACS         73305.4      73305.4
PRODS     3.54219e-09  3.54219e-09

Temperature = 1800 K    Pressure = 1000 atm

From\To         REACS        PRODS
REACS          142418       142418
PRODS     6.88181e-09  6.88181e-09

Temperature = 1800 K    Pressure = 10000 atm

From\To         REACS        PRODS
REACS          188458       188458
PRODS      9.1065e-09   9.1065e-09

Temperature = 1900 K

High Pressure Rate Coefficients:

From\To         REACS        PRODS
REACS             ***       695985
PRODS     7.26101e-09          ***

Temperature = 1900 K    Pressure = 1 atm

From\To         REACS        PRODS
REACS         15007.1      15007.1
PRODS     1.56556e-10  1.56556e-10

Temperature = 1900 K    Pressure = 10 atm

From\To         REACS        PRODS
REACS         68103.4      68103.4
PRODS      7.1049e-10   7.1049e-10

Temperature = 1900 K    Pressure = 100 atm

From\To         REACS        PRODS
REACS          216401       216401
PRODS     2.25764e-09  2.25764e-09

Temperature = 1900 K    Pressure = 1000 atm

From\To         REACS        PRODS
REACS          451596       451596
PRODS     4.71137e-09  4.71137e-09

Temperature = 1900 K    Pressure = 10000 atm

From\To         REACS        PRODS
REACS          629550       629550
PRODS     6.56792e-09  6.56792e-09

Temperature = 2000 K

High Pressure Rate Coefficients:

From\To         REACS        PRODS
REACS             ***  2.10715e+06
PRODS     5.54601e-09          ***

Temperature = 2000 K    Pressure = 1 atm

From\To         REACS        PRODS
REACS         34875.5      34875.5
PRODS     9.17802e-11  9.17802e-11

Temperature = 2000 K    Pressure = 10 atm

From\To         REACS        PRODS
REACS          166234       166234
PRODS     4.37504e-10  4.37504e-10

Temperature = 2000 K    Pressure = 100 atm

From\To         REACS        PRODS
REACS          562933       562933
PRODS     1.48162e-09  1.48162e-09

Temperature = 2000 K    Pressure = 1000 atm

From\To         REACS        PRODS
REACS     1.25966e+06  1.25966e+06
PRODS     3.31541e-09  3.31541e-09

Temperature = 2000 K    Pressure = 10000 atm

From\To         REACS        PRODS
REACS     1.85438e+06  1.85438e+06
PRODS     4.88071e-09  4.88071e-09

Temperature = 2100 K

High Pressure Rate Coefficients:

From\To         REACS        PRODS
REACS             ***  5.74675e+06
PRODS     4.36076e-09          ***

Temperature = 2100 K    Pressure = 1 atm

From\To         REACS        PRODS
REACS         73260.8      73260.8
PRODS     5.55753e-11  5.55753e-11

Temperature = 2100 K    Pressure = 10 atm

From\To         REACS        PRODS
REACS          365455       365455
PRODS     2.77279e-10  2.77279e-10

Temperature = 2100 K    Pressure = 100 atm

From\To         REACS        PRODS
REACS     1.31401e+06  1.31401e+06
PRODS     9.97062e-10  9.97062e-10

Temperature = 2100 K    Pressure = 1000 atm

From\To         REACS        PRODS
REACS     3.14636e+06  3.14636e+06
PRODS     2.38751e-09  2.38751e-09

Temperature = 2100 K    Pressure = 10000 atm

From\To         REACS        PRODS
REACS     4.89969e+06  4.89969e+06
PRODS     3.71798e-09  3.71798e-09

Temperature = 2200 K

High Pressure Rate Coefficients:

From\To         REACS        PRODS
REACS             ***   1.4319e+07
PRODS     3.51532e-09          ***

Temperature = 2200 K    Pressure = 1 atm

From\To         REACS        PRODS
REACS          141148       141148
PRODS     3.46303e-11  3.46303e-11

Temperature = 2200 K    Pressure = 10 atm

From\To         REACS        PRODS
REACS          734426       734426
PRODS     1.80251e-10  1.80251e-10

Temperature = 2200 K    Pressure = 100 atm

From\To         REACS        PRODS
REACS     2.79368e+06  2.79368e+06
PRODS     6.85793e-10  6.85793e-10

Temperature = 2200 K    Pressure = 1000 atm

From\To         REACS        PRODS
REACS      7.1417e+06   7.1417e+06
PRODS     1.75327e-09  1.75327e-09

Temperature = 2200 K    Pressure = 10000 atm

From\To         REACS        PRODS
REACS     1.17778e+07  1.17778e+07
PRODS     2.89146e-09  2.89146e-09

Temperature = 2300 K

High Pressure Rate Coefficients:

From\To         REACS        PRODS
REACS             ***  3.29791e+07
PRODS     2.89552e-09          ***

Temperature = 2300 K    Pressure = 1 atm

From\To         REACS        PRODS
REACS          252487       252487
PRODS     2.21412e-11  2.21412e-11

Temperature = 2300 K    Pressure = 10 atm

From\To         REACS        PRODS
REACS     1.36592e+06  1.36592e+06
PRODS     1.19857e-10  1.19857e-10

Temperature = 2300 K    Pressure = 100 atm

From\To         REACS        PRODS
REACS     5.47766e+06  5.47766e+06
PRODS     4.80841e-10  4.80841e-10

Temperature = 2300 K    Pressure = 1000 atm

From\To         REACS        PRODS
REACS     1.49127e+07  1.49127e+07
PRODS     1.30926e-09  1.30926e-09

Temperature = 2300 K    Pressure = 10000 atm

From\To         REACS        PRODS
REACS     2.60604e+07  2.60604e+07
PRODS     2.28806e-09  2.28806e-09

Temperature = 2400 K

High Pressure Rate Coefficients:

From\To         REACS        PRODS
REACS             ***  7.08986e+07
PRODS     2.43013e-09          ***

Temperature = 2400 K    Pressure = 1 atm

From\To         REACS        PRODS
REACS          423690       423690
PRODS     1.44905e-11  1.44905e-11

Temperature = 2400 K    Pressure = 10 atm

From\To         REACS        PRODS
REACS     2.37562e+06  2.37562e+06
PRODS     8.13373e-11  8.13373e-11

Temperature = 2400 K    Pressure = 100 atm

From\To         REACS        PRODS
REACS      1.0009e+07   1.0009e+07
PRODS      3.4294e-10   3.4294e-10

Temperature = 2400 K    Pressure = 1000 atm

From\To         REACS        PRODS
REACS      2.8943e+07   2.8943e+07
PRODS     9.91979e-10  9.91979e-10

Temperature = 2400 K    Pressure = 10000 atm

From\To         REACS        PRODS
REACS     5.36025e+07  5.36025e+07
PRODS     1.83727e-09  1.83727e-09

Temperature = 2500 K

High Pressure Rate Coefficients:

From\To         REACS        PRODS
REACS             ***   1.4344e+08
PRODS     2.07328e-09          ***

Temperature = 2500 K    Pressure = 1 atm

From\To         REACS        PRODS
REACS          672501       672501
PRODS     9.68401e-12  9.68401e-12

Temperature = 2500 K    Pressure = 10 atm

From\To         REACS        PRODS
REACS     3.89736e+06  3.89736e+06
PRODS     5.62223e-11  5.62223e-11

Temperature = 2500 K    Pressure = 100 atm

From\To         REACS        PRODS
REACS     1.71947e+07  1.71947e+07
PRODS     2.48354e-10  2.48354e-10

Temperature = 2500 K    Pressure = 1000 atm

From\To         REACS        PRODS
REACS     5.26703e+07  5.26703e+07
PRODS     7.61178e-10  7.61178e-10

Temperature = 2500 K    Pressure = 10000 atm

From\To         REACS        PRODS
REACS     1.03348e+08  1.03348e+08
PRODS     1.49376e-09  1.49376e-09

______________________________________________________________________________________

High Pressure Rate Coefficients (Temperature-Species Rate Tables):

   T(K) REACS->REACS REACS->PRODS
    300          ***  1.47496e-44
    400          ***  5.31252e-30
    500          ***  3.19104e-21
    600          ***  2.43333e-15
    700          ***  4.05372e-11
    800          ***   6.1345e-08
    900          ***  1.86466e-05
   1000          ***   0.00183508
   1100          ***    0.0792998
   1200          ***      1.84474
   1300          ***      26.6128
   1400          ***       263.48
   1500          ***      1928.76
   1600          ***      11041.3
   1700          ***      51597.4
   1800          ***       203541
   1900          ***       695985
   2000          ***  2.10715e+06
   2100          ***  5.74675e+06
   2200          ***   1.4319e+07
   2300          ***  3.29791e+07
   2400          ***  7.08986e+07
   2500          ***   1.4344e+08

   T(K) PRODS->REACS PRODS->PRODS
    300  1.64393e+06          ***
    400       73.661          ***
    500     0.182983          ***
    600   0.00341695          ***
    700  0.000202655          ***
    800   2.4763e-05          ***
    900  4.89796e-06          ***
   1000  1.35647e-06          ***
   1100  4.79584e-07          ***
   1200  2.03532e-07          ***
   1300  9.93571e-08          ***
   1400  5.41197e-08          ***
   1500  3.21682e-08          ***
   1600  2.05196e-08          ***
   1700  1.38692e-08          ***
   1800  9.83533e-09          ***
   1900  7.26101e-09          ***
   2000  5.54601e-09          ***
   2100  4.36076e-09          ***
   2200  3.51532e-09          ***
   2300  2.89552e-09          ***
   2400  2.43013e-09          ***
   2500  2.07328e-09          ***

Capture/Escape Rate Coefficients:

   T(K)        REACS        PRODS
    300  1.47496e-44  1.64393e+06
    400  5.31252e-30       73.661
    500  3.19104e-21     0.182983
    600  2.43333e-15   0.00341695
    700  4.05372e-11  0.000202655
    800   6.1345e-08   2.4763e-05
    900  1.86466e-05  4.89796e-06
   1000   0.00183508  1.35647e-06
   1100    0.0792998  4.79584e-07
   1200      1.84474  2.03532e-07
   1300      26.6128  9.93571e-08
   1400       263.48  5.41197e-08
   1500      1928.76  3.21682e-08
   1600      11041.3  2.05196e-08
   1700      51597.4  1.38692e-08
   1800       203541  9.83533e-09
   1900       695985  7.26101e-09
   2000  2.10715e+06  5.54601e-09
   2100  5.74675e+06  4.36076e-09
   2200   1.4319e+07  3.51532e-09
   2300  3.29791e+07  2.89552e-09
   2400  7.08986e+07  2.43013e-09
   2500   1.4344e+08  2.07328e-09

______________________________________________________________________________________

Pressure-Species Rate Tables:

   Temperature = 300 K

   P(atm) REACS->PRODS      REACS->
        1  1.39867e-44  1.39867e-44
       10  1.46573e-44  1.46573e-44
      100  1.47392e-44  1.47392e-44
     1000  1.47477e-44  1.47477e-44
    10000  1.47485e-44  1.47485e-44
    O-O  1.47496e-44  1.47496e-44

   Temperature = 400 K

   P(atm) REACS->PRODS      REACS->
        1  4.64766e-30  4.64766e-30
       10  5.21052e-30  5.21052e-30
      100  5.30156e-30  5.30156e-30
     1000  5.31169e-30  5.31169e-30
    10000  5.31271e-30  5.31271e-30
    O-O  5.31252e-30  5.31252e-30

   Temperature = 500 K

   P(atm) REACS->PRODS      REACS->
        1  2.45245e-21  2.45245e-21
       10  3.03937e-21  3.03937e-21
      100  3.17206e-21  3.17206e-21
     1000  3.18913e-21  3.18913e-21
    10000  3.19091e-21  3.19091e-21
    O-O  3.19104e-21  3.19104e-21

   Temperature = 600 K

   P(atm) REACS->PRODS      REACS->
        1  1.57429e-15  1.57429e-15
       10   2.2018e-15   2.2018e-15
      100   2.3996e-15   2.3996e-15
     1000  2.43069e-15  2.43069e-15
    10000  2.43413e-15  2.43413e-15
    O-O  2.43333e-15  2.43333e-15

   Temperature = 700 K

   P(atm) REACS->PRODS      REACS->
        1  2.13302e-11  2.13302e-11
       10  3.39418e-11  3.39418e-11
      100  3.93382e-11  3.93382e-11
     1000  4.04077e-11  4.04077e-11
    10000  4.05376e-11  4.05376e-11
    O-O  4.05372e-11  4.05372e-11

   Temperature = 800 K

   P(atm) REACS->PRODS      REACS->
        1  2.56101e-08  2.56101e-08
       10   4.6329e-08   4.6329e-08
      100   5.7974e-08   5.7974e-08
     1000  6.09096e-08  6.09096e-08
    10000   6.1314e-08   6.1314e-08
    O-O   6.1345e-08   6.1345e-08

   Temperature = 900 K

   P(atm) REACS->PRODS      REACS->
        1  6.06947e-06  6.06947e-06
       10  1.24086e-05  1.24086e-05
      100  1.69426e-05  1.69426e-05
     1000  1.83889e-05  1.83889e-05
    10000  1.86204e-05  1.86204e-05
    O-O  1.86466e-05  1.86466e-05

   Temperature = 1000 K

   P(atm) REACS->PRODS      REACS->
        1  0.000460548  0.000460548
       10   0.00105506   0.00105506
      100   0.00158109   0.00158109
     1000   0.00179079   0.00179079
    10000   0.00183037   0.00183037
    O-O   0.00183508   0.00183508

   Temperature = 1100 K

   P(atm) REACS->PRODS      REACS->
        1    0.0152199    0.0152199
       10    0.0387259    0.0387259
      100    0.0638375    0.0638375
     1000    0.0761593    0.0761593
    10000    0.0789215    0.0789215
    O-O    0.0792998    0.0792998

   Temperature = 1200 K

   P(atm) REACS->PRODS      REACS->
        1     0.269629     0.269629
       10     0.755199     0.755199
      100       1.3685       1.3685
     1000      1.73305      1.73305
    10000      1.83016      1.83016
    O-O      1.84474      1.84474

   Temperature = 1300 K

   P(atm) REACS->PRODS      REACS->
        1      2.95476      2.95476
       10      9.03479      9.03479
      100      17.9538      17.9538
     1000       24.279       24.279
    10000      26.2753      26.2753
    O-O      26.6128      26.6128

   Temperature = 1400 K

   P(atm) REACS->PRODS      REACS->
        1       22.183       22.183
       10      73.5172      73.5172
      100      159.683      159.683
     1000       231.57       231.57
    10000      258.299      258.299
    O-O       263.48       263.48

   Temperature = 1500 K

   P(atm) REACS->PRODS      REACS->
        1      123.222      123.222
       10      439.602      439.602
      100      1039.26      1039.26
     1000      1620.25      1620.25
    10000         1873         1873
    O-O      1928.76      1928.76

   Temperature = 1600 K

   P(atm) REACS->PRODS      REACS->
        1      535.878      535.878
       10      2045.68      2045.68
      100      5240.98      5240.98
     1000      8794.34      8794.34
    10000      10589.6      10589.6
    O-O      11041.3      11041.3

   Temperature = 1700 K

   P(atm) REACS->PRODS      REACS->
        1      1905.31      1905.31
       10      7742.49      7742.49
      100      21404.9      21404.9
     1000      38662.4      38662.4
    10000      48711.3      48711.3
    O-O      51597.4      51597.4

   Temperature = 1800 K

   P(atm) REACS->PRODS      REACS->
        1      5734.62      5734.62
       10        24681        24681
      100      73305.4      73305.4
     1000       142418       142418
    10000       188458       188458
    O-O       203541       203541

   Temperature = 1900 K

   P(atm) REACS->PRODS      REACS->
        1      15007.1      15007.1
       10      68103.4      68103.4
      100       216401       216401
     1000       451596       451596
    10000       629550       629550
    O-O       695985       695985

   Temperature = 2000 K

   P(atm) REACS->PRODS      REACS->
        1      34875.5      34875.5
       10       166234       166234
      100       562933       562933
     1000  1.25966e+06  1.25966e+06
    10000  1.85438e+06  1.85438e+06
    O-O  2.10715e+06  2.10715e+06

   Temperature = 2100 K

   P(atm) REACS->PRODS      REACS->
        1      73260.8      73260.8
       10       365455       365455
      100  1.31401e+06  1.31401e+06
     1000  3.14636e+06  3.14636e+06
    10000  4.89969e+06  4.89969e+06
    O-O  5.74675e+06  5.74675e+06

   Temperature = 2200 K

   P(atm) REACS->PRODS      REACS->
        1       141148       141148
       10       734426       734426
      100  2.79368e+06  2.79368e+06
     1000   7.1417e+06   7.1417e+06
    10000  1.17778e+07  1.17778e+07
    O-O   1.4319e+07   1.4319e+07

   Temperature = 2300 K

   P(atm) REACS->PRODS      REACS->
        1       252487       252487
       10  1.36592e+06  1.36592e+06
      100  5.47766e+06  5.47766e+06
     1000  1.49127e+07  1.49127e+07
    10000  2.60604e+07  2.60604e+07
    O-O  3.29791e+07  3.29791e+07

   Temperature = 2400 K

   P(atm) REACS->PRODS      REACS->
        1       423690       423690
       10  2.37562e+06  2.37562e+06
      100   1.0009e+07   1.0009e+07
     1000   2.8943e+07   2.8943e+07
    10000  5.36025e+07  5.36025e+07
    O-O  7.08986e+07  7.08986e+07

   Temperature = 2500 K

   P(atm) REACS->PRODS      REACS->
        1       672501       672501
       10  3.89736e+06  3.89736e+06
      100  1.71947e+07  1.71947e+07
     1000  5.26703e+07  5.26703e+07
    10000  1.03348e+08  1.03348e+08
    O-O   1.4344e+08   1.4344e+08

   Temperature = 300 K

   P(atm) PRODS->REACS      PRODS->
        1   1.5589e+06   1.5589e+06
       10  1.63363e+06  1.63363e+06
      100  1.64277e+06  1.64277e+06
     1000  1.64371e+06  1.64371e+06
    10000   1.6438e+06   1.6438e+06
    O-O  1.64393e+06  1.64393e+06

   Temperature = 400 K

   P(atm) PRODS->REACS      PRODS->
        1      64.4424      64.4424
       10      72.2467      72.2467
      100       73.509       73.509
     1000      73.6495      73.6495
    10000      73.6637      73.6637
    O-O       73.661       73.661

   Temperature = 500 K

   P(atm) PRODS->REACS      PRODS->
        1      0.14063      0.14063
       10     0.174286     0.174286
      100     0.181895     0.181895
     1000     0.182873     0.182873
    10000     0.182975     0.182975
    O-O     0.182983     0.182983

   Temperature = 600 K

   P(atm) PRODS->REACS      PRODS->
        1   0.00221067   0.00221067
       10   0.00309183   0.00309183
      100   0.00336959   0.00336959
     1000   0.00341324   0.00341324
    10000   0.00341807   0.00341807
    O-O   0.00341695   0.00341695

   Temperature = 700 K

   P(atm) PRODS->REACS      PRODS->
        1  0.000106635  0.000106635
       10  0.000169683  0.000169683
      100  0.000196661  0.000196661
     1000  0.000202008  0.000202008
    10000  0.000202657  0.000202657
    O-O  0.000202655  0.000202655

   Temperature = 800 K

   P(atm) PRODS->REACS      PRODS->
        1   1.0338e-05   1.0338e-05
       10  1.87016e-05  1.87016e-05
      100  2.34023e-05  2.34023e-05
     1000  2.45873e-05  2.45873e-05
    10000  2.47505e-05  2.47505e-05
    O-O   2.4763e-05   2.4763e-05

   Temperature = 900 K

   P(atm) PRODS->REACS      PRODS->
        1  1.59428e-06  1.59428e-06
       10  3.25939e-06  3.25939e-06
      100  4.45035e-06  4.45035e-06
     1000  4.83025e-06  4.83025e-06
    10000  4.89106e-06  4.89106e-06
    O-O  4.89796e-06  4.89796e-06

   Temperature = 1000 K

   P(atm) PRODS->REACS      PRODS->
        1   3.4043e-07   3.4043e-07
       10  7.79887e-07  7.79887e-07
      100  1.16872e-06  1.16872e-06
     1000  1.32372e-06  1.32372e-06
    10000  1.35299e-06  1.35299e-06
    O-O  1.35647e-06  1.35647e-06

   Temperature = 1100 K

   P(atm) PRODS->REACS      PRODS->
        1  9.20458e-08  9.20458e-08
       10  2.34204e-07  2.34204e-07
      100  3.86073e-07  3.86073e-07
     1000  4.60591e-07  4.60591e-07
    10000  4.77296e-07  4.77296e-07
    O-O  4.79584e-07  4.79584e-07

   Temperature = 1200 K

   P(atm) PRODS->REACS      PRODS->
        1  2.97483e-08  2.97483e-08
       10  8.33215e-08  8.33215e-08
      100  1.50987e-07  1.50987e-07
     1000  1.91208e-07  1.91208e-07
    10000  2.01923e-07  2.01923e-07
    O-O  2.03532e-07  2.03532e-07

   Temperature = 1300 K

   P(atm) PRODS->REACS      PRODS->
        1  1.10314e-08  1.10314e-08
       10  3.37308e-08  3.37308e-08
      100  6.70293e-08  6.70293e-08
     1000  9.06442e-08  9.06442e-08
    10000  9.80971e-08  9.80971e-08
    O-O  9.93571e-08  9.93571e-08

   Temperature = 1400 K

   P(atm) PRODS->REACS      PRODS->
        1  4.55645e-09  4.55645e-09
       10  1.51006e-08  1.51006e-08
      100  3.27993e-08  3.27993e-08
     1000  4.75651e-08  4.75651e-08
    10000  5.30553e-08  5.30553e-08
    O-O  5.41197e-08  5.41197e-08

   Temperature = 1500 K

   P(atm) PRODS->REACS      PRODS->
        1  2.05512e-09  2.05512e-09
       10  7.33175e-09  7.33175e-09
      100   1.7333e-08   1.7333e-08
     1000  2.70227e-08  2.70227e-08
    10000  3.12382e-08  3.12382e-08
    O-O  3.21682e-08  3.21682e-08

   Temperature = 1600 K

   P(atm) PRODS->REACS      PRODS->
        1  9.95898e-10  9.95898e-10
       10  3.80178e-09  3.80178e-09
      100  9.74007e-09  9.74007e-09
     1000  1.63438e-08  1.63438e-08
    10000  1.96802e-08  1.96802e-08
    O-O  2.05196e-08  2.05196e-08

   Temperature = 1700 K

   P(atm) PRODS->REACS      PRODS->
        1  5.12139e-10  5.12139e-10
       10  2.08115e-09  2.08115e-09
      100  5.75357e-09  5.75357e-09
     1000  1.03924e-08  1.03924e-08
    10000  1.30935e-08  1.30935e-08
    O-O  1.38692e-08  1.38692e-08

   Temperature = 1800 K

   P(atm) PRODS->REACS      PRODS->
        1  2.77098e-10  2.77098e-10
       10  1.19261e-09  1.19261e-09
      100  3.54219e-09  3.54219e-09
     1000  6.88181e-09  6.88181e-09
    10000   9.1065e-09   9.1065e-09
    O-O  9.83533e-09  9.83533e-09

   Temperature = 1900 K

   P(atm) PRODS->REACS      PRODS->
        1  1.56556e-10  1.56556e-10
       10   7.1049e-10   7.1049e-10
      100  2.25764e-09  2.25764e-09
     1000  4.71137e-09  4.71137e-09
    10000  6.56792e-09  6.56792e-09
    O-O  7.26101e-09  7.26101e-09

   Temperature = 2000 K

   P(atm) PRODS->REACS      PRODS->
        1  9.17802e-11  9.17802e-11
       10  4.37504e-10  4.37504e-10
      100  1.48162e-09  1.48162e-09
     1000  3.31541e-09  3.31541e-09
    10000  4.88071e-09  4.88071e-09
    O-O  5.54601e-09  5.54601e-09

   Temperature = 2100 K

   P(atm) PRODS->REACS      PRODS->
        1  5.55753e-11  5.55753e-11
       10  2.77279e-10  2.77279e-10
      100  9.97062e-10  9.97062e-10
     1000  2.38751e-09  2.38751e-09
    10000  3.71798e-09  3.71798e-09
    O-O  4.36076e-09  4.36076e-09

   Temperature = 2200 K

   P(atm) PRODS->REACS      PRODS->
        1  3.46303e-11  3.46303e-11
       10  1.80251e-10  1.80251e-10
      100  6.85793e-10  6.85793e-10
     1000  1.75327e-09  1.75327e-09
    10000  2.89146e-09  2.89146e-09
    O-O  3.51532e-09  3.51532e-09

   Temperature = 2300 K

   P(atm) PRODS->REACS      PRODS->
        1  2.21412e-11  2.21412e-11
       10  1.19857e-10  1.19857e-10
      100  4.80841e-10  4.80841e-10
     1000  1.30926e-09  1.30926e-09
    10000  2.28806e-09  2.28806e-09
    O-O  2.89552e-09  2.89552e-09

   Temperature = 2400 K

   P(atm) PRODS->REACS      PRODS->
        1  1.44905e-11  1.44905e-11
       10  8.13373e-11  8.13373e-11
      100   3.4294e-10   3.4294e-10
     1000  9.91979e-10  9.91979e-10
    10000  1.83727e-09  1.83727e-09
    O-O  2.43013e-09  2.43013e-09

   Temperature = 2500 K

   P(atm) PRODS->REACS      PRODS->
        1  9.68401e-12  9.68401e-12
       10  5.62223e-11  5.62223e-11
      100  2.48354e-10  2.48354e-10
     1000  7.61178e-10  7.61178e-10
    10000  1.49376e-09  1.49376e-09
    O-O  2.07328e-09  2.07328e-09

______________________________________________________________________________________

Temperature-Species Rate Tables:

   Pressure = 1 atm

   T(K) REACS->PRODS      REACS->      Capture
    300  1.39867e-44  1.39867e-44  1.47496e-44
    400  4.64766e-30  4.64766e-30  5.31252e-30
    500  2.45245e-21  2.45245e-21  3.19104e-21
    600  1.57429e-15  1.57429e-15  2.43333e-15
    700  2.13302e-11  2.13302e-11  4.05372e-11
    800  2.56101e-08  2.56101e-08   6.1345e-08
    900  6.06947e-06  6.06947e-06  1.86466e-05
   1000  0.000460548  0.000460548   0.00183508
   1100    0.0152199    0.0152199    0.0792998
   1200     0.269629     0.269629      1.84474
   1300      2.95476      2.95476      26.6128
   1400       22.183       22.183       263.48
   1500      123.222      123.222      1928.76
   1600      535.878      535.878      11041.3
   1700      1905.31      1905.31      51597.4
   1800      5734.62      5734.62       203541
   1900      15007.1      15007.1       695985
   2000      34875.5      34875.5  2.10715e+06
   2100      73260.8      73260.8  5.74675e+06
   2200       141148       141148   1.4319e+07
   2300       252487       252487  3.29791e+07
   2400       423690       423690  7.08986e+07
   2500       672501       672501   1.4344e+08

   Pressure = 10 atm

   T(K) REACS->PRODS      REACS->      Capture
    300  1.46573e-44  1.46573e-44  1.47496e-44
    400  5.21052e-30  5.21052e-30  5.31252e-30
    500  3.03937e-21  3.03937e-21  3.19104e-21
    600   2.2018e-15   2.2018e-15  2.43333e-15
    700  3.39418e-11  3.39418e-11  4.05372e-11
    800   4.6329e-08   4.6329e-08   6.1345e-08
    900  1.24086e-05  1.24086e-05  1.86466e-05
   1000   0.00105506   0.00105506   0.00183508
   1100    0.0387259    0.0387259    0.0792998
   1200     0.755199     0.755199      1.84474
   1300      9.03479      9.03479      26.6128
   1400      73.5172      73.5172       263.48
   1500      439.602      439.602      1928.76
   1600      2045.68      2045.68      11041.3
   1700      7742.49      7742.49      51597.4
   1800        24681        24681       203541
   1900      68103.4      68103.4       695985
   2000       166234       166234  2.10715e+06
   2100       365455       365455  5.74675e+06
   2200       734426       734426   1.4319e+07
   2300  1.36592e+06  1.36592e+06  3.29791e+07
   2400  2.37562e+06  2.37562e+06  7.08986e+07
   2500  3.89736e+06  3.89736e+06   1.4344e+08

   Pressure = 100 atm

   T(K) REACS->PRODS      REACS->      Capture
    300  1.47392e-44  1.47392e-44  1.47496e-44
    400  5.30156e-30  5.30156e-30  5.31252e-30
    500  3.17206e-21  3.17206e-21  3.19104e-21
    600   2.3996e-15   2.3996e-15  2.43333e-15
    700  3.93382e-11  3.93382e-11  4.05372e-11
    800   5.7974e-08   5.7974e-08   6.1345e-08
    900  1.69426e-05  1.69426e-05  1.86466e-05
   1000   0.00158109   0.00158109   0.00183508
   1100    0.0638375    0.0638375    0.0792998
   1200       1.3685       1.3685      1.84474
   1300      17.9538      17.9538      26.6128
   1400      159.683      159.683       263.48
   1500      1039.26      1039.26      1928.76
   1600      5240.98      5240.98      11041.3
   1700      21404.9      21404.9      51597.4
   1800      73305.4      73305.4       203541
   1900       216401       216401       695985
   2000       562933       562933  2.10715e+06
   2100  1.31401e+06  1.31401e+06  5.74675e+06
   2200  2.79368e+06  2.79368e+06   1.4319e+07
   2300  5.47766e+06  5.47766e+06  3.29791e+07
   2400   1.0009e+07   1.0009e+07  7.08986e+07
   2500  1.71947e+07  1.71947e+07   1.4344e+08

   Pressure = 1000 atm

   T(K) REACS->PRODS      REACS->      Capture
    300  1.47477e-44  1.47477e-44  1.47496e-44
    400  5.31169e-30  5.31169e-30  5.31252e-30
    500  3.18913e-21  3.18913e-21  3.19104e-21
    600  2.43069e-15  2.43069e-15  2.43333e-15
    700  4.04077e-11  4.04077e-11  4.05372e-11
    800  6.09096e-08  6.09096e-08   6.1345e-08
    900  1.83889e-05  1.83889e-05  1.86466e-05
   1000   0.00179079   0.00179079   0.00183508
   1100    0.0761593    0.0761593    0.0792998
   1200      1.73305      1.73305      1.84474
   1300       24.279       24.279      26.6128
   1400       231.57       231.57       263.48
   1500      1620.25      1620.25      1928.76
   1600      8794.34      8794.34      11041.3
   1700      38662.4      38662.4      51597.4
   1800       142418       142418       203541
   1900       451596       451596       695985
   2000  1.25966e+06  1.25966e+06  2.10715e+06
   2100  3.14636e+06  3.14636e+06  5.74675e+06
   2200   7.1417e+06   7.1417e+06   1.4319e+07
   2300  1.49127e+07  1.49127e+07  3.29791e+07
   2400   2.8943e+07   2.8943e+07  7.08986e+07
   2500  5.26703e+07  5.26703e+07   1.4344e+08

   Pressure = 10000 atm

   T(K) REACS->PRODS      REACS->      Capture
    300  1.47485e-44  1.47485e-44  1.47496e-44
    400  5.31271e-30  5.31271e-30  5.31252e-30
    500  3.19091e-21  3.19091e-21  3.19104e-21
    600  2.43413e-15  2.43413e-15  2.43333e-15
    700  4.05376e-11  4.05376e-11  4.05372e-11
    800   6.1314e-08   6.1314e-08   6.1345e-08
    900  1.86204e-05  1.86204e-05  1.86466e-05
   1000   0.00183037   0.00183037   0.00183508
   1100    0.0789215    0.0789215    0.0792998
   1200      1.83016      1.83016      1.84474
   1300      26.2753      26.2753      26.6128
   1400      258.299      258.299       263.48
   1500         1873         1873      1928.76
   1600      10589.6      10589.6      11041.3
   1700      48711.3      48711.3      51597.4
   1800       188458       188458       203541
   1900       629550       629550       695985
   2000  1.85438e+06  1.85438e+06  2.10715e+06
   2100  4.89969e+06  4.89969e+06  5.74675e+06
   2200  1.17778e+07  1.17778e+07   1.4319e+07
   2300  2.60604e+07  2.60604e+07  3.29791e+07
   2400  5.36025e+07  5.36025e+07  7.08986e+07
   2500  1.03348e+08  1.03348e+08   1.4344e+08

   Pressure = 1 atm

   T(K) PRODS->REACS      PRODS->      Capture
    300   1.5589e+06   1.5589e+06  1.64393e+06
    400      64.4424      64.4424       73.661
    500      0.14063      0.14063     0.182983
    600   0.00221067   0.00221067   0.00341695
    700  0.000106635  0.000106635  0.000202655
    800   1.0338e-05   1.0338e-05   2.4763e-05
    900  1.59428e-06  1.59428e-06  4.89796e-06
   1000   3.4043e-07   3.4043e-07  1.35647e-06
   1100  9.20458e-08  9.20458e-08  4.79584e-07
   1200  2.97483e-08  2.97483e-08  2.03532e-07
   1300  1.10314e-08  1.10314e-08  9.93571e-08
   1400  4.55645e-09  4.55645e-09  5.41197e-08
   1500  2.05512e-09  2.05512e-09  3.21682e-08
   1600  9.95898e-10  9.95898e-10  2.05196e-08
   1700  5.12139e-10  5.12139e-10  1.38692e-08
   1800  2.77098e-10  2.77098e-10  9.83533e-09
   1900  1.56556e-10  1.56556e-10  7.26101e-09
   2000  9.17802e-11  9.17802e-11  5.54601e-09
   2100  5.55753e-11  5.55753e-11  4.36076e-09
   2200  3.46303e-11  3.46303e-11  3.51532e-09
   2300  2.21412e-11  2.21412e-11  2.89552e-09
   2400  1.44905e-11  1.44905e-11  2.43013e-09
   2500  9.68401e-12  9.68401e-12  2.07328e-09

   Pressure = 10 atm

   T(K) PRODS->REACS      PRODS->      Capture
    300  1.63363e+06  1.63363e+06  1.64393e+06
    400      72.2467      72.2467       73.661
    500     0.174286     0.174286     0.182983
    600   0.00309183   0.00309183   0.00341695
    700  0.000169683  0.000169683  0.000202655
    800  1.87016e-05  1.87016e-05   2.4763e-05
    900  3.25939e-06  3.25939e-06  4.89796e-06
   1000  7.79887e-07  7.79887e-07  1.35647e-06
   1100  2.34204e-07  2.34204e-07  4.79584e-07
   1200  8.33215e-08  8.33215e-08  2.03532e-07
   1300  3.37308e-08  3.37308e-08  9.93571e-08
   1400  1.51006e-08  1.51006e-08  5.41197e-08
   1500  7.33175e-09  7.33175e-09  3.21682e-08
   1600  3.80178e-09  3.80178e-09  2.05196e-08
   1700  2.08115e-09  2.08115e-09  1.38692e-08
   1800  1.19261e-09  1.19261e-09  9.83533e-09
   1900   7.1049e-10   7.1049e-10  7.26101e-09
   2000  4.37504e-10  4.37504e-10  5.54601e-09
   2100  2.77279e-10  2.77279e-10  4.36076e-09
   2200  1.80251e-10  1.80251e-10  3.51532e-09
   2300  1.19857e-10  1.19857e-10  2.89552e-09
   2400  8.13373e-11  8.13373e-11  2.43013e-09
   2500  5.62223e-11  5.62223e-11  2.07328e-09

   Pressure = 100 atm

   T(K) PRODS->REACS      PRODS->      Capture
    300  1.64277e+06  1.64277e+06  1.64393e+06
    400       73.509       73.509       73.661
    500     0.181895     0.181895     0.182983
    600   0.00336959   0.00336959   0.00341695
    700  0.000196661  0.000196661  0.000202655
    800  2.34023e-05  2.34023e-05   2.4763e-05
    900  4.45035e-06  4.45035e-06  4.89796e-06
   1000  1.16872e-06  1.16872e-06  1.35647e-06
   1100  3.86073e-07  3.86073e-07  4.79584e-07
   1200  1.50987e-07  1.50987e-07  2.03532e-07
   1300  6.70293e-08  6.70293e-08  9.93571e-08
   1400  3.27993e-08  3.27993e-08  5.41197e-08
   1500   1.7333e-08   1.7333e-08  3.21682e-08
   1600  9.74007e-09  9.74007e-09  2.05196e-08
   1700  5.75357e-09  5.75357e-09  1.38692e-08
   1800  3.54219e-09  3.54219e-09  9.83533e-09
   1900  2.25764e-09  2.25764e-09  7.26101e-09
   2000  1.48162e-09  1.48162e-09  5.54601e-09
   2100  9.97062e-10  9.97062e-10  4.36076e-09
   2200  6.85793e-10  6.85793e-10  3.51532e-09
   2300  4.80841e-10  4.80841e-10  2.89552e-09
   2400   3.4294e-10   3.4294e-10  2.43013e-09
   2500  2.48354e-10  2.48354e-10  2.07328e-09

   Pressure = 1000 atm

   T(K) PRODS->REACS      PRODS->      Capture
    300  1.64371e+06  1.64371e+06  1.64393e+06
    400      73.6495      73.6495       73.661
    500     0.182873     0.182873     0.182983
    600   0.00341324   0.00341324   0.00341695
    700  0.000202008  0.000202008  0.000202655
    800  2.45873e-05  2.45873e-05   2.4763e-05
    900  4.83025e-06  4.83025e-06  4.89796e-06
   1000  1.32372e-06  1.32372e-06  1.35647e-06
   1100  4.60591e-07  4.60591e-07  4.79584e-07
   1200  1.91208e-07  1.91208e-07  2.03532e-07
   1300  9.06442e-08  9.06442e-08  9.93571e-08
   1400  4.75651e-08  4.75651e-08  5.41197e-08
   1500  2.70227e-08  2.70227e-08  3.21682e-08
   1600  1.63438e-08  1.63438e-08  2.05196e-08
   1700  1.03924e-08  1.03924e-08  1.38692e-08
   1800  6.88181e-09  6.88181e-09  9.83533e-09
   1900  4.71137e-09  4.71137e-09  7.26101e-09
   2000  3.31541e-09  3.31541e-09  5.54601e-09
   2100  2.38751e-09  2.38751e-09  4.36076e-09
   2200  1.75327e-09  1.75327e-09  3.51532e-09
   2300  1.30926e-09  1.30926e-09  2.89552e-09
   2400  9.91979e-10  9.91979e-10  2.43013e-09
   2500  7.61178e-10  7.61178e-10  2.07328e-09

   Pressure = 10000 atm

   T(K) PRODS->REACS      PRODS->      Capture
    300   1.6438e+06   1.6438e+06  1.64393e+06
    400      73.6637      73.6637       73.661
    500     0.182975     0.182975     0.182983
    600   0.00341807   0.00341807   0.00341695
    700  0.000202657  0.000202657  0.000202655
    800  2.47505e-05  2.47505e-05   2.4763e-05
    900  4.89106e-06  4.89106e-06  4.89796e-06
   1000  1.35299e-06  1.35299e-06  1.35647e-06
   1100  4.77296e-07  4.77296e-07  4.79584e-07
   1200  2.01923e-07  2.01923e-07  2.03532e-07
   1300  9.80971e-08  9.80971e-08  9.93571e-08
   1400  5.30553e-08  5.30553e-08  5.41197e-08
   1500  3.12382e-08  3.12382e-08  3.21682e-08
   1600  1.96802e-08  1.96802e-08  2.05196e-08
   1700  1.30935e-08  1.30935e-08  1.38692e-08
   1800   9.1065e-09   9.1065e-09  9.83533e-09
   1900  6.56792e-09  6.56792e-09  7.26101e-09
   2000  4.88071e-09  4.88071e-09  5.54601e-09
   2100  3.71798e-09  3.71798e-09  4.36076e-09
   2200  2.89146e-09  2.89146e-09  3.51532e-09
   2300  2.28806e-09  2.28806e-09  2.89552e-09
   2400  1.83727e-09  1.83727e-09  2.43013e-09
   2500  1.49376e-09  1.49376e-09  2.07328e-09

______________________________________________________________________________________

Temperature-Pressure Rate Tables:

REACS->PRODS

P\T              300          400          500          600          700          800          900         1000         1100         1200         1300         1400         1500         1600         1700         1800         1900         2000         2100         2200         2300         2400         2500
1        1.39867e-44  4.64766e-30  2.45245e-21  1.57429e-15  2.13302e-11  2.56101e-08  6.06947e-06  0.000460548    0.0152199     0.269629      2.95476       22.183      123.222      535.878      1905.31      5734.62      15007.1      34875.5      73260.8       141148       252487       423690       672501
10       1.46573e-44  5.21052e-30  3.03937e-21   2.2018e-15  3.39418e-11   4.6329e-08  1.24086e-05   0.00105506    0.0387259     0.755199      9.03479      73.5172      439.602      2045.68      7742.49        24681      68103.4       166234       365455       734426  1.36592e+06  2.37562e+06  3.89736e+06
100      1.47392e-44  5.30156e-30  3.17206e-21   2.3996e-15  3.93382e-11   5.7974e-08  1.69426e-05   0.00158109    0.0638375       1.3685      17.9538      159.683      1039.26      5240.98      21404.9      73305.4       216401       562933  1.31401e+06  2.79368e+06  5.47766e+06   1.0009e+07  1.71947e+07
1000     1.47477e-44  5.31169e-30  3.18913e-21  2.43069e-15  4.04077e-11  6.09096e-08  1.83889e-05   0.00179079    0.0761593      1.73305       24.279       231.57      1620.25      8794.34      38662.4       142418       451596  1.25966e+06  3.14636e+06   7.1417e+06  1.49127e+07   2.8943e+07  5.26703e+07
10000    1.47485e-44  5.31271e-30  3.19091e-21  2.43413e-15  4.05376e-11   6.1314e-08  1.86204e-05   0.00183037    0.0789215      1.83016      26.2753      258.299         1873      10589.6      48711.3       188458       629550  1.85438e+06  4.89969e+06  1.17778e+07  2.60604e+07  5.36025e+07  1.03348e+08
O-O      1.47496e-44  5.31252e-30  3.19104e-21  2.43333e-15  4.05372e-11   6.1345e-08  1.86466e-05   0.00183508    0.0792998      1.84474      26.6128       263.48      1928.76      11041.3      51597.4       203541       695985  2.10715e+06  5.74675e+06   1.4319e+07  3.29791e+07  7.08986e+07   1.4344e+08

PRODS->REACS

P\T              300          400          500          600          700          800          900         1000         1100         1200         1300         1400         1500         1600         1700         1800         1900         2000         2100         2200         2300         2400         2500
1         1.5589e+06      64.4424      0.14063   0.00221067  0.000106635   1.0338e-05  1.59428e-06   3.4043e-07  9.20458e-08  2.97483e-08  1.10314e-08  4.55645e-09  2.05512e-09  9.95898e-10  5.12139e-10  2.77098e-10  1.56556e-10  9.17802e-11  5.55753e-11  3.46303e-11  2.21412e-11  1.44905e-11  9.68401e-12
10       1.63363e+06      72.2467     0.174286   0.00309183  0.000169683  1.87016e-05  3.25939e-06  7.79887e-07  2.34204e-07  8.33215e-08  3.37308e-08  1.51006e-08  7.33175e-09  3.80178e-09  2.08115e-09  1.19261e-09   7.1049e-10  4.37504e-10  2.77279e-10  1.80251e-10  1.19857e-10  8.13373e-11  5.62223e-11
100      1.64277e+06       73.509     0.181895   0.00336959  0.000196661  2.34023e-05  4.45035e-06  1.16872e-06  3.86073e-07  1.50987e-07  6.70293e-08  3.27993e-08   1.7333e-08  9.74007e-09  5.75357e-09  3.54219e-09  2.25764e-09  1.48162e-09  9.97062e-10  6.85793e-10  4.80841e-10   3.4294e-10  2.48354e-10
1000     1.64371e+06      73.6495     0.182873   0.00341324  0.000202008  2.45873e-05  4.83025e-06  1.32372e-06  4.60591e-07  1.91208e-07  9.06442e-08  4.75651e-08  2.70227e-08  1.63438e-08  1.03924e-08  6.88181e-09  4.71137e-09  3.31541e-09  2.38751e-09  1.75327e-09  1.30926e-09  9.91979e-10  7.61178e-10
10000     1.6438e+06      73.6637     0.182975   0.00341807  0.000202657  2.47505e-05  4.89106e-06  1.35299e-06  4.77296e-07  2.01923e-07  9.80971e-08  5.30553e-08  3.12382e-08  1.96802e-08  1.30935e-08   9.1065e-09  6.56792e-09  4.88071e-09  3.71798e-09  2.89146e-09  2.28806e-09  1.83727e-09  1.49376e-09
O-O      1.64393e+06       73.661     0.182983   0.00341695  0.000202655   2.4763e-05  4.89796e-06  1.35647e-06  4.79584e-07  2.03532e-07  9.93571e-08  5.41197e-08  3.21682e-08  2.05196e-08  1.38692e-08  9.83533e-09  7.26101e-09  5.54601e-09  4.36076e-09  3.51532e-09  2.89552e-09  2.43013e-09  2.07328e-09

REACS-> 

P\T              300          400          500          600          700          800          900         1000         1100         1200         1300         1400         1500         1600         1700         1800         1900         2000         2100         2200         2300         2400         2500
1        1.39867e-44  4.64766e-30  2.45245e-21  1.57429e-15  2.13302e-11  2.56101e-08  6.06947e-06  0.000460548    0.0152199     0.269629      2.95476       22.183      123.222      535.878      1905.31      5734.62      15007.1      34875.5      73260.8       141148       252487       423690       672501
10       1.46573e-44  5.21052e-30  3.03937e-21   2.2018e-15  3.39418e-11   4.6329e-08  1.24086e-05   0.00105506    0.0387259     0.755199      9.03479      73.5172      439.602      2045.68      7742.49        24681      68103.4       166234       365455       734426  1.36592e+06  2.37562e+06  3.89736e+06
100      1.47392e-44  5.30156e-30  3.17206e-21   2.3996e-15  3.93382e-11   5.7974e-08  1.69426e-05   0.00158109    0.0638375       1.3685      17.9538      159.683      1039.26      5240.98      21404.9      73305.4       216401       562933  1.31401e+06  2.79368e+06  5.47766e+06   1.0009e+07  1.71947e+07
1000     1.47477e-44  5.31169e-30  3.18913e-21  2.43069e-15  4.04077e-11  6.09096e-08  1.83889e-05   0.00179079    0.0761593      1.73305       24.279       231.57      1620.25      8794.34      38662.4       142418       451596  1.25966e+06  3.14636e+06   7.1417e+06  1.49127e+07   2.8943e+07  5.26703e+07
10000    1.47485e-44  5.31271e-30  3.19091e-21  2.43413e-15  4.05376e-11   6.1314e-08  1.86204e-05   0.00183037    0.0789215      1.83016      26.2753      258.299         1873      10589.6      48711.3       188458       629550  1.85438e+06  4.89969e+06  1.17778e+07  2.60604e+07  5.36025e+07  1.03348e+08
O-O      1.47496e-44  5.31252e-30  3.19104e-21  2.43333e-15  4.05372e-11   6.1345e-08  1.86466e-05   0.00183508    0.0792998      1.84474      26.6128       263.48      1928.76      11041.3      51597.4       203541       695985  2.10715e+06  5.74675e+06   1.4319e+07  3.29791e+07  7.08986e+07   1.4344e+08

PRODS-> 

P\T              300          400          500          600          700          800          900         1000         1100         1200         1300         1400         1500         1600         1700         1800         1900         2000         2100         2200         2300         2400         2500
1         1.5589e+06      64.4424      0.14063   0.00221067  0.000106635   1.0338e-05  1.59428e-06   3.4043e-07  9.20458e-08  2.97483e-08  1.10314e-08  4.55645e-09  2.05512e-09  9.95898e-10  5.12139e-10  2.77098e-10  1.56556e-10  9.17802e-11  5.55753e-11  3.46303e-11  2.21412e-11  1.44905e-11  9.68401e-12
10       1.63363e+06      72.2467     0.174286   0.00309183  0.000169683  1.87016e-05  3.25939e-06  7.79887e-07  2.34204e-07  8.33215e-08  3.37308e-08  1.51006e-08  7.33175e-09  3.80178e-09  2.08115e-09  1.19261e-09   7.1049e-10  4.37504e-10  2.77279e-10  1.80251e-10  1.19857e-10  8.13373e-11  5.62223e-11
100      1.64277e+06       73.509     0.181895   0.00336959  0.000196661  2.34023e-05  4.45035e-06  1.16872e-06  3.86073e-07  1.50987e-07  6.70293e-08  3.27993e-08   1.7333e-08  9.74007e-09  5.75357e-09  3.54219e-09  2.25764e-09  1.48162e-09  9.97062e-10  6.85793e-10  4.80841e-10   3.4294e-10  2.48354e-10
1000     1.64371e+06      73.6495     0.182873   0.00341324  0.000202008  2.45873e-05  4.83025e-06  1.32372e-06  4.60591e-07  1.91208e-07  9.06442e-08  4.75651e-08  2.70227e-08  1.63438e-08  1.03924e-08  6.88181e-09  4.71137e-09  3.31541e-09  2.38751e-09  1.75327e-09  1.30926e-09  9.91979e-10  7.61178e-10
10000     1.6438e+06      73.6637     0.182975   0.00341807  0.000202657  2.47505e-05  4.89106e-06  1.35299e-06  4.77296e-07  2.01923e-07  9.80971e-08  5.30553e-08  3.12382e-08  1.96802e-08  1.30935e-08   9.1065e-09  6.56792e-09  4.88071e-09  3.71798e-09  2.89146e-09  2.28806e-09  1.83727e-09  1.49376e-09
O-O      1.64393e+06       73.661     0.182983   0.00341695  0.000202655   2.4763e-05  4.89796e-06  1.35647e-06  4.79584e-07  2.03532e-07  9.93571e-08  5.41197e-08  3.21682e-08  2.05196e-08  1.38692e-08  9.83533e-09  7.26101e-09  5.54601e-09  4.36076e-09  3.51532e-09  2.89552e-09  2.43013e-09  2.07328e-09

