  comline test uwb97xd/6-311+g(d,p)  opt=internal                                    int=ultrafine nosym guess(mix,always)                                
 entering ts_zmat
 finished ts_zmat
 entering g09fopt
 finished g09pot
   1.8000000000000000       -40.413114113799999     
 grid optimized z-matrix
  c1                                                         
  h2 c1 rch1                                                 
  h3 c1 rch2 h2 ahcc1                                        
  h4 c1 rch3 h2 ahcc2 h3 b1                                  
  h5 c1 rch4 h2 ahcc3 h3 b2                                  
 RCH1                             1.0834999999999999     
 RCH2                             1.0833999999999999     
 RCH3                             1.0833999999999999     
 AHCC1                            115.63310000000000     
 AHCC2                            115.63809999999999     
 AHCC3                            102.23660000000000     
 B1                               139.67920000000001     
 B2                              -110.13890000000001     
 RCH4                             1.8000000000000000     
