
 Primary working directories    : /data/scratch
 Secondary working directories  : /data/scratch
 Wavefunction directory         : /home/carlo/wfu/
 Main file repository           : /data/scratch/

 ARCHNAME  : Linux/x86_64
 FC        : /opt/intel/composer_xe_2013_sp1.1.106/bin/intel64/ifort
 FCVERSION : 14.0.1
 BLASLIB   : -Wl,-_start-group /opt/intel/mkl/lib/intel64/libmkl_intel_ilp64.a /opt/intel/mkl/lib/intel64/libmkl_sequential.a /opt/intel/mkl/lib/intel64/libmkl_core.a -Wl,-_end-group
 id        : polimi

 Nodes     nprocs
 tt109        4
 ga_uses_ma=false, calling ma_init with nominal heap.
 GA-space will be limited to   8.0 MW (determined by -G option)

 Using customized tuning parameters: mindgm=16; mindgv=24; mindgc=8; mindgr=1; noblas=0; mincuda=1000; minvec=7
 default implementation of scratch files=sf  

  memory,         500 ,m
    nosym
 
    geometry={angstrom
                  c1
                  c2  c1 rcc1
                  h3  c2 rcc2 c1 accc1
                  h4  c2 rcc3 c1 ahcc1 h3 b1
                  h41 c2 rcc4 c1 ahcc5 h3 b5
                  h5  c1 rch1 c2 ahcc2 h3 b2
                  h6  c1 rch2 c2 ahcc3 h5 b3
                  h7  c1 rch3 c2 ahcc4 h5 b4
    }
    RCC2                           =    1.0940761510797650
    RCC3                           =    1.0940763755173639
    RCC4                           =    1.1001091905122751
    RCH1                           =    1.1000802445210500
    RCH2                           =    1.1000787433462851
    RCH3                           =    1.0932320269398119
    ACCC1                          =    101.65436133002740
    AHCC1                          =    101.65565587764701
    AHCC2                          =    101.52800630856810
    AHCC3                          =    101.53944377237150
    AHCC4                          =    101.65103136968369
    AHCC5                          =    101.66672318282539
    B1                             =    120.01054294149159
    B5                             =   -119.99444150170859
    B3                             =    119.84055125493890
    B4                             =   -120.07787568640060
    B2                             =    60.069550725641612
    RCC1                           =    2.3999999999999999
 
    SET,SPIN=           0
 
                                                                                 !closed shell input
 
    basis=cc-pvdz
 
    hf
 
                                                                                 !{multi;closed,14;occ,17;wf,32,1,0}
                                                                                 !{multi;closed,8;occ,10;wf,18,1,0}
    {multi;closed, 8;occ,10;wf, 18,1,0;state,1}
    {multi;closed, 7;occ,11;wf, 18,1,0;state,1}
    {multi;closed, 6;occ,12;wf, 18,1,0;state,1}
    {multi;closed, 5;occ,13;wf, 18,1,0;state,1}
  geometry={angstrom
                 c1
                 c2  c1 rcc1
                 h3  c2 rcc2 c1 accc1
                 h4  c2 rcc3 c1 ahcc1 h3 b1
                 h41 c2 rcc4 c1 ahcc5 h3 b5
                 h5  c1 rch1 c2 ahcc2 h3 b2
                 h6  c1 rch2 c2 ahcc3 h5 b3
                 h7  c1 rch3 c2 ahcc4 h5 b4
  }
  RCC2                           =    1.0940761510797650
  RCC3                           =    1.0940763755173639
  RCC4                           =    1.1001091905122751
  RCH1                           =    1.1000802445210500
  RCH2                           =    1.1000787433462851
  RCH3                           =    1.0932320269398119
  ACCC1                          =    101.65436133002740
  AHCC1                          =    101.65565587764701
  AHCC2                          =    101.52800630856810
  AHCC3                          =    101.53944377237150
  AHCC4                          =    101.65103136968369
  AHCC5                          =    101.66672318282539
  B1                             =    120.01054294149159
  B5                             =   -119.99444150170859
  B3                             =    119.84055125493890
  B4                             =   -120.07787568640060
  B2                             =    60.069550725641612
  RCC1                           =    2.3999999999999999
 
  SET,SPIN=           0
 
                                                                                 !closed shell input
 
 
                                                                                 !{multi;closed,14;occ,17;wf,32,1,0}
                                                                                 !{multi;closed,8;occ,10;wf,18,1,0}
 
  {multi;closed, 5;occ,13;wf, 18,1,0;state,1}
 
   basis=cc-pvtz
 
  {multi;closed, 5;occ,13;wf, 18,1,0;state,1}
 
   {rs2c}
 
   CBSen = energy
 
   put,molden,molpro.molden
 

 Variables initialized (661), CPU time= 0.00 sec
 Commands  initialized (458), CPU time= 0.01 sec, 486 directives.
 Default parameters read. Elapsed time= 0.06 sec

 Checking input...
 Passed
1


                                         ***  PROGRAM SYSTEM MOLPRO  ***
                         Copyright, University College Cardiff Consultants Limited, 2008

                                    Version 2010.1 linked Nov 28 2013 00:29:07


 **********************************************************************************************************************************
 LABEL *                                                                                 
 Linux-2.6.34-12-desktop/tt109(x86_64) 64 bit mpp version                                DATE: 01-Aug-19          TIME: 23:29:06  
 **********************************************************************************************************************************

 SHA1:             3e0dedb5ca8b4ac28d83a6c404202848d09e924a
 **********************************************************************************************************************************

 Variable memory set to  500000000 words,  buffer space   230000 words

 ZSYMEL=NOSYM
 
 SETTING RCC2           =         1.09407615                                  
 SETTING RCC3           =         1.09407638                                  
 SETTING RCC4           =         1.10010919                                  
 SETTING RCH1           =         1.10008024                                  
 SETTING RCH2           =         1.10007874                                  
 SETTING RCH3           =         1.09323203                                  
 SETTING ACCC1          =       101.65436133                                  
 SETTING AHCC1          =       101.65565588                                  
 SETTING AHCC2          =       101.52800631                                  
 SETTING AHCC3          =       101.53944377                                  
 SETTING AHCC4          =       101.65103137                                  
 SETTING AHCC5          =       101.66672318                                  
 SETTING B1             =       120.01054294                                  
 SETTING B5             =      -119.99444150                                  
 SETTING B3             =       119.84055125                                  
 SETTING B4             =      -120.07787569                                  
 SETTING B2             =        60.06955073                                  
 SETTING RCC1           =         2.40000000                                  
 SETTING SPIN           =         0.00000000                                  
 SETTING BASIS          =    CC-PVDZ


 Recomputing integrals since basis changed


 Using spherical harmonics

 Library entry C      S cc-pVDZ              selected for orbital group  1
 Library entry C      P cc-pVDZ              selected for orbital group  1
 Library entry C      D cc-pVDZ              selected for orbital group  1
 Library entry H      S cc-pVDZ              selected for orbital group  2
 Library entry H      P cc-pVDZ              selected for orbital group  2

1PROGRAM * SEWARD (Integral evaluation for generally contracted gaussian basis sets)     Author: Roland Lindh, 1990

 Geometry written to block  1 of record 700

 Orientation using atomic masses  
 Molecule type: Asymmetric top
 Rotational constants:      10.0491301     10.0486372     72.3826261 GHz  (calculated with average atomic masses)

 Point group  C1  



 ATOMIC COORDINATES

 NR  ATOM    CHARGE       X              Y              Z

   1  C1      6.00   -0.001150504    0.000001975   -2.267913302
   2  C2      6.00   -0.000849885   -0.000007778    2.267429403
   3  H3      1.00   -1.008837322    1.756136903    2.685150822
   4  H4      1.00   -1.017354566   -1.751227450    2.685189680
   5  H41     1.00    2.035127775   -0.004945180    2.687687589
   6  H5      1.00    1.023861451    1.760205343   -2.683429264
   7  H6      1.00    1.015555162   -1.764911552   -2.683842330
   8  H7      1.00   -2.024515099    0.004811093   -2.684990176

 Bond lengths in Bohr (Angstrom)

 1-6  2.078850385  1-7  2.078847548  1-8  2.065909129  2-3  2.067504292  2-4  2.067504717
     ( 1.100080245)     ( 1.100078743)     ( 1.093232027)     ( 1.094076151)     ( 1.094076376)

 2-5  2.078905085
     ( 1.100109191)

 Bond angles

  3-2-4  116.03599779   3-2-5  116.01745806   4-2-5  116.01756092   6-1-7  115.95834607

  6-1-8  116.14148484   7-1-8  116.14113341

 NUCLEAR CHARGE:                   18
 NUMBER OF PRIMITIVE AOS:          96
 NUMBER OF SYMMETRY AOS:           94
 NUMBER OF CONTRACTIONS:           58   (  58A   )
 NUMBER OF CORE ORBITALS:           2   (   2A   )
 NUMBER OF VALENCE ORBITALS:       14   (  14A   )


 NUCLEAR REPULSION ENERGY   35.22682588


 Eigenvalues of metric

         1 0.111E-01 0.160E-01 0.375E-01 0.376E-01 0.380E-01 0.382E-01 0.461E-01 0.487E-01


 Contracted 2-electron integrals neglected if value below      1.0D-11
 AO integral compression algorithm  1   Integral accuracy      1.0D-11

     7.864 MB (compressed) written to integral file ( 55.2%)

     Node minimum: 1.835 MB, node maximum: 2.097 MB


 NUMBER OF SORTED TWO-ELECTRON INTEGRALS:     365512.     BUFFER LENGTH:  32768
 NUMBER OF SEGMENTS:   1  SEGMENT LENGTH:     365512      RECORD LENGTH: 524288

 Memory used in sort:       0.92 MW

 SORT1 READ     1695423. AND WROTE      357138. INTEGRALS IN      2 RECORDS. CPU TIME:     0.03 SEC, REAL TIME:     0.10 SEC
 SORT2 READ     1429891. AND WROTE     1464616. INTEGRALS IN     28 RECORDS. CPU TIME:     0.02 SEC, REAL TIME:     0.03 SEC

 Node minimum:      365512.  Node maximum:      366796. integrals

 OPERATOR DM      FOR CENTER  0  COORDINATES:    0.000000    0.000000    0.000000


 **********************************************************************************************************************************
 DATASETS  * FILE   NREC   LENGTH (MB)   RECORD NAMES
              1      18        2.78       500      610      700      900      950      970     1000      129      960     1100   
                                          VAR    BASINP    GEOM    SYMINP    ZMAT    AOBASIS   BASIS     P2S    ABASIS      S 
                                         1400     1410     1200     1210     1080     1600     1650     1700   
                                           T        V       H0       H01     AOSYM     SMH    MOLCAS    OPER   

 PROGRAMS   *        TOTAL       INT
 CPU TIMES  *         0.23      0.15
 REAL TIME  *         1.49 SEC
 DISK USED  *        39.77 MB      
 GA USED    *         0.00 MB       (max)       0.00 MB       (current)
 **********************************************************************************************************************************

1PROGRAM * RHF-SCF (CLOSED SHELL)       Authors: W. Meyer, H.-J. Werner


 NUMBER OF ELECTRONS:       9+    9-    SPACE SYMMETRY=1    SPIN SYMMETRY: Singlet 
 CONVERGENCE THRESHOLDS:    1.00E-05 (Density)    1.00E-07 (Energy)
 MAX. NUMBER OF ITERATIONS:       60
 INTERPOLATION TYPE:            DIIS
 INTERPOLATION STEPS:              2 (START)      1 (STEP)
 LEVEL SHIFTS:                  0.00 (CLOSED)  0.00 (OPEN) 



 Orbital guess generated from atomic densities. Full valence occupancy:   16

 Molecular orbital dump at record        2100.2

 ITERATION    DDIFF          GRAD             ENERGY        2-EL.EN.            DIPOLE MOMENTS         DIIS
    1      0.000D+00      0.000D+00       -79.08805017    121.544887    0.00600    0.00001   -0.00703    0
    2      0.000D+00      0.525D-02       -79.10924314    120.983741   -0.00037    0.00003    0.00087    1
    3      0.112D-01      0.155D-02       -79.11109402    121.323373   -0.00083    0.00003   -0.00363    2
    4      0.410D-02      0.415D-03       -79.11121482    121.206034   -0.00141    0.00003    0.00068    3
    5      0.828D-03      0.531D-04       -79.11121686    121.211462   -0.00152    0.00003   -0.00142    4
    6      0.164D-03      0.149D-04       -79.11121701    121.211443   -0.00153    0.00003   -0.00006    5
    7      0.299D-04      0.469D-05       -79.11121704    121.211146   -0.00154    0.00003   -0.00026    6
    8      0.146D-04      0.918D-06       -79.11121704    121.211122   -0.00154    0.00003   -0.00020    7
    9      0.363D-05      0.211D-06       -79.11121704    121.211119   -0.00154    0.00003   -0.00020    0

 Final occupancy:   9

 !RHF STATE 1.1 Energy                -79.111217038864
 Nuclear energy                        35.22682588
 One-electron energy                 -174.94360247
 Two-electron energy                   60.60555956
 Virial quotient                       -1.00806063
 !RHF STATE 1.1 Dipole moment          -0.00154018     0.00002767    -0.00020037
 Dipole moment /Debye                  -0.00391449     0.00007033    -0.00050926

 Orbital energies:

         1.1          2.1          3.1          4.1          5.1          6.1          7.1          8.1          9.1         10.1
    -11.263271   -11.262587    -0.920069    -0.876877    -0.569187    -0.568937    -0.546099    -0.545765    -0.313451     0.121308

        11.1
      0.183634


 **********************************************************************************************************************************
 DATASETS  * FILE   NREC   LENGTH (MB)   RECORD NAMES
              1      18        2.78       500      610      700      900      950      970     1000      129      960     1100   
                                          VAR    BASINP    GEOM    SYMINP    ZMAT    AOBASIS   BASIS     P2S    ABASIS      S 
                                         1400     1410     1200     1210     1080     1600     1650     1700   
                                           T        V       H0       H01     AOSYM     SMH    MOLCAS    OPER   

              2       3        0.43       700     1000     2100   
                                         GEOM     BASIS     RHF  

 PROGRAMS   *        TOTAL        HF       INT
 CPU TIMES  *         0.34      0.11      0.15
 REAL TIME  *         2.17 SEC
 DISK USED  *        55.38 MB      
 SF USED    *         0.01 MB      
 GA USED    *         0.00 MB       (max)       0.00 MB       (current)
 **********************************************************************************************************************************

1PROGRAM * MULTI (Direct Multiconfiguration SCF)       Authors: P.J. Knowles, H.-J. Werner (1984)     S.T. Elbert (1988)


 Number of closed-shell orbitals:  8 (  8 )
 Number of active  orbitals:       2 (  2 )
 Number of external orbitals:     48 ( 48 )

 State symmetry 1

 Number of electrons:     2    Spin symmetry=Singlet   Space symmetry=1
 Number of states:        1
 Number of CSFs:          3   (4 determinants, 4 intermediate states)

 Molecular orbitals read from record     2100.2  Type=RHF/CANONICAL (state 1.1)

 Wavefunction dump at record             2140.2

 Convergence thresholds  0.10E-01 (gradient)  0.10E-05 (energy)  0.10E-02 (step length)

 Number of orbital rotations:     496     (  16 Core/Active  384 Core/Virtual   0 Active/Active   96 Active/Virtual)
 Total number of variables:       500


 ITER. MIC  NCI  NEG     ENERGY(VAR)     ENERGY(PROJ)   ENERGY CHANGE     GRAD(0)  GRAD(ORB)   GRAD(CI)     STEP       TIME

   1   35    7    0     -79.14306144     -79.16128297   -0.01822152    0.05862753 0.00002803 0.00000000  0.32D+00      0.11
   2   21    8    0     -79.16126503     -79.16128748   -0.00002245    0.00595794 0.00000001 0.00000000  0.55D-02      0.20
   3   19    5    0     -79.16128750     -79.16128750   -0.00000000    0.00000970 0.00000001 0.00000000  0.70D-05      0.27

 ** WVFN ****  CONVERGENCE REACHED, FINAL GRADIENT:  0.57D-08


 First order charge density matrix for state 1.1 saved on record  2140.2 (density set 1)

 Results for state 1.1
 =====================

 !MCSCF STATE 1.1 Energy              -79.161287501828
 Nuclear energy                        35.22682588
 Kinetic energy                        78.68227906
 One electron energy                 -175.03419120
 Two electron energy                   60.64607782
 Virial ratio                           2.00608788

 !MCSCF STATE 1.1 Dipole moment        -0.00204682     0.00002394     0.00051910
 Dipole moment /Debye                  -0.00520217     0.00006085     0.00131933


 Natural orbital dump at molpro section                    2140.2    (Orbital set 2)



 **********************************************************************************************************************************
 DATASETS  * FILE   NREC   LENGTH (MB)   RECORD NAMES
              1      19        5.07       500      610      700      900      950      970     1000      129      960     1100   
                                          VAR    BASINP    GEOM    SYMINP    ZMAT    AOBASIS   BASIS     P2S    ABASIS      S 
                                         1400     1410     1200     1210     1080     1600     1650     1700     1380   
                                           T        V       H0       H01     AOSYM     SMH    MOLCAS    OPER     JKOP   

              2       4        0.60       700     1000     2100     2140   
                                         GEOM     BASIS     RHF     MCSCF   

 PROGRAMS   *        TOTAL     MULTI        HF       INT
 CPU TIMES  *         0.70      0.36      0.11      0.15
 REAL TIME  *         3.31 SEC
 DISK USED  *        55.38 MB      
 SF USED    *        13.16 MB      
 GA USED    *         0.00 MB       (max)       0.00 MB       (current)
 **********************************************************************************************************************************

1PROGRAM * MULTI (Direct Multiconfiguration SCF)       Authors: P.J. Knowles, H.-J. Werner (1984)     S.T. Elbert (1988)


 Number of closed-shell orbitals:  7 (  7 )
 Number of active  orbitals:       4 (  4 )
 Number of external orbitals:     47 ( 47 )

 State symmetry 1

 Number of electrons:     4    Spin symmetry=Singlet   Space symmetry=1
 Number of states:        1
 Number of CSFs:         20   (36 determinants, 36 intermediate states)

 Molecular orbitals read from record     2140.2  Type=MCSCF/NATURAL (state 1.1)

 Wavefunction dump at record             2141.2

 Convergence thresholds  0.10E-01 (gradient)  0.10E-05 (energy)  0.10E-02 (step length)

 Number of orbital rotations:     545     (  28 Core/Active  329 Core/Virtual   0 Active/Active  188 Active/Virtual)
 Total number of variables:       581


 ITER. MIC  NCI  NEG     ENERGY(VAR)     ENERGY(PROJ)   ENERGY CHANGE     GRAD(0)  GRAD(ORB)   GRAD(CI)     STEP       TIME

   1   40   17    0     -79.16142874     -79.16651408   -0.00508534    0.00040500 0.00038538 0.00001807  0.87D+00      0.16
   2   40   20    0     -79.16789900     -79.17612986   -0.00823086    0.01207212 0.00008773 0.00078935  0.68D+00      0.35
   3   26   19    0     -79.17858826     -79.17958621   -0.00099796    0.01742015 0.00002945 0.00005541  0.20D+00      0.50
   4   25   15    0     -79.17960984     -79.17961451   -0.00000468    0.00139926 0.00000080 0.00000194  0.14D-01      0.63
   5   25   11    0     -79.17961452     -79.17961452   -0.00000000    0.00000258 0.00000000 0.00000001  0.29D-04      0.76

 ** WVFN ****  CONVERGENCE REACHED, FINAL GRADIENT:  0.32D-08


 First order charge density matrix for state 1.1 saved on record  2141.2 (density set 1)

 Results for state 1.1
 =====================

 !MCSCF STATE 1.1 Energy              -79.179614517157
 Nuclear energy                        35.22682588
 Kinetic energy                        78.72231708
 One electron energy                 -175.03124285
 Two electron energy                   60.62480245
 Virial ratio                           2.00580899

 !MCSCF STATE 1.1 Dipole moment        -0.00684365    -0.00811061     0.00411666
 Dipole moment /Debye                  -0.01739370    -0.02061376     0.01046283


 Natural orbital dump at molpro section                    2141.2    (Orbital set 2)



 **********************************************************************************************************************************
 DATASETS  * FILE   NREC   LENGTH (MB)   RECORD NAMES
              1      19        5.52       500      610      700      900      950      970     1000      129      960     1100   
                                          VAR    BASINP    GEOM    SYMINP    ZMAT    AOBASIS   BASIS     P2S    ABASIS      S 
                                         1400     1410     1200     1210     1080     1600     1650     1700     1380   
                                           T        V       H0       H01     AOSYM     SMH    MOLCAS    OPER     JKOP   

              2       5        0.74       700     1000     2100     2140     2141   
                                         GEOM     BASIS     RHF     MCSCF    MCSCF   

 PROGRAMS   *        TOTAL     MULTI     MULTI        HF       INT
 CPU TIMES  *         1.56      0.86      0.36      0.11      0.15
 REAL TIME  *         5.10 SEC
 DISK USED  *        55.38 MB      
 SF USED    *        15.17 MB      
 GA USED    *         0.00 MB       (max)       0.00 MB       (current)
 **********************************************************************************************************************************

1PROGRAM * MULTI (Direct Multiconfiguration SCF)       Authors: P.J. Knowles, H.-J. Werner (1984)     S.T. Elbert (1988)


 Number of closed-shell orbitals:  6 (  6 )
 Number of active  orbitals:       6 (  6 )
 Number of external orbitals:     46 ( 46 )

 State symmetry 1

 Number of electrons:     6    Spin symmetry=Singlet   Space symmetry=1
 Number of states:        1
 Number of CSFs:        175   (400 determinants, 400 intermediate states)

 Molecular orbitals read from record     2141.2  Type=MCSCF/NATURAL (state 1.1)

 Wavefunction dump at record             2142.2

 Convergence thresholds  0.10E-01 (gradient)  0.10E-05 (energy)  0.10E-02 (step length)

 Number of orbital rotations:     588     (  36 Core/Active  276 Core/Virtual   0 Active/Active  276 Active/Virtual)
 Total number of variables:       988


 ITER. MIC  NCI  NEG     ENERGY(VAR)     ENERGY(PROJ)   ENERGY CHANGE     GRAD(0)  GRAD(ORB)   GRAD(CI)     STEP       TIME

   1   60   22    0     -79.17979642     -79.18779807   -0.00800164    0.00057082 0.00001307 0.00079388  0.87D+00      0.25
   2   47   22    0     -79.19375057     -79.19832620   -0.00457563    0.01738926 0.00000628 0.00163254  0.53D+00      0.51
   3   28   22    0     -79.19992848     -79.20097623   -0.00104775    0.01299670 0.00003823 0.00014571  0.21D+00      0.77
   4   26   18    0     -79.20100649     -79.20101312   -0.00000663    0.00163393 0.00000095 0.00000376  0.16D-01      0.97
   5   25   12    0     -79.20101312     -79.20101312   -0.00000000    0.00000264 0.00000000 0.00000003  0.31D-04      1.17

 ** WVFN ****  CONVERGENCE REACHED, FINAL GRADIENT:  0.55D-08


 First order charge density matrix for state 1.1 saved on record  2142.2 (density set 1)

 Results for state 1.1
 =====================

 !MCSCF STATE 1.1 Energy              -79.201013121855
 Nuclear energy                        35.22682588
 Kinetic energy                        78.76394026
 One electron energy                 -175.02957759
 Two electron energy                   60.60173859
 Virial ratio                           2.00554915

 !MCSCF STATE 1.1 Dipole moment        -0.01410169     0.00005113     0.00705896
 Dipole moment /Debye                  -0.03584058     0.00012995     0.01794092


 Natural orbital dump at molpro section                    2142.2    (Orbital set 2)



 **********************************************************************************************************************************
 DATASETS  * FILE   NREC   LENGTH (MB)   RECORD NAMES
              1      19        6.01       500      610      700      900      950      970     1000      129      960     1100   
                                          VAR    BASINP    GEOM    SYMINP    ZMAT    AOBASIS   BASIS     P2S    ABASIS      S 
                                         1400     1410     1200     1210     1080     1600     1650     1700     1380   
                                           T        V       H0       H01     AOSYM     SMH    MOLCAS    OPER     JKOP   

              2       6        0.87       700     1000     2100     2140     2141     2142   
                                         GEOM     BASIS     RHF     MCSCF    MCSCF    MCSCF   

 PROGRAMS   *        TOTAL     MULTI     MULTI     MULTI        HF       INT
 CPU TIMES  *         2.85      1.29      0.86      0.36      0.11      0.15
 REAL TIME  *         7.52 SEC
 DISK USED  *        55.38 MB      
 SF USED    *        17.38 MB      
 GA USED    *         0.00 MB       (max)       0.00 MB       (current)
 **********************************************************************************************************************************

1PROGRAM * MULTI (Direct Multiconfiguration SCF)       Authors: P.J. Knowles, H.-J. Werner (1984)     S.T. Elbert (1988)


 Number of closed-shell orbitals:  5 (  5 )
 Number of active  orbitals:       8 (  8 )
 Number of external orbitals:     45 ( 45 )

 State symmetry 1

 Number of electrons:     8    Spin symmetry=Singlet   Space symmetry=1
 Number of states:        1
 Number of CSFs:       1764   (4900 determinants, 4900 intermediate states)

 Molecular orbitals read from record     2142.2  Type=MCSCF/NATURAL (state 1.1)

 Wavefunction dump at record             2143.2

 Convergence thresholds  0.10E-01 (gradient)  0.10E-05 (energy)  0.10E-02 (step length)

 Number of orbital rotations:     625     (  40 Core/Active  225 Core/Virtual   0 Active/Active  360 Active/Virtual)
 Total number of variables:      5525


 ITER. MIC  NCI  NEG     ENERGY(VAR)     ENERGY(PROJ)   ENERGY CHANGE     GRAD(0)  GRAD(ORB)   GRAD(CI)     STEP       TIME

   1   40   24    0     -79.20132963     -79.21592202   -0.01459239    0.00108983 0.00052332 0.00026719  0.88D+00      0.37
   2   26   22    0     -79.21866425     -79.21949918   -0.00083493    0.02582403 0.00000549 0.00003179  0.12D+00      0.76
   3   28   16    0     -79.21950454     -79.21950486   -0.00000032    0.00031951 0.00000011 0.00000073  0.32D-02      1.09
   4   28    6    0     -79.21950486     -79.21950486   -0.00000000    0.00000023 0.00000001 0.00000005  0.11D-05      1.28

 ** WVFN ****  CONVERGENCE REACHED, FINAL GRADIENT:  0.26D-07


 First order charge density matrix for state 1.1 saved on record  2143.2 (density set 1)

 Results for state 1.1
 =====================

 !MCSCF STATE 1.1 Energy              -79.219504862573
 Nuclear energy                        35.22682588
 Kinetic energy                        78.80431518
 One electron energy                 -175.02649208
 Two electron energy                   60.58016135
 Virial ratio                           2.00526862

 !MCSCF STATE 1.1 Dipole moment        -0.02432471     0.00007605     0.00336681
 Dipole moment /Debye                  -0.06182321     0.00019329     0.00855701


 Natural orbital dump at molpro section                    2143.2    (Orbital set 2)



 **********************************************************************************************************************************
 DATASETS  * FILE   NREC   LENGTH (MB)   RECORD NAMES
              1      19        6.53       500      610      700      900      950      970     1000      129      960     1100   
                                          VAR    BASINP    GEOM    SYMINP    ZMAT    AOBASIS   BASIS     P2S    ABASIS      S 
                                         1400     1410     1200     1210     1080     1600     1650     1700     1380   
                                           T        V       H0       H01     AOSYM     SMH    MOLCAS    OPER     JKOP   

              2       7        1.00       700     1000     2100     2140     2141     2142     2143   
                                         GEOM     BASIS     RHF     MCSCF    MCSCF    MCSCF    MCSCF   

 PROGRAMS   *        TOTAL     MULTI     MULTI     MULTI     MULTI        HF       INT
 CPU TIMES  *         4.28      1.43      1.29      0.86      0.36      0.11      0.15
 REAL TIME  *         9.87 SEC
 DISK USED  *        55.38 MB      
 SF USED    *        20.53 MB      
 GA USED    *         0.00 MB       (max)       0.00 MB       (current)
 **********************************************************************************************************************************
 SETTING RCC2           =         1.09407615                                  
 SETTING RCC3           =         1.09407638                                  
 SETTING RCC4           =         1.10010919                                  
 SETTING RCH1           =         1.10008024                                  
 SETTING RCH2           =         1.10007874                                  
 SETTING RCH3           =         1.09323203                                  
 SETTING ACCC1          =       101.65436133                                  
 SETTING AHCC1          =       101.65565588                                  
 SETTING AHCC2          =       101.52800631                                  
 SETTING AHCC3          =       101.53944377                                  
 SETTING AHCC4          =       101.65103137                                  
 SETTING AHCC5          =       101.66672318                                  
 SETTING B1             =       120.01054294                                  
 SETTING B5             =      -119.99444150                                  
 SETTING B3             =       119.84055125                                  
 SETTING B4             =      -120.07787569                                  
 SETTING B2             =        60.06955073                                  
 SETTING RCC1           =         2.40000000                                  
 SETTING SPIN           =         0.00000000                                  

1PROGRAM * MULTI (Direct Multiconfiguration SCF)       Authors: P.J. Knowles, H.-J. Werner (1984)     S.T. Elbert (1988)


 Number of closed-shell orbitals:  5 (  5 )
 Number of active  orbitals:       8 (  8 )
 Number of external orbitals:     45 ( 45 )

 State symmetry 1

 Number of electrons:     8    Spin symmetry=Singlet   Space symmetry=1
 Number of states:        1
 Number of CSFs:       1764   (4900 determinants, 4900 intermediate states)

 Molecular orbitals read from record     2143.2  Type=MCSCF/NATURAL (state 1.1)

 Wavefunction dump at record             2144.2

 Convergence thresholds  0.10E-01 (gradient)  0.10E-05 (energy)  0.10E-02 (step length)

 Number of orbital rotations:     625     (  40 Core/Active  225 Core/Virtual   0 Active/Active  360 Active/Virtual)
 Total number of variables:      5525


 ITER. MIC  NCI  NEG     ENERGY(VAR)     ENERGY(PROJ)   ENERGY CHANGE     GRAD(0)  GRAD(ORB)   GRAD(CI)     STEP       TIME

   1   32   16    0     -79.21950486     -79.21950486   -0.00000000    0.00000018 0.00000001 0.00000016  0.21D-06      0.19

 ** WVFN ****  CONVERGENCE REACHED, FINAL GRADIENT:  0.18D-07


 First order charge density matrix for state 1.1 saved on record  2144.2 (density set 1)

 Results for state 1.1
 =====================

 !MCSCF STATE 1.1 Energy              -79.219504862573
 Nuclear energy                        35.22682588
 Kinetic energy                        78.80431518
 One electron energy                 -175.02649207
 Two electron energy                   60.58016133
 Virial ratio                           2.00526862

 !MCSCF STATE 1.1 Dipole moment        -0.02432473     0.00007605     0.00336673
 Dipole moment /Debye                  -0.06182324     0.00019329     0.00855680


 Natural orbital dump at molpro section                    2144.2    (Orbital set 2)



 **********************************************************************************************************************************
 DATASETS  * FILE   NREC   LENGTH (MB)   RECORD NAMES
              1      19        6.53       500      610      700      900      950      970     1000      129      960     1100   
                                          VAR    BASINP    GEOM    SYMINP    ZMAT    AOBASIS   BASIS     P2S    ABASIS      S 
                                         1400     1410     1200     1210     1080     1600     1650     1700     1380   
                                           T        V       H0       H01     AOSYM     SMH    MOLCAS    OPER     JKOP   

              2       8        1.13       700     1000     2100     2140     2141     2142     2143     2144   
                                         GEOM     BASIS     RHF     MCSCF    MCSCF    MCSCF    MCSCF    MCSCF   

 PROGRAMS   *        TOTAL     MULTI     MULTI     MULTI     MULTI     MULTI        HF       INT
 CPU TIMES  *         4.64      0.35      1.43      1.29      0.86      0.36      0.11      0.15
 REAL TIME  *        10.96 SEC
 DISK USED  *        55.38 MB      
 SF USED    *        20.53 MB      
 GA USED    *         0.00 MB       (max)       0.00 MB       (current)
 **********************************************************************************************************************************
 SETTING BASIS          =    CC-PVTZ


 Recomputing integrals since basis changed


 Using spherical harmonics

 Library entry C      S cc-pVTZ              selected for orbital group  1
 Library entry C      P cc-pVTZ              selected for orbital group  1
 Library entry C      D cc-pVTZ              selected for orbital group  1
 Library entry C      F cc-pVTZ              selected for orbital group  1
 Library entry H      S cc-pVTZ              selected for orbital group  2
 Library entry H      P cc-pVTZ              selected for orbital group  2
 Library entry H      D cc-pVTZ              selected for orbital group  2

1PROGRAM * SEWARD (Integral evaluation for generally contracted gaussian basis sets)     Author: Roland Lindh, 1990

 Geometry written to block  1 of record 700

 Orientation using atomic masses  
 Molecule type: Asymmetric top
 Rotational constants:      10.0491301     10.0486372     72.3826261 GHz  (calculated with average atomic masses)

 Point group  C1  



 ATOMIC COORDINATES

 NR  ATOM    CHARGE       X              Y              Z

   1  C1      6.00   -0.001150504    0.000001975   -2.267913302
   2  C2      6.00   -0.000849885   -0.000007778    2.267429403
   3  H3      1.00   -1.008837322    1.756136903    2.685150822
   4  H4      1.00   -1.017354566   -1.751227450    2.685189680
   5  H41     1.00    2.035127775   -0.004945180    2.687687589
   6  H5      1.00    1.023861451    1.760205343   -2.683429264
   7  H6      1.00    1.015555162   -1.764911552   -2.683842330
   8  H7      1.00   -2.024515099    0.004811093   -2.684990176

 Bond lengths in Bohr (Angstrom)

 1-6  2.078850385  1-7  2.078847548  1-8  2.065909129  2-3  2.067504292  2-4  2.067504717
     ( 1.100080245)     ( 1.100078743)     ( 1.093232027)     ( 1.094076151)     ( 1.094076376)

 2-5  2.078905085
     ( 1.100109191)

 Bond angles

  3-2-4  116.03599779   3-2-5  116.01745806   4-2-5  116.01756092   6-1-7  115.95834607

  6-1-8  116.14148484   7-1-8  116.14113341

 NUCLEAR CHARGE:                   18
 NUMBER OF PRIMITIVE AOS:         196
 NUMBER OF SYMMETRY AOS:          180
 NUMBER OF CONTRACTIONS:          144   ( 144A   )
 NUMBER OF CORE ORBITALS:           2   (   2A   )
 NUMBER OF VALENCE ORBITALS:       14   (  14A   )


 NUCLEAR REPULSION ENERGY   35.22682588


 Eigenvalues of metric

         1 0.131E-02 0.143E-02 0.181E-02 0.181E-02 0.211E-02 0.211E-02 0.325E-02 0.502E-02


 Contracted 2-electron integrals neglected if value below      1.0D-11
 AO integral compression algorithm  1   Integral accuracy      1.0D-11

     212.599 MB (compressed) written to integral file ( 43.6%)

     Node minimum: 47.186 MB, node maximum: 59.245 MB


 NUMBER OF SORTED TWO-ELECTRON INTEGRALS:   13629420.     BUFFER LENGTH:  32768
 NUMBER OF SEGMENTS:   1  SEGMENT LENGTH:   13629420      RECORD LENGTH: 524288

 Memory used in sort:      14.19 MW

 SORT1 READ    61082403. AND WROTE    12616641. INTEGRALS IN     37 RECORDS. CPU TIME:     0.98 SEC, REAL TIME:     1.15 SEC
 SORT2 READ    50420867. AND WROTE    54502020. INTEGRALS IN    752 RECORDS. CPU TIME:     0.31 SEC, REAL TIME:     0.40 SEC

 Node minimum:    13621590.  Node maximum:    13629420. integrals

 OPERATOR DM      FOR CENTER  0  COORDINATES:    0.000000    0.000000    0.000000


 **********************************************************************************************************************************
 DATASETS  * FILE   NREC   LENGTH (MB)   RECORD NAMES
              1      18        3.44       500      610      700      900      950      970     1001      129      960     1100   
                                          VAR    BASINP    GEOM    SYMINP    ZMAT    AOBASIS   BASIS     P2S    ABASIS      S 
                                         1400     1410     1200     1210     1080     1600     1650     1700   
                                           T        V       H0       H01     AOSYM     SMH    MOLCAS    OPER   

              2       9        1.19       700     1000     2100     2140     2141     2142     2143     2144     1001   
                                         GEOM     BASIS     RHF     MCSCF    MCSCF    MCSCF    MCSCF    MCSCF    BASIS   

 PROGRAMS   *        TOTAL       INT     MULTI     MULTI     MULTI     MULTI     MULTI        HF       INT
 CPU TIMES  *         6.96      2.32      0.35      1.43      1.29      0.86      0.36      0.11      0.15
 REAL TIME  *        14.38 SEC
 DISK USED  *       855.88 MB      
 SF USED    *        20.53 MB      
 GA USED    *         0.00 MB       (max)       0.00 MB       (current)
 **********************************************************************************************************************************

1PROGRAM * MULTI (Direct Multiconfiguration SCF)       Authors: P.J. Knowles, H.-J. Werner (1984)     S.T. Elbert (1988)


 Number of closed-shell orbitals:  5 (  5 )
 Number of active  orbitals:       8 (  8 )
 Number of external orbitals:    131 (131 )

 State symmetry 1

 Number of electrons:     8    Spin symmetry=Singlet   Space symmetry=1
 Number of states:        1
 Number of CSFs:       1764   (4900 determinants, 4900 intermediate states)

 Molecular orbitals read from record     2144.2  Type=MCSCF/NATURAL (state 1.1)
 
 Present basis size:     144
 Previous basis size:     58
 Previous occupation:     13
 Previous closed-shells:   5
 Present occupation:      13
 Present closed-shells:    5
 Wavefunction symmetry:    1   Singlet 

 Orbital overlap <old|new>:  < 1.1| 1.1> = 0.999999   < 2.1| 2.1> = 0.999999   < 3.1| 3.1> = 0.999942   < 4.1| 4.1> = 0.999926
                             < 5.1| 5.1> = 0.999907   < 6.1| 6.1> = 0.999934   < 7.1| 7.1> = 0.999917   < 8.1| 8.1> = 0.999906
                             < 9.1| 9.1> = 0.999805   <10.1|10.1> = 0.999815   <11.1|11.1> = 0.999604   <12.1|12.1> = 0.999520
                             <13.1|13.1> = 0.999455

 Wavefunction dump at record             2145.2

 Convergence thresholds  0.10E-01 (gradient)  0.10E-05 (energy)  0.10E-02 (step length)

 Number of orbital rotations:    1743     (  40 Core/Active  655 Core/Virtual   0 Active/Active 1048 Active/Virtual)
 Total number of variables:      6643


 ITER. MIC  NCI  NEG     ENERGY(VAR)     ENERGY(PROJ)   ENERGY CHANGE     GRAD(0)  GRAD(ORB)   GRAD(CI)     STEP       TIME

   1   40   25    0     -79.23565542     -79.24562679   -0.00997137    0.25646051 0.00000537 0.00000773  0.10D+00      3.43
   2   36   15    0     -79.24563294     -79.24563313   -0.00000020    0.00051689 0.00000015 0.00000124  0.20D-02      6.57
   3   36    8    0     -79.24563313     -79.24563313   -0.00000000    0.00000031 0.00000001 0.00000005  0.14D-05      8.71

 ** WVFN ****  CONVERGENCE REACHED, FINAL GRADIENT:  0.29D-07


 First order charge density matrix for state 1.1 saved on record  2145.2 (density set 1)

 Results for state 1.1
 =====================

 !MCSCF STATE 1.1 Energy              -79.245633133207
 Nuclear energy                        35.22682588
 Kinetic energy                        78.88847779
 One electron energy                 -175.07864131
 Two electron energy                   60.60618230
 Virial ratio                           2.00452734

 !MCSCF STATE 1.1 Dipole moment        -0.02488546     0.00007697     0.00197980
 Dipole moment /Debye                  -0.06324839     0.00019563     0.00503181


 Natural orbital dump at molpro section                    2145.2    (Orbital set 2)



 **********************************************************************************************************************************
 DATASETS  * FILE   NREC   LENGTH (MB)   RECORD NAMES
              1      19       26.47       500      610      700      900      950      970     1001      129      960     1100   
                                          VAR    BASINP    GEOM    SYMINP    ZMAT    AOBASIS   BASIS     P2S    ABASIS      S 
                                         1400     1410     1200     1210     1080     1600     1650     1700     1380   
                                           T        V       H0       H01     AOSYM     SMH    MOLCAS    OPER     JKOP   

              2      10        1.63       700     1000     2100     2140     2141     2142     2143     2144     1001     2145   
                                         GEOM     BASIS     RHF     MCSCF    MCSCF    MCSCF    MCSCF    MCSCF    BASIS    MCSCF   

 PROGRAMS   *        TOTAL     MULTI       INT     MULTI     MULTI     MULTI     MULTI     MULTI        HF       INT
 CPU TIMES  *        17.48     10.51      2.32      0.35      1.43      1.29      0.86      0.36      0.11      0.15
 REAL TIME  *        26.13 SEC
 DISK USED  *       855.88 MB      
 SF USED    *       106.22 MB      
 GA USED    *         0.00 MB       (max)       0.00 MB       (current)
 **********************************************************************************************************************************

1PROGRAM * RS2C (Multireference RS Perturbation Theory)     Authors: H.-J. Werner (1993), P. Celani (1998)


 Convergence thresholds:  THRVAR = 1.00D-06  THRDEN = 1.00D-06

 Number of optimized states:  1  Roots:   1
 Number of reference states:  1  Roots:   1

 Reference symmetry:                   1   Singlet 
 Number of electrons:                 18
 Maximum number of shells:             6
 Maximum number of spin couplings:    42

 Reference space:     1107 conf     1764 CSFs
 N elec internal:     1107 conf     1764 CSFs
 N-1 el internal:     1016 conf     2352 CSFs
 N-2 el internal:      784 conf     2688 CSFs

 Number of electrons in valence space:                     14
 Maximum number of open shell orbitals in reference space:  8
 Maximum number of open shell orbitals in internal spaces: 10


 Number of core orbitals:           2 (   2 )
 Number of closed-shell orbitals:   3 (   3 )
 Number of active  orbitals:        8 (   8 )
 Number of external orbitals:     131 ( 131 )

 Molecular orbitals read from record     2145.2  Type=MCSCF/NATURAL (state 1.1)

 Coulomb and exchange operators available. No transformation done.

 Number of p-space configurations:   4

 Reference wavefunction optimized for reference space (refopt=1)

 State     Reference Energy 
   1         -79.24563313

 Number of blocks in overlap matrix:     2   Smallest eigenvalue:  0.18D-03
 Number of N-2 electron functions:     121
 Number of N-1 electron functions:    2352

 Number of internal configurations:                 1764
 Number of singly external configurations:        308112
 Number of doubly external configurations:       1038961
 Total number of contracted configurations:      1348837
 Total number of uncontracted configurations:   23352252

 Weight factors for SA-density in H0:    1.000000

 FIMAX=  0.13D+00  FXMAX=  0.26D-07  DIAG=  F  F  NOREF=1  NOINT=0  IHPPD=2

 Nuclear energy:                      35.22682588
 Core energy:                        -77.15875480
 Zeroth-order valence energy:         -8.40290514
 Zeroth-order total energy:          -50.33483406
 First-order energy:                 -28.91079908


 Using contracted singles

 Number of contracted N-1 electron functions:        453
 Number of contracted internal configurations:        64


 Diagonal Coupling coefficients finished.               Storage:   53466 words, CPU-Time:      0.01 seconds.
 Energy denominators for pairs finished in 0 passes.    Storage:   78742 words, CPU-time:      0.00 seconds.

  ITER. STATE  ROOT     SQ.NORM     CORR.ENERGY   TOTAL ENERGY   ENERGY CHANGE       DEN1      VAR(S)    VAR(P)      TIME
    1     1     1     1.02501618     0.00000000   -79.24563313     0.00000000    -0.28408005  0.25D-01  0.64D-01     0.72
    2     1     1     1.09107661    -0.28650448   -79.53213761    -0.28650448    -0.00194419  0.65D-03  0.39D-03     1.81
    3     1     1     1.09439138    -0.29000301   -79.53563614    -0.00349852    -0.00311383  0.17D-03  0.53D-05     2.76
    4     1     1     1.09487613    -0.29040060   -79.53603374    -0.00039760    -0.00010203  0.14D-04  0.28D-05     3.76
    5     1     1     1.09528188    -0.29046874   -79.53610187    -0.00006813    -0.00032011  0.47D-05  0.68D-07     4.74
    6     1     1     1.09533812    -0.29047814   -79.53611127    -0.00000940    -0.00001193  0.69D-06  0.58D-07     5.99
    7     1     1     1.09540198    -0.29048237   -79.53611551    -0.00000424    -0.00004687  0.27D-06  0.22D-08     6.92
    8     1     1     1.09541269    -0.29048312   -79.53611626    -0.00000075    -0.00000164  0.75D-07  0.21D-08     7.84

 Energy contributions for state 1.1:
 ===================================

            Energy contr.      SQ.Norm of FOWF
 Space I0     0.00000000          0.00000000
 Space I1    -0.00052004          0.00032929
 Space I2    -0.00096677          0.00052590
 Space S0    -0.02531525          0.01105354
 Space Sc    -0.04248577          0.01861384
 Space Pc    -0.22119530          0.06489013
 Space P0    -0.02597315          0.00811589
 Space P1    -0.07441737          0.02303315
 Space P2    -0.04393277          0.01528320
 Space P1,P2 -0.19522215          0.05677424


 =====================================
 Analysis of CPU times by interactions
 =====================================

       I      S      P

 I   0.4%
 S   0.0%  28.4%
 P   1.1%  43.5%   8.3%

 Initialization:   7.5%
 Other:           10.7%

 Total CPU:        7.8 seconds
 =====================================





 RESULTS FOR STATE 1.1
 =====================


 Reference energy                     -79.24563313
 Nuclear energy                        35.22682588
 Correlation energy                    -0.29048312
 !RSPT2 STATE 1.1 Energy              -79.536116255954


 **********************************************************************************************************************************
 DATASETS  * FILE   NREC   LENGTH (MB)   RECORD NAMES
              1      19       26.47       500      610      700      900      950      970     1001      129      960     1100   
                                          VAR    BASINP    GEOM    SYMINP    ZMAT    AOBASIS   BASIS     P2S    ABASIS      S 
                                         1400     1410     1200     1210     1080     1600     1650     1700     1380   
                                           T        V       H0       H01     AOSYM     SMH    MOLCAS    OPER     JKOP   

              2      10        1.63       700     1000     2100     2140     2141     2142     2143     2144     1001     2145   
                                         GEOM     BASIS     RHF     MCSCF    MCSCF    MCSCF    MCSCF    MCSCF    BASIS    MCSCF   

 PROGRAMS   *        TOTAL      RS2C     MULTI       INT     MULTI     MULTI     MULTI     MULTI     MULTI        HF       INT
 CPU TIMES  *        25.34      7.85     10.51      2.32      0.35      1.43      1.29      0.86      0.36      0.11      0.15
 REAL TIME  *        35.61 SEC
 DISK USED  *       855.88 MB      
 SF USED    *       106.22 MB      
 GA USED    *         0.00 MB       (max)       0.00 MB       (current)
 **********************************************************************************************************************************
 SETTING CBSEN          =       -79.53611626  AU                              

 Dump information in style MOLDEN to molpro.molden                                                                   

 Molecular orbitals read from record     2145.2  Type=MCSCF/NATURAL (state 1.1)
 Occupation numbers read from record     2145.2  Type=MCSCF/NATURAL (state 1.1)
 Orbital energies read from record       2145.2  Type=MCSCF/NATURAL (state 1.1)
 Redundancy group numbers read from rec  2145.2  Type=MCSCF/NATURAL (state 1.1)
 
 DUMP ORBITAL  1.1 AS ORBITAL    1  occ=    2.0000  eig=  -11.2309  GROUP=   2
 DUMP ORBITAL  2.1 AS ORBITAL    2  occ=    2.0000  eig=  -11.2229  GROUP=   2
 DUMP ORBITAL  3.1 AS ORBITAL    3  occ=    2.0000  eig=   -0.8087  GROUP=   2
 DUMP ORBITAL  4.1 AS ORBITAL    4  occ=    2.0000  eig=   -0.6969  GROUP=   2
 DUMP ORBITAL  5.1 AS ORBITAL    5  occ=    2.0000  eig=   -0.5566  GROUP=   2
 DUMP ORBITAL  6.1 AS ORBITAL    6  occ=    1.9809  eig=   -0.7261  GROUP=   3
 DUMP ORBITAL  7.1 AS ORBITAL    7  occ=    1.9794  eig=   -0.6468  GROUP=   3
 DUMP ORBITAL  8.1 AS ORBITAL    8  occ=    1.9775  eig=   -0.5479  GROUP=   3
 DUMP ORBITAL  9.1 AS ORBITAL    9  occ=    1.8266  eig=   -0.2988  GROUP=   3
 DUMP ORBITAL 10.1 AS ORBITAL   10  occ=    0.1737  eig=    0.1505  GROUP=   3
 DUMP ORBITAL 11.1 AS ORBITAL   11  occ=    0.0217  eig=    0.6630  GROUP=   3
 DUMP ORBITAL 12.1 AS ORBITAL   12  occ=    0.0201  eig=    0.7048  GROUP=   3
 DUMP ORBITAL 13.1 AS ORBITAL   13  occ=    0.0200  eig=    0.7343  GROUP=   3

 Total charge:      18.000000

 **********************************************************************************************************************************

        RS2C            MULTI           MULTI           MULTI           MULTI           MULTI           MULTI           HF-SCF  
    -79.53611626    -79.24563313    -79.21950486    -79.21950486    -79.20101312    -79.17961452    -79.16128750    -79.11121704
 **********************************************************************************************************************************
 Variable memory released
