
 Primary working directories    : /data/scratch
 Secondary working directories  : /data/scratch
 Wavefunction directory         : /home/carlo/wfu/
 Main file repository           : /data/scratch/

 ARCHNAME  : Linux/x86_64
 FC        : /opt/intel/composer_xe_2013_sp1.1.106/bin/intel64/ifort
 FCVERSION : 14.0.1
 BLASLIB   : -Wl,-_start-group /opt/intel/mkl/lib/intel64/libmkl_intel_ilp64.a /opt/intel/mkl/lib/intel64/libmkl_sequential.a /opt/intel/mkl/lib/intel64/libmkl_core.a -Wl,-_end-group
 id        : polimi

 Nodes     nprocs
 tt106        4
 ga_uses_ma=false, calling ma_init with nominal heap.
 GA-space will be limited to   8.0 MW (determined by -G option)

 Using customized tuning parameters: mindgm=16; mindgv=24; mindgc=8; mindgr=1; noblas=0; mincuda=1000; minvec=7
 default implementation of scratch files=sf  

  memory,         500 ,m
    nosym
 
    geometry={angstrom
     c1
     h2 c1 rch1
     h3 c1 rch2 h2 ahcc1
     h4 c1 rch3 h2 ahcc2 h3 b1
     h5 c1 rch4 h2 ahcc3 h3 b2
    }
    RCH1                           =    1.0834999999999999
    RCH2                           =    1.0833999999999999
    RCH3                           =    1.0833999999999999
    AHCC1                          =    115.63310000000000
    AHCC2                          =    115.63809999999999
    AHCC3                          =    102.23660000000000
    B1                             =    139.67920000000001
    B2                             =   -110.13890000000001
    RCH4                           =    1.8000000000000000
 
    SET,SPIN=           0
 
                                                                                 !closed shell input
 
    nosym
 
    basis=6-31+g(d,p)
 
    hf
 
                                                                                 !{multi;closed,14;occ,17;wf,32,1,0}
                                                                                 !{multi;closed,8;occ,10;wf,18,1,0}
    {multi;closed, 4;occ, 6;wf, 10,1,0;state,1  ;maxiter,40}
  geometry={angstrom
     c1
     h2 c1 rch1
     h3 c1 rch2 h2 ahcc1
     h4 c1 rch3 h2 ahcc2 h3 b1
     h5 c1 rch4 h2 ahcc3 h3 b2
  }
  RCH1                           =    1.0924492186740931
  RCH2                           =    1.0924507874749601
  RCH3                           =    1.0924503611043379
  AHCC1                          =    117.51619233374539
  AHCC2                          =    117.51625223086570
  AHCC3                          =    99.158535956917575
  B1                             =    149.17466923646990
  B2                             =   -105.41259981847440
  RCH4                           =    2.1000000000000001
 
  SET,SPIN=           0
 
                                                                                 !closed shell input
 
 
                                                                                 !{multi;closed,14;occ,17;wf,32,1,0}
                                                                                 !{multi;closed,8;occ,10;wf,18,1,0}
 
  {multi;closed, 1;occ, 9;wf, 10,1,0;state,1  ;maxiter,40}
 
   basis=cc-pvtz
 
  {multi;closed, 1;occ, 9;wf, 10,1,0;state,1  ;maxiter,40}
 
   {rs2c,shift=0.2}
 
   CBSen = energy
 
   put,molden,molpro.molden
 

 Variables initialized (661), CPU time= 0.00 sec
 Commands  initialized (458), CPU time= 0.01 sec, 486 directives.
 Default parameters read. Elapsed time= 0.05 sec

 Checking input...
 Passed
1


                                         ***  PROGRAM SYSTEM MOLPRO  ***
                         Copyright, University College Cardiff Consultants Limited, 2008

                                    Version 2010.1 linked Nov 28 2013 00:29:07


 **********************************************************************************************************************************
 LABEL *                                                                                 
 Linux-2.6.34-12-desktop/tt106(x86_64) 64 bit mpp version                                DATE: 30-Aug-19          TIME: 07:32:44  
 **********************************************************************************************************************************

 SHA1:             3e0dedb5ca8b4ac28d83a6c404202848d09e924a
 **********************************************************************************************************************************

 Variable memory set to  500000000 words,  buffer space   230000 words

 ZSYMEL=NOSYM
 
 SETTING RCH1           =         1.08350000                                  
 SETTING RCH2           =         1.08340000                                  
 SETTING RCH3           =         1.08340000                                  
 SETTING AHCC1          =       115.63310000                                  
 SETTING AHCC2          =       115.63810000                                  
 SETTING AHCC3          =       102.23660000                                  
 SETTING B1             =       139.67920000                                  
 SETTING B2             =      -110.13890000                                  
 SETTING RCH4           =         1.80000000                                  
 SETTING SPIN           =         0.00000000                                  
 SETTING BASIS          =    6-31+G(D,P)


 Recomputing integrals since basis changed


 Using spherical harmonics

 Library entry C      S 6-31G                selected for orbital group  1
 Library entry C      S 6-31++G              selected for orbital group  1
 Library entry C      P 6-31G                selected for orbital group  1
 Library entry C      P 6-31++G              selected for orbital group  1
 Library entry C      D 6-31G*               selected for orbital group  1
 Library entry H      S 6-31G                selected for orbital group  2
 Library entry H      P 6-31G**              selected for orbital group  2

1PROGRAM * SEWARD (Integral evaluation for generally contracted gaussian basis sets)     Author: Roland Lindh, 1990

 Geometry written to block  1 of record 700

 Orientation using atomic masses  
 Molecule type: Asymmetric top
 Rotational constants:     100.2297946    100.2376729    149.0803220 GHz  (calculated with average atomic masses)

 Point group  C1  



 ATOMIC COORDINATES

 NR  ATOM    CHARGE       X              Y              Z

   1  C1      6.00    0.000006173   -0.000002998    0.131915175
   2  H2      1.00   -0.273634915    1.982195261    0.565898650
   3  H3      1.00    1.853678496   -0.753741604    0.564736453
   4  H4      1.00   -1.579091750   -1.228296145    0.567004731
   5  H5      1.00   -0.001025388   -0.000121782   -3.269591703

 Bond lengths in Bohr (Angstrom)

 1-2  2.047518263  1-3  2.047329291  1-4  2.047329291
     ( 1.083500000)     ( 1.083400000)     ( 1.083400000)

 Bond angles

  2-1-3  115.63310000   2-1-4  115.63810000   3-1-4  115.62865057

 NUCLEAR CHARGE:                   10
 NUMBER OF PRIMITIVE AOS:          60
 NUMBER OF SYMMETRY AOS:           59
 NUMBER OF CONTRACTIONS:           38   (  38A   )
 NUMBER OF CORE ORBITALS:           1   (   1A   )
 NUMBER OF VALENCE ORBITALS:        8   (   8A   )


 NUCLEAR REPULSION ENERGY   12.11472346


 Eigenvalues of metric

         1 0.182E-01 0.559E-01 0.559E-01 0.103E+00 0.153E+00 0.164E+00 0.164E+00 0.219E+00


 Contracted 2-electron integrals neglected if value below      1.0D-11
 AO integral compression algorithm  1   Integral accuracy      1.0D-11

     2.097 MB (compressed) written to integral file ( 71.5%)

     Node minimum: 0.524 MB, node maximum: 0.524 MB


 NUMBER OF SORTED TWO-ELECTRON INTEGRALS:      68820.     BUFFER LENGTH:  32768
 NUMBER OF SEGMENTS:   1  SEGMENT LENGTH:      68820      RECORD LENGTH: 524288

 Memory used in sort:       0.63 MW

 SORT1 READ      344579. AND WROTE       65305. INTEGRALS IN      1 RECORDS. CPU TIME:     0.01 SEC, REAL TIME:     0.08 SEC
 SORT2 READ      260691. AND WROTE      274911. INTEGRALS IN      8 RECORDS. CPU TIME:     0.00 SEC, REAL TIME:     0.01 SEC

 Node minimum:       68450.  Node maximum:       69006. integrals

 OPERATOR DM      FOR CENTER  0  COORDINATES:    0.000000    0.000000    0.000000


 **********************************************************************************************************************************
 DATASETS  * FILE   NREC   LENGTH (MB)   RECORD NAMES
              1      18        2.65       500      610      700      900      950      970     1000      129      960     1100   
                                          VAR    BASINP    GEOM    SYMINP    ZMAT    AOBASIS   BASIS     P2S    ABASIS      S 
                                         1400     1410     1200     1210     1080     1600     1650     1700   
                                           T        V       H0       H01     AOSYM     SMH    MOLCAS    OPER   

 PROGRAMS   *        TOTAL       INT
 CPU TIMES  *         0.14      0.06
 REAL TIME  *         2.31 SEC
 DISK USED  *        18.04 MB      
 GA USED    *         0.00 MB       (max)       0.00 MB       (current)
 **********************************************************************************************************************************

1PROGRAM * RHF-SCF (CLOSED SHELL)       Authors: W. Meyer, H.-J. Werner


 NUMBER OF ELECTRONS:       5+    5-    SPACE SYMMETRY=1    SPIN SYMMETRY: Singlet 
 CONVERGENCE THRESHOLDS:    1.00E-05 (Density)    1.00E-07 (Energy)
 MAX. NUMBER OF ITERATIONS:       60
 INTERPOLATION TYPE:            DIIS
 INTERPOLATION STEPS:              2 (START)      1 (STEP)
 LEVEL SHIFTS:                  0.00 (CLOSED)  0.00 (OPEN) 



 Orbital guess generated from atomic densities. Full valence occupancy:    5

 Molecular orbital dump at record        2100.2

 ITERATION    DDIFF          GRAD             ENERGY        2-EL.EN.            DIPOLE MOMENTS         DIIS
    1      0.000D+00      0.000D+00       -40.06228625     50.446924    0.00001    0.00003   -0.39497    0
    2      0.000D+00      0.807D-02       -40.08527536     48.724408    0.00021    0.00001    0.39409    1
    3      0.887D-02      0.464D-02       -40.08979492     49.346005    0.00023    0.00002    0.35818    2
    4      0.262D-02      0.113D-02       -40.09062842     49.263694    0.00028    0.00002    0.48922    3
    5      0.182D-02      0.184D-03       -40.09065169     49.259377    0.00029    0.00002    0.51043    4
    6      0.310D-03      0.400D-04       -40.09065282     49.259635    0.00029    0.00002    0.51398    5
    7      0.791D-04      0.770D-05       -40.09065287     49.259595    0.00029    0.00002    0.51467    6
    8      0.236D-04      0.113D-05       -40.09065287     49.259499    0.00029    0.00002    0.51472    6
    9      0.272D-05      0.194D-06       -40.09065287     49.259497    0.00029    0.00002    0.51472    0

 Final occupancy:   5

 !RHF STATE 1.1 Energy                -40.090652868023
 Nuclear energy                        12.11472346
 One-electron energy                  -76.83512485
 Two-electron energy                   24.62974852
 Virial quotient                       -1.00899281
 !RHF STATE 1.1 Dipole moment           0.00029202     0.00002159     0.51472162
 Dipole moment /Debye                   0.00074219     0.00005487     1.30820618

 Orbital energies:

         1.1          2.1          3.1          4.1          5.1          6.1          7.1
    -11.286141    -0.934200    -0.588182    -0.588167    -0.391124     0.073746     0.116810


 **********************************************************************************************************************************
 DATASETS  * FILE   NREC   LENGTH (MB)   RECORD NAMES
              1      18        2.65       500      610      700      900      950      970     1000      129      960     1100   
                                          VAR    BASINP    GEOM    SYMINP    ZMAT    AOBASIS   BASIS     P2S    ABASIS      S 
                                         1400     1410     1200     1210     1080     1600     1650     1700   
                                           T        V       H0       H01     AOSYM     SMH    MOLCAS    OPER   

              2       3        0.34       700     1000     2100   
                                         GEOM     BASIS     RHF  

 PROGRAMS   *        TOTAL        HF       INT
 CPU TIMES  *         0.16      0.02      0.06
 REAL TIME  *         3.50 SEC
 DISK USED  *        31.73 MB      
 SF USED    *         0.01 MB      
 GA USED    *         0.00 MB       (max)       0.00 MB       (current)
 **********************************************************************************************************************************

1PROGRAM * MULTI (Direct Multiconfiguration SCF)       Authors: P.J. Knowles, H.-J. Werner (1984)     S.T. Elbert (1988)


 Number of closed-shell orbitals:  4 (  4 )
 Number of active  orbitals:       2 (  2 )
 Number of external orbitals:     32 ( 32 )

 State symmetry 1

 Number of electrons:     2    Spin symmetry=Singlet   Space symmetry=1
 Number of states:        1
 Number of CSFs:          3   (4 determinants, 4 intermediate states)

 Iteration controls:
             1  2  3  4  5  6  7  8  9 10 11 12 13 14 15 16 17 18 19 20 21 22 23 24 25 26 27 28 29 30 31 32 33 34 35 36 37 38 39
 DIAGCI      T  T  T  T  T  T  T  T  T  T  T  T  T  T  T  T  T  T  T  T  T  T  T  T  T  T  T  T  T  T  T  T  T  T  T  T  T  T  T
 WERNER      T  T  T  T  T  T  T  T  T  T  T  T  T  T  T  T  T  T  T  T  T  T  T  T  T  T  T  T  T  T  T  T  T  T  T  T  T  T  T
 INTERNAL    F  T  T  T  T  T  T  T  T  T  T  T  T  T  T  T  T  T  T  T  T  T  T  T  T  T  T  T  T  T  T  T  T  T  T  T  T  T  T

 Molecular orbitals read from record     2100.2  Type=RHF/CANONICAL (state 1.1)

 Wavefunction dump at record             2140.2

 Convergence thresholds  0.10E-01 (gradient)  0.10E-05 (energy)  0.10E-02 (step length)

 Number of orbital rotations:     200     (   8 Core/Active  128 Core/Virtual   0 Active/Active   64 Active/Virtual)
 Total number of variables:       204


 ITER. MIC  NCI  NEG     ENERGY(VAR)     ENERGY(PROJ)   ENERGY CHANGE     GRAD(0)  GRAD(ORB)   GRAD(CI)     STEP       TIME

   1   40    7    0     -40.09226202     -40.13088442   -0.03862240    0.00713537 0.00026881 0.00000000  0.77D+00      0.03
   2   21    8    0     -40.12959748     -40.13157609   -0.00197861    0.02744268 0.00000367 0.00000000  0.14D+00      0.05
   3   21    8    0     -40.13158689     -40.13158721   -0.00000032    0.00040363 0.00000005 0.00000000  0.16D-02      0.06
   4   20    4    0     -40.13158721     -40.13158721   -0.00000000    0.00000017 0.00000000 0.00000000  0.54D-06      0.07

 ** WVFN ****  CONVERGENCE REACHED, FINAL GRADIENT:  0.63D-07


 First order charge density matrix for state 1.1 saved on record  2140.2 (density set 1)

 Results for state 1.1
 =====================

 !MCSCF STATE 1.1 Energy              -40.131587211105
 Nuclear energy                        12.11472346
 Kinetic energy                        39.87019393
 One electron energy                  -76.92621354
 Two electron energy                   24.67990287
 Virial ratio                           2.00655611

 !MCSCF STATE 1.1 Dipole moment         0.00021111     0.00000567     0.34046899
 Dipole moment /Debye                   0.00053655     0.00001441     0.86532918


 Natural orbital dump at molpro section                    2140.2    (Orbital set 2)



 **********************************************************************************************************************************
 DATASETS  * FILE   NREC   LENGTH (MB)   RECORD NAMES
              1      19        3.04       500      610      700      900      950      970     1000      129      960     1100   
                                          VAR    BASINP    GEOM    SYMINP    ZMAT    AOBASIS   BASIS     P2S    ABASIS      S 
                                         1400     1410     1200     1210     1080     1600     1650     1700     1380   
                                           T        V       H0       H01     AOSYM     SMH    MOLCAS    OPER     JKOP   

              2       4        0.43       700     1000     2100     2140   
                                         GEOM     BASIS     RHF     MCSCF   

 PROGRAMS   *        TOTAL     MULTI        HF       INT
 CPU TIMES  *         0.26      0.09      0.02      0.06
 REAL TIME  *         5.18 SEC
 DISK USED  *        31.73 MB      
 SF USED    *         4.67 MB      
 GA USED    *         0.00 MB       (max)       0.00 MB       (current)
 **********************************************************************************************************************************
 ZSYMEL=NOSYM
 
 SETTING RCH1           =         1.09244922                                  
 SETTING RCH2           =         1.09245079                                  
 SETTING RCH3           =         1.09245036                                  
 SETTING AHCC1          =       117.51619233                                  
 SETTING AHCC2          =       117.51625223                                  
 SETTING AHCC3          =        99.15853596                                  
 SETTING B1             =       149.17466924                                  
 SETTING B2             =      -105.41259982                                  
 SETTING RCH4           =         2.10000000                                  
 SETTING SPIN           =         0.00000000                                  


 Recomputing integrals since geometry changed

1PROGRAM * SEWARD (Integral evaluation for generally contracted gaussian basis sets)     Author: Roland Lindh, 1990

 Geometry written to block  1 of record 700

 Orientation using atomic masses  
 Molecule type: Asymmetric top
 Rotational constants:      82.3448182     82.3448061    143.6819170 GHz  (calculated with average atomic masses)

 Point group  C1  



 ATOMIC COORDINATES

 NR  ATOM    CHARGE       X              Y              Z

   1  C1      6.00    0.000000004    0.000000308    0.187395774
   2  H2      1.00    0.585966371    1.952061593    0.515984733
   3  H3      1.00    1.397554440   -1.483494545    0.515979711
   4  H4      1.00   -1.983519247   -0.468572182    0.515984673
   5  H5      1.00   -0.000001609    0.000001460   -3.781029102

 Bond lengths in Bohr (Angstrom)

 1-2  2.064429836  1-3  2.064432800  1-4  2.064431995
     ( 1.092449219)     ( 1.092450787)     ( 1.092450361)

 Bond angles

  2-1-3  117.51619233   2-1-4  117.51625223   3-1-4  117.51613531

 NUCLEAR CHARGE:                   10
 NUMBER OF PRIMITIVE AOS:          60
 NUMBER OF SYMMETRY AOS:           59
 NUMBER OF CONTRACTIONS:           38   (  38A   )
 NUMBER OF CORE ORBITALS:           1   (   1A   )
 NUMBER OF VALENCE ORBITALS:        8   (   8A   )


 NUCLEAR REPULSION ENERGY   11.71167287


 Eigenvalues of metric

         1 0.207E-01 0.557E-01 0.557E-01 0.100E+00 0.171E+00 0.171E+00 0.183E+00 0.226E+00


 Contracted 2-electron integrals neglected if value below      1.0D-11
 AO integral compression algorithm  1   Integral accuracy      1.0D-11

     2.097 MB (compressed) written to integral file ( 66.3%)

     Node minimum: 0.524 MB, node maximum: 0.524 MB


 NUMBER OF SORTED TWO-ELECTRON INTEGRALS:      68820.     BUFFER LENGTH:  32768
 NUMBER OF SEGMENTS:   1  SEGMENT LENGTH:      68820      RECORD LENGTH: 524288

 Memory used in sort:       0.63 MW

 SORT1 READ      344579. AND WROTE       63682. INTEGRALS IN      1 RECORDS. CPU TIME:     0.01 SEC, REAL TIME:     0.12 SEC
 SORT2 READ      254621. AND WROTE      274911. INTEGRALS IN      8 RECORDS. CPU TIME:     0.00 SEC, REAL TIME:     0.01 SEC

 Node minimum:       68450.  Node maximum:       69006. integrals

 OPERATOR DM      FOR CENTER  0  COORDINATES:    0.000000    0.000000    0.000000


 **********************************************************************************************************************************
 DATASETS  * FILE   NREC   LENGTH (MB)   RECORD NAMES
              1      18        2.65       500      610      700      900      950      970     1000      129      960     1100   
                                          VAR    BASINP    GEOM    SYMINP    ZMAT    AOBASIS   BASIS     P2S    ABASIS      S 
                                         1400     1410     1200     1210     1080     1600     1650     1700   
                                           T        V       H0       H01     AOSYM     SMH    MOLCAS    OPER   

              2       4        0.43       700     1000     2100     2140   
                                         GEOM     BASIS     RHF     MCSCF   

 PROGRAMS   *        TOTAL       INT     MULTI        HF       INT
 CPU TIMES  *         0.32      0.06      0.09      0.02      0.06
 REAL TIME  *         6.51 SEC
 DISK USED  *        33.06 MB      
 SF USED    *         4.67 MB      
 GA USED    *         0.00 MB       (max)       0.00 MB       (current)
 **********************************************************************************************************************************

1PROGRAM * MULTI (Direct Multiconfiguration SCF)       Authors: P.J. Knowles, H.-J. Werner (1984)     S.T. Elbert (1988)


 Number of closed-shell orbitals:  1 (  1 )
 Number of active  orbitals:       8 (  8 )
 Number of external orbitals:     29 ( 29 )

 State symmetry 1

 Number of electrons:     8    Spin symmetry=Singlet   Space symmetry=1
 Number of states:        1
 Number of CSFs:       1764   (4900 determinants, 4900 intermediate states)

 Iteration controls:
             1  2  3  4  5  6  7  8  9 10 11 12 13 14 15 16 17 18 19 20 21 22 23 24 25 26 27 28 29 30 31 32 33 34 35 36 37 38 39
 DIAGCI      T  T  T  T  T  T  T  T  T  T  T  T  T  T  T  T  T  T  T  T  T  T  T  T  T  T  T  T  T  T  T  T  T  T  T  T  T  T  T
 WERNER      T  T  T  T  T  T  T  T  T  T  T  T  T  T  T  T  T  T  T  T  T  T  T  T  T  T  T  T  T  T  T  T  T  T  T  T  T  T  T
 INTERNAL    F  T  T  T  T  T  T  T  T  T  T  T  T  T  T  T  T  T  T  T  T  T  T  T  T  T  T  T  T  T  T  T  T  T  T  T  T  T  T

 Molecular orbitals read from record     2140.2  Type=MCSCF/NATURAL (state 1.1)

 Wavefunction dump at record             2141.2

 Convergence thresholds  0.10E-01 (gradient)  0.10E-05 (energy)  0.10E-02 (step length)

 Number of orbital rotations:     269     (   8 Core/Active   29 Core/Virtual   0 Active/Active  232 Active/Virtual)
 Total number of variables:      5169


 ITER. MIC  NCI  NEG     ENERGY(VAR)     ENERGY(PROJ)   ENERGY CHANGE     GRAD(0)  GRAD(ORB)   GRAD(CI)     STEP       TIME

   1   40   23    0     -40.05717970     -40.16311763   -0.10593794    0.34121144 0.00014337 0.00032168  0.16D+01      0.14
   2   23   24    0     -40.16213855     -40.16372547   -0.00158692    0.03209909 0.00000083 0.00000440  0.20D+00      0.30
   3   27   11    0     -40.16372616     -40.16372617   -0.00000001    0.00008121 0.00000077 0.00000798  0.44D-03      0.37

 ** WVFN ****  CONVERGENCE REACHED, FINAL GRADIENT:  0.12D-05


 First order charge density matrix for state 1.1 saved on record  2141.2 (density set 1)

 Results for state 1.1
 =====================

 !MCSCF STATE 1.1 Energy              -40.163726168960
 Nuclear energy                        11.71167287
 Kinetic energy                        39.96575357
 One electron energy                  -76.07163352
 Two electron energy                   24.19623448
 Virial ratio                           2.00495356

 !MCSCF STATE 1.1 Dipole moment         0.00000037    -0.00000032     0.40399663
 Dipole moment /Debye                   0.00000095    -0.00000081     1.02678975


 Natural orbital dump at molpro section                    2141.2    (Orbital set 2)



 **********************************************************************************************************************************
 DATASETS  * FILE   NREC   LENGTH (MB)   RECORD NAMES
              1      19        3.46       500      610      700      900      950      970     1000      129      960     1100   
                                          VAR    BASINP    GEOM    SYMINP    ZMAT    AOBASIS   BASIS     P2S    ABASIS      S 
                                         1400     1410     1200     1210     1080     1600     1650     1700     1380   
                                           T        V       H0       H01     AOSYM     SMH    MOLCAS    OPER     JKOP   

              2       5        0.51       700     1000     2100     2140     2141   
                                         GEOM     BASIS     RHF     MCSCF    MCSCF   

 PROGRAMS   *        TOTAL     MULTI       INT     MULTI        HF       INT
 CPU TIMES  *         0.73      0.41      0.06      0.09      0.02      0.06
 REAL TIME  *         8.26 SEC
 DISK USED  *        33.06 MB      
 SF USED    *         7.99 MB      
 GA USED    *         0.00 MB       (max)       0.00 MB       (current)
 **********************************************************************************************************************************
 SETTING BASIS          =    CC-PVTZ


 Recomputing integrals since basis changed


 Using spherical harmonics

 Library entry C      S cc-pVTZ              selected for orbital group  1
 Library entry C      P cc-pVTZ              selected for orbital group  1
 Library entry C      D cc-pVTZ              selected for orbital group  1
 Library entry C      F cc-pVTZ              selected for orbital group  1
 Library entry H      S cc-pVTZ              selected for orbital group  2
 Library entry H      P cc-pVTZ              selected for orbital group  2
 Library entry H      D cc-pVTZ              selected for orbital group  2

1PROGRAM * SEWARD (Integral evaluation for generally contracted gaussian basis sets)     Author: Roland Lindh, 1990

 Geometry written to block  1 of record 700

 Orientation using atomic masses  
 Molecule type: Asymmetric top
 Rotational constants:      82.3448182     82.3448061    143.6819170 GHz  (calculated with average atomic masses)

 Point group  C1  



 ATOMIC COORDINATES

 NR  ATOM    CHARGE       X              Y              Z

   1  C1      6.00    0.000000004    0.000000308    0.187395774
   2  H2      1.00    0.585966371    1.952061593    0.515984733
   3  H3      1.00    1.397554440   -1.483494545    0.515979711
   4  H4      1.00   -1.983519247   -0.468572182    0.515984673
   5  H5      1.00   -0.000001609    0.000001460   -3.781029102

 Bond lengths in Bohr (Angstrom)

 1-2  2.064429836  1-3  2.064432800  1-4  2.064431995
     ( 1.092449219)     ( 1.092450787)     ( 1.092450361)

 Bond angles

  2-1-3  117.51619233   2-1-4  117.51625223   3-1-4  117.51613531

 NUCLEAR CHARGE:                   10
 NUMBER OF PRIMITIVE AOS:         115
 NUMBER OF SYMMETRY AOS:          106
 NUMBER OF CONTRACTIONS:           86   (  86A   )
 NUMBER OF CORE ORBITALS:           1   (   1A   )
 NUMBER OF VALENCE ORBITALS:        8   (   8A   )


 NUCLEAR REPULSION ENERGY   11.71167287


 Eigenvalues of metric

         1 0.137E-02 0.203E-02 0.203E-02 0.443E-02 0.108E-01 0.108E-01 0.125E-01 0.129E-01


 Contracted 2-electron integrals neglected if value below      1.0D-11
 AO integral compression algorithm  1   Integral accuracy      1.0D-11

     33.817 MB (compressed) written to integral file ( 50.2%)

     Node minimum: 8.126 MB, node maximum: 8.913 MB


 NUMBER OF SORTED TWO-ELECTRON INTEGRALS:    1750320.     BUFFER LENGTH:  32768
 NUMBER OF SEGMENTS:   1  SEGMENT LENGTH:    1750320      RECORD LENGTH: 524288

 Memory used in sort:       2.31 MW

 SORT1 READ     8325895. AND WROTE     1680726. INTEGRALS IN      5 RECORDS. CPU TIME:     0.11 SEC, REAL TIME:     0.25 SEC
 SORT2 READ     6723744. AND WROTE     6999411. INTEGRALS IN    128 RECORDS. CPU TIME:     0.05 SEC, REAL TIME:     0.07 SEC

 Node minimum:     1748450.  Node maximum:     1751256. integrals

 OPERATOR DM      FOR CENTER  0  COORDINATES:    0.000000    0.000000    0.000000


 **********************************************************************************************************************************
 DATASETS  * FILE   NREC   LENGTH (MB)   RECORD NAMES
              1      18        2.88       500      610      700      900      950      970     1001      129      960     1100   
                                          VAR    BASINP    GEOM    SYMINP    ZMAT    AOBASIS   BASIS     P2S    ABASIS      S 
                                         1400     1410     1200     1210     1080     1600     1650     1700   
                                           T        V       H0       H01     AOSYM     SMH    MOLCAS    OPER   

              2       6        0.54       700     1000     2100     2140     2141     1001   
                                         GEOM     BASIS     RHF     MCSCF    MCSCF    BASIS   

 PROGRAMS   *        TOTAL       INT     MULTI       INT     MULTI        HF       INT
 CPU TIMES  *         1.08      0.35      0.41      0.06      0.09      0.02      0.06
 REAL TIME  *        10.22 SEC
 DISK USED  *       129.42 MB      
 SF USED    *         7.99 MB      
 GA USED    *         0.00 MB       (max)       0.00 MB       (current)
 **********************************************************************************************************************************

1PROGRAM * MULTI (Direct Multiconfiguration SCF)       Authors: P.J. Knowles, H.-J. Werner (1984)     S.T. Elbert (1988)


 Number of closed-shell orbitals:  1 (  1 )
 Number of active  orbitals:       8 (  8 )
 Number of external orbitals:     77 ( 77 )

 State symmetry 1

 Number of electrons:     8    Spin symmetry=Singlet   Space symmetry=1
 Number of states:        1
 Number of CSFs:       1764   (4900 determinants, 4900 intermediate states)

 Iteration controls:
             1  2  3  4  5  6  7  8  9 10 11 12 13 14 15 16 17 18 19 20 21 22 23 24 25 26 27 28 29 30 31 32 33 34 35 36 37 38 39
 DIAGCI      T  T  T  T  T  T  T  T  T  T  T  T  T  T  T  T  T  T  T  T  T  T  T  T  T  T  T  T  T  T  T  T  T  T  T  T  T  T  T
 WERNER      T  T  T  T  T  T  T  T  T  T  T  T  T  T  T  T  T  T  T  T  T  T  T  T  T  T  T  T  T  T  T  T  T  T  T  T  T  T  T
 INTERNAL    F  T  T  T  T  T  T  T  T  T  T  T  T  T  T  T  T  T  T  T  T  T  T  T  T  T  T  T  T  T  T  T  T  T  T  T  T  T  T

 Molecular orbitals read from record     2141.2  Type=MCSCF/NATURAL (state 1.1)
 
 Present basis size:      86
 Previous basis size:     38
 Previous occupation:      9
 Previous closed-shells:   1
 Present occupation:       9
 Present closed-shells:    1
 Wavefunction symmetry:    1   Singlet 

 Orbital overlap <old|new>:  < 1.1| 1.1> = 0.999997   < 2.1| 2.1> = 0.999936   < 3.1| 3.1> = 0.999896   < 4.1| 4.1> = 0.999896
                             < 5.1| 5.1> = 0.999744   < 6.1| 6.1> = 0.999474   < 7.1| 7.1> = 0.999227   < 8.1| 8.1> = 0.999346
                             < 9.1| 9.1> = 0.999346

 Wavefunction dump at record             2142.2

 Convergence thresholds  0.10E-01 (gradient)  0.10E-05 (energy)  0.10E-02 (step length)

 Number of orbital rotations:     701     (   8 Core/Active   77 Core/Virtual   0 Active/Active  616 Active/Virtual)
 Total number of variables:      5601


 ITER. MIC  NCI  NEG     ENERGY(VAR)     ENERGY(PROJ)   ENERGY CHANGE     GRAD(0)  GRAD(ORB)   GRAD(CI)     STEP       TIME

   1   36   24    0     -40.17353794     -40.17630952   -0.00277158    0.11960339 0.00000607 0.00001928  0.93D-01      0.53
   2   32   12    0     -40.17630742     -40.17630744   -0.00000002    0.00012712 0.00000102 0.00000890  0.42D-03      0.84

 ** WVFN ****  CONVERGENCE REACHED, FINAL GRADIENT:  0.16D-05


 First order charge density matrix for state 1.1 saved on record  2142.2 (density set 1)

 Results for state 1.1
 =====================

 !MCSCF STATE 1.1 Energy              -40.176307437033
 Nuclear energy                        11.71167287
 Kinetic energy                        39.98163642
 One electron energy                  -76.11423987
 Two electron energy                   24.22625956
 Virial ratio                           2.00486901

 !MCSCF STATE 1.1 Dipole moment         0.00000033    -0.00000025     0.41028287
 Dipole moment /Debye                   0.00000085    -0.00000064     1.04276673


 Natural orbital dump at molpro section                    2142.2    (Orbital set 2)



 **********************************************************************************************************************************
 DATASETS  * FILE   NREC   LENGTH (MB)   RECORD NAMES
              1      19        7.01       500      610      700      900      950      970     1001      129      960     1100   
                                          VAR    BASINP    GEOM    SYMINP    ZMAT    AOBASIS   BASIS     P2S    ABASIS      S 
                                         1400     1410     1200     1210     1080     1600     1650     1700     1380   
                                           T        V       H0       H01     AOSYM     SMH    MOLCAS    OPER     JKOP   

              2       7        0.72       700     1000     2100     2140     2141     1001     2142   
                                         GEOM     BASIS     RHF     MCSCF    MCSCF    BASIS    MCSCF   

 PROGRAMS   *        TOTAL     MULTI       INT     MULTI       INT     MULTI        HF       INT
 CPU TIMES  *         2.15      1.07      0.35      0.41      0.06      0.09      0.02      0.06
 REAL TIME  *        12.36 SEC
 DISK USED  *       129.42 MB      
 SF USED    *        22.64 MB      
 GA USED    *         0.00 MB       (max)       0.00 MB       (current)
 **********************************************************************************************************************************

1PROGRAM * RS2C (Multireference RS Perturbation Theory)     Authors: H.-J. Werner (1993), P. Celani (1998)


 Level shift= 0.20

 There are only all-active singles.
 Contracted Singles code is turned off.


 Convergence thresholds:  THRVAR = 1.00D-08  THRDEN = 1.00D-06

 Number of optimized states:  1  Roots:   1
 Number of reference states:  1  Roots:   1

 Reference symmetry:                   1   Singlet 
 Number of electrons:                 10
 Maximum number of shells:             5
 Maximum number of spin couplings:    14

 Reference space:     1107 conf     1764 CSFs
 N elec internal:     1107 conf     1764 CSFs
 N-1 el internal:     1016 conf     2352 CSFs
 N-2 el internal:      784 conf     2688 CSFs

 Number of electrons in valence space:                      8
 Maximum number of open shell orbitals in reference space:  8
 Maximum number of open shell orbitals in internal spaces:  8


 Number of core orbitals:           1 (   1 )
 Number of active  orbitals:        8 (   8 )
 Number of external orbitals:      77 (  77 )

 Molecular orbitals read from record     2142.2  Type=MCSCF/NATURAL (state 1.1)

 Coulomb and exchange operators available. No transformation done.

 Number of p-space configurations:   5

 Reference wavefunction optimized for reference space (refopt=1)

 State     Reference Energy 
   1         -40.17630744

 Number of blocks in overlap matrix:     2   Smallest eigenvalue:  0.50D-03
 Number of N-2 electron functions:      64
 Number of N-1 electron functions:    2352

 Number of internal configurations:                 1764
 Number of singly external configurations:        181104
 Number of doubly external configurations:        190036
 Total number of contracted configurations:       372904
 Total number of uncontracted configurations:    8138508

 Weight factors for SA-density in H0:    1.000000

 FIMAX=  0.31D-01  FXMAX=  0.60D-07  DIAG=  F  F  NOREF=1  NOINT=0  IHPPD=2

 Nuclear energy:                      11.71167287
 Core energy:                        -35.76988270
 Zeroth-order valence energy:         -4.56073661
 Zeroth-order total energy:          -28.61894644
 First-order energy:                 -11.55736100

 There are only all-active singles.
 Contracted Singles code is turned off.


 Using uncontracted singles

 noint is 2

 Diagonal Coupling coefficients finished.               Storage:   20018 words, CPU-Time:      0.00 seconds.
 Energy denominators for pairs finished in 0 passes.    Storage:   23085 words, CPU-time:      0.00 seconds.

 A level shift of 0.20 is applied.

  ITER. STATE  ROOT     SQ.NORM     CORR.ENERGY   TOTAL ENERGY   ENERGY CHANGE       DEN1      VAR(S)    VAR(P)      TIME
    1     1     1     1.01142681    -0.00228536   -40.17859280    -0.00228536    -0.10649660  0.11D-01  0.18D-01     0.35
    2     1     1     1.03007247    -0.11333094   -40.28963837    -0.11104558    -0.00106350  0.73D-04  0.18D-03     0.64
    3     1     1     1.03090063    -0.11433674   -40.29064418    -0.00100581    -0.00062787  0.83D-05  0.17D-05     0.93
    4     1     1     1.03103035    -0.11438945   -40.29069689    -0.00005270    -0.00001451  0.91D-07  0.25D-06     1.23
    5     1     1     1.03106451    -0.11439731   -40.29070475    -0.00000786    -0.00002010  0.14D-07  0.33D-08     1.52
    6     1     1     1.03106894    -0.11439824   -40.29070568    -0.00000093    -0.00000050  0.21D-09  0.48D-09     1.81
    7     1     1     1.03107027    -0.11439851   -40.29070594    -0.00000027    -0.00000077  0.29D-10  0.87D-11     2.11

 Energies without level shift correction:

    7     1     1     1.03107027    -0.10818445   -40.28449189

 Energy contributions for state 1.1:
 ===================================

            Energy contr.      SQ.Norm of FOWF
 Space I      0.00000000         -0.00000000
 Space S     -0.03425191          0.01240549
 Space P     -0.07393254          0.01866479


 =====================================
 Analysis of CPU times by interactions
 =====================================

       I      S      P

 I   1.4%
 S   1.4%   7.1%
 P   2.8%  72.5%   2.4%

 Initialization:  10.9%
 Other:            1.4%

 Total CPU:        2.1 seconds
 =====================================



 Reference coefficients greater than 0.0500000
 =============================================
 22220000           0.9274605
 22202000          -0.3244055
 /2\20/\0           0.0604233
 /\220/0\           0.0604231
 20220002          -0.0578005
 22020020          -0.0578001



 RESULTS FOR STATE 1.1
 =====================

 Coefficient of reference function:   C(0) = 1.00000000 (fixed)   1.00000000 (relaxed)

 Energy contributions of configuration classes

 CLASS          SQ.NORM        ECORR1        ECORR2
 +++++++++++++++++++++++++++++++++++++++++++++++++++
 Internals   -0.00000000    0.00000000    0.11439843
 Singles      0.01240549   -0.03425186   -0.07243859
 Pairs        0.01866479   -0.07393251   -0.15635834
 Total        1.03107027   -0.10818438   -0.11439851
 +++++++++++++++++++++++++++++++++++++++++++++++++++


 Reference energy                     -40.17630744
 Nuclear energy                        11.71167287
 Kinetic energy                        40.04581451
 One electron energy                  -76.03209103
 Two electron energy                   24.02971221
 Virial quotient                       -1.00611528
 Correlation energy                    -0.11439851
 !RSPT2 STATE 1.1 Energy              -40.290705944379

 !RSPT2 STATE 1.1 Dipole moment         0.00000033    -0.00000024     0.41138633
 Dipole moment /Debye                   0.00000083    -0.00000062     1.04557127


 **********************************************************************************************************************************
 DATASETS  * FILE   NREC   LENGTH (MB)   RECORD NAMES
              1      19        7.01       500      610      700      900      950      970     1001      129      960     1100   
                                          VAR    BASINP    GEOM    SYMINP    ZMAT    AOBASIS   BASIS     P2S    ABASIS      S 
                                         1400     1410     1200     1210     1080     1600     1650     1700     1380   
                                           T        V       H0       H01     AOSYM     SMH    MOLCAS    OPER     JKOP   

              2       7        0.72       700     1000     2100     2140     2141     1001     2142   
                                         GEOM     BASIS     RHF     MCSCF    MCSCF    BASIS    MCSCF   

 PROGRAMS   *        TOTAL      RS2C     MULTI       INT     MULTI       INT     MULTI        HF       INT
 CPU TIMES  *         4.46      2.31      1.07      0.35      0.41      0.06      0.09      0.02      0.06
 REAL TIME  *        16.08 SEC
 DISK USED  *       129.42 MB      
 SF USED    *        22.64 MB      
 GA USED    *         0.00 MB       (max)       0.00 MB       (current)
 **********************************************************************************************************************************
 SETTING CBSEN          =       -40.29070594  AU                              

 Dump information in style MOLDEN to molpro.molden                                                                   

 Molecular orbitals read from record     2142.2  Type=MCSCF/NATURAL (state 1.1)
 Occupation numbers read from record     2142.2  Type=MCSCF/NATURAL (state 1.1)
 Orbital energies read from record       2142.2  Type=MCSCF/NATURAL (state 1.1)
 Redundancy group numbers read from rec  2142.2  Type=MCSCF/NATURAL (state 1.1)
 
 DUMP ORBITAL  1.1 AS ORBITAL    1  occ=    2.0000  eig=  -11.2394  GROUP=   2
 DUMP ORBITAL  2.1 AS ORBITAL    2  occ=    1.9820  eig=   -0.9049  GROUP=   3
 DUMP ORBITAL  3.1 AS ORBITAL    3  occ=    1.9772  eig=   -0.5727  GROUP=   3
 DUMP ORBITAL  4.1 AS ORBITAL    4  occ=    1.9772  eig=   -0.5727  GROUP=   3
 DUMP ORBITAL  5.1 AS ORBITAL    5  occ=    1.7762  eig=   -0.3183  GROUP=   3
 DUMP ORBITAL  6.1 AS ORBITAL    6  occ=    0.2244  eig=    0.0865  GROUP=   3
 DUMP ORBITAL  7.1 AS ORBITAL    7  occ=    0.0223  eig=    0.6170  GROUP=   3
 DUMP ORBITAL  8.1 AS ORBITAL    8  occ=    0.0204  eig=    0.7245  GROUP=   3
 DUMP ORBITAL  9.1 AS ORBITAL    9  occ=    0.0204  eig=    0.7245  GROUP=   3

 Total charge:      10.000000

 **********************************************************************************************************************************

        RS2C            MULTI           MULTI           MULTI           HF-SCF  
    -40.29070594    -40.17630744    -40.16372617    -40.13158721    -40.09065287
 **********************************************************************************************************************************
 Variable memory released
