Wells (G - ground energy, D - dissociation limit, kcal/mol):
      Name        G        D
     REACS      0.0     91.0

Bimolecular Products (G - ground energy, kcal/mol):
      Name        G
     PRODS    102.6

Well-to-Bimolecular Barriers (H/G - barrier height/well depth, kcal/mol)
      Name        H     Well        G  Product
        TS     91.0    REACS      0.0    PRODS

________________________________________________________________________________________

Unimolecular Rate Units: 1/sec;  Bimolecular Rate Units: cm^3/sec

______________________________________________________________________________________

Species-Species Rate Tables:

Temperature = 300 K

High Pressure Rate Coefficients:

From\To         REACS        PRODS
REACS             ***  3.53334e-53
PRODS       0.0039381          ***

Temperature = 300 K    Pressure = 1 atm

From\To         REACS        PRODS
REACS     3.39602e-53  3.39602e-53
PRODS      0.00378505   0.00378505

Temperature = 300 K    Pressure = 10 atm

From\To         REACS        PRODS
REACS     3.51778e-53  3.51778e-53
PRODS      0.00392075   0.00392075

Temperature = 300 K    Pressure = 100 atm

From\To         REACS        PRODS
REACS     3.53251e-53  3.53251e-53
PRODS      0.00393718   0.00393718

Temperature = 300 K    Pressure = 1000 atm

From\To         REACS        PRODS
REACS     3.53403e-53  3.53403e-53
PRODS      0.00393887   0.00393887

Temperature = 300 K    Pressure = 10000 atm

From\To         REACS        PRODS
REACS     3.53418e-53  3.53418e-53
PRODS      0.00393904   0.00393904

Temperature = 400 K

High Pressure Rate Coefficients:

From\To         REACS        PRODS
REACS             ***  2.15663e-36
PRODS     2.99028e-05          ***

Temperature = 400 K    Pressure = 1 atm

From\To         REACS        PRODS
REACS     1.92431e-36  1.92431e-36
PRODS     2.66817e-05  2.66817e-05

Temperature = 400 K    Pressure = 10 atm

From\To         REACS        PRODS
REACS     2.12185e-36  2.12185e-36
PRODS     2.94207e-05  2.94207e-05

Temperature = 400 K    Pressure = 100 atm

From\To         REACS        PRODS
REACS     2.15365e-36  2.15365e-36
PRODS     2.98615e-05  2.98615e-05

Temperature = 400 K    Pressure = 1000 atm

From\To         REACS        PRODS
REACS     2.15719e-36  2.15719e-36
PRODS     2.99107e-05  2.99107e-05

Temperature = 400 K    Pressure = 10000 atm

From\To         REACS        PRODS
REACS     2.15755e-36  2.15755e-36
PRODS     2.99156e-05  2.99156e-05

Temperature = 500 K

High Pressure Rate Coefficients:

From\To         REACS        PRODS
REACS             ***   2.8909e-26
PRODS     1.65772e-06          ***

Temperature = 500 K    Pressure = 1 atm

From\To         REACS        PRODS
REACS     2.27468e-26  2.27468e-26
PRODS     1.30436e-06  1.30436e-06

Temperature = 500 K    Pressure = 10 atm

From\To         REACS        PRODS
REACS     2.76541e-26  2.76541e-26
PRODS     1.58576e-06  1.58576e-06

Temperature = 500 K    Pressure = 100 atm

From\To         REACS        PRODS
REACS     2.87656e-26  2.87656e-26
PRODS      1.6495e-06   1.6495e-06

Temperature = 500 K    Pressure = 1000 atm

From\To         REACS        PRODS
REACS     2.89099e-26  2.89099e-26
PRODS     1.65777e-06  1.65777e-06

Temperature = 500 K    Pressure = 10000 atm

From\To         REACS        PRODS
REACS      2.8925e-26   2.8925e-26
PRODS     1.65864e-06  1.65864e-06

Temperature = 600 K

High Pressure Rate Coefficients:

From\To         REACS        PRODS
REACS             ***  1.77134e-19
PRODS     2.48737e-07          ***

Temperature = 600 K    Pressure = 1 atm

From\To         REACS        PRODS
REACS     1.17402e-19  1.17402e-19
PRODS      1.6486e-07   1.6486e-07

Temperature = 600 K    Pressure = 10 atm

From\To         REACS        PRODS
REACS     1.60969e-19  1.60969e-19
PRODS     2.26038e-07  2.26038e-07

Temperature = 600 K    Pressure = 100 atm

From\To         REACS        PRODS
REACS       1.748e-19    1.748e-19
PRODS     2.45459e-07  2.45459e-07

Temperature = 600 K    Pressure = 1000 atm

From\To         REACS        PRODS
REACS     1.77015e-19  1.77015e-19
PRODS     2.48569e-07  2.48569e-07

Temperature = 600 K    Pressure = 10000 atm

From\To         REACS        PRODS
REACS     1.77262e-19  1.77262e-19
PRODS     2.48916e-07  2.48916e-07

Temperature = 700 K

High Pressure Rate Coefficients:

From\To         REACS        PRODS
REACS             ***  1.31731e-14
PRODS     6.58554e-08          ***

Temperature = 700 K    Pressure = 1 atm

From\To         REACS        PRODS
REACS      7.0937e-15   7.0937e-15
PRODS     3.54631e-08  3.54631e-08

Temperature = 700 K    Pressure = 10 atm

From\To         REACS        PRODS
REACS     1.10687e-14  1.10687e-14
PRODS     5.53352e-08  5.53352e-08

Temperature = 700 K    Pressure = 100 atm

From\To         REACS        PRODS
REACS     1.27865e-14  1.27865e-14
PRODS     6.39227e-08  6.39227e-08

Temperature = 700 K    Pressure = 1000 atm

From\To         REACS        PRODS
REACS     1.31363e-14  1.31363e-14
PRODS     6.56713e-08  6.56713e-08

Temperature = 700 K    Pressure = 10000 atm

From\To         REACS        PRODS
REACS     1.31796e-14  1.31796e-14
PRODS     6.58879e-08  6.58879e-08

Temperature = 800 K

High Pressure Rate Coefficients:

From\To         REACS        PRODS
REACS             ***  6.14983e-11
PRODS     2.48249e-08          ***

Temperature = 800 K    Pressure = 1 atm

From\To         REACS        PRODS
REACS     2.62269e-11  2.62269e-11
PRODS      1.0587e-08   1.0587e-08

Temperature = 800 K    Pressure = 10 atm

From\To         REACS        PRODS
REACS      4.6536e-11   4.6536e-11
PRODS     1.87851e-08  1.87851e-08

Temperature = 800 K    Pressure = 100 atm

From\To         REACS        PRODS
REACS     5.80744e-11  5.80744e-11
PRODS     2.34428e-08  2.34428e-08

Temperature = 800 K    Pressure = 1000 atm

From\To         REACS        PRODS
REACS     6.10806e-11  6.10806e-11
PRODS     2.46563e-08  2.46563e-08

Temperature = 800 K    Pressure = 10000 atm

From\To         REACS        PRODS
REACS     6.15075e-11  6.15075e-11
PRODS     2.48287e-08  2.48287e-08

Temperature = 900 K

High Pressure Rate Coefficients:

From\To         REACS        PRODS
REACS             ***  4.50218e-08
PRODS      1.1826e-08          ***

Temperature = 900 K    Pressure = 1 atm

From\To         REACS        PRODS
REACS     1.49312e-08  1.49312e-08
PRODS     3.92202e-09  3.92202e-09

Temperature = 900 K    Pressure = 10 atm

From\To         REACS        PRODS
REACS     2.99478e-08  2.99478e-08
PRODS     7.86648e-09  7.86648e-09

Temperature = 900 K    Pressure = 100 atm

From\To         REACS        PRODS
REACS        4.08e-08     4.08e-08
PRODS      1.0717e-08   1.0717e-08

Temperature = 900 K    Pressure = 1000 atm

From\To         REACS        PRODS
REACS     4.43898e-08  4.43898e-08
PRODS       1.166e-08    1.166e-08

Temperature = 900 K    Pressure = 10000 atm

From\To         REACS        PRODS
REACS     4.49886e-08  4.49886e-08
PRODS     1.18173e-08  1.18173e-08

Temperature = 1000 K

High Pressure Rate Coefficients:

From\To         REACS        PRODS
REACS             ***  8.96708e-06
PRODS     6.62834e-09          ***

Temperature = 1000 K    Pressure = 1 atm

From\To         REACS        PRODS
REACS     2.28541e-06  2.28541e-06
PRODS     1.68934e-09  1.68934e-09

Temperature = 1000 K    Pressure = 10 atm

From\To         REACS        PRODS
REACS     5.13739e-06  5.13739e-06
PRODS     3.79748e-09  3.79748e-09

Temperature = 1000 K    Pressure = 100 atm

From\To         REACS        PRODS
REACS     7.68384e-06  7.68384e-06
PRODS     5.67979e-09  5.67979e-09

Temperature = 1000 K    Pressure = 1000 atm

From\To         REACS        PRODS
REACS     8.73807e-06  8.73807e-06
PRODS     6.45906e-09  6.45906e-09

Temperature = 1000 K    Pressure = 10000 atm

From\To         REACS        PRODS
REACS     8.94739e-06  8.94739e-06
PRODS     6.61379e-09  6.61379e-09

Temperature = 1100 K

High Pressure Rate Coefficients:

From\To         REACS        PRODS
REACS             ***  0.000690716
PRODS     4.17727e-09          ***

Temperature = 1100 K    Pressure = 1 atm

From\To         REACS        PRODS
REACS     0.000134279  0.000134279
PRODS     8.12085e-10  8.12085e-10

Temperature = 1100 K    Pressure = 10 atm

From\To         REACS        PRODS
REACS     0.000335144  0.000335144
PRODS     2.02687e-09  2.02687e-09

Temperature = 1100 K    Pressure = 100 atm

From\To         REACS        PRODS
REACS     0.000551275  0.000551275
PRODS     3.33396e-09  3.33396e-09

Temperature = 1100 K    Pressure = 1000 atm

From\To         REACS        PRODS
REACS     0.000661394  0.000661394
PRODS     3.99993e-09  3.99993e-09

Temperature = 1100 K    Pressure = 10000 atm

From\To         REACS        PRODS
REACS     0.000687541  0.000687541
PRODS     4.15807e-09  4.15807e-09

Temperature = 1200 K

High Pressure Rate Coefficients:

From\To         REACS        PRODS
REACS             ***    0.0260328
PRODS     2.87221e-09          ***

Temperature = 1200 K    Pressure = 1 atm

From\To         REACS        PRODS
REACS      0.00384289   0.00384289
PRODS     4.23988e-10  4.23988e-10

Temperature = 1200 K    Pressure = 10 atm

From\To         REACS        PRODS
REACS       0.0105536    0.0105536
PRODS     1.16438e-09  1.16438e-09

Temperature = 1200 K    Pressure = 100 atm

From\To         REACS        PRODS
REACS       0.0190725    0.0190725
PRODS     2.10428e-09  2.10428e-09

Temperature = 1200 K    Pressure = 1000 atm

From\To         REACS        PRODS
REACS       0.0243245    0.0243245
PRODS     2.68373e-09  2.68373e-09

Temperature = 1200 K    Pressure = 10000 atm

From\To         REACS        PRODS
REACS        0.025814     0.025814
PRODS     2.84807e-09  2.84807e-09

Temperature = 1300 K

High Pressure Rate Coefficients:

From\To         REACS        PRODS
REACS             ***     0.565263
PRODS     2.11037e-09          ***

Temperature = 1300 K    Pressure = 1 atm

From\To         REACS        PRODS
REACS        0.063204     0.063204
PRODS     2.35968e-10  2.35968e-10

Temperature = 1300 K    Pressure = 10 atm

From\To         REACS        PRODS
REACS        0.189405     0.189405
PRODS     7.07131e-10  7.07131e-10

Temperature = 1300 K    Pressure = 100 atm

From\To         REACS        PRODS
REACS        0.375038     0.375038
PRODS     1.40018e-09  1.40018e-09

Temperature = 1300 K    Pressure = 1000 atm

From\To         REACS        PRODS
REACS        0.511319     0.511319
PRODS     1.90898e-09  1.90898e-09

Temperature = 1300 K    Pressure = 10000 atm

From\To         REACS        PRODS
REACS        0.557252     0.557252
PRODS     2.08047e-09  2.08047e-09

Temperature = 1400 K

High Pressure Rate Coefficients:

From\To         REACS        PRODS
REACS             ***      7.94886
PRODS     1.63272e-09          ***

Temperature = 1400 K    Pressure = 1 atm

From\To         REACS        PRODS
REACS        0.672658     0.672658
PRODS     1.38166e-10  1.38166e-10

Temperature = 1400 K    Pressure = 10 atm

From\To         REACS        PRODS
REACS         2.18336      2.18336
PRODS     4.48468e-10  4.48468e-10

Temperature = 1400 K    Pressure = 100 atm

From\To         REACS        PRODS
REACS         4.71921      4.71921
PRODS     9.69339e-10  9.69339e-10

Temperature = 1400 K    Pressure = 1000 atm

From\To         REACS        PRODS
REACS         6.90359      6.90359
PRODS     1.41802e-09  1.41802e-09

Temperature = 1400 K    Pressure = 10000 atm

From\To         REACS        PRODS
REACS         7.77233      7.77233
PRODS     1.59646e-09  1.59646e-09

Temperature = 1500 K

High Pressure Rate Coefficients:

From\To         REACS        PRODS
REACS             ***      78.8954
PRODS     1.31583e-09          ***

Temperature = 1500 K    Pressure = 1 atm

From\To         REACS        PRODS
REACS         5.05713      5.05713
PRODS     8.43436e-11  8.43436e-11

Temperature = 1500 K    Pressure = 10 atm

From\To         REACS        PRODS
REACS         17.6543      17.6543
PRODS      2.9444e-10   2.9444e-10

Temperature = 1500 K    Pressure = 100 atm

From\To         REACS        PRODS
REACS         41.4713      41.4713
PRODS     6.91665e-10  6.91665e-10

Temperature = 1500 K    Pressure = 1000 atm

From\To         REACS        PRODS
REACS         65.2271      65.2271
PRODS     1.08787e-09  1.08787e-09

Temperature = 1500 K    Pressure = 10000 atm

From\To         REACS        PRODS
REACS         76.2852      76.2852
PRODS      1.2723e-09   1.2723e-09

Temperature = 1600 K

High Pressure Rate Coefficients:

From\To         REACS        PRODS
REACS             ***      589.642
PRODS     1.09582e-09          ***

Temperature = 1600 K    Pressure = 1 atm

From\To         REACS        PRODS
REACS         28.6774      28.6774
PRODS     5.32953e-11  5.32953e-11

Temperature = 1600 K    Pressure = 10 atm

From\To         REACS        PRODS
REACS         107.013      107.013
PRODS     1.98878e-10  1.98878e-10

Temperature = 1600 K    Pressure = 100 atm

From\To         REACS        PRODS
REACS         271.954      271.954
PRODS     5.05411e-10  5.05411e-10

Temperature = 1600 K    Pressure = 1000 atm

From\To         REACS        PRODS
REACS         460.181      460.181
PRODS     8.55222e-10  8.55222e-10

Temperature = 1600 K    Pressure = 10000 atm

From\To         REACS        PRODS
REACS         561.867      561.867
PRODS      1.0442e-09   1.0442e-09

Temperature = 1700 K

High Pressure Rate Coefficients:

From\To         REACS        PRODS
REACS             ***      3487.01
PRODS     9.37299e-10          ***

Temperature = 1700 K    Pressure = 1 atm

From\To         REACS        PRODS
REACS         128.937      128.937
PRODS     3.46579e-11  3.46579e-11

Temperature = 1700 K    Pressure = 10 atm

From\To         REACS        PRODS
REACS         511.594      511.594
PRODS     1.37515e-10  1.37515e-10

Temperature = 1700 K    Pressure = 100 atm

From\To         REACS        PRODS
REACS         1400.22      1400.22
PRODS     3.76374e-10  3.76374e-10

Temperature = 1700 K    Pressure = 1000 atm

From\To         REACS        PRODS
REACS         2548.21      2548.21
PRODS     6.84951e-10  6.84951e-10

Temperature = 1700 K    Pressure = 10000 atm

From\To         REACS        PRODS
REACS         3261.94      3261.94
PRODS     8.76801e-10  8.76801e-10

Temperature = 1800 K

High Pressure Rate Coefficients:

From\To         REACS        PRODS
REACS             ***      16960.4
PRODS     8.19543e-10          ***

Temperature = 1800 K    Pressure = 1 atm

From\To         REACS        PRODS
REACS         478.019      478.019
PRODS     2.30983e-11  2.30983e-11

Temperature = 1800 K    Pressure = 10 atm

From\To         REACS        PRODS
REACS         2007.07      2007.07
PRODS     9.69838e-11  9.69838e-11

Temperature = 1800 K    Pressure = 100 atm

From\To         REACS        PRODS
REACS         5890.61      5890.61
PRODS     2.84641e-10  2.84641e-10

Temperature = 1800 K    Pressure = 1000 atm

From\To         REACS        PRODS
REACS         11516.6      11516.6
PRODS     5.56494e-10  5.56494e-10

Temperature = 1800 K    Pressure = 10000 atm

From\To         REACS        PRODS
REACS         15509.8      15509.8
PRODS      7.4945e-10   7.4945e-10

Temperature = 1900 K

High Pressure Rate Coefficients:

From\To         REACS        PRODS
REACS             ***      69954.6
PRODS     7.29817e-10          ***

Temperature = 1900 K    Pressure = 1 atm

From\To         REACS        PRODS
REACS          1507.6       1507.6
PRODS     1.57283e-11  1.57283e-11

Temperature = 1900 K    Pressure = 10 atm

From\To         REACS        PRODS
REACS         6669.18      6669.18
PRODS     6.95775e-11  6.95775e-11

Temperature = 1900 K    Pressure = 100 atm

From\To         REACS        PRODS
REACS         20901.8      20901.8
PRODS     2.18062e-10  2.18062e-10

Temperature = 1900 K    Pressure = 1000 atm

From\To         REACS        PRODS
REACS         43827.1      43827.1
PRODS     4.57235e-10  4.57235e-10

Temperature = 1900 K    Pressure = 10000 atm

From\To         REACS        PRODS
REACS         62261.4      62261.4
PRODS     6.49555e-10  6.49555e-10

Temperature = 2000 K

High Pressure Rate Coefficients:

From\To         REACS        PRODS
REACS             ***       250752
PRODS     6.59977e-10          ***

Temperature = 2000 K    Pressure = 1 atm

From\To         REACS        PRODS
REACS         4147.67      4147.67
PRODS     1.09165e-11  1.09165e-11

Temperature = 2000 K    Pressure = 10 atm

From\To         REACS        PRODS
REACS         19252.9      19252.9
PRODS     5.06732e-11  5.06732e-11

Temperature = 2000 K    Pressure = 100 atm

From\To         REACS        PRODS
REACS         64176.3      64176.3
PRODS     1.68911e-10  1.68911e-10

Temperature = 2000 K    Pressure = 1000 atm

From\To         REACS        PRODS
REACS          144021       144021
PRODS     3.79062e-10  3.79062e-10

Temperature = 2000 K    Pressure = 10000 atm

From\To         REACS        PRODS
REACS          216235       216235
PRODS     5.69128e-10  5.69128e-10

Temperature = 2100 K

High Pressure Rate Coefficients:

From\To         REACS        PRODS
REACS             ***       796803
PRODS     6.04631e-10          ***

Temperature = 2100 K    Pressure = 1 atm

From\To         REACS        PRODS
REACS         10150.7      10150.7
PRODS     7.70227e-12  7.70227e-12

Temperature = 2100 K    Pressure = 10 atm

From\To         REACS        PRODS
REACS         49269.9      49269.9
PRODS     3.73865e-11  3.73865e-11

Temperature = 2100 K    Pressure = 100 atm

From\To         REACS        PRODS
REACS          174039       174039
PRODS     1.32064e-10  1.32064e-10

Temperature = 2100 K    Pressure = 1000 atm

From\To         REACS        PRODS
REACS          417081       417081
PRODS      3.1649e-10   3.1649e-10

Temperature = 2100 K    Pressure = 10000 atm

From\To         REACS        PRODS
REACS          662685       662685
PRODS     5.02859e-10  5.02859e-10

Temperature = 2200 K

High Pressure Rate Coefficients:

From\To         REACS        PRODS
REACS             ***  2.28147e+06
PRODS     5.60101e-10          ***

Temperature = 2200 K    Pressure = 1 atm

From\To         REACS        PRODS
REACS         22463.9      22463.9
PRODS     5.51441e-12  5.51441e-12

Temperature = 2200 K    Pressure = 10 atm

From\To         REACS        PRODS
REACS          113665       113665
PRODS     2.79036e-11  2.79036e-11

Temperature = 2200 K    Pressure = 100 atm

From\To         REACS        PRODS
REACS          424041       424041
PRODS     1.04101e-10  1.04101e-10

Temperature = 2200 K    Pressure = 1000 atm

From\To         REACS        PRODS
REACS     1.08262e+06  1.08262e+06
PRODS     2.65784e-10  2.65784e-10

Temperature = 2200 K    Pressure = 10000 atm

From\To         REACS        PRODS
REACS     1.82162e+06  1.82162e+06
PRODS     4.47209e-10  4.47209e-10

Temperature = 2300 K

High Pressure Rate Coefficients:

From\To         REACS        PRODS
REACS             ***  5.96605e+06
PRODS      5.2381e-10          ***

Temperature = 2300 K    Pressure = 1 atm

From\To         REACS        PRODS
REACS         45573.5      45573.5
PRODS      4.0005e-12   4.0005e-12

Temperature = 2300 K    Pressure = 10 atm

From\To         REACS        PRODS
REACS          239708       239708
PRODS     2.10441e-11  2.10441e-11

Temperature = 2300 K    Pressure = 100 atm

From\To         REACS        PRODS
REACS          941451       941451
PRODS     8.26555e-11  8.26555e-11

Temperature = 2300 K    Pressure = 1000 atm

From\To         REACS        PRODS
REACS     2.55447e+06  2.55447e+06
PRODS     2.24277e-10  2.24277e-10

Temperature = 2300 K    Pressure = 10000 atm

From\To         REACS        PRODS
REACS     4.55277e+06  4.55277e+06
PRODS     3.99726e-10  3.99726e-10

Temperature = 2400 K

High Pressure Rate Coefficients:

From\To         REACS        PRODS
REACS             ***  1.44097e+07
PRODS     4.93908e-10          ***

Temperature = 2400 K    Pressure = 1 atm

From\To         REACS        PRODS
REACS         85724.9      85724.9
PRODS     2.93714e-12  2.93714e-12

Temperature = 2400 K    Pressure = 10 atm

From\To         REACS        PRODS
REACS          467508       467508
PRODS     1.60212e-11  1.60212e-11

Temperature = 2400 K    Pressure = 100 atm

From\To         REACS        PRODS
REACS     1.92727e+06  1.92727e+06
PRODS     6.60549e-11  6.60549e-11

Temperature = 2400 K    Pressure = 1000 atm

From\To         REACS        PRODS
REACS     5.54384e+06  5.54384e+06
PRODS     1.90019e-10  1.90019e-10

Temperature = 2400 K    Pressure = 10000 atm

From\To         REACS        PRODS
REACS     1.04643e+07  1.04643e+07
PRODS     3.58674e-10  3.58674e-10

Temperature = 2500 K

High Pressure Rate Coefficients:

From\To         REACS        PRODS
REACS             ***  3.24509e+07
PRODS     4.69044e-10          ***

Temperature = 2500 K    Pressure = 1 atm

From\To         REACS        PRODS
REACS          150997       150997
PRODS     2.18084e-12  2.18084e-12

Temperature = 2500 K    Pressure = 10 atm

From\To         REACS        PRODS
REACS          851587       851587
PRODS      1.2304e-11   1.2304e-11

Temperature = 2500 K    Pressure = 100 atm

From\To         REACS        PRODS
REACS      3.6742e+06   3.6742e+06
PRODS     5.30992e-11  5.30992e-11

Temperature = 2500 K    Pressure = 1000 atm

From\To         REACS        PRODS
REACS      1.1177e+07   1.1177e+07
PRODS     1.61547e-10  1.61547e-10

Temperature = 2500 K    Pressure = 10000 atm

From\To         REACS        PRODS
REACS     2.23325e+07  2.23325e+07
PRODS     3.22791e-10  3.22791e-10

______________________________________________________________________________________

High Pressure Rate Coefficients (Temperature-Species Rate Tables):

   T(K) REACS->REACS REACS->PRODS
    300          ***  3.53334e-53
    400          ***  2.15663e-36
    500          ***   2.8909e-26
    600          ***  1.77134e-19
    700          ***  1.31731e-14
    800          ***  6.14983e-11
    900          ***  4.50218e-08
   1000          ***  8.96708e-06
   1100          ***  0.000690716
   1200          ***    0.0260328
   1300          ***     0.565263
   1400          ***      7.94886
   1500          ***      78.8954
   1600          ***      589.642
   1700          ***      3487.01
   1800          ***      16960.4
   1900          ***      69954.6
   2000          ***       250752
   2100          ***       796803
   2200          ***  2.28147e+06
   2300          ***  5.96605e+06
   2400          ***  1.44097e+07
   2500          ***  3.24509e+07

   T(K) PRODS->REACS PRODS->PRODS
    300    0.0039381          ***
    400  2.99028e-05          ***
    500  1.65772e-06          ***
    600  2.48737e-07          ***
    700  6.58554e-08          ***
    800  2.48249e-08          ***
    900   1.1826e-08          ***
   1000  6.62834e-09          ***
   1100  4.17727e-09          ***
   1200  2.87221e-09          ***
   1300  2.11037e-09          ***
   1400  1.63272e-09          ***
   1500  1.31583e-09          ***
   1600  1.09582e-09          ***
   1700  9.37299e-10          ***
   1800  8.19543e-10          ***
   1900  7.29817e-10          ***
   2000  6.59977e-10          ***
   2100  6.04631e-10          ***
   2200  5.60101e-10          ***
   2300   5.2381e-10          ***
   2400  4.93908e-10          ***
   2500  4.69044e-10          ***

Capture/Escape Rate Coefficients:

   T(K)        REACS        PRODS
    300  3.53334e-53    0.0039381
    400  2.15663e-36  2.99028e-05
    500   2.8909e-26  1.65772e-06
    600  1.77134e-19  2.48737e-07
    700  1.31731e-14  6.58554e-08
    800  6.14983e-11  2.48249e-08
    900  4.50218e-08   1.1826e-08
   1000  8.96708e-06  6.62834e-09
   1100  0.000690716  4.17727e-09
   1200    0.0260328  2.87221e-09
   1300     0.565263  2.11037e-09
   1400      7.94886  1.63272e-09
   1500      78.8954  1.31583e-09
   1600      589.642  1.09582e-09
   1700      3487.01  9.37299e-10
   1800      16960.4  8.19543e-10
   1900      69954.6  7.29817e-10
   2000       250752  6.59977e-10
   2100       796803  6.04631e-10
   2200  2.28147e+06  5.60101e-10
   2300  5.96605e+06   5.2381e-10
   2400  1.44097e+07  4.93908e-10
   2500  3.24509e+07  4.69044e-10

______________________________________________________________________________________

Pressure-Species Rate Tables:

   Temperature = 300 K

   P(atm) REACS->PRODS      REACS->
        1  3.39602e-53  3.39602e-53
       10  3.51778e-53  3.51778e-53
      100  3.53251e-53  3.53251e-53
     1000  3.53403e-53  3.53403e-53
    10000  3.53418e-53  3.53418e-53
    O-O  3.53334e-53  3.53334e-53

   Temperature = 400 K

   P(atm) REACS->PRODS      REACS->
        1  1.92431e-36  1.92431e-36
       10  2.12185e-36  2.12185e-36
      100  2.15365e-36  2.15365e-36
     1000  2.15719e-36  2.15719e-36
    10000  2.15755e-36  2.15755e-36
    O-O  2.15663e-36  2.15663e-36

   Temperature = 500 K

   P(atm) REACS->PRODS      REACS->
        1  2.27468e-26  2.27468e-26
       10  2.76541e-26  2.76541e-26
      100  2.87656e-26  2.87656e-26
     1000  2.89099e-26  2.89099e-26
    10000   2.8925e-26   2.8925e-26
    O-O   2.8909e-26   2.8909e-26

   Temperature = 600 K

   P(atm) REACS->PRODS      REACS->
        1  1.17402e-19  1.17402e-19
       10  1.60969e-19  1.60969e-19
      100    1.748e-19    1.748e-19
     1000  1.77015e-19  1.77015e-19
    10000  1.77262e-19  1.77262e-19
    O-O  1.77134e-19  1.77134e-19

   Temperature = 700 K

   P(atm) REACS->PRODS      REACS->
        1   7.0937e-15   7.0937e-15
       10  1.10687e-14  1.10687e-14
      100  1.27865e-14  1.27865e-14
     1000  1.31363e-14  1.31363e-14
    10000  1.31796e-14  1.31796e-14
    O-O  1.31731e-14  1.31731e-14

   Temperature = 800 K

   P(atm) REACS->PRODS      REACS->
        1  2.62269e-11  2.62269e-11
       10   4.6536e-11   4.6536e-11
      100  5.80744e-11  5.80744e-11
     1000  6.10806e-11  6.10806e-11
    10000  6.15075e-11  6.15075e-11
    O-O  6.14983e-11  6.14983e-11

   Temperature = 900 K

   P(atm) REACS->PRODS      REACS->
        1  1.49312e-08  1.49312e-08
       10  2.99478e-08  2.99478e-08
      100     4.08e-08     4.08e-08
     1000  4.43898e-08  4.43898e-08
    10000  4.49886e-08  4.49886e-08
    O-O  4.50218e-08  4.50218e-08

   Temperature = 1000 K

   P(atm) REACS->PRODS      REACS->
        1  2.28541e-06  2.28541e-06
       10  5.13739e-06  5.13739e-06
      100  7.68384e-06  7.68384e-06
     1000  8.73807e-06  8.73807e-06
    10000  8.94739e-06  8.94739e-06
    O-O  8.96708e-06  8.96708e-06

   Temperature = 1100 K

   P(atm) REACS->PRODS      REACS->
        1  0.000134279  0.000134279
       10  0.000335144  0.000335144
      100  0.000551275  0.000551275
     1000  0.000661394  0.000661394
    10000  0.000687541  0.000687541
    O-O  0.000690716  0.000690716

   Temperature = 1200 K

   P(atm) REACS->PRODS      REACS->
        1   0.00384289   0.00384289
       10    0.0105536    0.0105536
      100    0.0190725    0.0190725
     1000    0.0243245    0.0243245
    10000     0.025814     0.025814
    O-O    0.0260328    0.0260328

   Temperature = 1300 K

   P(atm) REACS->PRODS      REACS->
        1     0.063204     0.063204
       10     0.189405     0.189405
      100     0.375038     0.375038
     1000     0.511319     0.511319
    10000     0.557252     0.557252
    O-O     0.565263     0.565263

   Temperature = 1400 K

   P(atm) REACS->PRODS      REACS->
        1     0.672658     0.672658
       10      2.18336      2.18336
      100      4.71921      4.71921
     1000      6.90359      6.90359
    10000      7.77233      7.77233
    O-O      7.94886      7.94886

   Temperature = 1500 K

   P(atm) REACS->PRODS      REACS->
        1      5.05713      5.05713
       10      17.6543      17.6543
      100      41.4713      41.4713
     1000      65.2271      65.2271
    10000      76.2852      76.2852
    O-O      78.8954      78.8954

   Temperature = 1600 K

   P(atm) REACS->PRODS      REACS->
        1      28.6774      28.6774
       10      107.013      107.013
      100      271.954      271.954
     1000      460.181      460.181
    10000      561.867      561.867
    O-O      589.642      589.642

   Temperature = 1700 K

   P(atm) REACS->PRODS      REACS->
        1      128.937      128.937
       10      511.594      511.594
      100      1400.22      1400.22
     1000      2548.21      2548.21
    10000      3261.94      3261.94
    O-O      3487.01      3487.01

   Temperature = 1800 K

   P(atm) REACS->PRODS      REACS->
        1      478.019      478.019
       10      2007.07      2007.07
      100      5890.61      5890.61
     1000      11516.6      11516.6
    10000      15509.8      15509.8
    O-O      16960.4      16960.4

   Temperature = 1900 K

   P(atm) REACS->PRODS      REACS->
        1       1507.6       1507.6
       10      6669.18      6669.18
      100      20901.8      20901.8
     1000      43827.1      43827.1
    10000      62261.4      62261.4
    O-O      69954.6      69954.6

   Temperature = 2000 K

   P(atm) REACS->PRODS      REACS->
        1      4147.67      4147.67
       10      19252.9      19252.9
      100      64176.3      64176.3
     1000       144021       144021
    10000       216235       216235
    O-O       250752       250752

   Temperature = 2100 K

   P(atm) REACS->PRODS      REACS->
        1      10150.7      10150.7
       10      49269.9      49269.9
      100       174039       174039
     1000       417081       417081
    10000       662685       662685
    O-O       796803       796803

   Temperature = 2200 K

   P(atm) REACS->PRODS      REACS->
        1      22463.9      22463.9
       10       113665       113665
      100       424041       424041
     1000  1.08262e+06  1.08262e+06
    10000  1.82162e+06  1.82162e+06
    O-O  2.28147e+06  2.28147e+06

   Temperature = 2300 K

   P(atm) REACS->PRODS      REACS->
        1      45573.5      45573.5
       10       239708       239708
      100       941451       941451
     1000  2.55447e+06  2.55447e+06
    10000  4.55277e+06  4.55277e+06
    O-O  5.96605e+06  5.96605e+06

   Temperature = 2400 K

   P(atm) REACS->PRODS      REACS->
        1      85724.9      85724.9
       10       467508       467508
      100  1.92727e+06  1.92727e+06
     1000  5.54384e+06  5.54384e+06
    10000  1.04643e+07  1.04643e+07
    O-O  1.44097e+07  1.44097e+07

   Temperature = 2500 K

   P(atm) REACS->PRODS      REACS->
        1       150997       150997
       10       851587       851587
      100   3.6742e+06   3.6742e+06
     1000   1.1177e+07   1.1177e+07
    10000  2.23325e+07  2.23325e+07
    O-O  3.24509e+07  3.24509e+07

   Temperature = 300 K

   P(atm) PRODS->REACS      PRODS->
        1   0.00378505   0.00378505
       10   0.00392075   0.00392075
      100   0.00393718   0.00393718
     1000   0.00393887   0.00393887
    10000   0.00393904   0.00393904
    O-O    0.0039381    0.0039381

   Temperature = 400 K

   P(atm) PRODS->REACS      PRODS->
        1  2.66817e-05  2.66817e-05
       10  2.94207e-05  2.94207e-05
      100  2.98615e-05  2.98615e-05
     1000  2.99107e-05  2.99107e-05
    10000  2.99156e-05  2.99156e-05
    O-O  2.99028e-05  2.99028e-05

   Temperature = 500 K

   P(atm) PRODS->REACS      PRODS->
        1  1.30436e-06  1.30436e-06
       10  1.58576e-06  1.58576e-06
      100   1.6495e-06   1.6495e-06
     1000  1.65777e-06  1.65777e-06
    10000  1.65864e-06  1.65864e-06
    O-O  1.65772e-06  1.65772e-06

   Temperature = 600 K

   P(atm) PRODS->REACS      PRODS->
        1   1.6486e-07   1.6486e-07
       10  2.26038e-07  2.26038e-07
      100  2.45459e-07  2.45459e-07
     1000  2.48569e-07  2.48569e-07
    10000  2.48916e-07  2.48916e-07
    O-O  2.48737e-07  2.48737e-07

   Temperature = 700 K

   P(atm) PRODS->REACS      PRODS->
        1  3.54631e-08  3.54631e-08
       10  5.53352e-08  5.53352e-08
      100  6.39227e-08  6.39227e-08
     1000  6.56713e-08  6.56713e-08
    10000  6.58879e-08  6.58879e-08
    O-O  6.58554e-08  6.58554e-08

   Temperature = 800 K

   P(atm) PRODS->REACS      PRODS->
        1   1.0587e-08   1.0587e-08
       10  1.87851e-08  1.87851e-08
      100  2.34428e-08  2.34428e-08
     1000  2.46563e-08  2.46563e-08
    10000  2.48287e-08  2.48287e-08
    O-O  2.48249e-08  2.48249e-08

   Temperature = 900 K

   P(atm) PRODS->REACS      PRODS->
        1  3.92202e-09  3.92202e-09
       10  7.86648e-09  7.86648e-09
      100   1.0717e-08   1.0717e-08
     1000    1.166e-08    1.166e-08
    10000  1.18173e-08  1.18173e-08
    O-O   1.1826e-08   1.1826e-08

   Temperature = 1000 K

   P(atm) PRODS->REACS      PRODS->
        1  1.68934e-09  1.68934e-09
       10  3.79748e-09  3.79748e-09
      100  5.67979e-09  5.67979e-09
     1000  6.45906e-09  6.45906e-09
    10000  6.61379e-09  6.61379e-09
    O-O  6.62834e-09  6.62834e-09

   Temperature = 1100 K

   P(atm) PRODS->REACS      PRODS->
        1  8.12085e-10  8.12085e-10
       10  2.02687e-09  2.02687e-09
      100  3.33396e-09  3.33396e-09
     1000  3.99993e-09  3.99993e-09
    10000  4.15807e-09  4.15807e-09
    O-O  4.17727e-09  4.17727e-09

   Temperature = 1200 K

   P(atm) PRODS->REACS      PRODS->
        1  4.23988e-10  4.23988e-10
       10  1.16438e-09  1.16438e-09
      100  2.10428e-09  2.10428e-09
     1000  2.68373e-09  2.68373e-09
    10000  2.84807e-09  2.84807e-09
    O-O  2.87221e-09  2.87221e-09

   Temperature = 1300 K

   P(atm) PRODS->REACS      PRODS->
        1  2.35968e-10  2.35968e-10
       10  7.07131e-10  7.07131e-10
      100  1.40018e-09  1.40018e-09
     1000  1.90898e-09  1.90898e-09
    10000  2.08047e-09  2.08047e-09
    O-O  2.11037e-09  2.11037e-09

   Temperature = 1400 K

   P(atm) PRODS->REACS      PRODS->
        1  1.38166e-10  1.38166e-10
       10  4.48468e-10  4.48468e-10
      100  9.69339e-10  9.69339e-10
     1000  1.41802e-09  1.41802e-09
    10000  1.59646e-09  1.59646e-09
    O-O  1.63272e-09  1.63272e-09

   Temperature = 1500 K

   P(atm) PRODS->REACS      PRODS->
        1  8.43436e-11  8.43436e-11
       10   2.9444e-10   2.9444e-10
      100  6.91665e-10  6.91665e-10
     1000  1.08787e-09  1.08787e-09
    10000   1.2723e-09   1.2723e-09
    O-O  1.31583e-09  1.31583e-09

   Temperature = 1600 K

   P(atm) PRODS->REACS      PRODS->
        1  5.32953e-11  5.32953e-11
       10  1.98878e-10  1.98878e-10
      100  5.05411e-10  5.05411e-10
     1000  8.55222e-10  8.55222e-10
    10000   1.0442e-09   1.0442e-09
    O-O  1.09582e-09  1.09582e-09

   Temperature = 1700 K

   P(atm) PRODS->REACS      PRODS->
        1  3.46579e-11  3.46579e-11
       10  1.37515e-10  1.37515e-10
      100  3.76374e-10  3.76374e-10
     1000  6.84951e-10  6.84951e-10
    10000  8.76801e-10  8.76801e-10
    O-O  9.37299e-10  9.37299e-10

   Temperature = 1800 K

   P(atm) PRODS->REACS      PRODS->
        1  2.30983e-11  2.30983e-11
       10  9.69838e-11  9.69838e-11
      100  2.84641e-10  2.84641e-10
     1000  5.56494e-10  5.56494e-10
    10000   7.4945e-10   7.4945e-10
    O-O  8.19543e-10  8.19543e-10

   Temperature = 1900 K

   P(atm) PRODS->REACS      PRODS->
        1  1.57283e-11  1.57283e-11
       10  6.95775e-11  6.95775e-11
      100  2.18062e-10  2.18062e-10
     1000  4.57235e-10  4.57235e-10
    10000  6.49555e-10  6.49555e-10
    O-O  7.29817e-10  7.29817e-10

   Temperature = 2000 K

   P(atm) PRODS->REACS      PRODS->
        1  1.09165e-11  1.09165e-11
       10  5.06732e-11  5.06732e-11
      100  1.68911e-10  1.68911e-10
     1000  3.79062e-10  3.79062e-10
    10000  5.69128e-10  5.69128e-10
    O-O  6.59977e-10  6.59977e-10

   Temperature = 2100 K

   P(atm) PRODS->REACS      PRODS->
        1  7.70227e-12  7.70227e-12
       10  3.73865e-11  3.73865e-11
      100  1.32064e-10  1.32064e-10
     1000   3.1649e-10   3.1649e-10
    10000  5.02859e-10  5.02859e-10
    O-O  6.04631e-10  6.04631e-10

   Temperature = 2200 K

   P(atm) PRODS->REACS      PRODS->
        1  5.51441e-12  5.51441e-12
       10  2.79036e-11  2.79036e-11
      100  1.04101e-10  1.04101e-10
     1000  2.65784e-10  2.65784e-10
    10000  4.47209e-10  4.47209e-10
    O-O  5.60101e-10  5.60101e-10

   Temperature = 2300 K

   P(atm) PRODS->REACS      PRODS->
        1   4.0005e-12   4.0005e-12
       10  2.10441e-11  2.10441e-11
      100  8.26555e-11  8.26555e-11
     1000  2.24277e-10  2.24277e-10
    10000  3.99726e-10  3.99726e-10
    O-O   5.2381e-10   5.2381e-10

   Temperature = 2400 K

   P(atm) PRODS->REACS      PRODS->
        1  2.93714e-12  2.93714e-12
       10  1.60212e-11  1.60212e-11
      100  6.60549e-11  6.60549e-11
     1000  1.90019e-10  1.90019e-10
    10000  3.58674e-10  3.58674e-10
    O-O  4.93908e-10  4.93908e-10

   Temperature = 2500 K

   P(atm) PRODS->REACS      PRODS->
        1  2.18084e-12  2.18084e-12
       10   1.2304e-11   1.2304e-11
      100  5.30992e-11  5.30992e-11
     1000  1.61547e-10  1.61547e-10
    10000  3.22791e-10  3.22791e-10
    O-O  4.69044e-10  4.69044e-10

______________________________________________________________________________________

Temperature-Species Rate Tables:

   Pressure = 1 atm

   T(K) REACS->PRODS      REACS->      Capture
    300  3.39602e-53  3.39602e-53  3.53334e-53
    400  1.92431e-36  1.92431e-36  2.15663e-36
    500  2.27468e-26  2.27468e-26   2.8909e-26
    600  1.17402e-19  1.17402e-19  1.77134e-19
    700   7.0937e-15   7.0937e-15  1.31731e-14
    800  2.62269e-11  2.62269e-11  6.14983e-11
    900  1.49312e-08  1.49312e-08  4.50218e-08
   1000  2.28541e-06  2.28541e-06  8.96708e-06
   1100  0.000134279  0.000134279  0.000690716
   1200   0.00384289   0.00384289    0.0260328
   1300     0.063204     0.063204     0.565263
   1400     0.672658     0.672658      7.94886
   1500      5.05713      5.05713      78.8954
   1600      28.6774      28.6774      589.642
   1700      128.937      128.937      3487.01
   1800      478.019      478.019      16960.4
   1900       1507.6       1507.6      69954.6
   2000      4147.67      4147.67       250752
   2100      10150.7      10150.7       796803
   2200      22463.9      22463.9  2.28147e+06
   2300      45573.5      45573.5  5.96605e+06
   2400      85724.9      85724.9  1.44097e+07
   2500       150997       150997  3.24509e+07

   Pressure = 10 atm

   T(K) REACS->PRODS      REACS->      Capture
    300  3.51778e-53  3.51778e-53  3.53334e-53
    400  2.12185e-36  2.12185e-36  2.15663e-36
    500  2.76541e-26  2.76541e-26   2.8909e-26
    600  1.60969e-19  1.60969e-19  1.77134e-19
    700  1.10687e-14  1.10687e-14  1.31731e-14
    800   4.6536e-11   4.6536e-11  6.14983e-11
    900  2.99478e-08  2.99478e-08  4.50218e-08
   1000  5.13739e-06  5.13739e-06  8.96708e-06
   1100  0.000335144  0.000335144  0.000690716
   1200    0.0105536    0.0105536    0.0260328
   1300     0.189405     0.189405     0.565263
   1400      2.18336      2.18336      7.94886
   1500      17.6543      17.6543      78.8954
   1600      107.013      107.013      589.642
   1700      511.594      511.594      3487.01
   1800      2007.07      2007.07      16960.4
   1900      6669.18      6669.18      69954.6
   2000      19252.9      19252.9       250752
   2100      49269.9      49269.9       796803
   2200       113665       113665  2.28147e+06
   2300       239708       239708  5.96605e+06
   2400       467508       467508  1.44097e+07
   2500       851587       851587  3.24509e+07

   Pressure = 100 atm

   T(K) REACS->PRODS      REACS->      Capture
    300  3.53251e-53  3.53251e-53  3.53334e-53
    400  2.15365e-36  2.15365e-36  2.15663e-36
    500  2.87656e-26  2.87656e-26   2.8909e-26
    600    1.748e-19    1.748e-19  1.77134e-19
    700  1.27865e-14  1.27865e-14  1.31731e-14
    800  5.80744e-11  5.80744e-11  6.14983e-11
    900     4.08e-08     4.08e-08  4.50218e-08
   1000  7.68384e-06  7.68384e-06  8.96708e-06
   1100  0.000551275  0.000551275  0.000690716
   1200    0.0190725    0.0190725    0.0260328
   1300     0.375038     0.375038     0.565263
   1400      4.71921      4.71921      7.94886
   1500      41.4713      41.4713      78.8954
   1600      271.954      271.954      589.642
   1700      1400.22      1400.22      3487.01
   1800      5890.61      5890.61      16960.4
   1900      20901.8      20901.8      69954.6
   2000      64176.3      64176.3       250752
   2100       174039       174039       796803
   2200       424041       424041  2.28147e+06
   2300       941451       941451  5.96605e+06
   2400  1.92727e+06  1.92727e+06  1.44097e+07
   2500   3.6742e+06   3.6742e+06  3.24509e+07

   Pressure = 1000 atm

   T(K) REACS->PRODS      REACS->      Capture
    300  3.53403e-53  3.53403e-53  3.53334e-53
    400  2.15719e-36  2.15719e-36  2.15663e-36
    500  2.89099e-26  2.89099e-26   2.8909e-26
    600  1.77015e-19  1.77015e-19  1.77134e-19
    700  1.31363e-14  1.31363e-14  1.31731e-14
    800  6.10806e-11  6.10806e-11  6.14983e-11
    900  4.43898e-08  4.43898e-08  4.50218e-08
   1000  8.73807e-06  8.73807e-06  8.96708e-06
   1100  0.000661394  0.000661394  0.000690716
   1200    0.0243245    0.0243245    0.0260328
   1300     0.511319     0.511319     0.565263
   1400      6.90359      6.90359      7.94886
   1500      65.2271      65.2271      78.8954
   1600      460.181      460.181      589.642
   1700      2548.21      2548.21      3487.01
   1800      11516.6      11516.6      16960.4
   1900      43827.1      43827.1      69954.6
   2000       144021       144021       250752
   2100       417081       417081       796803
   2200  1.08262e+06  1.08262e+06  2.28147e+06
   2300  2.55447e+06  2.55447e+06  5.96605e+06
   2400  5.54384e+06  5.54384e+06  1.44097e+07
   2500   1.1177e+07   1.1177e+07  3.24509e+07

   Pressure = 10000 atm

   T(K) REACS->PRODS      REACS->      Capture
    300  3.53418e-53  3.53418e-53  3.53334e-53
    400  2.15755e-36  2.15755e-36  2.15663e-36
    500   2.8925e-26   2.8925e-26   2.8909e-26
    600  1.77262e-19  1.77262e-19  1.77134e-19
    700  1.31796e-14  1.31796e-14  1.31731e-14
    800  6.15075e-11  6.15075e-11  6.14983e-11
    900  4.49886e-08  4.49886e-08  4.50218e-08
   1000  8.94739e-06  8.94739e-06  8.96708e-06
   1100  0.000687541  0.000687541  0.000690716
   1200     0.025814     0.025814    0.0260328
   1300     0.557252     0.557252     0.565263
   1400      7.77233      7.77233      7.94886
   1500      76.2852      76.2852      78.8954
   1600      561.867      561.867      589.642
   1700      3261.94      3261.94      3487.01
   1800      15509.8      15509.8      16960.4
   1900      62261.4      62261.4      69954.6
   2000       216235       216235       250752
   2100       662685       662685       796803
   2200  1.82162e+06  1.82162e+06  2.28147e+06
   2300  4.55277e+06  4.55277e+06  5.96605e+06
   2400  1.04643e+07  1.04643e+07  1.44097e+07
   2500  2.23325e+07  2.23325e+07  3.24509e+07

   Pressure = 1 atm

   T(K) PRODS->REACS      PRODS->      Capture
    300   0.00378505   0.00378505    0.0039381
    400  2.66817e-05  2.66817e-05  2.99028e-05
    500  1.30436e-06  1.30436e-06  1.65772e-06
    600   1.6486e-07   1.6486e-07  2.48737e-07
    700  3.54631e-08  3.54631e-08  6.58554e-08
    800   1.0587e-08   1.0587e-08  2.48249e-08
    900  3.92202e-09  3.92202e-09   1.1826e-08
   1000  1.68934e-09  1.68934e-09  6.62834e-09
   1100  8.12085e-10  8.12085e-10  4.17727e-09
   1200  4.23988e-10  4.23988e-10  2.87221e-09
   1300  2.35968e-10  2.35968e-10  2.11037e-09
   1400  1.38166e-10  1.38166e-10  1.63272e-09
   1500  8.43436e-11  8.43436e-11  1.31583e-09
   1600  5.32953e-11  5.32953e-11  1.09582e-09
   1700  3.46579e-11  3.46579e-11  9.37299e-10
   1800  2.30983e-11  2.30983e-11  8.19543e-10
   1900  1.57283e-11  1.57283e-11  7.29817e-10
   2000  1.09165e-11  1.09165e-11  6.59977e-10
   2100  7.70227e-12  7.70227e-12  6.04631e-10
   2200  5.51441e-12  5.51441e-12  5.60101e-10
   2300   4.0005e-12   4.0005e-12   5.2381e-10
   2400  2.93714e-12  2.93714e-12  4.93908e-10
   2500  2.18084e-12  2.18084e-12  4.69044e-10

   Pressure = 10 atm

   T(K) PRODS->REACS      PRODS->      Capture
    300   0.00392075   0.00392075    0.0039381
    400  2.94207e-05  2.94207e-05  2.99028e-05
    500  1.58576e-06  1.58576e-06  1.65772e-06
    600  2.26038e-07  2.26038e-07  2.48737e-07
    700  5.53352e-08  5.53352e-08  6.58554e-08
    800  1.87851e-08  1.87851e-08  2.48249e-08
    900  7.86648e-09  7.86648e-09   1.1826e-08
   1000  3.79748e-09  3.79748e-09  6.62834e-09
   1100  2.02687e-09  2.02687e-09  4.17727e-09
   1200  1.16438e-09  1.16438e-09  2.87221e-09
   1300  7.07131e-10  7.07131e-10  2.11037e-09
   1400  4.48468e-10  4.48468e-10  1.63272e-09
   1500   2.9444e-10   2.9444e-10  1.31583e-09
   1600  1.98878e-10  1.98878e-10  1.09582e-09
   1700  1.37515e-10  1.37515e-10  9.37299e-10
   1800  9.69838e-11  9.69838e-11  8.19543e-10
   1900  6.95775e-11  6.95775e-11  7.29817e-10
   2000  5.06732e-11  5.06732e-11  6.59977e-10
   2100  3.73865e-11  3.73865e-11  6.04631e-10
   2200  2.79036e-11  2.79036e-11  5.60101e-10
   2300  2.10441e-11  2.10441e-11   5.2381e-10
   2400  1.60212e-11  1.60212e-11  4.93908e-10
   2500   1.2304e-11   1.2304e-11  4.69044e-10

   Pressure = 100 atm

   T(K) PRODS->REACS      PRODS->      Capture
    300   0.00393718   0.00393718    0.0039381
    400  2.98615e-05  2.98615e-05  2.99028e-05
    500   1.6495e-06   1.6495e-06  1.65772e-06
    600  2.45459e-07  2.45459e-07  2.48737e-07
    700  6.39227e-08  6.39227e-08  6.58554e-08
    800  2.34428e-08  2.34428e-08  2.48249e-08
    900   1.0717e-08   1.0717e-08   1.1826e-08
   1000  5.67979e-09  5.67979e-09  6.62834e-09
   1100  3.33396e-09  3.33396e-09  4.17727e-09
   1200  2.10428e-09  2.10428e-09  2.87221e-09
   1300  1.40018e-09  1.40018e-09  2.11037e-09
   1400  9.69339e-10  9.69339e-10  1.63272e-09
   1500  6.91665e-10  6.91665e-10  1.31583e-09
   1600  5.05411e-10  5.05411e-10  1.09582e-09
   1700  3.76374e-10  3.76374e-10  9.37299e-10
   1800  2.84641e-10  2.84641e-10  8.19543e-10
   1900  2.18062e-10  2.18062e-10  7.29817e-10
   2000  1.68911e-10  1.68911e-10  6.59977e-10
   2100  1.32064e-10  1.32064e-10  6.04631e-10
   2200  1.04101e-10  1.04101e-10  5.60101e-10
   2300  8.26555e-11  8.26555e-11   5.2381e-10
   2400  6.60549e-11  6.60549e-11  4.93908e-10
   2500  5.30992e-11  5.30992e-11  4.69044e-10

   Pressure = 1000 atm

   T(K) PRODS->REACS      PRODS->      Capture
    300   0.00393887   0.00393887    0.0039381
    400  2.99107e-05  2.99107e-05  2.99028e-05
    500  1.65777e-06  1.65777e-06  1.65772e-06
    600  2.48569e-07  2.48569e-07  2.48737e-07
    700  6.56713e-08  6.56713e-08  6.58554e-08
    800  2.46563e-08  2.46563e-08  2.48249e-08
    900    1.166e-08    1.166e-08   1.1826e-08
   1000  6.45906e-09  6.45906e-09  6.62834e-09
   1100  3.99993e-09  3.99993e-09  4.17727e-09
   1200  2.68373e-09  2.68373e-09  2.87221e-09
   1300  1.90898e-09  1.90898e-09  2.11037e-09
   1400  1.41802e-09  1.41802e-09  1.63272e-09
   1500  1.08787e-09  1.08787e-09  1.31583e-09
   1600  8.55222e-10  8.55222e-10  1.09582e-09
   1700  6.84951e-10  6.84951e-10  9.37299e-10
   1800  5.56494e-10  5.56494e-10  8.19543e-10
   1900  4.57235e-10  4.57235e-10  7.29817e-10
   2000  3.79062e-10  3.79062e-10  6.59977e-10
   2100   3.1649e-10   3.1649e-10  6.04631e-10
   2200  2.65784e-10  2.65784e-10  5.60101e-10
   2300  2.24277e-10  2.24277e-10   5.2381e-10
   2400  1.90019e-10  1.90019e-10  4.93908e-10
   2500  1.61547e-10  1.61547e-10  4.69044e-10

   Pressure = 10000 atm

   T(K) PRODS->REACS      PRODS->      Capture
    300   0.00393904   0.00393904    0.0039381
    400  2.99156e-05  2.99156e-05  2.99028e-05
    500  1.65864e-06  1.65864e-06  1.65772e-06
    600  2.48916e-07  2.48916e-07  2.48737e-07
    700  6.58879e-08  6.58879e-08  6.58554e-08
    800  2.48287e-08  2.48287e-08  2.48249e-08
    900  1.18173e-08  1.18173e-08   1.1826e-08
   1000  6.61379e-09  6.61379e-09  6.62834e-09
   1100  4.15807e-09  4.15807e-09  4.17727e-09
   1200  2.84807e-09  2.84807e-09  2.87221e-09
   1300  2.08047e-09  2.08047e-09  2.11037e-09
   1400  1.59646e-09  1.59646e-09  1.63272e-09
   1500   1.2723e-09   1.2723e-09  1.31583e-09
   1600   1.0442e-09   1.0442e-09  1.09582e-09
   1700  8.76801e-10  8.76801e-10  9.37299e-10
   1800   7.4945e-10   7.4945e-10  8.19543e-10
   1900  6.49555e-10  6.49555e-10  7.29817e-10
   2000  5.69128e-10  5.69128e-10  6.59977e-10
   2100  5.02859e-10  5.02859e-10  6.04631e-10
   2200  4.47209e-10  4.47209e-10  5.60101e-10
   2300  3.99726e-10  3.99726e-10   5.2381e-10
   2400  3.58674e-10  3.58674e-10  4.93908e-10
   2500  3.22791e-10  3.22791e-10  4.69044e-10

______________________________________________________________________________________

Temperature-Pressure Rate Tables:

REACS->PRODS

P\T              300          400          500          600          700          800          900         1000         1100         1200         1300         1400         1500         1600         1700         1800         1900         2000         2100         2200         2300         2400         2500
1        3.39602e-53  1.92431e-36  2.27468e-26  1.17402e-19   7.0937e-15  2.62269e-11  1.49312e-08  2.28541e-06  0.000134279   0.00384289     0.063204     0.672658      5.05713      28.6774      128.937      478.019       1507.6      4147.67      10150.7      22463.9      45573.5      85724.9       150997
10       3.51778e-53  2.12185e-36  2.76541e-26  1.60969e-19  1.10687e-14   4.6536e-11  2.99478e-08  5.13739e-06  0.000335144    0.0105536     0.189405      2.18336      17.6543      107.013      511.594      2007.07      6669.18      19252.9      49269.9       113665       239708       467508       851587
100      3.53251e-53  2.15365e-36  2.87656e-26    1.748e-19  1.27865e-14  5.80744e-11     4.08e-08  7.68384e-06  0.000551275    0.0190725     0.375038      4.71921      41.4713      271.954      1400.22      5890.61      20901.8      64176.3       174039       424041       941451  1.92727e+06   3.6742e+06
1000     3.53403e-53  2.15719e-36  2.89099e-26  1.77015e-19  1.31363e-14  6.10806e-11  4.43898e-08  8.73807e-06  0.000661394    0.0243245     0.511319      6.90359      65.2271      460.181      2548.21      11516.6      43827.1       144021       417081  1.08262e+06  2.55447e+06  5.54384e+06   1.1177e+07
10000    3.53418e-53  2.15755e-36   2.8925e-26  1.77262e-19  1.31796e-14  6.15075e-11  4.49886e-08  8.94739e-06  0.000687541     0.025814     0.557252      7.77233      76.2852      561.867      3261.94      15509.8      62261.4       216235       662685  1.82162e+06  4.55277e+06  1.04643e+07  2.23325e+07
O-O      3.53334e-53  2.15663e-36   2.8909e-26  1.77134e-19  1.31731e-14  6.14983e-11  4.50218e-08  8.96708e-06  0.000690716    0.0260328     0.565263      7.94886      78.8954      589.642      3487.01      16960.4      69954.6       250752       796803  2.28147e+06  5.96605e+06  1.44097e+07  3.24509e+07

PRODS->REACS

P\T              300          400          500          600          700          800          900         1000         1100         1200         1300         1400         1500         1600         1700         1800         1900         2000         2100         2200         2300         2400         2500
1         0.00378505  2.66817e-05  1.30436e-06   1.6486e-07  3.54631e-08   1.0587e-08  3.92202e-09  1.68934e-09  8.12085e-10  4.23988e-10  2.35968e-10  1.38166e-10  8.43436e-11  5.32953e-11  3.46579e-11  2.30983e-11  1.57283e-11  1.09165e-11  7.70227e-12  5.51441e-12   4.0005e-12  2.93714e-12  2.18084e-12
10        0.00392075  2.94207e-05  1.58576e-06  2.26038e-07  5.53352e-08  1.87851e-08  7.86648e-09  3.79748e-09  2.02687e-09  1.16438e-09  7.07131e-10  4.48468e-10   2.9444e-10  1.98878e-10  1.37515e-10  9.69838e-11  6.95775e-11  5.06732e-11  3.73865e-11  2.79036e-11  2.10441e-11  1.60212e-11   1.2304e-11
100       0.00393718  2.98615e-05   1.6495e-06  2.45459e-07  6.39227e-08  2.34428e-08   1.0717e-08  5.67979e-09  3.33396e-09  2.10428e-09  1.40018e-09  9.69339e-10  6.91665e-10  5.05411e-10  3.76374e-10  2.84641e-10  2.18062e-10  1.68911e-10  1.32064e-10  1.04101e-10  8.26555e-11  6.60549e-11  5.30992e-11
1000      0.00393887  2.99107e-05  1.65777e-06  2.48569e-07  6.56713e-08  2.46563e-08    1.166e-08  6.45906e-09  3.99993e-09  2.68373e-09  1.90898e-09  1.41802e-09  1.08787e-09  8.55222e-10  6.84951e-10  5.56494e-10  4.57235e-10  3.79062e-10   3.1649e-10  2.65784e-10  2.24277e-10  1.90019e-10  1.61547e-10
10000     0.00393904  2.99156e-05  1.65864e-06  2.48916e-07  6.58879e-08  2.48287e-08  1.18173e-08  6.61379e-09  4.15807e-09  2.84807e-09  2.08047e-09  1.59646e-09   1.2723e-09   1.0442e-09  8.76801e-10   7.4945e-10  6.49555e-10  5.69128e-10  5.02859e-10  4.47209e-10  3.99726e-10  3.58674e-10  3.22791e-10
O-O        0.0039381  2.99028e-05  1.65772e-06  2.48737e-07  6.58554e-08  2.48249e-08   1.1826e-08  6.62834e-09  4.17727e-09  2.87221e-09  2.11037e-09  1.63272e-09  1.31583e-09  1.09582e-09  9.37299e-10  8.19543e-10  7.29817e-10  6.59977e-10  6.04631e-10  5.60101e-10   5.2381e-10  4.93908e-10  4.69044e-10

REACS-> 

P\T              300          400          500          600          700          800          900         1000         1100         1200         1300         1400         1500         1600         1700         1800         1900         2000         2100         2200         2300         2400         2500
1        3.39602e-53  1.92431e-36  2.27468e-26  1.17402e-19   7.0937e-15  2.62269e-11  1.49312e-08  2.28541e-06  0.000134279   0.00384289     0.063204     0.672658      5.05713      28.6774      128.937      478.019       1507.6      4147.67      10150.7      22463.9      45573.5      85724.9       150997
10       3.51778e-53  2.12185e-36  2.76541e-26  1.60969e-19  1.10687e-14   4.6536e-11  2.99478e-08  5.13739e-06  0.000335144    0.0105536     0.189405      2.18336      17.6543      107.013      511.594      2007.07      6669.18      19252.9      49269.9       113665       239708       467508       851587
100      3.53251e-53  2.15365e-36  2.87656e-26    1.748e-19  1.27865e-14  5.80744e-11     4.08e-08  7.68384e-06  0.000551275    0.0190725     0.375038      4.71921      41.4713      271.954      1400.22      5890.61      20901.8      64176.3       174039       424041       941451  1.92727e+06   3.6742e+06
1000     3.53403e-53  2.15719e-36  2.89099e-26  1.77015e-19  1.31363e-14  6.10806e-11  4.43898e-08  8.73807e-06  0.000661394    0.0243245     0.511319      6.90359      65.2271      460.181      2548.21      11516.6      43827.1       144021       417081  1.08262e+06  2.55447e+06  5.54384e+06   1.1177e+07
10000    3.53418e-53  2.15755e-36   2.8925e-26  1.77262e-19  1.31796e-14  6.15075e-11  4.49886e-08  8.94739e-06  0.000687541     0.025814     0.557252      7.77233      76.2852      561.867      3261.94      15509.8      62261.4       216235       662685  1.82162e+06  4.55277e+06  1.04643e+07  2.23325e+07
O-O      3.53334e-53  2.15663e-36   2.8909e-26  1.77134e-19  1.31731e-14  6.14983e-11  4.50218e-08  8.96708e-06  0.000690716    0.0260328     0.565263      7.94886      78.8954      589.642      3487.01      16960.4      69954.6       250752       796803  2.28147e+06  5.96605e+06  1.44097e+07  3.24509e+07

PRODS-> 

P\T              300          400          500          600          700          800          900         1000         1100         1200         1300         1400         1500         1600         1700         1800         1900         2000         2100         2200         2300         2400         2500
1         0.00378505  2.66817e-05  1.30436e-06   1.6486e-07  3.54631e-08   1.0587e-08  3.92202e-09  1.68934e-09  8.12085e-10  4.23988e-10  2.35968e-10  1.38166e-10  8.43436e-11  5.32953e-11  3.46579e-11  2.30983e-11  1.57283e-11  1.09165e-11  7.70227e-12  5.51441e-12   4.0005e-12  2.93714e-12  2.18084e-12
10        0.00392075  2.94207e-05  1.58576e-06  2.26038e-07  5.53352e-08  1.87851e-08  7.86648e-09  3.79748e-09  2.02687e-09  1.16438e-09  7.07131e-10  4.48468e-10   2.9444e-10  1.98878e-10  1.37515e-10  9.69838e-11  6.95775e-11  5.06732e-11  3.73865e-11  2.79036e-11  2.10441e-11  1.60212e-11   1.2304e-11
100       0.00393718  2.98615e-05   1.6495e-06  2.45459e-07  6.39227e-08  2.34428e-08   1.0717e-08  5.67979e-09  3.33396e-09  2.10428e-09  1.40018e-09  9.69339e-10  6.91665e-10  5.05411e-10  3.76374e-10  2.84641e-10  2.18062e-10  1.68911e-10  1.32064e-10  1.04101e-10  8.26555e-11  6.60549e-11  5.30992e-11
1000      0.00393887  2.99107e-05  1.65777e-06  2.48569e-07  6.56713e-08  2.46563e-08    1.166e-08  6.45906e-09  3.99993e-09  2.68373e-09  1.90898e-09  1.41802e-09  1.08787e-09  8.55222e-10  6.84951e-10  5.56494e-10  4.57235e-10  3.79062e-10   3.1649e-10  2.65784e-10  2.24277e-10  1.90019e-10  1.61547e-10
10000     0.00393904  2.99156e-05  1.65864e-06  2.48916e-07  6.58879e-08  2.48287e-08  1.18173e-08  6.61379e-09  4.15807e-09  2.84807e-09  2.08047e-09  1.59646e-09   1.2723e-09   1.0442e-09  8.76801e-10   7.4945e-10  6.49555e-10  5.69128e-10  5.02859e-10  4.47209e-10  3.99726e-10  3.58674e-10  3.22791e-10
O-O        0.0039381  2.99028e-05  1.65772e-06  2.48737e-07  6.58554e-08  2.48249e-08   1.1826e-08  6.62834e-09  4.17727e-09  2.87221e-09  2.11037e-09  1.63272e-09  1.31583e-09  1.09582e-09  9.37299e-10  8.19543e-10  7.29817e-10  6.59977e-10  6.04631e-10  5.60101e-10   5.2381e-10  4.93908e-10  4.69044e-10

