 sampled coordinates
 b2                     0.0000000000000000        120.00000000000000     

  command lines um062x/6-311+g(d,p) opt=(noeig,intern,maxcyc=50)                      int=ultrafine  nosym guess(mix,always)                               
 distcheck is RCC1                          
 rtscheck is    2.3999999999999999     
 *******************************
 Random number point            1  out  of            1
 Sampled Tau coordinates
 B2                     60.002299999999998     
 starting g09pot
 finished g09pot

 optimized tau coordinates,energy,sampling point
  -79.687710126900001                1
 optimized coordinates
    1.08    1.08    1.08    1.08    1.08    1.08  101.60  101.61  101.61  101.60  101.61  101.61  120.00 -120.00  120.00 -120.00   60.00
 rtsopt is :    2.3999999999999999     
 new geom at nopt :            1
 tau 
  6.01347001699906849E-154
 internal coordinates 
 RCC2                             1.0821000000000001     
 RCC3                             1.0821000000000001     
 RCC4                             1.0821000000000001     
 RCH1                             1.0821000000000001     
 RCH2                             1.0821000000000001     
 RCH3                             1.0821000000000001     
 ACCC1                            101.59540000000000     
 AHCC1                            101.60760000000001     
 AHCC2                            101.60760000000001     
 AHCC3                            101.59540000000000     
 AHCC4                            101.60760000000001     
 AHCC5                            101.60760000000001     
 B1                               119.99780000000000     
 B5                              -119.99780000000000     
 B3                               119.99780000000000     
 B4                              -120.00440000000000     
 B2                               60.002299999999998     
 RCC1                             2.3999999999999999     
 coordinates 
   0.0000000000000000        0.0000000000000000        0.0000000000000000     
   0.0000000000000000        0.0000000000000000        2.3999999999999999     
   1.0600160000000001        0.0000000000000000        2.6175009999999999     
 -0.52995000000000003       0.91798100000000005        2.6177269999999999     
 -0.52995000000000003      -0.91798100000000005        2.6177269999999999     
  0.52994799999999997      -0.91798199999999996      -0.21772700000000000     
  -1.0600160000000001       1.99999999999999991E-006 -0.21750100000000000     
  0.52995099999999995       0.91798000000000002      -0.21772700000000000     
 rotational constants
   74.384320900000006        10.085431300000000        10.085410599999999     
 energy, energy diff with structure 1 
  -79.687710126900001        0.0000000000000000     
 rtsopt is   2.3999999999999999     
 new energy also
 energy 
  -79.687710126900001     
 ref energy 
  -79.687710126900001     
 opt geom           1
   1.0821000000000001     
   1.0821000000000001     
   1.0821000000000001     
   1.0821000000000001     
   1.0821000000000001     
   1.0821000000000001     
   101.59540000000000     
   101.60760000000001     
   101.60760000000001     
   101.59540000000000     
   101.60760000000001     
   101.60760000000001     
   119.99780000000000     
  -119.99780000000000     
   119.99780000000000     
  -120.00440000000000     
   60.002299999999998     
   2.3999999999999999     
