Wells (G - ground energy, D - dissociation limit, kcal/mol):
      Name        G        D
     REACS      0.0    104.4

Bimolecular Products (G - ground energy, kcal/mol):
      Name        G
     PRODS    108.7

Well-to-Bimolecular Barriers (H/G - barrier height/well depth, kcal/mol)
      Name        H     Well        G  Product
        TS    104.4    REACS      0.0    PRODS

________________________________________________________________________________________

Unimolecular Rate Units: 1/sec;  Bimolecular Rate Units: cm^3/sec

______________________________________________________________________________________

Species-Species Rate Tables:

Temperature = 300 K

High Pressure Rate Coefficients:

From\To         REACS        PRODS
REACS             ***  8.20863e-63
PRODS     1.13877e-08          ***

Temperature = 300 K    Pressure = 1 atm

From\To         REACS        PRODS
REACS     8.20346e-63  8.20346e-63
PRODS     1.13805e-08  1.13805e-08

Temperature = 300 K    Pressure = 10 atm

From\To         REACS        PRODS
REACS     8.20711e-63  8.20711e-63
PRODS     1.13856e-08  1.13856e-08

Temperature = 300 K    Pressure = 100 atm

From\To         REACS        PRODS
REACS     8.20747e-63  8.20747e-63
PRODS     1.13861e-08  1.13861e-08

Temperature = 300 K    Pressure = 1000 atm

From\To         REACS        PRODS
REACS     8.20751e-63  8.20751e-63
PRODS     1.13861e-08  1.13861e-08

Temperature = 300 K    Pressure = 10000 atm

From\To         REACS        PRODS
REACS     8.20751e-63  8.20751e-63
PRODS     1.13861e-08  1.13861e-08

Temperature = 400 K

High Pressure Rate Coefficients:

From\To         REACS        PRODS
REACS             ***   1.5882e-43
PRODS     2.25282e-09          ***

Temperature = 400 K    Pressure = 1 atm

From\To         REACS        PRODS
REACS     1.58312e-43  1.58312e-43
PRODS     2.24561e-09  2.24561e-09

Temperature = 400 K    Pressure = 10 atm

From\To         REACS        PRODS
REACS     1.58727e-43  1.58727e-43
PRODS      2.2515e-09   2.2515e-09

Temperature = 400 K    Pressure = 100 atm

From\To         REACS        PRODS
REACS     1.58771e-43  1.58771e-43
PRODS     2.25212e-09  2.25212e-09

Temperature = 400 K    Pressure = 1000 atm

From\To         REACS        PRODS
REACS     1.58775e-43  1.58775e-43
PRODS     2.25218e-09  2.25218e-09

Temperature = 400 K    Pressure = 10000 atm

From\To         REACS        PRODS
REACS     1.58775e-43  1.58775e-43
PRODS     2.25219e-09  2.25219e-09

Temperature = 500 K

High Pressure Rate Coefficients:

From\To         REACS        PRODS
REACS             ***  6.83501e-32
PRODS     9.15275e-10          ***

Temperature = 500 K    Pressure = 1 atm

From\To         REACS        PRODS
REACS     6.74966e-32  6.74966e-32
PRODS     9.03846e-10  9.03846e-10

Temperature = 500 K    Pressure = 10 atm

From\To         REACS        PRODS
REACS     6.82294e-32  6.82294e-32
PRODS     9.13658e-10  9.13658e-10

Temperature = 500 K    Pressure = 100 atm

From\To         REACS        PRODS
REACS     6.83154e-32  6.83154e-32
PRODS      9.1481e-10   9.1481e-10

Temperature = 500 K    Pressure = 1000 atm

From\To         REACS        PRODS
REACS     6.83242e-32  6.83242e-32
PRODS     9.14928e-10  9.14928e-10

Temperature = 500 K    Pressure = 10000 atm

From\To         REACS        PRODS
REACS     6.83251e-32  6.83251e-32
PRODS      9.1494e-10   9.1494e-10

Temperature = 600 K

High Pressure Rate Coefficients:

From\To         REACS        PRODS
REACS             ***  4.24775e-24
PRODS     5.27432e-10          ***

Temperature = 600 K    Pressure = 1 atm

From\To         REACS        PRODS
REACS     4.09181e-24  4.09181e-24
PRODS     5.08071e-10  5.08071e-10

Temperature = 600 K    Pressure = 10 atm

From\To         REACS        PRODS
REACS     4.22515e-24  4.22515e-24
PRODS     5.24627e-10  5.24627e-10

Temperature = 600 K    Pressure = 100 atm

From\To         REACS        PRODS
REACS     4.24425e-24  4.24425e-24
PRODS     5.26998e-10  5.26998e-10

Temperature = 600 K    Pressure = 1000 atm

From\To         REACS        PRODS
REACS     4.24633e-24  4.24633e-24
PRODS     5.27256e-10  5.27256e-10

Temperature = 600 K    Pressure = 10000 atm

From\To         REACS        PRODS
REACS     4.24654e-24  4.24654e-24
PRODS     5.27282e-10  5.27282e-10

Temperature = 700 K

High Pressure Rate Coefficients:

From\To         REACS        PRODS
REACS             ***  1.65487e-18
PRODS     3.68658e-10          ***

Temperature = 700 K    Pressure = 1 atm

From\To         REACS        PRODS
REACS     1.51586e-18  1.51586e-18
PRODS      3.3769e-10   3.3769e-10

Temperature = 700 K    Pressure = 10 atm

From\To         REACS        PRODS
REACS     1.63033e-18  1.63033e-18
PRODS      3.6319e-10   3.6319e-10

Temperature = 700 K    Pressure = 100 atm

From\To         REACS        PRODS
REACS     1.65143e-18  1.65143e-18
PRODS     3.67891e-10  3.67891e-10

Temperature = 700 K    Pressure = 1000 atm

From\To         REACS        PRODS
REACS       1.654e-18    1.654e-18
PRODS     3.68463e-10  3.68463e-10

Temperature = 700 K    Pressure = 10000 atm

From\To         REACS        PRODS
REACS     1.65426e-18  1.65426e-18
PRODS     3.68522e-10  3.68522e-10

Temperature = 800 K

High Pressure Rate Coefficients:

From\To         REACS        PRODS
REACS             ***  2.67652e-14
PRODS      2.8944e-10          ***

Temperature = 800 K    Pressure = 1 atm

From\To         REACS        PRODS
REACS     2.25825e-14  2.25825e-14
PRODS     2.44208e-10  2.44208e-10

Temperature = 800 K    Pressure = 10 atm

From\To         REACS        PRODS
REACS     2.58398e-14  2.58398e-14
PRODS     2.79433e-10  2.79433e-10

Temperature = 800 K    Pressure = 100 atm

From\To         REACS        PRODS
REACS     2.66272e-14  2.66272e-14
PRODS     2.87948e-10  2.87948e-10

Temperature = 800 K    Pressure = 1000 atm

From\To         REACS        PRODS
REACS     2.67395e-14  2.67395e-14
PRODS     2.89162e-10  2.89162e-10

Temperature = 800 K    Pressure = 10000 atm

From\To         REACS        PRODS
REACS     2.67517e-14  2.67517e-14
PRODS     2.89294e-10  2.89294e-10

Temperature = 900 K

High Pressure Rate Coefficients:

From\To         REACS        PRODS
REACS             ***  5.15211e-11
PRODS     2.44807e-10          ***

Temperature = 900 K    Pressure = 1 atm

From\To         REACS        PRODS
REACS     3.87191e-11  3.87191e-11
PRODS     1.83977e-10  1.83977e-10

Temperature = 900 K    Pressure = 10 atm

From\To         REACS        PRODS
REACS     4.79959e-11  4.79959e-11
PRODS     2.28057e-10  2.28057e-10

Temperature = 900 K    Pressure = 100 atm

From\To         REACS        PRODS
REACS     5.09232e-11  5.09232e-11
PRODS     2.41966e-10  2.41966e-10

Temperature = 900 K    Pressure = 1000 atm

From\To         REACS        PRODS
REACS     5.14282e-11  5.14282e-11
PRODS     2.44366e-10  2.44366e-10

Temperature = 900 K    Pressure = 10000 atm

From\To         REACS        PRODS
REACS     5.14875e-11  5.14875e-11
PRODS     2.44648e-10  2.44648e-10

Temperature = 1000 K

High Pressure Rate Coefficients:

From\To         REACS        PRODS
REACS             ***  2.22451e-08
PRODS     2.17666e-10          ***

Temperature = 1000 K    Pressure = 1 atm

From\To         REACS        PRODS
REACS     1.44248e-08  1.44248e-08
PRODS     1.41145e-10  1.41145e-10

Temperature = 1000 K    Pressure = 10 atm

From\To         REACS        PRODS
REACS     1.96155e-08  1.96155e-08
PRODS     1.91935e-10  1.91935e-10

Temperature = 1000 K    Pressure = 100 atm

From\To         REACS        PRODS
REACS       2.172e-08    2.172e-08
PRODS     2.12528e-10  2.12528e-10

Temperature = 1000 K    Pressure = 1000 atm

From\To         REACS        PRODS
REACS     2.21665e-08  2.21665e-08
PRODS     2.16897e-10  2.16897e-10

Temperature = 1000 K    Pressure = 10000 atm

From\To         REACS        PRODS
REACS     2.22248e-08  2.22248e-08
PRODS     2.17467e-10  2.17467e-10

Temperature = 1100 K

High Pressure Rate Coefficients:

From\To         REACS        PRODS
REACS             ***   3.2281e-06
PRODS     2.00384e-10          ***

Temperature = 1100 K    Pressure = 1 atm

From\To         REACS        PRODS
REACS     1.75647e-06  1.75647e-06
PRODS     1.09033e-10  1.09033e-10

Temperature = 1100 K    Pressure = 10 atm

From\To         REACS        PRODS
REACS     2.63814e-06  2.63814e-06
PRODS     1.63763e-10  1.63763e-10

Temperature = 1100 K    Pressure = 100 atm

From\To         REACS        PRODS
REACS     3.08844e-06  3.08844e-06
PRODS     1.91715e-10  1.91715e-10

Temperature = 1100 K    Pressure = 1000 atm

From\To         REACS        PRODS
REACS     3.20635e-06  3.20635e-06
PRODS     1.99034e-10  1.99034e-10

Temperature = 1100 K    Pressure = 10000 atm

From\To         REACS        PRODS
REACS      3.2239e-06   3.2239e-06
PRODS     2.00123e-10  2.00123e-10

Temperature = 1200 K

High Pressure Rate Coefficients:

From\To         REACS        PRODS
REACS             ***  0.000206313
PRODS     1.89132e-10          ***

Temperature = 1200 K    Pressure = 1 atm

From\To         REACS        PRODS
REACS     9.20054e-05  9.20054e-05
PRODS     8.43436e-11  8.43436e-11

Temperature = 1200 K    Pressure = 10 atm

From\To         REACS        PRODS
REACS     0.000152967  0.000152967
PRODS     1.40229e-10  1.40229e-10

Temperature = 1200 K    Pressure = 100 atm

From\To         REACS        PRODS
REACS     0.000191401  0.000191401
PRODS     1.75462e-10  1.75462e-10

Temperature = 1200 K    Pressure = 1000 atm

From\To         REACS        PRODS
REACS     0.000203764  0.000203764
PRODS     1.86796e-10  1.86796e-10

Temperature = 1200 K    Pressure = 10000 atm

From\To         REACS        PRODS
REACS     0.000205897  0.000205897
PRODS      1.8875e-10   1.8875e-10

Temperature = 1300 K

High Pressure Rate Coefficients:

From\To         REACS        PRODS
REACS             ***    0.0070058
PRODS     1.81809e-10          ***

Temperature = 1300 K    Pressure = 1 atm

From\To         REACS        PRODS
REACS      0.00251178   0.00251178
PRODS     6.51835e-11  6.51835e-11

Temperature = 1300 K    Pressure = 10 atm

From\To         REACS        PRODS
REACS      0.00461792   0.00461792
PRODS     1.19841e-10  1.19841e-10

Temperature = 1300 K    Pressure = 100 atm

From\To         REACS        PRODS
REACS      0.00622602   0.00622602
PRODS     1.61573e-10  1.61573e-10

Temperature = 1300 K    Pressure = 1000 atm

From\To         REACS        PRODS
REACS      0.00685585   0.00685585
PRODS     1.77917e-10  1.77917e-10

Temperature = 1300 K    Pressure = 10000 atm

From\To         REACS        PRODS
REACS      0.00698297   0.00698297
PRODS     1.81216e-10  1.81216e-10

Temperature = 1400 K

High Pressure Rate Coefficients:

From\To         REACS        PRODS
REACS             ***     0.144574
PRODS     1.77179e-10          ***

Temperature = 1400 K    Pressure = 1 atm

From\To         REACS        PRODS
REACS       0.0410389    0.0410389
PRODS     5.02943e-11  5.02943e-11

Temperature = 1400 K    Pressure = 10 atm

From\To         REACS        PRODS
REACS        0.083175     0.083175
PRODS     1.01933e-10  1.01933e-10

Temperature = 1400 K    Pressure = 100 atm

From\To         REACS        PRODS
REACS        0.121464     0.121464
PRODS     1.48857e-10  1.48857e-10

Temperature = 1400 K    Pressure = 1000 atm

From\To         REACS        PRODS
REACS        0.139524     0.139524
PRODS     1.70991e-10  1.70991e-10

Temperature = 1400 K    Pressure = 10000 atm

From\To         REACS        PRODS
REACS        0.143807     0.143807
PRODS     1.76239e-10  1.76239e-10

Temperature = 1500 K

High Pressure Rate Coefficients:

From\To         REACS        PRODS
REACS             ***      2.00128
PRODS     1.74474e-10          ***

Temperature = 1500 K    Pressure = 1 atm

From\To         REACS        PRODS
REACS        0.444413     0.444413
PRODS     3.87445e-11  3.87445e-11

Temperature = 1500 K    Pressure = 10 atm

From\To         REACS        PRODS
REACS        0.988681     0.988681
PRODS     8.61945e-11  8.61945e-11

Temperature = 1500 K    Pressure = 100 atm

From\To         REACS        PRODS
REACS         1.56819      1.56819
PRODS     1.36717e-10  1.36717e-10

Temperature = 1500 K    Pressure = 1000 atm

From\To         REACS        PRODS
REACS          1.8936       1.8936
PRODS     1.65086e-10  1.65086e-10

Temperature = 1500 K    Pressure = 10000 atm

From\To         REACS        PRODS
REACS         1.98424      1.98424
PRODS     1.72989e-10  1.72989e-10

Temperature = 1600 K

High Pressure Rate Coefficients:

From\To         REACS        PRODS
REACS             ***      20.0149
PRODS     1.73195e-10          ***

Temperature = 1600 K    Pressure = 1 atm

From\To         REACS        PRODS
REACS         3.44534      3.44534
PRODS     2.98136e-11  2.98136e-11

Temperature = 1600 K    Pressure = 10 atm

From\To         REACS        PRODS
REACS         8.37254      8.37254
PRODS     7.24504e-11  7.24504e-11

Temperature = 1600 K    Pressure = 100 atm

From\To         REACS        PRODS
REACS          14.435       14.435
PRODS     1.24911e-10  1.24911e-10

Temperature = 1600 K    Pressure = 1000 atm

From\To         REACS        PRODS
REACS         18.4413      18.4413
PRODS     1.59579e-10  1.59579e-10

Temperature = 1600 K    Pressure = 10000 atm

From\To         REACS        PRODS
REACS         19.7485      19.7485
PRODS      1.7089e-10   1.7089e-10

Temperature = 1700 K

High Pressure Rate Coefficients:

From\To         REACS        PRODS
REACS             ***      153.082
PRODS     1.73004e-10          ***

Temperature = 1700 K    Pressure = 1 atm

From\To         REACS        PRODS
REACS         20.2865      20.2865
PRODS     2.29265e-11  2.29265e-11

Temperature = 1700 K    Pressure = 10 atm

From\To         REACS        PRODS
REACS         53.5799      53.5799
PRODS     6.05526e-11  6.05526e-11

Temperature = 1700 K    Pressure = 100 atm

From\To         REACS        PRODS
REACS         100.342      100.342
PRODS     1.13401e-10  1.13401e-10

Temperature = 1700 K    Pressure = 1000 atm

From\To         REACS        PRODS
REACS         136.313      136.313
PRODS     1.54053e-10  1.54053e-10

Temperature = 1700 K    Pressure = 10000 atm

From\To         REACS        PRODS
REACS         149.996      149.996
PRODS     1.69517e-10  1.69517e-10

Temperature = 1800 K

High Pressure Rate Coefficients:

From\To         REACS        PRODS
REACS             ***      935.994
PRODS     1.73663e-10          ***

Temperature = 1800 K    Pressure = 1 atm

From\To         REACS        PRODS
REACS         95.0111      95.0111
PRODS     1.76282e-11  1.76282e-11

Temperature = 1800 K    Pressure = 10 atm

From\To         REACS        PRODS
REACS         271.378      271.378
PRODS     5.03512e-11  5.03512e-11

Temperature = 1800 K    Pressure = 100 atm

From\To         REACS        PRODS
REACS         551.114      551.114
PRODS     1.02253e-10  1.02253e-10

Temperature = 1800 K    Pressure = 1000 atm

From\To         REACS        PRODS
REACS         799.038      799.038
PRODS     1.48253e-10  1.48253e-10

Temperature = 1800 K    Pressure = 10000 atm

From\To         REACS        PRODS
REACS         908.366      908.366
PRODS     1.68537e-10  1.68537e-10

Temperature = 1900 K

High Pressure Rate Coefficients:

From\To         REACS        PRODS
REACS             ***      4738.33
PRODS     1.75005e-10          ***

Temperature = 1900 K    Pressure = 1 atm

From\To         REACS        PRODS
REACS         367.117      367.117
PRODS      1.3559e-11   1.3559e-11

Temperature = 1900 K    Pressure = 10 atm

From\To         REACS        PRODS
REACS         1128.63      1128.63
PRODS     4.16845e-11  4.16845e-11

Temperature = 1900 K    Pressure = 100 atm

From\To         REACS        PRODS
REACS         2479.53      2479.53
PRODS     9.15788e-11  9.15788e-11

Temperature = 1900 K    Pressure = 1000 atm

From\To         REACS        PRODS
REACS         3845.99      3845.99
PRODS     1.42047e-10  1.42047e-10

Temperature = 1900 K    Pressure = 10000 atm

From\To         REACS        PRODS
REACS         4540.18      4540.18
PRODS     1.67686e-10  1.67686e-10

Temperature = 2000 K

High Pressure Rate Coefficients:

From\To         REACS        PRODS
REACS             ***      20425.8
PRODS     1.76903e-10          ***

Temperature = 2000 K    Pressure = 1 atm

From\To         REACS        PRODS
REACS         1205.22      1205.22
PRODS      1.0438e-11   1.0438e-11

Temperature = 2000 K    Pressure = 10 atm

From\To         REACS        PRODS
REACS         3969.91      3969.91
PRODS     3.43823e-11  3.43823e-11

Temperature = 2000 K    Pressure = 100 atm

From\To         REACS        PRODS
REACS         9408.99      9408.99
PRODS     8.14887e-11  8.14887e-11

Temperature = 2000 K    Pressure = 1000 atm

From\To         REACS        PRODS
REACS         15633.8      15633.8
PRODS       1.354e-10    1.354e-10

Temperature = 2000 K    Pressure = 10000 atm

From\To         REACS        PRODS
REACS         19253.7      19253.7
PRODS     1.66751e-10  1.66751e-10

Temperature = 2100 K

High Pressure Rate Coefficients:

From\To         REACS        PRODS
REACS             ***      76706.3
PRODS     1.79264e-10          ***

Temperature = 2100 K    Pressure = 1 atm

From\To         REACS        PRODS
REACS         3442.27      3442.27
PRODS     8.04452e-12  8.04452e-12

Temperature = 2100 K    Pressure = 10 atm

From\To         REACS        PRODS
REACS         12097.4      12097.4
PRODS     2.82717e-11  2.82717e-11

Temperature = 2100 K    Pressure = 100 atm

From\To         REACS        PRODS
REACS           30839        30839
PRODS     7.20711e-11  7.20711e-11

Temperature = 2100 K    Pressure = 1000 atm

From\To         REACS        PRODS
REACS         54915.5      54915.5
PRODS     1.28338e-10  1.28338e-10

Temperature = 2100 K    Pressure = 10000 atm

From\To         REACS        PRODS
REACS           70842        70842
PRODS     1.65559e-10  1.65559e-10

Temperature = 2200 K

High Pressure Rate Coefficients:

From\To         REACS        PRODS
REACS             ***       255673
PRODS     1.82016e-10          ***

Temperature = 2200 K    Pressure = 1 atm

From\To         REACS        PRODS
REACS         8721.55      8721.55
PRODS     6.20873e-12  6.20873e-12

Temperature = 2200 K    Pressure = 10 atm

From\To         REACS        PRODS
REACS           32575        32575
PRODS     2.31902e-11  2.31902e-11

Temperature = 2200 K    Pressure = 100 atm

From\To         REACS        PRODS
REACS         89043.2      89043.2
PRODS     6.33906e-11  6.33906e-11

Temperature = 2200 K    Pressure = 1000 atm

From\To         REACS        PRODS
REACS          169884       169884
PRODS     1.20942e-10  1.20942e-10

Temperature = 2200 K    Pressure = 10000 atm

From\To         REACS        PRODS
REACS          230338       230338
PRODS      1.6398e-10   1.6398e-10

Temperature = 2300 K

High Pressure Rate Coefficients:

From\To         REACS        PRODS
REACS             ***       768148
PRODS     1.85103e-10          ***

Temperature = 2300 K    Pressure = 1 atm

From\To         REACS        PRODS
REACS         19921.4      19921.4
PRODS     4.80013e-12  4.80013e-12

Temperature = 2300 K    Pressure = 10 atm

From\To         REACS        PRODS
REACS           78789        78789
PRODS     1.89855e-11  1.89855e-11

Temperature = 2300 K    Pressure = 100 atm

From\To         REACS        PRODS
REACS          230224       230224
PRODS     5.54775e-11  5.54775e-11

Temperature = 2300 K    Pressure = 1000 atm

From\To         REACS        PRODS
REACS          470235       470235
PRODS     1.13314e-10  1.13314e-10

Temperature = 2300 K    Pressure = 10000 atm

From\To         REACS        PRODS
REACS          671946       671946
PRODS     1.61921e-10  1.61921e-10

Temperature = 2400 K

High Pressure Rate Coefficients:

From\To         REACS        PRODS
REACS             ***  2.10721e+06
PRODS     1.88482e-10          ***

Temperature = 2400 K    Pressure = 1 atm

From\To         REACS        PRODS
REACS         41581.1      41581.1
PRODS     3.71855e-12  3.71855e-12

Temperature = 2400 K    Pressure = 10 atm

From\To         REACS        PRODS
REACS          173538       173538
PRODS     1.55213e-11  1.55213e-11

Temperature = 2400 K    Pressure = 100 atm

From\To         REACS        PRODS
REACS          540404       540404
PRODS     4.83362e-11  4.83362e-11

Temperature = 2400 K    Pressure = 1000 atm

From\To         REACS        PRODS
REACS     1.18025e+06  1.18025e+06
PRODS     1.05568e-10  1.05568e-10

Temperature = 2400 K    Pressure = 10000 atm

From\To         REACS        PRODS
REACS     1.78122e+06  1.78122e+06
PRODS     1.59323e-10  1.59323e-10

Temperature = 2500 K

High Pressure Rate Coefficients:

From\To         REACS        PRODS
REACS             ***  5.33557e+06
PRODS     1.92116e-10          ***

Temperature = 2500 K    Pressure = 1 atm

From\To         REACS        PRODS
REACS         80220.2      80220.2
PRODS     2.88728e-12  2.88728e-12

Temperature = 2500 K    Pressure = 10 atm

From\To         REACS        PRODS
REACS          352130       352130
PRODS     1.26771e-11  1.26771e-11

Temperature = 2500 K    Pressure = 100 atm

From\To         REACS        PRODS
REACS     1.16506e+06  1.16506e+06
PRODS     4.19483e-11  4.19483e-11

Temperature = 2500 K    Pressure = 1000 atm

From\To         REACS        PRODS
REACS      2.7167e+06   2.7167e+06
PRODS     9.78188e-11  9.78188e-11

Temperature = 2500 K    Pressure = 10000 atm

From\To         REACS        PRODS
REACS     4.33694e+06  4.33694e+06
PRODS     1.56159e-10  1.56159e-10

______________________________________________________________________________________

High Pressure Rate Coefficients (Temperature-Species Rate Tables):

   T(K) REACS->REACS REACS->PRODS
    300          ***  8.20863e-63
    400          ***   1.5882e-43
    500          ***  6.83501e-32
    600          ***  4.24775e-24
    700          ***  1.65487e-18
    800          ***  2.67652e-14
    900          ***  5.15211e-11
   1000          ***  2.22451e-08
   1100          ***   3.2281e-06
   1200          ***  0.000206313
   1300          ***    0.0070058
   1400          ***     0.144574
   1500          ***      2.00128
   1600          ***      20.0149
   1700          ***      153.082
   1800          ***      935.994
   1900          ***      4738.33
   2000          ***      20425.8
   2100          ***      76706.3
   2200          ***       255673
   2300          ***       768148
   2400          ***  2.10721e+06
   2500          ***  5.33557e+06

   T(K) PRODS->REACS PRODS->PRODS
    300  1.13877e-08          ***
    400  2.25282e-09          ***
    500  9.15275e-10          ***
    600  5.27432e-10          ***
    700  3.68658e-10          ***
    800   2.8944e-10          ***
    900  2.44807e-10          ***
   1000  2.17666e-10          ***
   1100  2.00384e-10          ***
   1200  1.89132e-10          ***
   1300  1.81809e-10          ***
   1400  1.77179e-10          ***
   1500  1.74474e-10          ***
   1600  1.73195e-10          ***
   1700  1.73004e-10          ***
   1800  1.73663e-10          ***
   1900  1.75005e-10          ***
   2000  1.76903e-10          ***
   2100  1.79264e-10          ***
   2200  1.82016e-10          ***
   2300  1.85103e-10          ***
   2400  1.88482e-10          ***
   2500  1.92116e-10          ***

Capture/Escape Rate Coefficients:

   T(K)        REACS        PRODS
    300  8.20863e-63  1.13877e-08
    400   1.5882e-43  2.25282e-09
    500  6.83501e-32  9.15275e-10
    600  4.24775e-24  5.27432e-10
    700  1.65487e-18  3.68658e-10
    800  2.67652e-14   2.8944e-10
    900  5.15211e-11  2.44807e-10
   1000  2.22451e-08  2.17666e-10
   1100   3.2281e-06  2.00384e-10
   1200  0.000206313  1.89132e-10
   1300    0.0070058  1.81809e-10
   1400     0.144574  1.77179e-10
   1500      2.00128  1.74474e-10
   1600      20.0149  1.73195e-10
   1700      153.082  1.73004e-10
   1800      935.994  1.73663e-10
   1900      4738.33  1.75005e-10
   2000      20425.8  1.76903e-10
   2100      76706.3  1.79264e-10
   2200       255673  1.82016e-10
   2300       768148  1.85103e-10
   2400  2.10721e+06  1.88482e-10
   2500  5.33557e+06  1.92116e-10

______________________________________________________________________________________

Pressure-Species Rate Tables:

   Temperature = 300 K

   P(atm) REACS->PRODS      REACS->
        1  8.20346e-63  8.20346e-63
       10  8.20711e-63  8.20711e-63
      100  8.20747e-63  8.20747e-63
     1000  8.20751e-63  8.20751e-63
    10000  8.20751e-63  8.20751e-63
    O-O  8.20863e-63  8.20863e-63

   Temperature = 400 K

   P(atm) REACS->PRODS      REACS->
        1  1.58312e-43  1.58312e-43
       10  1.58727e-43  1.58727e-43
      100  1.58771e-43  1.58771e-43
     1000  1.58775e-43  1.58775e-43
    10000  1.58775e-43  1.58775e-43
    O-O   1.5882e-43   1.5882e-43

   Temperature = 500 K

   P(atm) REACS->PRODS      REACS->
        1  6.74966e-32  6.74966e-32
       10  6.82294e-32  6.82294e-32
      100  6.83154e-32  6.83154e-32
     1000  6.83242e-32  6.83242e-32
    10000  6.83251e-32  6.83251e-32
    O-O  6.83501e-32  6.83501e-32

   Temperature = 600 K

   P(atm) REACS->PRODS      REACS->
        1  4.09181e-24  4.09181e-24
       10  4.22515e-24  4.22515e-24
      100  4.24425e-24  4.24425e-24
     1000  4.24633e-24  4.24633e-24
    10000  4.24654e-24  4.24654e-24
    O-O  4.24775e-24  4.24775e-24

   Temperature = 700 K

   P(atm) REACS->PRODS      REACS->
        1  1.51586e-18  1.51586e-18
       10  1.63033e-18  1.63033e-18
      100  1.65143e-18  1.65143e-18
     1000    1.654e-18    1.654e-18
    10000  1.65426e-18  1.65426e-18
    O-O  1.65487e-18  1.65487e-18

   Temperature = 800 K

   P(atm) REACS->PRODS      REACS->
        1  2.25825e-14  2.25825e-14
       10  2.58398e-14  2.58398e-14
      100  2.66272e-14  2.66272e-14
     1000  2.67395e-14  2.67395e-14
    10000  2.67517e-14  2.67517e-14
    O-O  2.67652e-14  2.67652e-14

   Temperature = 900 K

   P(atm) REACS->PRODS      REACS->
        1  3.87191e-11  3.87191e-11
       10  4.79959e-11  4.79959e-11
      100  5.09232e-11  5.09232e-11
     1000  5.14282e-11  5.14282e-11
    10000  5.14875e-11  5.14875e-11
    O-O  5.15211e-11  5.15211e-11

   Temperature = 1000 K

   P(atm) REACS->PRODS      REACS->
        1  1.44248e-08  1.44248e-08
       10  1.96155e-08  1.96155e-08
      100    2.172e-08    2.172e-08
     1000  2.21665e-08  2.21665e-08
    10000  2.22248e-08  2.22248e-08
    O-O  2.22451e-08  2.22451e-08

   Temperature = 1100 K

   P(atm) REACS->PRODS      REACS->
        1  1.75647e-06  1.75647e-06
       10  2.63814e-06  2.63814e-06
      100  3.08844e-06  3.08844e-06
     1000  3.20635e-06  3.20635e-06
    10000   3.2239e-06   3.2239e-06
    O-O   3.2281e-06   3.2281e-06

   Temperature = 1200 K

   P(atm) REACS->PRODS      REACS->
        1  9.20054e-05  9.20054e-05
       10  0.000152967  0.000152967
      100  0.000191401  0.000191401
     1000  0.000203764  0.000203764
    10000  0.000205897  0.000205897
    O-O  0.000206313  0.000206313

   Temperature = 1300 K

   P(atm) REACS->PRODS      REACS->
        1   0.00251178   0.00251178
       10   0.00461792   0.00461792
      100   0.00622602   0.00622602
     1000   0.00685585   0.00685585
    10000   0.00698297   0.00698297
    O-O    0.0070058    0.0070058

   Temperature = 1400 K

   P(atm) REACS->PRODS      REACS->
        1    0.0410389    0.0410389
       10     0.083175     0.083175
      100     0.121464     0.121464
     1000     0.139524     0.139524
    10000     0.143807     0.143807
    O-O     0.144574     0.144574

   Temperature = 1500 K

   P(atm) REACS->PRODS      REACS->
        1     0.444413     0.444413
       10     0.988681     0.988681
      100      1.56819      1.56819
     1000       1.8936       1.8936
    10000      1.98424      1.98424
    O-O      2.00128      2.00128

   Temperature = 1600 K

   P(atm) REACS->PRODS      REACS->
        1      3.44534      3.44534
       10      8.37254      8.37254
      100       14.435       14.435
     1000      18.4413      18.4413
    10000      19.7485      19.7485
    O-O      20.0149      20.0149

   Temperature = 1700 K

   P(atm) REACS->PRODS      REACS->
        1      20.2865      20.2865
       10      53.5799      53.5799
      100      100.342      100.342
     1000      136.313      136.313
    10000      149.996      149.996
    O-O      153.082      153.082

   Temperature = 1800 K

   P(atm) REACS->PRODS      REACS->
        1      95.0111      95.0111
       10      271.378      271.378
      100      551.114      551.114
     1000      799.038      799.038
    10000      908.366      908.366
    O-O      935.994      935.994

   Temperature = 1900 K

   P(atm) REACS->PRODS      REACS->
        1      367.117      367.117
       10      1128.63      1128.63
      100      2479.53      2479.53
     1000      3845.99      3845.99
    10000      4540.18      4540.18
    O-O      4738.33      4738.33

   Temperature = 2000 K

   P(atm) REACS->PRODS      REACS->
        1      1205.22      1205.22
       10      3969.91      3969.91
      100      9408.99      9408.99
     1000      15633.8      15633.8
    10000      19253.7      19253.7
    O-O      20425.8      20425.8

   Temperature = 2100 K

   P(atm) REACS->PRODS      REACS->
        1      3442.27      3442.27
       10      12097.4      12097.4
      100        30839        30839
     1000      54915.5      54915.5
    10000        70842        70842
    O-O      76706.3      76706.3

   Temperature = 2200 K

   P(atm) REACS->PRODS      REACS->
        1      8721.55      8721.55
       10        32575        32575
      100      89043.2      89043.2
     1000       169884       169884
    10000       230338       230338
    O-O       255673       255673

   Temperature = 2300 K

   P(atm) REACS->PRODS      REACS->
        1      19921.4      19921.4
       10        78789        78789
      100       230224       230224
     1000       470235       470235
    10000       671946       671946
    O-O       768148       768148

   Temperature = 2400 K

   P(atm) REACS->PRODS      REACS->
        1      41581.1      41581.1
       10       173538       173538
      100       540404       540404
     1000  1.18025e+06  1.18025e+06
    10000  1.78122e+06  1.78122e+06
    O-O  2.10721e+06  2.10721e+06

   Temperature = 2500 K

   P(atm) REACS->PRODS      REACS->
        1      80220.2      80220.2
       10       352130       352130
      100  1.16506e+06  1.16506e+06
     1000   2.7167e+06   2.7167e+06
    10000  4.33694e+06  4.33694e+06
    O-O  5.33557e+06  5.33557e+06

   Temperature = 300 K

   P(atm) PRODS->REACS      PRODS->
        1  1.13805e-08  1.13805e-08
       10  1.13856e-08  1.13856e-08
      100  1.13861e-08  1.13861e-08
     1000  1.13861e-08  1.13861e-08
    10000  1.13861e-08  1.13861e-08
    O-O  1.13877e-08  1.13877e-08

   Temperature = 400 K

   P(atm) PRODS->REACS      PRODS->
        1  2.24561e-09  2.24561e-09
       10   2.2515e-09   2.2515e-09
      100  2.25212e-09  2.25212e-09
     1000  2.25218e-09  2.25218e-09
    10000  2.25219e-09  2.25219e-09
    O-O  2.25282e-09  2.25282e-09

   Temperature = 500 K

   P(atm) PRODS->REACS      PRODS->
        1  9.03846e-10  9.03846e-10
       10  9.13658e-10  9.13658e-10
      100   9.1481e-10   9.1481e-10
     1000  9.14928e-10  9.14928e-10
    10000   9.1494e-10   9.1494e-10
    O-O  9.15275e-10  9.15275e-10

   Temperature = 600 K

   P(atm) PRODS->REACS      PRODS->
        1  5.08071e-10  5.08071e-10
       10  5.24627e-10  5.24627e-10
      100  5.26998e-10  5.26998e-10
     1000  5.27256e-10  5.27256e-10
    10000  5.27282e-10  5.27282e-10
    O-O  5.27432e-10  5.27432e-10

   Temperature = 700 K

   P(atm) PRODS->REACS      PRODS->
        1   3.3769e-10   3.3769e-10
       10   3.6319e-10   3.6319e-10
      100  3.67891e-10  3.67891e-10
     1000  3.68463e-10  3.68463e-10
    10000  3.68522e-10  3.68522e-10
    O-O  3.68658e-10  3.68658e-10

   Temperature = 800 K

   P(atm) PRODS->REACS      PRODS->
        1  2.44208e-10  2.44208e-10
       10  2.79433e-10  2.79433e-10
      100  2.87948e-10  2.87948e-10
     1000  2.89162e-10  2.89162e-10
    10000  2.89294e-10  2.89294e-10
    O-O   2.8944e-10   2.8944e-10

   Temperature = 900 K

   P(atm) PRODS->REACS      PRODS->
        1  1.83977e-10  1.83977e-10
       10  2.28057e-10  2.28057e-10
      100  2.41966e-10  2.41966e-10
     1000  2.44366e-10  2.44366e-10
    10000  2.44648e-10  2.44648e-10
    O-O  2.44807e-10  2.44807e-10

   Temperature = 1000 K

   P(atm) PRODS->REACS      PRODS->
        1  1.41145e-10  1.41145e-10
       10  1.91935e-10  1.91935e-10
      100  2.12528e-10  2.12528e-10
     1000  2.16897e-10  2.16897e-10
    10000  2.17467e-10  2.17467e-10
    O-O  2.17666e-10  2.17666e-10

   Temperature = 1100 K

   P(atm) PRODS->REACS      PRODS->
        1  1.09033e-10  1.09033e-10
       10  1.63763e-10  1.63763e-10
      100  1.91715e-10  1.91715e-10
     1000  1.99034e-10  1.99034e-10
    10000  2.00123e-10  2.00123e-10
    O-O  2.00384e-10  2.00384e-10

   Temperature = 1200 K

   P(atm) PRODS->REACS      PRODS->
        1  8.43436e-11  8.43436e-11
       10  1.40229e-10  1.40229e-10
      100  1.75462e-10  1.75462e-10
     1000  1.86796e-10  1.86796e-10
    10000   1.8875e-10   1.8875e-10
    O-O  1.89132e-10  1.89132e-10

   Temperature = 1300 K

   P(atm) PRODS->REACS      PRODS->
        1  6.51835e-11  6.51835e-11
       10  1.19841e-10  1.19841e-10
      100  1.61573e-10  1.61573e-10
     1000  1.77917e-10  1.77917e-10
    10000  1.81216e-10  1.81216e-10
    O-O  1.81809e-10  1.81809e-10

   Temperature = 1400 K

   P(atm) PRODS->REACS      PRODS->
        1  5.02943e-11  5.02943e-11
       10  1.01933e-10  1.01933e-10
      100  1.48857e-10  1.48857e-10
     1000  1.70991e-10  1.70991e-10
    10000  1.76239e-10  1.76239e-10
    O-O  1.77179e-10  1.77179e-10

   Temperature = 1500 K

   P(atm) PRODS->REACS      PRODS->
        1  3.87445e-11  3.87445e-11
       10  8.61945e-11  8.61945e-11
      100  1.36717e-10  1.36717e-10
     1000  1.65086e-10  1.65086e-10
    10000  1.72989e-10  1.72989e-10
    O-O  1.74474e-10  1.74474e-10

   Temperature = 1600 K

   P(atm) PRODS->REACS      PRODS->
        1  2.98136e-11  2.98136e-11
       10  7.24504e-11  7.24504e-11
      100  1.24911e-10  1.24911e-10
     1000  1.59579e-10  1.59579e-10
    10000   1.7089e-10   1.7089e-10
    O-O  1.73195e-10  1.73195e-10

   Temperature = 1700 K

   P(atm) PRODS->REACS      PRODS->
        1  2.29265e-11  2.29265e-11
       10  6.05526e-11  6.05526e-11
      100  1.13401e-10  1.13401e-10
     1000  1.54053e-10  1.54053e-10
    10000  1.69517e-10  1.69517e-10
    O-O  1.73004e-10  1.73004e-10

   Temperature = 1800 K

   P(atm) PRODS->REACS      PRODS->
        1  1.76282e-11  1.76282e-11
       10  5.03512e-11  5.03512e-11
      100  1.02253e-10  1.02253e-10
     1000  1.48253e-10  1.48253e-10
    10000  1.68537e-10  1.68537e-10
    O-O  1.73663e-10  1.73663e-10

   Temperature = 1900 K

   P(atm) PRODS->REACS      PRODS->
        1   1.3559e-11   1.3559e-11
       10  4.16845e-11  4.16845e-11
      100  9.15788e-11  9.15788e-11
     1000  1.42047e-10  1.42047e-10
    10000  1.67686e-10  1.67686e-10
    O-O  1.75005e-10  1.75005e-10

   Temperature = 2000 K

   P(atm) PRODS->REACS      PRODS->
        1   1.0438e-11   1.0438e-11
       10  3.43823e-11  3.43823e-11
      100  8.14887e-11  8.14887e-11
     1000    1.354e-10    1.354e-10
    10000  1.66751e-10  1.66751e-10
    O-O  1.76903e-10  1.76903e-10

   Temperature = 2100 K

   P(atm) PRODS->REACS      PRODS->
        1  8.04452e-12  8.04452e-12
       10  2.82717e-11  2.82717e-11
      100  7.20711e-11  7.20711e-11
     1000  1.28338e-10  1.28338e-10
    10000  1.65559e-10  1.65559e-10
    O-O  1.79264e-10  1.79264e-10

   Temperature = 2200 K

   P(atm) PRODS->REACS      PRODS->
        1  6.20873e-12  6.20873e-12
       10  2.31902e-11  2.31902e-11
      100  6.33906e-11  6.33906e-11
     1000  1.20942e-10  1.20942e-10
    10000   1.6398e-10   1.6398e-10
    O-O  1.82016e-10  1.82016e-10

   Temperature = 2300 K

   P(atm) PRODS->REACS      PRODS->
        1  4.80013e-12  4.80013e-12
       10  1.89855e-11  1.89855e-11
      100  5.54775e-11  5.54775e-11
     1000  1.13314e-10  1.13314e-10
    10000  1.61921e-10  1.61921e-10
    O-O  1.85103e-10  1.85103e-10

   Temperature = 2400 K

   P(atm) PRODS->REACS      PRODS->
        1  3.71855e-12  3.71855e-12
       10  1.55213e-11  1.55213e-11
      100  4.83362e-11  4.83362e-11
     1000  1.05568e-10  1.05568e-10
    10000  1.59323e-10  1.59323e-10
    O-O  1.88482e-10  1.88482e-10

   Temperature = 2500 K

   P(atm) PRODS->REACS      PRODS->
        1  2.88728e-12  2.88728e-12
       10  1.26771e-11  1.26771e-11
      100  4.19483e-11  4.19483e-11
     1000  9.78188e-11  9.78188e-11
    10000  1.56159e-10  1.56159e-10
    O-O  1.92116e-10  1.92116e-10

______________________________________________________________________________________

Temperature-Species Rate Tables:

   Pressure = 1 atm

   T(K) REACS->PRODS      REACS->      Capture
    300  8.20346e-63  8.20346e-63  8.20863e-63
    400  1.58312e-43  1.58312e-43   1.5882e-43
    500  6.74966e-32  6.74966e-32  6.83501e-32
    600  4.09181e-24  4.09181e-24  4.24775e-24
    700  1.51586e-18  1.51586e-18  1.65487e-18
    800  2.25825e-14  2.25825e-14  2.67652e-14
    900  3.87191e-11  3.87191e-11  5.15211e-11
   1000  1.44248e-08  1.44248e-08  2.22451e-08
   1100  1.75647e-06  1.75647e-06   3.2281e-06
   1200  9.20054e-05  9.20054e-05  0.000206313
   1300   0.00251178   0.00251178    0.0070058
   1400    0.0410389    0.0410389     0.144574
   1500     0.444413     0.444413      2.00128
   1600      3.44534      3.44534      20.0149
   1700      20.2865      20.2865      153.082
   1800      95.0111      95.0111      935.994
   1900      367.117      367.117      4738.33
   2000      1205.22      1205.22      20425.8
   2100      3442.27      3442.27      76706.3
   2200      8721.55      8721.55       255673
   2300      19921.4      19921.4       768148
   2400      41581.1      41581.1  2.10721e+06
   2500      80220.2      80220.2  5.33557e+06

   Pressure = 10 atm

   T(K) REACS->PRODS      REACS->      Capture
    300  8.20711e-63  8.20711e-63  8.20863e-63
    400  1.58727e-43  1.58727e-43   1.5882e-43
    500  6.82294e-32  6.82294e-32  6.83501e-32
    600  4.22515e-24  4.22515e-24  4.24775e-24
    700  1.63033e-18  1.63033e-18  1.65487e-18
    800  2.58398e-14  2.58398e-14  2.67652e-14
    900  4.79959e-11  4.79959e-11  5.15211e-11
   1000  1.96155e-08  1.96155e-08  2.22451e-08
   1100  2.63814e-06  2.63814e-06   3.2281e-06
   1200  0.000152967  0.000152967  0.000206313
   1300   0.00461792   0.00461792    0.0070058
   1400     0.083175     0.083175     0.144574
   1500     0.988681     0.988681      2.00128
   1600      8.37254      8.37254      20.0149
   1700      53.5799      53.5799      153.082
   1800      271.378      271.378      935.994
   1900      1128.63      1128.63      4738.33
   2000      3969.91      3969.91      20425.8
   2100      12097.4      12097.4      76706.3
   2200        32575        32575       255673
   2300        78789        78789       768148
   2400       173538       173538  2.10721e+06
   2500       352130       352130  5.33557e+06

   Pressure = 100 atm

   T(K) REACS->PRODS      REACS->      Capture
    300  8.20747e-63  8.20747e-63  8.20863e-63
    400  1.58771e-43  1.58771e-43   1.5882e-43
    500  6.83154e-32  6.83154e-32  6.83501e-32
    600  4.24425e-24  4.24425e-24  4.24775e-24
    700  1.65143e-18  1.65143e-18  1.65487e-18
    800  2.66272e-14  2.66272e-14  2.67652e-14
    900  5.09232e-11  5.09232e-11  5.15211e-11
   1000    2.172e-08    2.172e-08  2.22451e-08
   1100  3.08844e-06  3.08844e-06   3.2281e-06
   1200  0.000191401  0.000191401  0.000206313
   1300   0.00622602   0.00622602    0.0070058
   1400     0.121464     0.121464     0.144574
   1500      1.56819      1.56819      2.00128
   1600       14.435       14.435      20.0149
   1700      100.342      100.342      153.082
   1800      551.114      551.114      935.994
   1900      2479.53      2479.53      4738.33
   2000      9408.99      9408.99      20425.8
   2100        30839        30839      76706.3
   2200      89043.2      89043.2       255673
   2300       230224       230224       768148
   2400       540404       540404  2.10721e+06
   2500  1.16506e+06  1.16506e+06  5.33557e+06

   Pressure = 1000 atm

   T(K) REACS->PRODS      REACS->      Capture
    300  8.20751e-63  8.20751e-63  8.20863e-63
    400  1.58775e-43  1.58775e-43   1.5882e-43
    500  6.83242e-32  6.83242e-32  6.83501e-32
    600  4.24633e-24  4.24633e-24  4.24775e-24
    700    1.654e-18    1.654e-18  1.65487e-18
    800  2.67395e-14  2.67395e-14  2.67652e-14
    900  5.14282e-11  5.14282e-11  5.15211e-11
   1000  2.21665e-08  2.21665e-08  2.22451e-08
   1100  3.20635e-06  3.20635e-06   3.2281e-06
   1200  0.000203764  0.000203764  0.000206313
   1300   0.00685585   0.00685585    0.0070058
   1400     0.139524     0.139524     0.144574
   1500       1.8936       1.8936      2.00128
   1600      18.4413      18.4413      20.0149
   1700      136.313      136.313      153.082
   1800      799.038      799.038      935.994
   1900      3845.99      3845.99      4738.33
   2000      15633.8      15633.8      20425.8
   2100      54915.5      54915.5      76706.3
   2200       169884       169884       255673
   2300       470235       470235       768148
   2400  1.18025e+06  1.18025e+06  2.10721e+06
   2500   2.7167e+06   2.7167e+06  5.33557e+06

   Pressure = 10000 atm

   T(K) REACS->PRODS      REACS->      Capture
    300  8.20751e-63  8.20751e-63  8.20863e-63
    400  1.58775e-43  1.58775e-43   1.5882e-43
    500  6.83251e-32  6.83251e-32  6.83501e-32
    600  4.24654e-24  4.24654e-24  4.24775e-24
    700  1.65426e-18  1.65426e-18  1.65487e-18
    800  2.67517e-14  2.67517e-14  2.67652e-14
    900  5.14875e-11  5.14875e-11  5.15211e-11
   1000  2.22248e-08  2.22248e-08  2.22451e-08
   1100   3.2239e-06   3.2239e-06   3.2281e-06
   1200  0.000205897  0.000205897  0.000206313
   1300   0.00698297   0.00698297    0.0070058
   1400     0.143807     0.143807     0.144574
   1500      1.98424      1.98424      2.00128
   1600      19.7485      19.7485      20.0149
   1700      149.996      149.996      153.082
   1800      908.366      908.366      935.994
   1900      4540.18      4540.18      4738.33
   2000      19253.7      19253.7      20425.8
   2100        70842        70842      76706.3
   2200       230338       230338       255673
   2300       671946       671946       768148
   2400  1.78122e+06  1.78122e+06  2.10721e+06
   2500  4.33694e+06  4.33694e+06  5.33557e+06

   Pressure = 1 atm

   T(K) PRODS->REACS      PRODS->      Capture
    300  1.13805e-08  1.13805e-08  1.13877e-08
    400  2.24561e-09  2.24561e-09  2.25282e-09
    500  9.03846e-10  9.03846e-10  9.15275e-10
    600  5.08071e-10  5.08071e-10  5.27432e-10
    700   3.3769e-10   3.3769e-10  3.68658e-10
    800  2.44208e-10  2.44208e-10   2.8944e-10
    900  1.83977e-10  1.83977e-10  2.44807e-10
   1000  1.41145e-10  1.41145e-10  2.17666e-10
   1100  1.09033e-10  1.09033e-10  2.00384e-10
   1200  8.43436e-11  8.43436e-11  1.89132e-10
   1300  6.51835e-11  6.51835e-11  1.81809e-10
   1400  5.02943e-11  5.02943e-11  1.77179e-10
   1500  3.87445e-11  3.87445e-11  1.74474e-10
   1600  2.98136e-11  2.98136e-11  1.73195e-10
   1700  2.29265e-11  2.29265e-11  1.73004e-10
   1800  1.76282e-11  1.76282e-11  1.73663e-10
   1900   1.3559e-11   1.3559e-11  1.75005e-10
   2000   1.0438e-11   1.0438e-11  1.76903e-10
   2100  8.04452e-12  8.04452e-12  1.79264e-10
   2200  6.20873e-12  6.20873e-12  1.82016e-10
   2300  4.80013e-12  4.80013e-12  1.85103e-10
   2400  3.71855e-12  3.71855e-12  1.88482e-10
   2500  2.88728e-12  2.88728e-12  1.92116e-10

   Pressure = 10 atm

   T(K) PRODS->REACS      PRODS->      Capture
    300  1.13856e-08  1.13856e-08  1.13877e-08
    400   2.2515e-09   2.2515e-09  2.25282e-09
    500  9.13658e-10  9.13658e-10  9.15275e-10
    600  5.24627e-10  5.24627e-10  5.27432e-10
    700   3.6319e-10   3.6319e-10  3.68658e-10
    800  2.79433e-10  2.79433e-10   2.8944e-10
    900  2.28057e-10  2.28057e-10  2.44807e-10
   1000  1.91935e-10  1.91935e-10  2.17666e-10
   1100  1.63763e-10  1.63763e-10  2.00384e-10
   1200  1.40229e-10  1.40229e-10  1.89132e-10
   1300  1.19841e-10  1.19841e-10  1.81809e-10
   1400  1.01933e-10  1.01933e-10  1.77179e-10
   1500  8.61945e-11  8.61945e-11  1.74474e-10
   1600  7.24504e-11  7.24504e-11  1.73195e-10
   1700  6.05526e-11  6.05526e-11  1.73004e-10
   1800  5.03512e-11  5.03512e-11  1.73663e-10
   1900  4.16845e-11  4.16845e-11  1.75005e-10
   2000  3.43823e-11  3.43823e-11  1.76903e-10
   2100  2.82717e-11  2.82717e-11  1.79264e-10
   2200  2.31902e-11  2.31902e-11  1.82016e-10
   2300  1.89855e-11  1.89855e-11  1.85103e-10
   2400  1.55213e-11  1.55213e-11  1.88482e-10
   2500  1.26771e-11  1.26771e-11  1.92116e-10

   Pressure = 100 atm

   T(K) PRODS->REACS      PRODS->      Capture
    300  1.13861e-08  1.13861e-08  1.13877e-08
    400  2.25212e-09  2.25212e-09  2.25282e-09
    500   9.1481e-10   9.1481e-10  9.15275e-10
    600  5.26998e-10  5.26998e-10  5.27432e-10
    700  3.67891e-10  3.67891e-10  3.68658e-10
    800  2.87948e-10  2.87948e-10   2.8944e-10
    900  2.41966e-10  2.41966e-10  2.44807e-10
   1000  2.12528e-10  2.12528e-10  2.17666e-10
   1100  1.91715e-10  1.91715e-10  2.00384e-10
   1200  1.75462e-10  1.75462e-10  1.89132e-10
   1300  1.61573e-10  1.61573e-10  1.81809e-10
   1400  1.48857e-10  1.48857e-10  1.77179e-10
   1500  1.36717e-10  1.36717e-10  1.74474e-10
   1600  1.24911e-10  1.24911e-10  1.73195e-10
   1700  1.13401e-10  1.13401e-10  1.73004e-10
   1800  1.02253e-10  1.02253e-10  1.73663e-10
   1900  9.15788e-11  9.15788e-11  1.75005e-10
   2000  8.14887e-11  8.14887e-11  1.76903e-10
   2100  7.20711e-11  7.20711e-11  1.79264e-10
   2200  6.33906e-11  6.33906e-11  1.82016e-10
   2300  5.54775e-11  5.54775e-11  1.85103e-10
   2400  4.83362e-11  4.83362e-11  1.88482e-10
   2500  4.19483e-11  4.19483e-11  1.92116e-10

   Pressure = 1000 atm

   T(K) PRODS->REACS      PRODS->      Capture
    300  1.13861e-08  1.13861e-08  1.13877e-08
    400  2.25218e-09  2.25218e-09  2.25282e-09
    500  9.14928e-10  9.14928e-10  9.15275e-10
    600  5.27256e-10  5.27256e-10  5.27432e-10
    700  3.68463e-10  3.68463e-10  3.68658e-10
    800  2.89162e-10  2.89162e-10   2.8944e-10
    900  2.44366e-10  2.44366e-10  2.44807e-10
   1000  2.16897e-10  2.16897e-10  2.17666e-10
   1100  1.99034e-10  1.99034e-10  2.00384e-10
   1200  1.86796e-10  1.86796e-10  1.89132e-10
   1300  1.77917e-10  1.77917e-10  1.81809e-10
   1400  1.70991e-10  1.70991e-10  1.77179e-10
   1500  1.65086e-10  1.65086e-10  1.74474e-10
   1600  1.59579e-10  1.59579e-10  1.73195e-10
   1700  1.54053e-10  1.54053e-10  1.73004e-10
   1800  1.48253e-10  1.48253e-10  1.73663e-10
   1900  1.42047e-10  1.42047e-10  1.75005e-10
   2000    1.354e-10    1.354e-10  1.76903e-10
   2100  1.28338e-10  1.28338e-10  1.79264e-10
   2200  1.20942e-10  1.20942e-10  1.82016e-10
   2300  1.13314e-10  1.13314e-10  1.85103e-10
   2400  1.05568e-10  1.05568e-10  1.88482e-10
   2500  9.78188e-11  9.78188e-11  1.92116e-10

   Pressure = 10000 atm

   T(K) PRODS->REACS      PRODS->      Capture
    300  1.13861e-08  1.13861e-08  1.13877e-08
    400  2.25219e-09  2.25219e-09  2.25282e-09
    500   9.1494e-10   9.1494e-10  9.15275e-10
    600  5.27282e-10  5.27282e-10  5.27432e-10
    700  3.68522e-10  3.68522e-10  3.68658e-10
    800  2.89294e-10  2.89294e-10   2.8944e-10
    900  2.44648e-10  2.44648e-10  2.44807e-10
   1000  2.17467e-10  2.17467e-10  2.17666e-10
   1100  2.00123e-10  2.00123e-10  2.00384e-10
   1200   1.8875e-10   1.8875e-10  1.89132e-10
   1300  1.81216e-10  1.81216e-10  1.81809e-10
   1400  1.76239e-10  1.76239e-10  1.77179e-10
   1500  1.72989e-10  1.72989e-10  1.74474e-10
   1600   1.7089e-10   1.7089e-10  1.73195e-10
   1700  1.69517e-10  1.69517e-10  1.73004e-10
   1800  1.68537e-10  1.68537e-10  1.73663e-10
   1900  1.67686e-10  1.67686e-10  1.75005e-10
   2000  1.66751e-10  1.66751e-10  1.76903e-10
   2100  1.65559e-10  1.65559e-10  1.79264e-10
   2200   1.6398e-10   1.6398e-10  1.82016e-10
   2300  1.61921e-10  1.61921e-10  1.85103e-10
   2400  1.59323e-10  1.59323e-10  1.88482e-10
   2500  1.56159e-10  1.56159e-10  1.92116e-10

______________________________________________________________________________________

Temperature-Pressure Rate Tables:

REACS->PRODS

P\T              300          400          500          600          700          800          900         1000         1100         1200         1300         1400         1500         1600         1700         1800         1900         2000         2100         2200         2300         2400         2500
1        8.20346e-63  1.58312e-43  6.74966e-32  4.09181e-24  1.51586e-18  2.25825e-14  3.87191e-11  1.44248e-08  1.75647e-06  9.20054e-05   0.00251178    0.0410389     0.444413      3.44534      20.2865      95.0111      367.117      1205.22      3442.27      8721.55      19921.4      41581.1      80220.2
10       8.20711e-63  1.58727e-43  6.82294e-32  4.22515e-24  1.63033e-18  2.58398e-14  4.79959e-11  1.96155e-08  2.63814e-06  0.000152967   0.00461792     0.083175     0.988681      8.37254      53.5799      271.378      1128.63      3969.91      12097.4        32575        78789       173538       352130
100      8.20747e-63  1.58771e-43  6.83154e-32  4.24425e-24  1.65143e-18  2.66272e-14  5.09232e-11    2.172e-08  3.08844e-06  0.000191401   0.00622602     0.121464      1.56819       14.435      100.342      551.114      2479.53      9408.99        30839      89043.2       230224       540404  1.16506e+06
1000     8.20751e-63  1.58775e-43  6.83242e-32  4.24633e-24    1.654e-18  2.67395e-14  5.14282e-11  2.21665e-08  3.20635e-06  0.000203764   0.00685585     0.139524       1.8936      18.4413      136.313      799.038      3845.99      15633.8      54915.5       169884       470235  1.18025e+06   2.7167e+06
10000    8.20751e-63  1.58775e-43  6.83251e-32  4.24654e-24  1.65426e-18  2.67517e-14  5.14875e-11  2.22248e-08   3.2239e-06  0.000205897   0.00698297     0.143807      1.98424      19.7485      149.996      908.366      4540.18      19253.7        70842       230338       671946  1.78122e+06  4.33694e+06
O-O      8.20863e-63   1.5882e-43  6.83501e-32  4.24775e-24  1.65487e-18  2.67652e-14  5.15211e-11  2.22451e-08   3.2281e-06  0.000206313    0.0070058     0.144574      2.00128      20.0149      153.082      935.994      4738.33      20425.8      76706.3       255673       768148  2.10721e+06  5.33557e+06

PRODS->REACS

P\T              300          400          500          600          700          800          900         1000         1100         1200         1300         1400         1500         1600         1700         1800         1900         2000         2100         2200         2300         2400         2500
1        1.13805e-08  2.24561e-09  9.03846e-10  5.08071e-10   3.3769e-10  2.44208e-10  1.83977e-10  1.41145e-10  1.09033e-10  8.43436e-11  6.51835e-11  5.02943e-11  3.87445e-11  2.98136e-11  2.29265e-11  1.76282e-11   1.3559e-11   1.0438e-11  8.04452e-12  6.20873e-12  4.80013e-12  3.71855e-12  2.88728e-12
10       1.13856e-08   2.2515e-09  9.13658e-10  5.24627e-10   3.6319e-10  2.79433e-10  2.28057e-10  1.91935e-10  1.63763e-10  1.40229e-10  1.19841e-10  1.01933e-10  8.61945e-11  7.24504e-11  6.05526e-11  5.03512e-11  4.16845e-11  3.43823e-11  2.82717e-11  2.31902e-11  1.89855e-11  1.55213e-11  1.26771e-11
100      1.13861e-08  2.25212e-09   9.1481e-10  5.26998e-10  3.67891e-10  2.87948e-10  2.41966e-10  2.12528e-10  1.91715e-10  1.75462e-10  1.61573e-10  1.48857e-10  1.36717e-10  1.24911e-10  1.13401e-10  1.02253e-10  9.15788e-11  8.14887e-11  7.20711e-11  6.33906e-11  5.54775e-11  4.83362e-11  4.19483e-11
1000     1.13861e-08  2.25218e-09  9.14928e-10  5.27256e-10  3.68463e-10  2.89162e-10  2.44366e-10  2.16897e-10  1.99034e-10  1.86796e-10  1.77917e-10  1.70991e-10  1.65086e-10  1.59579e-10  1.54053e-10  1.48253e-10  1.42047e-10    1.354e-10  1.28338e-10  1.20942e-10  1.13314e-10  1.05568e-10  9.78188e-11
10000    1.13861e-08  2.25219e-09   9.1494e-10  5.27282e-10  3.68522e-10  2.89294e-10  2.44648e-10  2.17467e-10  2.00123e-10   1.8875e-10  1.81216e-10  1.76239e-10  1.72989e-10   1.7089e-10  1.69517e-10  1.68537e-10  1.67686e-10  1.66751e-10  1.65559e-10   1.6398e-10  1.61921e-10  1.59323e-10  1.56159e-10
O-O      1.13877e-08  2.25282e-09  9.15275e-10  5.27432e-10  3.68658e-10   2.8944e-10  2.44807e-10  2.17666e-10  2.00384e-10  1.89132e-10  1.81809e-10  1.77179e-10  1.74474e-10  1.73195e-10  1.73004e-10  1.73663e-10  1.75005e-10  1.76903e-10  1.79264e-10  1.82016e-10  1.85103e-10  1.88482e-10  1.92116e-10

REACS-> 

P\T              300          400          500          600          700          800          900         1000         1100         1200         1300         1400         1500         1600         1700         1800         1900         2000         2100         2200         2300         2400         2500
1        8.20346e-63  1.58312e-43  6.74966e-32  4.09181e-24  1.51586e-18  2.25825e-14  3.87191e-11  1.44248e-08  1.75647e-06  9.20054e-05   0.00251178    0.0410389     0.444413      3.44534      20.2865      95.0111      367.117      1205.22      3442.27      8721.55      19921.4      41581.1      80220.2
10       8.20711e-63  1.58727e-43  6.82294e-32  4.22515e-24  1.63033e-18  2.58398e-14  4.79959e-11  1.96155e-08  2.63814e-06  0.000152967   0.00461792     0.083175     0.988681      8.37254      53.5799      271.378      1128.63      3969.91      12097.4        32575        78789       173538       352130
100      8.20747e-63  1.58771e-43  6.83154e-32  4.24425e-24  1.65143e-18  2.66272e-14  5.09232e-11    2.172e-08  3.08844e-06  0.000191401   0.00622602     0.121464      1.56819       14.435      100.342      551.114      2479.53      9408.99        30839      89043.2       230224       540404  1.16506e+06
1000     8.20751e-63  1.58775e-43  6.83242e-32  4.24633e-24    1.654e-18  2.67395e-14  5.14282e-11  2.21665e-08  3.20635e-06  0.000203764   0.00685585     0.139524       1.8936      18.4413      136.313      799.038      3845.99      15633.8      54915.5       169884       470235  1.18025e+06   2.7167e+06
10000    8.20751e-63  1.58775e-43  6.83251e-32  4.24654e-24  1.65426e-18  2.67517e-14  5.14875e-11  2.22248e-08   3.2239e-06  0.000205897   0.00698297     0.143807      1.98424      19.7485      149.996      908.366      4540.18      19253.7        70842       230338       671946  1.78122e+06  4.33694e+06
O-O      8.20863e-63   1.5882e-43  6.83501e-32  4.24775e-24  1.65487e-18  2.67652e-14  5.15211e-11  2.22451e-08   3.2281e-06  0.000206313    0.0070058     0.144574      2.00128      20.0149      153.082      935.994      4738.33      20425.8      76706.3       255673       768148  2.10721e+06  5.33557e+06

PRODS-> 

P\T              300          400          500          600          700          800          900         1000         1100         1200         1300         1400         1500         1600         1700         1800         1900         2000         2100         2200         2300         2400         2500
1        1.13805e-08  2.24561e-09  9.03846e-10  5.08071e-10   3.3769e-10  2.44208e-10  1.83977e-10  1.41145e-10  1.09033e-10  8.43436e-11  6.51835e-11  5.02943e-11  3.87445e-11  2.98136e-11  2.29265e-11  1.76282e-11   1.3559e-11   1.0438e-11  8.04452e-12  6.20873e-12  4.80013e-12  3.71855e-12  2.88728e-12
10       1.13856e-08   2.2515e-09  9.13658e-10  5.24627e-10   3.6319e-10  2.79433e-10  2.28057e-10  1.91935e-10  1.63763e-10  1.40229e-10  1.19841e-10  1.01933e-10  8.61945e-11  7.24504e-11  6.05526e-11  5.03512e-11  4.16845e-11  3.43823e-11  2.82717e-11  2.31902e-11  1.89855e-11  1.55213e-11  1.26771e-11
100      1.13861e-08  2.25212e-09   9.1481e-10  5.26998e-10  3.67891e-10  2.87948e-10  2.41966e-10  2.12528e-10  1.91715e-10  1.75462e-10  1.61573e-10  1.48857e-10  1.36717e-10  1.24911e-10  1.13401e-10  1.02253e-10  9.15788e-11  8.14887e-11  7.20711e-11  6.33906e-11  5.54775e-11  4.83362e-11  4.19483e-11
1000     1.13861e-08  2.25218e-09  9.14928e-10  5.27256e-10  3.68463e-10  2.89162e-10  2.44366e-10  2.16897e-10  1.99034e-10  1.86796e-10  1.77917e-10  1.70991e-10  1.65086e-10  1.59579e-10  1.54053e-10  1.48253e-10  1.42047e-10    1.354e-10  1.28338e-10  1.20942e-10  1.13314e-10  1.05568e-10  9.78188e-11
10000    1.13861e-08  2.25219e-09   9.1494e-10  5.27282e-10  3.68522e-10  2.89294e-10  2.44648e-10  2.17467e-10  2.00123e-10   1.8875e-10  1.81216e-10  1.76239e-10  1.72989e-10   1.7089e-10  1.69517e-10  1.68537e-10  1.67686e-10  1.66751e-10  1.65559e-10   1.6398e-10  1.61921e-10  1.59323e-10  1.56159e-10
O-O      1.13877e-08  2.25282e-09  9.15275e-10  5.27432e-10  3.68658e-10   2.8944e-10  2.44807e-10  2.17666e-10  2.00384e-10  1.89132e-10  1.81809e-10  1.77179e-10  1.74474e-10  1.73195e-10  1.73004e-10  1.73663e-10  1.75005e-10  1.76903e-10  1.79264e-10  1.82016e-10  1.85103e-10  1.88482e-10  1.92116e-10

