SURFACE INDEX = 0

pivot points for 1-th fragment:

x =  0.00 y =  0.00 z =  0.00

pivot points for 2-th fragment:

x =  0.00 y =  0.00 z =  0.00

distances between pivot points:

r[1,1] = 20.00   

independent variables:

r = 20.00 


SURFACE INDEX = 1

pivot points for 1-th fragment:

x =  0.00 y =  0.00 z =  0.00

pivot points for 2-th fragment:

x =  0.00 y =  0.00 z =  0.00

distances between pivot points:

r[1,1] = 17.00   

independent variables:

r = 17.00 


SURFACE INDEX = 2

pivot points for 1-th fragment:

x =  0.00 y =  0.00 z =  0.00

pivot points for 2-th fragment:

x =  0.00 y =  0.00 z =  0.00

distances between pivot points:

r[1,1] = 15.50   

independent variables:

r = 15.50 


SURFACE INDEX = 3

pivot points for 1-th fragment:

x =  0.00 y =  0.00 z =  0.00

pivot points for 2-th fragment:

x =  0.00 y =  0.00 z =  0.00

distances between pivot points:

r[1,1] = 14.20   

independent variables:

r = 14.20 


SURFACE INDEX = 4

pivot points for 1-th fragment:

x =  0.00 y =  0.00 z =  0.00

pivot points for 2-th fragment:

x =  0.00 y =  0.00 z =  0.00

distances between pivot points:

r[1,1] = 13.00   

independent variables:

r = 13.00 


SURFACE INDEX = 5

pivot points for 1-th fragment:

x =  0.00 y =  0.00 z =  0.00

pivot points for 2-th fragment:

x =  0.00 y =  0.00 z =  0.00

distances between pivot points:

r[1,1] = 12.10   

independent variables:

r = 12.10 


SURFACE INDEX = 6

pivot points for 1-th fragment:

x =  0.00 y =  0.00 z =  0.00

pivot points for 2-th fragment:

x =  0.00 y =  0.00 z =  0.00

distances between pivot points:

r[1,1] = 11.30   

independent variables:

r = 11.30 


SURFACE INDEX = 7

pivot points for 1-th fragment:

x =  0.00 y =  0.00 z =  0.00

pivot points for 2-th fragment:

x =  0.00 y =  0.00 z =  0.00

distances between pivot points:

r[1,1] = 10.60   

independent variables:

r = 10.60 


SURFACE INDEX = 8

pivot points for 1-th fragment:

x =  0.00 y =  0.00 z =  0.00

pivot points for 2-th fragment:

x =  0.00 y =  0.00 z =  0.00

distances between pivot points:

r[1,1] = 10.00   

independent variables:

r = 10.00 


SURFACE INDEX = 9

pivot points for 1-th fragment:

x =  0.00 y =  0.00 z =  0.00

pivot points for 2-th fragment:

x =  0.00 y =  0.00 z =  0.00

distances between pivot points:

r[1,1] =  9.50   

independent variables:

r = 9.50 


SURFACE INDEX = 10

pivot points for 1-th fragment:

x =  0.00 y =  0.00 z =  0.00

pivot points for 2-th fragment:

x =  0.00 y =  0.00 z =  0.00

distances between pivot points:

r[1,1] =  8.50   

independent variables:

r = 8.50 


SURFACE INDEX = 11

pivot points for 1-th fragment:

x =  0.00 y =  0.00 z =  0.00

pivot points for 2-th fragment:

x =  0.00 y =  0.00 z =  0.00

distances between pivot points:

r[1,1] =  8.00   

independent variables:

r = 8.00 


SURFACE INDEX = 12

pivot points for 1-th fragment:

x =  0.00 y =  0.00 z =  0.00

pivot points for 2-th fragment:

x =  0.00 y =  0.00 z =  0.00

distances between pivot points:

r[1,1] =  7.50   

independent variables:

r = 7.50 


