  comline test um062x/6-311+g(d,p)  opt=internal                                     int=ultrafine nosym guess(mix,always)                                
 entering ts_zmat
 finished ts_zmat
 entering g09fopt
 finished g09pot
   2.3999999999999999       -79.687710111599998     
 grid optimized z-matrix
  c1                                                         
  c2  c1 rcc1                                                
  h3  c2 rcc2 c1 accc1                                       
  h4  c2 rcc3 c1 ahcc1 h3 b1                                 
  h41 c2 rcc4 c1 ahcc5 h3 b5                                 
  h5  c1 rch1 c2 ahcc2 h3 b2                                 
  h6  c1 rch2 c2 ahcc3 h5 b3                                 
  h7  c1 rch3 c2 ahcc4 h5 b4                                 
 RCC2                             1.0822000000000001     
 RCC3                             1.0822000000000001     
 RCC4                             1.0822000000000001     
 RCH1                             1.0822000000000001     
 RCH2                             1.0822000000000001     
 RCH3                             1.0822000000000001     
 ACCC1                            101.60090000000000     
 AHCC1                            101.60590000000001     
 AHCC2                            101.60590000000001     
 AHCC3                            101.60090000000000     
 AHCC4                            101.60590000000001     
 AHCC5                            101.60590000000001     
 B1                               119.99840000000000     
 B5                              -119.99840000000000     
 B3                               119.99830000000000     
 B4                              -120.00330000000000     
 B2                               60.001300000000001     
 RCC1                             2.3999999999999999     
